2847 0.109044
2848 0.099218
2849 0.091099
2850 0.084809
2851 0.081481
2852 0.077593
2853 0.075806
3160 0.076413
3161 0.075139
3294 0.082322
3482 0.089867
3483 0.093596
3691 0.102500
3792 0.104750
3808 0.108814
3833 0.110846
3935 0.116532
3939 0.125813
3943 0.128129
3946 0.131345
4473 0.130288
4564 0.132984
4656 0.129158
4662 0.126750
4696 0.124628
4727 0.126247
4749 0.125678
4873 0.125263
4925 0.128040
4926 0.126838
4927 0.124607
4928 0.122940
4929 0.119825
4954 0.120734
4955 0.112749
4966 0.106130
4967 0.103455
4968 0.095486
4969 0.093562
4970 0.090683
4971 0.090147
4972 0.087550
5043 0.080211
5044 0.073565
5047 0.066509
5051 0.065348
5055 0.057625
5056 0.056215
5057 0.054658
5060 0.054481
5061 0.053293
5062 0.055874
5064 0.056871
5065 0.054328
5092 0.054646
5307 0.055309
5308 0.056097
5309 0.056632
5314 0.056138
5315 0.055078
5316 0.053439
5317 0.052253
5409 0.054901
5460 0.055403
5501 0.056072
5502 0.054997
5503 0.051619
5524 0.050061
5565 0.048240
5566 0.046032
5567 0.043530
5568 0.044299
5631 0.051283
5632 0.057499
5672 0.057088
5673 0.055359
5674 0.053052
5675 0.052223
5676 0.052659
5677 0.052572
5679 0.052736
5747 0.057684
5749 0.061921
5750 0.063905
5756 0.065161
5898 0.072125
5949 0.073172
6118 0.072056
6567 0.074465
6592 0.074822
7257 0.077711
7280 0.086556
7293 0.091656
7510 0.093705
7618 0.094686
7623 0.098542
7651 0.100214
7739 0.096542
7829 0.092181
8058 0.097098
8066 0.101134
8102 0.103559
8171 0.103645
8172 0.101955
8174 0.100406
8175 0.100050
8176 0.095520
8177 0.092367
8178 0.090459
8181 0.088296
8182 0.080412
8183 0.079705
8185 0.077051
8186 0.073871
8187 0.072798
8188 0.071238
8207 0.061831
8208 0.055796
8209 0.053652
8210 0.053488
8211 0.051241
8215 0.050307
8231 0.053945
8232 0.056395
8237 0.052694
8238 0.048658
8239 0.045865
8240 0.045725
8278 0.046579
8280 0.046568
8282 0.047071
8285 0.048536
8290 0.050609
8291 0.050238
8292 0.051515
8293 0.053303
8294 0.053366
8295 0.054554
8296 0.055495
8297 0.055054
8298 0.055510
8299 0.058939
8300 0.062521
8303 0.067954
8304 0.071701
8351 0.075218
9180 0.079098
9891 0.076408
9989 0.079829
9993 0.079719
10100 0.080919
10396 0.080827
10545 0.087124
10601 0.087609
10693 0.088381
10737 0.087639
10759 0.085969
10803 0.083090
10804 0.081381
10805 0.081612
10821 0.081146
10822 0.081105
10837 0.079694
10838 0.078429
10839 0.077089
10840 0.073664
10841 0.069838
10842 0.065720
10843 0.059635
10844 0.054662
10845 0.049187
10848 0.044215
10849 0.040937
10851 0.033724
10852 0.032330
10853 0.031707
10855 0.031773
10858 0.025995
10859 0.024708
10860 0.023965
10862 0.023787
10867 0.026480
10868 0.028651
10878 0.031243
10970 0.035647
11076 0.038199
11700 0.045646
11759 0.054553
12147 0.058395
12174 0.060182
12325 0.061393
12402 0.063222
12494 0.063520
12600 0.063690
12838 0.068917
13346 0.070661
13363 0.075173
13378 0.078003
13396 0.079394
13447 0.082830
13468 0.085533
13526 0.086873
13527 0.086338
13528 0.086263
13529 0.086380
13530 0.086478
13531 0.082938
13532 0.080119
13533 0.077828
13534 0.072264
13535 0.068693
13536 0.060313
13539 0.054069
13540 0.051495
13541 0.050861
13542 0.051232
13543 0.051110
13544 0.052028
13547 0.054038
13548 0.049274
13550 0.047465
13551 0.041945
13552 0.038301
13553 0.036401
13554 0.032611
13555 0.029356
13599 0.028821
13600 0.028463
13601 0.028068
13603 0.027765
13604 0.027409
13605 0.027196
13606 0.026683
13608 0.026464
13609 0.025839
13611 0.025406
13613 0.025686
13614 0.023547
13615 0.022680
13629 0.026195
13630 0.027969
13632 0.028861
13636 0.033599
13637 0.034994
13757 0.038477
13807 0.040363
13973 0.041933
14048 0.044874
14085 0.048051
14086 0.050445
14359 0.052684
14427 0.053921
14499 0.055545
14559 0.056355
15006 0.058601
15161 0.064461
15197 0.065519
15392 0.067095
15435 0.070093
15492 0.075961
15514 0.077732
15519 0.078587
15540 0.078891
15546 0.079401
15576 0.078221
15577 0.078566
15578 0.079824
15580 0.076427
15581 0.076928
15668 0.077384
15669 0.079464
15671 0.081666
15682 0.080912
15683 0.080038
15686 0.080042
15687 0.079826
15688 0.079404
15690 0.078660
15738 0.078827
15739 0.078027
15740 0.073771
15741 0.073127
15742 0.072461
15743 0.069656
15744 0.063996
15745 0.063405
15746 0.062779
15747 0.062443
15775 0.061359
15777 0.058065
15778 0.054778
15779 0.051569
15781 0.050623
15782 0.048432
15783 0.045183
15784 0.041957
15785 0.039092
15801 0.037794
15807 0.039696
15813 0.041408
15852 0.040186
15873 0.040760
15915 0.044700
16096 0.045737
16593 0.045567
17037 0.047229
17053 0.049088
17349 0.054895
17462 0.058262
17623 0.059282
17710 0.060071
17714 0.061123
17716 0.063810
18273 0.065175
18466 0.067781
18475 0.070942
18478 0.072465
18901 0.072166
18965 0.072451
18970 0.073576
18971 0.075598
18972 0.078778
18973 0.080640
18974 0.079742
18975 0.077882
18976 0.078578
18977 0.077286
18978 0.077909
18979 0.080232
18980 0.082097
18981 0.080698
18982 0.079955
18984 0.074673
18985 0.071627
18995 0.070952
18996 0.069449
18997 0.067929
19009 0.064785
19022 0.066439
19023 0.066435
19024 0.065321
19025 0.063759
19026 0.062467
19027 0.060339
19028 0.057743
19039 0.055624
19040 0.052216
19047 0.052858
19072 0.051187
19073 0.050011
19074 0.049234
19075 0.048711
19076 0.043626
19077 0.039442
19078 0.036139
19079 0.034630
19080 0.033348
19081 0.032779
19082 0.032559
19083 0.032683
19126 0.032990
19129 0.033135
19130 0.033678
19180 0.030526
19182 0.028874
19183 0.027059
19184 0.026733
19185 0.026549
19209 0.027447
19210 0.027978
19211 0.027023
19212 0.026459
19213 0.023254
19214 0.022210
19223 0.023244
19245 0.023860
19247 0.024006
19248 0.023636
19249 0.023605
19251 0.025036
19285 0.024871
19286 0.025151
19287 0.024932
19288 0.024540
19296 0.025113
19297 0.025440
19298 0.025725
19299 0.025891
19461 0.032446
19913 0.033321
20297 0.039732
20372 0.047744
20402 0.050840
20418 0.055428
20427 0.056082
20520 0.059805
20623 0.061211
20671 0.061539
20738 0.061824
20800 0.061265
21004 0.059845
21245 0.061670
21540 0.063523
21574 0.066721
21684 0.067221
21692 0.069349
21693 0.071929
21720 0.074361
21721 0.077834
21737 0.078662
21738 0.078292
21739 0.077539
21742 0.077245
21743 0.071775
21744 0.071267
21745 0.066345
21747 0.062520
21750 0.060335
21751 0.055615
21772 0.056139
21774 0.054767
21776 0.054812
21778 0.055112
21780 0.054687
21781 0.054460
21785 0.055407
21786 0.053729
21787 0.052723
21790 0.051368
21791 0.049886
21794 0.048154
21795 0.045336
21796 0.042746
21797 0.039643
21798 0.038842
21801 0.040981
21809 0.041187
21810 0.040773
21811 0.040364
21812 0.039613
21845 0.039178
21846 0.035385
21847 0.034748
21855 0.034417
21856 0.033109
21857 0.030985
21858 0.029623
21859 0.029126
21860 0.029030
21861 0.028362
21869 0.030177
21870 0.030792
21871 0.030348
21872 0.028708
21873 0.028568
21874 0.028200
21875 0.028408
21876 0.028469
21877 0.028420
21881 0.027651
21882 0.025115
21883 0.024991
21884 0.024992
21885 0.024681
21886 0.024512
21892 0.026743
21893 0.028987
21894 0.031065
21897 0.033091
21899 0.034847
22038 0.037944
22050 0.040565
22074 0.041126
22584 0.042834
22625 0.046762
22948 0.045349
23026 0.045471
23071 0.046611
23099 0.047987
23124 0.050052
23136 0.050440
23188 0.052996
23410 0.053594
24423 0.055689
24469 0.060084
24487 0.066850
24694 0.068013
24774 0.069062
24777 0.070271
24778 0.071180
24779 0.068680
24780 0.067082
24781 0.065553
24784 0.064906
24785 0.064021
24786 0.061509
24787 0.059154
24788 0.058771
24789 0.057248
24793 0.053278
24794 0.052641
24795 0.051649
24796 0.050568
24797 0.049829
24815 0.052089
24816 0.054818
24817 0.053763
24818 0.053876
24827 0.052838
24828 0.049005
24829 0.042843
24832 0.044905
24944 0.048349
