2847 0.050841
2848 0.044367
2849 0.041644
2850 0.040991
2851 0.047188
2852 0.044017
2853 0.044204
3160 0.040023
3161 0.038192
3294 0.039057
3482 0.039468
3483 0.038385
3691 0.036266
3792 0.037582
3808 0.037447
3833 0.035323
3935 0.035363
3939 0.035623
3943 0.036209
3946 0.035972
4473 0.033137
4564 0.030855
4656 0.031301
4662 0.034699
4696 0.034737
4727 0.036373
4749 0.035601
4873 0.035684
4925 0.036588
4926 0.031119
4927 0.031543
4928 0.029058
4929 0.033319
4954 0.036199
4955 0.033837
4966 0.032162
4967 0.032908
4968 0.033992
4969 0.033512
4970 0.033873
4971 0.034700
4972 0.037008
5043 0.036239
5044 0.037544
5047 0.038454
5051 0.037847
5055 0.039916
5056 0.037794
5057 0.035419
5060 0.038599
5061 0.038701
5062 0.040184
5064 0.041659
5065 0.041727
5092 0.039255
5307 0.039892
5308 0.040305
5309 0.036535
5314 0.035526
5315 0.036938
5316 0.042270
5317 0.043579
5409 0.043352
5460 0.042890
5501 0.041646
5502 0.045292
5503 0.043764
5524 0.044244
5565 0.043399
5566 0.043772
5567 0.044468
5568 0.045671
5631 0.047927
5632 0.046452
5672 0.043671
5673 0.042164
5674 0.045644
5675 0.048260
5676 0.053537
5677 0.054145
5679 0.056467
5747 0.057232
5749 0.057153
5750 0.056382
5756 0.053968
5898 0.048365
5949 0.046330
6118 0.049124
6567 0.047918
6592 0.047942
7257 0.043382
7280 0.042526
7293 0.043229
7510 0.041807
7618 0.042836
7623 0.042241
7651 0.039286
7739 0.041850
7829 0.042705
8058 0.042768
8066 0.043676
8102 0.038877
8171 0.035165
8172 0.029848
8174 0.031765
8175 0.029417
8176 0.028256
8177 0.028264
8178 0.029818
8181 0.032126
8182 0.033038
8183 0.032891
8185 0.031373
8186 0.032319
8187 0.032519
8188 0.032681
8207 0.033062
8208 0.032495
8209 0.033186
8210 0.031672
8211 0.032011
8215 0.032181
8231 0.028786
8232 0.028318
8237 0.028310
8238 0.028450
8239 0.028999
8240 0.029542
8278 0.028129
8280 0.025585
8282 0.024535
8285 0.024778
8290 0.024826
8291 0.025353
8292 0.023908
8293 0.029799
8294 0.029997
8295 0.032132
8296 0.032772
8297 0.033763
8298 0.036326
8299 0.036618
8300 0.038415
8303 0.040884
8304 0.042668
8351 0.042203
9180 0.045446
9891 0.054656
9989 0.055593
9993 0.055817
10100 0.055324
10396 0.057802
10545 0.058313
10601 0.063707
10693 0.065419
10737 0.068685
10759 0.069355
10803 0.072712
10804 0.071023
10805 0.072089
10821 0.066827
10822 0.070238
10837 0.068393
10838 0.067905
10839 0.066920
10840 0.067054
10841 0.066910
10842 0.068129
10843 0.064881
10844 0.063610
10845 0.063008
10848 0.059510
10849 0.049168
10851 0.047659
10852 0.047103
10853 0.047814
10855 0.044799
10858 0.044033
10859 0.039836
10860 0.040509
10862 0.038353
10867 0.038909
10868 0.035500
10878 0.035449
10970 0.033514
11076 0.032121
11700 0.028746
11759 0.027314
12147 0.027251
12174 0.027164
12325 0.024058
12402 0.023451
12494 0.026054
12600 0.026025
12838 0.025583
13346 0.027908
13363 0.028372
13378 0.028143
13396 0.029204
13447 0.031126
13468 0.031243
13526 0.031108
13527 0.031829
13528 0.034433
13529 0.036994
13530 0.038866
13531 0.040241
13532 0.042495
13533 0.041007
13534 0.044580
13535 0.044683
13536 0.045204
13539 0.045100
13540 0.045229
13541 0.046823
13542 0.048785
13543 0.049027
13544 0.043319
13547 0.043310
13548 0.044148
13550 0.043059
13551 0.044198
13552 0.044353
13553 0.045055
13554 0.046323
13555 0.045781
13599 0.046110
13600 0.047758
13601 0.044656
13603 0.041698
13604 0.039334
13605 0.041287
13606 0.040728
13608 0.041724
13609 0.039095
13611 0.041878
13613 0.041618
13614 0.040722
13615 0.042708
13629 0.042598
13630 0.044768
13632 0.044700
13636 0.045117
13637 0.045953
13757 0.044770
13807 0.044921
13973 0.043721
14048 0.043925
14085 0.044569
14086 0.045801
14359 0.049264
14427 0.049366
14499 0.050204
14559 0.051060
15006 0.049425
15161 0.049857
15197 0.046300
15392 0.044391
15435 0.043626
15492 0.043191
15514 0.041919
15519 0.043478
15540 0.048457
15546 0.047120
15576 0.046178
15577 0.042309
15578 0.043735
15580 0.045012
15581 0.044376
15668 0.045800
15669 0.044646
15671 0.045770
15682 0.047339
15683 0.046159
15686 0.041861
15687 0.038159
15688 0.038625
15690 0.037184
15738 0.038277
15739 0.041269
15740 0.041762
15741 0.041362
15742 0.043408
15743 0.045707
15744 0.047258
15745 0.048346
15746 0.046844
15747 0.043268
15775 0.042816
15777 0.041336
15778 0.041792
15779 0.040234
15781 0.038294
15782 0.038464
15783 0.040005
15784 0.043810
15785 0.042536
15801 0.042039
15807 0.041476
15813 0.042468
15852 0.042719
15873 0.042652
15915 0.040036
16096 0.037658
16593 0.034806
17037 0.037285
17053 0.037164
17349 0.037791
17462 0.037274
17623 0.036812
17710 0.035128
17714 0.034641
17716 0.034183
18273 0.033056
18466 0.034504
18475 0.036313
18478 0.038743
18901 0.040543
18965 0.040924
18970 0.038687
18971 0.035122
18972 0.035054
18973 0.033824
18974 0.034003
18975 0.033223
18976 0.033076
18977 0.032997
18978 0.033554
18979 0.034392
18980 0.034765
18981 0.031832
18982 0.033056
18984 0.034209
18985 0.033852
18995 0.032545
18996 0.032120
18997 0.033680
19009 0.033215
19022 0.034399
19023 0.033739
19024 0.031438
19025 0.029434
19026 0.027970
19027 0.028236
19028 0.029759
19039 0.029722
19040 0.029545
19047 0.031066
19072 0.031480
19073 0.031972
19074 0.034207
19075 0.034796
19076 0.034440
19077 0.035656
19078 0.039285
19079 0.042216
19080 0.041811
19081 0.040546
19082 0.040374
19083 0.045010
19126 0.047210
19129 0.047420
19130 0.051309
19180 0.051791
19182 0.052352
19183 0.052827
19184 0.055213
19185 0.054298
19209 0.053665
19210 0.054381
19211 0.055766
19212 0.057710
19213 0.057792
19214 0.057796
19223 0.057577
19245 0.054942
19247 0.053794
19248 0.053625
19249 0.051275
19251 0.046973
19285 0.042859
19286 0.042779
19287 0.043038
19288 0.043213
19296 0.039476
19297 0.036618
19298 0.035094
19299 0.030999
19461 0.029358
19913 0.033292
20297 0.035819
20372 0.035977
20402 0.039324
20418 0.038735
20427 0.041550
20520 0.044446
20623 0.042695
20671 0.041817
20738 0.047081
20800 0.048479
21004 0.052976
21245 0.053955
21540 0.054045
21574 0.063383
21684 0.064335
21692 0.065061
21693 0.063683
21720 0.063041
21721 0.063281
21737 0.063509
21738 0.063982
21739 0.063672
21742 0.064636
21743 0.065170
21744 0.061576
21745 0.058495
21747 0.055094
21750 0.052633
21751 0.053795
21772 0.047508
21774 0.043229
21776 0.044315
21778 0.044630
21780 0.040034
21781 0.038935
21785 0.033894
21786 0.034425
21787 0.034550
21790 0.025424
21791 0.024487
21794 0.024149
21795 0.024180
21796 0.022911
21797 0.021054
21798 0.019824
21801 0.020682
21809 0.022393
21810 0.021609
21811 0.024169
21812 0.025240
21845 0.025240
21846 0.026603
21847 0.028613
21855 0.031442
21856 0.037425
21857 0.039780
21858 0.042977
21859 0.042453
21860 0.042869
21861 0.047658
21869 0.050060
21870 0.050662
21871 0.051021
21872 0.052624
21873 0.052564
21874 0.052166
21875 0.052227
21876 0.051889
21877 0.054154
21881 0.054590
21882 0.053143
21883 0.051410
21884 0.052709
21885 0.049302
21886 0.047725
21892 0.048830
21893 0.048070
21894 0.048127
21897 0.044459
21899 0.038777
22038 0.036144
22050 0.036799
22074 0.040422
22584 0.041650
22625 0.036776
22948 0.036426
23026 0.035740
23071 0.038833
23099 0.037337
23124 0.037317
23136 0.037873
23188 0.038905
23410 0.041382
24423 0.039731
24469 0.043239
24487 0.044311
24694 0.046911
24774 0.048454
24777 0.051147
24778 0.051033
24779 0.054512
24780 0.056764
24781 0.058481
24784 0.058302
24785 0.060095
24786 0.062162
24787 0.059528
24788 0.057083
24789 0.056514
24793 0.060628
24794 0.062909
24795 0.063366
24796 0.061918
24797 0.061692
24815 0.064774
24816 0.064677
24817 0.065176
24818 0.064891
24827 0.065311
24828 0.062916
24829 0.063943
24832 0.063274
24944 0.062134
