182 0.089413
183 0.082668
187 0.078046
191 0.073312
192 0.068143
193 0.063588
194 0.059941
195 0.056316
196 0.053121
197 0.049356
198 0.048755
199 0.046301
200 0.045066
202 0.044453
203 0.040917
204 0.038150
205 0.035931
209 0.035496
211 0.035669
213 0.037546
328 0.037124
606 0.041448
609 0.045198
611 0.046663
612 0.046750
617 0.046303
708 0.046298
783 0.048749
950 0.047449
1143 0.047910
1234 0.047865
1235 0.048133
1236 0.048187
1237 0.048266
1238 0.048772
1253 0.049971
1254 0.051271
1255 0.053201
1256 0.057417
1260 0.061791
1261 0.065802
1263 0.073232
1265 0.075521
1268 0.078294
1269 0.079104
1416 0.079978
1670 0.080750
1703 0.079104
1765 0.077504
1881 0.078473
1884 0.079803
1908 0.081119
2005 0.079413
2130 0.082999
2131 0.084792
2132 0.087564
2134 0.087842
2135 0.087880
2136 0.087889
2137 0.087086
2189 0.085086
2190 0.083094
2191 0.080647
2192 0.076819
2193 0.072046
2194 0.067838
2195 0.060352
2196 0.056960
2197 0.054453
2198 0.052601
2199 0.053351
2200 0.049135
2201 0.047438
2204 0.046994
2205 0.044665
2206 0.043636
2208 0.041400
2209 0.039560
2211 0.036203
2212 0.033455
2215 0.034823
2216 0.038278
2217 0.040769
2268 0.041436
2269 0.041729
2272 0.043788
2273 0.044571
2274 0.044146
2275 0.043494
2276 0.043320
2277 0.043068
2278 0.042596
2279 0.041244
2280 0.038684
2281 0.035944
2282 0.034045
2350 0.033218
2351 0.032504
2352 0.031839
2354 0.031489
2356 0.030373
2358 0.029466
2360 0.028834
2361 0.028007
2362 0.027345
2363 0.022658
2370 0.018566
2371 0.015373
2372 0.013895
2373 0.012971
2374 0.009579
2375 0.007790
2376 0.007337
2382 0.007862
2390 0.008128
2391 0.008339
2392 0.008589
2393 0.008723
2440 0.010366
2441 0.010986
2442 0.011518
2443 0.011663
2455 0.013945
2456 0.014597
2457 0.014975
2532 0.016067
2534 0.017366
2573 0.024427
3000 0.028427
3010 0.029207
3152 0.029647
3153 0.029461
3154 0.029928
3155 0.037059
3334 0.037644
3526 0.043189
4105 0.048709
4148 0.052656
5776 0.054904
5790 0.054990
5863 0.056850
5879 0.059346
5985 0.062761
6725 0.061736
6764 0.064015
6765 0.065329
6767 0.066245
6768 0.065080
6787 0.067382
6788 0.068442
6791 0.068103
6792 0.067711
6793 0.061835
6794 0.058696
6812 0.061934
6813 0.064320
6814 0.066190
6815 0.067968
6816 0.062376
6818 0.062640
6819 0.057711
6820 0.052677
6821 0.051279
6822 0.050303
6823 0.051544
6824 0.050593
6825 0.048572
6827 0.045502
6832 0.045522
6833 0.042955
6834 0.041236
6839 0.044325
6888 0.046542
6889 0.046119
6892 0.047032
6893 0.047437
6894 0.047708
6895 0.047347
6896 0.046848
6897 0.043037
6898 0.040389
6899 0.038552
6900 0.036410
6901 0.034970
6902 0.034132
6903 0.033632
6904 0.033350
6905 0.031241
6906 0.029707
6907 0.028660
6911 0.030398
6912 0.032820
6913 0.035624
6914 0.038577
6915 0.041480
6940 0.042820
6942 0.039718
6944 0.037965
7082 0.038323
7363 0.039689
7461 0.039875
7467 0.039459
8808 0.039481
8857 0.045027
8935 0.048739
8955 0.051501
9165 0.054116
9433 0.056436
9454 0.058174
9471 0.062139
9578 0.064060
9579 0.065869
9580 0.067476
9582 0.069662
9588 0.070116
9589 0.067566
9590 0.064565
9591 0.061467
9592 0.058921
9593 0.057067
9598 0.057739
9599 0.057591
9600 0.057249
9601 0.056596
9604 0.055667
9605 0.056505
9606 0.058780
9607 0.061242
9609 0.057859
9610 0.058817
9612 0.060855
9680 0.061048
9814 0.060989
9823 0.059436
9824 0.056159
9926 0.057778
10035 0.058306
10046 0.058287
10047 0.056202
10049 0.056589
10050 0.058390
10053 0.061812
10055 0.063608
10056 0.063721
10058 0.063378
10065 0.063750
10066 0.062771
10067 0.061405
10071 0.059399
10072 0.057168
10085 0.058472
10086 0.056018
10087 0.052771
10088 0.050231
10089 0.046222
10090 0.043877
10093 0.041361
10094 0.040557
10095 0.043832
10096 0.047525
10107 0.044677
10118 0.048909
10119 0.048719
10120 0.048478
10122 0.047831
10123 0.046712
10126 0.045434
10127 0.044514
10161 0.045758
10211 0.045219
10212 0.043196
10236 0.045691
10237 0.047656
10239 0.049091
10241 0.050061
10242 0.047415
10243 0.048097
10244 0.049238
10245 0.050599
10246 0.051092
10247 0.049956
10262 0.051583
10263 0.050752
10264 0.047682
10265 0.043810
10266 0.044890
10284 0.042918
10286 0.045659
10331 0.048035
10334 0.049999
10341 0.052308
10359 0.052742
10360 0.055334
10362 0.056880
10465 0.057341
10656 0.059717
10832 0.058505
12055 0.061855
12412 0.070822
12949 0.078852
13426 0.083286
14356 0.084763
14398 0.090631
14542 0.097427
14632 0.100909
14661 0.103701
15054 0.105276
15141 0.108291
15212 0.112130
15221 0.113706
15261 0.116731
15264 0.115779
15417 0.114109
15419 0.113812
15506 0.112578
15507 0.110508
15508 0.109203
15512 0.106856
15515 0.105215
15516 0.106428
15517 0.105746
15518 0.105663
15520 0.101464
15521 0.092606
15530 0.083437
15532 0.078046
15533 0.076003
15534 0.069611
15535 0.062062
15538 0.057899
15539 0.054056
15541 0.050430
15542 0.046661
15543 0.042339
15545 0.040397
15547 0.035366
15548 0.031627
15559 0.030991
15560 0.029553
15561 0.029355
15574 0.030772
15575 0.030300
15579 0.031425
15663 0.032985
15667 0.038259
15685 0.039998
15780 0.041002
15820 0.041059
16232 0.042298
16405 0.043405
16434 0.045437
16486 0.047663
16487 0.049261
18131 0.049706
18245 0.049286
19250 0.049472
19506 0.050374
19612 0.051076
19613 0.051667
19614 0.051962
19615 0.052595
19616 0.053142
19619 0.051477
19620 0.051108
19621 0.050376
19652 0.050765
19653 0.051530
19654 0.050006
19676 0.047155
19677 0.040581
19678 0.036972
19679 0.034935
19694 0.034599
19695 0.032401
19697 0.031213
19721 0.031317
19751 0.029533
19752 0.027722
19760 0.029540
19764 0.031007
19915 0.031580
19916 0.031408
19917 0.031170
19918 0.030931
19926 0.031583
19965 0.031378
19966 0.030898
19967 0.030427
19968 0.029900
19969 0.029415
19970 0.026472
19981 0.025793
19982 0.025624
19984 0.025479
19993 0.026567
19994 0.027941
20003 0.028032
20017 0.028664
20018 0.028870
20019 0.029353
20027 0.027105
20028 0.026075
20045 0.026689
20046 0.024024
20047 0.022404
20048 0.021386
20060 0.022156
20061 0.022859
20062 0.023610
20063 0.023341
20066 0.023892
20067 0.024468
20069 0.024641
20070 0.025358
20073 0.025982
20074 0.026213
20078 0.025487
20080 0.024927
20090 0.026779
20091 0.026894
20092 0.026773
20095 0.031727
20183 0.039928
21880 0.042754
22301 0.044849
22621 0.048731
22656 0.050701
22664 0.051882
22667 0.053420
22765 0.054889
22770 0.055591
22859 0.055203
22863 0.056130
22896 0.057130
22905 0.058602
22993 0.058049
22996 0.059742
23036 0.061602
23040 0.062405
23041 0.062109
23042 0.062492
23043 0.063202
23044 0.064424
23045 0.063817
23048 0.062294
23049 0.061605
23053 0.056616
23054 0.048008
23055 0.045518
23058 0.043983
23061 0.046887
23062 0.047744
23063 0.047212
23064 0.046993
23066 0.047754
23082 0.048970
23162 0.049783
23217 0.049405
23218 0.048017
23219 0.046213
23220 0.047007
23223 0.046186
23224 0.044898
23225 0.044639
23227 0.045957
23230 0.049356
23232 0.052961
23233 0.054049
23238 0.053746
23239 0.054413
23242 0.057357
23245 0.057759
23246 0.057260
23247 0.056830
23248 0.057639
23251 0.051979
23252 0.049645
23253 0.048903
23256 0.052563
23257 0.053278
23259 0.053958
23281 0.054694
23282 0.053985
23283 0.054414
23284 0.055538
23291 0.059486
23302 0.062319
23303 0.063802
23311 0.064443
23312 0.064582
23313 0.062555
23314 0.060516
23316 0.060791
23321 0.061407
23736 0.061533
23754 0.060452
23755 0.060462
23756 0.060986
23757 0.061867
23760 0.064497
23762 0.065511
23763 0.067057
23764 0.068350
23765 0.066631
23766 0.066489
23767 0.065659
23768 0.065110
23769 0.065388
23955 0.065924
23956 0.065710
23958 0.063227
23959 0.060626
23960 0.059507
23961 0.058918
23962 0.057821
23963 0.056231
23964 0.053961
23965 0.051578
23966 0.049331
23967 0.048031
23968 0.045300
23970 0.044638
23971 0.043887
24003 0.047725
24004 0.046867
24005 0.047799
24006 0.047968
24007 0.047577
24008 0.045464
24009 0.044247
24017 0.046436
24018 0.047614
24044 0.050033
24221 0.050315
24272 0.051354
24474 0.050972
24696 0.051438
24804 0.054191
24892 0.054168
