182 0.046016
183 0.044049
187 0.042686
191 0.040957
192 0.042597
193 0.040081
194 0.041272
195 0.042722
196 0.045902
197 0.044417
198 0.045756
199 0.049766
200 0.048703
202 0.055111
203 0.059550
204 0.063827
205 0.066259
209 0.067577
211 0.066808
213 0.067217
328 0.064591
606 0.065527
609 0.066229
611 0.075385
612 0.073873
617 0.076751
708 0.076796
783 0.076312
950 0.075047
1143 0.073095
1234 0.072874
1235 0.069895
1236 0.068275
1237 0.062996
1238 0.064269
1253 0.062234
1254 0.056912
1255 0.059593
1256 0.052421
1260 0.049718
1261 0.046018
1263 0.046088
1265 0.044345
1268 0.046849
1269 0.050197
1416 0.051049
1670 0.049124
1703 0.050908
1765 0.044400
1881 0.046023
1884 0.043288
1908 0.043745
2005 0.044969
2130 0.046277
2131 0.046658
2132 0.045827
2134 0.046600
2135 0.047975
2136 0.052705
2137 0.053763
2189 0.053745
2190 0.053811
2191 0.051665
2192 0.051092
2193 0.049264
2194 0.049296
2195 0.053337
2196 0.058513
2197 0.057664
2198 0.054960
2199 0.059295
2200 0.059322
2201 0.065841
2204 0.069222
2205 0.074356
2206 0.074390
2208 0.075661
2209 0.077392
2211 0.078472
2212 0.078107
2215 0.078474
2216 0.079979
2217 0.079423
2268 0.074713
2269 0.070638
2272 0.070212
2273 0.071343
2274 0.071871
2275 0.071142
2276 0.070841
2277 0.072602
2278 0.065872
2279 0.061280
2280 0.060893
2281 0.059894
2282 0.061283
2350 0.059499
2351 0.052625
2352 0.048246
2354 0.042972
2356 0.045270
2358 0.044081
2360 0.042500
2361 0.042813
2362 0.043608
2363 0.045978
2370 0.044755
2371 0.045246
2372 0.047331
2373 0.046715
2374 0.048584
2375 0.047398
2376 0.046393
2382 0.048219
2390 0.048156
2391 0.045575
2392 0.046782
2393 0.046265
2440 0.046983
2441 0.047284
2442 0.042718
2443 0.045412
2455 0.046294
2456 0.045571
2457 0.044876
2532 0.041993
2534 0.041816
2573 0.043148
3000 0.042133
3010 0.040010
3152 0.037821
3153 0.037754
3154 0.036061
3155 0.034833
3334 0.035390
3526 0.036395
4105 0.038031
4148 0.039410
5776 0.046240
5790 0.054909
5863 0.056926
5879 0.058897
5985 0.065011
6725 0.063757
6764 0.063238
6765 0.062351
6767 0.059892
6768 0.062006
6787 0.060726
6788 0.060201
6791 0.060831
6792 0.060708
6793 0.059916
6794 0.058922
6812 0.059484
6813 0.059882
6814 0.059425
6815 0.059287
6816 0.059073
6818 0.060169
6819 0.059122
6820 0.057082
6821 0.055536
6822 0.047046
6823 0.040001
6824 0.039973
6825 0.037925
6827 0.034361
6832 0.033987
6833 0.034529
6834 0.035969
6839 0.034484
6888 0.029729
6889 0.030645
6892 0.031604
6893 0.030753
6894 0.032080
6895 0.031132
6896 0.030438
6897 0.031916
6898 0.034121
6899 0.035529
6900 0.035744
6901 0.035325
6902 0.034361
6903 0.033036
6904 0.035364
6905 0.037421
6906 0.038252
6907 0.040913
6911 0.039208
6912 0.038111
6913 0.035242
6914 0.034423
6915 0.033497
6940 0.030895
6942 0.032007
6944 0.031686
7082 0.031136
7363 0.029865
7461 0.030518
7467 0.029246
8808 0.028547
8857 0.032748
8935 0.030683
8955 0.030208
9165 0.031396
9433 0.031049
9454 0.032148
9471 0.033736
9578 0.034227
9579 0.033224
9580 0.032338
9582 0.031009
9588 0.029997
9589 0.029822
9590 0.030312
9591 0.033362
9592 0.033795
9593 0.034380
9598 0.036425
9599 0.035648
9600 0.037145
9601 0.038207
9604 0.038858
9605 0.038288
9606 0.037368
9607 0.039061
9609 0.036101
9610 0.036878
9612 0.035734
9680 0.033142
9814 0.033221
9823 0.033775
9824 0.030938
9926 0.030741
10035 0.029350
10046 0.029627
10047 0.032438
10049 0.029397
10050 0.029255
10053 0.030488
10055 0.028830
10056 0.029060
10058 0.031928
10065 0.029991
10066 0.029722
10067 0.028958
10071 0.030098
10072 0.030156
10085 0.030479
10086 0.031615
10087 0.029834
10088 0.028293
10089 0.027104
10090 0.026037
10093 0.027318
10094 0.028407
10095 0.027330
10096 0.031217
10107 0.030809
10118 0.031644
10119 0.030194
10120 0.028140
10122 0.029170
10123 0.030973
10126 0.029626
10127 0.028118
10161 0.027559
10211 0.025670
10212 0.025688
10236 0.025430
10237 0.025541
10239 0.026397
10241 0.029271
10242 0.032133
10243 0.032050
10244 0.032501
10245 0.033950
10246 0.035897
10247 0.036388
10262 0.035067
10263 0.035477
10264 0.038266
10265 0.035980
10266 0.039984
10284 0.041327
10286 0.049416
10331 0.048625
10334 0.048330
10341 0.046362
10359 0.046865
10360 0.048300
10362 0.048125
10465 0.047104
10656 0.048156
10832 0.057570
12055 0.062785
12412 0.069916
12949 0.068938
13426 0.071244
14356 0.072865
14398 0.074793
14542 0.074575
14632 0.075951
14661 0.077986
15054 0.082654
15141 0.083139
15212 0.081228
15221 0.080471
15261 0.077857
15264 0.081376
15417 0.074811
15419 0.074359
15506 0.073498
15507 0.073962
15508 0.073639
15512 0.074178
15515 0.077744
15516 0.077377
15517 0.078310
15518 0.069114
15520 0.065823
15521 0.060143
15530 0.059027
15532 0.055584
15533 0.054000
15534 0.053788
15535 0.053708
15538 0.050591
15539 0.048840
15541 0.046244
15542 0.044141
15543 0.042492
15545 0.042817
15547 0.042351
15548 0.038496
15559 0.040105
15560 0.042347
15561 0.043274
15574 0.042608
15575 0.042698
15579 0.041612
15663 0.040749
15667 0.041841
15685 0.041389
15780 0.043017
15820 0.040521
16232 0.038949
16405 0.037763
16434 0.036220
16486 0.036675
16487 0.037064
18131 0.040883
18245 0.043994
19250 0.045697
19506 0.048129
19612 0.049153
19613 0.051864
19614 0.051128
19615 0.051162
19616 0.049352
19619 0.049064
19620 0.047800
19621 0.050505
19652 0.052115
19653 0.053159
19654 0.052443
19676 0.052254
19677 0.052874
19678 0.051484
19679 0.049562
19694 0.050050
19695 0.048771
19697 0.051854
19721 0.051803
19751 0.051272
19752 0.050757
19760 0.046197
19764 0.044504
19915 0.042353
19916 0.037351
19917 0.041336
19918 0.040399
19926 0.041036
19965 0.040945
19966 0.043202
19967 0.040344
19968 0.040315
19969 0.036568
19970 0.035961
19981 0.035394
19982 0.035172
19984 0.033180
19993 0.032220
19994 0.033894
20003 0.034951
20017 0.035312
20018 0.033409
20019 0.030343
20027 0.030499
20028 0.029946
20045 0.027730
20046 0.028478
20047 0.027145
20048 0.026757
20060 0.027036
20061 0.022531
20062 0.022405
20063 0.023838
20066 0.023349
20067 0.021839
20069 0.023823
20070 0.023024
20073 0.023608
20074 0.026243
20078 0.025830
20080 0.027726
20090 0.027466
20091 0.026516
20092 0.025647
20095 0.025078
20183 0.024188
21880 0.027132
22301 0.027135
22621 0.026711
22656 0.029559
22664 0.030603
22667 0.029874
22765 0.033145
22770 0.036512
22859 0.036207
22863 0.040397
22896 0.042966
22905 0.042587
22993 0.042597
22996 0.041674
23036 0.042060
23040 0.044851
23041 0.044710
23042 0.041934
23043 0.042301
23044 0.041341
23045 0.043863
23048 0.045174
23049 0.045046
23053 0.045353
23054 0.045189
23055 0.043018
23058 0.044013
23061 0.044510
23062 0.041301
23063 0.041949
23064 0.043759
23066 0.041075
23082 0.037925
23162 0.037842
23217 0.034458
23218 0.030248
23219 0.029390
23220 0.028876
23223 0.030117
23224 0.028664
23225 0.026058
23227 0.026083
23230 0.026499
23232 0.025441
23233 0.024710
23238 0.022114
23239 0.021779
23242 0.020908
23245 0.022004
23246 0.022505
23247 0.022994
23248 0.022361
23251 0.021648
23252 0.021748
23253 0.021437
23256 0.020866
23257 0.020015
23259 0.019831
23281 0.020137
23282 0.019466
23283 0.021302
23284 0.020891
23291 0.020904
23302 0.020619
23303 0.020048
23311 0.019987
23312 0.019501
23313 0.018137
23314 0.018503
23316 0.018822
23321 0.018858
23736 0.017860
23754 0.018035
23755 0.016146
23756 0.016378
23757 0.016373
23760 0.015920
23762 0.016975
23763 0.016811
23764 0.015251
23765 0.017305
23766 0.025692
23767 0.029528
23768 0.041380
23769 0.041887
23955 0.046731
23956 0.052505
23958 0.054957
23959 0.058523
23960 0.064919
23961 0.072262
23962 0.072602
23963 0.075392
23964 0.075849
23965 0.079956
23966 0.081246
23967 0.082688
23968 0.087724
23970 0.088613
23971 0.088801
24003 0.088278
24004 0.088823
24005 0.091874
24006 0.098524
24007 0.101258
24008 0.099641
24009 0.094886
24017 0.090783
24018 0.081568
24044 0.085265
24221 0.078715
24272 0.075317
24474 0.076204
24696 0.073957
24804 0.067747
24892 0.062146
