671 0.086612
672 0.077699
673 0.077503
674 0.076593
917 0.076022
988 0.078580
1072 0.077519
1136 0.081050
1137 0.083261
1202 0.083336
1222 0.084668
1230 0.089332
1327 0.087271
1328 0.085807
1329 0.084063
1330 0.082215
1331 0.079265
1336 0.080459
1337 0.080353
1338 0.079984
1339 0.079746
1341 0.081166
1343 0.079275
1344 0.079347
1345 0.080406
1346 0.079737
1347 0.078662
1348 0.076514
1349 0.074162
1539 0.072557
1540 0.067790
1541 0.066883
1542 0.061469
1543 0.056960
1544 0.055138
1587 0.054774
1588 0.047619
1589 0.047471
1590 0.047362
1625 0.050409
1626 0.052953
1636 0.057489
1637 0.056456
1639 0.054417
1641 0.053858
1642 0.053916
1643 0.052527
1646 0.051731
1647 0.050396
1649 0.047513
1655 0.046829
1656 0.045870
1657 0.045022
1658 0.044582
1659 0.044082
1694 0.044106
1695 0.044139
1696 0.044454
1697 0.045400
1698 0.047738
1731 0.054639
1732 0.060957
1733 0.066260
1764 0.069553
1783 0.069154
1811 0.070072
1820 0.069471
1827 0.068112
1849 0.069525
2115 0.070797
2419 0.071653
2552 0.074486
2613 0.076588
3081 0.077719
3784 0.083774
4086 0.084246
4491 0.086227
4609 0.088129
4655 0.087278
4657 0.086328
4658 0.085447
4659 0.085086
4660 0.084638
4661 0.083709
4663 0.081160
4664 0.072044
4665 0.064933
4666 0.059083
4667 0.055276
4668 0.052335
4670 0.049874
4671 0.046972
4672 0.046963
4673 0.046036
4674 0.044851
4675 0.043708
4676 0.040307
4677 0.037571
4678 0.035813
4679 0.029537
4693 0.029515
4694 0.028081
4695 0.026054
4697 0.026679
4699 0.027699
4700 0.028004
4701 0.028080
4702 0.028321
4703 0.029160
4704 0.031047
4705 0.033141
4708 0.033782
4709 0.034448
4710 0.035024
4711 0.035352
4712 0.034635
4726 0.033962
4748 0.032516
4750 0.031078
4751 0.029574
4752 0.029124
4753 0.029229
4754 0.029574
4769 0.029250
4770 0.029339
4775 0.029972
4776 0.030522
4790 0.032530
4791 0.033000
4792 0.033818
4805 0.034095
4808 0.035133
4809 0.035681
4819 0.037893
4820 0.037161
4821 0.035512
4822 0.035928
4824 0.035933
4825 0.035970
4826 0.036181
4827 0.037050
4828 0.036820
4829 0.037013
4839 0.039550
4840 0.040201
4841 0.040107
4842 0.040735
4843 0.042115
4844 0.043947
4845 0.044992
4923 0.042542
4924 0.040564
4989 0.038285
4990 0.037152
4994 0.037081
5004 0.037172
5008 0.036646
5009 0.036033
5010 0.033115
5011 0.032475
5012 0.032612
5013 0.032564
5014 0.033196
5015 0.033462
5016 0.033234
5017 0.031729
5019 0.031189
5024 0.032168
5025 0.030641
5026 0.030739
5027 0.030654
5039 0.029431
5040 0.027488
5054 0.028676
5096 0.029089
5097 0.029637
5098 0.030290
5099 0.030354
5101 0.029766
5102 0.028247
5103 0.028150
5131 0.032962
5132 0.036801
5133 0.039727
5232 0.040805
5233 0.041139
5249 0.044686
5259 0.049862
5324 0.050746
5347 0.051220
5408 0.059653
5445 0.062288
5525 0.064596
5640 0.072576
5793 0.073820
5812 0.073931
5909 0.074760
5922 0.074252
5999 0.074649
6005 0.076949
6093 0.077216
6098 0.077791
6099 0.077792
6100 0.078784
6101 0.079280
6102 0.079797
6105 0.076597
6106 0.076024
6107 0.075708
6108 0.077353
6109 0.080721
6110 0.079034
6111 0.075029
6112 0.074009
6129 0.078130
6130 0.073694
6133 0.076701
6136 0.076234
6142 0.068728
6143 0.068072
6260 0.073762
6361 0.075050
6396 0.076636
6397 0.073870
6398 0.071497
6399 0.073184
6421 0.075200
6423 0.076444
6430 0.080968
6432 0.083172
6434 0.084888
6435 0.083614
6436 0.080599
6437 0.078378
6440 0.077962
6441 0.075922
6451 0.074529
6452 0.072827
6454 0.073832
6455 0.071222
6456 0.071353
6486 0.066502
6487 0.063571
6490 0.063999
6494 0.065306
6495 0.059466
6496 0.056777
6499 0.055808
6501 0.055635
6506 0.057192
6507 0.058176
6508 0.059586
6527 0.059688
6528 0.055107
6536 0.054726
6537 0.053036
6538 0.052867
6539 0.053653
6540 0.055108
6547 0.053914
6548 0.052835
6549 0.052219
6550 0.052422
6551 0.052268
6552 0.052596
6553 0.052232
6554 0.056746
6594 0.057423
6796 0.056367
6797 0.053842
6802 0.053744
6803 0.053931
6805 0.053959
6806 0.055900
6807 0.055214
6808 0.055659
6885 0.056347
6958 0.054522
6959 0.054492
7065 0.062588
7762 0.063446
7877 0.064110
9302 0.071260
9340 0.075402
9835 0.076228
9888 0.076372
9933 0.076374
10099 0.078155
10113 0.078336
10114 0.076133
10215 0.073681
10216 0.068926
10217 0.068227
10218 0.067445
10221 0.068862
10232 0.073125
10248 0.074123
10249 0.073683
10250 0.071844
10251 0.070161
10252 0.066874
10253 0.062510
10254 0.063119
10255 0.063295
10269 0.053930
10278 0.052940
10279 0.051578
10280 0.043254
10281 0.038054
10282 0.037141
10285 0.037592
10287 0.039767
10288 0.039415
10290 0.039403
10307 0.040780
10308 0.040026
10309 0.039674
10310 0.040051
10312 0.040709
10313 0.040184
10314 0.036039
10315 0.035290
10316 0.035442
10329 0.039757
10332 0.042562
10343 0.043217
10344 0.043379
10358 0.046750
10361 0.053101
11453 0.053576
11667 0.061800
12493 0.065147
12537 0.071103
12603 0.072233
12605 0.072002
12709 0.075199
12956 0.073555
12957 0.072250
13704 0.071149
13724 0.069893
13734 0.071192
13738 0.072872
13764 0.076197
13765 0.077252
13766 0.077551
13767 0.077547
13776 0.078208
13777 0.078483
13778 0.074380
13779 0.072044
13816 0.071371
13817 0.070742
13818 0.067191
13819 0.060568
13828 0.060989
13829 0.055020
13830 0.053939
13831 0.050767
13863 0.048857
13864 0.047919
13865 0.043987
13866 0.043582
13867 0.043808
13944 0.046464
13977 0.048924
13978 0.048457
13979 0.047085
13980 0.043398
13981 0.041662
13982 0.040463
13983 0.040015
14001 0.042295
14003 0.042467
14046 0.041413
14047 0.040303
14049 0.039478
14050 0.039316
14051 0.039221
14226 0.039932
14227 0.038197
14229 0.035443
14232 0.034273
14233 0.031416
14234 0.031118
14236 0.030773
14257 0.032331
14259 0.033045
14263 0.032912
14264 0.030124
14265 0.027183
14266 0.026064
14267 0.026645
14357 0.026638
14358 0.026824
14360 0.027029
14361 0.027162
14362 0.024818
14363 0.024513
14364 0.025227
14365 0.026126
14366 0.027183
14367 0.027157
14368 0.027539
14369 0.026581
14370 0.026008
14428 0.028462
14429 0.029196
14430 0.030849
14498 0.032021
14501 0.033026
14502 0.030917
14503 0.029827
14504 0.029560
14505 0.030707
14560 0.032638
14630 0.034292
14664 0.036063
14665 0.037280
14704 0.038535
14840 0.040019
14997 0.039971
15000 0.041850
15001 0.043157
15013 0.046455
15324 0.048085
15425 0.048665
15426 0.049537
15427 0.049834
15428 0.050402
15429 0.051106
15502 0.049728
15503 0.048777
15504 0.048187
15505 0.048044
15564 0.049675
15565 0.050927
15567 0.051460
15568 0.051320
15569 0.050141
15570 0.048384
15571 0.047069
15647 0.046386
15648 0.046294
15649 0.045749
15650 0.044242
15651 0.044191
15652 0.041569
15653 0.040398
15654 0.037598
15657 0.036234
15658 0.035652
15659 0.036072
15660 0.036019
15661 0.036023
15662 0.036843
15672 0.036337
15674 0.035982
15675 0.035440
15676 0.035100
15677 0.033136
15678 0.031704
15679 0.031094
15680 0.030508
15770 0.036721
15772 0.041149
15921 0.045458
15922 0.045456
16024 0.047353
16300 0.048480
16608 0.052270
16610 0.053275
16974 0.054445
17148 0.056247
17621 0.058168
17622 0.058270
17624 0.058781
17678 0.058028
17751 0.059025
17778 0.062827
18142 0.064397
18197 0.066465
18214 0.066944
18215 0.067111
18216 0.066868
18217 0.066566
18218 0.066689
18219 0.066189
18220 0.066070
18221 0.059821
18222 0.055956
18223 0.052481
18235 0.051141
18236 0.048925
18237 0.049179
18238 0.046217
18239 0.045879
18331 0.046072
18333 0.044250
18334 0.041848
18335 0.040991
18336 0.041337
18337 0.042121
18338 0.041156
18350 0.036822
18351 0.034516
18391 0.031618
18427 0.030497
18500 0.031139
18501 0.031034
18502 0.030908
18503 0.030648
18520 0.030898
18521 0.030889
18522 0.030537
18526 0.030689
18527 0.029874
18528 0.029118
18529 0.027791
18530 0.025155
18531 0.023982
18535 0.022599
18537 0.020784
18538 0.019830
18539 0.019133
18540 0.019472
18541 0.018034
18542 0.016668
18543 0.015761
18544 0.015186
18545 0.014144
18546 0.013675
18547 0.013651
18548 0.012151
18570 0.016476
18682 0.017725
18683 0.019257
18685 0.019974
18696 0.021077
18710 0.021874
18711 0.021990
19626 0.021490
19750 0.022379
20602 0.025786
21713 0.027609
21823 0.027300
21923 0.027693
22511 0.028340
22512 0.028933
22513 0.029652
22514 0.029207
22515 0.028875
22516 0.028601
22517 0.028401
22518 0.028639
22519 0.029132
22520 0.029468
22521 0.030058
22527 0.034472
22529 0.032600
22530 0.033335
22534 0.032864
22535 0.032297
22537 0.031101
22538 0.030260
22540 0.029114
22542 0.028967
22543 0.028150
22545 0.024446
22546 0.022518
22547 0.022643
22548 0.022473
22551 0.023633
22552 0.023924
22553 0.023633
22556 0.024141
22562 0.024535
22563 0.024797
22564 0.025040
22565 0.024989
22566 0.024740
22569 0.026642
22570 0.027800
22572 0.024019
22573 0.022839
22575 0.021733
22629 0.021410
22751 0.021151
22752 0.021338
22753 0.021846
22754 0.022423
22755 0.023708
22761 0.025172
22797 0.025586
22798 0.025658
22799 0.025777
22801 0.026333
22802 0.024983
22803 0.024356
22804 0.024645
22805 0.025031
22806 0.025710
22807 0.028019
22808 0.029197
22809 0.030164
22810 0.031269
22811 0.029773
22812 0.029038
22813 0.029126
22814 0.027790
22842 0.030083
22921 0.030055
22922 0.030386
22923 0.030833
22924 0.031050
22933 0.031957
22938 0.031135
22939 0.029263
22940 0.029174
22941 0.029327
22942 0.029218
22954 0.030027
22955 0.030561
22956 0.031256
22957 0.031586
22958 0.031025
22959 0.030499
22960 0.028404
22962 0.027891
22963 0.027840
22965 0.027244
22976 0.028300
22977 0.028442
22978 0.028510
22980 0.028944
22983 0.026329
22984 0.025803
23004 0.025668
23005 0.025205
23019 0.025139
23020 0.024142
23021 0.024300
23022 0.025116
23023 0.025714
23089 0.026953
23090 0.027666
23106 0.026355
23107 0.025338
23113 0.025100
23114 0.024555
23115 0.024195
23145 0.023673
23147 0.023368
23151 0.023135
23152 0.022523
23153 0.022223
23169 0.021166
23170 0.020537
23173 0.020633
23174 0.020020
23175 0.019426
23176 0.019359
23177 0.020163
23178 0.020344
23179 0.019715
23180 0.019218
23181 0.018518
23182 0.018963
23183 0.019839
23184 0.020154
23185 0.020441
23198 0.020796
23199 0.020919
23200 0.020303
23201 0.020420
23202 0.020274
23203 0.020416
23204 0.021130
23205 0.021568
23206 0.022694
23207 0.023335
23208 0.023703
23209 0.023882
23211 0.023041
23212 0.023292
23213 0.023289
23289 0.024872
23290 0.024975
23480 0.027477
23494 0.029984
23513 0.033780
23539 0.034857
23557 0.034069
23558 0.032720
23631 0.031786
24203 0.031359
24574 0.032448
24802 0.036374
