671 0.055137
672 0.057136
673 0.058218
674 0.058041
917 0.058631
988 0.059004
1072 0.058048
1136 0.054924
1137 0.054740
1202 0.052850
1222 0.049322
1230 0.046768
1327 0.042706
1328 0.043461
1329 0.038296
1330 0.041575
1331 0.041300
1336 0.038502
1337 0.041057
1338 0.039944
1339 0.041865
1341 0.036261
1343 0.036237
1344 0.036956
1345 0.038791
1346 0.039063
1347 0.038540
1348 0.036290
1349 0.036602
1539 0.034780
1540 0.037524
1541 0.037356
1542 0.037352
1543 0.037893
1544 0.045387
1587 0.048849
1588 0.049420
1589 0.050888
1590 0.054594
1625 0.053346
1626 0.050694
1636 0.049284
1637 0.049694
1639 0.047480
1641 0.048019
1642 0.045962
1643 0.046863
1646 0.047128
1647 0.045178
1649 0.043242
1655 0.042249
1656 0.044973
1657 0.045917
1658 0.045765
1659 0.046665
1694 0.043468
1695 0.043286
1696 0.043310
1697 0.046938
1698 0.040589
1731 0.038413
1732 0.038414
1733 0.037123
1764 0.032955
1783 0.032683
1811 0.031916
1820 0.032458
1827 0.031209
1849 0.031519
2115 0.030898
2419 0.031707
2552 0.033470
2613 0.035767
3081 0.035778
3784 0.036760
4086 0.036861
4491 0.038624
4609 0.045072
4655 0.052012
4657 0.053999
4658 0.061109
4659 0.066465
4660 0.070425
4661 0.069600
4663 0.067828
4664 0.069246
4665 0.069658
4666 0.069844
4667 0.067995
4668 0.068756
4670 0.069308
4671 0.068504
4672 0.068672
4673 0.067886
4674 0.067964
4675 0.068350
4676 0.067053
4677 0.068961
4678 0.070930
4679 0.070241
4693 0.069329
4694 0.063392
4695 0.057225
4697 0.050233
4699 0.048687
4700 0.041740
4701 0.036709
4702 0.033260
4703 0.030863
4704 0.031776
4705 0.029405
4708 0.029190
4709 0.029942
4710 0.032517
4711 0.033717
4712 0.039565
4726 0.039483
4748 0.039696
4750 0.042816
4751 0.043153
4752 0.044224
4753 0.044602
4754 0.042974
4769 0.044474
4770 0.043306
4775 0.044028
4776 0.045712
4790 0.045450
4791 0.046262
4792 0.047463
4805 0.049614
4808 0.048848
4809 0.047825
4819 0.046292
4820 0.045913
4821 0.045041
4822 0.044885
4824 0.043683
4825 0.042456
4826 0.041376
4827 0.035174
4828 0.034807
4829 0.035520
4839 0.032177
4840 0.031579
4841 0.030183
4842 0.031365
4843 0.030252
4844 0.030059
4845 0.034345
4923 0.033736
4924 0.033474
4989 0.035337
4990 0.035992
4994 0.033785
5004 0.031658
5008 0.031497
5009 0.033120
5010 0.034899
5011 0.037192
5012 0.045120
5013 0.044493
5014 0.045665
5015 0.052327
5016 0.060118
5017 0.068732
5019 0.074782
5024 0.074943
5025 0.077210
5026 0.078150
5027 0.077544
5039 0.074963
5040 0.075268
5054 0.072281
5096 0.068583
5097 0.069556
5098 0.068658
5099 0.066602
5101 0.065935
5102 0.067671
5103 0.067799
5131 0.067690
5132 0.066819
5133 0.065648
5232 0.065526
5233 0.061624
5249 0.061294
5259 0.062392
5324 0.056131
5347 0.047761
5408 0.041103
5445 0.039595
5525 0.039404
5640 0.037836
5793 0.036609
5812 0.037506
5909 0.037784
5922 0.036127
5999 0.035841
6005 0.036667
6093 0.038703
6098 0.038881
6099 0.042996
6100 0.043884
6101 0.045276
6102 0.045958
6105 0.045751
6106 0.045983
6107 0.046560
6108 0.045732
6109 0.043884
6110 0.045026
6111 0.044522
6112 0.043892
6129 0.044759
6130 0.045635
6133 0.041664
6136 0.043142
6142 0.043728
6143 0.044995
6260 0.044554
6361 0.044883
6396 0.046844
6397 0.048108
6398 0.046594
6399 0.043764
6421 0.043260
6423 0.038990
6430 0.038836
6432 0.035916
6434 0.038339
6435 0.039127
6436 0.043087
6437 0.042192
6440 0.040892
6441 0.039360
6451 0.037297
6452 0.035496
6454 0.036874
6455 0.036415
6456 0.034459
6486 0.034775
6487 0.033693
6490 0.033652
6494 0.032397
6495 0.033319
6496 0.032655
6499 0.030922
6501 0.029528
6506 0.030597
6507 0.030757
6508 0.031815
6527 0.031806
6528 0.030839
6536 0.030267
6537 0.027033
6538 0.026520
6539 0.021753
6540 0.021375
6547 0.022609
6548 0.024492
6549 0.025076
6550 0.025326
6551 0.023452
6552 0.022046
6553 0.021641
6554 0.022027
6594 0.021304
6796 0.020995
6797 0.021762
6802 0.020187
6803 0.020410
6805 0.020177
6806 0.020558
6807 0.022413
6808 0.022153
6885 0.020872
6958 0.020378
6959 0.020693
7065 0.020492
7762 0.021512
7877 0.026454
9302 0.030639
9340 0.038959
9835 0.042353
9888 0.043256
9933 0.044174
10099 0.046109
10113 0.048877
10114 0.058701
10215 0.059579
10216 0.063565
10217 0.064982
10218 0.069569
10221 0.078160
10232 0.079349
10248 0.079197
10249 0.079390
10250 0.080819
10251 0.079365
10252 0.081655
10253 0.087305
10254 0.087981
10255 0.086957
10269 0.087728
10278 0.087328
10279 0.083344
10280 0.078802
10281 0.070798
10282 0.070100
10285 0.068532
10287 0.066945
10288 0.065225
10290 0.063415
10307 0.054724
10308 0.054125
10309 0.052194
10310 0.050532
10312 0.045774
10313 0.038371
10314 0.039293
10315 0.042033
10316 0.046669
10329 0.045015
10332 0.043781
10343 0.041705
10344 0.036110
10358 0.035846
10361 0.038463
11453 0.038528
11667 0.037707
12493 0.038013
12537 0.039897
12603 0.040772
12605 0.038082
12709 0.039272
12956 0.043742
12957 0.049647
13704 0.049988
13724 0.052787
13734 0.058816
13738 0.056831
13764 0.056300
13765 0.057537
13766 0.055620
13767 0.054042
13776 0.052789
13777 0.049897
13778 0.050807
13779 0.052759
13816 0.052698
13817 0.053472
13818 0.053870
13819 0.053542
13828 0.052811
13829 0.055380
13830 0.055046
13831 0.054285
13863 0.053643
13864 0.054874
13865 0.052548
13866 0.049383
13867 0.044405
13944 0.044282
13977 0.040307
13978 0.035448
13979 0.035864
13980 0.040296
13981 0.038508
13982 0.040877
13983 0.039841
14001 0.037856
14003 0.037964
14046 0.037315
14047 0.035365
14049 0.035816
14050 0.036239
14051 0.038036
14226 0.036051
14227 0.036597
14229 0.034540
14232 0.033336
14233 0.033140
14234 0.034187
14236 0.033069
14257 0.032753
14259 0.031790
14263 0.031444
14264 0.032846
14265 0.034061
14266 0.033361
14267 0.033648
14357 0.029914
14358 0.031503
14360 0.030719
14361 0.032241
14362 0.038447
14363 0.040570
14364 0.039918
14365 0.042021
14366 0.051494
14367 0.050305
14368 0.055771
14369 0.059253
14370 0.062211
14428 0.066196
14429 0.067061
14430 0.066153
14498 0.065078
14501 0.064207
14502 0.070655
14503 0.075714
14504 0.077957
14505 0.075862
14560 0.076570
14630 0.077420
14664 0.076359
14665 0.076108
14704 0.075978
14840 0.074858
14997 0.073780
15000 0.069961
15001 0.072409
15013 0.072779
15324 0.070847
15425 0.060832
15426 0.060832
15427 0.053480
15428 0.051350
15429 0.049018
15502 0.048406
15503 0.047817
15504 0.047569
15505 0.048253
15564 0.047660
15565 0.041825
15567 0.037558
15568 0.035583
15569 0.037007
15570 0.037294
15571 0.038099
15647 0.037113
15648 0.036665
15649 0.036194
15650 0.035961
15651 0.036661
15652 0.037006
15653 0.030349
15654 0.030441
15657 0.030119
15658 0.031426
15659 0.034269
15660 0.034811
15661 0.033593
15662 0.036038
15672 0.032388
15674 0.032535
15675 0.033966
15676 0.034783
15677 0.038178
15678 0.038466
15679 0.040047
15680 0.040764
15770 0.040025
15772 0.037794
15921 0.035127
15922 0.035079
16024 0.044009
16300 0.044777
16608 0.044619
16610 0.044540
16974 0.045226
17148 0.045039
17621 0.045700
17622 0.045601
17624 0.047387
17678 0.046630
17751 0.048426
17778 0.048183
18142 0.049435
18197 0.053195
18214 0.055916
18215 0.056690
18216 0.056990
18217 0.055552
18218 0.061263
18219 0.059081
18220 0.061657
18221 0.062043
18222 0.067014
18223 0.067161
18235 0.067474
18236 0.062651
18237 0.063718
18238 0.068096
18239 0.067242
18331 0.063915
18333 0.064086
18334 0.062948
18335 0.064170
18336 0.061706
18337 0.059721
18338 0.058691
18350 0.059361
18351 0.056311
18391 0.053171
18427 0.049845
18500 0.049391
18501 0.047760
18502 0.046096
18503 0.039776
18520 0.039185
18521 0.035578
18522 0.035550
18526 0.033541
18527 0.032983
18528 0.035449
18529 0.031887
18530 0.029257
18531 0.026040
18535 0.026921
18537 0.028066
18538 0.028986
18539 0.030184
18540 0.028981
18541 0.029220
18542 0.030650
18543 0.028707
18544 0.028927
18545 0.028536
18546 0.029785
18547 0.033684
18548 0.033188
18570 0.032846
18682 0.032206
18683 0.031974
18685 0.032847
18696 0.035664
18710 0.034489
18711 0.039781
19626 0.042591
19750 0.040028
20602 0.041510
21713 0.042769
21823 0.041465
21923 0.042247
22511 0.045559
22512 0.051966
22513 0.051493
22514 0.051180
22515 0.050085
22516 0.052298
22517 0.054381
22518 0.056223
22519 0.055711
22520 0.056335
22521 0.055785
22527 0.055326
22529 0.054983
22530 0.057756
22534 0.058635
22535 0.059080
22537 0.057013
22538 0.056538
22540 0.048476
22542 0.055064
22543 0.055301
22545 0.054002
22546 0.053441
22547 0.056655
22548 0.055357
22551 0.051461
22552 0.044100
22553 0.043899
22556 0.045700
22562 0.046411
22563 0.043853
22564 0.042409
22565 0.039975
22566 0.040375
22569 0.038877
22570 0.036951
22572 0.043069
22573 0.044681
22575 0.043030
22629 0.043676
22751 0.042429
22752 0.050944
22753 0.050401
22754 0.058631
22755 0.049679
22761 0.050521
22797 0.050500
22798 0.050968
22799 0.052262
22801 0.052005
22802 0.052517
22803 0.055095
22804 0.054849
22805 0.053284
22806 0.052595
22807 0.052526
22808 0.051629
22809 0.051621
22810 0.050779
22811 0.051114
22812 0.051085
22813 0.045888
22814 0.044638
22842 0.043864
22921 0.041895
22922 0.043181
22923 0.036281
22924 0.036486
22933 0.028791
22938 0.028982
22939 0.030899
22940 0.032339
22941 0.034635
22942 0.034870
22954 0.036893
22955 0.036949
22956 0.035463
22957 0.034996
22958 0.038235
22959 0.038667
22960 0.040374
22962 0.040426
22963 0.040446
22965 0.041033
22976 0.040084
22977 0.039930
22978 0.038564
22980 0.038265
22983 0.038138
22984 0.038451
23004 0.038455
23005 0.036016
23019 0.036932
23020 0.036342
23021 0.035597
23022 0.033502
23023 0.034667
23089 0.033126
23090 0.028452
23106 0.026230
23107 0.025773
23113 0.025640
23114 0.027239
23115 0.027211
23145 0.027953
23147 0.025542
23151 0.026474
23152 0.028048
23153 0.026957
23169 0.028677
23170 0.029780
23173 0.029564
23174 0.030923
23175 0.031533
23176 0.032978
23177 0.033118
23178 0.033945
23179 0.036170
23180 0.037017
23181 0.037864
23182 0.038736
23183 0.038249
23184 0.037062
23185 0.041225
23198 0.041785
23199 0.042094
23200 0.041184
23201 0.041220
23202 0.039754
23203 0.042315
23204 0.042537
23205 0.042111
23206 0.046372
23207 0.048199
23208 0.053432
23209 0.057991
23211 0.061101
23212 0.063600
23213 0.068507
23289 0.067349
23290 0.066285
23480 0.065045
23494 0.063365
23513 0.064201
23539 0.066100
23557 0.067051
23558 0.065017
23631 0.065660
24203 0.068465
24574 0.071269
24802 0.070751
