217 0.077117
222 0.072333
223 0.067692
224 0.063362
225 0.059709
250 0.062639
257 0.064885
358 0.067562
467 0.068862
473 0.072061
481 0.078496
499 0.081758
695 0.082797
1153 0.083229
1594 0.085020
1597 0.084614
1662 0.083370
1772 0.086571
1773 0.086471
1774 0.085537
1775 0.085755
1776 0.084962
1788 0.084808
1790 0.086718
1791 0.087860
1792 0.088432
1794 0.086058
1796 0.085170
1833 0.084748
1834 0.084692
1835 0.078286
1890 0.075407
1891 0.071093
1892 0.070173
1895 0.068375
1897 0.065063
1899 0.065666
1969 0.064820
1972 0.064180
1975 0.061738
1980 0.061274
1981 0.061247
1982 0.057782
1994 0.057065
1995 0.055527
1996 0.054296
1997 0.053722
2009 0.054749
2010 0.053466
2011 0.052738
2018 0.053234
2019 0.055284
2020 0.058539
2021 0.060806
2068 0.065286
2069 0.065526
2070 0.062329
2072 0.060177
2073 0.057873
2076 0.058729
2077 0.056987
2121 0.059502
2126 0.060736
2331 0.066096
2449 0.068326
2512 0.071158
2533 0.079945
2951 0.081492
3072 0.080276
3233 0.083420
3590 0.083962
3950 0.084330
3951 0.082911
3952 0.082505
3953 0.085000
3954 0.085078
3957 0.083627
3959 0.081332
3960 0.081002
3961 0.079006
3962 0.081845
3963 0.085218
3964 0.087578
3966 0.092513
3967 0.090584
3968 0.089294
3969 0.083011
3980 0.083042
3981 0.077232
3982 0.074905
3983 0.071213
3984 0.062995
3985 0.061823
3987 0.063837
3988 0.062135
3989 0.063071
4004 0.063253
4007 0.064857
4008 0.065299
4011 0.063886
4012 0.063051
4015 0.066283
4016 0.068678
4017 0.069734
4019 0.071347
4022 0.070742
4023 0.067826
4024 0.065531
4029 0.061624
4031 0.062629
4034 0.063942
4115 0.069062
4212 0.069526
4340 0.072779
4447 0.074113
4541 0.076239
4577 0.076818
4578 0.076211
4579 0.073864
4581 0.075104
4582 0.075140
4583 0.075008
4584 0.073872
4598 0.075582
4599 0.074506
4600 0.073975
4601 0.070040
4602 0.067481
4604 0.066241
4605 0.064262
4645 0.065405
4650 0.066725
4687 0.067836
4688 0.067445
4689 0.066707
4690 0.066980
4691 0.063664
4755 0.065486
4756 0.063807
4777 0.065214
4778 0.064147
4780 0.063197
4781 0.062736
4789 0.066555
4795 0.064188
4796 0.061926
4810 0.064915
4811 0.064709
4813 0.062801
4816 0.065717
4832 0.067301
4833 0.068757
4836 0.071291
4846 0.074759
4847 0.074898
4849 0.072571
4855 0.073109
4866 0.075602
4868 0.075214
4881 0.075218
4976 0.077399
4977 0.077036
5174 0.073362
5175 0.072102
5181 0.070329
5182 0.069083
5183 0.068875
5184 0.069908
5196 0.069089
5197 0.070864
5200 0.073650
5202 0.071555
5203 0.071319
5204 0.071247
5207 0.067461
5208 0.066471
5209 0.065679
5210 0.064899
5212 0.061586
5213 0.062636
5215 0.064073
5306 0.064715
5379 0.062092
5384 0.063948
5413 0.063472
5415 0.059300
5421 0.058288
5424 0.057602
5427 0.057897
5428 0.058320
5429 0.060358
5430 0.062605
5431 0.064324
5449 0.064040
5450 0.062773
5451 0.061038
5452 0.058999
5453 0.058171
5454 0.057816
5457 0.058198
5472 0.058112
5473 0.056959
5478 0.057406
5479 0.055555
5480 0.052040
5483 0.048524
5484 0.044794
5485 0.043590
5489 0.043076
5490 0.041655
5491 0.041068
5511 0.045486
5512 0.049177
5530 0.050870
5534 0.054947
5563 0.055260
5588 0.056993
5656 0.054719
5657 0.052144
5658 0.052235
5705 0.053754
5709 0.056172
5721 0.056835
5743 0.058783
5745 0.059565
5746 0.060708
5748 0.065587
5751 0.063212
5752 0.063572
5755 0.062739
5759 0.065211
5762 0.067055
5763 0.067984
5764 0.067194
5765 0.069044
5766 0.071950
5800 0.070349
5801 0.066607
5802 0.064228
5804 0.059710
5805 0.059604
5825 0.056138
5826 0.055360
5827 0.055142
5838 0.055723
5839 0.054104
5841 0.051566
5842 0.051455
5843 0.050471
5848 0.049006
5849 0.046355
5851 0.041511
5855 0.040521
5856 0.038647
5883 0.039235
5885 0.036707
5886 0.035754
5887 0.035838
5890 0.035238
5900 0.036737
5901 0.036538
5902 0.034661
5936 0.035478
5937 0.035508
5938 0.035416
5939 0.034927
5943 0.034735
5971 0.036712
6051 0.036793
6052 0.034338
6053 0.033680
6055 0.033720
6121 0.036938
6122 0.039023
6125 0.039458
6126 0.039976
6137 0.040126
6138 0.040371
6139 0.041499
6144 0.045800
6145 0.049827
6306 0.053967
6331 0.054491
6332 0.054459
6333 0.051425
6334 0.049494
6335 0.047696
6362 0.047977
6363 0.049116
6401 0.052044
6402 0.054273
6446 0.055812
6447 0.055451
6593 0.056563
6795 0.059305
6800 0.063135
6801 0.064299
6804 0.061527
6809 0.064846
6957 0.064949
6962 0.067112
6963 0.067943
6964 0.068233
6980 0.068613
6989 0.066580
6990 0.063558
6991 0.059393
6992 0.057848
6995 0.057261
6996 0.058487
6999 0.061119
7000 0.062774
7001 0.064181
7002 0.066229
7008 0.065952
7009 0.062999
7010 0.061358
7011 0.060485
7014 0.059045
7015 0.057159
7016 0.056801
7019 0.055780
7020 0.054981
7021 0.049143
7024 0.048617
7025 0.046684
7026 0.047065
7027 0.048155
7028 0.049251
7029 0.048164
7593 0.047346
7594 0.047173
7603 0.048184
7604 0.048643
7605 0.047242
7606 0.043959
7607 0.041936
7608 0.039624
7609 0.037335
7610 0.035640
7632 0.036305
7637 0.036415
7643 0.038378
7644 0.040101
7645 0.040583
7646 0.038741
7648 0.039241
7744 0.039832
7746 0.040400
7747 0.041724
7860 0.042299
7861 0.041926
7862 0.040663
7863 0.038650
7886 0.037857
7889 0.038815
7891 0.040116
7892 0.039950
7893 0.040462
7895 0.041903
7896 0.042823
7897 0.043475
7899 0.044867
7900 0.044992
7908 0.044362
7912 0.046720
7913 0.048651
7914 0.047874
7922 0.047720
7943 0.049682
7961 0.050072
7986 0.051165
7987 0.051199
7988 0.050203
8037 0.051881
8261 0.054951
8262 0.056461
8263 0.057841
8265 0.058051
8266 0.057715
8267 0.056519
8268 0.055366
8269 0.054425
8271 0.053331
8272 0.051549
8273 0.050617
8274 0.049707
8275 0.047784
8308 0.048677
8309 0.048772
8310 0.045345
8311 0.043134
8312 0.041424
8315 0.040415
8318 0.040643
8319 0.040176
8320 0.039099
8321 0.038427
8322 0.037918
8323 0.034833
8324 0.030758
8338 0.030871
8356 0.029933
8357 0.030120
8358 0.030040
8359 0.030319
8360 0.030316
8384 0.031753
8385 0.032528
8386 0.032774
8388 0.033168
8389 0.033931
8398 0.035187
8399 0.034899
8400 0.035826
8401 0.036597
8402 0.037746
8405 0.038206
8407 0.038367
8408 0.036567
8431 0.036187
8432 0.034913
8433 0.034215
8505 0.034485
8507 0.035249
8508 0.035281
8536 0.034471
8537 0.034458
8538 0.034373
8539 0.033848
8544 0.034011
8545 0.033856
8546 0.032282
8549 0.032833
8550 0.033162
8551 0.032803
8552 0.032482
8553 0.031847
8554 0.030911
8571 0.031930
8572 0.032512
8573 0.031925
8574 0.032586
8575 0.033068
8576 0.032465
8604 0.034519
8612 0.039170
8673 0.040454
8674 0.041088
8675 0.042092
8677 0.042828
8694 0.041157
8695 0.040160
8696 0.039648
8706 0.042612
8710 0.042666
8711 0.043063
8712 0.043315
8713 0.042381
8715 0.042392
8721 0.044311
8722 0.044573
8723 0.043896
8724 0.042790
8726 0.039676
8727 0.037965
8728 0.037248
8737 0.037792
8738 0.037799
8739 0.037608
8742 0.036294
8743 0.033144
8744 0.032455
8746 0.031584
8747 0.030688
8748 0.030271
8749 0.030208
8750 0.030146
8759 0.031934
8760 0.031377
8761 0.032513
8762 0.033794
8764 0.035035
8765 0.035872
8856 0.036923
8858 0.035857
8859 0.035760
8860 0.036142
8861 0.037218
8862 0.037851
8926 0.039090
9008 0.039691
9009 0.038157
9018 0.038535
9019 0.038571
9020 0.036645
9021 0.035479
9029 0.036599
9030 0.036773
9031 0.036384
9032 0.036221
9033 0.036394
9034 0.036555
9035 0.034829
9039 0.032734
9040 0.030888
9041 0.028884
9042 0.027455
9043 0.026632
9044 0.025457
9045 0.024992
9066 0.027083
9067 0.028578
9068 0.028848
9077 0.030352
9078 0.030280
9079 0.030463
9094 0.030723
9115 0.029476
9124 0.029814
9126 0.030586
9153 0.030364
9154 0.028617
9155 0.028067
9157 0.027296
9158 0.026721
9159 0.026054
9160 0.025595
9162 0.025170
9163 0.025894
9164 0.026599
9166 0.027510
9167 0.027971
9169 0.028745
9170 0.029911
9171 0.032109
9172 0.031339
9173 0.031082
9199 0.031373
9244 0.030183
9258 0.029875
9267 0.032452
9270 0.034264
9304 0.035695
9305 0.035739
9381 0.035278
9400 0.041859
9581 0.045576
10030 0.047840
10136 0.049906
10283 0.057434
10440 0.058852
10444 0.060248
10599 0.061162
10639 0.062992
10655 0.069336
10738 0.068873
10783 0.069381
10850 0.069031
10879 0.067866
10880 0.066034
10882 0.064548
10883 0.063663
10884 0.063427
10885 0.064745
10886 0.065350
10901 0.064999
10902 0.064533
10903 0.063728
10904 0.063665
10905 0.063621
10906 0.057528
10907 0.054414
10910 0.055338
10911 0.055867
10912 0.050668
10916 0.051360
10917 0.052001
10918 0.052790
10934 0.050922
10935 0.044781
10936 0.045612
10973 0.044793
10975 0.044768
10976 0.045454
10985 0.046579
10988 0.046364
10991 0.045604
10994 0.044298
10995 0.042128
10996 0.040774
11009 0.038088
11010 0.036173
11012 0.034829
11053 0.035031
11054 0.034550
11055 0.033876
11056 0.033460
11059 0.031484
11062 0.029856
11063 0.027681
11064 0.025563
11069 0.024669
11070 0.023843
11077 0.023970
11078 0.023904
11079 0.023246
11081 0.024030
11084 0.025606
11085 0.026429
11086 0.026124
11087 0.026424
11282 0.026753
11283 0.027328
11396 0.029510
11397 0.030145
11398 0.030198
11399 0.030839
11403 0.033330
11404 0.032305
11406 0.033475
11410 0.034404
11411 0.035149
11413 0.034307
11414 0.034513
11419 0.036043
11420 0.037553
11421 0.038520
11423 0.038359
11424 0.038242
11427 0.039069
11428 0.039972
11450 0.039988
11451 0.037829
11452 0.036222
11461 0.034450
11462 0.033786
11463 0.033644
11464 0.033517
11548 0.032806
11549 0.033329
11550 0.033908
11551 0.035186
11552 0.034605
11553 0.036486
11554 0.036829
11839 0.039627
11842 0.041668
11961 0.045675
12525 0.047317
12526 0.047426
12646 0.049641
12899 0.047881
13308 0.050168
13310 0.050727
13387 0.052576
13607 0.052206
13612 0.051921
13718 0.053320
13789 0.053564
13790 0.054219
13797 0.054843
13801 0.054698
13812 0.055731
13840 0.059945
13841 0.061884
13842 0.062209
13843 0.061053
13844 0.059685
13845 0.057913
13847 0.056943
13848 0.053670
13851 0.051686
13852 0.047308
13853 0.044572
13855 0.043589
13856 0.040538
13859 0.042448
13860 0.041225
13870 0.041327
13883 0.039081
13886 0.040663
13890 0.042109
13893 0.041923
13899 0.041561
13903 0.040904
13904 0.040474
13905 0.040676
13906 0.039832
13922 0.034672
13923 0.031610
13924 0.030274
13925 0.029520
13927 0.029521
13928 0.029610
13934 0.031286
13935 0.031999
13936 0.031553
13937 0.031735
13938 0.031933
13939 0.031504
13940 0.031132
13948 0.029481
13950 0.028859
13951 0.027588
13952 0.026690
13964 0.024301
13965 0.022167
13967 0.021086
14025 0.022254
14026 0.022141
14027 0.021834
14028 0.021449
14054 0.022374
14055 0.022468
14056 0.022721
14057 0.022749
14059 0.023019
14060 0.022409
14061 0.021816
14064 0.021912
14065 0.022381
14067 0.022934
14070 0.023991
14071 0.025100
14072 0.026024
14073 0.027038
14074 0.027529
14081 0.027643
14083 0.027700
14335 0.029472
14336 0.030556
14337 0.032574
14338 0.034733
14339 0.035235
14376 0.038572
14561 0.040889
14623 0.041270
14695 0.041353
15814 0.044797
15841 0.046334
15870 0.047258
15909 0.049246
15956 0.050295
15971 0.052181
15972 0.051704
15974 0.051702
15975 0.052227
15976 0.052008
15977 0.052086
15978 0.051890
15980 0.051339
15981 0.050795
15982 0.049798
15988 0.050922
15989 0.049629
15990 0.049044
15991 0.048329
15992 0.047007
15993 0.046114
15995 0.046237
15996 0.046527
15997 0.047725
15998 0.047544
16000 0.044290
16001 0.042776
16002 0.042109
16003 0.039941
16004 0.043110
16005 0.042811
16006 0.042131
16007 0.041408
16008 0.040832
16009 0.040665
16010 0.040051
16041 0.040579
16042 0.040781
16043 0.040886
16044 0.041150
16045 0.039513
16066 0.041129
16067 0.041651
16068 0.041332
16069 0.040711
16071 0.040361
16072 0.037302
16073 0.034923
16074 0.033271
16075 0.033593
16076 0.033510
16077 0.033410
16078 0.035262
16079 0.036911
16080 0.033978
16081 0.033271
16082 0.034525
16083 0.035777
16084 0.036503
16085 0.036608
16086 0.037055
16087 0.036861
16089 0.036973
16090 0.037095
16091 0.037328
16092 0.037727
16093 0.035445
16094 0.034203
16097 0.034772
16114 0.035533
16115 0.034861
16116 0.034465
16118 0.034223
16120 0.034957
16121 0.033409
16122 0.033138
16123 0.033258
16124 0.032400
16125 0.031287
16126 0.030553
16162 0.034069
16207 0.033485
16208 0.032791
16209 0.031797
16210 0.031940
16211 0.031688
16212 0.030322
16213 0.029248
16214 0.028262
16236 0.028384
16237 0.028461
16238 0.028554
16292 0.029978
16293 0.029317
16295 0.029001
16296 0.029645
16297 0.030741
16298 0.031249
16301 0.031526
16304 0.034285
16305 0.036151
16306 0.037081
16307 0.037127
16308 0.037749
16309 0.038246
16310 0.034849
16311 0.033512
16603 0.034997
16605 0.036057
16611 0.036377
16612 0.035875
16613 0.036297
16621 0.037122
16622 0.037707
16623 0.037061
16668 0.036781
16669 0.036339
16670 0.034637
16672 0.035931
16673 0.036533
16674 0.036182
16675 0.035212
16690 0.037292
16691 0.037198
16692 0.034715
16694 0.032683
16696 0.031646
16706 0.030845
16708 0.029818
16709 0.029361
16710 0.028550
16720 0.029680
16721 0.026901
16723 0.025152
16724 0.023550
16725 0.023071
16732 0.025063
16733 0.024355
16749 0.024620
16750 0.024521
16790 0.025525
16797 0.028695
16798 0.031452
16799 0.030867
16800 0.030374
16801 0.031115
16802 0.032071
16805 0.030456
16806 0.030280
16808 0.030029
16809 0.029819
16812 0.031714
16813 0.032550
16814 0.033151
16826 0.033251
16827 0.033582
16832 0.031976
16833 0.033162
16834 0.033770
16835 0.034354
16837 0.034891
16838 0.032738
16839 0.032760
16840 0.032103
16841 0.032005
16842 0.030462
16844 0.027407
16845 0.024752
16846 0.022916
16851 0.024029
16857 0.028590
16858 0.029411
16859 0.030193
16860 0.030502
16861 0.030862
16867 0.033563
16870 0.031622
16871 0.030281
16949 0.030680
16991 0.033105
17066 0.035061
17073 0.038164
17074 0.038184
17075 0.038390
17076 0.038829
17081 0.040177
17097 0.042131
17098 0.042657
17113 0.044723
17114 0.046237
17115 0.048294
17116 0.050311
17117 0.052531
17118 0.054251
17119 0.054499
17120 0.050601
17121 0.049747
17123 0.050699
17124 0.051037
17125 0.051227
17126 0.050138
17127 0.050688
17128 0.051428
17129 0.050688
17131 0.048638
17132 0.046883
17133 0.045865
17134 0.046056
17135 0.045767
17136 0.045082
17137 0.045059
17138 0.043979
17139 0.043988
17140 0.042340
17141 0.041095
17142 0.039227
17143 0.040471
17144 0.040207
17145 0.040465
17146 0.038405
17147 0.036892
17149 0.036063
17150 0.033607
17151 0.033407
17152 0.033396
17153 0.033773
17155 0.034158
17156 0.034350
17157 0.035037
17158 0.035778
17160 0.036188
17161 0.034929
17163 0.033800
17164 0.033931
17165 0.034012
17167 0.032508
17174 0.033602
17236 0.035195
17237 0.036070
17238 0.037071
17240 0.038520
17241 0.036248
17302 0.036620
17309 0.036998
17315 0.040336
17348 0.041823
17357 0.042621
17358 0.043312
17363 0.043026
17364 0.043055
17365 0.041397
17406 0.041583
17468 0.041867
17469 0.042019
17471 0.041083
17472 0.040451
17473 0.039945
17474 0.039717
17475 0.038839
17476 0.038501
17477 0.038043
17478 0.036316
17479 0.034143
17480 0.032843
17481 0.031508
17482 0.032021
17499 0.034470
17500 0.033645
17501 0.032606
17502 0.029682
17503 0.028645
17516 0.029714
17518 0.029530
17519 0.028810
17520 0.027972
17523 0.029191
17525 0.028730
17526 0.028370
17527 0.029569
17529 0.028997
17532 0.028844
17534 0.028639
17535 0.028835
17536 0.030644
17537 0.032432
17539 0.033872
17540 0.034312
17541 0.036631
17542 0.038283
17543 0.039981
17544 0.038892
17545 0.036809
17546 0.036005
17547 0.035304
17548 0.035555
17550 0.035740
17551 0.034282
17552 0.034066
17553 0.034954
17554 0.036090
17555 0.036170
17556 0.036308
17557 0.035851
17559 0.033531
17560 0.033426
17561 0.034730
17562 0.035883
17563 0.037164
17564 0.036379
17565 0.035369
17566 0.035128
17567 0.035220
17568 0.033791
17569 0.033173
17570 0.032589
17571 0.032122
17572 0.030941
17573 0.029935
17574 0.029153
17575 0.027804
17580 0.027829
17581 0.027511
17582 0.027205
17584 0.028566
17585 0.028468
17586 0.027432
17587 0.026577
17588 0.026680
17589 0.027047
17590 0.028882
17592 0.028686
17593 0.028458
17595 0.027676
17596 0.027311
17597 0.026953
17598 0.026089
17599 0.025284
17600 0.024327
17601 0.023199
17602 0.022594
17603 0.022459
17604 0.022483
17610 0.025714
17611 0.028199
17612 0.029166
17613 0.028924
17614 0.030180
17615 0.031306
17616 0.029745
17617 0.029103
17618 0.028367
17619 0.027886
17620 0.027447
17625 0.028029
17626 0.027247
17628 0.026832
17629 0.026362
17630 0.026032
17631 0.025760
17632 0.025484
17633 0.026553
17634 0.027013
17635 0.027242
17636 0.027456
17637 0.027886
17638 0.028296
17640 0.028571
17641 0.025935
17643 0.025382
17644 0.026498
17645 0.027050
17646 0.026283
17647 0.025507
17661 0.024952
17662 0.024596
17672 0.025769
17706 0.026256
17742 0.027416
17743 0.027430
17744 0.028134
17749 0.027685
17750 0.027462
17752 0.027289
17753 0.027189
17754 0.027043
17755 0.026038
17756 0.025506
17757 0.025253
17758 0.025867
17759 0.025461
17760 0.025020
17762 0.024856
17763 0.024379
17764 0.022550
17765 0.020729
17766 0.019384
17767 0.018454
17768 0.017910
17770 0.019577
17771 0.020740
17772 0.020294
17773 0.020503
17774 0.019399
17775 0.018359
17776 0.016673
17777 0.016213
17779 0.016077
17780 0.016215
17781 0.016218
17782 0.016505
17783 0.016478
17816 0.016835
17824 0.017383
17825 0.017241
17833 0.017786
17834 0.017852
17835 0.017483
17843 0.018974
17844 0.020246
17845 0.021288
17853 0.022848
17854 0.023979
17862 0.025138
17863 0.024315
17877 0.023745
17878 0.023355
17879 0.022956
17881 0.023016
17882 0.023161
17883 0.022974
17884 0.023562
17885 0.024070
17886 0.024425
17887 0.024711
17899 0.025429
17900 0.025746
17902 0.025437
17904 0.024770
17905 0.024110
17906 0.023025
17930 0.022967
17931 0.022727
17932 0.021188
17933 0.019919
17967 0.021216
17968 0.020550
17969 0.019776
17970 0.018723
17971 0.017503
17972 0.016762
17973 0.016179
17974 0.016718
17975 0.017102
17976 0.017333
18021 0.018200
18042 0.018679
18043 0.018024
18044 0.017402
18071 0.019602
18072 0.019554
18073 0.019871
18074 0.020894
18087 0.022466
18088 0.023145
18089 0.023624
18091 0.023459
18092 0.023718
18093 0.023977
18094 0.024130
18095 0.022910
18096 0.022872
18097 0.023143
18098 0.023561
18099 0.023811
18100 0.024514
18101 0.025073
18102 0.024891
18103 0.024404
18104 0.024926
18106 0.024935
18107 0.024665
18110 0.025899
18111 0.026290
18112 0.024338
18113 0.024136
18122 0.024645
18123 0.024222
18124 0.023271
18125 0.022826
18141 0.022664
18143 0.022672
18144 0.022884
18145 0.023088
18146 0.023849
18147 0.023019
18149 0.022719
18176 0.022673
18177 0.022158
18178 0.021906
18179 0.021554
18180 0.021299
18198 0.021161
18199 0.021598
18200 0.022348
18201 0.022613
18224 0.022163
18225 0.021131
18226 0.020703
18227 0.020067
18228 0.019256
18229 0.017811
18230 0.016994
18231 0.016435
18232 0.016235
18286 0.016572
18287 0.016819
18343 0.016912
18344 0.016757
18345 0.016036
18346 0.016894
18347 0.017135
18348 0.017122
18365 0.017510
18367 0.017588
18368 0.017465
18369 0.017416
18370 0.016909
18372 0.016989
18374 0.015526
18375 0.015155
18377 0.015681
18397 0.016685
18398 0.018184
18413 0.019145
18414 0.019594
18415 0.019880
18419 0.020832
18420 0.021234
18421 0.021449
18423 0.021228
18425 0.020801
18447 0.021164
18448 0.021577
18449 0.022289
18450 0.021513
18451 0.021154
18519 0.023195
18523 0.022907
18524 0.022811
18525 0.022476
18532 0.023050
18533 0.023292
18549 0.023091
18550 0.022902
18551 0.022239
18552 0.021300
18553 0.020045
18554 0.018952
18556 0.018879
18557 0.018933
18559 0.019160
18560 0.018453
18562 0.018108
18564 0.018231
18565 0.017915
18566 0.017725
18567 0.016762
18572 0.016518
18573 0.015737
18574 0.015302
18576 0.016189
18577 0.015858
18644 0.016466
18645 0.016869
18646 0.017691
18647 0.018235
18649 0.018439
18650 0.018168
18670 0.018694
18671 0.018447
18672 0.018311
18673 0.018093
18674 0.017406
18713 0.016530
18715 0.015847
18716 0.015151
18717 0.014739
18718 0.014478
18719 0.015530
18720 0.016348
18721 0.017558
18722 0.018354
18723 0.018537
18738 0.019388
18771 0.019709
18772 0.018738
18773 0.016814
18775 0.016558
18857 0.018217
18868 0.018354
18869 0.017642
18870 0.018141
18879 0.019050
18880 0.019267
18891 0.020380
18892 0.021240
18893 0.021915
18910 0.022384
18990 0.023518
18991 0.025163
18992 0.027535
18993 0.028915
18994 0.030014
19001 0.029161
19002 0.028438
19003 0.027520
19004 0.026947
19012 0.026555
19013 0.025668
19014 0.025434
19015 0.025518
19016 0.025452
19017 0.025252
19044 0.024672
19051 0.023889
19052 0.023302
19053 0.022426
19090 0.021604
19091 0.020830
19092 0.019940
19093 0.019277
19123 0.019451
19124 0.019554
19133 0.018418
19134 0.016988
19135 0.014966
19136 0.014007
19139 0.013571
19141 0.013331
19142 0.013442
19143 0.014902
19144 0.016104
19145 0.016839
19147 0.017481
19148 0.017618
19150 0.017449
19151 0.017768
19152 0.018162
19153 0.018661
19159 0.018973
19160 0.019246
19161 0.019714
19162 0.019598
19163 0.019512
19164 0.019870
19165 0.020155
19166 0.019686
19177 0.020193
19178 0.020390
19179 0.020611
19194 0.020909
19195 0.021024
19196 0.020560
19198 0.020175
19199 0.019725
19200 0.017980
19201 0.016940
19202 0.016556
19207 0.017232
19208 0.017955
19224 0.019924
19226 0.021214
19237 0.021496
19238 0.020119
19242 0.020325
19243 0.020354
19244 0.020005
19255 0.019743
19256 0.019608
19257 0.019048
19258 0.019006
19259 0.018958
19260 0.018059
19262 0.018617
19263 0.018691
19264 0.018559
19267 0.018312
19268 0.018510
19269 0.018505
19270 0.020094
19271 0.021081
19272 0.021438
19273 0.021706
19274 0.020896
19275 0.020392
19276 0.018643
19277 0.017122
19349 0.016657
19353 0.016649
19381 0.016167
19444 0.017977
19481 0.019965
19505 0.021037
19553 0.027924
19587 0.028770
20026 0.029175
20580 0.029835
20607 0.031212
20775 0.031022
20799 0.032343
20995 0.032636
21055 0.033168
21362 0.033792
21698 0.036162
21793 0.036398
21898 0.036017
21900 0.035750
21901 0.035266
21902 0.035008
21903 0.034831
21924 0.034619
21925 0.034437
21926 0.034156
21927 0.033638
21928 0.033467
21929 0.031226
21930 0.028808
21931 0.027448
21932 0.020326
21933 0.019290
21935 0.018270
21936 0.017426
21937 0.016385
21938 0.016197
21939 0.014874
21940 0.014435
21941 0.014142
21942 0.013697
21943 0.011671
21944 0.010282
21945 0.010240
21954 0.010008
21956 0.009753
21965 0.010636
21966 0.011199
21967 0.011532
21968 0.011778
21969 0.011822
21970 0.011885
21971 0.012003
21974 0.012346
21975 0.012566
21976 0.012710
21977 0.012793
21978 0.012850
21979 0.012940
21980 0.012748
21981 0.012202
22014 0.012435
22015 0.012526
22017 0.012906
22018 0.012889
22019 0.012748
22020 0.012733
22021 0.012588
22022 0.012059
22023 0.011845
22024 0.011648
22025 0.010383
22026 0.009441
22027 0.008814
22028 0.008303
22029 0.008005
22030 0.007822
22032 0.007543
22033 0.007847
22034 0.008436
22035 0.009203
22036 0.010240
22037 0.010826
22047 0.011280
22048 0.011769
22049 0.012724
22081 0.012723
22082 0.013773
22083 0.013960
22084 0.014305
22131 0.014065
22132 0.013779
22133 0.013788
22134 0.014100
22135 0.014218
22182 0.015117
22183 0.015455
22184 0.015763
22196 0.016869
22197 0.017809
22198 0.018856
22199 0.019685
22200 0.020171
22233 0.020167
22234 0.019786
22235 0.019301
22236 0.018518
22245 0.019300
22266 0.020466
22267 0.021294
22268 0.021306
22269 0.021235
22270 0.020230
22292 0.019697
22293 0.019275
22294 0.019335
22438 0.020261
22439 0.020751
22440 0.021135
22441 0.021275
22442 0.020663
22443 0.020448
22505 0.020613
22506 0.019950
22507 0.019262
22508 0.018255
22509 0.017604
22510 0.017400
22524 0.017676
22525 0.017587
22526 0.017455
22528 0.017449
22531 0.016500
22532 0.015206
22533 0.014101
22558 0.013531
22559 0.013124
22560 0.012822
22561 0.012615
22592 0.012840
22593 0.013244
22599 0.014752
22604 0.014937
22605 0.014776
22607 0.015007
22644 0.014899
22645 0.015139
22646 0.014908
22647 0.014632
22648 0.014518
22649 0.014509
22650 0.014329
22651 0.014223
22652 0.013379
22653 0.013266
22654 0.012974
22655 0.012690
22659 0.012352
22661 0.012166
22662 0.011966
22663 0.011554
22665 0.011361
22666 0.011134
22670 0.011558
22671 0.011321
22672 0.011018
22673 0.008597
22674 0.007771
22676 0.007197
22677 0.006628
22678 0.006427
22679 0.005995
22681 0.006761
22684 0.007489
22686 0.007524
22687 0.007620
22691 0.008672
22692 0.009129
22693 0.009559
22708 0.009717
22709 0.010051
22710 0.010278
22720 0.011485
22721 0.012227
22722 0.012926
22733 0.013896
22734 0.014314
22735 0.014731
22742 0.014427
22745 0.014506
22746 0.014481
22747 0.014714
22748 0.014771
22749 0.014828
22756 0.017493
22757 0.019251
22758 0.021056
22759 0.021971
22764 0.021534
22766 0.021937
22767 0.022349
22768 0.021634
22769 0.022173
22772 0.022182
22773 0.022140
22774 0.022130
22775 0.022162
22776 0.020822
22777 0.019839
22778 0.019095
22780 0.018909
22781 0.019141
22782 0.018953
22783 0.019052
22786 0.019519
22787 0.020103
22788 0.020375
22789 0.021356
22790 0.022272
22791 0.020536
22792 0.019433
22793 0.018575
22794 0.017474
22795 0.017765
22796 0.017820
22800 0.017693
22864 0.017820
22866 0.016930
22885 0.017325
22887 0.017702
22888 0.018959
22890 0.019302
22891 0.020576
22892 0.021335
22893 0.022115
22894 0.021732
22895 0.021193
22897 0.021184
22898 0.021027
22899 0.020259
22900 0.020112
22903 0.019554
22904 0.018391
22906 0.018341
22907 0.017618
22908 0.017174
22916 0.016841
22917 0.016620
22918 0.016504
22919 0.016186
22920 0.015976
22927 0.016655
22928 0.017167
22929 0.016989
22930 0.017134
22931 0.016466
22932 0.016190
22936 0.015965
22937 0.015872
22992 0.015864
23001 0.016249
23007 0.015967
23008 0.015750
23009 0.016520
23012 0.016807
23013 0.016344
23014 0.016357
23015 0.016665
23016 0.015986
23017 0.015952
23018 0.015827
23033 0.017530
23034 0.017922
23035 0.017784
23037 0.017997
23038 0.018152
23039 0.017233
23069 0.016774
23070 0.016562
23072 0.015955
23073 0.015300
23074 0.015056
23075 0.014101
23077 0.013499
23078 0.012745
23079 0.012428
23080 0.012670
23081 0.012812
23086 0.013142
23095 0.012923
23096 0.013039
23097 0.013061
23098 0.012796
23102 0.012865
23104 0.012898
23105 0.012952
23116 0.010972
23117 0.010091
23118 0.010062
23119 0.009641
23120 0.009351
23121 0.009064
23132 0.009536
23158 0.009304
23159 0.009259
23160 0.009177
23161 0.009177
23163 0.009680
23164 0.009995
23165 0.010591
23166 0.011097
23186 0.011861
23187 0.012468
23191 0.011699
23192 0.011833
23194 0.012175
23196 0.012621
23264 0.013009
23266 0.012816
23267 0.012714
23268 0.012713
23272 0.014451
23273 0.015641
23274 0.015648
23275 0.016044
23276 0.016476
23277 0.016968
23278 0.016592
23279 0.016581
23280 0.016591
23288 0.017086
23292 0.018456
23293 0.018615
23294 0.018941
23295 0.019032
23296 0.018412
23297 0.017688
23299 0.017300
23307 0.016860
23308 0.016598
23309 0.015931
23310 0.016397
23324 0.018081
23325 0.018814
23326 0.019488
23327 0.019912
23334 0.018184
23335 0.017121
23343 0.016939
23344 0.016770
23345 0.016395
23349 0.016332
23351 0.016054
23352 0.015870
23364 0.016316
23365 0.016184
23366 0.014866
23367 0.014250
23368 0.013700
23369 0.013047
23376 0.013052
23377 0.012785
23378 0.012351
23379 0.012274
23380 0.012183
23381 0.012092
23382 0.010983
23391 0.009593
23392 0.009241
23393 0.008842
23394 0.008570
23419 0.008906
23420 0.009144
23422 0.009458
23468 0.009734
23472 0.010331
23473 0.010468
23481 0.010813
23483 0.011120
23484 0.011116
23493 0.010945
23495 0.011053
23496 0.011422
23497 0.011979
23510 0.012725
23514 0.012984
23515 0.013642
23520 0.014841
23521 0.016081
23522 0.017486
23523 0.018979
23524 0.020148
23525 0.020630
23526 0.020941
23527 0.022161
23528 0.022675
23531 0.022163
23532 0.021700
23533 0.021244
23700 0.021146
23701 0.020755
23702 0.020286
23703 0.019855
23704 0.019519
23705 0.018931
23706 0.018717
23707 0.018608
23708 0.018270
23709 0.017702
23710 0.017149
23711 0.016939
23712 0.016608
23714 0.015969
23715 0.015118
23716 0.013983
23717 0.012977
23718 0.012523
23826 0.012844
23827 0.012721
23828 0.011620
23829 0.011135
23831 0.011384
23832 0.011738
23833 0.012045
23834 0.011945
23835 0.012038
23859 0.012430
23860 0.012456
23861 0.012381
23862 0.012289
23863 0.012139
23865 0.012101
23867 0.011946
23868 0.011947
23869 0.011923
23872 0.011816
23873 0.011615
23876 0.011847
23877 0.012069
23878 0.012207
23879 0.012467
23880 0.012060
23881 0.010603
23882 0.009957
23883 0.009567
23900 0.010137
23901 0.010236
23902 0.010117
23904 0.009647
23905 0.009446
23906 0.009012
23907 0.008816
23908 0.008781
23909 0.008761
23910 0.008821
23911 0.009068
23912 0.009230
23930 0.011227
23931 0.011853
23932 0.011972
23933 0.011892
23934 0.012013
23935 0.011605
23936 0.011608
23938 0.011786
23940 0.011572
23943 0.011916
23944 0.012203
23946 0.012430
23947 0.012612
23974 0.011998
23975 0.011497
23976 0.011151
24010 0.011465
24011 0.011435
24012 0.011506
24035 0.011722
24036 0.011854
24038 0.012298
24052 0.012462
24053 0.012300
24054 0.012085
24056 0.010393
24057 0.009975
24058 0.010083
24061 0.010764
24062 0.011040
24068 0.011649
24069 0.011318
24070 0.011033
24071 0.010825
24098 0.011927
24099 0.012035
24130 0.012356
24188 0.012630
24189 0.012780
24190 0.013358
24191 0.013880
24192 0.014041
24195 0.014330
24196 0.014438
24197 0.014368
24199 0.014578
24200 0.014510
24202 0.014532
24204 0.014623
24231 0.016616
24244 0.017063
24245 0.017044
24246 0.016800
24248 0.016005
24250 0.015580
24251 0.014604
24266 0.015088
24267 0.015462
24268 0.015824
24269 0.014589
24270 0.014367
24271 0.014086
24408 0.014170
24409 0.014286
24410 0.014073
24411 0.014001
24415 0.013742
24416 0.013376
24417 0.013230
24418 0.014251
24419 0.014649
24420 0.014649
24421 0.014675
24422 0.014691
24424 0.012811
24425 0.012202
24428 0.012351
24429 0.012635
24430 0.013027
24435 0.013353
24436 0.013532
24438 0.012960
24439 0.012480
24440 0.011999
24478 0.013362
24479 0.014466
24480 0.015567
24481 0.016364
24482 0.017114
24483 0.018040
24484 0.018639
24485 0.019320
24486 0.019882
24488 0.020155
24489 0.019115
24490 0.018514
24873 0.019883
