217 0.065624
222 0.060924
223 0.058431
224 0.058541
225 0.057601
250 0.061570
257 0.059375
358 0.061140
467 0.060673
473 0.059431
481 0.057284
499 0.057453
695 0.058599
1153 0.054944
1594 0.058455
1597 0.062685
1662 0.064661
1772 0.063521
1773 0.067386
1774 0.068323
1775 0.068130
1776 0.067934
1788 0.068408
1790 0.063804
1791 0.064012
1792 0.062645
1794 0.062521
1796 0.062613
1833 0.061551
1834 0.061297
1835 0.057021
1890 0.056039
1891 0.054349
1892 0.053577
1895 0.052242
1897 0.051772
1899 0.056436
1969 0.053433
1972 0.052423
1975 0.049080
1980 0.044092
1981 0.042581
1982 0.044463
1994 0.040509
1995 0.042263
1996 0.040625
1997 0.042429
2009 0.042601
2010 0.045475
2011 0.047748
2018 0.048463
2019 0.048731
2020 0.047989
2021 0.050266
2068 0.050153
2069 0.050699
2070 0.050349
2072 0.051236
2073 0.050648
2076 0.049936
2077 0.049153
2121 0.043480
2126 0.043992
2331 0.045691
2449 0.049880
2512 0.048162
2533 0.047079
2951 0.044274
3072 0.047982
3233 0.047462
3590 0.049331
3950 0.048114
3951 0.050966
3952 0.051468
3953 0.047868
3954 0.047552
3957 0.047135
3959 0.048176
3960 0.045812
3961 0.048498
3962 0.051750
3963 0.051662
3964 0.054715
3966 0.054961
3967 0.055348
3968 0.054746
3969 0.057158
3980 0.056402
3981 0.055116
3982 0.052443
3983 0.053895
3984 0.052397
3985 0.054632
3987 0.050105
3988 0.051519
3989 0.049452
4004 0.047973
4007 0.044302
4008 0.044197
4011 0.045576
4012 0.045214
4015 0.046720
4016 0.044851
4017 0.045729
4019 0.054279
4022 0.051487
4023 0.051957
4024 0.054965
4029 0.057172
4031 0.057296
4034 0.059923
4115 0.058487
4212 0.061991
4340 0.062256
4447 0.059821
4541 0.058123
4577 0.060380
4578 0.060283
4579 0.060208
4581 0.056418
4582 0.057446
4583 0.057207
4584 0.056852
4598 0.052907
4599 0.051412
4600 0.053202
4601 0.052018
4602 0.054002
4604 0.055000
4605 0.044992
4645 0.044629
4650 0.047508
4687 0.040719
4688 0.039516
4689 0.039648
4690 0.039745
4691 0.043224
4755 0.041557
4756 0.041198
4777 0.041834
4778 0.041788
4780 0.039339
4781 0.036708
4789 0.038419
4795 0.039661
4796 0.040436
4810 0.041162
4811 0.042081
4813 0.043664
4816 0.046980
4832 0.045315
4833 0.046016
4836 0.046411
4846 0.043661
4847 0.041994
4849 0.042020
4855 0.038200
4866 0.037669
4868 0.036844
4881 0.036958
4976 0.033412
4977 0.029067
5174 0.028500
5175 0.029014
5181 0.030545
5182 0.031375
5183 0.030352
5184 0.029885
5196 0.027225
5197 0.026736
5200 0.025221
5202 0.024502
5203 0.026232
5204 0.024984
5207 0.022477
5208 0.022931
5209 0.023394
5210 0.022245
5212 0.024045
5213 0.025254
5215 0.025341
5306 0.025610
5379 0.025988
5384 0.025539
5413 0.025120
5415 0.025453
5421 0.026068
5424 0.025367
5427 0.024712
5428 0.027114
5429 0.029423
5430 0.030704
5431 0.031339
5449 0.031162
5450 0.034166
5451 0.035822
5452 0.037530
5453 0.035409
5454 0.035279
5457 0.034648
5472 0.033450
5473 0.032400
5478 0.031260
5479 0.033296
5480 0.038355
5483 0.038407
5484 0.038254
5485 0.038551
5489 0.038652
5490 0.040095
5491 0.041871
5511 0.042409
5512 0.041800
5530 0.043686
5534 0.040095
5563 0.037056
5588 0.037238
5656 0.037412
5657 0.036633
5658 0.033715
5705 0.032637
5709 0.034110
5721 0.033933
5743 0.034931
5745 0.035750
5746 0.036552
5748 0.037339
5751 0.037364
5752 0.035513
5755 0.030019
5759 0.029256
5762 0.029608
5763 0.029241
5764 0.029338
5765 0.028019
5766 0.026412
5800 0.025411
5801 0.025171
5802 0.025445
5804 0.024785
5805 0.024713
5825 0.022645
5826 0.022028
5827 0.023164
5838 0.022937
5839 0.023951
5841 0.023382
5842 0.024595
5843 0.025603
5848 0.025352
5849 0.024961
5851 0.024099
5855 0.024301
5856 0.022124
5883 0.021197
5885 0.021824
5886 0.022830
5887 0.023074
5890 0.023401
5900 0.023075
5901 0.024094
5902 0.025461
5936 0.030747
5937 0.029789
5938 0.030609
5939 0.031359
5943 0.039070
5971 0.040817
6051 0.039546
6052 0.039444
6053 0.039802
6055 0.037237
6121 0.035900
6122 0.034380
6125 0.034443
6126 0.037767
6137 0.039804
6138 0.041181
6139 0.043154
6144 0.043701
6145 0.043650
6306 0.042471
6331 0.041917
6332 0.041853
6333 0.041675
6334 0.043783
6335 0.045936
6362 0.041120
6363 0.039750
6401 0.039828
6402 0.039298
6446 0.031592
6447 0.029423
6593 0.030669
6795 0.030511
6800 0.028549
6801 0.029008
6804 0.034998
6809 0.038713
6957 0.039706
6962 0.036385
6963 0.035479
6964 0.034501
6980 0.033702
6989 0.033670
6990 0.033828
6991 0.034009
6992 0.034593
6995 0.034959
6996 0.036286
6999 0.032926
7000 0.029613
7001 0.029944
7002 0.031304
7008 0.030448
7009 0.030631
7010 0.030672
7011 0.030877
7014 0.030469
7015 0.030858
7016 0.031061
7019 0.030598
7020 0.024716
7021 0.023176
7024 0.023513
7025 0.023486
7026 0.022029
7027 0.024426
7028 0.028326
7029 0.031420
7593 0.039993
7594 0.042918
7603 0.047425
7604 0.048197
7605 0.050842
7606 0.062921
7607 0.073773
7608 0.081582
7609 0.090080
7610 0.093248
7632 0.099078
7637 0.102435
7643 0.103836
7644 0.107192
7645 0.107435
7646 0.117629
7648 0.123644
7744 0.123436
7746 0.120877
7747 0.118879
7860 0.118547
7861 0.119156
7862 0.116895
7863 0.113688
7886 0.111412
7889 0.102649
7891 0.099307
7892 0.094531
7893 0.097613
7895 0.095055
7896 0.082065
7897 0.073068
7899 0.064612
7900 0.058479
7908 0.055731
7912 0.051752
7913 0.050566
7914 0.049957
7922 0.046911
7943 0.047813
7961 0.038432
7986 0.033194
7987 0.033568
7988 0.033707
8037 0.034386
8261 0.034527
8262 0.035957
8263 0.039525
8265 0.038803
8266 0.040645
8267 0.040901
8268 0.043799
8269 0.046582
8271 0.046531
8272 0.044705
8273 0.049523
8274 0.047100
8275 0.047342
8308 0.046068
8309 0.048120
8310 0.047265
8311 0.046069
8312 0.046226
8315 0.047284
8318 0.046108
8319 0.045812
8320 0.048154
8321 0.051915
8322 0.051975
8323 0.051046
8324 0.051183
8338 0.049638
8356 0.047225
8357 0.045992
8358 0.043635
8359 0.044531
8360 0.042947
8384 0.041942
8385 0.039376
8386 0.041202
8388 0.038306
8389 0.038380
8398 0.038771
8399 0.040841
8400 0.040262
8401 0.039664
8402 0.038904
8405 0.037987
8407 0.038781
8408 0.038060
8431 0.041216
8432 0.038284
8433 0.035853
8505 0.039254
8507 0.039529
8508 0.040861
8536 0.041925
8537 0.041730
8538 0.042540
8539 0.042315
8544 0.043398
8545 0.044301
8546 0.044857
8549 0.043605
8550 0.042721
8551 0.041396
8552 0.042277
8553 0.042282
8554 0.038777
8571 0.036996
8572 0.037589
8573 0.038742
8574 0.043749
8575 0.044293
8576 0.046845
8604 0.044351
8612 0.048080
8673 0.048864
8674 0.049775
8675 0.052939
8677 0.051713
8694 0.050692
8695 0.051978
8696 0.051605
8706 0.054682
8710 0.054966
8711 0.054510
8712 0.052176
8713 0.052346
8715 0.053087
8721 0.052782
8722 0.052850
8723 0.054676
8724 0.054119
8726 0.053960
8727 0.053221
8728 0.052185
8737 0.050526
8738 0.047001
8739 0.045979
8742 0.044256
8743 0.046168
8744 0.045602
8746 0.047147
8747 0.044303
8748 0.044758
8749 0.045422
8750 0.045072
8759 0.045436
8760 0.043119
8761 0.042854
8762 0.041222
8764 0.041353
8765 0.043613
8856 0.044597
8858 0.046416
8859 0.046943
8860 0.047972
8861 0.051170
8862 0.051918
8926 0.053229
9008 0.053548
9009 0.051363
9018 0.052320
9019 0.051352
9020 0.052599
9021 0.048220
9029 0.048517
9030 0.044370
9031 0.043872
9032 0.043723
9033 0.043034
9034 0.042078
9035 0.045628
9039 0.044364
9040 0.045935
9041 0.046674
9042 0.046814
9043 0.044631
9044 0.046984
9045 0.044867
9066 0.044317
9067 0.040985
9068 0.037316
9077 0.036503
9078 0.034467
9079 0.036165
9094 0.037657
9115 0.038210
9124 0.040254
9126 0.041220
9153 0.041072
9154 0.038630
9155 0.037079
9157 0.038164
9158 0.039933
9159 0.040019
9160 0.038196
9162 0.033911
9163 0.034228
9164 0.031972
9166 0.032932
9167 0.032682
9169 0.033144
9170 0.029430
9171 0.034891
9172 0.034863
9173 0.040921
9199 0.041443
9244 0.043477
9258 0.045659
9267 0.043343
9270 0.042548
9304 0.041129
9305 0.038975
9381 0.037726
9400 0.038938
9581 0.039183
10030 0.039877
10136 0.042858
10283 0.040465
10440 0.039883
10444 0.040240
10599 0.041566
10639 0.042197
10655 0.041380
10738 0.042138
10783 0.042706
10850 0.043727
10879 0.042673
10880 0.042294
10882 0.041172
10883 0.035119
10884 0.036279
10885 0.038845
10886 0.040113
10901 0.042264
10902 0.042437
10903 0.042661
10904 0.053172
10905 0.057001
10906 0.058384
10907 0.059186
10910 0.061894
10911 0.059444
10912 0.061691
10916 0.063134
10917 0.063742
10918 0.063245
10934 0.062850
10935 0.063028
10936 0.060294
10973 0.062575
10975 0.059861
10976 0.059764
10985 0.055039
10988 0.057734
10991 0.059419
10994 0.059461
10995 0.054989
10996 0.052109
11009 0.050204
11010 0.049884
11012 0.049799
11053 0.038956
11054 0.036559
11055 0.033961
11056 0.033458
11059 0.031782
11062 0.030412
11063 0.028267
11064 0.027792
11069 0.027343
11070 0.026649
11077 0.026799
11078 0.025855
11079 0.025898
11081 0.022810
11084 0.023186
11085 0.024677
11086 0.024601
11087 0.022954
11282 0.021403
11283 0.021057
11396 0.021103
11397 0.021805
11398 0.024616
11399 0.023131
11403 0.022975
11404 0.024401
11406 0.024789
11410 0.023543
11411 0.024179
11413 0.023190
11414 0.023052
11419 0.024890
11420 0.024098
11421 0.024768
11423 0.024829
11424 0.024207
11427 0.023897
11428 0.024625
11450 0.024368
11451 0.024203
11452 0.024398
11461 0.025152
11462 0.025903
11463 0.026076
11464 0.025493
11548 0.025072
11549 0.025131
11550 0.022073
11551 0.022949
11552 0.023266
11553 0.024011
11554 0.023592
11839 0.024783
11842 0.027961
11961 0.027452
12525 0.027695
12526 0.026356
12646 0.028238
12899 0.028088
13308 0.028707
13310 0.028601
13387 0.029252
13607 0.029815
13612 0.029767
13718 0.030221
13789 0.028883
13790 0.029064
13797 0.030407
13801 0.029799
13812 0.032661
13840 0.034271
13841 0.033906
13842 0.037603
13843 0.040225
13844 0.042960
13845 0.042874
13847 0.040499
13848 0.039185
13851 0.035281
13852 0.036396
13853 0.040163
13855 0.040338
13856 0.038277
13859 0.038650
13860 0.038478
13870 0.040018
13883 0.039462
13886 0.040866
13890 0.043684
13893 0.043139
13899 0.043976
13903 0.043371
13904 0.041540
13905 0.042717
13906 0.039747
13922 0.038888
13923 0.039156
13924 0.036860
13925 0.033969
13927 0.031609
13928 0.029509
13934 0.030474
13935 0.031794
13936 0.031303
13937 0.030424
13938 0.026596
13939 0.026438
13940 0.026537
13948 0.025886
13950 0.025292
13951 0.023765
13952 0.023399
13964 0.021073
13965 0.018621
13967 0.020023
14025 0.021357
14026 0.024378
14027 0.023404
14028 0.022703
14054 0.022648
14055 0.021979
14056 0.022458
14057 0.025526
14059 0.027401
14060 0.027339
14061 0.027625
14064 0.027200
14065 0.025826
14067 0.025880
14070 0.025922
14071 0.027021
14072 0.026304
14073 0.028196
14074 0.031837
14081 0.032306
14083 0.034720
14335 0.035017
14336 0.037122
14337 0.041273
14338 0.040191
14339 0.039133
14376 0.038702
14561 0.039965
14623 0.039237
14695 0.040586
15814 0.040664
15841 0.042211
15870 0.039036
15909 0.036712
15956 0.036863
15971 0.039217
15972 0.039436
15974 0.039760
15975 0.041586
15976 0.042311
15977 0.042222
15978 0.044037
15980 0.042373
15981 0.038941
15982 0.039228
15988 0.038476
15989 0.038319
15990 0.035847
15991 0.033547
15992 0.037053
15993 0.040704
15995 0.040632
15996 0.041373
15997 0.042270
15998 0.041213
16000 0.041897
16001 0.039372
16002 0.039091
16003 0.038445
16004 0.038609
16005 0.036252
16006 0.036084
16007 0.037261
16008 0.036430
16009 0.035726
16010 0.036231
16041 0.035116
16042 0.035035
16043 0.035502
16044 0.036009
16045 0.034175
16066 0.035049
16067 0.034974
16068 0.033502
16069 0.029584
16071 0.024285
16072 0.021580
16073 0.020720
16074 0.020588
16075 0.020358
16076 0.019967
16077 0.019781
16078 0.018892
16079 0.019059
16080 0.019102
16081 0.020380
16082 0.020263
16083 0.020685
16084 0.019885
16085 0.019779
16086 0.018115
16087 0.017317
16089 0.017339
16090 0.016541
16091 0.017670
16092 0.024125
16093 0.024190
16094 0.027804
16097 0.027903
16114 0.029557
16115 0.029633
16116 0.029670
16118 0.029060
16120 0.029540
16121 0.029845
16122 0.030051
16123 0.032556
16124 0.032338
16125 0.034204
16126 0.040958
16162 0.040239
16207 0.040375
16208 0.039190
16209 0.038853
16210 0.037812
16211 0.039342
16212 0.040412
16213 0.042231
16214 0.041692
16236 0.039838
16237 0.034349
16238 0.034883
16292 0.031686
16293 0.033501
16295 0.037084
16296 0.038568
16297 0.039912
16298 0.040798
16301 0.042922
16304 0.044078
16305 0.043879
16306 0.042415
16307 0.044909
16308 0.043124
16309 0.036681
16310 0.040686
16311 0.042504
16603 0.042297
16605 0.042640
16611 0.044072
16612 0.042757
16613 0.042897
16621 0.040807
16622 0.042606
16623 0.043076
16668 0.043113
16669 0.042025
16670 0.045635
16672 0.043944
16673 0.039438
16674 0.039284
16675 0.039253
16690 0.037856
16691 0.034868
16692 0.034850
16694 0.038215
16696 0.038155
16706 0.035604
16708 0.036868
16709 0.035672
16710 0.032377
16720 0.032116
16721 0.032792
16723 0.033262
16724 0.036292
16725 0.037306
16732 0.037555
16733 0.038487
16749 0.037017
16750 0.036997
16790 0.037003
16797 0.038729
16798 0.035115
16799 0.034474
16800 0.034094
16801 0.033044
16802 0.032274
16805 0.032566
16806 0.033210
16808 0.031240
16809 0.027866
16812 0.026587
16813 0.026704
16814 0.026582
16826 0.027242
16827 0.027339
16832 0.031605
16833 0.035463
16834 0.034780
16835 0.033897
16837 0.033557
16838 0.032390
16839 0.031666
16840 0.035365
16841 0.038906
16842 0.042564
16844 0.040562
16845 0.041218
16846 0.042856
16851 0.042903
16857 0.044060
16858 0.043724
16859 0.043877
16860 0.042992
16861 0.046449
16867 0.049430
16870 0.051723
16871 0.052781
16949 0.052345
16991 0.052404
17066 0.050882
17073 0.045667
17074 0.040763
17075 0.042903
17076 0.039468
17081 0.038436
17097 0.039014
17098 0.039101
17113 0.035540
17114 0.031754
17115 0.027674
17116 0.028428
17117 0.030045
17118 0.029753
17119 0.030266
17120 0.030321
17121 0.029747
17123 0.029115
17124 0.029440
17125 0.026638
17126 0.023545
17127 0.021913
17128 0.021582
17129 0.023852
17131 0.022987
17132 0.024245
17133 0.025181
17134 0.025266
17135 0.024212
17136 0.025057
17137 0.025119
17138 0.026226
17139 0.026340
17140 0.027237
17141 0.029305
17142 0.032650
17143 0.031948
17144 0.030633
17145 0.031512
17146 0.030885
17147 0.030877
17149 0.031883
17150 0.040491
17151 0.040053
17152 0.039675
17153 0.041725
17155 0.042463
17156 0.042666
17157 0.041595
17158 0.041563
17160 0.052715
17161 0.062793
17163 0.071135
17164 0.070392
17165 0.075646
17167 0.077580
17174 0.075661
17236 0.077948
17237 0.084806
17238 0.083221
17240 0.080055
17241 0.082126
17302 0.082165
17309 0.081521
17315 0.082069
17348 0.080754
17357 0.080821
17358 0.073443
17363 0.074264
17364 0.075894
17365 0.073709
17406 0.073801
17468 0.072963
17469 0.071097
17471 0.073576
17472 0.061116
17473 0.049012
17474 0.040828
17475 0.040423
17476 0.037214
17477 0.036419
17478 0.038138
17479 0.038016
17480 0.029793
17481 0.030127
17482 0.029699
17499 0.028464
17500 0.028911
17501 0.028886
17502 0.030742
17503 0.038686
17516 0.039019
17518 0.042140
17519 0.042497
17520 0.041036
17523 0.041495
17525 0.043120
17526 0.043592
17527 0.043598
17529 0.042228
17532 0.042532
17534 0.043081
17535 0.043396
17536 0.043848
17537 0.041089
17539 0.041374
17540 0.041363
17541 0.039225
17542 0.040500
17543 0.039015
17544 0.040105
17545 0.039633
17546 0.038403
17547 0.036989
17548 0.035113
17550 0.027235
17551 0.027381
17552 0.025620
17553 0.024461
17554 0.024459
17555 0.025324
17556 0.022459
17557 0.022281
17559 0.022976
17560 0.023147
17561 0.024169
17562 0.026036
17563 0.026131
17564 0.029713
17565 0.030089
17566 0.028540
17567 0.028387
17568 0.032488
17569 0.034927
17570 0.048659
17571 0.048417
17572 0.047872
17573 0.048045
17574 0.049334
17575 0.050846
17580 0.051063
17581 0.050062
17582 0.049725
17584 0.050967
17585 0.050891
17586 0.051644
17587 0.053600
17588 0.055357
17589 0.055534
17590 0.055305
17592 0.054796
17593 0.055581
17595 0.058040
17596 0.054819
17597 0.057197
17598 0.057167
17599 0.057108
17600 0.055267
17601 0.052832
17602 0.039155
17603 0.038334
17604 0.041563
17610 0.042005
17611 0.040437
17612 0.038679
17613 0.039050
17614 0.041048
17615 0.039477
17616 0.038987
17617 0.039688
17618 0.039313
17619 0.037052
17620 0.036772
17625 0.036498
17626 0.035472
17628 0.035712
17629 0.033284
17630 0.030786
17631 0.030996
17632 0.031744
17633 0.032311
17634 0.030931
17635 0.028881
17636 0.027734
17637 0.028428
17638 0.028484
17640 0.026047
17641 0.028051
17643 0.028499
17644 0.027899
17645 0.027590
17646 0.025511
17647 0.025805
17661 0.024995
17662 0.023976
17672 0.023597
17706 0.024206
17742 0.022669
17743 0.021816
17744 0.022529
17749 0.021680
17750 0.021706
17752 0.021530
17753 0.020431
17754 0.018694
17755 0.018764
17756 0.021297
17757 0.020737
17758 0.020837
17759 0.022316
17760 0.025973
17762 0.025460
17763 0.023767
17764 0.024389
17765 0.027422
17766 0.027000
17767 0.026822
17768 0.033123
17770 0.034721
17771 0.034841
17772 0.035298
17773 0.036293
17774 0.044110
17775 0.053075
17776 0.055037
17777 0.061103
17779 0.065886
17780 0.067872
17781 0.070570
17782 0.069639
17783 0.071768
17816 0.070092
17824 0.070644
17825 0.070671
17833 0.068324
17834 0.065059
17835 0.065616
17843 0.065468
17844 0.064523
17845 0.061743
17853 0.062573
17854 0.063695
17862 0.056828
17863 0.056369
17877 0.056452
17878 0.055138
17879 0.054282
17881 0.046269
17882 0.038668
17883 0.038015
17884 0.031575
17885 0.026465
17886 0.026280
17887 0.024485
17899 0.023527
17900 0.023241
17902 0.024049
17904 0.023667
17905 0.024202
17906 0.024215
17930 0.024196
17931 0.024107
17932 0.024849
17933 0.026293
17967 0.026690
17968 0.025714
17969 0.024558
17970 0.027057
17971 0.027878
17972 0.028565
17973 0.030729
17974 0.029911
17975 0.031732
17976 0.033551
18021 0.033821
18042 0.036259
18043 0.036027
18044 0.035129
18071 0.037718
18072 0.038157
18073 0.035688
18074 0.034114
18087 0.034815
18088 0.034606
18089 0.035206
18091 0.035180
18092 0.035861
18093 0.034603
18094 0.033317
18095 0.035072
18096 0.035472
18097 0.036138
18098 0.033652
18099 0.032299
18100 0.032425
18101 0.029843
18102 0.029953
18103 0.027903
18104 0.026515
18106 0.024986
18107 0.022939
18110 0.022815
18111 0.022947
18112 0.020187
18113 0.019659
18122 0.020441
18123 0.021569
18124 0.021007
18125 0.021224
18141 0.021224
18143 0.021250
18144 0.020529
18145 0.020037
18146 0.020142
18147 0.018332
18149 0.018767
18176 0.018170
18177 0.018196
18178 0.018055
18179 0.017380
18180 0.017716
18198 0.017517
18199 0.017923
18200 0.017169
18201 0.023256
18224 0.024780
18225 0.032022
18226 0.033862
18227 0.040317
18228 0.041837
18229 0.044082
18230 0.043244
18231 0.047678
18232 0.047693
18286 0.048879
18287 0.048313
18343 0.049540
18344 0.051786
18345 0.052572
18346 0.052734
18347 0.051886
18348 0.052543
18365 0.051991
18367 0.052550
18368 0.053612
18369 0.053557
18370 0.054074
18372 0.054034
18374 0.054546
18375 0.048015
18377 0.046323
18397 0.038842
18398 0.037256
18413 0.030576
18414 0.028982
18415 0.026807
18419 0.027138
18420 0.022340
18421 0.021519
18423 0.020204
18425 0.021187
18447 0.020141
18448 0.018321
18449 0.017266
18450 0.017822
18451 0.017893
18519 0.017548
18523 0.018292
18524 0.017891
18525 0.016834
18532 0.016536
18533 0.016241
18549 0.016149
18550 0.015255
18551 0.015993
18552 0.016243
18553 0.017600
18554 0.015912
18556 0.015974
18557 0.016636
18559 0.016636
18560 0.015786
18562 0.016598
18564 0.017257
18565 0.017388
18566 0.017078
18567 0.016996
18572 0.016990
18573 0.017355
18574 0.017295
18576 0.018342
18577 0.017906
18644 0.017298
18645 0.017033
18646 0.018382
18647 0.018111
18649 0.019437
18650 0.020964
18670 0.020708
18671 0.020082
18672 0.020477
18673 0.019797
18674 0.023659
18713 0.024019
18715 0.024377
18716 0.024508
18717 0.029375
18718 0.029243
18719 0.028804
18720 0.029476
18721 0.028719
18722 0.030591
18723 0.035378
18738 0.036230
18771 0.035343
18772 0.034360
18773 0.035585
18775 0.036381
18857 0.036564
18868 0.035213
18869 0.035955
18870 0.034689
18879 0.033834
18880 0.034369
18891 0.034403
18892 0.033485
18893 0.033287
18910 0.029731
18990 0.029807
18991 0.028766
18992 0.029285
18993 0.027678
18994 0.032861
19001 0.032557
19002 0.031250
19003 0.031906
19004 0.029320
19012 0.024312
19013 0.027107
19014 0.027182
19015 0.028476
19016 0.031205
19017 0.030184
19044 0.030365
19051 0.030455
19052 0.032089
19053 0.034377
19090 0.033955
19091 0.033657
19092 0.035842
19093 0.038370
19123 0.038037
19124 0.039359
19133 0.039974
19134 0.040479
19135 0.039683
19136 0.037183
19139 0.031476
19141 0.031885
19142 0.034030
19143 0.034283
19144 0.034458
19145 0.033865
19147 0.030563
19148 0.031325
19150 0.030595
19151 0.026430
19152 0.026702
19153 0.026690
19159 0.026396
19160 0.024414
19161 0.022286
19162 0.022508
19163 0.021917
19164 0.019778
19165 0.018372
19166 0.018373
19177 0.017280
19178 0.016377
19179 0.015910
19194 0.015483
19195 0.015301
19196 0.015278
19198 0.015157
19199 0.015191
19200 0.014678
19201 0.015158
19202 0.017180
19207 0.016722
19208 0.017958
19224 0.018269
19226 0.018583
19237 0.019591
19238 0.019664
19242 0.019423
19243 0.019917
19244 0.019496
19255 0.019354
19256 0.020221
19257 0.021617
19258 0.021324
19259 0.021957
19260 0.022211
19262 0.021700
19263 0.022433
19264 0.022813
19267 0.023479
19268 0.023528
19269 0.024850
19270 0.023939
19271 0.024197
19272 0.023653
19273 0.021885
19274 0.022156
19275 0.019888
19276 0.019521
19277 0.019419
19349 0.018670
19353 0.019087
19381 0.019277
19444 0.019023
19481 0.019680
19505 0.019369
19553 0.018512
19587 0.018291
20026 0.019314
20580 0.019496
20607 0.019195
20775 0.019350
20799 0.020049
20995 0.024422
21055 0.031424
21362 0.032747
21698 0.032296
21793 0.038725
21898 0.042222
21900 0.045966
21901 0.050089
21902 0.050474
21903 0.053125
21924 0.056679
21925 0.057625
21926 0.057626
21927 0.058407
21928 0.066886
21929 0.067575
21930 0.073663
21931 0.073642
21932 0.075255
21933 0.075753
21935 0.076923
21936 0.083272
21937 0.084828
21938 0.085817
21939 0.084880
21940 0.080670
21941 0.072628
21942 0.071128
21943 0.070770
21944 0.064260
21945 0.061742
21954 0.057941
21956 0.054622
21965 0.053827
21966 0.051615
21967 0.048312
21968 0.048710
21969 0.048112
21970 0.046129
21971 0.038241
21974 0.037182
21975 0.032937
21976 0.034921
21977 0.035189
21978 0.034532
21979 0.033907
21980 0.028485
21981 0.027014
22014 0.027008
22015 0.027238
22017 0.026623
22018 0.026684
22019 0.028737
22020 0.029966
22021 0.032035
22022 0.030941
22023 0.031658
22024 0.034252
22025 0.034177
22026 0.034513
22027 0.034808
22028 0.033622
22029 0.035669
22030 0.035826
22032 0.039912
22033 0.045783
22034 0.043538
22035 0.042788
22036 0.042558
22037 0.043824
22047 0.044544
22048 0.047136
22049 0.051563
22081 0.052702
22082 0.054321
22083 0.059366
22084 0.060741
22131 0.061836
22132 0.061066
22133 0.060187
22134 0.062469
22135 0.065171
22182 0.063688
22183 0.065650
22184 0.065312
22196 0.065127
22197 0.065538
22198 0.066191
22199 0.068204
22200 0.068828
22233 0.063831
22234 0.064028
22235 0.063737
22236 0.062103
22245 0.061019
22266 0.060599
22267 0.057162
22268 0.054015
22269 0.052876
22270 0.051593
22292 0.046767
22293 0.046105
22294 0.044244
22438 0.045870
22439 0.048912
22440 0.046754
22441 0.043656
22442 0.041918
22443 0.047313
22505 0.046893
22506 0.047871
22507 0.054795
22508 0.052241
22509 0.050937
22510 0.048364
22524 0.047364
22525 0.047784
22526 0.046864
22528 0.053093
22531 0.053214
22532 0.053133
22533 0.052582
22558 0.051730
22559 0.055177
22560 0.057520
22561 0.059955
22592 0.062261
22593 0.061393
22599 0.058687
22604 0.053915
22605 0.053188
22607 0.054192
22644 0.055599
22645 0.050698
22646 0.053307
22647 0.052273
22648 0.045645
22649 0.045953
22650 0.047547
22651 0.050433
22652 0.050865
22653 0.054766
22654 0.057256
22655 0.051871
22659 0.055629
22661 0.054027
22662 0.062090
22663 0.069081
22665 0.073111
22666 0.070487
22670 0.070608
22671 0.072217
22672 0.072657
22673 0.074309
22674 0.077825
22676 0.080336
22677 0.078766
22678 0.078324
22679 0.075980
22681 0.074864
22684 0.076502
22686 0.076815
22687 0.077775
22691 0.076217
22692 0.072562
22693 0.072327
22708 0.068560
22709 0.066486
22710 0.065606
22720 0.060611
22721 0.060333
22722 0.054459
22733 0.048119
22734 0.040661
22735 0.041295
22742 0.038583
22745 0.034859
22746 0.034708
22747 0.033768
22748 0.029823
22749 0.029117
22756 0.030128
22757 0.030034
22758 0.031125
22759 0.031288
22764 0.030239
22766 0.029744
22767 0.029666
22768 0.030823
22769 0.030348
22772 0.030806
22773 0.029736
22774 0.031593
22775 0.032335
22776 0.032499
22777 0.033128
22778 0.030772
22780 0.029863
22781 0.028558
22782 0.028885
22783 0.030418
22786 0.029855
22787 0.030005
22788 0.030346
22789 0.030902
22790 0.029649
22791 0.029489
22792 0.029405
22793 0.028531
22794 0.026709
22795 0.026848
22796 0.026763
22800 0.026344
22864 0.027153
22866 0.028256
22885 0.027669
22887 0.028334
22888 0.027567
22890 0.028762
22891 0.028101
22892 0.027133
22893 0.027546
22894 0.028391
22895 0.029651
22897 0.029233
22898 0.027944
22899 0.027757
22900 0.027221
22903 0.026304
22904 0.025810
22906 0.026119
22907 0.025977
22908 0.025230
22916 0.024844
22917 0.025215
22918 0.024198
22919 0.023594
22920 0.024681
22927 0.022384
22928 0.020540
22929 0.020473
22930 0.020356
22931 0.020837
22932 0.022202
22936 0.022198
22937 0.025404
22992 0.024783
23001 0.024363
23007 0.024524
23008 0.024219
23009 0.023882
23012 0.024015
23013 0.024412
23014 0.024679
23015 0.024785
23016 0.024733
23017 0.025164
23018 0.025263
23033 0.026730
23034 0.026691
23035 0.027994
23037 0.027853
23038 0.026479
23039 0.027302
23069 0.026827
23070 0.027788
23072 0.027729
23073 0.025927
23074 0.023857
23075 0.023943
23077 0.021273
23078 0.024586
23079 0.024897
23080 0.024027
23081 0.025401
23086 0.025971
23095 0.025822
23096 0.026032
23097 0.026202
23098 0.028005
23102 0.027547
23104 0.027122
23105 0.027967
23116 0.027537
23117 0.029186
23118 0.027546
23119 0.028407
23120 0.028881
23121 0.027782
23132 0.027761
23158 0.026954
23159 0.026468
23160 0.026006
23161 0.025744
23163 0.027915
23164 0.029250
23165 0.026984
23166 0.026453
23186 0.025841
23187 0.025731
23191 0.027524
23192 0.027220
23194 0.027376
23196 0.027282
23264 0.026334
23266 0.025984
23267 0.025883
23268 0.028513
23272 0.027973
23273 0.026378
23274 0.026843
23275 0.026235
23276 0.025698
23277 0.025593
23278 0.025379
23279 0.026578
23280 0.029333
23288 0.030931
23292 0.030376
23293 0.030978
23294 0.030406
23295 0.029278
23296 0.028414
23297 0.029431
23299 0.027623
23307 0.026830
23308 0.027916
23309 0.027433
23310 0.028582
23324 0.027813
23325 0.030397
23326 0.030418
23327 0.028084
23334 0.027580
23335 0.029122
23343 0.033004
23344 0.036232
23345 0.037507
23349 0.038055
23351 0.038114
23352 0.036697
23364 0.035418
23365 0.034705
23366 0.038085
23367 0.035236
23368 0.041615
23369 0.043550
23376 0.044271
23377 0.044639
23378 0.046348
23379 0.049168
23380 0.054099
23381 0.055383
23382 0.054680
23391 0.054592
23392 0.053237
23393 0.052640
23394 0.052357
23419 0.053905
23420 0.055959
23422 0.051884
23468 0.052209
23472 0.050793
23473 0.053122
23481 0.054284
23483 0.056238
23484 0.055178
23493 0.054442
23495 0.053390
23496 0.053803
23497 0.047122
23510 0.046343
23514 0.046045
23515 0.044857
23520 0.043710
23521 0.040691
23522 0.041649
23523 0.040068
23524 0.040152
23525 0.044272
23526 0.050350
23527 0.054190
23528 0.053928
23531 0.055299
23532 0.053551
23533 0.057742
23700 0.055024
23701 0.055298
23702 0.057933
23703 0.056445
23704 0.059447
23705 0.062102
23706 0.064056
23707 0.063140
23708 0.063103
23709 0.062006
23710 0.063729
23711 0.066706
23712 0.068503
23714 0.067727
23715 0.066411
23716 0.060993
23717 0.061808
23718 0.060940
23826 0.056567
23827 0.049710
23828 0.047033
23829 0.046181
23831 0.043232
23832 0.044335
23833 0.040148
23834 0.040386
23835 0.042219
23859 0.039456
23860 0.039985
23861 0.035812
23862 0.034464
23863 0.034723
23865 0.033304
23867 0.034028
23868 0.035166
23869 0.033355
23872 0.031327
23873 0.031029
23876 0.030912
23877 0.030856
23878 0.030641
23879 0.029763
23880 0.029905
23881 0.030826
23882 0.031100
23883 0.031270
23900 0.033777
23901 0.034769
23902 0.031997
23904 0.032330
23905 0.032030
23906 0.033918
23907 0.031756
23908 0.031704
23909 0.032261
23910 0.033406
23911 0.032573
23912 0.032666
23930 0.031916
23931 0.030861
23932 0.030377
23933 0.029163
23934 0.028019
23935 0.028273
23936 0.031186
23938 0.030257
23940 0.031066
23943 0.031195
23944 0.030197
23946 0.029388
23947 0.028166
23974 0.025816
23975 0.025015
23976 0.024909
24010 0.024062
24011 0.023808
24012 0.020086
24035 0.020287
24036 0.021521
24038 0.020583
24052 0.018653
24053 0.017815
24054 0.018715
24056 0.020128
24057 0.021539
24058 0.022656
24061 0.022536
24062 0.021991
24068 0.021531
24069 0.018732
24070 0.018933
24071 0.019951
24098 0.019954
24099 0.020428
24130 0.021063
24188 0.020892
24189 0.021299
24190 0.021643
24191 0.021924
24192 0.022315
24195 0.021709
24196 0.025249
24197 0.026116
24199 0.025138
24200 0.025230
24202 0.024363
24204 0.024317
24231 0.023550
24244 0.021688
24245 0.020766
24246 0.019661
24248 0.019636
24250 0.022172
24251 0.022338
24266 0.022306
24267 0.022063
24268 0.025000
24269 0.024339
24270 0.029720
24271 0.033924
24408 0.034076
24409 0.033164
24410 0.032678
24411 0.032365
24415 0.033962
24416 0.034630
24417 0.030450
24418 0.029374
24419 0.028823
24420 0.029963
24421 0.030384
24422 0.031146
24424 0.031534
24425 0.034967
24428 0.034108
24429 0.036744
24430 0.038173
24435 0.036111
24436 0.036040
24438 0.037117
24439 0.036799
24440 0.032270
24478 0.032740
24479 0.027466
24480 0.023029
24481 0.023724
24482 0.024300
24483 0.027689
24484 0.033267
24485 0.037895
24486 0.039952
24488 0.043138
24489 0.047350
24490 0.051490
24873 0.050305
