824 0.108365
825 0.103420
826 0.099977
827 0.097375
828 0.095042
839 0.092758
840 0.084017
841 0.079126
842 0.075484
843 0.073210
844 0.071996
845 0.070843
854 0.070140
855 0.068258
856 0.066920
857 0.066791
859 0.064647
860 0.060065
868 0.059688
870 0.058719
871 0.054243
872 0.047632
874 0.044119
876 0.041976
884 0.040398
885 0.038523
887 0.042326
915 0.042133
918 0.040902
919 0.039913
923 0.045991
1040 0.050865
1052 0.059057
1212 0.062462
1277 0.070958
1371 0.074760
1424 0.076358
1580 0.078866
1616 0.080293
1929 0.080615
2060 0.081765
2153 0.083167
2161 0.084191
2167 0.084497
2248 0.085413
2249 0.086684
2250 0.087419
2251 0.088548
2252 0.088292
2253 0.086987
2255 0.090410
2256 0.088477
2283 0.089856
2284 0.091701
2285 0.093045
2287 0.087099
2290 0.083191
2291 0.074686
2292 0.069503
2293 0.059690
2294 0.054710
2297 0.052660
2299 0.050163
2300 0.048863
2364 0.052307
2365 0.052432
2366 0.051852
2367 0.052242
2368 0.052529
2369 0.052572
2394 0.052666
2395 0.052165
2396 0.051088
2397 0.050232
2400 0.049624
2401 0.044783
2402 0.040588
2403 0.037488
2414 0.036908
2415 0.036598
2416 0.036657
2444 0.037787
2445 0.037028
2446 0.036567
2447 0.036299
2448 0.036000
2450 0.038799
2451 0.041166
2452 0.043460
2453 0.042488
2454 0.042168
2527 0.043003
2541 0.042517
2708 0.044659
2790 0.046476
2796 0.048673
2805 0.050354
2807 0.052101
2887 0.054333
2972 0.059641
3012 0.060897
3029 0.065094
3091 0.068373
3123 0.074297
3132 0.078602
3198 0.078642
3227 0.078703
3228 0.080669
3229 0.082714
3230 0.084181
3231 0.085210
3261 0.082864
3262 0.080863
3263 0.078782
3264 0.076431
3265 0.074336
3266 0.071583
3267 0.072305
3268 0.070227
3269 0.068491
3270 0.068675
3271 0.069120
3274 0.071601
3275 0.072545
3276 0.069159
3277 0.069304
3283 0.068131
3285 0.067459
3286 0.060786
3287 0.055631
3293 0.056031
3295 0.054175
3296 0.052306
3297 0.050654
3299 0.049191
3301 0.048151
3302 0.046401
3303 0.045052
3304 0.044061
3305 0.043274
3333 0.044312
3336 0.045111
3337 0.043919
3338 0.041935
3339 0.040446
3340 0.036972
3349 0.036995
3350 0.033787
3351 0.031099
3353 0.029730
3354 0.028570
3356 0.025989
3357 0.023519
3359 0.023119
3360 0.023082
3361 0.021774
3362 0.021100
3363 0.020934
3379 0.022691
3380 0.024082
3382 0.025451
3383 0.026408
3384 0.027107
3385 0.027639
3386 0.027824
3387 0.026337
3388 0.025193
3389 0.024267
3390 0.023558
3391 0.023046
3392 0.022472
3393 0.019420
3394 0.017755
3395 0.016922
3396 0.016419
3397 0.016403
3398 0.016375
3399 0.016862
3400 0.017023
3401 0.017114
3402 0.017252
3403 0.017459
3404 0.017554
3458 0.016910
3460 0.016609
3462 0.016924
3464 0.018980
3476 0.020814
3698 0.021726
3699 0.022600
3702 0.023343
4021 0.024757
4053 0.029251
4055 0.032480
4131 0.033463
4132 0.034636
4134 0.035461
4139 0.035860
4141 0.036302
4169 0.040481
4170 0.043464
4195 0.045840
4196 0.047035
4229 0.048237
4230 0.048850
4231 0.049353
4233 0.051377
4273 0.057640
4277 0.060314
4280 0.061999
4281 0.061265
4282 0.059352
4283 0.058267
4318 0.060369
4322 0.064554
4359 0.064971
4361 0.064130
4362 0.060632
4364 0.057495
4379 0.059341
4380 0.061236
4381 0.063579
4383 0.067736
4384 0.071939
4394 0.069428
4412 0.069029
4413 0.067716
4414 0.066896
4415 0.066113
4416 0.066230
4418 0.066797
4445 0.065701
4446 0.059862
4451 0.057221
4452 0.054553
4453 0.054125
4454 0.054610
4456 0.055570
4471 0.053691
4472 0.048547
4481 0.050845
4484 0.050584
4485 0.050202
4486 0.051765
4487 0.053517
4490 0.053226
4538 0.056645
4572 0.059918
4698 0.055591
4867 0.054888
4894 0.053507
4981 0.060735
4995 0.063709
4996 0.063913
5007 0.064364
5050 0.066336
5226 0.069450
5237 0.070068
5270 0.070951
5271 0.072276
5272 0.072082
5273 0.070806
5274 0.069359
5275 0.068649
5279 0.074047
5280 0.074661
5281 0.078392
5282 0.080711
5287 0.080187
5288 0.075965
5289 0.073713
5290 0.068916
5294 0.064199
5295 0.065302
5297 0.064939
5298 0.064455
5299 0.058522
5302 0.057692
5303 0.060880
5344 0.069089
5365 0.068400
5368 0.070334
5383 0.072030
5406 0.073041
5407 0.075130
5499 0.075916
5518 0.076734
5521 0.077923
5533 0.078991
5590 0.078636
5591 0.075208
5592 0.071372
5593 0.069023
5595 0.068184
5598 0.067770
5599 0.068825
5600 0.069178
5604 0.072880
5608 0.075143
5609 0.076820
5612 0.077442
5613 0.076149
5616 0.075250
5620 0.075984
5622 0.068701
5625 0.069502
5626 0.065067
5627 0.063596
5628 0.061732
5629 0.059746
5630 0.061188
5633 0.064160
5635 0.063949
5636 0.063550
5637 0.060080
5638 0.061404
5639 0.062648
5641 0.065594
5642 0.069762
5643 0.074162
5645 0.079376
5646 0.082176
5647 0.079816
5648 0.079447
5649 0.080673
5650 0.083204
5651 0.086555
5652 0.089436
5653 0.088013
6500 0.092821
7062 0.096263
7685 0.102260
8667 0.106273
8687 0.110737
9303 0.117659
9501 0.121561
9644 0.122561
9661 0.123256
9741 0.128896
9837 0.129489
9943 0.127888
10040 0.127058
10041 0.123890
10042 0.119677
10043 0.115505
10061 0.109255
10062 0.104621
10075 0.101960
10076 0.099532
10077 0.096239
10078 0.092150
10079 0.087261
10080 0.082069
10081 0.078216
10082 0.071111
10101 0.065039
10102 0.057651
10115 0.053923
10192 0.049172
10193 0.041127
10194 0.034720
10195 0.029573
10196 0.026975
10197 0.019995
10198 0.018325
10201 0.019867
10203 0.021990
10204 0.023489
10205 0.024490
10206 0.025018
10298 0.025623
10299 0.025961
10300 0.024560
10301 0.023875
10302 0.023484
10305 0.025922
10306 0.029340
10318 0.030311
10319 0.032673
10320 0.034083
10335 0.033864
10339 0.034824
10340 0.035009
10397 0.036758
10401 0.042195
10402 0.046880
10527 0.049551
10562 0.050698
10579 0.051754
10580 0.052162
10669 0.050882
10745 0.053508
10763 0.053693
10777 0.052368
10890 0.054007
10933 0.053481
10939 0.053435
10940 0.053768
10941 0.055745
10942 0.058700
10957 0.064848
10962 0.068459
10963 0.070402
10964 0.069537
10968 0.070948
10969 0.074329
10974 0.075078
11179 0.075245
11181 0.074166
11182 0.070609
11183 0.068528
11235 0.068535
11236 0.068905
11237 0.068814
11266 0.071351
11267 0.072040
11268 0.067578
11269 0.066112
11271 0.066528
11272 0.064380
11274 0.065070
11277 0.066409
11278 0.067216
11286 0.066055
11287 0.064022
11288 0.056511
11311 0.052071
11312 0.051011
11313 0.050810
11314 0.048777
11315 0.045854
11316 0.044914
11317 0.043692
11375 0.044517
11389 0.044606
11433 0.047623
11437 0.045396
11442 0.046907
11467 0.047847
11472 0.044949
11473 0.043936
11499 0.044303
11533 0.047456
11535 0.050954
11539 0.053885
11540 0.054108
11541 0.053048
11542 0.052068
11543 0.051693
11544 0.051965
11559 0.052522
11562 0.050033
11563 0.048679
11574 0.047446
11575 0.046970
11576 0.046848
11586 0.048814
11587 0.049990
11588 0.049366
11589 0.049565
11590 0.047873
11591 0.052992
11592 0.053575
11763 0.052285
11766 0.051913
11768 0.051677
11831 0.051564
11832 0.047670
11841 0.046546
12234 0.045179
12664 0.045156
12708 0.046980
12779 0.047787
12780 0.047508
12781 0.046696
12782 0.045346
12784 0.045458
12785 0.045942
12786 0.046590
12796 0.047321
12797 0.046919
12798 0.044260
12799 0.042837
12800 0.041676
12801 0.040487
12802 0.038467
12803 0.034977
12804 0.034335
12814 0.034434
12815 0.034279
12828 0.036688
12829 0.037226
12906 0.038315
12907 0.035517
12908 0.033695
12909 0.033276
12910 0.032229
12911 0.031605
12912 0.035271
12996 0.038499
13005 0.043201
13434 0.046780
13470 0.047996
13628 0.048418
13644 0.049104
13782 0.051206
13949 0.051027
13988 0.052405
14016 0.052909
14090 0.052425
14091 0.051532
14095 0.050614
14096 0.047943
14097 0.047207
14098 0.047884
14099 0.046774
14100 0.046883
14142 0.047899
14144 0.048146
14145 0.048209
14146 0.048101
14147 0.048513
14148 0.048314
14149 0.044490
14166 0.043096
14167 0.038853
14168 0.035057
14192 0.034145
14193 0.033140
14194 0.031508
14203 0.029137
14204 0.028702
14256 0.030150
14260 0.031572
14268 0.034783
14269 0.035322
14328 0.035226
14329 0.035251
14330 0.036378
14331 0.038160
14332 0.039845
14351 0.038920
14374 0.039572
14421 0.041293
14422 0.043316
14426 0.044300
14494 0.045028
14495 0.045916
14881 0.046916
14898 0.047584
15250 0.047654
15270 0.049075
15271 0.048264
15272 0.048328
15273 0.048145
15274 0.048395
15275 0.049525
15313 0.048279
15314 0.046566
15315 0.043204
15316 0.042444
15329 0.041701
15330 0.041492
15345 0.043254
15346 0.041366
15347 0.038120
15348 0.037350
15349 0.034952
15350 0.034522
15356 0.035923
15357 0.034471
15358 0.031925
15359 0.031042
15368 0.034592
15378 0.035943
15384 0.040575
15513 0.041815
15609 0.043321
15673 0.045215
15689 0.049549
15765 0.050957
15776 0.051827
15808 0.050206
15850 0.050957
15855 0.051904
15979 0.053438
15994 0.054520
15999 0.055878
16264 0.054175
16341 0.054967
16342 0.056887
16343 0.059676
16351 0.061532
16352 0.060762
16353 0.058240
16354 0.059166
16355 0.061116
16358 0.061420
16359 0.057470
16360 0.054562
16361 0.050688
16362 0.049592
16363 0.050263
16364 0.050423
16365 0.047855
16371 0.047638
16372 0.046200
16376 0.047244
16379 0.046186
16382 0.047402
16383 0.046974
16384 0.047489
16390 0.047001
16396 0.048431
16397 0.047801
16398 0.046799
16399 0.045965
16402 0.046913
16437 0.046624
16463 0.047988
16464 0.047956
16468 0.047230
16469 0.047462
16476 0.048548
16477 0.047912
16478 0.046793
16479 0.046406
16492 0.044964
16493 0.043996
16503 0.043442
16504 0.042452
16507 0.042765
16508 0.041968
16511 0.042928
16512 0.040430
16513 0.038514
16514 0.036752
16517 0.037773
16518 0.036797
16519 0.037717
16520 0.038656
16521 0.038049
16522 0.036421
16523 0.036882
16535 0.035879
16545 0.035338
16546 0.034728
16553 0.035527
16561 0.034068
16562 0.033524
16563 0.033194
16564 0.032405
16565 0.031573
16566 0.030857
16567 0.030640
16568 0.031007
16569 0.031048
16585 0.030565
16586 0.028828
16587 0.028385
16588 0.028386
16589 0.028440
16631 0.027497
16632 0.026421
16637 0.028907
16638 0.030336
16640 0.032739
16654 0.031433
16655 0.030446
16687 0.029415
16688 0.028803
16689 0.028525
16716 0.029762
16965 0.033361
16970 0.039878
17008 0.040034
17454 0.041380
17958 0.043914
18155 0.050018
18332 0.052358
18381 0.053011
18766 0.055427
19068 0.055890
19112 0.057255
19125 0.059232
19583 0.062983
19940 0.064894
19944 0.065787
20079 0.067952
20106 0.066401
20107 0.064936
20108 0.062147
20122 0.062920
20139 0.065259
20165 0.068418
20166 0.069499
20167 0.069898
20172 0.067877
20173 0.064624
20174 0.059388
20175 0.060835
20176 0.061828
20179 0.061629
20180 0.058617
20181 0.058084
20182 0.061130
20185 0.064232
20186 0.069826
21303 0.070605
21529 0.070553
21830 0.069436
21915 0.071829
22355 0.071210
23574 0.069186
24077 0.066980
24100 0.065998
24105 0.066087
24527 0.067627
24528 0.067257
24531 0.064986
24532 0.064278
24533 0.063849
24534 0.063474
24535 0.063812
24536 0.063361
24537 0.063914
24538 0.062905
24547 0.060701
24548 0.057412
24549 0.054878
24552 0.054487
24553 0.048881
24554 0.042593
24555 0.040642
24559 0.042832
24560 0.042478
24561 0.038637
24562 0.037502
24565 0.038199
24566 0.038918
24579 0.039941
24580 0.039452
24581 0.037186
24582 0.035265
24583 0.034491
24607 0.034744
24610 0.034813
24611 0.034511
24612 0.033580
24613 0.034056
24616 0.032249
24617 0.031269
24623 0.033019
24624 0.033180
24626 0.032857
24627 0.028984
24630 0.029244
24631 0.029574
24632 0.030327
24633 0.027533
24634 0.026549
24635 0.027984
24638 0.029664
24639 0.029870
24641 0.029940
24643 0.029522
24729 0.029342
24951 0.030680
24952 0.030728
24954 0.030465
24956 0.030045
24961 0.031817
24962 0.033104
