824 0.078850
825 0.071107
826 0.064868
827 0.063941
828 0.064200
839 0.062346
840 0.053949
841 0.049158
842 0.045090
843 0.043153
844 0.042509
845 0.039973
854 0.038117
855 0.038740
856 0.038799
857 0.034916
859 0.033837
860 0.033004
868 0.032695
870 0.030463
871 0.032567
872 0.030449
874 0.030260
876 0.029045
884 0.028007
885 0.027640
887 0.027062
915 0.027093
918 0.027419
919 0.026707
923 0.026161
1040 0.025710
1052 0.026414
1212 0.026011
1277 0.026430
1371 0.025264
1424 0.023135
1580 0.024237
1616 0.022766
1929 0.027780
2060 0.030858
2153 0.030844
2161 0.032330
2167 0.031995
2248 0.036728
2249 0.035771
2250 0.035779
2251 0.035426
2252 0.036848
2253 0.037653
2255 0.037530
2256 0.039689
2283 0.040324
2284 0.040104
2285 0.041870
2287 0.042779
2290 0.042940
2291 0.045835
2292 0.047791
2293 0.049712
2294 0.049943
2297 0.049787
2299 0.052769
2300 0.054943
2364 0.050351
2365 0.048476
2366 0.047510
2367 0.050683
2368 0.052950
2369 0.049889
2394 0.050492
2395 0.050363
2396 0.050297
2397 0.048200
2400 0.050256
2401 0.049189
2402 0.045926
2403 0.046126
2414 0.047214
2415 0.046131
2416 0.044567
2444 0.045705
2445 0.043338
2446 0.041552
2447 0.039607
2448 0.040621
2450 0.043551
2451 0.037752
2452 0.036537
2453 0.037496
2454 0.036517
2527 0.036185
2541 0.033787
2708 0.033183
2790 0.032347
2796 0.030405
2805 0.031668
2807 0.030921
2887 0.032401
2972 0.030592
3012 0.032479
3029 0.033416
3091 0.034784
3123 0.033654
3132 0.034257
3198 0.035672
3227 0.035603
3228 0.034538
3229 0.033774
3230 0.033766
3231 0.031953
3261 0.029715
3262 0.030992
3263 0.031267
3264 0.031435
3265 0.031979
3266 0.031706
3267 0.030832
3268 0.030671
3269 0.031190
3270 0.031202
3271 0.030818
3274 0.030790
3275 0.029086
3276 0.034476
3277 0.033000
3283 0.033137
3285 0.031180
3286 0.033031
3287 0.032487
3293 0.033029
3295 0.033620
3296 0.035791
3297 0.037549
3299 0.039989
3301 0.043071
3302 0.044471
3303 0.045961
3304 0.050971
3305 0.053940
3333 0.054177
3336 0.053713
3337 0.053017
3338 0.052289
3339 0.052429
3340 0.054190
3349 0.054018
3350 0.054733
3351 0.055625
3353 0.050702
3354 0.050354
3356 0.049637
3357 0.050378
3359 0.048519
3360 0.049719
3361 0.047604
3362 0.048836
3363 0.048025
3379 0.046262
3380 0.044122
3382 0.041199
3383 0.039646
3384 0.036922
3385 0.032347
3386 0.028034
3387 0.026976
3388 0.027456
3389 0.027386
3390 0.027446
3391 0.026557
3392 0.026125
3393 0.026700
3394 0.026133
3395 0.025788
3396 0.024370
3397 0.024181
3398 0.023705
3399 0.022827
3400 0.023434
3401 0.021621
3402 0.021660
3403 0.019245
3404 0.018242
3458 0.018068
3460 0.018105
3462 0.019260
3464 0.018869
3476 0.020014
3698 0.019272
3699 0.018998
3702 0.020693
4021 0.020573
4053 0.020495
4055 0.019885
4131 0.022290
4132 0.022314
4134 0.021582
4139 0.028441
4141 0.029708
4169 0.030143
4170 0.030495
4195 0.030414
4196 0.032472
4229 0.034962
4230 0.034033
4231 0.033967
4233 0.036110
4273 0.044874
4277 0.045518
4280 0.045357
4281 0.049228
4282 0.049037
4283 0.050025
4318 0.049945
4322 0.052965
4359 0.053330
4361 0.054054
4362 0.054336
4364 0.054724
4379 0.052072
4380 0.051012
4381 0.052465
4383 0.046561
4384 0.045599
4394 0.045447
4412 0.045553
4413 0.045815
4414 0.044159
4415 0.040829
4416 0.041625
4418 0.041543
4445 0.040216
4446 0.031692
4451 0.031327
4452 0.030989
4453 0.027512
4454 0.028122
4456 0.025757
4471 0.026498
4472 0.023638
4481 0.022105
4484 0.021711
4485 0.021902
4486 0.022604
4487 0.023391
4490 0.022990
4538 0.021373
4572 0.020617
4698 0.022500
4867 0.022908
4894 0.023971
4981 0.023546
4995 0.027874
4996 0.028206
5007 0.027530
5050 0.028154
5226 0.026713
5237 0.028337
5270 0.034239
5271 0.044292
5272 0.049245
5273 0.050103
5274 0.054375
5275 0.053336
5279 0.056815
5280 0.056571
5281 0.055438
5282 0.055620
5287 0.057009
5288 0.056592
5289 0.058424
5290 0.059116
5294 0.058972
5295 0.056681
5297 0.056680
5298 0.055111
5299 0.057041
5302 0.053584
5303 0.053806
5344 0.053767
5365 0.053549
5368 0.054166
5383 0.052007
5406 0.047643
5407 0.037206
5499 0.031278
5518 0.030562
5521 0.027243
5533 0.030971
5590 0.027544
5591 0.027219
5592 0.030126
5593 0.029226
5595 0.027424
5598 0.029657
5599 0.027663
5600 0.028190
5604 0.029130
5608 0.028674
5609 0.028727
5612 0.030182
5613 0.029912
5616 0.028745
5620 0.028115
5622 0.028123
5625 0.028885
5626 0.027983
5627 0.027782
5628 0.026796
5629 0.027246
5630 0.027827
5633 0.027138
5635 0.027390
5636 0.024069
5637 0.023784
5638 0.024803
5639 0.025740
5641 0.025427
5642 0.032050
5643 0.030926
5645 0.046957
5646 0.050447
5647 0.072091
5648 0.081851
5649 0.096327
5650 0.100399
5651 0.100862
5652 0.105889
5653 0.111061
6500 0.111042
7062 0.110064
7685 0.111498
8667 0.112856
8687 0.114318
9303 0.114960
9501 0.116204
9644 0.116569
9661 0.115553
9741 0.114670
9837 0.115149
9943 0.114584
10040 0.113175
10041 0.114024
10042 0.108551
10043 0.107165
10061 0.092170
10062 0.087866
10075 0.065423
10076 0.056827
10077 0.042860
10078 0.037174
10079 0.038083
10080 0.032756
10081 0.029552
10082 0.031550
10101 0.032514
10102 0.031933
10115 0.030457
10192 0.028366
10193 0.027421
10194 0.025335
10195 0.027098
10196 0.028644
10197 0.030133
10198 0.031680
10201 0.034613
10203 0.031792
10204 0.031615
10205 0.030151
10206 0.031841
10298 0.034994
10299 0.034084
10300 0.035785
10301 0.037561
10302 0.041412
10305 0.044654
10306 0.045592
10318 0.050483
10319 0.049779
10320 0.051293
10335 0.052191
10339 0.055693
10340 0.059789
10397 0.061725
10401 0.064196
10402 0.063813
10527 0.061846
10562 0.061410
10579 0.059816
10580 0.057723
10669 0.056961
10745 0.057155
10763 0.057389
10777 0.056839
10890 0.054884
10933 0.052237
10939 0.052844
10940 0.052392
10941 0.049567
10942 0.044901
10957 0.041795
10962 0.037977
10963 0.034630
10964 0.034280
10968 0.030855
10969 0.028681
10974 0.024934
11179 0.021363
11181 0.019358
11182 0.017036
11183 0.017070
11235 0.017098
11236 0.017258
11237 0.017512
11266 0.019414
11267 0.019692
11268 0.021818
11269 0.027173
11271 0.028124
11272 0.031507
11274 0.031394
11277 0.033846
11278 0.032525
11286 0.033361
11287 0.033477
11288 0.034209
11311 0.035073
11312 0.033803
11313 0.036956
11314 0.037720
11315 0.038495
11316 0.038442
11317 0.039623
11375 0.039467
11389 0.039328
11433 0.040921
11437 0.040835
11442 0.040736
11467 0.041124
11472 0.039642
11473 0.038412
11499 0.036033
11533 0.034625
11535 0.036021
11539 0.034219
11540 0.035675
11541 0.036550
11542 0.042763
11543 0.043018
11544 0.047817
11559 0.048655
11562 0.048045
11563 0.049618
11574 0.047256
11575 0.047715
11576 0.047678
11586 0.047630
11587 0.047159
11588 0.048876
11589 0.049982
11590 0.049555
11591 0.050003
11592 0.051134
11763 0.052303
11766 0.053897
11768 0.052618
11831 0.055226
11832 0.050446
11841 0.049410
12234 0.048973
12664 0.046145
12708 0.042089
12779 0.035917
12780 0.035422
12781 0.031267
12782 0.030131
12784 0.031975
12785 0.033050
12786 0.032178
12796 0.032218
12797 0.031929
12798 0.033168
12799 0.032658
12800 0.031113
12801 0.031232
12802 0.031429
12803 0.030627
12804 0.037634
12814 0.035935
12815 0.034300
12828 0.034663
12829 0.032917
12906 0.033624
12907 0.032393
12908 0.033775
12909 0.034541
12910 0.034761
12911 0.037725
12912 0.037789
12996 0.037839
13005 0.038148
13434 0.035781
13470 0.032904
13628 0.033707
13644 0.033793
13782 0.034991
13949 0.033165
13988 0.032949
14016 0.032657
14090 0.031369
14091 0.029963
14095 0.030875
14096 0.023055
14097 0.024863
14098 0.025447
14099 0.027419
14100 0.028018
14142 0.027734
14144 0.028048
14145 0.028357
14146 0.027872
14147 0.030706
14148 0.028230
14149 0.028025
14166 0.027458
14167 0.026794
14168 0.026919
14192 0.027886
14193 0.026980
14194 0.027589
14203 0.027216
14204 0.029267
14256 0.030628
14260 0.030600
14268 0.034609
14269 0.035139
14328 0.034220
14329 0.032731
14330 0.031229
14331 0.031268
14332 0.028656
14351 0.028142
14374 0.028498
14421 0.027976
14422 0.026081
14426 0.027228
14494 0.024573
14495 0.024282
14881 0.026844
14898 0.027809
15250 0.029846
15270 0.032015
15271 0.034164
15272 0.040912
15273 0.038856
15274 0.037589
15275 0.039693
15313 0.039311
15314 0.040728
15315 0.037518
15316 0.037912
15329 0.038330
15330 0.039035
15345 0.039466
15346 0.039703
15347 0.040964
15348 0.042726
15349 0.042585
15350 0.046265
15356 0.046253
15357 0.045507
15358 0.045151
15359 0.044767
15368 0.042618
15378 0.041401
15384 0.040026
15513 0.037866
15609 0.035470
15673 0.028141
15689 0.028379
15765 0.028798
15776 0.025893
15808 0.024727
15850 0.025059
15855 0.024992
15979 0.025548
15994 0.026718
15999 0.026183
16264 0.025713
16341 0.025090
16342 0.023569
16343 0.022577
16351 0.022665
16352 0.018956
16353 0.018608
16354 0.018391
16355 0.019365
16358 0.020857
16359 0.021301
16360 0.022640
16361 0.023209
16362 0.027779
16363 0.027244
16364 0.028231
16365 0.028696
16371 0.028922
16372 0.028375
16376 0.028645
16379 0.027915
16382 0.027704
16383 0.026712
16384 0.025122
16390 0.025353
16396 0.025625
16397 0.026319
16398 0.027132
16399 0.027981
16402 0.028130
16437 0.029660
16463 0.029031
16464 0.029757
16468 0.030823
16469 0.029813
16476 0.030321
16477 0.032141
16478 0.031896
16479 0.028294
16492 0.032663
16493 0.035518
16503 0.035071
16504 0.034995
16507 0.035523
16508 0.036370
16511 0.036217
16512 0.036131
16513 0.038602
16514 0.040876
16517 0.040949
16518 0.040743
16519 0.040256
16520 0.042543
16521 0.044165
16522 0.045285
16523 0.044280
16535 0.047295
16545 0.047840
16546 0.046002
16553 0.046134
16561 0.047311
16562 0.044108
16563 0.047701
16564 0.047775
16565 0.044809
16566 0.041594
16567 0.045805
16568 0.048017
16569 0.046958
16585 0.046114
16586 0.046208
16587 0.047242
16588 0.047044
16589 0.045394
16631 0.044776
16632 0.044890
16637 0.045306
16638 0.043756
16640 0.041600
16654 0.039748
16655 0.040627
16687 0.038898
16688 0.039457
16689 0.039273
16716 0.038996
16965 0.039854
16970 0.048354
17008 0.046300
17454 0.047397
17958 0.047749
18155 0.050007
18332 0.045486
18381 0.043654
18766 0.051993
19068 0.053291
19112 0.052496
19125 0.051547
19583 0.053137
19940 0.057270
19944 0.057419
20079 0.058504
20106 0.057631
20107 0.060081
20108 0.059696
20122 0.059544
20139 0.064654
20165 0.065634
20166 0.063399
20167 0.068600
20172 0.069007
20173 0.067181
20174 0.058840
20175 0.058418
20176 0.058913
20179 0.059268
20180 0.059117
20181 0.061031
20182 0.060388
20185 0.053104
20186 0.053278
21303 0.062336
21529 0.068861
21830 0.070556
21915 0.069715
22355 0.073443
23574 0.075233
24077 0.079761
24100 0.083151
24105 0.083061
24527 0.085210
24528 0.094230
24531 0.097538
24532 0.100874
24533 0.100819
24534 0.105683
24535 0.107423
24536 0.109384
24537 0.108675
24538 0.107351
24547 0.105765
24548 0.104493
24549 0.104250
24552 0.107746
24553 0.107783
24554 0.106781
24555 0.098212
24559 0.092128
24560 0.086513
24561 0.083985
24562 0.081585
24565 0.078443
24566 0.073537
24579 0.068177
24580 0.069399
24581 0.069861
24582 0.054832
24583 0.049499
24607 0.047609
24610 0.043610
24611 0.040719
24612 0.038425
24613 0.036040
24616 0.037223
24617 0.035826
24623 0.036447
24624 0.035269
24626 0.034310
24627 0.031942
24630 0.031326
24631 0.030630
24632 0.029994
24633 0.028954
24634 0.029119
24635 0.029635
24638 0.030937
24639 0.034468
24641 0.034830
24643 0.033793
24729 0.031608
24951 0.029976
24952 0.029667
24954 0.030716
24956 0.030291
24961 0.029139
24962 0.030917
