1233 0.066270
1286 0.061741
1288 0.058553
1289 0.055150
1290 0.053136
1291 0.050482
1292 0.047613
1293 0.045878
1302 0.045835
1303 0.046789
1304 0.047087
1305 0.046917
1306 0.047972
1307 0.049410
1309 0.045176
1311 0.043338
1312 0.043893
1314 0.044412
1315 0.045194
1316 0.045577
1317 0.044626
1375 0.046027
1376 0.047816
1377 0.050010
1378 0.050016
1379 0.050295
1495 0.049225
1496 0.047589
1499 0.047236
1500 0.046473
1501 0.045462
1502 0.044620
1504 0.043908
1505 0.041254
1506 0.039176
1507 0.037406
1508 0.035790
1509 0.033245
1511 0.030414
1513 0.028458
1514 0.027164
1515 0.025722
1527 0.030340
1528 0.033253
1530 0.035636
1531 0.037497
1533 0.035757
1554 0.035014
1555 0.033665
1622 0.033350
1690 0.035260
1793 0.036656
1859 0.040247
1973 0.043178
1985 0.045930
2182 0.049779
2227 0.052726
2236 0.053216
2260 0.055347
2266 0.058926
2271 0.061929
2329 0.063976
2357 0.066105
2439 0.067803
2458 0.069231
2459 0.070933
2460 0.073440
2463 0.070510
2464 0.072390
2468 0.074438
2471 0.076679
2472 0.078025
2473 0.078062
2474 0.079404
2479 0.077950
2481 0.074441
2482 0.072488
2485 0.072192
2486 0.071116
2487 0.070686
2498 0.068265
2500 0.065770
2501 0.065836
2502 0.066182
2503 0.066633
2506 0.063879
2507 0.062339
2508 0.060745
2511 0.066202
2513 0.068981
2516 0.073593
2517 0.073281
2518 0.071819
2519 0.067039
2520 0.062995
2521 0.059555
2525 0.058821
2528 0.057287
2535 0.060038
2536 0.062184
2542 0.063337
2543 0.063346
2544 0.060338
2548 0.059669
2549 0.057822
2561 0.059548
2562 0.062184
2566 0.063245
2567 0.062777
2568 0.061414
2569 0.063698
2570 0.067237
2571 0.069774
2572 0.066031
2595 0.065101
2596 0.059977
2597 0.058194
2601 0.058407
2602 0.057875
2603 0.057752
2604 0.057990
2605 0.059456
2606 0.063235
2608 0.059746
2609 0.059070
2619 0.061579
2621 0.062406
2629 0.067292
2642 0.068061
2643 0.067869
2644 0.065490
2647 0.063427
2648 0.061315
2649 0.059431
2650 0.057623
2653 0.060716
2655 0.058424
2675 0.058847
2676 0.057643
2677 0.056381
2685 0.056777
2718 0.067641
2727 0.067879
2728 0.067677
2729 0.067099
2736 0.067739
2737 0.064889
2738 0.060262
2739 0.057833
2740 0.056524
2742 0.053696
2743 0.053914
2744 0.050588
2747 0.049205
2748 0.049066
2749 0.048943
2752 0.056470
2753 0.060852
2754 0.063711
2755 0.065072
2758 0.061918
2759 0.061901
2762 0.061326
2763 0.061423
2772 0.061288
2778 0.061967
2789 0.051404
2791 0.050581
2792 0.051739
2831 0.055002
2832 0.055982
2840 0.059078
2858 0.059959
2868 0.063391
2869 0.064420
2874 0.068494
2877 0.070788
2886 0.074184
2889 0.076852
2891 0.078266
2892 0.078624
2893 0.071242
2894 0.068764
2896 0.068351
2905 0.070836
2912 0.076385
2914 0.078684
2915 0.078319
2918 0.077611
2934 0.078462
2935 0.077220
2936 0.077312
2941 0.079124
2942 0.081233
2943 0.081326
2944 0.082611
2945 0.084137
2946 0.088299
2958 0.087662
2960 0.086324
2961 0.081408
2962 0.078503
2965 0.074325
2966 0.071394
2967 0.071599
2973 0.073771
2976 0.073412
2977 0.072333
2978 0.070610
2982 0.069837
2991 0.063385
2992 0.061585
2993 0.061791
3009 0.065137
3011 0.064191
3013 0.066796
3014 0.067030
3017 0.068324
3041 0.070030
3046 0.070476
3047 0.068831
3048 0.066407
3066 0.063777
3067 0.062969
3071 0.065234
3156 0.068616
3169 0.070535
3178 0.071909
3182 0.073398
3183 0.073167
3195 0.074006
3196 0.075101
3197 0.075395
3199 0.075389
3200 0.072066
3201 0.070887
3205 0.069623
3206 0.067648
3207 0.063930
3208 0.063916
3209 0.062570
3212 0.063764
3213 0.063029
3216 0.061330
3219 0.057751
3220 0.055535
3221 0.053842
3222 0.052933
3223 0.053333
3224 0.055535
3232 0.054725
3249 0.059581
3257 0.062603
3332 0.063940
3405 0.064609
3428 0.060769
3441 0.059765
3446 0.064469
3643 0.064961
3683 0.068067
3701 0.069122
3745 0.068727
3837 0.071187
3838 0.071726
3839 0.071413
3883 0.070311
3884 0.068676
3885 0.066518
3886 0.064790
3887 0.068005
3890 0.070786
3893 0.071194
3894 0.072886
3896 0.073075
3900 0.067993
3901 0.065516
3902 0.058774
3905 0.056741
3908 0.056511
3913 0.055827
3915 0.056762
3916 0.056958
3917 0.052657
3918 0.052508
3919 0.050632
3920 0.051222
3921 0.053867
3923 0.052600
3924 0.052224
3925 0.052160
3926 0.053212
3927 0.054197
3928 0.054404
3986 0.054607
4018 0.059416
4020 0.062860
4025 0.065245
4027 0.064698
4028 0.063479
4030 0.065209
4032 0.067194
4033 0.068651
4118 0.066013
4119 0.063466
4121 0.062198
4122 0.061533
4123 0.060601
4124 0.059495
4125 0.058622
4126 0.057277
4127 0.055997
4128 0.054480
4129 0.053952
4199 0.055984
4200 0.056528
4201 0.054931
4202 0.053437
4203 0.052683
4205 0.052089
4213 0.046771
4224 0.043753
4247 0.042147
4256 0.040156
4260 0.039601
4261 0.038421
4262 0.036150
4264 0.033624
4306 0.033271
4307 0.032584
4308 0.032082
4309 0.032151
4323 0.033260
4324 0.033649
4325 0.034145
4326 0.034626
4327 0.034209
4328 0.033586
4329 0.033178
4331 0.031446
4332 0.031156
4334 0.032224
4335 0.034105
4376 0.037907
4377 0.039947
4382 0.041361
4406 0.041206
5058 0.041971
5211 0.045452
5369 0.049790
5840 0.051667
5850 0.053900
5852 0.056139
5884 0.057338
5899 0.063064
5941 0.066260
6054 0.067593
6405 0.073892
6417 0.079895
6718 0.089375
6979 0.089560
7045 0.093039
7158 0.102553
7183 0.106725
7210 0.109303
7317 0.111086
7948 0.114554
7994 0.114554
8051 0.112042
8052 0.109560
8085 0.106603
8087 0.103846
8088 0.101498
8089 0.097837
8090 0.093426
8097 0.094991
8098 0.095102
8099 0.094290
8100 0.093088
8101 0.087642
8103 0.084792
8104 0.083119
8105 0.075712
8107 0.069716
8108 0.059923
8109 0.059309
8110 0.055649
8111 0.045285
8154 0.042465
8155 0.040145
8156 0.038484
8157 0.034625
8158 0.033652
8160 0.033527
8247 0.035085
8248 0.036010
8249 0.037089
8250 0.038070
8251 0.039137
8252 0.040655
8253 0.040387
8254 0.041628
8255 0.042257
8256 0.043682
10780 0.045802
10987 0.048980
11727 0.050663
11847 0.053761
11888 0.059253
11904 0.060298
12031 0.065110
12033 0.068372
12040 0.078154
12215 0.078639
12217 0.077957
12501 0.078227
12510 0.077982
12534 0.078478
12568 0.077646
12601 0.076630
12602 0.075179
12604 0.074761
12606 0.075567
12607 0.075815
12608 0.075371
12609 0.073537
12611 0.070824
12612 0.069692
12613 0.068398
12614 0.066960
12615 0.064640
12616 0.064284
12617 0.062067
12627 0.057041
12629 0.055959
12630 0.050770
12631 0.047572
12649 0.043972
12650 0.043749
12653 0.045661
12656 0.046060
12657 0.046799
12663 0.048065
12675 0.049852
12679 0.050130
12680 0.050535
12846 0.052455
12897 0.050626
12898 0.049017
12901 0.050218
12902 0.050346
12903 0.050984
12915 0.051401
12916 0.051413
12940 0.051780
12941 0.051041
12942 0.049579
12943 0.048805
12944 0.048394
12945 0.049168
12953 0.049650
12954 0.049651
12955 0.043815
12958 0.041723
12969 0.041460
12970 0.041404
12978 0.044724
12979 0.043478
12983 0.042127
12986 0.040950
12987 0.039750
12992 0.038429
12993 0.038811
12995 0.039918
12997 0.039204
12998 0.039959
12999 0.040624
13000 0.041567
13001 0.042489
13003 0.043121
13006 0.044482
13007 0.045596
13435 0.048542
13436 0.049206
13437 0.048591
13438 0.048205
13439 0.047966
13440 0.047964
13441 0.047847
13442 0.045794
13443 0.043907
13450 0.043098
13451 0.044822
13469 0.047412
13471 0.048989
13513 0.052874
13563 0.054676
13568 0.064725
13785 0.065567
13806 0.064238
13897 0.063334
14406 0.065319
15312 0.066069
15544 0.066279
15705 0.066387
15848 0.067170
16174 0.068431
17154 0.067447
17200 0.068309
17433 0.070647
17648 0.073060
17651 0.075205
17652 0.077232
17655 0.077701
17656 0.077772
17657 0.078363
17658 0.076306
17663 0.077712
17664 0.076344
17665 0.075447
17666 0.072058
17667 0.069679
17668 0.060816
17677 0.059544
17679 0.058809
17681 0.057669
17715 0.057864
17717 0.057720
17718 0.058034
17730 0.057654
17731 0.056689
17732 0.055741
17733 0.055097
17737 0.056186
17738 0.054618
17741 0.054401
17745 0.057413
17790 0.056643
17791 0.057562
17795 0.059550
17797 0.062764
17806 0.063764
17841 0.062163
17842 0.060744
17948 0.064647
17959 0.065209
17960 0.064819
17961 0.064345
17965 0.065649
17966 0.066402
17984 0.066923
17985 0.063651
17988 0.062113
17991 0.063309
17998 0.062441
17999 0.061744
18000 0.061769
18008 0.062568
18009 0.060744
18011 0.061198
18012 0.060233
18013 0.056446
18023 0.058066
18025 0.059379
18027 0.058472
18031 0.056254
18033 0.054351
18034 0.052852
18037 0.052407
18038 0.047663
18039 0.047713
18048 0.046737
18049 0.045248
18050 0.043208
18053 0.042213
18055 0.041070
18056 0.041071
18059 0.043017
18060 0.042388
18061 0.044240
18062 0.044874
18065 0.044441
18066 0.042523
18067 0.041719
18069 0.041361
18070 0.041856
18082 0.043565
18130 0.042645
18132 0.040829
18161 0.043009
18173 0.042843
18242 0.042746
18282 0.042168
18407 0.045033
18422 0.046447
18438 0.047468
18680 0.048753
18686 0.054916
18704 0.056417
18790 0.057688
18791 0.058636
18792 0.058718
18793 0.056399
18794 0.054806
18795 0.053978
18796 0.054785
18799 0.054691
18800 0.054248
18801 0.053592
18802 0.052914
18805 0.055105
18806 0.053409
18807 0.052206
18811 0.056417
18812 0.054964
18813 0.054637
18816 0.054810
18818 0.054546
18820 0.052020
18821 0.051531
18823 0.049641
18824 0.048972
18827 0.043221
18828 0.042627
18830 0.042390
18833 0.042246
18834 0.041631
18837 0.042728
18838 0.041878
18839 0.040301
18840 0.038360
18841 0.038522
18844 0.039643
18845 0.039694
18848 0.042395
18850 0.040111
18851 0.039760
18852 0.039674
18855 0.038795
18856 0.038116
18862 0.038267
18864 0.037532
18865 0.037407
18876 0.040751
18958 0.040201
19176 0.039942
19229 0.039119
19230 0.039058
19367 0.040340
19368 0.040719
19369 0.040985
19370 0.041146
19371 0.039958
19372 0.040236
19374 0.040601
19375 0.040997
19376 0.040233
19377 0.039373
19378 0.039444
19406 0.037537
19407 0.036641
19431 0.038344
19432 0.038356
19433 0.034374
19434 0.033503
19435 0.033646
19439 0.035277
19440 0.035241
19442 0.031653
19443 0.031515
19445 0.031605
19449 0.032312
19450 0.031976
19451 0.029631
19453 0.029193
19456 0.030925
19457 0.032426
19458 0.033526
19459 0.034872
19460 0.036730
19507 0.036870
19512 0.039694
19515 0.040169
19516 0.040390
19552 0.042673
19555 0.045537
19670 0.045078
19704 0.045198
19833 0.046834
20094 0.046967
20129 0.047276
20306 0.048812
20396 0.049978
20574 0.052294
20675 0.052874
20897 0.055355
20898 0.055983
20899 0.056256
20900 0.056987
20901 0.057681
20902 0.058153
20903 0.059727
20904 0.063311
20905 0.065027
21193 0.065319
21194 0.065193
21196 0.062710
21197 0.062453
21214 0.063301
21215 0.059799
21217 0.056286
21302 0.055048
21304 0.054294
21305 0.052194
21306 0.051485
21307 0.050827
21308 0.048044
21314 0.048239
21315 0.046375
21316 0.046351
21329 0.045857
21330 0.044635
21331 0.044038
21332 0.043234
21333 0.041429
21334 0.039304
21336 0.036630
21337 0.032576
21347 0.029187
21348 0.026688
21349 0.026029
21351 0.026215
21352 0.026621
21370 0.027264
21377 0.029147
21383 0.030129
21398 0.032422
21399 0.032905
21403 0.032894
21404 0.032527
21405 0.031370
21406 0.030903
21449 0.032228
21525 0.035847
21528 0.035879
21636 0.034140
21784 0.035510
22016 0.036809
22042 0.037488
22043 0.037896
22044 0.037676
22045 0.038121
22046 0.038651
22051 0.039188
22052 0.039057
22053 0.039177
22056 0.039044
22057 0.038897
22060 0.038559
22061 0.037756
22062 0.038348
22063 0.036485
22064 0.036789
22068 0.037284
22069 0.038284
22070 0.039870
22071 0.041071
22079 0.039192
22080 0.036071
22085 0.037095
22086 0.036887
22087 0.036062
22096 0.036432
22097 0.036342
22100 0.036155
22102 0.036132
22103 0.035838
22112 0.034381
22113 0.034066
22121 0.035093
22122 0.035978
22125 0.036927
22126 0.037386
22127 0.036701
22128 0.036108
22140 0.034831
22147 0.035423
22152 0.035731
22155 0.036736
22157 0.036531
22158 0.035393
22162 0.034937
22163 0.034674
22167 0.036112
22181 0.035844
22221 0.037311
22222 0.038498
22223 0.038933
22226 0.039024
22229 0.039619
22230 0.039055
22237 0.038846
22238 0.038948
22239 0.038752
22240 0.037670
22241 0.036498
22242 0.034942
22246 0.035908
22247 0.036551
22250 0.036468
22251 0.036086
22252 0.033929
22253 0.032312
22254 0.030761
22255 0.030146
22256 0.029604
22258 0.028387
22259 0.027289
22260 0.024712
22271 0.023413
22272 0.021640
22273 0.020107
22274 0.018431
22275 0.017893
22276 0.017187
22295 0.019458
22296 0.020484
22297 0.021742
22422 0.022149
22425 0.024635
22426 0.025931
22427 0.026290
22428 0.024275
22429 0.022797
22541 0.023902
22544 0.024963
22637 0.025689
23088 0.028175
23146 0.030149
23171 0.030835
23271 0.032290
23306 0.032806
23347 0.034041
23348 0.034385
23350 0.034332
23375 0.034512
23424 0.035841
23425 0.036673
23426 0.036823
23427 0.036939
23428 0.034972
23435 0.033232
23440 0.031859
23441 0.031623
23442 0.029278
23443 0.028145
23444 0.027688
23445 0.027411
23448 0.027828
23449 0.026557
23450 0.025636
23451 0.025144
23452 0.022670
23461 0.021646
23463 0.022096
23464 0.021228
23465 0.021453
23467 0.020845
23469 0.020677
23470 0.022209
23471 0.023898
23482 0.022685
23485 0.022382
23519 0.024243
23713 0.025479
23735 0.027732
23820 0.032295
24205 0.034608
24220 0.037773
24304 0.037731
24437 0.038705
24512 0.041927
24576 0.043931
24670 0.045008
24680 0.045924
24699 0.046877
24822 0.047697
24918 0.048646
24970 0.048616
24971 0.047768
24972 0.047081
24973 0.046508
24974 0.045776
24975 0.045340
24976 0.043251
24977 0.041131
24978 0.040680
24979 0.039988
24980 0.037900
24981 0.036386
24982 0.033488
24983 0.028557
24984 0.025899
24985 0.022372
24986 0.022536
24990 0.022247
24991 0.019611
24994 0.018851
24995 0.017794
24997 0.017239
24998 0.016196
24999 0.015108
