1233 0.059097
1286 0.058792
1288 0.053387
1289 0.052546
1290 0.050657
1291 0.050572
1292 0.045022
1293 0.044080
1302 0.040054
1303 0.038435
1304 0.040896
1305 0.040178
1306 0.039897
1307 0.039998
1309 0.040809
1311 0.040339
1312 0.041933
1314 0.040000
1315 0.041089
1316 0.040923
1317 0.044129
1375 0.042731
1376 0.038392
1377 0.041743
1378 0.042919
1379 0.043215
1495 0.044864
1496 0.045565
1499 0.045463
1500 0.047060
1501 0.045973
1502 0.055606
1504 0.057141
1505 0.058330
1506 0.059064
1507 0.058836
1508 0.059980
1509 0.059804
1511 0.068313
1513 0.070719
1514 0.071226
1515 0.072907
1527 0.073485
1528 0.072021
1530 0.072072
1531 0.068276
1533 0.068663
1554 0.068311
1555 0.064659
1622 0.061244
1690 0.062336
1793 0.068217
1859 0.070760
1973 0.072660
1985 0.070805
2182 0.069065
2227 0.062481
2236 0.062919
2260 0.061519
2266 0.059881
2271 0.058888
2329 0.059251
2357 0.060362
2439 0.050443
2458 0.047316
2459 0.046451
2460 0.043157
2463 0.042444
2464 0.042246
2468 0.043163
2471 0.043330
2472 0.043622
2473 0.043555
2474 0.045696
2479 0.044775
2481 0.044795
2482 0.038355
2485 0.034988
2486 0.030486
2487 0.029620
2498 0.029217
2500 0.026300
2501 0.024773
2502 0.025697
2503 0.025751
2506 0.026321
2507 0.028294
2508 0.028295
2511 0.028583
2513 0.029939
2516 0.030235
2517 0.031644
2518 0.032835
2519 0.033435
2520 0.032462
2521 0.034088
2525 0.031425
2528 0.034742
2535 0.033086
2536 0.032223
2542 0.031043
2543 0.029758
2544 0.028752
2548 0.030101
2549 0.031118
2561 0.032227
2562 0.032920
2566 0.032229
2567 0.033472
2568 0.033929
2569 0.031752
2570 0.031277
2571 0.030953
2572 0.033458
2595 0.030829
2596 0.030537
2597 0.029217
2601 0.027880
2602 0.027758
2603 0.028422
2604 0.030472
2605 0.035155
2606 0.034995
2608 0.035654
2609 0.035740
2619 0.035569
2621 0.039208
2629 0.039646
2642 0.038674
2643 0.038657
2644 0.038269
2647 0.037377
2648 0.037751
2649 0.037262
2650 0.036644
2653 0.037018
2655 0.034334
2675 0.033995
2676 0.031134
2677 0.031569
2685 0.032369
2718 0.033242
2727 0.033418
2728 0.033250
2729 0.032468
2736 0.030391
2737 0.027739
2738 0.025686
2739 0.026635
2740 0.028025
2742 0.027958
2743 0.027449
2744 0.027305
2747 0.027140
2748 0.027949
2749 0.027938
2752 0.028649
2753 0.029034
2754 0.029151
2755 0.028024
2758 0.027681
2759 0.027390
2762 0.027275
2763 0.027822
2772 0.028388
2778 0.027730
2789 0.027283
2791 0.026838
2792 0.027031
2831 0.026921
2832 0.025871
2840 0.024278
2858 0.023507
2868 0.021638
2869 0.020690
2874 0.021811
2877 0.019781
2886 0.019767
2889 0.020051
2891 0.017902
2892 0.016908
2893 0.016691
2894 0.016770
2896 0.015297
2905 0.015425
2912 0.015798
2914 0.015654
2915 0.015480
2918 0.015459
2934 0.014994
2935 0.014787
2936 0.015725
2941 0.015780
2942 0.015370
2943 0.015159
2944 0.014889
2945 0.014809
2946 0.014986
2958 0.015181
2960 0.015734
2961 0.014716
2962 0.014367
2965 0.014021
2966 0.014427
2967 0.014976
2973 0.017956
2976 0.017631
2977 0.018889
2978 0.020154
2982 0.021214
2991 0.021710
2992 0.022825
2993 0.022383
3009 0.022528
3011 0.022269
3013 0.023095
3014 0.022931
3017 0.022871
3041 0.023053
3046 0.024099
3047 0.024136
3048 0.024023
3066 0.024717
3067 0.025002
3071 0.025634
3156 0.025768
3169 0.025685
3178 0.025692
3182 0.024789
3183 0.025254
3195 0.022059
3196 0.023270
3197 0.021982
3199 0.021551
3200 0.021103
3201 0.020976
3205 0.020339
3206 0.021060
3207 0.021066
3208 0.021228
3209 0.020274
3212 0.018964
3213 0.020562
3216 0.019778
3219 0.019302
3220 0.019497
3221 0.019925
3222 0.019321
3223 0.019268
3224 0.018320
3232 0.017675
3249 0.017651
3257 0.017393
3332 0.017216
3405 0.016556
3428 0.017187
3441 0.017258
3446 0.019174
3643 0.019763
3683 0.019741
3701 0.025008
3745 0.025211
3837 0.026272
3838 0.027682
3839 0.027992
3883 0.032623
3884 0.034047
3885 0.033594
3886 0.034718
3887 0.035474
3890 0.035877
3893 0.035798
3894 0.036993
3896 0.038647
3900 0.039140
3901 0.040258
3902 0.039761
3905 0.041492
3908 0.042268
3913 0.041846
3915 0.042280
3916 0.042472
3917 0.044586
3918 0.043831
3919 0.049863
3920 0.049960
3921 0.051470
3923 0.058278
3924 0.058718
3925 0.058106
3926 0.065514
3927 0.075291
3928 0.077130
3986 0.077672
4018 0.078984
4020 0.078120
4025 0.078164
4027 0.080080
4028 0.079498
4030 0.078783
4032 0.078304
4033 0.082594
4118 0.083581
4119 0.085016
4121 0.088403
4122 0.095648
4123 0.102565
4124 0.098549
4125 0.099228
4126 0.093014
4127 0.089351
4128 0.089260
4129 0.089679
4199 0.089690
4200 0.091374
4201 0.082112
4202 0.074077
4203 0.071304
4205 0.072521
4213 0.069691
4224 0.070592
4247 0.070808
4256 0.068004
4260 0.066847
4261 0.067398
4262 0.068439
4264 0.066442
4306 0.064257
4307 0.064261
4308 0.061365
4309 0.054817
4323 0.049198
4324 0.049426
4325 0.047866
4326 0.051840
4327 0.049908
4328 0.054482
4329 0.049591
4331 0.048814
4332 0.051558
4334 0.049637
4335 0.060305
4376 0.060440
4377 0.059035
4382 0.059862
4406 0.059220
5058 0.059692
5211 0.058707
5369 0.058741
5840 0.061301
5850 0.061568
5852 0.060991
5884 0.062608
5899 0.060346
5941 0.061486
6054 0.059990
6405 0.058161
6417 0.059770
6718 0.060518
6979 0.057455
7045 0.061188
7158 0.057001
7183 0.052798
7210 0.052364
7317 0.047939
7948 0.049516
7994 0.037169
8051 0.038245
8052 0.037583
8085 0.036835
8087 0.036942
8088 0.036049
8089 0.036115
8090 0.036967
8097 0.033469
8098 0.031943
8099 0.031211
8100 0.036031
8101 0.039614
8103 0.038797
8104 0.039527
8105 0.038701
8107 0.038820
8108 0.040330
8109 0.043064
8110 0.041121
8111 0.044442
8154 0.045657
8155 0.047059
8156 0.051471
8157 0.049173
8158 0.048254
8160 0.052860
8247 0.053399
8248 0.055896
8249 0.055503
8250 0.057365
8251 0.061290
8252 0.063234
8253 0.065124
8254 0.069618
8255 0.074534
8256 0.077432
10780 0.074595
10987 0.075716
11727 0.080753
11847 0.081569
11888 0.083621
11904 0.081302
12031 0.078397
12033 0.076317
12040 0.073582
12215 0.075248
12217 0.072784
12501 0.069278
12510 0.070009
12534 0.071430
12568 0.066811
12601 0.065972
12602 0.064637
12604 0.065573
12606 0.064141
12607 0.062147
12608 0.059142
12609 0.057489
12611 0.055533
12612 0.050027
12613 0.040493
12614 0.043180
12615 0.044780
12616 0.040863
12617 0.041900
12627 0.038687
12629 0.040145
12630 0.038636
12631 0.041331
12649 0.040456
12650 0.037668
12653 0.037181
12656 0.038300
12657 0.041780
12663 0.042106
12675 0.040879
12679 0.040896
12680 0.041064
12846 0.042089
12897 0.043520
12898 0.041409
12901 0.042768
12902 0.042986
12903 0.040499
12915 0.040052
12916 0.040015
12940 0.037431
12941 0.034377
12942 0.033601
12943 0.033665
12944 0.033904
12945 0.033127
12953 0.034217
12954 0.031491
12955 0.030385
12958 0.031257
12969 0.031310
12970 0.030545
12978 0.027933
12979 0.027771
12983 0.028389
12986 0.028202
12987 0.028165
12992 0.026448
12993 0.026644
12995 0.026691
12997 0.027159
12998 0.027094
12999 0.026693
13000 0.028054
13001 0.028080
13003 0.035601
13006 0.036991
13007 0.037091
13435 0.036206
13436 0.035201
13437 0.035598
13438 0.035795
13439 0.037260
13440 0.041389
13441 0.041812
13442 0.044629
13443 0.044457
13450 0.044058
13451 0.042138
13469 0.041500
13471 0.042929
13513 0.042998
13563 0.043280
13568 0.048044
13785 0.058480
13806 0.062788
13897 0.062856
14406 0.065935
15312 0.070712
15544 0.073706
15705 0.067971
15848 0.070043
16174 0.069696
17154 0.076909
17200 0.080514
17433 0.087451
17648 0.091178
17651 0.093537
17652 0.092374
17655 0.094976
17656 0.092541
17657 0.095525
17658 0.098393
17663 0.101457
17664 0.102320
17665 0.100865
17666 0.103399
17667 0.104145
17668 0.099644
17677 0.089582
17679 0.084405
17681 0.085479
17715 0.084387
17717 0.079111
17718 0.075768
17730 0.075824
17731 0.073901
17732 0.073706
17733 0.067047
17737 0.062800
17738 0.056018
17741 0.051882
17745 0.047629
17790 0.044352
17791 0.041380
17795 0.042320
17797 0.038619
17806 0.035261
17841 0.032250
17842 0.032182
17948 0.032318
17959 0.028384
17960 0.027042
17961 0.024920
17965 0.025089
17966 0.024653
17984 0.023072
17985 0.023437
17988 0.024842
17991 0.025663
17998 0.023362
17999 0.022213
18000 0.021871
18008 0.020671
18009 0.022282
18011 0.023254
18012 0.023567
18013 0.024659
18023 0.024499
18025 0.023708
18027 0.023423
18031 0.023143
18033 0.023612
18034 0.024151
18037 0.023553
18038 0.023656
18039 0.023921
18048 0.025022
18049 0.024558
18050 0.025984
18053 0.025604
18055 0.025658
18056 0.023360
18059 0.022293
18060 0.022321
18061 0.021932
18062 0.022311
18065 0.022676
18066 0.022270
18067 0.021677
18069 0.019958
18070 0.019791
18082 0.018595
18130 0.018462
18132 0.018634
18161 0.018126
18173 0.018342
18242 0.017201
18282 0.016654
18407 0.016954
18422 0.017635
18438 0.018344
18680 0.017653
18686 0.020218
18704 0.019254
18790 0.018961
18791 0.020478
18792 0.021825
18793 0.021571
18794 0.020815
18795 0.022181
18796 0.022131
18799 0.022541
18800 0.023530
18801 0.022817
18802 0.024038
18805 0.023452
18806 0.024140
18807 0.024283
18811 0.024197
18812 0.024338
18813 0.023932
18816 0.024979
18818 0.025748
18820 0.026801
18821 0.026182
18823 0.026110
18824 0.027372
18827 0.025026
18828 0.026420
18830 0.026638
18833 0.026621
18834 0.025875
18837 0.030904
18838 0.030821
18839 0.031469
18840 0.030434
18841 0.030399
18844 0.030577
18845 0.030617
18848 0.029850
18850 0.029787
18851 0.030141
18852 0.029565
18855 0.030070
18856 0.029428
18862 0.033687
18864 0.032638
18865 0.032423
18876 0.031704
18958 0.032225
19176 0.032852
19229 0.031238
19230 0.031363
19367 0.031973
19368 0.032206
19369 0.033458
19370 0.036290
19371 0.034586
19372 0.038869
19374 0.044495
19375 0.047902
19376 0.048244
19377 0.047246
19378 0.050943
19406 0.051029
19407 0.051866
19431 0.051068
19432 0.052816
19433 0.053510
19434 0.056480
19435 0.053246
19439 0.053989
19440 0.053500
19442 0.052510
19443 0.052632
19445 0.051808
19449 0.052150
19450 0.053225
19451 0.051620
19453 0.051786
19456 0.050607
19457 0.047800
19458 0.044183
19459 0.040118
19460 0.032790
19507 0.029927
19512 0.029909
19515 0.029841
19516 0.026105
19552 0.027608
19555 0.026774
19670 0.027211
19704 0.026557
19833 0.025593
20094 0.024486
20129 0.027109
20306 0.026834
20396 0.028329
20574 0.029872
20675 0.028596
20897 0.031642
20898 0.037582
20899 0.037145
20900 0.038986
20901 0.039614
20902 0.038675
20903 0.048153
20904 0.050634
20905 0.068208
21193 0.069853
21194 0.073778
21196 0.073539
21197 0.074807
21214 0.076563
21215 0.075343
21217 0.075999
21302 0.075334
21304 0.077041
21305 0.077641
21306 0.076971
21307 0.074018
21308 0.075690
21314 0.076497
21315 0.078483
21316 0.078557
21329 0.075400
21330 0.071861
21331 0.070817
21332 0.068725
21333 0.068339
21334 0.069645
21336 0.063318
21337 0.072435
21347 0.055956
21348 0.056364
21349 0.056438
21351 0.060560
21352 0.064605
21370 0.066279
21377 0.067081
21383 0.067879
21398 0.069104
21399 0.066289
21403 0.065375
21404 0.064615
21405 0.066099
21406 0.065525
21449 0.063166
21525 0.060382
21528 0.062110
21636 0.061446
21784 0.058457
22016 0.059315
22042 0.059819
22043 0.060407
22044 0.059269
22045 0.058706
22046 0.049038
22051 0.047758
22052 0.045507
22053 0.041874
22056 0.036965
22057 0.031579
22060 0.028271
22061 0.026488
22062 0.027733
22063 0.028391
22064 0.030963
22068 0.030875
22069 0.030587
22070 0.030945
22071 0.029761
22079 0.030145
22080 0.032200
22085 0.031454
22086 0.032017
22087 0.035891
22096 0.035593
22097 0.034509
22100 0.033109
22102 0.032782
22103 0.031669
22112 0.029943
22113 0.032042
22121 0.037007
22122 0.036077
22125 0.038167
22126 0.039252
22127 0.038709
22128 0.040363
22140 0.040454
22147 0.046189
22152 0.048442
22155 0.051073
22157 0.055960
22158 0.057733
22162 0.060417
22163 0.063713
22167 0.064471
22181 0.066341
22221 0.068449
22222 0.067783
22223 0.067571
22226 0.069114
22229 0.069761
22230 0.070633
22237 0.069183
22238 0.068435
22239 0.066756
22240 0.062157
22241 0.063462
22242 0.061979
22246 0.062396
22247 0.063496
22250 0.061981
22251 0.058828
22252 0.051418
22253 0.047346
22254 0.045535
22255 0.043198
22256 0.042341
22258 0.042361
22259 0.038939
22260 0.037045
22271 0.034931
22272 0.037835
22273 0.034692
22274 0.037188
22275 0.036263
22276 0.036580
22295 0.036853
22296 0.036625
22297 0.036678
22422 0.038308
22425 0.039294
22426 0.038526
22427 0.037503
22428 0.035551
22429 0.037044
22541 0.036966
22544 0.037729
22637 0.044331
23088 0.045447
23146 0.044423
23171 0.041880
23271 0.038815
23306 0.037644
23347 0.038203
23348 0.036995
23350 0.036704
23375 0.031927
23424 0.031858
23425 0.031723
23426 0.030519
23427 0.031039
23428 0.030076
23435 0.030252
23440 0.030339
23441 0.028382
23442 0.027381
23443 0.029501
23444 0.029405
23445 0.030408
23448 0.028140
23449 0.028524
23450 0.028439
23451 0.022446
23452 0.023828
23461 0.025404
23463 0.026745
23464 0.026772
23465 0.025776
23467 0.025901
23469 0.026544
23470 0.026758
23471 0.027386
23482 0.029382
23485 0.027516
23519 0.027692
23713 0.026041
23735 0.026442
23820 0.026403
24205 0.026141
24220 0.026397
24304 0.025925
24437 0.027017
24512 0.028896
24576 0.029651
24670 0.031038
24680 0.034508
24699 0.036940
24822 0.037155
24918 0.036381
24970 0.036758
24971 0.036577
24972 0.045654
24973 0.045692
24974 0.049019
24975 0.049623
24976 0.050722
24977 0.052066
24978 0.051187
24979 0.050345
24980 0.051532
24981 0.051776
24982 0.051238
24983 0.050969
24984 0.052141
24985 0.053854
24986 0.059498
24990 0.055953
24991 0.056338
24994 0.057308
24995 0.059341
24997 0.055079
24998 0.054300
24999 0.057105
