338 0.097042
339 0.090390
340 0.087307
342 0.083847
343 0.083552
345 0.083073
348 0.083841
349 0.084512
351 0.084344
353 0.083620
354 0.074687
355 0.071440
356 0.075307
357 0.075274
359 0.074268
360 0.072539
362 0.071938
363 0.071934
364 0.071716
367 0.072274
368 0.074271
498 0.068599
503 0.064091
510 0.066815
613 0.072744
715 0.072248
760 0.073781
858 0.077349
869 0.079114
873 0.081921
916 0.082048
1048 0.084082
1050 0.085800
1055 0.088126
1056 0.089905
1057 0.090413
1058 0.090958
1059 0.084887
1060 0.081220
1061 0.078274
1064 0.076398
1065 0.074763
1066 0.073760
1067 0.072911
1073 0.072118
1074 0.072295
1075 0.073143
1078 0.073704
1079 0.069014
1080 0.063328
1081 0.064210
1082 0.062880
1083 0.058834
1085 0.059867
1086 0.059598
1091 0.058597
1094 0.054725
1095 0.051584
1098 0.049116
1099 0.046804
1168 0.053323
1171 0.053079
1173 0.053564
1181 0.056705
1182 0.057198
1183 0.056607
1185 0.056796
1188 0.059034
1189 0.058592
1190 0.055903
1191 0.054533
1192 0.053802
1193 0.054374
1194 0.053627
1196 0.052626
1197 0.052102
1198 0.052495
1201 0.055889
1203 0.053447
1204 0.049415
1205 0.049768
1206 0.051168
1207 0.054977
1210 0.054555
1213 0.055647
1214 0.049963
1215 0.051541
1216 0.053293
1217 0.053032
1241 0.052399
1242 0.052378
1243 0.052361
1244 0.050100
1245 0.050487
1250 0.053653
1280 0.055272
1281 0.054203
1282 0.052107
1308 0.059588
1310 0.065611
1319 0.074758
1324 0.082007
1334 0.077989
1446 0.079080
1471 0.085488
1489 0.087868
1529 0.090644
1572 0.088812
1676 0.089646
1707 0.091907
1821 0.090614
1855 0.091515
1858 0.091115
1860 0.088810
1861 0.090834
1862 0.093668
1872 0.094660
1873 0.094727
1874 0.093741
1875 0.090315
1876 0.087901
1877 0.089186
1878 0.094912
1879 0.093262
1880 0.088364
1883 0.079390
1885 0.070641
1925 0.071155
1926 0.068917
1953 0.067120
1957 0.068662
1958 0.065891
1959 0.063447
1960 0.061940
1962 0.059345
1963 0.060908
1967 0.063380
1968 0.063859
1986 0.064945
1987 0.063708
1989 0.061683
1990 0.061366
2000 0.060855
2001 0.060516
2002 0.060756
2004 0.062202
2006 0.061649
2014 0.056043
2015 0.050349
2024 0.053025
2025 0.053511
2026 0.054194
2027 0.054315
2035 0.055068
2038 0.052433
2039 0.049091
2044 0.048971
2048 0.054306
2049 0.056204
2050 0.055689
2051 0.053153
2052 0.048035
2053 0.046549
2054 0.047352
2057 0.049118
2061 0.050735
2062 0.050961
2063 0.051630
2064 0.052594
2065 0.053403
2080 0.052895
2081 0.051290
2082 0.051349
2083 0.051767
2084 0.049306
2086 0.050262
2087 0.052976
2088 0.054952
2254 0.057644
2377 0.057109
2405 0.057856
2407 0.059025
2408 0.054373
2417 0.054131
2575 0.057994
2576 0.059502
2587 0.059517
2588 0.059087
2589 0.058394
2591 0.056185
2592 0.056802
2598 0.061636
2614 0.061136
2615 0.060394
2616 0.059670
2617 0.060330
2618 0.062961
2622 0.067507
2630 0.068039
2631 0.066675
2632 0.064709
2635 0.067110
2636 0.065243
2637 0.061458
2638 0.059365
2639 0.057739
2661 0.055633
2663 0.055090
2664 0.053600
2665 0.050195
2666 0.050162
2669 0.050596
2670 0.050239
2672 0.048877
2678 0.054190
2681 0.054979
2683 0.051236
2686 0.053659
2689 0.056319
2690 0.057282
2693 0.056748
2696 0.055332
2697 0.050886
2773 0.051861
2971 0.052511
2985 0.054248
2986 0.050944
2996 0.054186
3002 0.057877
3033 0.059840
3073 0.060819
3076 0.060896
3098 0.061592
3099 0.061168
3100 0.060043
3101 0.058939
3102 0.058869
3107 0.061501
3109 0.066232
3110 0.066387
3113 0.064069
3124 0.070176
3126 0.072936
3128 0.074771
3131 0.075154
3133 0.075000
3136 0.075620
3242 0.077815
3284 0.077959
3335 0.080204
3426 0.081849
3433 0.082004
3453 0.077774
3503 0.076572
3514 0.075155
3515 0.074206
3523 0.079844
3528 0.081214
3529 0.081946
3530 0.082259
3533 0.085964
3534 0.089685
3535 0.090055
3536 0.088531
3537 0.087192
3541 0.088231
3542 0.081874
3543 0.078191
3550 0.078811
3552 0.079634
3582 0.080756
3586 0.080643
3587 0.080248
3588 0.080570
3591 0.077926
3592 0.075433
3593 0.075240
3596 0.075427
3597 0.073826
3598 0.076366
3599 0.079573
3600 0.076586
3605 0.078593
3608 0.080307
3612 0.080100
3613 0.076032
3614 0.071488
3615 0.068614
3618 0.067387
3619 0.064993
3620 0.064716
3621 0.065190
3622 0.066844
3623 0.064338
3624 0.063801
3633 0.063290
3634 0.062419
3727 0.065293
3728 0.063491
3729 0.063413
3732 0.065650
3734 0.065709
3751 0.069717
3760 0.071460
3762 0.069003
3763 0.065750
3764 0.062791
3765 0.059323
3766 0.057426
3818 0.061432
3821 0.061852
3822 0.062145
3823 0.062183
3824 0.062261
3825 0.063498
3840 0.063271
3841 0.061642
3842 0.059065
3861 0.057377
3862 0.054993
3863 0.052508
3864 0.051226
3865 0.045800
3866 0.044583
3869 0.045450
3870 0.042726
3871 0.041331
3872 0.037708
3875 0.035789
3876 0.035560
3877 0.035385
3878 0.035022
3879 0.034323
3880 0.034361
3906 0.033944
3907 0.036163
3910 0.037455
3911 0.038015
3912 0.036470
3914 0.033627
3922 0.036797
3936 0.043601
4010 0.045763
4026 0.047027
4120 0.046920
4204 0.049562
4263 0.049992
4330 0.055447
4333 0.060092
4417 0.059443
4455 0.059912
4465 0.062956
4848 0.063669
5412 0.068023
5925 0.069930
5950 0.071707
5951 0.073111
5952 0.074999
5953 0.076755
5954 0.075234
5955 0.074073
5957 0.074110
5958 0.074144
5959 0.074625
5960 0.074975
5961 0.070954
5962 0.064075
5963 0.061458
5964 0.059826
5965 0.060428
5966 0.058156
5967 0.058620
5968 0.053871
5983 0.049737
5986 0.049926
5987 0.049660
5989 0.046080
5990 0.044711
5991 0.039882
5992 0.038286
5993 0.036982
5994 0.036090
5997 0.034253
5998 0.032382
6000 0.031708
6030 0.031926
6031 0.030905
6032 0.029914
6033 0.028241
6037 0.027967
6038 0.027170
6039 0.026377
6040 0.025826
6043 0.024903
6044 0.024346
6045 0.024585
6046 0.024714
6047 0.025144
6048 0.025548
6062 0.025804
6071 0.028625
6072 0.030438
6075 0.031401
6080 0.034914
6084 0.034789
6085 0.034530
6087 0.036116
6088 0.037493
6089 0.038288
6095 0.039153
6225 0.038098
6234 0.038247
6235 0.038339
6236 0.038634
6237 0.038247
6238 0.039106
6241 0.040267
6244 0.044426
6245 0.047191
6246 0.048891
6247 0.049607
6248 0.050765
6249 0.051059
6250 0.050924
6251 0.050242
6252 0.046848
6255 0.046067
6256 0.045634
6257 0.042388
6258 0.042055
6259 0.041855
6261 0.039978
6265 0.039677
6266 0.039612
6267 0.038349
6268 0.038534
6276 0.037619
6277 0.037329
6278 0.037016
6281 0.039741
6282 0.040780
6283 0.040494
6284 0.036544
6285 0.033914
6317 0.032516
6318 0.031247
6320 0.029015
6366 0.029634
6367 0.030930
6381 0.032988
6382 0.034530
6383 0.034318
6384 0.035117
6385 0.035853
6386 0.036688
6400 0.043889
6448 0.049175
6453 0.048037
6504 0.047169
6603 0.050422
6743 0.054206
6769 0.057077
7134 0.059452
7177 0.061574
7237 0.059851
7297 0.059617
7301 0.061157
7335 0.062771
7344 0.062857
7400 0.062615
7401 0.063229
7407 0.064867
7408 0.063981
7410 0.062494
7411 0.060704
7412 0.060105
7416 0.062417
7417 0.062624
7418 0.062321
7419 0.061779
7422 0.056308
7423 0.051641
7425 0.052240
7428 0.053926
7429 0.051444
7430 0.048810
7440 0.046077
7441 0.043841
7442 0.042236
7445 0.043259
7446 0.041625
7447 0.039208
7448 0.037409
7449 0.037358
7450 0.037663
7451 0.037935
7455 0.037858
7456 0.037372
7457 0.037159
7458 0.036945
7473 0.035927
7474 0.031904
7475 0.029753
7476 0.028690
7479 0.030713
7480 0.029321
7481 0.028603
7482 0.028000
7483 0.026459
7485 0.024684
7486 0.022734
7499 0.023361
7500 0.022965
7503 0.024641
7504 0.022585
7505 0.022425
7528 0.027025
7537 0.030479
7538 0.031055
7539 0.030480
7540 0.029503
7541 0.028155
7542 0.028617
7546 0.028363
7558 0.029055
7559 0.028693
7578 0.033433
7666 0.035650
7667 0.036514
7668 0.034864
7669 0.035516
7670 0.037225
7671 0.040248
7672 0.041613
7675 0.044564
7681 0.044812
7682 0.044224
7683 0.045570
7684 0.044849
7688 0.045409
7692 0.048798
7693 0.045219
7694 0.042583
7704 0.043297
7705 0.043453
7706 0.043646
7707 0.043810
7711 0.044112
7712 0.044766
7713 0.044765
7714 0.046588
7717 0.042183
7752 0.040540
7753 0.040017
7771 0.040872
7772 0.039987
7775 0.040991
7776 0.039039
7777 0.038265
7778 0.036430
7779 0.037691
7799 0.038927
7804 0.037966
7805 0.036139
7806 0.034913
7812 0.033625
7813 0.033950
7814 0.034118
7816 0.034758
7817 0.036778
7870 0.039703
7903 0.040475
7904 0.039091
7905 0.038292
7911 0.038825
7923 0.037900
7924 0.037711
7925 0.037502
7928 0.039891
7929 0.040526
7932 0.040693
7935 0.038257
7936 0.037488
7937 0.037949
7938 0.039165
7939 0.040211
7941 0.040058
8127 0.041440
8129 0.043021
8130 0.043574
8131 0.042313
8135 0.041347
8136 0.040647
8138 0.040846
8141 0.042913
8150 0.043104
8151 0.044014
8203 0.045026
8204 0.045934
8218 0.044391
8219 0.043151
8220 0.043569
8222 0.045008
8223 0.044331
8224 0.043627
8225 0.044118
8233 0.044268
8234 0.045053
8235 0.045461
8236 0.044321
8243 0.041863
8244 0.040645
8301 0.046916
8302 0.053363
8352 0.053542
8353 0.053072
8354 0.053268
8355 0.053929
8606 0.052785
8607 0.049188
8609 0.045663
8610 0.043724
8615 0.043575
8616 0.043384
8618 0.043585
8619 0.044811
8620 0.045526
8621 0.045274
8622 0.044831
8623 0.044610
8624 0.045016
8625 0.046047
8626 0.046501
8627 0.045561
8628 0.045099
8629 0.045437
8630 0.045740
8740 0.038581
8741 0.031488
8745 0.033930
8775 0.035139
8776 0.035976
8777 0.035996
8778 0.035339
8779 0.035412
8780 0.036596
8781 0.037002
8789 0.037853
8790 0.038229
8814 0.037686
8815 0.036734
8816 0.035627
8823 0.034951
8824 0.033311
8825 0.032004
8826 0.030787
8831 0.029202
8832 0.027605
8833 0.026692
8838 0.029215
8863 0.030145
8866 0.030683
8885 0.032017
8898 0.032288
8899 0.030048
8900 0.028774
8901 0.029709
8973 0.031033
8975 0.033773
8976 0.035183
8977 0.035165
8978 0.035475
8979 0.034514
8980 0.033700
8981 0.034329
8985 0.034465
8986 0.034461
9010 0.035042
9080 0.037172
9081 0.038527
9095 0.041291
9101 0.042581
9103 0.043523
9104 0.044314
9105 0.041842
9108 0.042144
9109 0.042613
9110 0.041292
9111 0.040853
9113 0.040452
9116 0.042404
9117 0.042353
9119 0.042354
9120 0.041030
9121 0.040291
9122 0.042442
9127 0.042270
9128 0.042089
9129 0.043986
9130 0.044784
9132 0.045539
9133 0.046592
9134 0.045992
9135 0.045839
9136 0.045711
9137 0.043722
9138 0.043040
9139 0.042416
9140 0.042521
9141 0.042073
9142 0.040583
9146 0.039678
9147 0.039211
9148 0.038873
9149 0.038942
9150 0.037176
9151 0.035665
9152 0.033827
9174 0.033275
9175 0.032449
9176 0.029567
9177 0.028886
9178 0.028443
9179 0.025923
9223 0.026780
9224 0.026934
9225 0.026707
9226 0.026749
9227 0.025299
9228 0.024248
9234 0.024395
9235 0.024630
9236 0.024770
9237 0.025105
9238 0.026177
9239 0.026839
9240 0.026913
9245 0.026737
9246 0.026527
9247 0.026152
9248 0.025308
9249 0.024828
9250 0.024550
9254 0.028037
9260 0.027702
9261 0.027539
9262 0.028063
9274 0.030228
9275 0.031942
9287 0.029527
9288 0.028072
9289 0.026932
9308 0.027200
9309 0.026979
9310 0.026639
9311 0.025485
9312 0.024562
9313 0.023790
9325 0.023434
9326 0.022574
9327 0.022072
9341 0.022318
9342 0.022334
9343 0.022424
9344 0.022445
9345 0.022471
9350 0.022645
9351 0.022665
9359 0.019678
9360 0.020684
9361 0.021501
9368 0.021929
9369 0.020399
9370 0.019334
9533 0.020114
9714 0.020949
9743 0.021960
9744 0.021868
9745 0.022643
9746 0.023352
9747 0.024129
9748 0.024719
9751 0.025402
9765 0.025936
9766 0.025719
9767 0.025467
9770 0.024683
9796 0.024630
9797 0.024571
9798 0.024514
9807 0.027921
9808 0.029533
9809 0.030624
9810 0.029595
9850 0.031041
9851 0.031473
9878 0.044710
9912 0.045279
9917 0.045222
9939 0.047508
10092 0.050103
10142 0.052166
10238 0.054071
10311 0.058417
10526 0.058890
10581 0.058882
10779 0.058454
10854 0.058837
10863 0.058475
10915 0.058742
10990 0.059212
11011 0.059720
11013 0.059894
11014 0.060479
11015 0.061636
11016 0.060132
11017 0.059545
11018 0.059403
11019 0.059736
11020 0.057961
11021 0.056535
11022 0.042738
11023 0.041663
11024 0.041437
11025 0.038508
11026 0.036868
11027 0.035854
11068 0.033635
11071 0.035559
11072 0.036227
11073 0.036524
11115 0.037708
11116 0.037204
11117 0.036713
11139 0.038790
11146 0.039785
11154 0.039912
11160 0.041212
11161 0.041653
11162 0.041419
11168 0.040550
11169 0.040595
11171 0.040432
11172 0.040562
11173 0.040159
11195 0.041131
11196 0.042210
11197 0.044696
11202 0.045985
11203 0.046759
11204 0.045766
11205 0.044385
11215 0.044119
11216 0.037145
11217 0.035581
11229 0.034567
11230 0.033152
11231 0.032793
11233 0.032199
11234 0.029329
11245 0.028519
11246 0.029035
11247 0.028821
11248 0.029366
11249 0.030298
11250 0.031134
11257 0.030080
11258 0.029482
11259 0.028248
11260 0.028439
11261 0.028123
11262 0.027128
11294 0.025766
11302 0.024416
11303 0.023370
11304 0.022525
11305 0.022250
11306 0.022105
11307 0.021851
11308 0.022452
11309 0.022949
11310 0.023473
11318 0.025466
11320 0.026564
11321 0.027463
11322 0.027126
11323 0.026330
11324 0.025151
11331 0.027784
11332 0.029081
11333 0.027597
11334 0.027270
11335 0.027089
11339 0.027647
11340 0.026929
11341 0.026518
11342 0.026228
11344 0.025945
11345 0.026603
11346 0.027611
11349 0.028237
11350 0.028417
11352 0.028441
11353 0.028460
11355 0.027577
11360 0.029175
11361 0.029226
11363 0.027140
11364 0.026084
11365 0.025194
11369 0.027022
11372 0.026743
11373 0.026627
11374 0.022296
11384 0.019204
11385 0.018921
11417 0.021371
11418 0.021938
11439 0.022736
11441 0.024140
11555 0.025095
11556 0.025498
11557 0.025220
11558 0.024806
11567 0.024689
11568 0.024302
11569 0.024040
11571 0.023921
11572 0.024003
11573 0.024029
11580 0.022741
11581 0.022948
11583 0.023276
11593 0.023797
11594 0.024055
11595 0.022415
11596 0.022853
11597 0.023096
11602 0.023745
11603 0.024024
11604 0.024979
11605 0.023191
11607 0.023366
11609 0.022652
11610 0.022343
11611 0.022264
11612 0.022762
11613 0.023090
11718 0.022878
11923 0.022760
11924 0.022848
11925 0.022629
11926 0.022677
11927 0.022829
11928 0.023108
11929 0.022895
11940 0.023148
11941 0.023585
12005 0.023674
12006 0.023743
12007 0.023680
12008 0.023384
12009 0.023520
12010 0.023253
12032 0.024628
12034 0.025340
12036 0.026045
12037 0.025408
12039 0.024960
12041 0.023975
12042 0.023177
12043 0.022260
12044 0.021218
12045 0.021117
12046 0.020377
12047 0.019951
12048 0.019778
12049 0.019399
12103 0.019324
12105 0.019744
12106 0.019057
12107 0.018000
12108 0.017094
12109 0.016298
12110 0.015987
12118 0.015188
12119 0.014615
12120 0.014014
12121 0.013643
12122 0.011791
12134 0.010360
12162 0.010330
12163 0.010137
12164 0.009732
12165 0.009589
12166 0.009334
12168 0.011532
12169 0.013045
12171 0.014305
12233 0.016944
12236 0.018308
12441 0.019167
12442 0.019794
12443 0.019815
12445 0.019221
12446 0.019410
12447 0.019562
12448 0.019786
12449 0.019918
12450 0.019965
12451 0.019968
12452 0.020055
12466 0.020949
12468 0.021407
12469 0.021705
12470 0.021639
12471 0.020116
12485 0.020736
12486 0.021205
12487 0.021523
12490 0.021397
12491 0.018947
12492 0.017222
12499 0.017911
12500 0.016760
12521 0.017289
12522 0.017839
12645 0.019676
12678 0.022237
12720 0.024026
12743 0.025028
12783 0.027863
12832 0.031365
12980 0.034990
13061 0.036039
13100 0.039240
13400 0.043092
13410 0.044545
13602 0.044245
13751 0.046324
13753 0.048518
14045 0.049830
14215 0.049802
14228 0.051091
14235 0.051301
14258 0.052213
14270 0.054659
14271 0.056401
14272 0.055827
14273 0.055497
14275 0.055596
14276 0.056138
14277 0.055446
14278 0.053554
14286 0.052963
14287 0.052763
14288 0.050501
14289 0.047408
14290 0.044168
14291 0.043854
14308 0.040992
14309 0.037624
14310 0.035356
14311 0.035167
14312 0.034815
14313 0.033290
14314 0.032678
14315 0.032323
14316 0.030694
14317 0.032517
14318 0.033668
14319 0.032616
14320 0.031840
14321 0.031647
14322 0.031345
14323 0.030100
14324 0.028844
14340 0.028927
14341 0.028839
14342 0.028132
14343 0.027685
14344 0.027642
14380 0.030928
14381 0.032892
14382 0.033687
14384 0.034394
14385 0.034763
14389 0.035214
14390 0.035359
14391 0.033367
14392 0.032538
14393 0.031728
14400 0.032999
14402 0.033903
14403 0.032046
14404 0.031520
14405 0.030728
14407 0.030334
14408 0.029376
14409 0.028609
14410 0.028004
14414 0.028537
14415 0.027478
14416 0.026899
14417 0.027134
14441 0.030387
14443 0.030559
14444 0.027261
14445 0.027826
14446 0.029028
14453 0.028637
14456 0.029183
14457 0.029217
14458 0.029574
14463 0.031041
14471 0.032412
14472 0.032826
14473 0.031311
14474 0.030277
14475 0.031440
14476 0.031042
14489 0.031959
14490 0.032811
14491 0.033178
14492 0.033583
14509 0.034129
14510 0.033126
14511 0.032463
14512 0.032054
14513 0.031027
14514 0.027219
14534 0.028717
14536 0.029992
14538 0.028431
14539 0.026614
14541 0.028104
14543 0.028600
14545 0.029408
14546 0.029772
14547 0.029766
14548 0.029267
14617 0.030198
14703 0.031348
14717 0.032619
14718 0.031852
14838 0.033431
14862 0.033319
14945 0.032612
14966 0.033851
15031 0.033789
15055 0.035275
15075 0.035492
15076 0.035944
15078 0.036408
15082 0.038111
15083 0.039367
15084 0.038163
15085 0.037150
15086 0.036621
15087 0.036275
15091 0.034785
15092 0.033372
15093 0.033245
15096 0.032811
15097 0.032481
15098 0.032228
15099 0.031516
15103 0.030810
15104 0.031023
15105 0.030976
15106 0.029432
15107 0.028856
15110 0.029823
15111 0.028841
15114 0.029816
15115 0.028985
15116 0.029797
15117 0.030770
15122 0.030862
15123 0.029635
15124 0.028653
15125 0.027664
15126 0.027036
15127 0.026211
15128 0.027262
15129 0.027585
15130 0.027763
15138 0.028077
15139 0.028647
15140 0.028085
15142 0.027724
15143 0.029841
15144 0.031494
15146 0.031672
15147 0.031728
15148 0.031242
15149 0.030805
15169 0.031070
15172 0.031575
15269 0.033156
15286 0.033326
15295 0.032898
15297 0.032221
15299 0.032197
15300 0.033157
15306 0.033509
15307 0.034125
15308 0.034466
15310 0.034738
15311 0.033252
15319 0.033109
15320 0.033186
15321 0.032485
15322 0.032044
15323 0.031762
15325 0.032670
15326 0.031087
15327 0.029332
15328 0.028233
15334 0.027633
15336 0.027275
15337 0.027088
15338 0.025305
15339 0.023903
15340 0.021036
15341 0.020636
15342 0.020683
15343 0.020452
15344 0.020294
15354 0.019503
15362 0.020989
15363 0.021486
15364 0.021892
15371 0.022187
15372 0.022242
15374 0.021512
15376 0.022767
15377 0.023320
15379 0.023833
15381 0.024586
15382 0.024611
15383 0.025304
15385 0.025577
15386 0.025621
15406 0.025565
15407 0.025176
15409 0.024882
15411 0.024771
15412 0.024585
15416 0.026810
15430 0.027790
15431 0.029013
15432 0.029819
15442 0.031249
15444 0.031788
15445 0.030430
15449 0.030623
15450 0.030605
15452 0.031091
15453 0.031308
15454 0.031569
15456 0.030352
15457 0.029345
15458 0.028450
15459 0.028246
15460 0.027312
15461 0.025723
15462 0.026135
15466 0.025963
15467 0.026321
15468 0.027052
15471 0.028900
15472 0.029877
15473 0.030558
15474 0.028530
15475 0.027826
15476 0.026846
15477 0.026601
15480 0.025992
15481 0.025515
15482 0.026281
15483 0.025558
15484 0.025015
15485 0.025340
15486 0.025669
15488 0.025837
15489 0.025324
15490 0.024980
15491 0.024890
15493 0.024733
15494 0.024733
15495 0.024361
15496 0.024422
15497 0.024662
15498 0.024372
15499 0.024389
15511 0.023447
15524 0.023385
15525 0.023302
15526 0.023215
15527 0.022134
15528 0.021216
15529 0.020163
15582 0.021322
15606 0.021159
15629 0.022545
15634 0.024453
15692 0.025527
15728 0.025726
15763 0.025746
15786 0.026416
15788 0.026857
15809 0.028178
15885 0.028436
15886 0.028164
15887 0.028339
15888 0.029402
15892 0.028838
15894 0.028301
15895 0.027936
15896 0.027329
15897 0.026638
15898 0.025782
15899 0.025549
15900 0.025587
15901 0.025678
15902 0.025795
15903 0.025996
15904 0.023866
15905 0.023718
15935 0.021237
15936 0.018900
15938 0.017602
15939 0.016083
15940 0.015480
15942 0.014334
15943 0.013794
15944 0.012404
15945 0.012285
16047 0.014347
16053 0.017962
16057 0.020792
16205 0.021853
16240 0.021703
16284 0.023596
16547 0.025572
16850 0.028254
17184 0.029495
17300 0.030970
17380 0.041258
17385 0.050716
17517 0.051565
17530 0.054347
17685 0.055147
17739 0.055856
17793 0.056925
17858 0.058556
17875 0.059725
17880 0.060428
17934 0.061034
17935 0.061911
17936 0.062839
17937 0.063584
17938 0.063874
17939 0.062113
17940 0.058439
17941 0.054971
17942 0.053618
17943 0.053765
17947 0.053073
17949 0.053095
17950 0.052690
17951 0.053804
17952 0.053897
17953 0.045054
17954 0.036414
17955 0.037089
17956 0.035210
17957 0.035150
17964 0.036548
18032 0.036884
18164 0.036699
18165 0.036819
18167 0.037181
18190 0.038816
18296 0.038454
18411 0.038402
18416 0.037826
18431 0.037809
18432 0.037179
18433 0.036843
18434 0.036914
18435 0.036540
18436 0.036297
18437 0.034935
18440 0.033042
18442 0.030654
18443 0.028859
18444 0.027057
18445 0.025312
18446 0.024204
18452 0.024696
18453 0.025100
18454 0.025153
18455 0.023767
18456 0.022904
18457 0.021594
18458 0.020543
18459 0.020844
18460 0.019383
18593 0.019805
18633 0.019965
18677 0.020367
18687 0.020056
18688 0.020021
18689 0.020111
18694 0.021762
18695 0.023028
18697 0.023957
18706 0.025828
18707 0.027477
18708 0.028766
18709 0.029377
18724 0.029684
18725 0.029926
18726 0.030261
18727 0.028311
18728 0.028187
18729 0.027744
18730 0.027074
18731 0.026312
18733 0.027671
18735 0.027690
18736 0.026565
18737 0.025891
18739 0.026250
18740 0.025903
18741 0.025813
18742 0.027725
18743 0.029146
18744 0.029506
18745 0.027936
18746 0.027216
18747 0.027274
18749 0.025879
18760 0.024728
18762 0.023773
18763 0.022759
18765 0.022457
18767 0.023713
18768 0.024237
18769 0.024670
18770 0.024226
18774 0.026095
18776 0.027208
18777 0.027117
18779 0.025409
18782 0.025032
18783 0.024641
18784 0.024596
18786 0.023364
18787 0.022739
18788 0.022165
18789 0.019896
18810 0.019057
18815 0.020494
18817 0.021499
18819 0.023628
18822 0.024642
18829 0.026772
18858 0.029426
18872 0.029715
18874 0.031158
18875 0.032962
18877 0.032441
18878 0.032333
19345 0.033455
19355 0.033133
19438 0.031341
19472 0.030580
19532 0.031229
19556 0.036385
19601 0.037037
19671 0.039767
19684 0.041660
19730 0.041977
19754 0.042914
19778 0.043499
19779 0.044339
19783 0.044537
19784 0.043163
19786 0.042378
19787 0.040546
19788 0.039474
19803 0.037462
19804 0.034389
19805 0.034615
19806 0.033314
19831 0.033727
19835 0.035461
19837 0.034716
19839 0.033977
19853 0.033587
19854 0.033549
19876 0.032971
19877 0.032347
19878 0.027342
19879 0.026750
19880 0.024877
19881 0.023221
19882 0.023143
19883 0.022718
19884 0.022447
19886 0.021859
19887 0.021089
19896 0.021269
19900 0.021424
19901 0.020949
19903 0.020513
19904 0.020246
19905 0.020218
19906 0.019605
19907 0.019395
19908 0.017125
19909 0.014311
19921 0.015504
19930 0.015412
19931 0.015743
19936 0.015533
19939 0.015853
19942 0.016026
19943 0.016022
19945 0.016876
19946 0.016632
19947 0.017276
19949 0.017502
19950 0.018184
19951 0.018378
19987 0.018735
20000 0.018715
20001 0.018063
20002 0.017195
20006 0.017099
20007 0.016892
20009 0.016912
20010 0.016956
20012 0.017469
20013 0.017368
20014 0.017372
20015 0.017389
20016 0.016058
20025 0.016147
20032 0.016434
20033 0.016733
20034 0.016756
20035 0.016964
20036 0.017162
20037 0.016529
20038 0.016526
20039 0.015357
20040 0.014947
20041 0.013500
20042 0.013341
20043 0.013019
20044 0.013169
20051 0.013235
20052 0.013536
20053 0.013219
20054 0.012844
20055 0.012513
20056 0.012905
20083 0.013006
20084 0.013305
20099 0.014166
20100 0.014392
20101 0.014598
20102 0.013604
20105 0.014259
20115 0.016159
20116 0.016857
20162 0.017319
20205 0.017379
20248 0.017455
20392 0.017495
20423 0.018946
20432 0.019423
20477 0.020457
20490 0.020337
20503 0.020828
20504 0.020924
20505 0.021042
20508 0.020750
20509 0.020609
20517 0.020564
20518 0.020547
20519 0.020132
20521 0.019208
20522 0.018772
20523 0.017831
20524 0.017488
20525 0.018942
20526 0.019755
20527 0.018548
20530 0.016345
20531 0.015413
20536 0.015112
20537 0.014855
20538 0.014584
20540 0.014011
20541 0.013591
20544 0.013278
20559 0.012687
20561 0.012813
20564 0.012386
20565 0.012752
20566 0.012765
20569 0.014087
20570 0.015399
20571 0.016840
20575 0.018071
20576 0.018409
20577 0.018742
20578 0.019182
20579 0.019386
20581 0.020592
20582 0.019670
20596 0.019178
20597 0.019265
20598 0.019445
20603 0.019400
20604 0.019237
20605 0.019519
20606 0.021021
20608 0.022259
20609 0.021955
20612 0.022393
20613 0.022608
20614 0.022625
20615 0.022588
20616 0.022856
20619 0.023246
20620 0.022356
20621 0.021623
20622 0.020675
20627 0.020231
20628 0.020452
20630 0.020780
20631 0.020720
20632 0.020779
20662 0.019781
20663 0.019184
20664 0.019002
20665 0.018594
20666 0.018084
20683 0.018994
20684 0.019297
20685 0.019620
20686 0.018602
20687 0.017741
20696 0.017958
20698 0.017709
20699 0.017436
20700 0.017283
20701 0.017148
20751 0.017143
20752 0.017037
20753 0.017047
20769 0.017360
20770 0.017491
20774 0.017068
20776 0.016511
20777 0.016288
20778 0.016175
20779 0.016102
20780 0.016321
20781 0.016531
20790 0.016478
20791 0.016639
20792 0.016635
20793 0.015592
20794 0.014838
20795 0.014173
20796 0.013644
20797 0.013356
20963 0.012680
20964 0.012226
20965 0.011960
20966 0.011752
20987 0.012480
20988 0.012111
20989 0.011640
20990 0.011764
20991 0.011147
21089 0.011133
21099 0.011372
21109 0.011662
21110 0.011686
21174 0.013079
21176 0.014624
21200 0.014747
21411 0.015301
21596 0.016632
21599 0.017558
21934 0.018174
21955 0.019704
22306 0.021679
22406 0.024243
22408 0.026090
22846 0.027133
22874 0.027517
23454 0.028755
23455 0.030105
23456 0.031112
23457 0.030801
23458 0.030929
23459 0.031946
23460 0.032266
23489 0.032315
23490 0.031873
23491 0.031329
23492 0.030786
23506 0.030731
23507 0.029470
23543 0.028178
23544 0.028041
23545 0.027439
23546 0.025980
23547 0.024959
23565 0.024840
23579 0.024364
23580 0.023149
23581 0.021220
23582 0.019779
23589 0.020083
23591 0.020136
23592 0.019433
23593 0.018354
23594 0.017700
23595 0.017243
23596 0.016563
23597 0.015262
23601 0.014571
23602 0.014268
23635 0.015090
23637 0.016361
23638 0.016760
23639 0.016663
23644 0.017354
23645 0.017438
23646 0.017567
23647 0.017595
23648 0.017641
23664 0.018645
23673 0.018688
23674 0.017779
23675 0.017227
23678 0.016964
23680 0.016741
23681 0.015404
23682 0.014813
23683 0.014805
23684 0.014943
23685 0.014969
23686 0.015031
23687 0.015079
23688 0.015288
23689 0.015209
23690 0.015749
23691 0.014930
23692 0.013709
23693 0.013484
23694 0.013286
23695 0.012385
23696 0.012288
23697 0.012158
23723 0.013196
23724 0.014275
23725 0.014227
23726 0.015290
23727 0.016547
23731 0.018181
23732 0.019202
23737 0.019955
23772 0.020501
23773 0.020901
23801 0.020275
23802 0.019704
23803 0.019186
23814 0.020717
23815 0.021356
23838 0.022235
23839 0.022678
23840 0.022496
23888 0.022779
23889 0.022888
23890 0.022754
23891 0.022766
23892 0.023002
23893 0.023097
23894 0.023426
23895 0.022645
23896 0.022336
23897 0.022927
23914 0.022004
23915 0.020874
23916 0.019185
23917 0.017878
23921 0.018159
23923 0.018054
23980 0.018917
23982 0.019866
23989 0.020735
23991 0.021791
23995 0.020634
23999 0.020717
24000 0.020097
24001 0.019999
24015 0.020350
24016 0.021236
24019 0.021748
24022 0.022307
24025 0.022566
24026 0.022763
24027 0.022845
24028 0.023661
24029 0.025263
24030 0.027156
24031 0.028650
24153 0.027855
24154 0.027664
24173 0.028669
24176 0.029697
24212 0.031383
24492 0.032228
24706 0.031630
24772 0.034641
24821 0.034064
24823 0.033229
24824 0.033033
24833 0.032955
24834 0.032927
24835 0.032675
24851 0.032892
24852 0.032229
24853 0.032139
24854 0.032174
24882 0.031994
24883 0.031557
24884 0.031176
24885 0.029769
24886 0.028606
24897 0.026543
24898 0.023554
24899 0.023845
24919 0.025740
24922 0.024953
24923 0.023882
24924 0.020986
24926 0.019617
24929 0.019471
24931 0.017355
24932 0.017893
24935 0.019299
24937 0.019812
24938 0.020451
24939 0.020611
24940 0.020785
