338 0.061876
339 0.056964
340 0.054939
342 0.056079
343 0.057016
345 0.059355
348 0.053525
349 0.050791
351 0.052168
353 0.051966
354 0.051740
355 0.053243
356 0.053582
357 0.050702
359 0.048088
360 0.046679
362 0.047978
363 0.045775
364 0.045863
367 0.042087
368 0.042721
498 0.040834
503 0.040932
510 0.039214
613 0.038860
715 0.040219
760 0.040049
858 0.038964
869 0.037734
873 0.036279
916 0.033543
1048 0.034523
1050 0.037354
1055 0.036117
1056 0.042615
1057 0.041898
1058 0.045460
1059 0.045603
1060 0.046498
1061 0.048909
1064 0.050859
1065 0.051558
1066 0.054179
1067 0.051715
1073 0.051650
1074 0.049966
1075 0.050179
1078 0.049653
1079 0.049102
1080 0.048468
1081 0.047371
1082 0.047446
1083 0.046992
1085 0.050267
1086 0.052121
1091 0.049552
1094 0.047820
1095 0.047324
1098 0.050104
1099 0.043829
1168 0.044647
1171 0.041250
1173 0.041813
1181 0.039679
1182 0.038973
1183 0.037247
1185 0.036597
1188 0.036009
1189 0.035574
1190 0.039527
1191 0.040436
1192 0.041742
1193 0.042129
1194 0.042217
1196 0.041422
1197 0.042923
1198 0.043072
1201 0.043563
1203 0.041602
1204 0.040244
1205 0.040946
1206 0.040475
1207 0.039367
1210 0.036578
1213 0.034583
1214 0.035183
1215 0.035018
1216 0.033426
1217 0.035742
1241 0.034451
1242 0.034062
1243 0.035823
1244 0.033335
1245 0.035530
1250 0.033658
1280 0.033694
1281 0.032853
1282 0.033482
1308 0.032410
1310 0.033266
1319 0.031368
1324 0.029160
1334 0.029894
1446 0.029725
1471 0.029745
1489 0.029393
1529 0.028498
1572 0.026952
1676 0.027073
1707 0.026697
1821 0.025326
1855 0.023818
1858 0.028248
1860 0.027700
1861 0.027425
1862 0.029152
1872 0.026935
1873 0.030301
1874 0.030972
1875 0.030001
1876 0.029198
1877 0.030751
1878 0.034527
1879 0.034788
1880 0.035640
1883 0.035346
1885 0.036184
1925 0.036530
1926 0.037349
1953 0.039839
1957 0.040224
1958 0.040021
1959 0.040007
1960 0.043945
1962 0.044015
1963 0.045307
1967 0.046123
1968 0.042896
1986 0.041444
1987 0.044354
1989 0.042506
1990 0.042038
2000 0.040475
2001 0.038634
2002 0.038112
2004 0.038773
2006 0.036839
2014 0.031777
2015 0.035004
2024 0.033342
2025 0.033596
2026 0.032891
2027 0.032533
2035 0.030765
2038 0.028817
2039 0.029421
2044 0.029971
2048 0.030219
2049 0.026436
2050 0.030895
2051 0.032968
2052 0.032217
2053 0.031476
2054 0.032922
2057 0.031414
2061 0.031587
2062 0.033385
2063 0.032433
2064 0.033003
2065 0.034545
2080 0.033030
2081 0.033845
2082 0.034595
2083 0.030954
2084 0.031185
2086 0.032522
2087 0.035896
2088 0.037188
2254 0.037757
2377 0.036754
2405 0.036875
2407 0.036213
2408 0.036916
2417 0.039156
2575 0.035490
2576 0.032905
2587 0.033535
2588 0.035355
2589 0.036242
2591 0.035654
2592 0.035824
2598 0.033995
2614 0.032958
2615 0.031680
2616 0.031230
2617 0.031983
2618 0.032398
2622 0.032975
2630 0.036601
2631 0.036147
2632 0.036349
2635 0.033296
2636 0.031106
2637 0.030396
2638 0.033105
2639 0.032588
2661 0.033186
2663 0.032985
2664 0.030081
2665 0.031794
2666 0.032084
2669 0.033670
2670 0.031356
2672 0.028890
2678 0.030036
2681 0.031494
2683 0.032321
2686 0.033388
2689 0.034112
2690 0.032076
2693 0.032630
2696 0.032139
2697 0.031680
2773 0.028858
2971 0.028640
2985 0.026899
2986 0.027612
2996 0.027366
3002 0.027616
3033 0.025252
3073 0.026194
3076 0.026238
3098 0.025357
3099 0.026308
3100 0.024069
3101 0.023413
3102 0.021732
3107 0.022453
3109 0.022580
3110 0.020476
3113 0.019043
3124 0.017874
3126 0.017703
3128 0.017280
3131 0.018882
3133 0.018257
3136 0.018332
3242 0.017671
3284 0.016826
3335 0.017454
3426 0.018439
3433 0.018778
3453 0.021514
3503 0.022242
3514 0.022487
3515 0.021177
3523 0.021427
3528 0.021947
3529 0.024980
3530 0.024767
3533 0.024438
3534 0.023886
3535 0.023419
3536 0.024351
3537 0.024777
3541 0.025583
3542 0.026137
3543 0.026198
3550 0.026956
3552 0.025560
3582 0.025181
3586 0.024241
3587 0.024143
3588 0.024247
3591 0.023951
3592 0.023460
3593 0.022558
3596 0.020665
3597 0.019426
3598 0.018677
3599 0.018255
3600 0.018770
3605 0.018550
3608 0.014717
3612 0.016578
3613 0.018920
3614 0.019514
3615 0.020568
3618 0.019339
3619 0.018796
3620 0.017922
3621 0.017200
3622 0.018498
3623 0.021334
3624 0.025224
3633 0.026081
3634 0.026744
3727 0.026751
3728 0.026842
3729 0.030023
3732 0.032198
3734 0.031749
3751 0.030779
3760 0.031055
3762 0.031704
3763 0.035696
3764 0.035212
3765 0.036970
3766 0.041123
3818 0.040461
3821 0.038253
3822 0.040499
3823 0.040569
3824 0.041764
3825 0.041616
3840 0.042702
3841 0.043015
3842 0.042441
3861 0.038677
3862 0.038238
3863 0.044773
3864 0.053102
3865 0.053994
3866 0.054092
3869 0.051007
3870 0.048563
3871 0.055642
3872 0.056211
3875 0.057478
3876 0.060026
3877 0.062451
3878 0.062451
3879 0.060601
3880 0.059793
3906 0.064546
3907 0.067149
3910 0.076631
3911 0.081073
3912 0.085530
3914 0.085751
3922 0.092711
3936 0.094523
4010 0.094607
4026 0.098410
4120 0.098965
4204 0.097009
4263 0.088862
4330 0.088808
4333 0.089012
4417 0.096445
4455 0.100722
4465 0.095926
4848 0.099084
5412 0.100127
5925 0.097271
5950 0.093336
5951 0.097496
5952 0.097442
5953 0.094141
5954 0.089561
5955 0.089865
5957 0.078883
5958 0.076220
5959 0.072732
5960 0.072509
5961 0.065003
5962 0.064930
5963 0.065874
5964 0.062922
5965 0.065694
5966 0.064774
5967 0.063960
5968 0.069565
5983 0.069208
5986 0.062062
5987 0.060842
5989 0.061930
5990 0.060739
5991 0.059266
5992 0.063851
5993 0.063455
5994 0.059451
5997 0.059132
5998 0.060472
6000 0.058903
6030 0.057551
6031 0.056287
6032 0.053112
6033 0.050981
6037 0.051749
6038 0.051438
6039 0.049595
6040 0.048024
6043 0.047509
6044 0.041203
6045 0.037456
6046 0.038434
6047 0.032108
6048 0.033928
6062 0.033814
6071 0.031021
6072 0.027731
6075 0.029154
6080 0.029152
6084 0.027533
6085 0.026144
6087 0.024903
6088 0.028581
6089 0.027328
6095 0.027604
6225 0.026291
6234 0.028454
6235 0.028845
6236 0.029768
6237 0.029507
6238 0.030921
6241 0.031189
6244 0.030664
6245 0.030129
6246 0.031277
6247 0.031719
6248 0.031248
6249 0.031909
6250 0.033166
6251 0.033891
6252 0.034668
6255 0.034378
6256 0.030609
6257 0.029748
6258 0.028213
6259 0.030182
6261 0.031921
6265 0.029332
6266 0.029059
6267 0.029654
6268 0.029229
6276 0.027913
6277 0.029369
6278 0.028921
6281 0.028491
6282 0.026476
6283 0.031450
6284 0.034691
6285 0.041709
6317 0.043527
6318 0.047434
6320 0.048602
6366 0.048867
6367 0.046604
6381 0.046303
6382 0.047664
6383 0.048647
6384 0.049156
6385 0.053142
6386 0.051445
6400 0.049275
6448 0.047593
6453 0.047555
6504 0.047575
6603 0.047383
6743 0.051828
6769 0.051128
7134 0.050441
7177 0.053745
7237 0.057425
7297 0.057430
7301 0.054271
7335 0.050734
7344 0.044297
7400 0.041185
7401 0.036641
7407 0.034927
7408 0.035222
7410 0.035091
7411 0.036567
7412 0.036187
7416 0.036152
7417 0.036794
7418 0.032607
7419 0.035041
7422 0.036879
7423 0.037167
7425 0.036847
7428 0.037058
7429 0.038169
7430 0.035541
7440 0.036845
7441 0.038427
7442 0.036040
7445 0.032740
7446 0.033115
7447 0.031076
7448 0.030855
7449 0.030597
7450 0.030814
7451 0.030029
7455 0.031697
7456 0.030643
7457 0.030814
7458 0.030250
7473 0.029216
7474 0.028712
7475 0.029604
7476 0.029825
7479 0.027997
7480 0.025529
7481 0.026073
7482 0.026090
7483 0.026110
7485 0.025950
7486 0.026622
7499 0.025429
7500 0.024241
7503 0.023454
7504 0.023695
7505 0.023231
7528 0.024155
7537 0.025697
7538 0.026615
7539 0.026711
7540 0.026547
7541 0.025297
7542 0.026252
7546 0.025260
7558 0.025337
7559 0.024813
7578 0.024821
7666 0.022828
7667 0.025205
7668 0.030009
7669 0.031146
7670 0.030353
7671 0.029892
7672 0.030016
7675 0.028776
7681 0.026418
7682 0.026769
7683 0.025239
7684 0.025058
7688 0.025443
7692 0.026122
7693 0.025102
7694 0.023510
7704 0.024060
7705 0.026299
7706 0.032722
7707 0.033489
7711 0.032801
7712 0.032986
7713 0.032277
7714 0.033179
7717 0.034921
7752 0.034806
7753 0.033081
7771 0.029652
7772 0.028885
7775 0.029305
7776 0.030287
7777 0.031544
7778 0.032868
7779 0.033289
7799 0.032574
7804 0.032922
7805 0.033148
7806 0.033189
7812 0.032516
7813 0.032526
7814 0.033821
7816 0.032493
7817 0.029629
7870 0.024296
7903 0.023510
7904 0.023890
7905 0.026731
7911 0.029542
7923 0.032332
7924 0.030168
7925 0.030277
7928 0.033776
7929 0.032424
7932 0.032511
7935 0.032937
7936 0.032212
7937 0.030648
7938 0.028766
7939 0.031883
7941 0.033315
8127 0.034833
8129 0.034595
8130 0.033855
8131 0.036423
8135 0.037368
8136 0.039425
8138 0.050536
8141 0.053317
8150 0.052317
8151 0.052175
8203 0.056209
8204 0.054684
8218 0.051339
8219 0.047084
8220 0.050856
8222 0.052099
8223 0.053331
8224 0.054579
8225 0.055248
8233 0.055385
8234 0.055839
8235 0.059620
8236 0.060642
8243 0.058038
8244 0.058131
8301 0.061101
8302 0.071449
8352 0.072208
8353 0.069669
8354 0.069242
8355 0.071268
8606 0.061359
8607 0.058784
8609 0.063309
8610 0.068461
8615 0.070030
8616 0.074323
8618 0.083621
8619 0.085160
8620 0.083205
8621 0.081840
8622 0.079451
8623 0.077589
8624 0.082167
8625 0.081748
8626 0.084783
8627 0.082463
8628 0.081570
8629 0.081495
8630 0.085370
8740 0.082068
8741 0.071859
8745 0.072014
8775 0.071908
8776 0.071905
8777 0.069031
8778 0.067128
8779 0.067068
8780 0.062547
8781 0.057545
8789 0.051533
8790 0.046174
8814 0.036047
8815 0.036979
8816 0.036553
8823 0.036680
8824 0.034659
8825 0.035699
8826 0.029993
8831 0.030285
8832 0.028311
8833 0.029924
8838 0.029952
8863 0.030855
8866 0.025522
8885 0.023966
8898 0.024719
8899 0.024819
8900 0.025570
8901 0.025272
8973 0.024851
8975 0.025410
8976 0.033044
8977 0.034142
8978 0.035391
8979 0.036388
8980 0.036444
8981 0.037494
8985 0.035057
8986 0.033688
9010 0.034117
9080 0.033363
9081 0.033703
9095 0.034302
9101 0.034750
9103 0.032955
9104 0.031266
9105 0.035781
9108 0.034528
9109 0.038654
9110 0.040519
9111 0.041336
9113 0.040773
9116 0.042447
9117 0.042447
9119 0.041905
9120 0.041290
9121 0.033284
9122 0.034589
9127 0.033751
9128 0.032975
9129 0.033328
9130 0.032751
9132 0.033587
9133 0.035602
9134 0.037752
9135 0.039713
9136 0.038530
9137 0.038041
9138 0.036769
9139 0.037421
9140 0.036083
9141 0.031462
9142 0.031265
9146 0.027091
9147 0.026672
9148 0.024484
9149 0.025181
9150 0.022827
9151 0.024835
9152 0.024868
9174 0.026097
9175 0.027918
9176 0.028144
9177 0.027449
9178 0.030148
9179 0.029357
9223 0.029707
9224 0.028609
9225 0.027174
9226 0.026652
9227 0.024769
9228 0.026229
9234 0.026046
9235 0.026366
9236 0.025533
9237 0.025744
9238 0.026025
9239 0.025982
9240 0.026350
9245 0.026319
9246 0.027078
9247 0.029201
9248 0.029596
9249 0.028023
9250 0.026567
9254 0.027843
9260 0.027610
9261 0.024824
9262 0.025019
9274 0.021446
9275 0.021985
9287 0.021315
9288 0.021852
9289 0.023504
9308 0.022891
9309 0.022324
9310 0.020751
9311 0.021843
9312 0.025916
9313 0.027786
9325 0.029021
9326 0.029486
9327 0.032297
9341 0.031870
9342 0.030457
9343 0.033281
9344 0.030661
9345 0.033473
9350 0.034533
9351 0.035128
9359 0.035154
9360 0.034655
9361 0.034820
9368 0.034794
9369 0.036509
9370 0.037747
9533 0.037831
9714 0.037746
9743 0.036175
9744 0.035689
9745 0.037329
9746 0.040055
9747 0.041055
9748 0.037943
9751 0.037180
9765 0.036553
9766 0.038183
9767 0.035914
9770 0.036328
9796 0.039422
9797 0.036570
9798 0.039205
9807 0.037844
9808 0.040897
9809 0.042772
9810 0.042163
9850 0.043746
9851 0.045496
9878 0.048088
9912 0.047276
9917 0.047875
9939 0.048610
10092 0.048809
10142 0.048326
10238 0.048605
10311 0.047460
10526 0.045518
10581 0.047812
10779 0.046779
10854 0.046293
10863 0.046448
10915 0.046229
10990 0.047933
11011 0.048470
11013 0.045426
11014 0.044780
11015 0.041114
11016 0.042201
11017 0.038740
11018 0.036791
11019 0.036019
11020 0.034040
11021 0.032809
11022 0.031146
11023 0.031765
11024 0.031409
11025 0.033767
11026 0.034255
11027 0.034096
11068 0.034481
11071 0.034181
11072 0.033777
11073 0.031776
11115 0.032423
11116 0.034069
11117 0.034425
11139 0.033597
11146 0.032094
11154 0.032994
11160 0.034979
11161 0.036372
11162 0.039115
11168 0.036904
11169 0.036012
11171 0.039535
11172 0.043730
11173 0.044461
11195 0.046412
11196 0.047673
11197 0.046425
11202 0.045192
11203 0.042681
11204 0.043612
11205 0.045486
11215 0.044714
11216 0.048461
11217 0.048544
11229 0.048451
11230 0.047679
11231 0.045639
11233 0.045012
11234 0.044794
11245 0.044098
11246 0.042583
11247 0.041392
11248 0.040495
11249 0.039913
11250 0.039940
11257 0.039372
11258 0.035294
11259 0.032318
11260 0.031484
11261 0.029700
11262 0.031033
11294 0.032153
11302 0.031761
11303 0.032159
11304 0.030504
11305 0.029818
11306 0.029520
11307 0.025896
11308 0.026082
11309 0.024355
11310 0.025760
11318 0.027752
11320 0.027153
11321 0.026336
11322 0.026217
11323 0.027049
11324 0.029486
11331 0.028964
11332 0.026815
11333 0.027786
11334 0.028926
11335 0.029888
11339 0.027780
11340 0.027258
11341 0.026560
11342 0.023064
11344 0.022598
11345 0.022641
11346 0.023771
11349 0.023893
11350 0.022561
11352 0.021915
11353 0.023243
11355 0.024273
11360 0.024376
11361 0.023502
11363 0.023304
11364 0.023611
11365 0.023243
11369 0.023391
11372 0.022793
11373 0.020944
11374 0.020999
11384 0.022487
11385 0.022888
11417 0.022350
11418 0.021388
11439 0.021530
11441 0.021999
11555 0.022451
11556 0.022209
11557 0.021442
11558 0.022526
11567 0.021074
11568 0.021463
11569 0.022815
11571 0.023756
11572 0.024821
11573 0.027791
11580 0.027437
11581 0.026735
11583 0.028978
11593 0.028776
11594 0.029270
11595 0.028713
11596 0.028619
11597 0.027695
11602 0.027608
11603 0.028896
11604 0.026945
11605 0.026865
11607 0.027256
11609 0.028488
11610 0.028389
11611 0.035104
11612 0.037384
11613 0.039955
11718 0.038765
11923 0.038270
11924 0.037839
11925 0.038803
11926 0.040378
11927 0.038219
11928 0.037092
11929 0.048631
11940 0.048654
11941 0.045302
12005 0.047489
12006 0.051648
12007 0.056721
12008 0.062388
12009 0.066404
12010 0.067782
12032 0.065540
12034 0.065895
12036 0.065724
12037 0.067654
12039 0.067974
12041 0.068493
12042 0.069029
12043 0.074450
12044 0.075654
12045 0.081196
12046 0.089030
12047 0.091687
12048 0.093144
12049 0.092365
12103 0.093375
12105 0.090362
12106 0.080503
12107 0.083631
12108 0.085066
12109 0.085257
12110 0.087580
12118 0.083924
12119 0.079098
12120 0.077430
12121 0.080254
12122 0.083770
12134 0.083302
12162 0.083667
12163 0.084314
12164 0.082725
12165 0.084782
12166 0.077850
12168 0.070292
12169 0.070544
12171 0.069950
12233 0.061825
12236 0.058829
12441 0.056302
12442 0.055411
12443 0.056045
12445 0.055483
12446 0.056226
12447 0.054236
12448 0.051812
12449 0.051930
12450 0.052189
12451 0.053404
12452 0.053678
12466 0.051539
12468 0.047270
12469 0.045141
12470 0.046263
12471 0.049544
12485 0.047596
12486 0.047237
12487 0.046380
12490 0.046032
12491 0.047321
12492 0.045148
12499 0.041062
12500 0.041104
12521 0.041036
12522 0.042626
12645 0.042328
12678 0.043602
12720 0.043934
12743 0.045208
12783 0.047280
12832 0.050170
12980 0.048114
13061 0.041516
13100 0.039461
13400 0.038481
13410 0.039840
13602 0.040988
13751 0.040789
13753 0.040615
14045 0.038262
14215 0.038225
14228 0.039471
14235 0.042208
14258 0.047464
14270 0.047569
14271 0.045955
14272 0.046441
14273 0.046998
14275 0.047944
14276 0.046537
14277 0.046312
14278 0.043750
14286 0.043722
14287 0.040110
14288 0.037293
14289 0.036164
14290 0.036215
14291 0.036914
14308 0.036564
14309 0.036003
14310 0.035072
14311 0.036340
14312 0.036610
14313 0.038779
14314 0.042019
14315 0.041996
14316 0.043218
14317 0.042432
14318 0.038591
14319 0.037143
14320 0.038503
14321 0.037146
14322 0.037272
14323 0.037277
14324 0.036138
14340 0.037497
14341 0.037406
14342 0.037795
14343 0.040147
14344 0.041540
14380 0.040538
14381 0.039710
14382 0.038615
14384 0.041953
14385 0.041947
14389 0.041842
14390 0.039802
14391 0.037920
14392 0.036797
14393 0.032924
14400 0.032404
14402 0.030518
14403 0.026355
14404 0.025598
14405 0.026346
14407 0.025977
14408 0.026523
14409 0.026934
14410 0.025974
14414 0.027115
14415 0.025980
14416 0.025998
14417 0.025111
14441 0.023962
14443 0.022380
14444 0.022246
14445 0.023174
14446 0.022996
14453 0.019772
14456 0.020613
14457 0.020972
14458 0.021791
14463 0.022953
14471 0.021626
14472 0.021334
14473 0.022497
14474 0.022559
14475 0.022822
14476 0.022684
14489 0.022219
14490 0.020935
14491 0.021953
14492 0.022821
14509 0.024326
14510 0.023768
14511 0.025675
14512 0.025946
14513 0.028302
14514 0.027077
14534 0.028043
14536 0.027710
14538 0.027743
14539 0.028620
14541 0.029165
14543 0.028318
14545 0.027576
14546 0.026783
14547 0.025967
14548 0.026503
14617 0.025944
14703 0.026181
14717 0.025898
14718 0.025798
14838 0.024972
14862 0.024492
14945 0.027438
14966 0.026674
15031 0.024590
15055 0.023282
15075 0.022388
15076 0.022269
15078 0.023119
15082 0.020887
15083 0.021444
15084 0.022345
15085 0.023454
15086 0.022879
15087 0.024102
15091 0.023657
15092 0.023822
15093 0.025102
15096 0.025004
15097 0.025051
15098 0.024120
15099 0.025445
15103 0.023980
15104 0.026287
15105 0.026737
15106 0.028318
15107 0.029688
15110 0.027816
15111 0.027449
15114 0.027431
15115 0.027388
15116 0.027545
15117 0.026459
15122 0.024973
15123 0.025487
15124 0.027895
15125 0.031077
15126 0.035389
15127 0.039478
15128 0.038175
15129 0.039586
15130 0.041035
15138 0.041093
15139 0.041250
15140 0.041866
15142 0.042615
15143 0.043090
15144 0.044453
15146 0.042566
15147 0.044504
15148 0.043359
15149 0.042025
15169 0.041392
15172 0.042131
15269 0.043500
15286 0.044808
15295 0.044749
15297 0.043647
15299 0.044194
15300 0.044962
15306 0.042356
15307 0.037659
15308 0.033614
15310 0.029558
15311 0.029449
15319 0.028535
15320 0.027129
15321 0.026034
15322 0.027067
15323 0.028609
15325 0.028050
15326 0.032546
15327 0.035222
15328 0.038539
15334 0.036770
15336 0.037533
15337 0.039342
15338 0.039859
15339 0.040635
15340 0.045519
15341 0.046023
15342 0.047953
15343 0.048228
15344 0.052181
15354 0.052199
15362 0.053104
15363 0.054437
15364 0.054093
15371 0.055190
15372 0.056330
15374 0.056480
15376 0.057701
15377 0.057491
15379 0.056222
15381 0.053827
15382 0.053270
15383 0.047498
15385 0.043846
15386 0.043934
15406 0.043677
15407 0.043864
15409 0.042680
15411 0.041622
15412 0.043942
15416 0.038507
15430 0.038278
15431 0.036326
15432 0.035981
15442 0.032556
15444 0.032190
15445 0.030670
15449 0.029466
15450 0.028737
15452 0.027492
15453 0.026173
15454 0.025188
15456 0.024009
15457 0.023757
15458 0.024347
15459 0.025263
15460 0.025823
15461 0.026607
15462 0.026517
15466 0.022670
15467 0.022379
15468 0.023197
15471 0.023150
15472 0.023550
15473 0.018908
15474 0.018838
15475 0.017587
15476 0.017622
15477 0.017489
15480 0.017199
15481 0.016383
15482 0.016361
15483 0.017051
15484 0.017147
15485 0.017265
15486 0.018153
15488 0.018371
15489 0.019181
15490 0.019200
15491 0.018788
15493 0.017680
15494 0.017381
15495 0.017246
15496 0.016468
15497 0.016336
15498 0.017329
15499 0.016746
15511 0.016417
15524 0.016027
15525 0.019078
15526 0.018375
15527 0.022949
15528 0.025033
15529 0.028845
15582 0.030512
15606 0.032369
15629 0.033126
15634 0.033540
15692 0.033423
15728 0.034979
15763 0.036790
15786 0.037418
15788 0.037107
15809 0.037373
15885 0.039833
15886 0.040641
15887 0.041552
15888 0.040985
15892 0.041724
15894 0.041650
15895 0.043625
15896 0.042445
15897 0.042027
15898 0.042943
15899 0.040873
15900 0.041512
15901 0.042249
15902 0.041876
15903 0.042369
15904 0.040661
15905 0.045629
15935 0.046135
15936 0.045565
15938 0.045474
15939 0.048003
15940 0.049908
15942 0.049716
15943 0.051457
15944 0.052179
15945 0.050762
16047 0.050333
16053 0.051093
16057 0.051301
16205 0.053501
16240 0.054784
16284 0.052180
16547 0.053637
16850 0.056303
17184 0.058030
17300 0.057658
17380 0.061085
17385 0.057585
17517 0.056163
17530 0.055727
17685 0.057328
17739 0.050584
17793 0.051448
17858 0.052137
17875 0.051940
17880 0.048254
17934 0.044438
17935 0.045009
17936 0.042476
17937 0.044421
17938 0.045543
17939 0.046841
17940 0.047087
17941 0.049817
17942 0.047788
17943 0.049735
17947 0.049634
17949 0.048003
17950 0.049131
17951 0.052137
17952 0.054775
17953 0.054184
17954 0.055961
17955 0.057078
17956 0.054002
17957 0.060859
17964 0.065000
18032 0.062941
18164 0.062148
18165 0.063394
18167 0.065695
18190 0.064728
18296 0.065013
18411 0.068446
18416 0.069420
18431 0.070404
18432 0.070469
18433 0.071597
18434 0.068918
18435 0.068820
18436 0.067869
18437 0.070514
18440 0.072669
18442 0.070395
18443 0.067242
18444 0.064477
18445 0.064079
18446 0.060252
18452 0.063420
18453 0.062562
18454 0.056697
18455 0.054321
18456 0.055752
18457 0.055036
18458 0.056163
18459 0.054210
18460 0.055279
18593 0.055492
18633 0.054493
18677 0.051958
18687 0.049210
18688 0.048289
18689 0.045155
18694 0.044660
18695 0.045129
18697 0.043231
18706 0.041540
18707 0.039812
18708 0.038900
18709 0.038021
18724 0.038164
18725 0.035535
18726 0.035754
18727 0.032033
18728 0.033437
18729 0.030027
18730 0.029437
18731 0.028178
18733 0.027950
18735 0.025927
18736 0.025786
18737 0.025758
18739 0.024366
18740 0.023112
18741 0.022706
18742 0.022903
18743 0.022191
18744 0.021984
18745 0.022178
18746 0.021802
18747 0.021728
18749 0.020459
18760 0.020152
18762 0.019912
18763 0.018222
18765 0.019394
18767 0.020013
18768 0.020153
18769 0.019806
18770 0.019149
18774 0.019031
18776 0.017507
18777 0.018558
18779 0.019081
18782 0.018823
18783 0.018212
18784 0.017824
18786 0.017961
18787 0.017126
18788 0.016009
18789 0.015440
18810 0.015615
18815 0.015710
18817 0.015694
18819 0.015430
18822 0.015935
18829 0.017426
18858 0.017569
18872 0.018553
18874 0.018833
18875 0.017643
18877 0.016945
18878 0.016318
19345 0.016315
19355 0.017053
19438 0.018127
19472 0.019754
19532 0.019313
19556 0.019324
19601 0.020290
19671 0.020569
19684 0.021244
19730 0.020695
19754 0.022530
19778 0.023421
19779 0.024816
19783 0.024495
19784 0.025904
19786 0.025528
19787 0.025031
19788 0.025220
19803 0.024215
19804 0.025175
19805 0.025145
19806 0.026082
19831 0.025633
19835 0.026043
19837 0.027352
19839 0.027097
19853 0.025765
19854 0.025550
19876 0.025098
19877 0.025810
19878 0.025356
19879 0.023988
19880 0.024603
19881 0.023946
19882 0.028421
19883 0.026414
19884 0.025621
19886 0.025012
19887 0.028193
19896 0.028326
19900 0.029422
19901 0.029739
19903 0.029009
19904 0.029296
19905 0.028348
19906 0.027377
19907 0.026995
19908 0.027815
19909 0.027197
19921 0.026362
19930 0.027361
19931 0.027910
19936 0.027294
19939 0.026330
19942 0.025205
19943 0.024911
19945 0.024994
19946 0.025792
19947 0.025067
19949 0.021255
19950 0.021287
19951 0.021289
19987 0.022136
20000 0.021152
20001 0.019593
20002 0.018943
20006 0.018918
20007 0.019269
20009 0.020836
20010 0.020662
20012 0.021077
20013 0.020874
20014 0.020055
20015 0.020189
20016 0.019624
20025 0.018767
20032 0.018476
20033 0.018023
20034 0.018601
20035 0.018571
20036 0.018848
20037 0.019533
20038 0.017469
20039 0.017614
20040 0.016977
20041 0.018246
20042 0.018271
20043 0.016552
20044 0.014438
20051 0.015242
20052 0.014970
20053 0.014667
20054 0.015614
20055 0.013574
20056 0.013061
20083 0.012988
20084 0.012907
20099 0.012938
20100 0.013282
20101 0.013540
20102 0.013910
20105 0.013774
20115 0.014225
20116 0.015374
20162 0.015364
20205 0.015599
20248 0.016544
20392 0.016858
20423 0.017066
20432 0.017056
20477 0.016265
20490 0.016058
20503 0.015768
20504 0.016674
20505 0.017523
20508 0.018874
20509 0.019829
20517 0.018806
20518 0.019627
20519 0.021185
20521 0.022152
20522 0.024641
20523 0.025471
20524 0.028191
20525 0.029579
20526 0.029791
20527 0.029446
20530 0.029184
20531 0.028447
20536 0.029528
20537 0.029445
20538 0.028214
20540 0.028307
20541 0.028323
20544 0.029036
20559 0.029115
20561 0.029394
20564 0.032155
20565 0.033578
20566 0.034416
20569 0.034494
20570 0.034551
20571 0.034401
20575 0.033403
20576 0.034257
20577 0.034495
20578 0.033250
20579 0.033721
20581 0.030552
20582 0.029045
20596 0.029486
20597 0.029973
20598 0.030020
20603 0.028907
20604 0.028070
20605 0.028908
20606 0.029237
20608 0.028853
20609 0.028605
20612 0.029212
20613 0.028849
20614 0.028700
20615 0.025945
20616 0.024139
20619 0.022062
20620 0.020449
20621 0.021096
20622 0.022095
20627 0.022021
20628 0.019650
20630 0.019740
20631 0.020417
20632 0.019187
20662 0.019291
20663 0.019772
20664 0.018365
20665 0.017888
20666 0.018340
20683 0.020022
20684 0.019853
20685 0.018544
20686 0.019325
20687 0.019431
20696 0.019379
20698 0.018038
20699 0.018364
20700 0.019301
20701 0.020314
20751 0.020164
20752 0.020760
20753 0.020578
20769 0.019950
20770 0.018654
20774 0.018656
20776 0.021446
20777 0.020785
20778 0.018312
20779 0.018069
20780 0.018336
20781 0.021914
20790 0.024147
20791 0.025631
20792 0.029509
20793 0.030061
20794 0.031929
20795 0.032707
20796 0.036247
20797 0.043115
20963 0.043620
20964 0.051364
20965 0.055503
20966 0.056137
20987 0.056150
20988 0.059431
20989 0.059391
20990 0.067977
20991 0.068621
21089 0.070875
21099 0.072530
21109 0.077439
21110 0.081612
21174 0.085446
21176 0.093504
21200 0.093413
21411 0.092443
21596 0.094574
21599 0.095867
21934 0.091938
21955 0.090324
22306 0.087955
22406 0.088593
22408 0.084051
22846 0.077528
22874 0.077274
23454 0.075008
23455 0.074850
23456 0.075381
23457 0.082085
23458 0.079564
23459 0.080865
23460 0.072934
23489 0.071598
23490 0.069304
23491 0.070615
23492 0.064561
23506 0.059196
23507 0.057373
23543 0.050742
23544 0.052292
23545 0.050509
23546 0.046050
23547 0.046262
23565 0.045652
23579 0.045063
23580 0.045608
23581 0.045734
23582 0.048971
23589 0.049059
23591 0.048405
23592 0.044645
23593 0.041944
23594 0.040836
23595 0.032986
23596 0.033869
23597 0.032984
23601 0.032968
23602 0.032924
23635 0.033654
23637 0.030439
23638 0.029992
23639 0.030670
23644 0.030176
23645 0.028821
23646 0.027120
23647 0.030151
23648 0.032325
23664 0.029569
23673 0.030307
23674 0.030234
23675 0.029905
23678 0.028607
23680 0.025682
23681 0.026456
23682 0.026884
23683 0.025447
23684 0.024560
23685 0.023423
23686 0.023893
23687 0.022501
23688 0.021779
23689 0.021342
23690 0.021916
23691 0.021091
23692 0.022230
23693 0.020990
23694 0.021538
23695 0.023214
23696 0.024420
23697 0.035007
23723 0.036015
23724 0.038401
23725 0.042633
23726 0.043307
23727 0.044265
23731 0.047225
23732 0.048725
23737 0.047971
23772 0.052559
23773 0.052795
23801 0.052497
23802 0.051485
23803 0.054787
23814 0.054726
23815 0.054624
23838 0.053922
23839 0.053621
23840 0.053498
23888 0.053584
23889 0.053173
23890 0.055194
23891 0.053917
23892 0.055779
23893 0.055732
23894 0.045395
23895 0.041627
23896 0.037656
23897 0.033713
23914 0.035057
23915 0.034227
23916 0.031495
23917 0.029675
23921 0.030020
23923 0.027583
23980 0.027398
23982 0.027410
23989 0.029563
23991 0.026206
23995 0.025903
23999 0.026111
24000 0.026261
24001 0.026997
24015 0.028446
24016 0.030467
24019 0.030458
24022 0.028840
24025 0.029085
24026 0.024147
24027 0.024866
24028 0.025288
24029 0.023644
24030 0.023784
24031 0.026797
24153 0.025299
24154 0.025474
24173 0.027289
24176 0.029047
24212 0.029075
24492 0.031214
24706 0.035058
24772 0.046617
24821 0.057309
24823 0.067468
24824 0.078400
24833 0.080591
24834 0.086230
24835 0.085524
24851 0.084115
24852 0.082130
24853 0.084680
24854 0.085305
24882 0.086345
24883 0.087953
24884 0.088356
24885 0.092157
24886 0.093215
24897 0.095067
24898 0.094487
24899 0.097610
24919 0.098887
24922 0.099161
24923 0.098993
24924 0.098484
24926 0.093597
24929 0.091665
24931 0.084884
24932 0.074406
24935 0.075928
24937 0.065412
24938 0.071106
24939 0.070027
24940 0.071822
