1374 0.105126
1403 0.098430
1408 0.095678
1412 0.091629
1415 0.085474
1419 0.084773
1430 0.080573
1435 0.075031
1453 0.071436
1460 0.068393
1474 0.070071
1605 0.068541
1612 0.067076
1717 0.068030
1726 0.066782
1745 0.070827
1749 0.068897
1779 0.073173
1857 0.076066
2017 0.077783
2043 0.078033
2056 0.079976
2059 0.078813
2067 0.077259
2184 0.082282
2258 0.083034
2505 0.082769
2586 0.080895
2771 0.081299
2975 0.081413
2984 0.080774
3151 0.081731
3177 0.080736
3374 0.083225
3407 0.085354
3409 0.082900
3417 0.085018
3443 0.087697
3470 0.087439
3491 0.086775
3497 0.084764
3513 0.083779
3519 0.082907
3525 0.084372
3532 0.084847
3539 0.085601
3545 0.084751
3595 0.084156
3611 0.080617
3617 0.076605
3632 0.076333
3636 0.076815
3731 0.078739
3736 0.079518
3755 0.080332
3787 0.080369
3796 0.080338
3810 0.080595
3820 0.079649
3835 0.080542
3844 0.081964
3854 0.080300
3860 0.079103
3868 0.080399
3874 0.080473
3882 0.079885
3889 0.082531
3892 0.079026
3898 0.075030
3904 0.075214
3948 0.074623
3971 0.076086
3977 0.075409
3979 0.077756
4006 0.080584
4014 0.080855
4095 0.082636
4117 0.083046
4136 0.082182
4138 0.083188
4143 0.085877
4305 0.086623
4393 0.086669
4489 0.085120
4570 0.084838
4733 0.086052
4931 0.087446
4979 0.087792
5095 0.085644
5123 0.088385
5367 0.090409
5381 0.090286
5475 0.093086
5487 0.093552
5494 0.094381
5508 0.096076
5510 0.096868
5517 0.097363
5527 0.095977
5529 0.093311
5532 0.092717
5538 0.090253
5546 0.089818
5550 0.089367
5570 0.090459
5585 0.090021
5602 0.091291
5606 0.091481
5615 0.092011
5619 0.093270
5624 0.091047
5660 0.089519
5681 0.088085
5704 0.088913
5720 0.085401
5732 0.082283
5754 0.081466
5758 0.082411
5761 0.084733
5781 0.083876
5829 0.082326
5837 0.079559
5847 0.078386
5854 0.077588
5889 0.076901
5892 0.076544
5904 0.077064
5912 0.075801
5921 0.074200
5935 0.072228
5948 0.069825
5996 0.068045
6002 0.070020
6004 0.072089
6050 0.069980
6061 0.069377
6064 0.069829
6082 0.072252
6104 0.074250
6309 0.074010
6365 0.074570
6369 0.073873
6388 0.072978
6395 0.070120
6425 0.069068
6582 0.070718
7544 0.069728
7674 0.071333
7680 0.071513
7687 0.071812
7691 0.072707
7696 0.072004
7699 0.073841
7703 0.076187
7709 0.077648
7716 0.076835
7719 0.078439
7727 0.078740
7755 0.078521
7757 0.077528
7765 0.076968
7774 0.078364
7788 0.076075
7792 0.076784
7825 0.079638
7842 0.080224
7981 0.081213
8289 0.079915
8307 0.082728
8317 0.083622
8326 0.083338
8334 0.085307
8340 0.086565
8344 0.087273
8362 0.087347
8391 0.085174
8404 0.088612
8410 0.088313
8435 0.087542
8441 0.086393
8510 0.086028
8541 0.085103
8548 0.083752
8556 0.082058
8578 0.083163
8586 0.085462
8601 0.083634
8633 0.084519
8644 0.082075
8665 0.080421
8672 0.079965
8679 0.079569
8685 0.078574
8693 0.077347
8701 0.076048
8705 0.077773
8720 0.078445
8736 0.077507
8773 0.078917
8807 0.080255
8822 0.081327
8845 0.077272
8855 0.078445
8940 0.077439
9196 0.076100
9587 0.077526
9596 0.080322
9603 0.080155
9620 0.080422
9626 0.080689
9643 0.079436
9647 0.080213
9819 0.078637
9831 0.078612
9834 0.078908
9842 0.080892
9846 0.080352
9854 0.081096
9858 0.079615
9866 0.079419
9869 0.076599
9882 0.074413
9897 0.078825
9910 0.077301
9916 0.075655
9925 0.075932
9946 0.076156
9952 0.074401
9961 0.075552
9965 0.076763
9970 0.075400
9974 0.074628
9980 0.073841
9998 0.074531
10003 0.072660
10017 0.072720
10034 0.072946
10045 0.072426
10052 0.073062
10060 0.073527
10064 0.070984
10074 0.073139
10084 0.071773
10098 0.073085
10105 0.074818
10109 0.077767
10117 0.078606
10125 0.073190
10131 0.075257
10275 0.076103
10369 0.076778
10540 0.078450
11103 0.078391
11686 0.078062
11825 0.079746
11954 0.081303
12004 0.080295
12209 0.081681
12368 0.082642
12530 0.083237
12697 0.085089
12939 0.084622
12985 0.087969
13009 0.088785
13075 0.089504
13081 0.091552
13126 0.088497
13167 0.090833
13171 0.089814
13174 0.089592
13179 0.086765
13185 0.087079
13193 0.088567
13196 0.086767
13202 0.087124
13208 0.086678
13216 0.085301
13220 0.084630
13230 0.088688
13235 0.089355
13241 0.090277
13259 0.088964
13278 0.088611
13286 0.087627
13291 0.087681
13299 0.086449
13307 0.087284
13312 0.083529
13331 0.081106
13335 0.080310
13340 0.077970
13357 0.079319
13420 0.079172
13432 0.082878
13454 0.082234
13461 0.084066
13477 0.083289
13516 0.085238
13538 0.083721
13546 0.082917
13581 0.083712
13585 0.083605
13592 0.084873
13598 0.082308
13617 0.080138
13811 0.078382
13869 0.079975
13992 0.081553
14030 0.082984
14177 0.083917
14206 0.084212
14238 0.084432
14890 0.086299
14913 0.087362
14960 0.087847
14970 0.088935
14974 0.087684
14986 0.088771
14989 0.088804
15004 0.087950
15010 0.086553
15017 0.091058
15021 0.087371
15026 0.087888
15030 0.087591
15034 0.085385
15045 0.085808
15049 0.085744
15053 0.084441
15061 0.083559
15074 0.082837
15081 0.080740
15089 0.081666
15095 0.080305
15101 0.080382
15109 0.080395
15119 0.079089
15137 0.077919
15153 0.079827
15178 0.078161
15181 0.079507
15201 0.081684
15204 0.081507
15233 0.078283
15238 0.078872
15242 0.078036
15247 0.072390
15255 0.074947
15699 0.074467
15704 0.075439
15709 0.077187
15713 0.078275
15753 0.077378
15761 0.075983
15774 0.075666
15825 0.077589
15828 0.077441
15835 0.075970
15846 0.074723
15859 0.072881
15866 0.072793
15869 0.071390
15877 0.072353
15883 0.070538
15890 0.071643
15934 0.071417
15947 0.070102
15954 0.067987
15962 0.068208
16064 0.068212
16152 0.067528
16161 0.072160
16167 0.071689
16190 0.073930
16222 0.074698
16235 0.074356
16444 0.072690
16449 0.074492
17086 0.076753
17266 0.077323
17654 0.078901
17660 0.078905
17865 0.078689
17920 0.082024
18029 0.083527
18151 0.082109
18275 0.084442
18402 0.085920
18809 0.087011
19228 0.085467
19329 0.084943
19333 0.085543
19341 0.085177
19348 0.086639
19361 0.085961
19365 0.088709
19380 0.084964
19386 0.083183
19392 0.081412
19405 0.079526
19409 0.078827
19419 0.079373
19430 0.080262
19437 0.078711
19447 0.077795
19455 0.075962
19463 0.077685
19484 0.075648
19518 0.072935
19581 0.071696
19611 0.072261
19623 0.071988
19625 0.070754
19656 0.070125
19681 0.073847
19693 0.073545
19699 0.072514
19740 0.072517
19758 0.071658
19769 0.073543
19790 0.071251
19820 0.073163
19857 0.074814
19868 0.075110
19891 0.074672
19898 0.077331
19925 0.075520
19928 0.075330
19938 0.076350
19958 0.078856
19964 0.077397
19972 0.078310
19980 0.077910
19986 0.082670
19992 0.083287
19996 0.084166
19999 0.085129
20005 0.084395
20021 0.085662
20024 0.083491
20072 0.083670
20198 0.083118
20204 0.083925
20210 0.086261
20215 0.085410
20223 0.086632
20226 0.085588
20232 0.083709
20235 0.083316
20240 0.086455
20256 0.086148
20263 0.086836
20268 0.084768
20274 0.084764
20281 0.082971
20286 0.086162
20290 0.083717
20295 0.085976
20311 0.081138
20318 0.082296
20327 0.083352
20334 0.081883
20339 0.081770
20344 0.079115
20350 0.078627
20364 0.082416
20394 0.081581
20401 0.083796
20422 0.081318
20449 0.080181
20496 0.079099
20533 0.077878
20568 0.077107
20600 0.078660
20611 0.076579
20618 0.076628
20661 0.076002
20668 0.079912
20681 0.078882
20695 0.078495
20710 0.077332
20715 0.077344
20721 0.075656
20726 0.074961
20731 0.078803
20737 0.076036
20744 0.076770
20750 0.077639
20760 0.078313
20764 0.078794
20768 0.074905
20773 0.078017
20783 0.074621
20789 0.075286
20811 0.074857
20825 0.078401
20835 0.082034
20846 0.082104
20857 0.081223
20867 0.079980
20894 0.080727
20910 0.082283
20915 0.078639
20922 0.078216
20938 0.079615
20961 0.080157
21010 0.082805
21042 0.083237
21048 0.083459
21061 0.077553
21069 0.078496
21102 0.080090
21123 0.078031
21131 0.080282
21159 0.080071
21166 0.082232
21192 0.081103
21199 0.081703
21210 0.080607
21213 0.081865
21221 0.080140
21226 0.076661
21235 0.078215
21259 0.079858
21263 0.081476
21284 0.078369
21287 0.078399
21297 0.078889
21301 0.080501
21313 0.081500
21318 0.082081
21324 0.079590
21328 0.079805
21343 0.079584
21365 0.081319
21373 0.082290
21380 0.079658
21388 0.082503
21393 0.080401
21397 0.080640
21408 0.078759
21422 0.079127
21432 0.079336
21439 0.083202
21448 0.085184
21452 0.083862
21468 0.088944
21473 0.088917
21478 0.086415
21482 0.086139
21486 0.085325
21501 0.087013
21505 0.086906
21728 0.087100
21754 0.087122
21760 0.084661
21768 0.085439
21771 0.085340
21783 0.086993
21789 0.086151
21803 0.087935
21808 0.090596
21821 0.087520
21833 0.086386
21839 0.086699
21842 0.085481
21850 0.087664
21863 0.088579
21879 0.083302
21888 0.086540
21891 0.086928
21896 0.082464
21947 0.081876
21953 0.082542
21963 0.083897
21973 0.083709
21983 0.081522
21995 0.080719
22006 0.081030
22055 0.079359
22059 0.080130
22067 0.078694
22073 0.081458
22089 0.079984
22099 0.079457
22105 0.078365
22107 0.076783
22111 0.079639
22115 0.080453
22120 0.079273
22124 0.079805
22130 0.079287
22139 0.078419
22142 0.081477
22149 0.076517
22154 0.076205
22212 0.076915
22424 0.079719
22456 0.080162
22462 0.081533
22484 0.083569
22902 0.086016
23068 0.085331
23101 0.083747
23475 0.083294
23487 0.083043
23734 0.085331
23949 0.084397
23952 0.085910
23973 0.087472
23979 0.089035
23994 0.089228
23998 0.087946
24021 0.088043
24024 0.086729
24033 0.086997
24040 0.086413
24049 0.087637
24060 0.086316
24064 0.086574
24067 0.086407
24085 0.086412
24089 0.085003
24092 0.084123
24096 0.081028
24104 0.079198
24115 0.078666
24117 0.080022
24123 0.080206
24128 0.080909
24133 0.080484
24138 0.079275
24141 0.078260
24144 0.077054
24147 0.076910
24156 0.074130
24163 0.071844
24165 0.071616
24167 0.071357
24172 0.076293
24217 0.078142
24226 0.078017
24238 0.078538
24242 0.080385
24255 0.082037
24333 0.081345
24376 0.081743
24619 0.080884
24698 0.080930
24902 0.081432
