1374 0.097588
1403 0.101389
1408 0.101021
1412 0.099305
1415 0.094812
1419 0.095793
1430 0.090527
1435 0.101827
1453 0.097763
1460 0.095136
1474 0.092147
1605 0.092221
1612 0.095699
1717 0.089842
1726 0.084583
1745 0.084389
1749 0.083567
1779 0.084629
1857 0.088181
2017 0.091396
2043 0.093058
2056 0.084666
2059 0.088219
2067 0.092318
2184 0.098593
2258 0.097820
2505 0.093154
2586 0.092470
2771 0.094556
2975 0.094704
2984 0.093290
3151 0.095257
3177 0.088357
3374 0.088304
3407 0.084840
3409 0.085530
3417 0.084761
3443 0.087300
3470 0.085103
3491 0.086123
3497 0.084660
3513 0.086122
3519 0.088630
3525 0.084681
3532 0.084951
3539 0.082533
3545 0.088033
3595 0.085366
3611 0.079229
3617 0.071391
3632 0.068500
3636 0.065423
3731 0.067413
3736 0.063983
3755 0.062712
3787 0.064063
3796 0.061896
3810 0.060238
3820 0.062812
3835 0.065531
3844 0.066126
3854 0.068170
3860 0.061628
3868 0.059302
3874 0.058994
3882 0.057217
3889 0.058747
3892 0.055523
3898 0.054011
3904 0.051669
3948 0.050961
3971 0.050110
3977 0.048623
3979 0.059891
4006 0.055764
4014 0.057374
4095 0.057331
4117 0.057299
4136 0.061100
4138 0.065918
4143 0.066385
4305 0.068136
4393 0.065476
4489 0.066249
4570 0.070835
4733 0.069989
4931 0.068679
4979 0.071756
5095 0.070387
5123 0.067452
5367 0.067225
5381 0.065239
5475 0.067401
5487 0.069441
5494 0.073246
5508 0.074040
5510 0.069489
5517 0.070970
5527 0.059620
5529 0.061228
5532 0.065323
5538 0.069721
5546 0.067359
5550 0.063243
5570 0.062461
5585 0.061515
5602 0.064548
5606 0.065463
5615 0.062392
5619 0.055636
5624 0.057962
5660 0.056392
5681 0.058251
5704 0.058780
5720 0.059639
5732 0.063390
5754 0.064189
5758 0.062409
5761 0.061072
5781 0.061745
5829 0.061265
5837 0.063868
5847 0.064243
5854 0.065808
5889 0.064113
5892 0.063348
5904 0.061904
5912 0.063300
5921 0.064206
5935 0.058359
5948 0.064179
5996 0.062184
6002 0.061853
6004 0.061992
6050 0.061860
6061 0.059583
6064 0.058827
6082 0.057621
6104 0.057679
6309 0.057058
6365 0.060581
6369 0.057842
6388 0.060167
6395 0.058590
6425 0.054100
6582 0.057661
7544 0.057949
7674 0.059007
7680 0.065750
7687 0.072585
7691 0.076056
7696 0.078305
7699 0.078763
7703 0.080679
7709 0.083442
7716 0.077423
7719 0.075100
7727 0.075707
7755 0.079512
7757 0.081778
7765 0.081378
7774 0.082276
7788 0.081284
7792 0.083713
7825 0.085687
7842 0.080417
7981 0.083042
8289 0.083147
8307 0.086069
8317 0.090253
8326 0.086141
8334 0.087743
8340 0.087134
8344 0.083458
8362 0.076819
8391 0.069593
8404 0.065581
8410 0.064858
8435 0.066338
8441 0.063512
8510 0.062680
8541 0.062208
8548 0.061682
8556 0.059376
8578 0.059056
8586 0.061146
8601 0.060130
8633 0.058612
8644 0.054834
8665 0.053186
8672 0.052701
8679 0.050948
8685 0.048560
8693 0.046870
8701 0.045066
8705 0.045313
8720 0.042239
8736 0.039745
8773 0.040272
8807 0.042411
8822 0.041432
8845 0.040583
8855 0.039573
8940 0.038555
9196 0.040731
9587 0.043710
9596 0.045835
9603 0.047556
9620 0.048622
9626 0.048348
9643 0.048861
9647 0.049679
9819 0.049652
9831 0.051515
9834 0.053013
9842 0.055468
9846 0.054790
9854 0.053652
9858 0.054921
9866 0.051787
9869 0.052814
9882 0.051407
9897 0.052620
9910 0.049830
9916 0.049253
9925 0.053133
9946 0.055613
9952 0.055182
9961 0.052520
9965 0.051844
9970 0.049518
9974 0.048670
9980 0.046718
9998 0.046561
10003 0.045019
10017 0.042844
10034 0.042419
10045 0.041428
10052 0.042053
10060 0.039478
10064 0.035736
10074 0.036273
10084 0.038394
10098 0.037423
10105 0.038796
10109 0.037505
10117 0.038494
10125 0.038519
10131 0.037161
10275 0.035889
10369 0.032645
10540 0.029995
11103 0.029790
11686 0.032627
11825 0.033410
11954 0.034871
12004 0.034397
12209 0.037216
12368 0.035682
12530 0.038700
12697 0.041689
12939 0.046398
12985 0.047365
13009 0.048601
13075 0.050860
13081 0.052421
13126 0.055156
13167 0.054980
13171 0.055700
13174 0.054357
13179 0.053877
13185 0.053598
13193 0.053870
13196 0.054231
13202 0.055604
13208 0.057669
13216 0.059173
13220 0.060157
13230 0.056161
13235 0.055493
13241 0.054036
13259 0.053463
13278 0.049980
13286 0.050437
13291 0.047116
13299 0.045805
13307 0.041549
13312 0.040492
13331 0.038809
13335 0.037008
13340 0.035799
13357 0.034413
13420 0.032281
13432 0.030757
13454 0.032912
13461 0.032567
13477 0.032085
13516 0.032763
13538 0.033995
13546 0.032576
13581 0.030455
13585 0.028575
13592 0.028020
13598 0.028798
13617 0.028847
13811 0.030587
13869 0.030345
13992 0.034405
14030 0.033796
14177 0.036056
14206 0.037399
14238 0.038189
14890 0.040977
14913 0.041017
14960 0.040294
14970 0.042619
14974 0.041462
14986 0.041552
14989 0.042082
15004 0.042421
15010 0.044797
15017 0.045498
15021 0.045865
15026 0.047457
15030 0.047635
15034 0.047402
15045 0.048910
15049 0.048815
15053 0.049441
15061 0.047992
15074 0.045509
15081 0.046654
15089 0.042301
15095 0.042451
15101 0.041440
15109 0.038881
15119 0.038738
15137 0.036576
15153 0.037103
15178 0.039020
15181 0.036410
15201 0.037258
15204 0.037313
15233 0.038069
15238 0.036080
15242 0.033677
15247 0.033926
15255 0.032153
15699 0.030934
15704 0.030123
15709 0.030678
15713 0.030466
15753 0.033046
15761 0.032046
15774 0.034910
15825 0.035107
15828 0.036404
15835 0.036228
15846 0.036340
15859 0.036210
15866 0.037406
15869 0.036536
15877 0.035883
15883 0.036377
15890 0.034780
15934 0.034515
15947 0.034430
15954 0.035089
15962 0.034953
16064 0.033966
16152 0.035523
16161 0.036360
16167 0.038904
16190 0.036074
16222 0.037237
16235 0.037623
16444 0.037268
16449 0.036106
17086 0.037279
17266 0.034219
17654 0.035055
17660 0.036316
17865 0.039205
17920 0.039672
18029 0.041312
18151 0.039519
18275 0.039580
18402 0.040095
18809 0.039744
19228 0.041666
19329 0.043024
19333 0.042507
19341 0.045027
19348 0.045005
19361 0.045612
19365 0.046977
19380 0.044992
19386 0.044280
19392 0.045349
19405 0.047669
19409 0.048618
19419 0.047745
19430 0.047441
19437 0.046180
19447 0.049874
19455 0.051396
19463 0.051954
19484 0.049495
19518 0.049792
19581 0.047885
19611 0.047518
19623 0.047036
19625 0.047597
19656 0.045398
19681 0.045464
19693 0.044089
19699 0.043429
19740 0.040397
19758 0.038583
19769 0.039376
19790 0.038433
19820 0.039253
19857 0.036875
19868 0.036376
19891 0.034895
19898 0.032950
19925 0.034120
19928 0.033670
19938 0.033813
19958 0.031493
19964 0.028880
19972 0.026430
19980 0.026514
19986 0.023915
19992 0.023138
19996 0.024589
19999 0.025036
20005 0.024587
20021 0.025276
20024 0.023721
20072 0.026685
20198 0.026508
20204 0.030418
20210 0.031500
20215 0.031246
20223 0.030040
20226 0.029578
20232 0.030978
20235 0.030425
20240 0.029254
20256 0.029237
20263 0.029923
20268 0.031961
20274 0.034701
20281 0.034714
20286 0.035471
20290 0.034666
20295 0.034028
20311 0.035802
20318 0.035942
20327 0.035879
20334 0.036321
20339 0.036606
20344 0.038369
20350 0.043445
20364 0.040554
20394 0.041002
20401 0.038001
20422 0.037722
20449 0.037750
20496 0.038908
20533 0.038933
20568 0.037273
20600 0.038501
20611 0.037277
20618 0.036723
20661 0.036955
20668 0.034594
20681 0.031678
20695 0.030441
20710 0.029520
20715 0.029136
20721 0.029278
20726 0.027506
20731 0.028134
20737 0.027769
20744 0.027254
20750 0.027122
20760 0.025014
20764 0.019754
20768 0.019868
20773 0.019839
20783 0.018617
20789 0.022009
20811 0.020937
20825 0.019396
20835 0.019112
20846 0.019903
20857 0.018969
20867 0.019770
20894 0.019693
20910 0.018883
20915 0.019683
20922 0.019815
20938 0.020244
20961 0.022062
21010 0.025454
21042 0.029641
21048 0.029854
21061 0.029272
21069 0.032219
21102 0.036395
21123 0.036107
21131 0.035448
21159 0.037734
21166 0.039313
21192 0.039417
21199 0.039572
21210 0.035910
21213 0.036159
21221 0.038797
21226 0.038814
21235 0.038466
21259 0.039231
21263 0.039446
21284 0.039754
21287 0.038423
21297 0.038488
21301 0.041575
21313 0.042320
21318 0.042452
21324 0.038475
21328 0.035459
21343 0.037561
21365 0.038627
21373 0.034828
21380 0.031359
21388 0.032462
21393 0.032391
21397 0.029754
21408 0.029215
21422 0.028564
21432 0.028597
21439 0.028778
21448 0.031772
21452 0.030324
21468 0.030617
21473 0.031590
21478 0.031066
21482 0.032384
21486 0.032500
21501 0.032319
21505 0.031794
21728 0.030182
21754 0.034473
21760 0.032659
21768 0.032926
21771 0.031536
21783 0.029178
21789 0.030308
21803 0.032935
21808 0.032321
21821 0.034182
21833 0.037728
21839 0.041322
21842 0.040929
21850 0.041064
21863 0.045300
21879 0.056974
21888 0.054380
21891 0.053593
21896 0.059833
21947 0.072708
21953 0.087407
21963 0.098740
21973 0.099050
21983 0.113462
21995 0.116722
22006 0.116144
22055 0.110744
22059 0.111226
22067 0.117934
22073 0.121421
22089 0.122799
22099 0.120424
22105 0.121651
22107 0.121117
22111 0.119683
22115 0.118983
22120 0.119852
22124 0.124728
22130 0.125590
22139 0.121881
22142 0.109334
22149 0.108951
22154 0.108205
22212 0.102965
22424 0.089520
22456 0.074690
22462 0.063261
22484 0.064798
22902 0.050847
23068 0.046505
23101 0.047880
23475 0.050997
23487 0.051032
23734 0.046147
23949 0.044641
23952 0.045794
23973 0.047090
23979 0.044278
23994 0.044860
23998 0.042727
24021 0.043076
24024 0.039678
24033 0.034025
24040 0.033271
24049 0.034191
24060 0.036707
24064 0.037560
24067 0.038835
24085 0.038954
24089 0.041065
24092 0.041767
24096 0.040928
24104 0.040418
24115 0.040628
24117 0.040761
24123 0.039422
24128 0.038539
24133 0.040920
24138 0.039289
24141 0.037854
24144 0.035367
24147 0.034288
24156 0.036138
24163 0.037548
24165 0.038729
24167 0.035851
24172 0.035176
24217 0.037378
24226 0.038894
24238 0.039102
24242 0.036462
24255 0.035353
24333 0.036867
24376 0.037616
24619 0.035796
24698 0.035542
24902 0.034813
