518 0.088414
519 0.081110
520 0.074103
521 0.070695
522 0.067576
571 0.064387
573 0.063609
574 0.060033
575 0.057229
576 0.054923
603 0.056520
604 0.056364
620 0.057121
727 0.057591
728 0.058307
729 0.057641
730 0.057112
731 0.057127
735 0.058013
736 0.058108
737 0.056564
743 0.058111
759 0.055413
761 0.053119
863 0.054185
924 0.054966
925 0.054795
926 0.053962
927 0.053186
963 0.058678
981 0.059365
982 0.060098
984 0.060509
985 0.060937
986 0.061207
995 0.059555
996 0.060410
1022 0.060437
1023 0.060469
1032 0.067904
1049 0.070036
1051 0.072170
1053 0.076380
1093 0.078967
1195 0.080611
1640 0.086326
1845 0.092396
1903 0.092610
1912 0.097128
2620 0.097237
2779 0.096602
2959 0.099505
3300 0.101520
3381 0.101984
3484 0.097557
3485 0.096247
3486 0.094848
3487 0.094141
3488 0.093680
3489 0.093302
3492 0.094340
3493 0.092610
3494 0.090890
3495 0.089066
3504 0.083522
3505 0.082997
3507 0.082184
3509 0.079295
3510 0.076977
3511 0.076038
3516 0.071288
3517 0.062739
3520 0.064347
3521 0.060461
3527 0.062058
3585 0.064740
3625 0.064651
3626 0.063939
3627 0.064409
3628 0.063680
3629 0.063368
3630 0.063551
3649 0.064703
3650 0.065223
3651 0.065484
3652 0.062067
3653 0.059864
3654 0.058488
3655 0.057653
3656 0.054701
3657 0.053098
3659 0.051527
3662 0.053812
3663 0.054780
3664 0.054851
3666 0.054785
3668 0.056217
3669 0.054296
3670 0.055039
3671 0.054051
3672 0.053091
3758 0.050626
3949 0.050773
3972 0.055382
4001 0.056093
4087 0.058772
4089 0.059811
4090 0.059890
4091 0.060572
4092 0.061938
4093 0.064017
4159 0.065019
4163 0.066572
4164 0.067152
4165 0.067331
4176 0.068583
4177 0.069588
4179 0.066888
4180 0.064814
4181 0.063330
4183 0.062265
4184 0.060034
4185 0.058215
4186 0.054876
4187 0.052285
4188 0.049988
4189 0.048939
4190 0.046503
4191 0.040246
4192 0.038305
4193 0.034788
4289 0.040235
4290 0.042432
4292 0.046782
4313 0.048823
4337 0.046516
4355 0.047892
4388 0.046905
4389 0.046287
4421 0.046928
4722 0.045787
5106 0.046208
5173 0.046436
5414 0.049503
5434 0.049266
5435 0.049677
5436 0.050254
5463 0.053164
5464 0.055657
5465 0.057929
5466 0.061687
5467 0.064388
5468 0.065781
5469 0.066865
5470 0.067640
5471 0.067981
5476 0.062416
5477 0.059818
5539 0.055504
5540 0.052606
5541 0.053367
5542 0.051929
5543 0.052778
5544 0.053549
5547 0.053781
5548 0.053625
5551 0.053080
5552 0.052570
5553 0.048753
5555 0.048241
5556 0.046769
5560 0.046607
5561 0.043671
5562 0.041142
5571 0.042385
5572 0.040162
5573 0.038728
5574 0.038314
5576 0.037617
5577 0.037125
5578 0.036699
5579 0.039251
5581 0.041059
5582 0.042640
5583 0.043026
5587 0.048691
5634 0.051178
5644 0.070471
5678 0.083608
5690 0.085582
5707 0.086210
5708 0.086648
5861 0.087355
5896 0.089152
5923 0.090375
5984 0.092166
6042 0.091670
6097 0.092473
6289 0.097894
6290 0.099027
6291 0.100450
6292 0.101194
6293 0.101654
6294 0.102088
6295 0.102184
6296 0.102731
6297 0.099101
6298 0.096508
6349 0.094473
6350 0.094014
6351 0.088217
6352 0.085141
6353 0.064674
6354 0.050918
6355 0.047615
6403 0.046586
6404 0.044801
6406 0.042809
6407 0.040782
6408 0.039540
6409 0.037794
6410 0.036937
6411 0.036466
6412 0.030968
6413 0.026082
6414 0.023089
6415 0.021183
6416 0.019947
6418 0.019366
6419 0.019672
6420 0.019363
6426 0.020746
6427 0.021641
6428 0.022047
6429 0.022948
6431 0.022853
6433 0.022714
6462 0.026563
6568 0.028482
6584 0.028097
6585 0.027220
6586 0.027201
6587 0.027358
6602 0.033515
6779 0.034460
6836 0.035428
6840 0.036449
6891 0.035633
6971 0.039528
7049 0.039782
7051 0.040109
7052 0.040199
7079 0.040631
7080 0.040744
7081 0.042059
7083 0.043264
7084 0.042055
7085 0.041193
7089 0.039303
7104 0.041124
7105 0.041762
7106 0.041944
7108 0.038041
7109 0.035909
7154 0.039799
7163 0.044512
7164 0.047229
7176 0.049761
7179 0.045388
7184 0.047129
7251 0.047797
7258 0.048821
7259 0.049557
7260 0.046220
7347 0.047871
7977 0.057242
8336 0.059336
8421 0.060535
8479 0.061832
8480 0.061224
8482 0.060725
8483 0.060341
8511 0.061570
8512 0.063046
8513 0.060637
8514 0.061131
8515 0.061957
8516 0.061813
8518 0.061939
8519 0.058094
8520 0.053377
8530 0.051003
8531 0.048265
8532 0.046238
8533 0.043559
8534 0.041916
8535 0.039873
8565 0.040829
8566 0.041752
8567 0.041831
8568 0.033660
8569 0.032999
8570 0.033210
8587 0.032862
8588 0.032449
8589 0.031602
8590 0.030802
8591 0.028780
8592 0.028590
8594 0.028170
8595 0.026799
8596 0.025613
8635 0.026690
8636 0.026694
8637 0.026840
8638 0.026985
8639 0.028254
8640 0.029853
8641 0.031327
8646 0.033485
8647 0.035225
8648 0.036765
8649 0.036036
8650 0.034616
8651 0.033038
8652 0.031914
8654 0.030438
8655 0.028593
8707 0.033471
8708 0.037095
8763 0.040882
8961 0.045778
9000 0.048932
9112 0.049892
9118 0.049142
9672 0.055210
9900 0.058156
10202 0.057971
10483 0.059039
10922 0.062729
11091 0.066260
11354 0.065485
11362 0.064814
11503 0.066508
11522 0.065966
11584 0.065723
11585 0.065033
11647 0.069760
11648 0.071564
11652 0.072999
11653 0.074881
11654 0.076915
11672 0.077319
11673 0.071878
11674 0.067680
11687 0.064348
11689 0.059993
11690 0.057266
11692 0.055760
11694 0.058492
11695 0.053706
11697 0.051913
11698 0.051485
11699 0.050628
11701 0.047485
11702 0.044792
11703 0.044370
11704 0.044011
11710 0.042063
11711 0.041717
11713 0.040955
11715 0.040343
11716 0.034654
11717 0.032590
11738 0.031715
11739 0.030888
11740 0.029424
11741 0.029483
11742 0.029388
11756 0.029697
11757 0.029425
11758 0.029715
11760 0.029740
11761 0.029478
11762 0.026641
11800 0.025979
11802 0.027232
11816 0.026582
11818 0.025957
11819 0.025015
11827 0.028710
11866 0.029623
11875 0.032218
11876 0.033263
11877 0.034091
11886 0.036680
11939 0.039056
12024 0.040562
12223 0.042371
12394 0.042149
12409 0.041729
12505 0.043329
12754 0.044850
13197 0.047552
13261 0.047960
13262 0.048325
13288 0.048974
13315 0.049213
13464 0.052092
13465 0.054450
13466 0.055364
13483 0.053636
13484 0.054249
13490 0.054906
13491 0.055098
13492 0.050328
13493 0.048639
13495 0.045541
13496 0.043446
13497 0.041229
13498 0.037749
13499 0.035002
13500 0.033357
13502 0.031156
13503 0.030202
13504 0.029489
13505 0.027528
13506 0.025638
13517 0.025450
13518 0.026674
13519 0.027632
13520 0.027314
13521 0.027470
13621 0.026300
13656 0.028166
13662 0.028339
14075 0.028305
14078 0.031054
14094 0.033417
14713 0.036220
15279 0.037430
15375 0.039875
16065 0.042084
16172 0.043453
17171 0.046004
17239 0.048303
17712 0.049320
17903 0.049754
18045 0.051489
18170 0.054281
18171 0.055594
18172 0.056436
18181 0.056741
18182 0.053924
18183 0.051742
18184 0.050110
18185 0.049026
18186 0.048281
18187 0.046227
18188 0.041910
18189 0.039979
18191 0.039361
18194 0.038463
18196 0.037431
18204 0.036332
18205 0.036443
18206 0.035303
18207 0.033912
18210 0.033136
18211 0.031160
18290 0.030086
18291 0.030024
18292 0.029944
18293 0.029152
18297 0.028193
18298 0.027386
18299 0.026850
18300 0.026994
18301 0.027341
18302 0.028773
18303 0.031012
18304 0.033415
18305 0.035582
18306 0.037884
18307 0.039736
18308 0.040702
18309 0.040811
18310 0.038560
18311 0.036919
18312 0.035480
18313 0.034410
18314 0.033546
18315 0.032912
18316 0.032550
18317 0.032150
18318 0.031517
18319 0.031380
18320 0.031065
18321 0.030492
18322 0.029257
18325 0.028768
18326 0.028009
18327 0.027880
18328 0.027696
18329 0.026849
18330 0.025037
18406 0.025809
18408 0.025606
18409 0.027593
18410 0.031109
18748 0.034864
18983 0.040163
19102 0.041436
19128 0.043569
19584 0.049239
19720 0.051573
19780 0.053647
19807 0.056447
19865 0.058546
20745 0.060476
20968 0.062299
20979 0.064928
21020 0.065973
21228 0.065907
21252 0.066004
21674 0.068277
21675 0.069927
21676 0.071017
21677 0.071782
21682 0.073610
21683 0.074453
21685 0.072203
21686 0.070912
21687 0.067424
21688 0.062656
21689 0.058180
21690 0.052970
21691 0.051667
21705 0.049936
21706 0.044217
21707 0.042240
21708 0.040225
21709 0.037420
21710 0.035363
21711 0.033699
21712 0.031832
21714 0.028699
21716 0.028301
21717 0.028677
21718 0.028366
21719 0.025961
21735 0.025334
21736 0.024521
21755 0.023456
21773 0.021771
21775 0.021229
21779 0.025264
21792 0.027318
21921 0.026881
22039 0.027388
22166 0.026847
22282 0.029898
22339 0.031593
22376 0.032749
22457 0.035292
22555 0.035582
22557 0.036228
22583 0.038278
22588 0.040215
22591 0.043000
22865 0.043610
22915 0.046411
23011 0.048356
23103 0.050333
23320 0.062124
23416 0.063561
23922 0.064671
24354 0.068358
24521 0.071106
24593 0.071904
24896 0.071854
