518 0.061491
519 0.057667
520 0.056953
521 0.063233
522 0.064849
571 0.062673
573 0.058871
574 0.057659
575 0.056736
576 0.057933
603 0.055895
604 0.057393
620 0.057354
727 0.056213
728 0.054673
729 0.055146
730 0.056552
731 0.056536
735 0.054913
736 0.055473
737 0.055658
743 0.056237
759 0.055992
761 0.057254
863 0.057267
924 0.056241
925 0.055887
926 0.057121
927 0.050248
963 0.043326
981 0.046014
982 0.046116
984 0.045995
985 0.043553
986 0.040825
995 0.041960
996 0.040845
1022 0.040396
1023 0.040943
1032 0.039324
1049 0.037179
1051 0.036132
1053 0.036824
1093 0.040228
1195 0.039201
1640 0.036306
1845 0.034157
1903 0.035567
1912 0.036491
2620 0.041394
2779 0.043177
2959 0.044605
3300 0.043698
3381 0.047347
3484 0.047351
3485 0.044352
3486 0.044046
3487 0.043843
3488 0.046843
3489 0.050995
3492 0.049176
3493 0.048451
3494 0.047716
3495 0.049961
3504 0.051009
3505 0.051373
3507 0.051476
3509 0.048287
3510 0.045231
3511 0.045596
3516 0.046600
3517 0.048406
3520 0.048047
3521 0.045829
3527 0.040291
3585 0.037114
3625 0.033584
3626 0.031334
3627 0.028123
3628 0.026464
3629 0.027947
3630 0.029086
3649 0.029351
3650 0.027008
3651 0.023142
3652 0.023326
3653 0.023707
3654 0.023891
3655 0.022333
3656 0.021538
3657 0.020903
3659 0.022011
3662 0.021585
3663 0.022864
3664 0.022597
3666 0.022351
3668 0.021543
3669 0.021035
3670 0.025113
3671 0.026528
3672 0.026939
3758 0.026749
3949 0.026756
3972 0.027612
4001 0.028093
4087 0.027754
4089 0.026363
4090 0.025802
4091 0.026373
4092 0.027442
4093 0.027457
4159 0.028058
4163 0.031591
4164 0.031793
4165 0.031589
4176 0.031527
4177 0.030049
4179 0.030339
4180 0.029628
4181 0.030020
4183 0.031213
4184 0.035028
4185 0.036240
4186 0.039020
4187 0.040509
4188 0.045784
4189 0.046826
4190 0.050428
4191 0.050129
4192 0.056061
4193 0.060867
4289 0.061156
4290 0.062569
4292 0.064070
4313 0.063750
4337 0.063664
4355 0.063164
4388 0.063025
4389 0.063597
4421 0.063789
4722 0.063867
5106 0.064169
5173 0.067865
5414 0.067776
5434 0.068360
5435 0.067945
5436 0.063604
5463 0.061709
5464 0.055888
5465 0.053196
5466 0.051381
5467 0.052817
5468 0.049343
5469 0.048704
5470 0.048149
5471 0.043896
5476 0.046252
5477 0.050955
5539 0.049762
5540 0.048441
5541 0.051399
5542 0.055946
5543 0.054046
5544 0.060596
5547 0.059629
5548 0.062185
5551 0.061375
5552 0.064786
5553 0.066821
5555 0.069864
5556 0.069265
5560 0.068623
5561 0.069231
5562 0.067938
5571 0.070928
5572 0.069050
5573 0.067385
5574 0.067430
5576 0.071300
5577 0.066813
5578 0.065946
5579 0.065232
5581 0.060530
5582 0.060741
5583 0.061896
5587 0.060356
5634 0.056013
5644 0.054892
5678 0.046534
5690 0.046191
5707 0.043901
5708 0.043819
5861 0.036407
5896 0.034247
5923 0.030005
5984 0.029871
6042 0.031213
6097 0.030555
6289 0.032091
6290 0.029291
6291 0.036194
6292 0.042528
6293 0.054817
6294 0.059224
6295 0.061995
6296 0.064141
6297 0.062161
6298 0.061011
6349 0.059572
6350 0.061621
6351 0.062798
6352 0.066297
6353 0.066850
6354 0.067058
6355 0.069792
6403 0.073856
6404 0.076485
6406 0.078331
6407 0.081740
6408 0.084010
6409 0.083099
6410 0.081877
6411 0.081834
6412 0.081095
6413 0.080664
6414 0.071821
6415 0.071766
6416 0.063476
6418 0.056833
6419 0.054131
6420 0.053064
6426 0.055991
6427 0.057232
6428 0.057316
6429 0.055791
6431 0.053468
6433 0.050556
6462 0.051461
6568 0.051303
6584 0.049867
6585 0.048690
6586 0.046107
6587 0.044743
6602 0.041846
6779 0.039437
6836 0.044713
6840 0.045660
6891 0.048848
6971 0.047290
7049 0.048233
7051 0.048313
7052 0.041789
7079 0.038864
7080 0.040630
7081 0.039451
7083 0.039559
7084 0.039496
7085 0.039810
7089 0.040848
7104 0.039438
7105 0.040841
7106 0.040555
7108 0.040055
7109 0.039963
7154 0.039833
7163 0.037038
7164 0.037373
7176 0.037719
7179 0.038722
7184 0.038775
7251 0.037697
7258 0.036690
7259 0.033848
7260 0.034453
7347 0.035363
7977 0.035505
8336 0.037970
8421 0.042648
8479 0.041602
8480 0.042180
8482 0.040416
8483 0.040039
8511 0.040505
8512 0.040587
8513 0.040821
8514 0.044093
8515 0.045869
8516 0.047048
8518 0.051968
8519 0.051704
8520 0.051779
8530 0.053885
8531 0.052785
8532 0.051109
8533 0.053740
8534 0.049432
8535 0.050504
8565 0.050250
8566 0.050734
8567 0.050589
8568 0.050956
8569 0.049557
8570 0.044407
8587 0.043232
8588 0.045668
8589 0.045441
8590 0.044500
8591 0.049253
8592 0.050677
8594 0.051035
8595 0.046057
8596 0.043263
8635 0.041390
8636 0.036597
8637 0.036892
8638 0.036515
8639 0.035092
8640 0.035997
8641 0.035648
8646 0.033516
8647 0.034929
8648 0.035576
8649 0.036044
8650 0.039339
8651 0.037812
8652 0.037542
8654 0.035937
8655 0.035368
8707 0.034414
8708 0.036750
8763 0.039572
8961 0.039122
9000 0.032563
9112 0.035101
9118 0.036811
9672 0.037936
9900 0.038318
10202 0.037673
10483 0.037272
10922 0.035966
11091 0.036148
11354 0.036575
11362 0.035853
11503 0.036589
11522 0.036401
11584 0.035323
11585 0.033615
11647 0.034654
11648 0.030924
11652 0.030701
11653 0.033439
11654 0.033699
11672 0.034715
11673 0.034298
11674 0.029137
11687 0.027130
11689 0.026346
11690 0.026006
11692 0.020794
11694 0.018317
11695 0.018332
11697 0.018928
11698 0.020166
11699 0.020841
11701 0.021515
11702 0.022153
11703 0.026051
11704 0.026018
11710 0.028642
11711 0.028062
11713 0.030450
11715 0.034584
11716 0.034642
11717 0.035465
11738 0.037145
11739 0.034237
11740 0.036893
11741 0.036240
11742 0.037634
11756 0.038259
11757 0.038325
11758 0.038734
11760 0.040967
11761 0.042957
11762 0.046146
11800 0.046071
11802 0.046339
11816 0.047919
11818 0.047667
11819 0.049766
11827 0.050028
11866 0.047095
11875 0.048628
11876 0.045647
11877 0.049438
11886 0.048094
11939 0.044641
12024 0.043598
12223 0.043438
12394 0.045007
12409 0.046239
12505 0.043326
12754 0.045380
13197 0.056867
13261 0.066378
13262 0.073845
13288 0.077753
13315 0.085656
13464 0.084189
13465 0.081760
13466 0.080813
13483 0.079635
13484 0.077478
13490 0.077554
13491 0.074839
13492 0.076162
13493 0.074104
13495 0.073420
13496 0.076554
13497 0.072966
13498 0.071812
13499 0.072558
13500 0.075636
13502 0.081214
13503 0.078384
13504 0.079513
13505 0.080070
13506 0.078456
13517 0.066236
13518 0.056029
13519 0.048489
13520 0.044772
13521 0.035371
13621 0.036530
13656 0.038019
13662 0.038481
14075 0.038613
14078 0.040398
14094 0.039769
14713 0.039773
15279 0.038630
15375 0.038529
16065 0.037244
16172 0.033539
17171 0.033851
17239 0.034583
17712 0.033753
17903 0.029913
18045 0.026957
18170 0.028679
18171 0.026191
18172 0.025680
18181 0.025188
18182 0.024592
18183 0.025548
18184 0.025531
18185 0.025069
18186 0.024865
18187 0.023942
18188 0.022632
18189 0.022678
18191 0.024149
18194 0.021714
18196 0.022005
18204 0.022029
18205 0.020732
18206 0.021133
18207 0.022673
18210 0.023350
18211 0.023786
18290 0.023796
18291 0.024525
18292 0.028436
18293 0.026259
18297 0.024347
18298 0.025954
18299 0.026985
18300 0.026941
18301 0.027786
18302 0.030767
18303 0.030910
18304 0.033843
18305 0.038215
18306 0.040898
18307 0.041271
18308 0.042131
18309 0.045777
18310 0.048658
18311 0.053681
18312 0.055714
18313 0.058911
18314 0.059273
18315 0.059043
18316 0.062034
18317 0.068833
18318 0.072940
18319 0.073172
18320 0.073253
18321 0.077756
18322 0.081574
18325 0.090201
18326 0.089823
18327 0.093671
18328 0.096504
18329 0.093578
18330 0.093806
18406 0.093141
18408 0.088385
18409 0.087673
18410 0.087485
18748 0.085936
18983 0.082176
19102 0.081856
19128 0.077830
19584 0.076816
19720 0.073929
19780 0.074600
19807 0.073391
19865 0.073886
20745 0.069880
20968 0.069419
20979 0.067661
21020 0.065315
21228 0.059458
21252 0.056008
21674 0.045976
21675 0.046742
21676 0.043959
21677 0.042339
21682 0.042479
21683 0.043265
21685 0.040998
21686 0.043395
21687 0.043667
21688 0.042546
21689 0.045465
21690 0.044768
21691 0.048641
21705 0.048872
21706 0.048491
21707 0.048268
21708 0.046762
21709 0.047339
21710 0.044485
21711 0.041533
21712 0.037657
21714 0.039283
21716 0.037895
21717 0.038295
21718 0.037951
21719 0.038880
21735 0.037323
21736 0.036158
21755 0.036459
21773 0.035785
21775 0.034569
21779 0.037246
21792 0.034727
21921 0.033991
22039 0.035486
22166 0.033138
22282 0.032468
22339 0.028145
22376 0.027174
22457 0.027865
22555 0.028066
22557 0.028347
22583 0.030841
22588 0.030325
22591 0.030868
22865 0.032215
22915 0.032775
23011 0.033297
23103 0.034812
23320 0.035742
23416 0.034380
23922 0.037374
24354 0.038871
24521 0.046809
24593 0.057839
24896 0.064500
