493 0.044335
494 0.039112
495 0.034049
497 0.031751
500 0.029996
501 0.028767
502 0.027370
504 0.025897
506 0.025612
507 0.025903
508 0.026970
509 0.028413
511 0.028723
512 0.030755
607 0.036050
608 0.040171
1005 0.042239
1046 0.047240
1047 0.050262
1123 0.053856
1160 0.057428
1273 0.059833
1283 0.065116
1342 0.070714
1654 0.075548
1665 0.077648
1735 0.081500
1938 0.084443
2003 0.088113
2298 0.095779
2499 0.096718
2612 0.097696
2662 0.098368
2698 0.099276
2699 0.098335
2700 0.096922
2701 0.095931
2702 0.096928
2704 0.096616
2705 0.091811
2706 0.088270
2707 0.086814
2709 0.084393
2710 0.084172
2711 0.082790
2712 0.080445
2713 0.080154
2714 0.075816
2715 0.074042
2716 0.072709
2717 0.071685
2720 0.068504
2722 0.065729
2724 0.067185
2725 0.063583
2726 0.064965
2780 0.065020
2781 0.065667
2782 0.065259
2783 0.066415
2784 0.066992
2785 0.065790
2786 0.063225
2787 0.060904
2788 0.059372
2797 0.061927
2798 0.062713
2799 0.061822
2800 0.059754
2801 0.058243
2802 0.060794
2803 0.062736
2804 0.063221
2806 0.059951
2808 0.057873
2809 0.058212
2810 0.058518
2811 0.058626
2812 0.055381
2813 0.052597
2814 0.051230
2815 0.051015
2818 0.052535
2819 0.053728
2820 0.053677
2824 0.054247
2878 0.057002
2879 0.057861
2880 0.058429
2881 0.059179
2883 0.060835
2884 0.063191
2888 0.065153
2890 0.067312
2906 0.067669
2907 0.064669
2908 0.062263
2909 0.062259
2913 0.065156
3003 0.064672
3004 0.063798
3007 0.063239
3008 0.063032
3020 0.062690
3021 0.062592
3022 0.062851
3023 0.063110
3024 0.064588
3025 0.065890
3026 0.066673
3027 0.066846
3028 0.065543
3030 0.066805
3031 0.067720
3032 0.067964
3036 0.063674
3039 0.059291
3040 0.055231
3042 0.052141
3043 0.051730
3044 0.051248
3045 0.049827
3059 0.049621
3060 0.046442
3061 0.045525
3062 0.045269
3064 0.044960
3065 0.044508
3088 0.045178
3089 0.044489
3090 0.043679
3092 0.044603
3093 0.040650
3094 0.037323
3095 0.035358
3096 0.034542
3097 0.035009
3122 0.037219
3125 0.040399
3127 0.043590
3181 0.046875
3292 0.046619
3708 0.051119
3847 0.052875
3944 0.066615
4345 0.076871
4422 0.079512
4576 0.082875
4725 0.082006
4804 0.082435
4807 0.083324
5252 0.088942
5382 0.091242
5558 0.091233
5586 0.091976
5654 0.100153
5655 0.105548
5661 0.108440
5662 0.110792
5663 0.112035
5664 0.112521
5665 0.111374
5666 0.107871
5667 0.103769
5682 0.101823
5683 0.098909
5684 0.100145
5685 0.096271
5686 0.095604
5687 0.082040
5693 0.072737
5695 0.070729
5697 0.066099
5698 0.066317
5699 0.065916
5700 0.065192
5701 0.060088
5702 0.058575
5706 0.057221
5710 0.057717
5712 0.050802
5713 0.048732
5714 0.049735
5715 0.049625
5727 0.049740
5729 0.048946
5730 0.048840
5767 0.047939
5768 0.046573
5772 0.045272
5773 0.043245
5774 0.041800
5775 0.040892
5777 0.039408
5778 0.038428
5808 0.039891
5822 0.041262
5824 0.042030
5830 0.042305
5831 0.042260
5832 0.042215
5833 0.041538
5834 0.040947
5835 0.040182
5857 0.039737
5858 0.038330
5859 0.032806
5860 0.028674
5862 0.026813
5864 0.025191
5865 0.026112
5867 0.025949
5868 0.026566
5869 0.027692
5870 0.027381
5871 0.030377
5872 0.034142
5873 0.037210
5874 0.039427
5875 0.040152
5893 0.039289
5905 0.040337
5906 0.039767
5928 0.040439
6174 0.041177
6372 0.042482
6459 0.043339
6460 0.043804
6461 0.044108
6463 0.045282
6464 0.047219
6465 0.048650
6469 0.051333
6472 0.052853
6473 0.053321
6474 0.051800
6475 0.051481
6477 0.050481
6478 0.050750
6479 0.050526
6480 0.047638
6481 0.043850
6482 0.041003
6483 0.040208
6493 0.042880
6511 0.043295
6512 0.041719
6513 0.042259
6516 0.043868
6517 0.043541
6518 0.042042
6519 0.041650
6526 0.045990
6544 0.048522
6545 0.048509
6558 0.046663
6559 0.046180
6560 0.044156
6561 0.047606
6569 0.050143
6675 0.058478
6724 0.058992
6859 0.061269
6874 0.064771
6920 0.068304
7003 0.070673
7034 0.072626
7056 0.074995
7097 0.076179
7115 0.073107
7132 0.073661
7133 0.072747
7135 0.072044
7136 0.069110
7137 0.069191
7138 0.070199
7139 0.070606
7140 0.067123
7141 0.064930
7142 0.063218
7143 0.063019
7144 0.062634
7145 0.062398
7146 0.060263
7147 0.060125
7148 0.053623
7149 0.055681
7150 0.056250
7151 0.054997
7152 0.053089
7153 0.052641
7159 0.053070
7185 0.051627
7261 0.050145
7262 0.050277
7263 0.047522
7270 0.046763
7271 0.046010
7272 0.046268
7273 0.045468
7274 0.044358
7275 0.046492
7276 0.047098
7277 0.046672
7279 0.046423
7283 0.050066
7284 0.051469
7287 0.056036
7288 0.056617
7289 0.054950
7290 0.053948
7291 0.051351
7294 0.049771
7296 0.047452
7299 0.048711
7549 0.048605
7729 0.047189
7745 0.050925
7766 0.050539
7767 0.050337
7768 0.050028
7769 0.050007
7770 0.050051
7826 0.052898
7827 0.055302
7828 0.056398
7830 0.054616
7831 0.053006
7832 0.052936
7833 0.052683
7834 0.049585
7835 0.048208
7837 0.044062
7838 0.041258
7839 0.041042
7840 0.041861
7843 0.042143
7844 0.040951
7845 0.039876
7847 0.039256
7849 0.039305
7850 0.040133
7851 0.036391
7852 0.037550
7853 0.037643
7854 0.037802
7855 0.037814
7856 0.037777
7857 0.037874
7858 0.037938
7890 0.041440
7894 0.041566
7918 0.043065
7919 0.044018
7969 0.044969
7970 0.045088
7971 0.045430
7974 0.048088
7975 0.050514
7976 0.052906
7978 0.054919
7979 0.057070
8093 0.059497
8279 0.061836
8327 0.061436
8328 0.061685
8330 0.061397
8331 0.061476
8332 0.060680
8335 0.060963
8337 0.063298
8345 0.063685
8346 0.063938
8364 0.061966
8365 0.060388
8366 0.056324
8367 0.055390
8369 0.053295
8371 0.051867
8372 0.050895
8373 0.050127
8374 0.049715
8375 0.046797
8377 0.043850
8378 0.040433
8380 0.038067
8381 0.035774
8382 0.033628
8383 0.031619
8392 0.031226
8393 0.029802
8394 0.028616
8395 0.027636
8396 0.026948
8397 0.026408
8411 0.025122
8412 0.025041
8413 0.025191
8414 0.024288
8415 0.024191
8416 0.024534
8417 0.024792
8418 0.025023
8419 0.025127
8422 0.025271
8423 0.025235
8424 0.024910
8425 0.024860
8426 0.024703
8427 0.026497
8428 0.026104
8429 0.026356
8430 0.026870
8442 0.026463
8443 0.024208
8444 0.023640
8445 0.023156
8446 0.022845
8447 0.022220
8453 0.023145
8454 0.021955
8455 0.021702
8456 0.021612
8457 0.021922
8458 0.022448
8461 0.021830
8462 0.021281
8471 0.022795
8472 0.024062
8473 0.024180
8474 0.024421
8475 0.024834
8476 0.025285
8477 0.027481
8478 0.026888
8489 0.025781
8490 0.024608
8491 0.023329
8492 0.023284
8493 0.023568
8494 0.023815
8523 0.027332
8525 0.030661
8527 0.031699
8528 0.031270
8529 0.031666
8557 0.031986
8558 0.031680
8560 0.030921
8561 0.029398
8563 0.028969
8564 0.028703
8580 0.029618
8581 0.030148
8582 0.030851
8583 0.031401
8597 0.032813
8598 0.033305
8599 0.032040
8602 0.032455
8603 0.034616
8605 0.036621
8611 0.040913
8613 0.042961
8614 0.044989
8617 0.046159
8631 0.045424
8709 0.044737
8864 0.045491
8876 0.048380
8924 0.050374
9317 0.052575
9496 0.053442
9569 0.054275
9691 0.055993
9753 0.059284
9754 0.061438
9755 0.060112
9756 0.058902
9757 0.058141
9758 0.057529
9759 0.055791
9760 0.054449
9761 0.053425
9762 0.052001
9763 0.050130
9764 0.048282
9768 0.044646
9769 0.042799
9773 0.040554
9775 0.039487
9776 0.036925
9777 0.034063
9778 0.032234
9779 0.028387
9780 0.025687
9781 0.022841
9782 0.021747
9783 0.020802
9784 0.018961
9785 0.015526
9786 0.013185
9789 0.012841
9790 0.012858
9791 0.013080
9792 0.013477
9793 0.013771
9794 0.013855
9795 0.013719
9802 0.017771
9803 0.020750
9805 0.023672
10323 0.028243
10470 0.031180
10482 0.032259
10488 0.033037
10640 0.033557
10719 0.035649
11232 0.038790
11351 0.041535
11600 0.042540
11601 0.042822
11722 0.044346
11773 0.045645
11774 0.046628
11775 0.047358
11777 0.047983
11778 0.047125
11779 0.046589
11780 0.046142
11781 0.045877
11782 0.045989
11783 0.046258
11786 0.046501
11787 0.042321
11788 0.038973
11789 0.035592
11790 0.030313
11791 0.027016
11804 0.026354
11805 0.025240
11806 0.024663
11807 0.022560
11808 0.019406
11809 0.016601
11810 0.015506
11811 0.015085
11812 0.013674
11813 0.012648
11821 0.012983
11822 0.013237
11823 0.013326
11826 0.014669
11828 0.016607
11829 0.017664
11830 0.018098
11848 0.021254
11850 0.022548
11851 0.022793
11887 0.022624
12022 0.023805
12025 0.025198
12035 0.026156
12038 0.029315
12111 0.029901
12506 0.031197
12569 0.032451
12578 0.033049
12681 0.034819
12715 0.036039
12716 0.037757
12717 0.039678
12738 0.040338
12740 0.040862
12742 0.040015
12771 0.040077
12772 0.040052
12773 0.039110
12776 0.037729
12777 0.037202
12778 0.036754
12818 0.035538
12819 0.035031
12820 0.034916
12821 0.035191
12822 0.034352
12833 0.034452
12834 0.034556
12835 0.032703
12836 0.032447
12837 0.031593
12839 0.030965
12840 0.030831
12841 0.029402
12842 0.028619
12843 0.027334
12844 0.025712
12845 0.025059
12887 0.024821
12888 0.024598
12889 0.023882
12890 0.023703
12919 0.023138
12920 0.022349
12928 0.024038
12929 0.025670
12948 0.025918
13010 0.026164
13013 0.027545
13014 0.028561
13015 0.029170
13031 0.028612
13032 0.028015
13034 0.027583
13045 0.027816
13046 0.027760
13047 0.027787
13049 0.030518
13050 0.031340
13051 0.031131
13053 0.031372
13054 0.031280
13055 0.032224
13057 0.032269
13067 0.035487
13068 0.037846
13076 0.038766
13082 0.041150
13083 0.043402
13084 0.042301
13085 0.041404
13094 0.040240
13096 0.039086
13097 0.037630
13098 0.036416
13102 0.039659
13104 0.042338
13108 0.043481
13109 0.044006
13110 0.043886
13111 0.043828
13133 0.044146
13134 0.041791
13135 0.042487
13137 0.043269
13138 0.043136
13139 0.043248
13140 0.043061
13141 0.042987
13142 0.040259
13143 0.038095
13144 0.037122
13147 0.037289
13148 0.036956
13149 0.037033
13205 0.038790
13212 0.042279
13221 0.044296
13231 0.046101
13245 0.049369
13247 0.047497
13260 0.046244
13313 0.045419
13360 0.045022
13428 0.044727
13430 0.047484
13675 0.047887
13731 0.049871
13815 0.050422
13834 0.050836
13835 0.051214
13837 0.051676
13838 0.051753
13839 0.052380
13846 0.052771
13871 0.054742
13872 0.056246
13873 0.054394
13874 0.053545
13875 0.052882
13876 0.050605
13877 0.047021
13881 0.046519
13882 0.045709
13884 0.043051
13885 0.041279
13887 0.040584
13889 0.041366
13891 0.041327
13892 0.041147
13894 0.038376
13898 0.039723
13901 0.039662
13902 0.038562
13912 0.040569
13914 0.042131
13916 0.044033
13918 0.044792
13919 0.045144
13920 0.045619
13921 0.044243
13933 0.045304
13993 0.046508
14103 0.046119
14104 0.045763
14105 0.045568
14106 0.044789
14109 0.045076
14112 0.046983
14113 0.047085
14114 0.048037
14115 0.047332
14116 0.046306
14117 0.045564
14118 0.044986
14119 0.044740
14122 0.042167
14123 0.039971
14124 0.039204
14125 0.036152
14128 0.034726
14129 0.032478
14130 0.030768
14131 0.029822
14132 0.028448
14133 0.030863
14134 0.030644
14135 0.030609
14136 0.031141
14137 0.032336
14138 0.033078
14139 0.033292
14150 0.033083
14151 0.030956
14152 0.030895
14156 0.030514
14157 0.030345
14158 0.030286
14159 0.030420
14160 0.030681
14164 0.032924
14165 0.034828
14169 0.036346
14170 0.037044
14171 0.037238
14172 0.036595
14173 0.036606
14174 0.036975
14175 0.037258
14178 0.037741
14179 0.034497
14180 0.031934
14181 0.030028
14182 0.028954
14183 0.027382
14184 0.026319
14187 0.025621
14188 0.023820
14189 0.022823
14197 0.022628
14198 0.021620
14199 0.021176
14200 0.021071
14208 0.020972
14210 0.020833
14211 0.018096
14212 0.015856
14214 0.014086
14216 0.012892
14217 0.012335
14218 0.012110
14220 0.011823
14239 0.013193
14241 0.013963
14243 0.014780
14244 0.016170
14245 0.016981
14246 0.017558
14247 0.017942
14248 0.020839
14249 0.023054
14279 0.023615
14377 0.024420
14378 0.024762
14379 0.024505
14394 0.026775
14395 0.028541
14396 0.029639
14523 0.030751
14533 0.031672
14551 0.032817
14553 0.033574
14562 0.034462
14563 0.035276
14565 0.036307
14566 0.036798
14567 0.037973
14568 0.037189
14569 0.036281
14570 0.037614
14572 0.037075
14575 0.037327
14576 0.037269
14577 0.037110
14578 0.034955
14579 0.034145
14586 0.034033
14589 0.033614
14590 0.033499
14594 0.033762
14595 0.031660
14597 0.030059
14599 0.028732
14600 0.027452
14602 0.028902
14603 0.029806
14605 0.030322
14606 0.029846
14607 0.029547
14608 0.028841
14609 0.028476
14612 0.029108
14613 0.028973
14614 0.029374
14615 0.027144
14616 0.026630
14618 0.026785
14619 0.027108
14626 0.027410
14627 0.026628
14631 0.027525
14636 0.028192
14637 0.029162
14638 0.029531
14639 0.030926
14640 0.032176
14641 0.033926
14642 0.034915
14652 0.035782
14653 0.033973
14663 0.034316
14702 0.036271
14705 0.037107
14839 0.038261
15039 0.037944
15090 0.038130
15165 0.038413
15166 0.037901
15170 0.037295
15171 0.037332
15182 0.037278
15183 0.036701
15184 0.036637
15185 0.036466
15186 0.037699
15187 0.035820
15188 0.034759
15189 0.033545
15190 0.032931
15205 0.032047
15206 0.030652
15207 0.028513
15209 0.027393
15210 0.026490
15211 0.026012
15213 0.024146
15214 0.021327
15215 0.020042
15216 0.018713
15217 0.019496
15218 0.019401
15219 0.017392
15220 0.018101
15222 0.018084
15223 0.017647
15224 0.017252
15256 0.017483
15257 0.016834
15258 0.016282
15259 0.014956
15260 0.014436
15262 0.013902
15263 0.013606
15265 0.013187
15266 0.011867
15289 0.012145
15290 0.012545
15291 0.013647
15292 0.014420
15293 0.014652
15296 0.014709
15301 0.016822
15302 0.018348
15304 0.019278
15305 0.019326
15333 0.020047
15353 0.021273
15397 0.020624
15398 0.020298
15399 0.020183
15400 0.020099
15401 0.020341
15402 0.020618
15403 0.020755
15404 0.020884
15405 0.020892
15413 0.021331
15414 0.021401
15415 0.021643
15418 0.023905
15420 0.024940
15421 0.025639
15434 0.025348
15436 0.025782
15437 0.026183
15438 0.026785
15446 0.026744
15451 0.025977
15551 0.025632
15631 0.027708
15695 0.030016
15723 0.030640
15750 0.030387
15754 0.031088
16021 0.034629
16052 0.041572
16059 0.045914
16499 0.048993
17407 0.049720
17528 0.051102
17538 0.052646
17609 0.055240
17627 0.056493
17639 0.057267
17699 0.056182
17705 0.056033
17769 0.055875
17784 0.055858
17785 0.055087
17786 0.054706
17787 0.054209
17809 0.052880
17810 0.052724
17811 0.052228
17812 0.049732
17814 0.047061
17815 0.045388
17819 0.046163
17828 0.045844
17829 0.042640
17830 0.036025
17831 0.030837
17832 0.027571
17836 0.027507
17837 0.026514
17838 0.025299
17848 0.023779
17849 0.022846
17850 0.022357
17851 0.021820
17852 0.020684
17857 0.021335
17859 0.020991
17860 0.020924
17866 0.021530
17867 0.021404
17868 0.020709
17869 0.020123
17870 0.020242
17871 0.020284
17872 0.020436
17873 0.020732
17874 0.020332
17888 0.020233
17889 0.020442
17894 0.020735
17895 0.020458
17896 0.020288
17897 0.019529
17898 0.019043
17907 0.019215
17908 0.018245
17909 0.018066
17910 0.019279
17911 0.020124
17912 0.020845
17913 0.019684
17914 0.019841
17915 0.020042
17917 0.019342
17918 0.019414
17921 0.019884
17922 0.019809
17923 0.019638
17924 0.019354
17925 0.018724
17926 0.018419
17927 0.018510
17978 0.019062
17979 0.019013
17980 0.018663
17981 0.018656
17982 0.018640
17983 0.018639
18077 0.020157
18078 0.020007
18080 0.019945
18081 0.019825
18117 0.018221
18118 0.016650
18119 0.015522
18120 0.014944
18121 0.014119
18135 0.015463
18136 0.015955
18137 0.015963
18138 0.015606
18139 0.015855
18140 0.015839
18152 0.015911
18153 0.015926
18154 0.015651
18156 0.015471
18349 0.014644
18352 0.014198
18353 0.013902
18354 0.013925
18355 0.014052
18356 0.014393
18357 0.013170
18360 0.013303
18363 0.013102
18364 0.012891
18380 0.014251
18382 0.015038
18383 0.015999
18384 0.017357
18390 0.019015
18392 0.017256
18393 0.016398
18418 0.017898
18426 0.017881
18441 0.018789
18609 0.020225
18712 0.021036
18732 0.021543
18750 0.021853
18752 0.021735
18753 0.022017
18754 0.022421
18755 0.023188
18756 0.023770
18757 0.023806
18859 0.025129
18860 0.025735
18861 0.025900
18881 0.025872
18882 0.025950
18883 0.024688
18884 0.023898
18894 0.023364
18895 0.022218
18896 0.020773
18897 0.020576
18911 0.020397
18912 0.018353
18913 0.017872
18942 0.016925
18943 0.015183
18944 0.013990
18945 0.013090
18946 0.012743
18947 0.013520
18948 0.013835
18949 0.013706
18950 0.013390
18951 0.013199
18952 0.013412
18953 0.011969
18954 0.011310
18957 0.011129
18959 0.013314
18969 0.013213
18986 0.014256
18987 0.015158
18988 0.015457
18989 0.015978
18999 0.017030
19000 0.017437
19005 0.018137
19006 0.019018
19029 0.019304
19030 0.018920
19031 0.018773
19032 0.018745
19033 0.018758
19034 0.018619
19036 0.018183
19043 0.018009
19056 0.018090
19057 0.017850
19058 0.017566
19059 0.017265
19060 0.017229
19061 0.017144
19062 0.016774
19065 0.015459
19066 0.015842
19067 0.014848
19069 0.014449
19086 0.014790
19087 0.014632
19088 0.013629
19089 0.013082
19094 0.012933
19097 0.012163
19098 0.012199
19101 0.012475
19103 0.012882
19104 0.013145
19105 0.013454
19106 0.013704
19109 0.013720
19111 0.013998
19113 0.013791
19114 0.014000
19115 0.014203
19116 0.014402
19117 0.014331
19118 0.014318
19119 0.014258
19120 0.013713
19217 0.014568
19218 0.015362
19232 0.015398
19233 0.014770
19234 0.014523
19235 0.014492
19236 0.014594
19350 0.015154
19351 0.015802
19352 0.016656
19354 0.017851
19356 0.018676
19366 0.020608
19373 0.022289
19448 0.022870
19594 0.022582
19595 0.021998
19596 0.021992
19597 0.021843
19598 0.022150
19600 0.022095
19604 0.023391
19605 0.023899
19606 0.024425
19607 0.024650
19608 0.023965
19609 0.023639
19628 0.023562
19629 0.023328
19631 0.023238
19632 0.023338
19633 0.023455
19634 0.022658
19635 0.022035
19636 0.021143
19637 0.019979
19638 0.018875
19639 0.016832
19640 0.014875
19641 0.014063
19642 0.013679
19643 0.014550
19644 0.014744
19645 0.014773
19647 0.014305
19648 0.014087
19649 0.012634
19650 0.011904
19657 0.011174
19659 0.010412
19662 0.009998
19663 0.009366
19664 0.008876
19708 0.009979
19709 0.009864
19710 0.009727
19712 0.009568
19714 0.009307
19715 0.009079
19716 0.009556
19717 0.009442
19718 0.009848
19719 0.010084
19743 0.010529
19770 0.011083
19771 0.011545
19797 0.011379
19799 0.011447
19858 0.011283
19859 0.011182
19860 0.011048
19861 0.010985
19870 0.011407
19871 0.011691
19872 0.012063
19873 0.012293
19874 0.012349
19875 0.012434
19893 0.011073
19895 0.011290
19922 0.012243
19923 0.012890
19929 0.014310
19932 0.014969
19933 0.014432
19934 0.014264
19935 0.013913
19941 0.014359
19952 0.015167
20031 0.015100
20241 0.015622
20242 0.015099
20243 0.014796
20244 0.014753
20245 0.014591
20246 0.014571
20247 0.015671
20249 0.016040
20250 0.016434
20251 0.016571
20252 0.016570
20257 0.017539
20261 0.018841
20276 0.018943
20277 0.018542
20278 0.017564
20279 0.017026
20287 0.016124
20288 0.015875
20293 0.016453
20307 0.019159
20308 0.021065
20309 0.022035
20312 0.021196
20313 0.020840
20314 0.019879
20315 0.019406
20319 0.020453
20362 0.020986
20368 0.022099
20369 0.022603
20370 0.021719
20371 0.021241
20373 0.020668
20374 0.020592
20377 0.021220
20379 0.020622
20380 0.019331
20382 0.019604
20384 0.020416
20385 0.020646
20386 0.020634
20387 0.020146
20388 0.020027
20389 0.019408
20391 0.016780
20395 0.015134
20397 0.014161
20398 0.014366
20399 0.014639
20414 0.015510
20415 0.016190
20416 0.015358
20417 0.015344
20419 0.014644
20420 0.014700
20433 0.015274
20435 0.015789
20436 0.016145
20461 0.017030
20462 0.016696
20463 0.016687
20464 0.016860
20465 0.016778
20466 0.016184
20478 0.017514
20479 0.018551
20480 0.019574
20481 0.020275
20482 0.020931
20483 0.021398
20485 0.021722
20486 0.021334
20487 0.020815
20488 0.020356
20489 0.019440
20491 0.018836
20492 0.018382
20493 0.017736
20494 0.017209
20512 0.020607
20546 0.020944
20547 0.021289
20548 0.021900
20550 0.020941
20551 0.020310
20552 0.019871
20553 0.019811
20554 0.019911
20555 0.020044
20556 0.018754
20583 0.018361
20584 0.017572
20585 0.017220
20586 0.017224
20587 0.017737
20697 0.017646
20754 0.017808
20755 0.018233
20756 0.018596
20757 0.019797
20758 0.020723
20761 0.021036
20762 0.021988
20765 0.023415
20766 0.020313
20771 0.021158
20812 0.021316
20813 0.021530
20816 0.024654
20826 0.026525
20832 0.027062
20837 0.029335
20840 0.030158
20896 0.031739
20976 0.033433
21079 0.033287
21117 0.034757
21119 0.035477
21120 0.035247
21211 0.035849
21289 0.036702
21294 0.037736
21295 0.039078
21321 0.039103
21322 0.038619
21325 0.038518
21326 0.038832
21338 0.038267
21339 0.037267
21340 0.036743
21345 0.036074
21346 0.035506
21354 0.034824
21355 0.031924
21356 0.030541
21357 0.030588
21360 0.029571
21361 0.028999
21363 0.027850
21366 0.028305
21367 0.029064
21368 0.028496
21369 0.028302
21374 0.028661
21381 0.026934
21382 0.025605
21395 0.028344
21409 0.028407
21526 0.028569
21527 0.028198
21546 0.028420
21547 0.028571
21548 0.029115
21549 0.029804
21555 0.030911
21556 0.029871
21557 0.029111
21558 0.028674
21559 0.028359
21566 0.028624
21567 0.029071
21568 0.028196
21569 0.028845
21570 0.031233
21575 0.036259
21579 0.036511
21580 0.035713
21581 0.034809
21582 0.034221
21597 0.034644
21600 0.034763
21601 0.030691
21602 0.029456
21613 0.029497
21614 0.029292
21624 0.029053
21627 0.029930
21628 0.030144
21634 0.029885
21635 0.028491
21637 0.028993
21641 0.030769
21642 0.031288
21643 0.031848
21644 0.032208
21645 0.031967
21649 0.034188
21650 0.034324
21651 0.032462
21652 0.026239
21654 0.025422
21662 0.025008
21663 0.024969
21664 0.025409
21667 0.025662
21668 0.025988
21669 0.026233
21670 0.026668
21678 0.027596
21679 0.028054
21694 0.032279
21697 0.030980
21699 0.030080
21700 0.029616
21701 0.030881
21724 0.030590
21725 0.029049
21726 0.028743
21729 0.030162
21730 0.029631
21731 0.029046
21732 0.026607
21756 0.025918
21757 0.024896
21758 0.024111
21761 0.025402
21762 0.026393
21763 0.026747
21764 0.026104
21765 0.026073
21766 0.026628
21769 0.027478
21777 0.029080
21804 0.028286
21805 0.027865
21806 0.023506
21813 0.025462
21840 0.026259
21889 0.028858
21964 0.028471
22040 0.030326
22311 0.031365
22312 0.031803
22313 0.030206
22333 0.030909
22430 0.032114
22431 0.032386
22432 0.032067
22444 0.032497
22446 0.032306
22447 0.030637
22448 0.030311
22450 0.031935
22451 0.033772
22452 0.034986
22453 0.035106
22454 0.035946
22458 0.033805
22459 0.033224
22460 0.033252
22463 0.034304
22466 0.033057
22467 0.032463
22474 0.030282
22475 0.029709
22476 0.027799
22477 0.027487
22478 0.027820
22479 0.028387
22480 0.028122
22481 0.027026
22482 0.026715
22485 0.027656
22486 0.027979
22487 0.028825
22488 0.029838
22489 0.030563
22492 0.029113
22493 0.027425
22500 0.027855
22503 0.031364
22750 0.031274
22990 0.031860
22991 0.032689
23134 0.034634
23319 0.037244
23360 0.038539
23761 0.038852
23813 0.039358
23843 0.039590
23856 0.039753
23969 0.039716
24046 0.040923
24047 0.041511
24121 0.041743
24493 0.042838
24494 0.043038
24495 0.042067
24496 0.041466
24497 0.040588
24498 0.039775
24519 0.038953
24520 0.038356
24522 0.038100
24523 0.035982
24524 0.032234
24541 0.033048
24542 0.032860
24543 0.032260
24544 0.030340
24545 0.026230
24546 0.024010
24591 0.024689
24592 0.024259
24594 0.023975
24595 0.023821
24598 0.024921
24599 0.023694
24600 0.023050
24603 0.022089
24646 0.022126
24648 0.022627
24654 0.023261
24655 0.023484
24656 0.023627
24657 0.023278
24676 0.025511
24691 0.027291
24692 0.027471
24693 0.027672
24695 0.026800
24722 0.025764
24723 0.025490
24724 0.025350
24725 0.025360
24726 0.025393
24727 0.025611
24740 0.027406
24741 0.029404
24747 0.031005
24756 0.032532
24759 0.033042
24760 0.033899
24761 0.034377
24771 0.035664
24773 0.034863
24800 0.035404
24840 0.035483
24864 0.036201
24866 0.036590
24874 0.036801
24875 0.034528
24878 0.032534
24879 0.032518
24889 0.032375
24890 0.032364
24891 0.030606
24900 0.033041
24905 0.033341
24908 0.034117
24909 0.034999
24912 0.035514
24913 0.033181
24914 0.030945
24917 0.031069
24928 0.030389
24930 0.030683
24934 0.031027
24936 0.031513
24941 0.032418
24989 0.032709
