493 0.041413
494 0.045012
495 0.045920
497 0.043317
500 0.043507
501 0.037205
502 0.038670
504 0.038948
506 0.043352
507 0.042337
508 0.041089
509 0.041952
511 0.038146
512 0.038977
607 0.040210
608 0.041327
1005 0.041938
1046 0.043504
1047 0.042254
1123 0.042602
1160 0.042556
1273 0.043036
1283 0.043578
1342 0.040337
1654 0.039714
1665 0.035570
1735 0.031710
1938 0.031277
2003 0.031479
2298 0.031831
2499 0.034136
2612 0.032783
2662 0.033359
2698 0.026811
2699 0.027882
2700 0.030514
2701 0.029058
2702 0.029131
2704 0.028802
2705 0.028371
2706 0.026036
2707 0.027031
2709 0.026225
2710 0.024833
2711 0.022734
2712 0.021883
2713 0.021560
2714 0.020474
2715 0.021307
2716 0.023524
2717 0.024377
2720 0.024643
2722 0.023987
2724 0.027572
2725 0.028612
2726 0.029685
2780 0.031692
2781 0.032871
2782 0.039065
2783 0.043536
2784 0.042119
2785 0.042042
2786 0.042588
2787 0.042870
2788 0.042306
2797 0.042968
2798 0.043449
2799 0.044058
2800 0.046699
2801 0.048617
2802 0.049041
2803 0.049437
2804 0.050148
2806 0.050021
2808 0.049055
2809 0.048799
2810 0.051205
2811 0.051779
2812 0.048748
2813 0.047530
2814 0.047729
2815 0.049115
2818 0.047105
2819 0.040668
2820 0.035024
2824 0.036611
2878 0.036278
2879 0.035436
2880 0.034973
2881 0.036530
2883 0.036751
2884 0.035642
2888 0.035259
2890 0.035513
2906 0.033741
2907 0.033383
2908 0.032761
2909 0.032054
2913 0.031175
3003 0.031532
3004 0.031117
3007 0.030236
3008 0.029985
3020 0.030836
3021 0.029850
3022 0.027012
3023 0.025782
3024 0.025681
3025 0.025704
3026 0.025767
3027 0.022905
3028 0.023146
3030 0.023382
3031 0.025749
3032 0.024967
3036 0.023865
3039 0.025375
3040 0.024655
3042 0.024944
3043 0.028128
3044 0.030444
3045 0.036647
3059 0.038011
3060 0.039192
3061 0.037103
3062 0.038124
3064 0.036983
3065 0.036739
3088 0.035954
3089 0.036205
3090 0.037659
3092 0.036574
3093 0.036801
3094 0.036587
3095 0.036767
3096 0.037683
3097 0.038741
3122 0.039363
3125 0.036920
3127 0.037234
3181 0.038894
3292 0.039707
3708 0.040150
3847 0.036569
3944 0.035210
4345 0.034040
4422 0.028958
4576 0.028704
4725 0.028709
4804 0.029595
4807 0.029713
5252 0.029978
5382 0.031941
5558 0.031756
5586 0.031979
5654 0.030465
5655 0.031310
5661 0.030789
5662 0.033714
5663 0.038417
5664 0.043333
5665 0.042918
5666 0.044227
5667 0.046731
5682 0.045435
5683 0.046315
5684 0.046096
5685 0.046810
5686 0.048224
5687 0.046305
5693 0.046076
5695 0.048240
5697 0.051129
5698 0.054686
5699 0.054071
5700 0.054622
5701 0.053891
5702 0.056230
5706 0.057132
5710 0.058404
5712 0.057810
5713 0.056229
5714 0.058009
5715 0.055476
5727 0.052953
5729 0.049396
5730 0.048416
5767 0.047178
5768 0.046161
5772 0.047794
5773 0.048614
5774 0.048167
5775 0.047481
5777 0.050007
5778 0.050376
5808 0.050526
5822 0.049779
5824 0.046255
5830 0.042034
5831 0.043699
5832 0.042617
5833 0.042967
5834 0.040464
5835 0.039973
5857 0.038625
5858 0.038744
5859 0.041602
5860 0.040077
5862 0.041108
5864 0.041122
5865 0.040690
5867 0.043595
5868 0.044625
5869 0.044382
5870 0.044236
5871 0.040792
5872 0.038225
5873 0.039976
5874 0.036596
5875 0.036876
5893 0.035870
5905 0.033776
5906 0.034055
5928 0.035352
6174 0.033897
6372 0.032933
6459 0.032524
6460 0.033091
6461 0.038231
6463 0.038325
6464 0.040701
6465 0.049744
6469 0.050081
6472 0.048984
6473 0.047092
6474 0.050093
6475 0.047735
6477 0.047109
6478 0.047095
6479 0.045374
6480 0.045717
6481 0.045627
6482 0.043617
6483 0.043640
6493 0.043665
6511 0.044995
6512 0.044966
6513 0.044680
6516 0.043873
6517 0.044591
6518 0.045733
6519 0.048353
6526 0.046084
6544 0.040571
6545 0.041747
6558 0.039949
6559 0.027960
6560 0.028480
6561 0.029134
6569 0.029736
6675 0.025837
6724 0.025958
6859 0.025431
6874 0.024347
6920 0.025741
7003 0.026330
7034 0.026688
7056 0.027360
7097 0.028131
7115 0.027158
7132 0.025925
7133 0.028950
7135 0.028639
7136 0.035591
7137 0.041147
7138 0.041252
7139 0.041221
7140 0.042254
7141 0.042414
7142 0.041546
7143 0.041352
7144 0.044682
7145 0.043718
7146 0.043564
7147 0.042492
7148 0.042810
7149 0.043304
7150 0.042807
7151 0.043155
7152 0.044976
7153 0.048378
7159 0.048297
7185 0.047625
7261 0.046089
7262 0.047857
7263 0.047619
7270 0.045201
7271 0.048161
7272 0.041295
7273 0.034100
7274 0.035818
7275 0.033963
7276 0.034291
7277 0.035348
7279 0.037347
7283 0.037751
7284 0.034292
7287 0.034609
7288 0.035420
7289 0.035469
7290 0.036284
7291 0.036508
7294 0.036850
7296 0.036938
7299 0.033809
7549 0.032060
7729 0.034370
7745 0.033879
7766 0.034790
7767 0.033825
7768 0.035667
7769 0.036161
7770 0.035422
7826 0.036288
7827 0.037003
7828 0.036184
7830 0.039257
7831 0.038043
7832 0.036860
7833 0.034638
7834 0.033925
7835 0.035921
7837 0.035153
7838 0.036198
7839 0.039157
7840 0.041599
7843 0.040165
7844 0.041232
7845 0.040716
7847 0.041267
7849 0.038640
7850 0.036960
7851 0.037247
7852 0.037028
7853 0.036301
7854 0.037162
7855 0.039442
7856 0.040240
7857 0.039095
7858 0.040727
7890 0.039171
7894 0.037080
7918 0.036900
7919 0.039213
7969 0.038908
7970 0.044158
7971 0.042916
7974 0.044476
7975 0.042992
7976 0.040079
7978 0.036766
7979 0.040591
8093 0.041249
8279 0.042080
8327 0.042727
8328 0.043652
8330 0.043144
8331 0.044646
8332 0.045141
8335 0.046885
8337 0.044308
8345 0.041561
8346 0.038270
8364 0.038811
8365 0.040097
8366 0.041800
8367 0.040454
8369 0.042121
8371 0.040828
8372 0.043034
8373 0.037709
8374 0.037408
8375 0.037059
8377 0.037069
8378 0.038853
8380 0.038950
8381 0.037777
8382 0.035671
8383 0.035399
8392 0.035816
8393 0.036573
8394 0.037227
8395 0.036045
8396 0.038445
8397 0.037414
8411 0.037212
8412 0.037949
8413 0.038816
8414 0.037354
8415 0.034592
8416 0.033736
8417 0.034205
8418 0.032614
8419 0.030923
8422 0.028621
8423 0.029243
8424 0.028520
8425 0.027325
8426 0.027580
8427 0.026489
8428 0.029029
8429 0.027103
8430 0.028119
8442 0.031064
8443 0.036993
8444 0.035273
8445 0.038120
8446 0.038556
8447 0.036258
8453 0.035348
8454 0.038204
8455 0.041451
8456 0.042221
8457 0.042949
8458 0.043805
8461 0.045793
8462 0.045710
8471 0.046212
8472 0.046733
8473 0.050538
8474 0.051526
8475 0.051653
8476 0.052377
8477 0.055776
8478 0.055698
8489 0.053256
8490 0.056366
8491 0.055637
8492 0.055219
8493 0.047621
8494 0.048715
8523 0.045947
8525 0.048097
8527 0.047435
8528 0.049889
8529 0.048377
8557 0.043698
8558 0.044022
8560 0.044005
8561 0.045441
8563 0.045035
8564 0.048272
8580 0.049726
8581 0.050252
8582 0.050672
8583 0.050556
8597 0.051608
8598 0.051874
8599 0.047787
8602 0.054430
8603 0.053906
8605 0.050275
8611 0.054036
8613 0.051662
8614 0.056270
8617 0.061143
8631 0.063314
8709 0.060627
8864 0.061829
8876 0.059726
8924 0.060732
9317 0.060238
9496 0.061382
9569 0.063631
9691 0.062607
9753 0.065479
9754 0.063773
9755 0.066806
9756 0.069685
9757 0.068405
9758 0.070429
9759 0.070372
9760 0.070888
9761 0.071399
9762 0.064859
9763 0.064009
9764 0.063945
9768 0.060292
9769 0.059462
9773 0.055802
9775 0.051249
9776 0.048975
9777 0.048187
9778 0.047044
9779 0.048201
9780 0.046831
9781 0.047803
9782 0.046407
9783 0.045621
9784 0.044240
9785 0.038575
9786 0.036590
9789 0.032568
9790 0.029831
9791 0.027506
9792 0.025530
9793 0.025186
9794 0.025889
9795 0.025545
9802 0.025018
9803 0.027087
9805 0.028846
10323 0.029741
10470 0.035967
10482 0.039807
10488 0.039394
10640 0.038445
10719 0.039375
11232 0.038686
11351 0.043878
11600 0.043784
11601 0.045771
11722 0.045025
11773 0.045094
11774 0.047456
11775 0.047429
11777 0.047154
11778 0.047575
11779 0.049388
11780 0.049957
11781 0.051867
11782 0.051635
11783 0.049369
11786 0.048520
11787 0.050398
11788 0.052240
11789 0.051754
11790 0.052541
11791 0.049159
11804 0.045431
11805 0.044498
11806 0.045439
11807 0.045742
11808 0.048176
11809 0.044088
11810 0.043331
11811 0.043026
11812 0.044756
11813 0.044205
11821 0.043015
11822 0.043214
11823 0.045990
11826 0.046362
11828 0.043508
11829 0.043586
11830 0.041948
11848 0.041763
11850 0.045389
11851 0.046626
11887 0.046202
12022 0.044044
12025 0.044347
12035 0.042709
12038 0.040020
12111 0.040196
12506 0.041169
12569 0.041021
12578 0.039570
12681 0.038904
12715 0.037047
12716 0.040825
12717 0.040896
12738 0.039939
12740 0.038331
12742 0.038107
12771 0.038019
12772 0.035931
12773 0.035234
12776 0.035355
12777 0.034359
12778 0.033335
12818 0.033506
12819 0.031206
12820 0.030124
12821 0.030068
12822 0.030569
12833 0.028854
12834 0.030354
12835 0.035535
12836 0.041361
12837 0.044160
12839 0.044070
12840 0.050007
12841 0.048320
12842 0.048580
12843 0.049849
12844 0.053000
12845 0.051495
12887 0.051881
12888 0.053090
12889 0.055050
12890 0.058754
12919 0.057869
12920 0.059453
12928 0.059169
12929 0.060603
12948 0.060304
13010 0.060749
13013 0.062012
13014 0.061671
13015 0.060784
13031 0.062879
13032 0.061813
13034 0.059510
13045 0.053707
13046 0.050383
13047 0.050175
13049 0.044305
13050 0.044617
13051 0.045626
13053 0.043584
13054 0.039171
13055 0.039678
13057 0.040114
13067 0.038485
13068 0.037455
13076 0.033519
13082 0.033377
13083 0.032139
13084 0.033915
13085 0.034570
13094 0.035169
13096 0.033544
13097 0.032889
13098 0.034118
13102 0.033832
13104 0.032813
13108 0.036573
13109 0.033527
13110 0.033864
13111 0.038390
13133 0.038063
13134 0.038934
13135 0.040164
13137 0.039249
13138 0.036411
13139 0.037114
13140 0.040340
13141 0.039806
13142 0.040299
13143 0.043123
13144 0.043002
13147 0.043267
13148 0.043183
13149 0.043736
13205 0.040973
13212 0.043573
13221 0.043742
13231 0.044515
13245 0.042717
13247 0.043052
13260 0.042425
13313 0.039250
13360 0.039189
13428 0.038854
13430 0.035289
13675 0.036770
13731 0.039044
13815 0.039031
13834 0.038547
13835 0.041339
13837 0.040331
13838 0.043753
13839 0.044046
13846 0.044431
13871 0.042336
13872 0.044160
13873 0.047398
13874 0.048926
13875 0.047160
13876 0.046706
13877 0.044292
13881 0.043975
13882 0.042839
13884 0.042788
13885 0.042107
13887 0.043197
13889 0.046456
13891 0.052887
13892 0.061912
13894 0.065795
13898 0.068362
13901 0.067244
13902 0.065966
13912 0.065651
13914 0.063224
13916 0.062720
13918 0.056906
13919 0.057879
13920 0.056211
13921 0.055603
13933 0.055162
13993 0.051838
14103 0.049757
14104 0.052942
14105 0.058995
14106 0.058603
14109 0.059136
14112 0.058861
14113 0.060340
14114 0.065621
14115 0.066506
14116 0.068266
14117 0.066883
14118 0.059884
14119 0.056727
14122 0.056706
14123 0.055634
14124 0.061407
14125 0.062053
14128 0.061920
14129 0.063815
14130 0.070919
14131 0.070647
14132 0.073849
14133 0.072816
14134 0.071863
14135 0.071991
14136 0.073071
14137 0.069217
14138 0.064338
14139 0.064836
14150 0.065455
14151 0.065261
14152 0.064221
14156 0.059068
14157 0.058543
14158 0.054665
14159 0.050703
14160 0.050710
14164 0.049579
14165 0.048869
14169 0.047883
14170 0.041831
14171 0.041464
14172 0.041755
14173 0.040663
14174 0.036135
14175 0.035330
14178 0.033100
14179 0.033355
14180 0.034575
14181 0.034018
14182 0.033175
14183 0.035598
14184 0.035968
14187 0.037089
14188 0.037769
14189 0.038479
14197 0.038666
14198 0.038268
14199 0.037491
14200 0.035792
14208 0.037760
14210 0.037045
14211 0.036748
14212 0.036408
14214 0.036352
14216 0.036545
14217 0.038067
14218 0.038452
14220 0.041774
14239 0.038294
14241 0.039120
14243 0.046658
14244 0.046157
14245 0.044522
14246 0.044958
14247 0.048306
14248 0.046282
14249 0.045999
14279 0.044499
14377 0.045598
14378 0.045485
14379 0.045299
14394 0.046739
14395 0.046170
14396 0.045657
14523 0.044457
14533 0.044367
14551 0.045420
14553 0.042586
14562 0.044494
14563 0.045831
14565 0.044381
14566 0.043430
14567 0.041631
14568 0.042491
14569 0.042823
14570 0.035824
14572 0.036225
14575 0.036133
14576 0.037090
14577 0.033928
14578 0.035052
14579 0.034503
14586 0.035375
14589 0.032473
14590 0.032832
14594 0.031765
14595 0.031390
14597 0.032674
14599 0.032091
14600 0.030127
14602 0.027711
14603 0.026886
14605 0.026501
14606 0.027054
14607 0.027643
14608 0.029852
14609 0.029598
14612 0.027114
14613 0.027704
14614 0.026884
14615 0.025061
14616 0.026404
14618 0.026516
14619 0.027482
14626 0.027058
14627 0.028851
14631 0.031756
14636 0.032606
14637 0.032498
14638 0.032966
14639 0.034931
14640 0.033722
14641 0.033438
14642 0.033802
14652 0.035406
14653 0.035731
14663 0.036268
14702 0.036380
14705 0.034395
14839 0.034769
15039 0.032595
15090 0.033314
15165 0.033442
15166 0.035607
15170 0.034727
15171 0.037690
15182 0.037124
15183 0.037257
15184 0.037846
15185 0.041654
15186 0.038541
15187 0.035774
15188 0.036010
15189 0.037324
15190 0.037281
15205 0.037397
15206 0.037315
15207 0.035695
15209 0.035266
15210 0.035028
15211 0.034591
15213 0.033726
15214 0.036186
15215 0.036875
15216 0.034640
15217 0.034780
15218 0.034722
15219 0.036729
15220 0.033736
15222 0.034240
15223 0.032303
15224 0.031930
15256 0.031826
15257 0.029058
15258 0.026018
15259 0.028884
15260 0.028822
15262 0.029327
15263 0.029214
15265 0.031263
15266 0.029191
15289 0.029808
15290 0.031974
15291 0.033323
15292 0.032493
15293 0.032413
15296 0.033330
15301 0.030750
15302 0.030491
15304 0.031443
15305 0.030742
15333 0.030905
15353 0.028803
15397 0.027485
15398 0.027213
15399 0.026226
15400 0.025573
15401 0.025260
15402 0.025494
15403 0.025746
15404 0.023080
15405 0.023485
15413 0.021758
15414 0.021797
15415 0.019330
15418 0.019770
15420 0.019577
15421 0.017949
15434 0.017022
15436 0.017502
15437 0.018068
15438 0.018747
15446 0.019136
15451 0.018675
15551 0.019045
15631 0.020442
15695 0.019789
15723 0.021952
15750 0.024103
15754 0.023730
16021 0.023672
16052 0.025590
16059 0.026388
16499 0.027783
17407 0.027587
17528 0.029126
17538 0.040305
17609 0.044262
17627 0.044907
17639 0.049384
17699 0.050013
17705 0.050792
17769 0.052229
17784 0.052215
17785 0.053240
17786 0.053365
17787 0.051638
17809 0.053608
17810 0.056364
17811 0.055307
17812 0.057635
17814 0.058057
17815 0.058975
17819 0.059476
17828 0.062679
17829 0.063733
17830 0.062967
17831 0.063782
17832 0.063373
17836 0.064022
17837 0.062129
17838 0.052774
17848 0.048817
17849 0.047983
17850 0.042780
17851 0.043804
17852 0.043916
17857 0.042810
17859 0.043799
17860 0.043741
17866 0.043222
17867 0.043515
17868 0.041977
17869 0.039140
17870 0.039143
17871 0.035483
17872 0.035397
17873 0.031844
17874 0.031259
17888 0.029462
17889 0.028332
17894 0.027799
17895 0.027687
17896 0.027945
17897 0.026688
17898 0.027550
17907 0.024600
17908 0.023291
17909 0.024692
17910 0.024619
17911 0.025984
17912 0.028453
17913 0.028059
17914 0.026922
17915 0.025323
17917 0.028251
17918 0.029291
17921 0.028362
17922 0.029902
17923 0.033611
17924 0.038517
17925 0.038603
17926 0.040103
17927 0.043652
17978 0.042507
17979 0.044466
17980 0.044818
17981 0.047718
17982 0.046751
17983 0.048244
18077 0.047924
18078 0.050283
18080 0.051711
18081 0.052184
18117 0.052859
18118 0.051647
18119 0.047974
18120 0.048984
18121 0.049804
18135 0.049676
18136 0.047127
18137 0.046081
18138 0.047346
18139 0.045438
18140 0.041175
18152 0.036836
18153 0.036203
18154 0.038168
18156 0.034220
18349 0.035064
18352 0.035215
18353 0.034699
18354 0.030385
18355 0.030928
18356 0.029846
18357 0.035429
18360 0.033151
18363 0.034283
18364 0.034417
18380 0.034743
18382 0.033063
18383 0.034763
18384 0.033584
18390 0.034365
18392 0.034605
18393 0.034397
18418 0.034450
18426 0.033585
18441 0.034598
18609 0.036607
18712 0.036549
18732 0.039117
18750 0.035855
18752 0.034999
18753 0.034266
18754 0.032791
18755 0.032376
18756 0.039527
18757 0.045222
18859 0.045549
18860 0.040533
18861 0.040717
18881 0.041048
18882 0.043817
18883 0.043991
18884 0.045086
18894 0.045567
18895 0.050228
18896 0.050471
18897 0.051976
18911 0.054097
18912 0.056971
18913 0.056558
18942 0.056435
18943 0.056634
18944 0.056578
18945 0.055648
18946 0.057589
18947 0.057383
18948 0.057472
18949 0.057825
18950 0.059525
18951 0.053009
18952 0.046804
18953 0.046097
18954 0.045170
18957 0.045524
18959 0.043208
18969 0.039744
18986 0.039898
18987 0.038698
18988 0.036311
18989 0.032397
18999 0.030327
19000 0.029596
19005 0.027837
19006 0.025188
19029 0.025592
19030 0.025235
19031 0.023456
19032 0.022935
19033 0.021343
19034 0.020369
19036 0.019846
19043 0.020255
19056 0.019976
19057 0.019427
19058 0.019390
19059 0.019602
19060 0.020308
19061 0.020614
19062 0.020509
19065 0.019742
19066 0.018039
19067 0.017884
19069 0.018102
19086 0.018401
19087 0.017834
19088 0.018444
19089 0.017493
19094 0.017952
19097 0.017237
19098 0.016844
19101 0.017926
19103 0.018981
19104 0.021907
19105 0.022678
19106 0.022956
19109 0.022981
19111 0.023159
19113 0.025423
19114 0.025585
19115 0.025607
19116 0.025012
19117 0.024373
19118 0.024359
19119 0.026432
19120 0.027909
19217 0.030498
19218 0.029638
19232 0.029612
19233 0.031607
19234 0.035309
19235 0.035004
19236 0.035353
19350 0.034550
19351 0.036181
19352 0.038723
19354 0.037849
19356 0.037104
19366 0.034373
19373 0.034167
19448 0.034227
19594 0.034927
19595 0.034237
19596 0.031403
19597 0.033510
19598 0.034366
19600 0.037963
19604 0.038631
19605 0.041058
19606 0.038979
19607 0.039563
19608 0.036925
19609 0.038744
19628 0.038243
19629 0.035876
19631 0.032772
19632 0.033121
19633 0.033204
19634 0.037097
19635 0.035624
19636 0.033346
19637 0.033972
19638 0.037324
19639 0.037346
19640 0.038277
19641 0.037103
19642 0.038507
19643 0.038386
19644 0.039469
19645 0.038682
19647 0.040152
19648 0.037979
19649 0.038408
19650 0.036729
19657 0.036583
19659 0.037302
19662 0.037469
19663 0.038379
19664 0.039731
19708 0.041400
19709 0.041562
19710 0.041230
19712 0.041294
19714 0.039564
19715 0.039846
19716 0.039662
19717 0.040033
19718 0.036069
19719 0.035811
19743 0.034850
19770 0.035522
19771 0.034578
19797 0.035000
19799 0.035594
19858 0.033947
19859 0.033914
19860 0.033596
19861 0.034228
19870 0.037230
19871 0.037009
19872 0.036502
19873 0.037568
19874 0.034948
19875 0.034518
19893 0.034278
19895 0.035064
19922 0.035436
19923 0.037938
19929 0.036124
19932 0.035553
19933 0.036792
19934 0.036061
19935 0.036185
19941 0.036360
19952 0.036894
20031 0.035972
20241 0.035506
20242 0.038867
20243 0.037858
20244 0.042378
20245 0.041203
20246 0.041417
20247 0.039989
20249 0.036076
20250 0.039613
20251 0.038013
20252 0.036459
20257 0.036665
20261 0.035425
20276 0.034420
20277 0.034632
20278 0.034944
20279 0.032589
20287 0.034615
20288 0.035047
20293 0.037610
20307 0.037611
20308 0.037532
20309 0.039639
20312 0.039477
20313 0.040738
20314 0.041195
20315 0.037244
20319 0.036870
20362 0.033089
20368 0.032151
20369 0.032569
20370 0.033601
20371 0.034938
20373 0.031864
20374 0.034337
20377 0.034396
20379 0.034662
20380 0.035288
20382 0.036057
20384 0.034058
20385 0.033649
20386 0.032892
20387 0.031173
20388 0.030510
20389 0.027262
20391 0.026492
20395 0.026716
20397 0.025729
20398 0.024854
20399 0.023808
20414 0.023883
20415 0.024963
20416 0.025709
20417 0.023655
20419 0.022951
20420 0.021201
20433 0.019923
20435 0.019629
20436 0.025706
20461 0.022835
20462 0.022489
20463 0.021446
20464 0.022633
20465 0.023427
20466 0.024022
20478 0.024700
20479 0.026045
20480 0.025857
20481 0.027544
20482 0.033974
20483 0.038278
20485 0.040549
20486 0.039946
20487 0.041869
20488 0.041797
20489 0.042692
20491 0.045121
20492 0.045391
20493 0.048385
20494 0.049546
20512 0.050419
20546 0.051957
20547 0.050832
20548 0.045245
20550 0.047523
20551 0.047769
20552 0.053733
20553 0.053972
20554 0.056755
20555 0.057157
20556 0.061516
20583 0.060020
20584 0.062067
20585 0.061649
20586 0.057225
20587 0.053488
20697 0.052653
20754 0.052701
20755 0.051852
20756 0.053598
20757 0.055767
20758 0.053462
20761 0.052380
20762 0.050111
20765 0.048768
20766 0.049347
20771 0.049191
20812 0.052918
20813 0.051995
20816 0.052129
20826 0.052166
20832 0.048289
20837 0.047085
20840 0.042464
20896 0.041440
20976 0.036031
21079 0.037351
21117 0.035523
21119 0.037833
21120 0.036314
21211 0.035538
21289 0.034884
21294 0.035547
21295 0.036053
21321 0.035628
21322 0.034416
21325 0.034025
21326 0.034127
21338 0.035388
21339 0.035712
21340 0.033974
21345 0.032946
21346 0.029802
21354 0.029899
21355 0.028813
21356 0.030566
21357 0.030329
21360 0.029719
21361 0.030114
21363 0.031063
21366 0.032241
21367 0.030933
21368 0.030298
21369 0.028922
21374 0.028458
21381 0.028890
21382 0.029724
21395 0.029326
21409 0.028427
21526 0.026799
21527 0.024604
21546 0.024164
21547 0.023993
21548 0.022068
21549 0.021544
21555 0.024665
21556 0.028002
21557 0.031876
21558 0.033306
21559 0.032559
21566 0.032066
21567 0.033179
21568 0.033688
21569 0.034902
21570 0.036208
21575 0.035631
21579 0.036148
21580 0.037609
21581 0.035550
21582 0.036069
21597 0.035938
21600 0.034021
21601 0.035760
21602 0.035814
21613 0.036175
21614 0.035236
21624 0.034823
21627 0.035424
21628 0.036181
21634 0.036369
21635 0.033250
21637 0.029739
21641 0.025527
21642 0.024734
21643 0.024309
21644 0.023547
21645 0.020559
21649 0.021053
21650 0.021398
21651 0.020344
21652 0.020420
21654 0.020579
21662 0.018685
21663 0.018614
21664 0.018197
21667 0.018712
21668 0.019156
21669 0.016912
21670 0.017489
21678 0.017266
21679 0.017268
21694 0.017755
21697 0.016964
21699 0.016701
21700 0.018303
21701 0.018327
21724 0.019158
21725 0.018962
21726 0.018914
21729 0.018671
21730 0.018885
21731 0.021402
21732 0.020386
21756 0.018952
21757 0.018986
21758 0.018180
21761 0.018071
21762 0.020847
21763 0.024259
21764 0.023900
21765 0.024730
21766 0.024179
21769 0.024202
21777 0.023456
21804 0.023530
21805 0.023985
21806 0.023535
21813 0.024001
21840 0.024785
21889 0.023747
21964 0.024172
22040 0.022945
22311 0.023717
22312 0.025827
22313 0.025991
22333 0.025105
22430 0.029224
22431 0.031086
22432 0.032191
22444 0.031749
22446 0.034299
22447 0.033829
22448 0.031960
22450 0.029251
22451 0.030825
22452 0.035694
22453 0.037157
22454 0.037266
22458 0.037539
22459 0.037555
22460 0.040535
22463 0.042738
22466 0.042145
22467 0.042418
22474 0.041698
22475 0.042829
22476 0.042895
22477 0.042974
22478 0.040951
22479 0.043378
22480 0.044798
22481 0.039475
22482 0.039952
22485 0.040212
22486 0.039209
22487 0.036630
22488 0.037247
22489 0.037605
22492 0.038253
22493 0.037236
22500 0.031352
22503 0.034845
22750 0.035792
22990 0.042626
22991 0.045618
23134 0.044720
23319 0.045809
23360 0.045804
23761 0.045931
23813 0.047203
23843 0.052670
23856 0.053390
23969 0.052778
24046 0.052062
24047 0.053204
24121 0.053321
24493 0.056105
24494 0.053945
24495 0.052747
24496 0.054531
24497 0.055816
24498 0.059509
24519 0.058324
24520 0.059170
24522 0.063583
24523 0.068584
24524 0.064696
24541 0.064682
24542 0.057149
24543 0.055310
24544 0.052717
24545 0.049863
24546 0.051541
24591 0.051453
24592 0.051423
24594 0.044360
24595 0.043657
24598 0.043947
24599 0.044598
24600 0.043923
24603 0.043357
24646 0.040044
24648 0.041275
24654 0.041587
24655 0.039873
24656 0.039297
24657 0.035911
24676 0.037198
24691 0.035785
24692 0.031780
24693 0.026953
24695 0.026332
24722 0.024949
24723 0.025187
24724 0.024802
24725 0.025385
24726 0.025154
24727 0.024636
24740 0.024100
24741 0.023740
24747 0.023876
24756 0.024219
24759 0.024046
24760 0.023179
24761 0.020840
24771 0.020177
24773 0.020260
24800 0.019691
24840 0.018637
24864 0.020587
24866 0.020570
24874 0.019746
24875 0.019142
24878 0.018432
24879 0.018934
24889 0.020261
24890 0.020386
24891 0.022478
24900 0.024248
24905 0.023350
24908 0.024249
24909 0.024619
24912 0.023734
24913 0.023153
24914 0.024904
24917 0.024927
24928 0.026254
24930 0.025527
24934 0.026006
24936 0.029224
24941 0.030665
24989 0.030363
