535 0.090745
577 0.081982
578 0.075291
582 0.073791
583 0.072377
584 0.070648
585 0.068914
586 0.067385
587 0.066264
588 0.064164
591 0.063500
595 0.063574
596 0.063938
597 0.063648
598 0.063686
601 0.063615
602 0.065998
605 0.064074
610 0.064068
614 0.062517
755 0.062362
767 0.064372
853 0.065603
956 0.065379
1016 0.064964
1445 0.065614
1447 0.066183
1448 0.066830
1449 0.065085
1450 0.064129
1451 0.064054
1454 0.064746
1455 0.065501
1457 0.067443
1458 0.069309
1461 0.070485
1462 0.067350
1465 0.066305
1466 0.065610
1467 0.065303
1468 0.062053
1469 0.056402
1472 0.054273
1497 0.056593
1498 0.059356
1503 0.060539
1510 0.060125
1537 0.060209
1623 0.059741
1624 0.059319
1632 0.063173
1633 0.065990
1634 0.068078
1648 0.069431
1691 0.068857
1692 0.068431
1708 0.067464
1709 0.066350
1710 0.063928
1711 0.061464
1712 0.059413
1713 0.058386
1714 0.056506
1715 0.055665
1734 0.056235
1736 0.056046
1737 0.055896
1738 0.056847
1739 0.053227
1741 0.051747
1742 0.052113
1746 0.050575
1747 0.049797
1777 0.052018
1780 0.052987
1781 0.049370
1782 0.047655
1838 0.044678
1839 0.042154
1868 0.042180
1902 0.045607
1904 0.048192
1932 0.052316
1934 0.054729
1935 0.055465
1937 0.056742
1939 0.057978
1940 0.059468
1942 0.060848
1944 0.060040
1945 0.061505
1946 0.063664
1947 0.065928
1949 0.065195
1950 0.065139
1951 0.063379
1952 0.063692
2142 0.063472
2143 0.061067
2148 0.060299
2149 0.059016
2150 0.056812
2304 0.057128
2305 0.057964
2306 0.058373
2307 0.056232
2308 0.054761
2309 0.051555
2310 0.050605
2311 0.051298
2312 0.051158
2313 0.050927
2314 0.050387
2315 0.049605
2316 0.049663
2317 0.048911
2318 0.048398
2346 0.047649
2406 0.054416
2480 0.055429
2490 0.057193
2671 0.059242
2723 0.063496
2834 0.067885
3118 0.071397
3244 0.074300
3352 0.079301
3358 0.082983
3549 0.085772
3584 0.086386
3788 0.088011
4360 0.087561
4511 0.087849
4561 0.089089
4591 0.090498
4606 0.090849
4621 0.096374
4622 0.100585
4623 0.103531
4625 0.105219
4626 0.105862
4627 0.105469
4628 0.104725
4629 0.097778
4630 0.095883
4631 0.093941
4632 0.091267
4633 0.086497
4635 0.081476
4636 0.077289
4637 0.073922
4638 0.068674
4639 0.070299
4640 0.071199
4641 0.072949
4642 0.071921
4644 0.073227
4646 0.075279
4647 0.075056
4648 0.074404
4649 0.074967
4713 0.070617
4714 0.067146
4715 0.064296
4716 0.062166
4717 0.060372
4719 0.059704
4720 0.058334
4721 0.057598
4723 0.056739
4724 0.055465
4730 0.056293
4731 0.056338
4734 0.058786
4735 0.060796
4736 0.062314
4737 0.062996
4739 0.057746
4742 0.053747
4743 0.050748
4744 0.048776
4745 0.046717
4746 0.043970
4747 0.041715
4772 0.041059
4773 0.040160
4774 0.038758
4793 0.041503
4794 0.042663
4859 0.043477
4860 0.043706
4861 0.042721
4862 0.042838
4863 0.043184
4864 0.043210
4915 0.047287
4980 0.047453
4983 0.047336
4984 0.045103
4985 0.043295
4986 0.041902
4987 0.040962
4988 0.040053
4991 0.042527
4992 0.044661
4993 0.046008
4997 0.047098
4998 0.047603
4999 0.048360
5000 0.050156
5001 0.050080
5002 0.050373
5003 0.046188
5005 0.044897
5006 0.043815
5022 0.043256
5023 0.043116
5030 0.044509
5034 0.048443
5036 0.051933
5037 0.050286
5038 0.050583
5068 0.053899
5083 0.057135
5214 0.073124
5448 0.077109
5488 0.077167
5803 0.080934
6686 0.079284
6786 0.080002
7113 0.079756
7233 0.079791
7307 0.081309
7783 0.082293
7991 0.082475
8038 0.083678
8039 0.084339
8040 0.085227
8071 0.084941
8072 0.084809
8073 0.084711
8074 0.084606
8075 0.082506
8076 0.077813
8077 0.074111
8078 0.071966
8079 0.070131
8080 0.066585
8094 0.064046
8095 0.048919
8096 0.045386
8120 0.045393
8121 0.041674
8122 0.040250
8123 0.037096
8142 0.035867
8143 0.034786
8144 0.032687
8145 0.031403
8146 0.028617
8147 0.027121
8159 0.027614
8167 0.030253
8168 0.032512
8194 0.035798
8197 0.036808
8198 0.036856
8199 0.037151
8259 0.041186
8329 0.042862
8363 0.045487
8370 0.045722
8379 0.047622
8420 0.046658
8517 0.046867
8634 0.047555
8653 0.047237
8729 0.048734
8792 0.052800
8793 0.055987
8794 0.057149
8795 0.058567
8796 0.059910
8797 0.060248
8798 0.061147
8799 0.061156
8801 0.060629
8802 0.058573
8803 0.057577
8804 0.056648
8805 0.058863
8809 0.059074
8811 0.059259
8812 0.055626
8813 0.053911
8818 0.050798
8819 0.050348
8820 0.047832
8827 0.048259
8829 0.047505
8830 0.046465
8834 0.047859
8835 0.047577
8836 0.044540
8837 0.041992
8839 0.040268
8840 0.038653
8841 0.038011
8842 0.038979
8843 0.040220
8846 0.042141
8880 0.041787
8894 0.045011
8903 0.043684
8904 0.044476
8906 0.043194
8914 0.044254
9507 0.047986
9621 0.051132
9671 0.054908
9706 0.057805
9813 0.059837
10068 0.064323
10191 0.064962
10317 0.066497
10541 0.067509
10602 0.068377
10686 0.067807
10718 0.067101
10720 0.066941
10726 0.070313
10727 0.071976
10728 0.073036
10729 0.073359
10730 0.072747
10733 0.072901
10734 0.073934
10742 0.071281
10743 0.070930
10744 0.067453
10746 0.065386
10747 0.063519
10748 0.059508
10749 0.055756
10750 0.054219
10751 0.053244
10752 0.051183
10753 0.047171
10754 0.046721
10768 0.046765
10769 0.047351
10770 0.045572
10771 0.045111
10772 0.044596
10773 0.044247
10788 0.044612
10789 0.045230
10792 0.045371
10798 0.045554
10800 0.045054
10802 0.043318
10808 0.042032
10809 0.040042
10813 0.039642
10891 0.042581
10894 0.045191
10895 0.047565
10999 0.048732
11000 0.049798
11002 0.047486
11003 0.046041
11004 0.046597
11005 0.047195
11006 0.047788
11029 0.046221
11030 0.044151
11031 0.043556
11032 0.043092
11034 0.043117
11035 0.042941
11038 0.040204
11039 0.038964
11043 0.036485
11045 0.034137
11046 0.032595
11047 0.031688
11048 0.031092
11049 0.031451
11050 0.031936
11051 0.029382
11052 0.027591
11105 0.026210
11106 0.024961
11107 0.024106
11108 0.023840
11109 0.022929
11111 0.022361
11112 0.021240
11142 0.021978
11151 0.025205
11174 0.028363
11176 0.030827
11186 0.032343
11187 0.032762
11188 0.032427
11189 0.031204
11190 0.029930
11219 0.033100
11270 0.034411
11281 0.040031
11379 0.040147
11393 0.042536
11395 0.044884
11534 0.046911
11772 0.049133
11820 0.049531
11889 0.050368
11922 0.051496
11938 0.051679
11967 0.053939
11968 0.055488
11969 0.056232
11970 0.056819
11971 0.055234
11972 0.051914
11973 0.049412
11976 0.049846
11977 0.049043
11978 0.049100
11979 0.050133
11980 0.050879
11983 0.052757
11984 0.051129
11985 0.050677
11986 0.045764
11987 0.046039
11988 0.043336
11989 0.040400
11990 0.038683
11993 0.038047
11995 0.038921
11998 0.039562
12000 0.039741
12001 0.040678
12002 0.039184
12011 0.039220
12027 0.040559
12029 0.040957
12030 0.040828
12097 0.041949
12098 0.042235
12100 0.040018
12101 0.039997
12112 0.040579
12114 0.040632
12115 0.040895
12116 0.039792
12117 0.038899
12125 0.039917
12126 0.040507
12127 0.040968
12128 0.041671
12131 0.045101
12135 0.045286
12136 0.043591
12137 0.041805
12138 0.040121
12141 0.042252
12142 0.043321
12145 0.044770
12167 0.045828
12175 0.044068
12176 0.043397
12177 0.043867
12178 0.042734
12179 0.042287
12180 0.042145
12181 0.041744
12182 0.041929
12183 0.042460
12185 0.045186
12186 0.048419
12187 0.051453
12193 0.050390
12211 0.050815
12214 0.050832
12216 0.050491
12218 0.046938
12219 0.045779
12220 0.048923
12224 0.050764
12225 0.051386
12226 0.048450
12227 0.049950
12228 0.051458
12235 0.050513
12238 0.050467
12239 0.050514
12240 0.051378
12241 0.051694
12242 0.051719
12244 0.051624
12245 0.051547
12246 0.050209
12247 0.048586
12252 0.049912
12254 0.048861
12255 0.047100
12258 0.048341
12282 0.049166
12283 0.049532
12284 0.050252
12286 0.051308
12287 0.051497
12288 0.048453
12289 0.046159
12290 0.048142
12292 0.050652
12300 0.048177
12301 0.045491
12351 0.049620
12384 0.049862
12385 0.050610
12386 0.049751
12387 0.049666
12390 0.050189
12391 0.050273
12392 0.050524
12393 0.050805
12406 0.051758
12407 0.047141
12408 0.044741
12416 0.043874
12417 0.042443
12418 0.040275
12419 0.039042
12422 0.038156
12423 0.037257
12424 0.037170
12426 0.036283
12427 0.036938
12428 0.034171
12429 0.033142
12430 0.032063
12431 0.031079
12435 0.027974
12436 0.029716
12437 0.030322
12520 0.030214
12524 0.031008
12670 0.033389
12691 0.034447
12694 0.036093
12848 0.039412
13056 0.038746
13095 0.039931
13113 0.039457
13121 0.039278
13130 0.038789
13222 0.039440
13263 0.040442
13300 0.041402
13324 0.041171
13341 0.041428
13342 0.041447
13343 0.040356
13344 0.039657
13345 0.037160
13364 0.037044
13366 0.036877
13367 0.034186
13368 0.031420
13369 0.030638
13370 0.030852
13371 0.029621
13376 0.027508
13377 0.026462
13379 0.024599
13380 0.020986
13427 0.020453
13446 0.022420
13459 0.024117
13463 0.026793
13572 0.027166
13575 0.027478
13627 0.027488
13661 0.027483
13670 0.028351
13671 0.028921
14024 0.028889
14110 0.033781
14111 0.036944
14153 0.039104
14163 0.040189
14219 0.042522
14274 0.043977
14397 0.044914
14399 0.043933
14442 0.042996
14449 0.044175
14450 0.043885
14451 0.044933
14452 0.045709
14465 0.045800
14466 0.046461
14467 0.043216
14468 0.041784
14469 0.038353
14470 0.037880
14478 0.039316
14479 0.039228
14480 0.038118
14482 0.037607
14483 0.036516
14484 0.036884
14485 0.032388
14486 0.030111
14487 0.028481
14488 0.027429
14515 0.025725
14516 0.024940
14517 0.024381
14518 0.024308
14519 0.024394
14520 0.023011
14521 0.022044
14522 0.020531
14524 0.020820
14525 0.021568
14526 0.021917
14528 0.022927
14529 0.023667
14532 0.023894
14535 0.024075
14537 0.022209
14544 0.021906
14549 0.022477
14550 0.022489
14552 0.023726
14571 0.024419
14643 0.025025
14644 0.024746
14654 0.024447
14656 0.025468
14657 0.024995
14659 0.024530
14690 0.024183
14691 0.024006
14692 0.023666
14693 0.023278
14697 0.024552
14698 0.025015
14699 0.024114
14708 0.023575
14709 0.022695
14710 0.021544
14711 0.020573
14712 0.020307
14726 0.021004
14727 0.021076
14728 0.020968
14732 0.021108
14733 0.021139
14734 0.020298
14735 0.019442
14784 0.019137
14826 0.019573
14849 0.020354
14884 0.022205
14899 0.022273
14900 0.022116
14901 0.022696
14903 0.023282
14904 0.023521
14905 0.023735
14906 0.022550
14907 0.022741
14910 0.024113
14911 0.026208
14914 0.026089
14915 0.025927
14927 0.026521
14928 0.026859
14961 0.027344
14962 0.027386
14963 0.027512
14964 0.026912
15056 0.032461
15077 0.034779
15113 0.036479
15121 0.035880
15284 0.036296
15285 0.036301
15288 0.035140
15365 0.036579
15424 0.041204
15566 0.042400
15733 0.044714
15836 0.045561
16088 0.048299
16215 0.049041
16294 0.050142
16620 0.049355
16693 0.048973
16722 0.049615
16726 0.050962
16727 0.051241
16728 0.051651
16729 0.050969
16735 0.050708
16736 0.050447
16737 0.050596
16738 0.045095
16741 0.043849
16742 0.043171
16743 0.044842
16746 0.044763
16751 0.045828
16752 0.044999
16753 0.043731
16754 0.039312
16755 0.037809
16756 0.035163
16757 0.034319
16788 0.032576
16789 0.032312
16791 0.031082
16792 0.030550
16793 0.029010
16794 0.029143
16815 0.028878
16816 0.028586
16817 0.028614
16818 0.028191
16819 0.027698
16820 0.027571
16823 0.027836
16824 0.027721
16828 0.029738
16829 0.030039
16830 0.029320
16831 0.029878
16843 0.029418
16847 0.028283
16848 0.027901
16849 0.031964
16852 0.031817
16854 0.031974
16855 0.032170
16856 0.032769
16862 0.034117
16864 0.035222
16868 0.037062
16869 0.038129
16872 0.038854
16873 0.039828
16874 0.041493
16875 0.042030
16876 0.042420
16877 0.043463
16878 0.043793
16879 0.044306
16880 0.044942
16881 0.042141
16882 0.041201
16883 0.040647
16884 0.038967
16885 0.038762
16886 0.039629
16887 0.041290
16888 0.037754
16889 0.038307
16890 0.038267
16891 0.038627
16892 0.037599
16893 0.035904
16894 0.035897
16895 0.034894
16896 0.037095
16897 0.039979
16898 0.040651
16899 0.039726
16900 0.039091
16901 0.038813
16902 0.037979
16903 0.037486
16904 0.036258
16905 0.036967
16941 0.037457
16942 0.037660
16943 0.038311
16944 0.038841
16945 0.037844
16946 0.037992
16947 0.036706
16948 0.036115
16950 0.037838
16951 0.040186
16953 0.040924
16954 0.042050
16955 0.043324
16956 0.043336
16957 0.043207
17068 0.040140
17069 0.036256
17122 0.035347
17168 0.035464
17169 0.035352
17170 0.035359
17172 0.037145
17173 0.038201
17175 0.038822
17176 0.037219
17177 0.036172
17178 0.035994
17179 0.035791
17180 0.035885
17181 0.035941
17182 0.035668
17183 0.035856
17185 0.036266
17186 0.034148
17187 0.032222
17188 0.031974
17191 0.032780
17192 0.033225
17193 0.033194
17196 0.033229
17199 0.034547
17201 0.035086
17202 0.033837
17203 0.032745
17205 0.032456
17206 0.032126
17207 0.029853
17245 0.028891
17246 0.028306
17247 0.028198
17248 0.027992
17249 0.027220
17250 0.026398
17251 0.025804
17252 0.026169
17267 0.026550
17268 0.027377
17280 0.027438
17282 0.027207
17283 0.026904
17284 0.025745
17298 0.024078
17299 0.023039
17301 0.022091
17303 0.020843
17304 0.019203
17305 0.019166
17308 0.019048
17310 0.018689
17311 0.018416
17327 0.020313
17328 0.021813
17329 0.022745
17330 0.023508
17331 0.025218
17332 0.027222
17333 0.029336
17334 0.030493
17515 0.031145
17576 0.033331
17577 0.033665
17578 0.033040
17579 0.033452
17605 0.035326
17794 0.036844
18240 0.039124
18243 0.038002
18246 0.036801
18247 0.036115
18248 0.036265
18249 0.036018
18250 0.035911
18253 0.035844
18254 0.036004
18257 0.037091
18258 0.035776
18259 0.034988
18267 0.033997
18268 0.033206
18269 0.031262
18270 0.029234
18271 0.027221
18272 0.025998
18276 0.026830
18277 0.024903
18278 0.023687
18279 0.022996
18280 0.021806
18281 0.019707
18283 0.017905
18285 0.015807
18339 0.016938
18340 0.017347
18341 0.017800
18366 0.018910
18373 0.020451
18376 0.021015
18396 0.021599
18400 0.023038
18403 0.023488
18404 0.023845
18405 0.023963
18534 0.024693
18578 0.026960
18714 0.027299
18929 0.028042
19018 0.029098
19019 0.029625
19020 0.028087
19021 0.027216
19154 0.026979
19155 0.027108
19156 0.027608
19168 0.028716
19169 0.028937
19170 0.028825
19171 0.028159
19172 0.028544
19173 0.028758
19188 0.028749
19189 0.027684
19191 0.026846
19192 0.026245
19203 0.027973
19222 0.027026
19225 0.026698
19239 0.027216
19252 0.026281
19278 0.024995
19280 0.025362
19281 0.025243
19282 0.024693
19291 0.024743
19292 0.025022
19293 0.025247
19302 0.026225
19305 0.026553
19314 0.027897
19315 0.027685
19316 0.027813
19317 0.028591
19318 0.028550
19321 0.027821
19324 0.027962
19327 0.028348
19330 0.027768
19331 0.027837
19334 0.030818
19335 0.027940
19336 0.027173
19337 0.026174
19338 0.024485
19339 0.024465
19342 0.023676
19343 0.023412
19344 0.023357
19346 0.023161
19357 0.023871
19358 0.024060
19359 0.024677
19362 0.023713
19363 0.023441
19382 0.024042
19384 0.025145
19387 0.025670
19388 0.024594
19389 0.024232
19390 0.024335
19393 0.023656
19394 0.022042
19395 0.022057
19399 0.023332
19400 0.021127
19401 0.020967
19402 0.021585
19403 0.022204
19410 0.023017
19411 0.022868
19412 0.022630
19413 0.022383
19416 0.022124
19417 0.022110
19420 0.021950
19421 0.021944
19422 0.021049
19423 0.020774
19424 0.020293
19425 0.018002
19426 0.016283
19427 0.015383
19464 0.017035
19465 0.017806
19466 0.017807
19467 0.017598
19468 0.017493
19469 0.017314
19471 0.016564
19473 0.015813
19474 0.015826
19475 0.015470
19476 0.015591
19477 0.015468
19478 0.015542
19479 0.015699
19480 0.015831
19482 0.015669
19485 0.016514
19487 0.016029
19488 0.015633
19489 0.015572
19490 0.015580
19491 0.015526
19492 0.015295
19493 0.015015
19494 0.014649
19495 0.012879
19496 0.012084
19497 0.011897
19499 0.012471
19500 0.012617
19501 0.012852
19502 0.011644
19503 0.011147
19504 0.010645
19508 0.010611
19509 0.010151
19510 0.009624
19511 0.009465
19519 0.009309
19520 0.009131
19521 0.009086
19522 0.008316
19523 0.008115
19524 0.008150
19525 0.008249
19526 0.009067
19527 0.009784
19528 0.010181
19529 0.010228
19530 0.010182
19531 0.010171
19533 0.010332
19534 0.010273
19535 0.009574
19536 0.009386
19537 0.009010
19538 0.009024
19539 0.009265
19541 0.009763
19542 0.009925
19543 0.009840
19544 0.010164
19545 0.010651
19546 0.011427
19547 0.012014
19548 0.012242
19549 0.013329
19550 0.014735
19551 0.017572
19554 0.019667
19703 0.019730
19705 0.020396
20118 0.022067
20648 0.024371
20916 0.028199
21034 0.032005
21037 0.038002
21038 0.042690
21186 0.045406
21272 0.047960
21561 0.048194
22031 0.051420
22680 0.053980
22844 0.056591
23336 0.057781
24181 0.062046
24265 0.063824
24414 0.064850
24434 0.065901
24647 0.065899
24649 0.066997
24650 0.066581
24651 0.065608
24658 0.063920
24659 0.062571
24660 0.062592
24661 0.061990
24662 0.060593
24663 0.059004
24664 0.056248
24665 0.053534
24666 0.048523
24667 0.045763
24668 0.044657
24669 0.043551
24671 0.044560
24672 0.042820
24673 0.040309
24674 0.037572
24675 0.036401
24679 0.032612
24681 0.031292
24682 0.030293
24683 0.028600
24684 0.027929
24685 0.026631
24686 0.025619
24687 0.024583
24688 0.023053
24689 0.022271
24690 0.021628
24700 0.022070
24701 0.021943
24702 0.021254
24703 0.020173
24704 0.019076
24705 0.017843
24707 0.016033
24708 0.014464
24709 0.012974
24710 0.011785
24712 0.010501
24713 0.010480
24714 0.010638
24715 0.010437
24716 0.010061
24717 0.009452
24718 0.009184
24719 0.008955
24764 0.009778
24765 0.010137
24766 0.010466
24767 0.010963
24768 0.011717
24808 0.015400
24811 0.017100
24849 0.017925
