535 0.052118
577 0.053370
578 0.055053
582 0.058203
583 0.058137
584 0.059588
585 0.059739
586 0.059854
587 0.060790
588 0.060461
591 0.057952
595 0.054685
596 0.054826
597 0.052574
598 0.050699
601 0.055590
602 0.060263
605 0.062512
610 0.063226
614 0.060238
755 0.053576
767 0.050325
853 0.045823
956 0.046772
1016 0.044446
1445 0.048104
1447 0.047189
1448 0.041983
1449 0.039699
1450 0.040237
1451 0.040532
1454 0.041047
1455 0.041969
1457 0.041602
1458 0.041989
1461 0.042472
1462 0.040082
1465 0.039054
1466 0.040853
1467 0.040989
1468 0.037847
1469 0.036010
1472 0.033893
1497 0.034737
1498 0.035798
1503 0.043489
1510 0.046567
1537 0.046513
1623 0.048420
1624 0.049672
1632 0.045231
1633 0.044493
1634 0.045185
1648 0.047594
1691 0.047299
1692 0.046319
1708 0.046865
1709 0.047406
1710 0.048098
1711 0.047520
1712 0.046928
1713 0.046644
1714 0.046945
1715 0.045378
1734 0.046807
1736 0.043702
1737 0.042355
1738 0.044011
1739 0.044125
1741 0.047744
1742 0.039468
1746 0.037198
1747 0.039443
1777 0.037778
1780 0.037382
1781 0.039135
1782 0.039031
1838 0.039693
1839 0.036489
1868 0.035870
1902 0.035610
1904 0.035401
1932 0.033786
1934 0.037627
1935 0.041964
1937 0.042587
1939 0.043019
1940 0.040709
1942 0.041840
1944 0.041312
1945 0.042591
1946 0.041329
1947 0.041696
1949 0.043698
1950 0.041846
1951 0.042914
1952 0.043352
2142 0.041410
2143 0.041359
2148 0.040358
2149 0.039967
2150 0.040129
2304 0.041869
2305 0.042951
2306 0.043268
2307 0.047559
2308 0.057459
2309 0.057097
2310 0.059302
2311 0.066035
2312 0.067725
2313 0.069724
2314 0.071821
2315 0.072277
2316 0.070864
2317 0.072294
2318 0.074129
2346 0.076552
2406 0.078503
2480 0.081132
2490 0.083578
2671 0.086274
2723 0.087262
2834 0.088316
3118 0.088516
3244 0.089497
3352 0.088939
3358 0.087269
3549 0.087983
3584 0.087083
3788 0.084003
4360 0.073120
4511 0.076170
4561 0.069773
4591 0.063823
4606 0.061818
4621 0.059201
4622 0.060304
4623 0.058712
4625 0.060195
4626 0.057039
4627 0.059419
4628 0.054327
4629 0.049051
4630 0.045151
4631 0.044183
4632 0.042791
4633 0.043443
4635 0.042516
4636 0.042922
4637 0.043652
4638 0.045797
4639 0.044089
4640 0.043195
4641 0.043269
4642 0.045448
4644 0.049879
4646 0.046935
4647 0.046831
4648 0.042679
4649 0.043840
4713 0.044630
4714 0.044195
4715 0.049307
4716 0.048234
4717 0.053932
4719 0.050236
4720 0.052439
4721 0.054885
4723 0.053687
4724 0.052747
4730 0.050290
4731 0.048391
4734 0.050719
4735 0.052940
4736 0.053876
4737 0.058695
4739 0.060650
4742 0.059773
4743 0.060859
4744 0.059147
4745 0.060139
4746 0.061937
4747 0.064780
4772 0.063498
4773 0.062414
4774 0.061775
4793 0.059622
4794 0.056634
4859 0.058197
4860 0.057930
4861 0.057520
4862 0.055554
4863 0.053856
4864 0.055455
4915 0.056368
4980 0.058544
4983 0.059389
4984 0.054918
4985 0.053261
4986 0.049419
4987 0.044911
4988 0.043206
4991 0.043796
4992 0.043317
4993 0.040820
4997 0.036060
4998 0.035963
4999 0.032141
5000 0.034177
5001 0.033951
5002 0.036852
5003 0.037719
5005 0.035944
5006 0.034842
5022 0.029173
5023 0.029950
5030 0.030219
5034 0.030895
5036 0.029440
5037 0.027092
5038 0.025666
5068 0.025521
5083 0.025433
5214 0.025890
5448 0.027645
5488 0.027548
5803 0.029197
6686 0.032593
6786 0.035035
7113 0.040248
7233 0.044766
7307 0.047181
7783 0.058777
7991 0.056742
8038 0.057129
8039 0.053946
8040 0.054988
8071 0.059044
8072 0.061230
8073 0.063667
8074 0.063588
8075 0.063513
8076 0.063691
8077 0.065818
8078 0.067613
8079 0.069190
8080 0.070936
8094 0.071739
8095 0.071477
8096 0.073768
8120 0.072900
8121 0.073527
8122 0.070063
8123 0.068239
8142 0.063783
8143 0.060451
8144 0.056313
8145 0.045122
8146 0.045912
8147 0.046342
8159 0.048883
8167 0.047583
8168 0.042986
8194 0.041359
8197 0.041989
8198 0.042010
8199 0.043265
8259 0.042215
8329 0.040140
8363 0.038126
8370 0.040817
8379 0.044190
8420 0.047591
8517 0.048062
8634 0.047526
8653 0.047433
8729 0.048042
8792 0.047737
8793 0.052851
8794 0.053197
8795 0.051584
8796 0.058769
8797 0.058402
8798 0.064776
8799 0.070691
8801 0.069412
8802 0.068574
8803 0.068961
8804 0.070863
8805 0.068011
8809 0.067004
8811 0.065644
8812 0.065721
8813 0.066853
8818 0.066791
8819 0.064405
8820 0.060052
8827 0.058411
8829 0.058610
8830 0.056021
8834 0.055026
8835 0.052636
8836 0.054177
8837 0.050717
8839 0.051006
8840 0.051750
8841 0.050194
8842 0.050115
8843 0.043858
8846 0.037833
8880 0.037720
8894 0.038685
8903 0.041000
8904 0.038506
8906 0.039100
8914 0.038837
9507 0.038613
9621 0.038451
9671 0.039492
9706 0.040010
9813 0.037207
10068 0.036300
10191 0.033795
10317 0.031813
10541 0.031557
10602 0.035014
10686 0.034548
10718 0.036583
10720 0.037218
10726 0.036404
10727 0.036829
10728 0.031658
10729 0.033221
10730 0.033457
10733 0.035161
10734 0.035118
10742 0.033802
10743 0.031804
10744 0.034922
10746 0.037196
10747 0.042378
10748 0.045283
10749 0.051442
10750 0.050528
10751 0.050819
10752 0.052705
10753 0.054860
10754 0.059993
10768 0.060074
10769 0.061386
10770 0.057934
10771 0.059650
10772 0.055800
10773 0.055801
10788 0.057470
10789 0.056175
10792 0.059998
10798 0.059767
10800 0.059347
10802 0.057443
10808 0.056641
10809 0.056688
10813 0.056163
10891 0.053838
10894 0.051519
10895 0.047075
10999 0.045184
11000 0.038687
11002 0.038927
11003 0.041389
11004 0.040791
11005 0.039486
11006 0.037125
11029 0.037096
11030 0.036935
11031 0.039590
11032 0.039037
11034 0.039134
11035 0.036777
11038 0.035202
11039 0.036208
11043 0.031891
11045 0.032169
11046 0.032939
11047 0.032109
11048 0.031992
11049 0.036701
11050 0.038097
11051 0.037425
11052 0.038938
11105 0.038420
11106 0.037681
11107 0.038435
11108 0.036909
11109 0.035191
11111 0.035589
11112 0.035609
11142 0.033286
11151 0.035536
11174 0.034343
11176 0.032604
11186 0.031761
11187 0.033426
11188 0.033229
11189 0.034385
11190 0.033509
11219 0.033597
11270 0.036063
11281 0.036628
11379 0.036954
11393 0.038998
11395 0.034366
11534 0.034548
11772 0.033574
11820 0.032151
11889 0.032231
11922 0.035266
11938 0.033997
11967 0.035771
11968 0.035013
11969 0.033911
11970 0.034836
11971 0.035712
11972 0.033521
11973 0.032805
11976 0.031598
11977 0.030959
11978 0.029726
11979 0.031850
11980 0.030808
11983 0.031956
11984 0.032436
11985 0.029039
11986 0.027588
11987 0.027370
11988 0.025323
11989 0.025854
11990 0.027931
11993 0.028335
11995 0.027843
11998 0.028371
12000 0.025875
12001 0.028165
12002 0.026670
12011 0.025619
12027 0.025246
12029 0.023319
12030 0.023489
12097 0.024146
12098 0.026036
12100 0.027363
12101 0.028359
12112 0.028941
12114 0.025682
12115 0.024865
12116 0.023629
12117 0.027755
12125 0.027048
12126 0.026397
12127 0.026478
12128 0.026706
12131 0.026111
12135 0.023846
12136 0.023609
12137 0.023909
12138 0.022989
12141 0.022049
12142 0.021249
12145 0.024599
12167 0.024980
12175 0.027751
12176 0.027920
12177 0.026938
12178 0.026464
12179 0.025067
12180 0.026677
12181 0.025665
12182 0.026274
12183 0.026602
12185 0.027115
12186 0.027800
12187 0.023240
12193 0.023542
12211 0.023766
12214 0.024252
12216 0.024312
12218 0.025057
12219 0.023512
12220 0.023434
12224 0.022860
12225 0.022694
12226 0.023423
12227 0.022522
12228 0.019729
12235 0.020008
12238 0.017398
12239 0.016802
12240 0.016988
12241 0.016872
12242 0.016654
12244 0.013693
12245 0.014291
12246 0.013914
12247 0.016019
12252 0.017040
12254 0.016939
12255 0.017351
12258 0.017477
12282 0.018832
12283 0.017914
12284 0.019969
12286 0.019012
12287 0.022814
12288 0.026525
12289 0.026400
12290 0.026606
12292 0.026241
12300 0.025897
12301 0.025324
12351 0.025220
12384 0.025130
12385 0.026764
12386 0.026965
12387 0.026975
12390 0.029525
12391 0.029535
12392 0.030789
12393 0.032660
12406 0.031144
12407 0.031640
12408 0.032238
12416 0.032649
12417 0.032499
12418 0.034057
12419 0.038240
12422 0.036709
12423 0.036992
12424 0.033830
12426 0.031030
12427 0.031160
12428 0.031983
12429 0.032907
12430 0.032977
12431 0.032664
12435 0.034015
12436 0.034158
12437 0.035888
12520 0.035987
12524 0.037074
12670 0.034880
12691 0.034903
12694 0.036575
12848 0.033894
13056 0.039607
13095 0.040416
13113 0.043150
13121 0.042415
13130 0.046177
13222 0.047149
13263 0.044502
13300 0.044049
13324 0.045932
13341 0.047523
13342 0.049617
13343 0.051141
13344 0.052902
13345 0.051754
13364 0.051437
13366 0.052391
13367 0.053418
13368 0.054517
13369 0.051289
13370 0.050538
13371 0.054663
13376 0.055134
13377 0.055590
13379 0.052479
13380 0.058022
13427 0.052226
13446 0.050085
13459 0.048629
13463 0.052336
13572 0.050655
13575 0.048925
13627 0.048566
13661 0.052032
13670 0.051517
13671 0.051947
14024 0.050029
14110 0.048515
14111 0.046261
14153 0.046821
14163 0.047981
14219 0.048506
14274 0.045689
14397 0.044631
14399 0.046490
14442 0.047833
14449 0.044184
14450 0.044351
14451 0.043886
14452 0.046731
14465 0.041003
14466 0.043444
14467 0.043342
14468 0.041806
14469 0.039528
14470 0.039489
14478 0.038831
14479 0.039451
14480 0.037903
14482 0.036686
14483 0.035629
14484 0.034700
14485 0.036095
14486 0.038923
14487 0.038351
14488 0.037984
14515 0.036212
14516 0.036465
14517 0.036265
14518 0.037244
14519 0.036125
14520 0.034597
14521 0.033280
14522 0.033167
14524 0.030986
14525 0.031930
14526 0.028659
14528 0.028587
14529 0.029033
14532 0.028274
14535 0.027593
14537 0.027195
14544 0.025653
14549 0.023675
14550 0.023235
14552 0.024073
14571 0.023893
14643 0.022709
14644 0.019352
14654 0.022208
14656 0.021684
14657 0.028434
14659 0.028691
14690 0.028825
14691 0.028106
14692 0.028507
14693 0.030290
14697 0.033144
14698 0.033465
14699 0.032912
14708 0.031694
14709 0.032220
14710 0.032121
14711 0.031136
14712 0.032741
14726 0.031649
14727 0.031892
14728 0.031896
14732 0.033131
14733 0.033767
14734 0.033250
14735 0.033772
14784 0.034477
14826 0.034409
14849 0.033274
14884 0.034912
14899 0.028500
14900 0.029617
14901 0.032258
14903 0.032026
14904 0.034683
14905 0.034053
14906 0.032122
14907 0.031757
14910 0.031889
14911 0.033020
14914 0.032668
14915 0.035374
14927 0.036345
14928 0.034295
14961 0.035337
14962 0.036203
14963 0.040220
14964 0.041854
15056 0.043653
15077 0.042588
15113 0.042256
15121 0.042095
15284 0.043033
15285 0.044609
15288 0.043568
15365 0.043882
15424 0.045262
15566 0.046520
15733 0.045838
15836 0.043265
16088 0.044102
16215 0.045840
16294 0.047101
16620 0.048663
16693 0.053337
16722 0.054330
16726 0.053734
16727 0.056887
16728 0.059901
16729 0.063269
16735 0.060958
16736 0.056665
16737 0.053492
16738 0.051371
16741 0.051880
16742 0.052950
16743 0.053389
16746 0.052670
16751 0.049643
16752 0.049105
16753 0.048968
16754 0.046875
16755 0.044100
16756 0.043130
16757 0.043365
16788 0.042780
16789 0.042733
16791 0.042402
16792 0.042817
16793 0.039018
16794 0.038725
16815 0.037995
16816 0.040481
16817 0.038995
16818 0.034878
16819 0.034623
16820 0.034847
16823 0.037022
16824 0.044910
16828 0.047960
16829 0.046867
16830 0.045799
16831 0.047658
16843 0.048666
16847 0.051453
16848 0.052118
16849 0.052128
16852 0.050586
16854 0.051900
16855 0.053811
16856 0.053700
16862 0.051652
16864 0.051542
16868 0.050802
16869 0.051938
16872 0.051479
16873 0.052275
16874 0.047136
16875 0.047951
16876 0.052831
16877 0.052843
16878 0.054237
16879 0.052978
16880 0.046586
16881 0.046601
16882 0.047968
16883 0.048302
16884 0.046616
16885 0.047450
16886 0.045276
16887 0.046135
16888 0.047545
16889 0.047892
16890 0.047173
16891 0.044044
16892 0.044243
16893 0.044864
16894 0.044443
16895 0.043878
16896 0.041593
16897 0.041551
16898 0.040281
16899 0.039035
16900 0.037504
16901 0.031817
16902 0.031706
16903 0.030640
16904 0.029483
16905 0.027850
16941 0.024165
16942 0.023826
16943 0.023600
16944 0.023927
16945 0.022640
16946 0.022640
16947 0.022332
16948 0.022492
16950 0.022533
16951 0.022303
16953 0.022435
16954 0.023960
16955 0.026004
16956 0.025786
16957 0.026278
17068 0.027637
17069 0.034166
17122 0.033455
17168 0.032879
17169 0.032268
17170 0.033947
17172 0.034820
17173 0.034927
17175 0.035225
17176 0.035592
17177 0.035986
17178 0.034629
17179 0.034805
17180 0.037781
17181 0.037360
17182 0.037161
17183 0.035617
17185 0.036892
17186 0.036765
17187 0.037916
17188 0.040172
17191 0.038833
17192 0.037674
17193 0.040673
17196 0.039539
17199 0.037432
17201 0.034778
17202 0.034232
17203 0.035403
17205 0.035166
17206 0.038970
17207 0.043571
17245 0.051947
17246 0.051933
17247 0.052637
17248 0.060623
17249 0.066233
17250 0.067726
17251 0.068423
17252 0.068332
17267 0.068288
17268 0.068902
17280 0.064977
17282 0.069588
17283 0.070007
17284 0.069458
17298 0.070001
17299 0.068444
17301 0.066426
17303 0.066434
17304 0.066375
17305 0.064552
17308 0.066950
17310 0.066921
17311 0.066568
17327 0.064234
17328 0.059547
17329 0.050789
17330 0.052030
17331 0.050783
17332 0.041961
17333 0.036869
17334 0.034934
17515 0.031008
17576 0.030908
17577 0.031418
17578 0.032566
17579 0.035368
17605 0.030806
17794 0.028864
18240 0.029797
18243 0.027815
18246 0.027702
18247 0.026654
18248 0.027422
18249 0.028621
18250 0.028477
18253 0.026765
18254 0.027176
18257 0.027170
18258 0.024987
18259 0.024293
18267 0.025881
18268 0.024983
18269 0.025914
18270 0.027987
18271 0.028133
18272 0.030354
18276 0.031788
18277 0.031636
18278 0.031725
18279 0.030133
18280 0.027298
18281 0.026992
18283 0.027145
18285 0.025800
18339 0.025431
18340 0.028376
18341 0.029124
18366 0.028361
18373 0.027262
18376 0.025068
18396 0.026017
18400 0.025171
18403 0.025545
18404 0.025362
18405 0.025206
18534 0.023602
18578 0.025634
18714 0.026613
18929 0.024937
19018 0.024799
19019 0.023700
19020 0.021990
19021 0.024422
19154 0.023133
19155 0.025067
19156 0.027772
19168 0.028393
19169 0.027932
19170 0.028665
19171 0.033082
19172 0.030219
19173 0.031996
19188 0.031342
19189 0.033308
19191 0.033720
19192 0.033647
19203 0.032733
19222 0.033488
19225 0.036698
19239 0.037492
19252 0.037664
19278 0.035156
19280 0.034602
19281 0.034632
19282 0.034709
19291 0.036040
19292 0.041294
19293 0.039945
19302 0.043025
19305 0.042166
19314 0.040288
19315 0.042086
19316 0.043615
19317 0.042859
19318 0.042074
19321 0.042599
19324 0.041795
19327 0.047493
19330 0.048414
19331 0.051327
19334 0.051306
19335 0.051536
19336 0.051397
19337 0.051420
19338 0.054228
19339 0.055725
19342 0.056191
19343 0.056422
19344 0.057841
19346 0.057801
19357 0.055802
19358 0.053414
19359 0.052515
19362 0.050406
19363 0.048820
19382 0.050715
19384 0.048255
19387 0.046631
19388 0.045478
19389 0.043372
19390 0.042563
19393 0.041109
19394 0.035729
19395 0.035128
19399 0.033935
19400 0.036145
19401 0.036157
19402 0.035638
19403 0.032594
19410 0.029294
19411 0.027784
19412 0.030308
19413 0.029644
19416 0.028833
19417 0.029336
19420 0.030710
19421 0.031178
19422 0.034920
19423 0.034896
19424 0.038543
19425 0.037430
19426 0.041063
19427 0.045801
19464 0.047584
19465 0.047599
19466 0.051242
19467 0.054813
19468 0.055103
19469 0.054414
19471 0.053988
19473 0.053254
19474 0.053691
19475 0.056113
19476 0.055708
19477 0.056669
19478 0.056239
19479 0.054356
19480 0.054234
19482 0.054871
19485 0.053978
19487 0.052524
19488 0.049230
19489 0.046158
19490 0.045233
19491 0.042599
19492 0.041958
19493 0.039012
19494 0.034373
19495 0.032593
19496 0.031563
19497 0.027862
19499 0.025034
19500 0.024469
19501 0.024556
19502 0.024960
19503 0.022276
19504 0.023190
19508 0.020980
19509 0.021551
19510 0.022061
19511 0.022222
19519 0.022019
19520 0.021661
19521 0.020858
19522 0.021038
19523 0.020753
19524 0.020524
19525 0.020218
19526 0.021192
19527 0.021697
19528 0.023068
19529 0.024293
19530 0.024677
19531 0.024383
19533 0.024147
19534 0.024727
19535 0.024438
19536 0.025776
19537 0.025644
19538 0.024125
19539 0.024008
19541 0.022482
19542 0.022301
19543 0.021593
19544 0.020070
19545 0.020861
19546 0.021497
19547 0.022436
19548 0.026671
19549 0.027344
19550 0.029634
19551 0.030709
19554 0.031219
19703 0.033410
19705 0.032611
20118 0.036615
20648 0.041545
20916 0.041114
21034 0.043826
21037 0.045829
21038 0.051470
21186 0.058848
21272 0.069326
21561 0.070250
22031 0.071393
22680 0.072355
22844 0.072778
23336 0.072240
24181 0.073049
24265 0.073755
24414 0.072819
24434 0.075054
24647 0.075052
24649 0.072421
24650 0.074951
24651 0.076352
24658 0.075266
24659 0.074954
24660 0.072745
24661 0.072449
24662 0.066286
24663 0.060569
24664 0.062057
24665 0.059766
24666 0.058855
24667 0.054498
24668 0.050766
24669 0.038957
24671 0.036582
24672 0.040425
24673 0.047998
24674 0.051684
24675 0.053225
24679 0.053137
24681 0.053424
24682 0.053493
24683 0.053133
24684 0.053036
24685 0.050465
24686 0.048636
24687 0.048292
24688 0.051404
24689 0.052360
24690 0.057036
24700 0.056908
24701 0.058054
24702 0.058219
24703 0.058868
24704 0.059038
24705 0.059404
24707 0.058119
24708 0.054628
24709 0.054592
24710 0.058300
24712 0.053833
24713 0.046836
24714 0.048768
24715 0.051815
24716 0.051744
24717 0.051789
24718 0.054273
24719 0.055600
24764 0.054846
24765 0.055537
24766 0.054441
24767 0.052505
24768 0.053471
24808 0.052969
24811 0.048902
24849 0.048594
