805 0.079129
807 0.070930
813 0.065979
814 0.060106
815 0.056087
816 0.051880
829 0.049000
864 0.048263
879 0.052314
880 0.054068
888 0.058998
889 0.059180
890 0.058868
891 0.058326
892 0.057586
893 0.056799
894 0.052136
895 0.048953
896 0.047963
899 0.048960
900 0.049355
901 0.047669
903 0.047177
904 0.047837
907 0.047783
908 0.048100
909 0.048087
910 0.048256
911 0.048850
912 0.049613
948 0.049665
949 0.047950
951 0.047750
952 0.043099
953 0.040472
961 0.035598
962 0.035644
965 0.037106
998 0.037976
999 0.037978
1000 0.038481
1001 0.040851
1004 0.043223
1006 0.043723
1007 0.044690
1017 0.043852
1018 0.042502
1026 0.043992
1027 0.042260
1029 0.040766
1030 0.041177
1033 0.041862
1034 0.043218
1035 0.045355
1041 0.047405
1044 0.047413
1054 0.056817
1084 0.062987
1335 0.066909
1370 0.068387
1385 0.069494
1490 0.070009
1538 0.071806
1638 0.072334
1740 0.074425
1896 0.077912
1898 0.081084
1941 0.081114
1943 0.080811
1948 0.080987
2071 0.080933
2089 0.083135
2090 0.081912
2091 0.083195
2092 0.083280
2095 0.083234
2096 0.082785
2097 0.081187
2098 0.077775
2099 0.074385
2103 0.073948
2104 0.065011
2107 0.061695
2108 0.059890
2109 0.060131
2110 0.060117
2111 0.060604
2112 0.060239
2113 0.061158
2114 0.061246
2116 0.059559
2117 0.058031
2118 0.058897
2140 0.062009
2141 0.060523
2146 0.061513
2147 0.059449
2301 0.060771
2302 0.059854
2303 0.059108
2341 0.062041
2342 0.062453
2343 0.062565
2344 0.063205
2345 0.064035
2347 0.064222
2348 0.065298
2349 0.065053
2379 0.074155
2404 0.078294
2409 0.079478
2410 0.079060
2411 0.077866
2418 0.076577
2420 0.075168
2421 0.072817
2422 0.070341
2423 0.068629
2424 0.065172
2425 0.063778
2426 0.063761
2427 0.065363
2428 0.063733
2429 0.063967
2430 0.064879
2431 0.061099
2432 0.060367
2433 0.060183
2434 0.059485
2435 0.058537
2465 0.058630
2476 0.061168
2488 0.059024
2489 0.047556
2491 0.041878
2492 0.039065
2494 0.037786
2495 0.036190
2522 0.039623
2545 0.042876
2553 0.045887
2554 0.045974
2555 0.044839
2556 0.043570
2557 0.042598
2558 0.041321
2563 0.040246
2577 0.044862
2578 0.046119
2581 0.048689
2582 0.050004
2583 0.050973
2584 0.052115
2841 0.053404
2842 0.053269
2843 0.052460
2844 0.048228
2919 0.051440
2920 0.054511
2921 0.056894
2922 0.060355
2923 0.061038
2924 0.061681
2925 0.058860
2928 0.056306
2929 0.053161
2930 0.052386
2931 0.054254
2952 0.056117
2953 0.058426
2954 0.060898
2955 0.063964
2956 0.060609
2957 0.059572
3049 0.055809
3050 0.054130
3051 0.053748
3052 0.053409
3053 0.053079
3054 0.053478
3055 0.053916
3056 0.054378
3308 0.053573
3366 0.053287
3367 0.051385
3368 0.047669
3369 0.046138
3370 0.044942
3371 0.043001
3372 0.041477
3410 0.043508
3411 0.044522
3412 0.043409
3413 0.043484
3415 0.042439
3467 0.041571
3468 0.038502
3479 0.046502
3540 0.050734
3560 0.053323
3583 0.053954
3589 0.057356
3756 0.057811
3759 0.058575
3991 0.059665
3993 0.059797
4039 0.062597
4098 0.064195
4130 0.067216
4175 0.067997
4178 0.069050
4208 0.071851
4210 0.074184
4211 0.077096
4214 0.079134
4216 0.078851
4218 0.078329
4220 0.078156
4223 0.077513
4225 0.078635
4236 0.077637
4237 0.077075
4238 0.066096
4239 0.061509
4240 0.062009
4243 0.064939
4244 0.064381
4245 0.065938
4246 0.066789
4248 0.066004
4249 0.066420
4252 0.064052
4253 0.060180
4254 0.055976
4259 0.055158
4265 0.055000
4266 0.053937
4267 0.053685
4270 0.051544
4271 0.049809
4272 0.048070
4274 0.050041
4275 0.051228
4286 0.053648
4291 0.055942
4294 0.057680
4295 0.059416
4298 0.060557
4299 0.060187
4302 0.057599
4303 0.053529
4312 0.050661
4317 0.050149
4336 0.049742
4338 0.049082
4339 0.047568
4341 0.047231
4342 0.047790
4344 0.047031
4346 0.046658
4347 0.046567
4350 0.044928
4351 0.042745
4352 0.042199
4356 0.044411
4367 0.047453
4370 0.046909
4371 0.046539
4372 0.044166
4373 0.040603
4374 0.039144
4375 0.039585
4378 0.040902
4387 0.045507
4390 0.045976
4391 0.046501
4400 0.047378
4401 0.046042
4404 0.043401
4405 0.043070
4423 0.043712
4424 0.043406
4428 0.042903
4429 0.043589
4430 0.044477
4431 0.044983
4432 0.048888
4433 0.051324
4434 0.053084
4435 0.052582
4438 0.049849
4439 0.047725
4442 0.047175
4460 0.047002
4461 0.045924
4462 0.045260
4463 0.043853
4464 0.043227
4476 0.040816
4477 0.041910
4499 0.042079
4503 0.041884
4504 0.040781
4505 0.041021
4506 0.041232
4507 0.041429
4516 0.042260
4517 0.042578
4520 0.042371
4522 0.041688
4523 0.040708
4526 0.038303
4527 0.038007
4528 0.039003
4531 0.037817
4533 0.037593
4534 0.037480
4535 0.037186
4542 0.036265
4543 0.036878
4546 0.037771
4547 0.037899
4580 0.039741
4692 0.039403
4757 0.039563
4760 0.039377
4761 0.037524
4762 0.037139
4763 0.037154
4764 0.036978
4765 0.036613
4766 0.035768
4782 0.036895
4783 0.036707
4784 0.036386
4785 0.036331
4786 0.035074
4787 0.033971
4788 0.033393
4797 0.032598
4799 0.032291
4800 0.031937
4801 0.031346
4814 0.033481
4815 0.035659
4850 0.038491
4856 0.038364
4857 0.035904
4858 0.035091
5059 0.036210
5069 0.042031
5137 0.042769
5139 0.043377
5291 0.043514
5391 0.046740
5564 0.050962
5946 0.053066
6273 0.055755
6330 0.058039
6476 0.064664
6515 0.065498
6535 0.073403
6580 0.082711
6627 0.084435
6709 0.086596
6710 0.087954
6730 0.091233
6738 0.095850
6772 0.096096
6789 0.094387
6855 0.091494
6856 0.092298
6863 0.092120
6866 0.091179
6867 0.088433
6869 0.082352
6870 0.082709
6873 0.082605
6875 0.083028
6876 0.081417
6877 0.077732
6878 0.077913
6879 0.075272
6880 0.073886
6881 0.068494
6882 0.069238
6883 0.062801
6884 0.054113
6886 0.052368
6951 0.052483
6952 0.051828
6953 0.048645
6954 0.043746
6967 0.043504
6968 0.044054
7064 0.046761
7066 0.049014
7068 0.051163
7069 0.052398
7070 0.053233
7071 0.054043
7072 0.054557
7073 0.056228
7074 0.057936
7075 0.059910
7076 0.062806
7077 0.063465
7078 0.063914
7130 0.065189
7565 0.068386
7869 0.071430
8012 0.076643
8031 0.079193
8542 0.080982
8865 0.086347
9114 0.088653
9315 0.091538
9318 0.095512
10054 0.094765
10497 0.094134
10616 0.091126
10618 0.088366
10684 0.088999
10685 0.089715
10687 0.090205
10688 0.090537
10689 0.090453
10690 0.090200
10691 0.089021
10697 0.085168
10698 0.081518
10699 0.078151
10700 0.075584
10701 0.072514
10702 0.068137
10703 0.063746
10704 0.057259
10705 0.053034
10706 0.048814
10707 0.040932
10708 0.037689
10709 0.034751
10717 0.036386
10721 0.037840
10722 0.038967
10723 0.042498
10724 0.044576
10725 0.041799
10801 0.039488
10892 0.039439
10893 0.039260
10986 0.039873
11028 0.040913
11060 0.040742
11061 0.040815
11075 0.042638
11080 0.046218
11133 0.049924
11295 0.050800
11405 0.051057
11412 0.054038
11422 0.058107
11468 0.062987
11469 0.066635
11474 0.069080
11475 0.070270
11490 0.070902
11491 0.065499
11492 0.062597
11493 0.061301
11494 0.057420
11495 0.054444
11496 0.053574
11497 0.053234
11510 0.052403
11511 0.051609
11512 0.049886
11513 0.047491
11514 0.047030
11517 0.050396
11518 0.051469
11519 0.050889
11520 0.049607
11521 0.050455
11523 0.051562
11524 0.049334
11525 0.045520
11526 0.040971
11532 0.045624
11598 0.046229
11728 0.049082
11764 0.051677
11792 0.054002
11803 0.055473
12026 0.056156
12139 0.056272
12210 0.056437
12221 0.057404
12395 0.057278
12396 0.056238
12397 0.055819
12398 0.057126
12399 0.058229
12401 0.059040
12403 0.057034
12404 0.054577
12405 0.051844
12410 0.050392
12411 0.049480
12413 0.052555
12414 0.056001
12415 0.058993
12438 0.059942
12439 0.052475
12440 0.050048
12453 0.046479
12454 0.043195
12455 0.040678
12456 0.040527
12457 0.039951
12458 0.040068
12459 0.039986
12460 0.038689
12461 0.038534
12462 0.038368
12464 0.041448
12465 0.041892
12472 0.041796
12473 0.041715
12475 0.040996
12477 0.042612
12478 0.043850
12479 0.043809
12480 0.044303
12481 0.040086
12482 0.036088
12483 0.032945
12484 0.032117
12488 0.032707
12489 0.032817
12523 0.036223
12531 0.036190
12532 0.036025
12533 0.034394
12556 0.034544
12558 0.033632
12559 0.033023
12560 0.032824
12561 0.033661
12562 0.034607
12563 0.031772
12564 0.029635
12592 0.029342
12594 0.028670
12595 0.028612
12596 0.026430
12597 0.024964
12598 0.024123
12620 0.022814
12621 0.022345
12622 0.022024
12623 0.021715
12624 0.021656
12626 0.020354
12634 0.021406
12635 0.017764
12637 0.017927
12638 0.017992
12640 0.018105
12641 0.018243
12643 0.018958
12644 0.019498
12651 0.021172
12652 0.022117
12654 0.023595
12655 0.024824
12666 0.025739
12698 0.025962
12699 0.025291
12700 0.024627
12701 0.024584
12702 0.024561
12711 0.025744
12712 0.026648
12713 0.027303
12714 0.027555
12736 0.028186
12737 0.028614
12767 0.029596
12768 0.028829
12769 0.029445
12770 0.029698
12853 0.031184
12854 0.032397
12855 0.032310
12856 0.032296
12857 0.032122
12873 0.030413
12874 0.028589
12875 0.026055
12876 0.024211
12891 0.023369
12892 0.021530
12893 0.021156
12894 0.020726
12895 0.020495
12896 0.020071
12922 0.021585
12923 0.021359
12924 0.020702
12925 0.020171
12926 0.019618
12927 0.019313
12930 0.018715
12931 0.017946
12932 0.017263
12933 0.016544
12934 0.015304
12937 0.015060
12950 0.014467
12951 0.014007
12961 0.014912
12964 0.015536
12966 0.015937
12967 0.016350
12968 0.016551
12973 0.017081
12974 0.017919
12975 0.019126
13016 0.021368
13017 0.022851
13018 0.023883
13019 0.022582
13030 0.023127
13033 0.025089
13036 0.026302
13043 0.028274
13088 0.028998
13089 0.029262
13092 0.029938
13093 0.030439
13112 0.031066
13114 0.030971
13115 0.030148
13116 0.029630
13117 0.029768
13119 0.028755
13120 0.028253
13122 0.027883
13123 0.030811
13124 0.034085
13127 0.033239
13128 0.032519
13129 0.031368
13131 0.030213
13132 0.029432
13145 0.029041
13146 0.027758
13150 0.026387
13151 0.024162
13152 0.022716
13153 0.023170
13154 0.023847
13156 0.024317
13160 0.026975
13244 0.030195
13248 0.030388
13249 0.030649
13250 0.030681
13251 0.030651
13252 0.031333
13253 0.031883
13254 0.032788
13255 0.033216
13256 0.030692
13257 0.028722
13264 0.028876
13265 0.028752
13266 0.028771
13309 0.028316
13321 0.031115
13322 0.032919
13323 0.034753
13325 0.036294
13326 0.037509
13327 0.038062
13328 0.035798
13329 0.034432
13332 0.034021
13333 0.031000
13347 0.029426
13348 0.029762
13351 0.030772
13352 0.031288
13353 0.031667
13354 0.030952
13355 0.030924
13358 0.032409
13359 0.033772
13361 0.033646
13362 0.032650
13372 0.032599
13373 0.032754
13374 0.033382
13375 0.033216
13381 0.031512
13382 0.030218
13385 0.028758
13386 0.027592
13388 0.026918
13389 0.027344
13390 0.028369
13391 0.029322
13392 0.029639
13393 0.030057
13455 0.029461
13456 0.029160
13457 0.028086
13458 0.027591
13479 0.027610
13480 0.027106
13481 0.026419
13482 0.024112
13485 0.023268
13486 0.022771
13487 0.022438
13522 0.022836
13523 0.022933
13524 0.022616
13525 0.022313
13618 0.024847
13620 0.026327
13622 0.027187
13654 0.030217
13655 0.031679
13657 0.032273
13659 0.031913
13660 0.031458
13663 0.032747
13664 0.033397
13854 0.032760
13880 0.032899
13888 0.034779
13966 0.035992
14207 0.036072
14223 0.038638
14242 0.040466
14250 0.042773
14251 0.043588
14252 0.044955
14253 0.047453
14254 0.048450
14255 0.049303
14281 0.049849
14282 0.050433
14284 0.046705
14285 0.044483
14292 0.043552
14293 0.040564
14294 0.038875
14295 0.038045
14296 0.037140
14298 0.036425
14299 0.034048
14300 0.034915
14301 0.035666
14302 0.036289
14303 0.035240
14304 0.034626
14305 0.034983
14306 0.033093
14307 0.031652
14325 0.030106
14326 0.029091
14327 0.028161
14386 0.026026
14387 0.024747
14388 0.023794
14411 0.024372
14412 0.024620
14413 0.024907
14433 0.027893
14434 0.030417
14435 0.031858
14436 0.033592
14437 0.034221
14438 0.034931
14439 0.035530
14440 0.036774
14447 0.036099
14448 0.035665
14459 0.035155
14460 0.034944
14461 0.035483
14462 0.035350
14464 0.035306
14540 0.036018
14556 0.035306
14601 0.036536
14620 0.037161
14621 0.037560
14622 0.037799
14628 0.039296
14629 0.039314
14634 0.039513
14635 0.039668
14645 0.037779
14646 0.035649
14647 0.035702
14648 0.034933
14650 0.033950
14651 0.033274
14655 0.034842
14658 0.034154
14660 0.032856
14666 0.033161
14667 0.033226
14668 0.032896
14669 0.032199
14670 0.032263
14671 0.032077
14672 0.031225
14706 0.031670
14707 0.030261
14714 0.030577
14715 0.030407
14716 0.030174
14723 0.028982
14724 0.027986
14725 0.027197
14740 0.026889
14773 0.026516
14774 0.025917
14775 0.024234
14776 0.023433
14777 0.023573
14778 0.023650
14794 0.022585
14795 0.022837
14841 0.023645
14842 0.022930
14843 0.022731
14845 0.022393
14846 0.022182
14847 0.021589
14848 0.021284
14891 0.022456
14892 0.022655
14893 0.022624
14894 0.021404
14895 0.021017
14896 0.021316
14897 0.021278
14916 0.021420
14917 0.021628
14918 0.021459
14919 0.020821
14920 0.020537
14921 0.020364
14922 0.019944
14923 0.019619
14924 0.019342
14925 0.018034
14926 0.017219
14929 0.015970
14930 0.015062
14931 0.014016
14932 0.013400
14933 0.012691
14934 0.012586
14936 0.012900
14937 0.011946
14938 0.011418
14939 0.011072
14940 0.010955
14941 0.010815
14942 0.010375
14943 0.010004
14944 0.009486
14946 0.008908
14947 0.008387
14948 0.007901
14949 0.007601
14950 0.007512
14951 0.007403
14952 0.007181
14953 0.007245
14955 0.007636
14956 0.007983
14957 0.008354
14958 0.008860
14965 0.010305
14967 0.011720
14968 0.013106
14971 0.014017
14972 0.013894
14975 0.013579
15133 0.014455
15145 0.017669
15167 0.018193
15208 0.018340
15294 0.019343
15309 0.020354
15373 0.021028
15422 0.023263
15531 0.024160
15851 0.025289
15917 0.028812
16040 0.029886
16100 0.030710
16130 0.032867
16137 0.034589
16138 0.035587
16139 0.036620
16140 0.037322
16141 0.037774
16142 0.037533
16149 0.038366
16150 0.038930
16154 0.038572
16155 0.038577
16156 0.038511
16157 0.037436
16158 0.034404
16159 0.034144
16164 0.036112
16168 0.037905
16169 0.038665
16171 0.039178
16173 0.037674
16175 0.037361
16176 0.036960
16177 0.034129
16178 0.033585
16183 0.034427
16185 0.033688
16186 0.033463
16188 0.033776
16191 0.034318
16192 0.034176
16193 0.033699
16194 0.032555
16195 0.030423
16196 0.028498
16197 0.027759
16198 0.027504
16216 0.028788
16217 0.029442
16218 0.029821
16219 0.030038
16220 0.029921
16223 0.027589
16224 0.026790
16228 0.026151
16231 0.026911
16233 0.027920
16254 0.027606
16255 0.027398
16258 0.027511
16259 0.026464
16260 0.025682
16270 0.024790
16271 0.024167
16272 0.023665
16273 0.024847
16276 0.025027
16312 0.027220
16314 0.028279
16315 0.028773
16316 0.029416
16317 0.029621
16318 0.028807
16319 0.028955
16322 0.028586
16323 0.028312
16325 0.027906
16326 0.027866
16327 0.030559
16346 0.030553
16347 0.029904
16348 0.029589
16406 0.029641
16409 0.030736
16410 0.030724
16411 0.030268
16426 0.030506
16427 0.030672
16430 0.031598
16431 0.031372
16436 0.029963
16438 0.030124
16439 0.030049
16440 0.030539
16441 0.031318
16442 0.031804
16445 0.033518
16446 0.033520
16447 0.033024
16450 0.033820
16451 0.034640
16455 0.032940
16459 0.032709
16460 0.030042
16482 0.030412
16483 0.030185
16484 0.029973
16500 0.029858
16527 0.029219
16528 0.030005
16529 0.032623
16530 0.035899
16533 0.036970
16538 0.035506
16540 0.036508
16560 0.039898
16572 0.040071
16573 0.038465
16576 0.038718
16609 0.040810
16707 0.044672
16787 0.043838
16853 0.045188
16906 0.046168
16952 0.048370
16984 0.048122
16992 0.050235
16993 0.052299
16994 0.053925
16995 0.054188
16996 0.055381
17019 0.056243
17020 0.057928
17021 0.059657
17024 0.061148
17027 0.058636
17028 0.054931
17029 0.053622
17032 0.054603
17033 0.053648
17034 0.050745
17036 0.050543
17038 0.050502
17039 0.049132
17040 0.046992
17041 0.043546
17042 0.045630
17045 0.044797
17047 0.044274
17048 0.041818
17051 0.044024
17052 0.042873
17054 0.041638
17055 0.039546
17056 0.038652
17057 0.037247
17060 0.035636
17061 0.033828
17062 0.031420
17063 0.029358
17067 0.032079
17070 0.033610
17087 0.035863
17088 0.035516
17089 0.034936
17091 0.035426
17094 0.035885
17100 0.037827
17101 0.039210
17102 0.040419
17103 0.041729
17104 0.038747
17105 0.038214
17108 0.037794
17109 0.038395
17110 0.038196
17209 0.037917
17210 0.036991
17211 0.036723
17212 0.037223
17213 0.038127
17215 0.038902
17216 0.039629
17219 0.041702
17220 0.041785
17225 0.039936
17228 0.039413
17229 0.036828
17230 0.035749
17231 0.035364
17255 0.034006
17256 0.032967
17259 0.030649
17260 0.029172
17263 0.027057
17264 0.024819
17271 0.025042
17273 0.024604
17274 0.024481
17277 0.022964
17287 0.020928
17288 0.020898
17291 0.022150
17292 0.022701
17293 0.022561
17294 0.022210
17295 0.022554
17296 0.022824
17297 0.022016
17314 0.022494
17317 0.022650
17318 0.021571
17321 0.022581
17322 0.023024
17323 0.023813
17366 0.024003
17367 0.024040
17368 0.024532
17371 0.025569
17372 0.026365
17373 0.026545
17374 0.026534
17375 0.027218
17376 0.029403
17377 0.033826
17378 0.038765
17379 0.042463
17381 0.047859
17386 0.051506
17387 0.054631
17392 0.062365
17401 0.063182
18324 0.068475
18915 0.077012
19127 0.083213
19498 0.083213
19540 0.084837
19696 0.088672
19848 0.094311
19852 0.097950
19885 0.101892
19894 0.106850
19948 0.108594
20259 0.109406
20320 0.108527
20322 0.107793
20323 0.107499
20324 0.107487
20325 0.106903
20329 0.103604
20330 0.098756
20331 0.095361
20335 0.089158
20336 0.085071
20337 0.081796
20340 0.073881
20342 0.073925
20345 0.067775
20346 0.058281
20347 0.051366
20348 0.051074
20351 0.049784
20352 0.047457
20353 0.042627
20354 0.038638
20356 0.035674
20357 0.030982
20358 0.028685
20360 0.028320
20361 0.029400
20441 0.030600
20442 0.030484
20443 0.029513
20444 0.027771
20445 0.027241
20467 0.027561
20468 0.027018
20469 0.026498
20471 0.026191
20472 0.025975
20473 0.025947
20474 0.024371
20475 0.025898
20476 0.027321
20588 0.027283
20590 0.026696
20591 0.026710
20592 0.024473
20593 0.024213
20594 0.023997
20595 0.023175
20639 0.022504
20640 0.022376
20641 0.020523
20642 0.019237
20643 0.017978
20644 0.018027
20645 0.018528
20646 0.018906
20647 0.018810
20649 0.017931
20650 0.017683
20651 0.017716
20652 0.017849
20653 0.017915
20654 0.017731
20655 0.017283
20656 0.015671
20817 0.015259
20818 0.015519
20819 0.016081
20820 0.015845
20821 0.015829
20822 0.015027
20823 0.015390
20833 0.015308
20858 0.018818
20859 0.021187
20860 0.022689
20861 0.023807
20862 0.024237
20865 0.025685
20895 0.027812
20977 0.028810
20998 0.029803
21001 0.030526
21029 0.032566
21129 0.032810
21147 0.033459
21222 0.035668
21292 0.036960
21319 0.038397
21341 0.040117
21423 0.039442
21424 0.038761
21433 0.038865
21434 0.038862
21440 0.040972
21441 0.041977
21442 0.042647
21443 0.043058
21444 0.040814
21445 0.039670
21446 0.039637
21453 0.038631
21454 0.038244
21455 0.036999
21456 0.034880
21464 0.033237
21465 0.031747
21466 0.030618
21469 0.029769
21470 0.030625
21471 0.031062
21474 0.029051
21475 0.027642
21479 0.026219
21480 0.024650
21483 0.024915
21484 0.025072
21488 0.025132
21490 0.026703
21493 0.028685
21494 0.030001
21512 0.028888
21513 0.028143
21660 0.028379
21661 0.027568
21741 0.028091
21746 0.029537
21799 0.031233
22009 0.031222
22284 0.031225
22285 0.031758
22286 0.032250
22302 0.034174
22314 0.032887
22315 0.031644
22318 0.030598
22321 0.030603
22323 0.031006
22324 0.031861
22325 0.032295
22326 0.032510
22327 0.034015
22347 0.034528
22348 0.033455
22349 0.029401
22354 0.027126
22356 0.027075
22360 0.028497
22365 0.027565
22366 0.027296
22367 0.025329
22368 0.023788
22369 0.022175
22370 0.022013
22379 0.022133
22380 0.022324
22381 0.022540
22386 0.021973
22392 0.023349
22393 0.024949
22394 0.026525
22395 0.028875
22502 0.029133
22504 0.028865
23226 0.029620
23258 0.029524
23260 0.028399
23317 0.028245
23318 0.028578
23322 0.028974
23323 0.029323
23776 0.030788
23777 0.029715
23778 0.029553
23779 0.029750
23780 0.030364
23804 0.031568
23816 0.035224
23817 0.036576
23818 0.036400
23819 0.035919
23821 0.035309
23822 0.034131
23823 0.032864
23824 0.031278
23825 0.029795
23841 0.028850
23842 0.028794
23844 0.028598
23845 0.027973
23846 0.027622
23853 0.028523
23854 0.027699
23855 0.026825
23857 0.026260
23858 0.026194
23918 0.026196
23925 0.026333
23926 0.026417
23927 0.026439
23928 0.027598
23929 0.026752
23953 0.024276
23954 0.022918
23996 0.024635
24002 0.025916
24041 0.026640
24042 0.026447
24043 0.026418
24045 0.026469
24065 0.030424
24101 0.031187
24118 0.030842
24119 0.030776
24120 0.030778
24124 0.030175
24125 0.028556
24126 0.028210
24129 0.029501
24131 0.030167
24134 0.031041
24135 0.029990
24136 0.029847
24139 0.031205
24142 0.031622
24145 0.030756
24148 0.031257
24149 0.031538
24150 0.033007
24151 0.032207
24157 0.031495
24158 0.031252
24159 0.031862
24160 0.032727
24161 0.034589
24168 0.032164
24174 0.031317
24175 0.031786
24213 0.033121
24218 0.032905
24219 0.033059
24222 0.033405
24223 0.033323
24224 0.032246
24232 0.033219
24233 0.032065
24234 0.031362
24235 0.030945
24236 0.029463
24240 0.028751
24252 0.028285
24253 0.027950
24256 0.026603
24259 0.027836
24261 0.027895
24262 0.028797
24273 0.029781
24276 0.030614
24277 0.030465
24281 0.028803
24282 0.027086
24283 0.025447
24284 0.024933
24285 0.023540
24318 0.024288
24319 0.024230
24320 0.024142
24341 0.024471
24342 0.023957
24343 0.021809
24344 0.021498
24348 0.022304
24349 0.022839
24352 0.023213
24353 0.023777
24355 0.023504
24356 0.023886
24359 0.026930
24362 0.024879
24363 0.023626
24364 0.022564
24367 0.021786
24368 0.020626
24369 0.020061
24370 0.020018
24371 0.020989
24372 0.022411
24377 0.022459
24378 0.022398
24383 0.024410
24386 0.025562
24387 0.026434
24388 0.026552
24389 0.026857
24390 0.027429
24391 0.027634
24392 0.027375
24393 0.027202
24394 0.027516
24395 0.028265
24396 0.029310
24397 0.029370
24398 0.026832
24399 0.026851
24400 0.028148
24401 0.030292
24402 0.031173
24505 0.032710
24506 0.033593
24507 0.034193
24508 0.033976
24509 0.034136
24510 0.034912
24513 0.035919
24514 0.033536
24516 0.032633
24517 0.032079
24518 0.032559
24567 0.033271
24568 0.033762
24569 0.034160
24571 0.034316
24572 0.034358
24573 0.033830
24575 0.032865
24584 0.032844
24585 0.033069
24586 0.033251
24587 0.033394
24588 0.033084
24589 0.031322
24590 0.030439
24606 0.030169
24608 0.029881
24609 0.029870
24636 0.031839
24637 0.031741
24640 0.032710
24642 0.033589
24731 0.033223
24732 0.033013
24733 0.032676
24734 0.031765
24735 0.030655
24737 0.030418
24738 0.030837
24739 0.031659
24742 0.032114
24743 0.032392
24744 0.032700
24745 0.032089
24746 0.031634
24748 0.031373
24749 0.031124
24750 0.030838
24751 0.030919
24752 0.032038
24753 0.032316
24754 0.032635
24755 0.032662
24957 0.032041
24958 0.031576
24959 0.029950
24960 0.028757
