805 0.045966
807 0.042829
813 0.038577
814 0.038345
815 0.036339
816 0.034333
829 0.035547
864 0.034935
879 0.033126
880 0.033997
888 0.033229
889 0.030737
890 0.030230
891 0.030292
892 0.029005
893 0.028144
894 0.027924
895 0.028120
896 0.026191
899 0.025754
900 0.025549
901 0.025215
903 0.025232
904 0.025741
907 0.025441
908 0.025743
909 0.025581
910 0.027234
911 0.025518
912 0.026731
948 0.026772
949 0.026000
951 0.029085
952 0.030694
953 0.029780
961 0.033021
962 0.033475
965 0.031969
998 0.034173
999 0.035678
1000 0.037553
1001 0.040284
1004 0.041750
1006 0.043662
1007 0.046113
1017 0.045942
1018 0.047022
1026 0.052951
1027 0.052587
1029 0.059924
1030 0.063749
1033 0.061074
1034 0.060273
1035 0.062135
1041 0.062551
1044 0.061206
1054 0.060715
1084 0.058901
1335 0.058324
1370 0.059950
1385 0.057298
1490 0.056101
1538 0.056501
1638 0.054679
1740 0.057827
1896 0.058158
1898 0.059080
1941 0.062468
1943 0.066615
1948 0.082112
2071 0.091109
2089 0.092492
2090 0.087573
2091 0.089704
2092 0.083041
2095 0.078972
2096 0.079285
2097 0.077865
2098 0.079459
2099 0.077678
2103 0.077690
2104 0.077743
2107 0.077250
2108 0.081774
2109 0.081360
2110 0.080136
2111 0.083592
2112 0.084488
2113 0.084005
2114 0.079416
2116 0.081253
2117 0.084020
2118 0.083553
2140 0.077509
2141 0.059996
2146 0.050274
2147 0.048395
2301 0.047316
2302 0.045827
2303 0.049864
2341 0.052347
2342 0.052162
2343 0.055026
2344 0.051061
2345 0.051129
2347 0.050914
2348 0.050498
2349 0.053072
2379 0.046551
2404 0.045651
2409 0.046436
2410 0.044955
2411 0.043926
2418 0.044012
2420 0.044813
2421 0.040587
2422 0.036625
2423 0.037572
2424 0.044355
2425 0.045250
2426 0.045314
2427 0.044527
2428 0.047159
2429 0.061391
2430 0.063041
2431 0.063813
2432 0.063137
2433 0.060861
2434 0.064908
2435 0.067891
2465 0.069250
2476 0.072093
2488 0.071058
2489 0.071065
2491 0.071483
2492 0.074050
2494 0.075062
2495 0.074134
2522 0.078329
2545 0.080077
2553 0.079797
2554 0.077532
2555 0.071720
2556 0.066048
2557 0.064468
2558 0.064684
2563 0.064466
2577 0.063406
2578 0.050282
2581 0.045528
2582 0.044058
2583 0.043768
2584 0.045484
2841 0.041737
2842 0.040409
2843 0.041648
2844 0.045615
2919 0.044670
2920 0.045763
2921 0.044783
2922 0.042300
2923 0.040168
2924 0.043469
2925 0.038822
2928 0.036224
2929 0.036318
2930 0.037313
2931 0.039255
2952 0.038454
2953 0.039310
2954 0.039261
2955 0.042274
2956 0.044800
2957 0.045227
3049 0.044846
3050 0.047505
3051 0.049474
3052 0.048778
3053 0.055124
3054 0.059884
3055 0.058991
3056 0.053589
3308 0.053287
3366 0.051872
3367 0.055492
3368 0.061305
3369 0.060717
3370 0.059565
3371 0.062297
3372 0.063005
3410 0.063391
3411 0.064019
3412 0.071313
3413 0.071881
3415 0.071402
3467 0.071818
3468 0.069196
3479 0.065481
3540 0.065217
3560 0.066464
3583 0.062145
3589 0.062275
3756 0.061086
3759 0.055213
3991 0.048769
3993 0.052688
4039 0.051501
4098 0.054706
4130 0.055588
4175 0.052565
4178 0.046572
4208 0.047953
4210 0.048344
4211 0.046605
4214 0.045847
4216 0.047815
4218 0.046231
4220 0.039058
4223 0.038632
4225 0.039754
4236 0.038778
4237 0.039598
4238 0.040464
4239 0.039614
4240 0.038841
4243 0.039460
4244 0.037485
4245 0.038239
4246 0.038063
4248 0.038535
4249 0.032945
4252 0.034105
4253 0.029843
4254 0.029319
4259 0.032236
4265 0.032649
4266 0.032444
4267 0.030547
4270 0.029926
4271 0.030799
4272 0.027870
4274 0.028253
4275 0.028367
4286 0.028176
4291 0.027037
4294 0.027386
4295 0.028138
4298 0.028279
4299 0.027811
4302 0.026295
4303 0.027336
4312 0.029345
4317 0.028804
4336 0.029127
4338 0.028741
4339 0.029599
4341 0.029617
4342 0.029283
4344 0.029507
4346 0.029967
4347 0.031170
4350 0.030330
4351 0.031310
4352 0.034671
4356 0.033608
4367 0.033619
4370 0.033999
4371 0.031689
4372 0.033768
4373 0.034314
4374 0.034069
4375 0.033050
4378 0.032039
4387 0.032515
4390 0.032656
4391 0.032815
4400 0.032214
4401 0.032960
4404 0.033166
4405 0.033092
4423 0.034033
4424 0.032818
4428 0.033986
4429 0.033498
4430 0.029994
4431 0.028911
4432 0.029688
4433 0.028341
4434 0.025428
4435 0.025072
4438 0.025343
4439 0.025499
4442 0.025473
4460 0.023010
4461 0.022681
4462 0.022721
4463 0.022159
4464 0.021633
4476 0.020922
4477 0.020925
4499 0.018928
4503 0.017877
4504 0.016809
4505 0.015486
4506 0.015750
4507 0.014807
4516 0.014858
4517 0.013648
4520 0.013346
4522 0.013212
4523 0.012060
4526 0.011002
4527 0.011918
4528 0.011029
4531 0.010729
4533 0.012381
4534 0.012719
4535 0.013758
4542 0.015421
4543 0.015070
4546 0.015151
4547 0.015407
4580 0.015959
4692 0.015821
4757 0.016091
4760 0.017665
4761 0.021416
4762 0.023332
4763 0.031148
4764 0.032417
4765 0.034352
4766 0.038996
4782 0.041443
4783 0.041336
4784 0.042178
4785 0.044111
4786 0.049085
4787 0.049747
4788 0.055306
4797 0.055349
4799 0.055274
4800 0.057672
4801 0.057498
4814 0.057924
4815 0.060899
4850 0.064934
4856 0.068286
4857 0.070617
4858 0.071933
5059 0.072078
5069 0.073909
5137 0.071442
5139 0.069750
5291 0.062548
5391 0.060999
5564 0.057976
5946 0.053771
6273 0.051749
6330 0.053228
6476 0.055967
6515 0.054914
6535 0.050200
6580 0.048763
6627 0.043734
6709 0.048151
6710 0.047406
6730 0.044099
6738 0.044534
6772 0.042505
6789 0.039943
6855 0.037804
6856 0.034943
6863 0.031576
6866 0.030989
6867 0.032090
6869 0.029231
6870 0.028009
6873 0.028415
6875 0.029374
6876 0.030463
6877 0.035561
6878 0.034763
6879 0.036170
6880 0.036977
6881 0.035060
6882 0.037267
6883 0.043836
6884 0.047486
6886 0.053874
6951 0.049631
6952 0.049807
6953 0.051312
6954 0.053821
6967 0.055232
6968 0.054784
7064 0.055831
7066 0.061141
7068 0.066655
7069 0.075071
7070 0.085422
7071 0.089564
7072 0.093041
7073 0.094062
7074 0.096196
7075 0.102189
7076 0.107070
7077 0.118361
7078 0.118858
7130 0.119497
7565 0.117683
7869 0.115469
8012 0.109277
8031 0.106227
8542 0.099984
8865 0.101269
9114 0.101617
9315 0.100988
9318 0.100765
10054 0.099867
10497 0.100166
10616 0.097622
10618 0.094780
10684 0.090868
10685 0.082535
10687 0.071484
10688 0.067029
10689 0.066012
10690 0.064855
10691 0.062530
10697 0.056002
10698 0.046758
10699 0.036701
10700 0.037626
10701 0.037513
10702 0.038257
10703 0.038418
10704 0.041668
10705 0.042765
10706 0.043274
10707 0.042627
10708 0.043408
10709 0.046210
10717 0.047505
10721 0.048605
10722 0.049970
10723 0.049437
10724 0.047199
10725 0.045613
10801 0.045806
10892 0.044651
10893 0.045135
10986 0.044525
11028 0.045313
11060 0.045666
11061 0.046696
11075 0.046253
11080 0.046861
11133 0.045537
11295 0.043993
11405 0.044266
11412 0.044689
11422 0.044020
11468 0.042634
11469 0.042975
11474 0.043464
11475 0.041318
11490 0.037826
11491 0.034279
11492 0.034099
11493 0.033650
11494 0.033546
11495 0.032707
11496 0.036464
11497 0.038612
11510 0.042244
11511 0.041695
11512 0.039275
11513 0.037775
11514 0.037669
11517 0.039222
11518 0.042778
11519 0.040952
11520 0.041306
11521 0.042462
11523 0.043482
11524 0.043739
11525 0.040529
11526 0.041933
11532 0.040346
11598 0.039934
11728 0.041420
11764 0.040534
11792 0.040866
11803 0.041436
12026 0.042582
12139 0.044242
12210 0.043467
12221 0.040261
12395 0.039676
12396 0.038671
12397 0.043432
12398 0.044186
12399 0.044150
12401 0.043592
12403 0.042592
12404 0.039057
12405 0.041775
12410 0.041866
12411 0.040626
12413 0.040272
12414 0.041751
12415 0.044871
12438 0.043170
12439 0.043181
12440 0.045018
12453 0.049785
12454 0.050299
12455 0.052602
12456 0.050767
12457 0.048361
12458 0.046567
12459 0.048229
12460 0.048101
12461 0.046124
12462 0.045427
12464 0.042114
12465 0.041763
12472 0.042220
12473 0.041247
12475 0.040636
12477 0.040338
12478 0.039162
12479 0.037350
12480 0.036759
12481 0.038580
12482 0.036813
12483 0.034881
12484 0.036704
12488 0.037316
12489 0.037036
12523 0.031195
12531 0.031547
12532 0.027455
12533 0.028557
12556 0.028691
12558 0.029757
12559 0.029843
12560 0.030122
12561 0.029811
12562 0.029373
12563 0.030641
12564 0.032918
12592 0.033198
12594 0.033467
12595 0.034485
12596 0.037319
12597 0.037570
12598 0.039569
12620 0.039476
12621 0.037816
12622 0.036645
12623 0.035808
12624 0.038268
12626 0.039244
12634 0.039122
12635 0.040191
12637 0.042059
12638 0.042840
12640 0.042331
12641 0.044049
12643 0.043761
12644 0.044352
12651 0.043735
12652 0.043458
12654 0.044920
12655 0.044484
12666 0.042711
12698 0.042355
12699 0.045031
12700 0.042450
12701 0.040095
12702 0.042213
12711 0.042649
12712 0.042817
12713 0.042183
12714 0.043525
12736 0.042963
12737 0.038799
12767 0.039190
12768 0.037592
12769 0.037945
12770 0.040778
12853 0.041321
12854 0.040643
12855 0.039967
12856 0.041996
12857 0.041813
12873 0.043314
12874 0.045713
12875 0.042896
12876 0.043046
12891 0.044046
12892 0.044589
12893 0.046649
12894 0.046983
12895 0.048383
12896 0.048198
12922 0.045267
12923 0.046788
12924 0.045666
12925 0.046605
12926 0.047854
12927 0.047543
12930 0.046860
12931 0.047574
12932 0.048358
12933 0.044865
12934 0.046519
12937 0.047608
12950 0.046332
12951 0.044048
12961 0.045656
12964 0.049265
12966 0.046852
12967 0.049121
12968 0.046385
12973 0.044906
12974 0.043912
12975 0.040413
13016 0.041846
13017 0.040127
13018 0.037163
13019 0.037542
13030 0.036170
13033 0.036396
13036 0.034133
13043 0.032865
13088 0.032897
13089 0.033005
13092 0.032227
13093 0.032089
13112 0.032038
13114 0.029527
13115 0.028958
13116 0.030815
13117 0.030821
13119 0.028139
13120 0.024442
13122 0.024193
13123 0.023074
13124 0.024296
13127 0.025611
13128 0.026109
13129 0.027210
13131 0.027644
13132 0.027915
13145 0.030698
13146 0.031306
13150 0.031473
13151 0.031994
13152 0.036504
13153 0.036988
13154 0.037685
13156 0.036640
13160 0.037064
13244 0.035187
13248 0.034075
13249 0.036551
13250 0.041945
13251 0.039873
13252 0.040904
13253 0.044696
13254 0.045470
13255 0.046678
13256 0.046477
13257 0.047900
13264 0.046237
13265 0.046652
13266 0.046142
13309 0.045326
13321 0.046232
13322 0.043525
13323 0.042704
13325 0.044247
13326 0.044386
13327 0.041750
13328 0.043124
13329 0.044841
13332 0.047357
13333 0.047760
13347 0.047513
13348 0.048568
13351 0.048308
13352 0.044613
13353 0.046285
13354 0.045241
13355 0.042096
13358 0.040453
13359 0.041862
13361 0.040928
13362 0.038646
13372 0.038756
13373 0.038059
13374 0.036762
13375 0.036908
13381 0.037336
13382 0.036797
13385 0.036465
13386 0.034253
13388 0.033476
13389 0.033088
13390 0.034536
13391 0.032032
13392 0.031414
13393 0.031232
13455 0.032525
13456 0.032123
13457 0.031505
13458 0.029372
13479 0.027894
13480 0.029071
13481 0.029908
13482 0.032008
13485 0.030588
13486 0.031744
13487 0.032208
13522 0.035169
13523 0.036621
13524 0.037738
13525 0.037077
13618 0.036206
13620 0.036598
13622 0.037234
13654 0.037280
13655 0.036930
13657 0.036866
13659 0.033889
13660 0.036408
13663 0.035122
13664 0.034503
13854 0.032850
13880 0.032915
13888 0.032674
13966 0.034717
14207 0.035209
14223 0.036754
14242 0.034718
14250 0.032664
14251 0.032034
14252 0.031977
14253 0.031945
14254 0.030812
14255 0.029780
14281 0.030059
14282 0.029815
14284 0.029325
14285 0.032067
14292 0.032813
14293 0.034584
14294 0.035262
14295 0.034577
14296 0.036036
14298 0.034136
14299 0.034101
14300 0.034897
14301 0.035600
14302 0.037142
14303 0.036491
14304 0.040560
14305 0.048121
14306 0.046835
14307 0.049878
14325 0.050835
14326 0.053007
14327 0.052431
14386 0.056193
14387 0.054234
14388 0.055674
14411 0.053639
14412 0.053089
14413 0.053297
14433 0.050871
14434 0.049823
14435 0.050204
14436 0.050310
14437 0.053084
14438 0.054171
14439 0.057578
14440 0.064905
14447 0.064494
14448 0.065955
14459 0.064623
14460 0.066849
14461 0.061197
14462 0.053314
14464 0.052651
14540 0.049644
14556 0.049855
14601 0.047588
14620 0.047184
14621 0.045860
14622 0.046196
14628 0.044634
14629 0.044769
14634 0.045401
14635 0.047384
14645 0.046517
14646 0.046865
14647 0.045563
14648 0.044920
14650 0.041284
14651 0.038381
14655 0.034456
14658 0.026581
14660 0.026078
14666 0.024282
14667 0.023456
14668 0.020243
14669 0.019769
14670 0.021743
14671 0.023786
14672 0.026733
14706 0.025305
14707 0.025984
14714 0.028234
14715 0.024957
14716 0.024898
14723 0.026065
14724 0.026996
14725 0.029658
14740 0.027274
14773 0.027730
14774 0.029537
14775 0.028959
14776 0.029427
14777 0.030949
14778 0.032110
14794 0.031928
14795 0.032542
14841 0.033543
14842 0.033870
14843 0.033394
14845 0.033823
14846 0.034900
14847 0.033005
14848 0.031287
14891 0.028085
14892 0.029505
14893 0.031139
14894 0.029385
14895 0.031542
14896 0.031394
14897 0.033891
14916 0.032904
14917 0.031583
14918 0.038284
14919 0.039295
14920 0.042170
14921 0.044488
14922 0.044567
14923 0.044778
14924 0.046694
14925 0.048512
14926 0.048294
14929 0.048941
14930 0.051593
14931 0.051215
14932 0.050666
14933 0.054528
14934 0.058601
14936 0.057775
14937 0.057703
14938 0.056391
14939 0.054527
14940 0.053938
14941 0.052249
14942 0.052472
14943 0.049392
14944 0.049680
14946 0.050745
14947 0.045123
14948 0.043813
14949 0.039793
14950 0.040225
14951 0.040443
14952 0.040320
14953 0.041055
14955 0.044565
14956 0.044327
14957 0.042473
14958 0.040984
14965 0.042165
14967 0.045268
14968 0.041085
14971 0.039255
14972 0.039941
14975 0.046156
15133 0.046030
15145 0.045706
15167 0.045888
15208 0.045526
15294 0.045456
15309 0.046178
15373 0.046351
15422 0.043431
15531 0.042867
15851 0.043772
15917 0.044324
16040 0.041111
16100 0.040801
16130 0.039252
16137 0.035943
16138 0.032043
16139 0.032917
16140 0.033165
16141 0.031858
16142 0.033063
16149 0.030237
16150 0.029545
16154 0.027620
16155 0.026101
16156 0.020229
16157 0.020650
16158 0.022074
16159 0.022440
16164 0.023069
16168 0.023167
16169 0.022077
16171 0.021745
16173 0.022021
16175 0.022360
16176 0.022149
16177 0.022403
16178 0.022683
16183 0.022488
16185 0.022458
16186 0.022598
16188 0.022154
16191 0.020827
16192 0.020164
16193 0.020618
16194 0.018418
16195 0.020816
16196 0.020999
16197 0.020263
16198 0.022161
16216 0.022475
16217 0.024258
16218 0.022524
16219 0.029856
16220 0.029926
16223 0.032910
16224 0.035751
16228 0.041901
16231 0.043374
16233 0.042939
16254 0.042646
16255 0.041034
16258 0.041033
16259 0.040743
16260 0.047329
16270 0.047717
16271 0.048084
16272 0.051966
16273 0.053657
16276 0.053209
16312 0.054714
16314 0.053384
16315 0.053283
16316 0.057337
16317 0.055550
16318 0.055678
16319 0.055741
16322 0.058174
16323 0.052899
16325 0.055013
16326 0.051752
16327 0.049372
16346 0.043087
16347 0.044163
16348 0.046062
16406 0.045328
16409 0.045485
16410 0.045260
16411 0.045580
16426 0.039788
16427 0.039681
16430 0.038743
16431 0.034754
16436 0.034072
16438 0.034274
16439 0.033509
16440 0.032793
16441 0.033866
16442 0.030575
16445 0.030966
16446 0.030414
16447 0.029211
16450 0.027727
16451 0.026991
16455 0.024129
16459 0.025232
16460 0.026637
16482 0.026818
16483 0.025736
16484 0.024375
16500 0.024361
16527 0.025920
16528 0.029385
16529 0.029337
16530 0.030021
16533 0.031185
16538 0.031702
16540 0.032335
16560 0.032397
16572 0.031357
16573 0.031418
16576 0.032030
16609 0.031090
16707 0.030540
16787 0.030844
16853 0.030679
16906 0.029460
16952 0.034246
16984 0.034400
16992 0.034462
16993 0.033371
16994 0.030871
16995 0.030933
16996 0.029884
17019 0.029061
17020 0.029165
17021 0.030484
17024 0.027414
17027 0.027343
17028 0.027107
17029 0.025466
17032 0.025325
17033 0.026226
17034 0.026051
17036 0.027835
17038 0.027241
17039 0.025938
17040 0.027105
17041 0.027148
17042 0.027342
17045 0.027785
17047 0.027829
17048 0.023113
17051 0.021244
17052 0.023806
17054 0.026943
17055 0.028237
17056 0.030290
17057 0.030297
17060 0.031151
17061 0.032355
17062 0.028836
17063 0.031286
17067 0.031175
17070 0.030298
17087 0.030427
17088 0.030832
17089 0.029998
17091 0.030153
17094 0.029601
17100 0.030257
17101 0.031680
17102 0.031042
17103 0.032092
17104 0.031224
17105 0.030911
17108 0.031253
17109 0.031769
17110 0.032785
17209 0.030327
17210 0.027834
17211 0.026526
17212 0.024394
17213 0.023385
17215 0.023759
17216 0.022635
17219 0.023350
17220 0.021231
17225 0.021284
17228 0.021627
17229 0.021480
17230 0.021855
17231 0.021543
17255 0.021544
17256 0.020437
17259 0.019640
17260 0.018321
17263 0.017717
17264 0.017972
17271 0.020202
17273 0.020371
17274 0.020145
17277 0.019065
17287 0.017972
17288 0.019094
17291 0.018676
17292 0.019321
17293 0.019745
17294 0.019948
17295 0.019316
17296 0.020204
17297 0.019675
17314 0.019183
17317 0.019731
17318 0.019167
17321 0.018688
17322 0.017404
17323 0.018431
17366 0.017495
17367 0.018736
17368 0.019031
17371 0.019159
17372 0.019313
17373 0.018925
17374 0.016933
17375 0.016336
17376 0.017539
17377 0.016711
17378 0.019103
17379 0.018707
17381 0.020806
17386 0.020963
17387 0.023456
17392 0.032635
17401 0.037411
18324 0.036703
18915 0.037292
19127 0.041433
19498 0.042861
19540 0.045965
19696 0.047802
19848 0.053121
19852 0.052212
19885 0.057024
19894 0.058200
19948 0.061319
20259 0.072449
20320 0.072375
20322 0.073906
20323 0.077663
20324 0.079241
20325 0.078897
20329 0.079273
20330 0.077040
20331 0.080588
20335 0.081167
20336 0.080724
20337 0.078896
20340 0.070211
20342 0.064486
20345 0.064410
20346 0.064556
20347 0.060171
20348 0.058795
20351 0.055593
20352 0.054191
20353 0.049315
20354 0.049030
20356 0.044458
20357 0.042376
20358 0.039939
20360 0.028925
20361 0.030446
20441 0.027895
20442 0.024387
20443 0.022951
20444 0.023763
20445 0.023667
20467 0.023413
20468 0.019886
20469 0.019350
20471 0.020220
20472 0.019593
20473 0.019976
20474 0.022025
20475 0.022190
20476 0.024675
20588 0.025628
20590 0.026003
20591 0.031230
20592 0.032865
20593 0.037475
20594 0.040723
20595 0.044286
20639 0.047990
20640 0.046636
20641 0.051738
20642 0.051821
20643 0.054274
20644 0.055335
20645 0.058132
20646 0.064466
20647 0.069301
20649 0.071176
20650 0.070964
20651 0.070544
20652 0.070156
20653 0.073050
20654 0.074168
20655 0.076759
20656 0.079119
20817 0.076127
20818 0.076284
20819 0.077940
20820 0.072687
20821 0.073380
20822 0.068766
20823 0.068876
20833 0.067345
20858 0.066243
20859 0.067044
20860 0.063335
20861 0.062509
20862 0.061140
20865 0.060773
20895 0.059887
20977 0.051722
20998 0.049121
21001 0.048071
21029 0.048025
21129 0.046601
21147 0.046205
21222 0.044773
21292 0.043260
21319 0.041081
21341 0.040156
21423 0.041995
21424 0.040783
21433 0.039893
21434 0.042056
21440 0.041935
21441 0.041734
21442 0.040722
21443 0.041633
21444 0.041308
21445 0.040793
21446 0.039554
21453 0.044106
21454 0.043704
21455 0.043578
21456 0.047660
21464 0.048172
21465 0.047527
21466 0.049515
21469 0.049279
21470 0.048931
21471 0.053806
21474 0.054448
21475 0.055984
21479 0.055993
21480 0.055487
21483 0.056014
21484 0.058662
21488 0.058831
21490 0.058679
21493 0.057908
21494 0.060001
21512 0.057803
21513 0.056133
21660 0.053614
21661 0.054250
21741 0.054688
21746 0.049570
21799 0.049167
22009 0.048040
22284 0.043897
22285 0.044073
22286 0.046130
22302 0.044373
22314 0.044970
22315 0.046048
22318 0.041726
22321 0.038856
22323 0.036647
22324 0.037034
22325 0.037539
22326 0.035734
22327 0.033401
22347 0.032777
22348 0.033973
22349 0.032798
22354 0.030214
22356 0.033323
22360 0.033716
22365 0.033479
22366 0.033215
22367 0.035561
22368 0.035386
22369 0.039264
22370 0.044254
22379 0.044662
22380 0.046432
22381 0.044606
22386 0.043669
22392 0.044251
22393 0.042915
22394 0.044032
22395 0.046140
22502 0.048603
22504 0.047699
23226 0.046844
23258 0.047024
23260 0.047885
23317 0.046320
23318 0.043823
23322 0.044730
23323 0.049456
23776 0.046568
23777 0.046012
23778 0.049278
23779 0.056375
23780 0.054127
23804 0.053811
23816 0.050348
23817 0.046434
23818 0.047240
23819 0.047101
23821 0.045166
23822 0.046300
23823 0.045305
23824 0.047224
23825 0.047098
23841 0.045758
23842 0.046975
23844 0.046672
23845 0.049911
23846 0.049052
23853 0.050143
23854 0.051811
23855 0.053253
23857 0.053226
23858 0.049464
23918 0.049649
23925 0.048332
23926 0.047178
23927 0.040617
23928 0.042784
23929 0.048831
23953 0.051213
23954 0.051164
23996 0.052339
24002 0.053087
24041 0.056256
24042 0.059546
24043 0.060320
24045 0.058960
24065 0.061938
24101 0.062153
24118 0.058430
24119 0.057758
24120 0.054839
24124 0.055578
24125 0.053820
24126 0.052215
24129 0.051237
24131 0.050723
24134 0.050943
24135 0.053583
24136 0.053775
24139 0.053102
24142 0.055760
24145 0.053310
24148 0.048371
24149 0.046472
24150 0.047045
24151 0.042845
24157 0.041868
24158 0.041097
24159 0.038517
24160 0.039822
24161 0.042473
24168 0.037408
24174 0.036432
24175 0.036805
24213 0.036815
24218 0.037193
24219 0.037264
24222 0.036655
24223 0.036982
24224 0.037272
24232 0.037809
24233 0.039372
24234 0.036143
24235 0.037679
24236 0.038378
24240 0.037597
24252 0.038572
24253 0.037506
24256 0.036164
24259 0.036081
24261 0.037738
24262 0.036062
24273 0.033817
24276 0.031814
24277 0.032681
24281 0.032009
24282 0.032061
24283 0.032983
24284 0.033469
24285 0.035713
24318 0.034303
24319 0.034323
24320 0.035376
24341 0.036405
24342 0.036207
24343 0.034700
24344 0.033726
24348 0.034527
24349 0.032703
24352 0.032299
24353 0.029357
24355 0.027697
24356 0.027785
24359 0.027912
24362 0.026451
24363 0.025731
24364 0.026601
24367 0.026325
24368 0.026894
24369 0.023990
24370 0.021704
24371 0.023195
24372 0.023099
24377 0.022452
24378 0.020426
24383 0.021739
24386 0.024855
24387 0.026777
24388 0.027921
24389 0.029332
24390 0.032112
24391 0.030673
24392 0.032199
24393 0.034384
24394 0.035298
24395 0.041473
24396 0.048202
24397 0.055810
24398 0.061326
24399 0.075529
24400 0.095985
24401 0.110400
24402 0.111250
24505 0.111067
24506 0.111335
24507 0.111130
24508 0.121399
24509 0.130295
24510 0.135995
24513 0.136265
24514 0.138296
24516 0.134479
24517 0.136075
24518 0.136813
24567 0.133896
24568 0.131832
24569 0.133030
24571 0.133253
24572 0.132011
24573 0.132527
24575 0.131047
24584 0.127583
24585 0.119647
24586 0.115022
24587 0.102584
24588 0.082816
24589 0.068294
24590 0.068112
24606 0.067599
24608 0.067921
24609 0.068365
24636 0.058592
24637 0.053886
24640 0.052689
24642 0.055371
24731 0.057915
24732 0.060687
24733 0.061928
24734 0.060613
24735 0.063914
24737 0.075523
24738 0.076682
24739 0.076431
24742 0.075416
24743 0.077581
24744 0.078513
24745 0.077590
24746 0.090616
24748 0.090290
24749 0.089690
24750 0.087925
24751 0.087202
24752 0.096481
24753 0.097487
24754 0.101500
24755 0.105392
24957 0.105110
24958 0.100921
24959 0.096704
24960 0.099186
