446 0.044722
447 0.040925
448 0.038727
454 0.040016
455 0.041790
551 0.043645
649 0.045842
775 0.046025
933 0.046437
941 0.046509
977 0.053228
1092 0.052974
1211 0.052782
1287 0.053095
1294 0.061525
1313 0.066386
1352 0.066791
1353 0.064833
1357 0.064009
1360 0.066174
1361 0.068988
1362 0.071359
1367 0.071206
1368 0.070896
1369 0.066636
1372 0.064935
1381 0.068543
1382 0.069795
1383 0.066741
1384 0.063497
1425 0.062869
1426 0.060795
1428 0.061354
1470 0.069420
1475 0.069031
1476 0.061819
1477 0.061485
1478 0.061190
1481 0.066626
1483 0.061134
1484 0.058250
1485 0.059186
1486 0.059693
1488 0.059431
1491 0.057472
1494 0.058880
1519 0.058299
1520 0.058578
1553 0.061520
1556 0.063345
1559 0.064758
1560 0.060603
1561 0.058085
1562 0.057277
1563 0.057183
1564 0.054988
1565 0.053910
1566 0.052722
1579 0.048056
1581 0.050304
1596 0.054593
1598 0.057196
1599 0.058906
1600 0.054209
1601 0.052094
1602 0.050911
1603 0.050340
1606 0.051243
1608 0.051458
1609 0.051212
1610 0.047780
1618 0.046469
1663 0.044987
1664 0.041324
1666 0.039160
1667 0.037073
1671 0.037365
1674 0.038709
1677 0.041376
1678 0.043506
1679 0.044693
1680 0.045038
1681 0.044805
1682 0.040926
1687 0.040172
1701 0.038434
1702 0.038257
1704 0.040081
1705 0.043358
1706 0.045896
1752 0.046772
1988 0.047025
2247 0.046163
2267 0.046502
2378 0.050902
2493 0.053588
2590 0.055008
2845 0.057348
2895 0.063407
3079 0.066593
3137 0.070491
3138 0.071796
3139 0.071810
3140 0.070266
3141 0.069091
3142 0.068714
3143 0.069117
3144 0.069980
3145 0.070805
3147 0.069730
3148 0.068319
3149 0.068295
3170 0.067905
3171 0.064880
3172 0.062132
3173 0.060652
3174 0.060314
3175 0.060027
3186 0.061278
3187 0.057575
3188 0.055536
3189 0.055775
3190 0.056125
3192 0.052149
3193 0.051919
3246 0.052005
3251 0.053091
3315 0.056179
3322 0.058439
3323 0.059744
3347 0.061757
3501 0.066044
3558 0.068851
3687 0.070063
3757 0.070555
3895 0.075903
3899 0.074539
3909 0.080680
3956 0.081908
3965 0.084138
4097 0.087934
4411 0.088760
4466 0.089337
4467 0.087629
4468 0.086416
4469 0.084832
4470 0.082760
4492 0.082810
4495 0.081857
4496 0.080214
4508 0.078080
4509 0.075493
4510 0.071224
4512 0.067917
4513 0.066130
4550 0.064354
4551 0.059817
4552 0.056334
4553 0.054214
4559 0.055836
4560 0.051342
4562 0.051792
4563 0.043734
4565 0.041262
4566 0.038580
4567 0.035003
4568 0.034079
4571 0.037368
4575 0.038003
4587 0.040020
4588 0.040900
4589 0.041017
4592 0.039527
4593 0.039638
4594 0.040091
4595 0.039714
4596 0.040099
4597 0.040539
4607 0.041780
4608 0.041958
4610 0.041427
4611 0.041235
4612 0.040804
4613 0.040579
4614 0.037953
4615 0.036454
4616 0.035695
4617 0.035971
4618 0.036237
4619 0.036552
4680 0.036747
4681 0.037059
4706 0.037606
4707 0.040137
4718 0.043084
4771 0.044881
4823 0.046757
4865 0.046166
4869 0.047317
5018 0.052781
5155 0.057051
5163 0.058360
5170 0.060397
5336 0.061095
5338 0.062879
5342 0.066200
5352 0.067052
5559 0.067938
5711 0.068946
6148 0.070392
6149 0.070887
6151 0.071411
6152 0.070667
6153 0.070213
6154 0.069479
6155 0.068622
6156 0.067401
6157 0.061843
6158 0.058009
6172 0.053767
6173 0.051882
6175 0.050754
6177 0.053390
6178 0.053555
6179 0.048394
6180 0.044039
6181 0.042219
6212 0.040352
6213 0.039423
6214 0.038756
6215 0.037204
6216 0.038907
6217 0.040953
6218 0.041866
6299 0.041365
6300 0.041147
6338 0.042670
6339 0.043342
6340 0.043860
6341 0.044545
6342 0.045002
6345 0.045712
6346 0.046061
6347 0.046926
6348 0.046318
6356 0.046056
6357 0.045570
6358 0.043202
6370 0.043439
6371 0.042764
6374 0.042279
6375 0.041632
6376 0.041432
6377 0.042732
6378 0.042519
6379 0.041562
6389 0.039172
6391 0.036662
6392 0.034979
6393 0.033787
6523 0.034503
6524 0.033268
6525 0.032839
6532 0.033583
6533 0.033825
6534 0.034003
6546 0.036954
6557 0.042321
6562 0.041956
6563 0.041855
6564 0.041702
6565 0.041394
6566 0.040884
6573 0.041756
6574 0.043616
6575 0.044989
6576 0.047350
6577 0.047352
6578 0.045791
6579 0.045660
6588 0.046934
6589 0.048619
6590 0.049695
6591 0.050192
6597 0.055275
6598 0.057717
6599 0.057879
6600 0.061692
6601 0.064732
6604 0.067178
6605 0.069312
6606 0.066486
6607 0.061477
6608 0.061447
6622 0.061749
6623 0.061458
6624 0.061277
6635 0.062055
6636 0.058746
6637 0.056185
6638 0.054395
6642 0.056082
6643 0.057763
6644 0.058573
6645 0.058320
6646 0.056535
6648 0.054761
6650 0.053947
6669 0.053600
6670 0.048355
6672 0.044420
6673 0.043079
6674 0.042031
6679 0.038686
6680 0.035290
6681 0.032533
6682 0.031947
6683 0.031587
6684 0.031319
6685 0.031239
6687 0.031531
6692 0.031682
6694 0.030957
6695 0.030990
6716 0.032704
6717 0.034345
6719 0.032991
6722 0.031960
6723 0.031259
6729 0.030323
6731 0.029734
6732 0.029409
6737 0.030662
6739 0.031445
6740 0.032728
6741 0.033468
6770 0.034383
6771 0.031383
6773 0.033079
6774 0.035214
6777 0.036762
6781 0.038696
6782 0.039861
6783 0.040612
6784 0.040947
6785 0.041032
6828 0.043660
6829 0.044074
6830 0.044579
6831 0.042832
6837 0.042691
6838 0.041689
6846 0.040834
6847 0.040225
6851 0.041919
6852 0.043595
6853 0.046106
6854 0.045565
6864 0.045812
6868 0.046273
6887 0.047453
6918 0.046704
6919 0.046301
6921 0.043636
6922 0.041737
6923 0.041023
6924 0.038926
6925 0.037494
6926 0.037646
6927 0.037678
6928 0.037707
6929 0.035753
6930 0.035757
6931 0.038471
6932 0.040158
6933 0.039521
6934 0.038485
6935 0.038190
6936 0.041868
6937 0.042669
6948 0.042067
6949 0.039673
6950 0.038447
6972 0.040021
7160 0.040502
7165 0.039831
7186 0.040343
7196 0.040724
7197 0.040918
7198 0.040990
7199 0.040685
7200 0.040951
7201 0.041111
7205 0.041912
7206 0.042709
7207 0.043221
7208 0.044704
7209 0.045017
7211 0.042171
7212 0.040383
7213 0.039258
7214 0.041480
7215 0.042531
7216 0.039549
7217 0.037434
7221 0.037314
7222 0.036962
7223 0.036773
7224 0.033590
7225 0.032529
7226 0.031559
7228 0.030690
7229 0.030051
7230 0.029460
7234 0.030651
7235 0.030861
7236 0.031104
7238 0.031520
7239 0.030389
7249 0.033289
7269 0.035029
7292 0.034294
7295 0.035207
7298 0.035273
7300 0.035646
7302 0.035998
7309 0.033093
7310 0.031582
7311 0.030299
7321 0.029963
7322 0.029093
7323 0.029250
7324 0.029358
7325 0.030197
7326 0.029998
7327 0.030606
7328 0.031328
7329 0.032607
7330 0.033452
7331 0.032290
7332 0.032000
7333 0.031761
7364 0.034512
7365 0.036064
7380 0.032820
7381 0.030840
7382 0.029639
7387 0.028749
7388 0.028893
7393 0.029638
7394 0.030084
7397 0.032639
7424 0.034554
7462 0.038896
7463 0.040923
7464 0.042297
7465 0.043460
7466 0.044224
7468 0.044245
7469 0.044270
7470 0.044388
7489 0.043490
7490 0.042340
7491 0.041598
7492 0.041313
7493 0.041357
7494 0.041559
7516 0.039116
7517 0.037171
7518 0.035991
7519 0.035072
7520 0.034571
7521 0.034071
7522 0.033795
7523 0.032450
7532 0.032555
7533 0.030758
7550 0.031020
7551 0.028253
7553 0.027821
7554 0.027224
7659 0.027837
7660 0.028354
7663 0.028603
7724 0.028950
7728 0.032302
7740 0.033981
7848 0.038047
7859 0.039707
8257 0.042677
8376 0.043830
8470 0.043685
8481 0.043179
8522 0.043699
8524 0.044802
8642 0.047618
8656 0.049156
8657 0.049867
8658 0.050651
8660 0.051183
8661 0.051192
8662 0.051548
8663 0.051557
8666 0.052132
8668 0.052645
8669 0.053813
8670 0.054289
8680 0.057184
8681 0.057136
8682 0.056455
8683 0.052999
8686 0.052488
8688 0.049550
8689 0.048545
8690 0.046791
8691 0.047187
8697 0.048818
8698 0.048981
8699 0.048634
8702 0.049720
8703 0.047357
8716 0.046176
8717 0.044792
8718 0.043608
8730 0.043658
8731 0.042645
8732 0.041451
8733 0.039768
8752 0.042098
8753 0.041028
8754 0.038935
8755 0.036676
8756 0.032734
8768 0.034996
8769 0.036603
8770 0.037792
8774 0.041045
8782 0.040986
8783 0.041716
8784 0.042180
8785 0.042545
8791 0.043253
8989 0.047213
9002 0.048129
9594 0.048519
9622 0.049975
9656 0.054360
9670 0.058650
9752 0.060272
9859 0.060422
9862 0.061085
9898 0.063443
9899 0.063714
9901 0.059987
9902 0.058935
9903 0.059215
9904 0.059475
9911 0.060918
9913 0.058860
9914 0.057835
9918 0.057494
9919 0.054944
9920 0.055515
9922 0.057175
9923 0.058369
9930 0.057941
9931 0.055719
9932 0.051440
9934 0.051220
9935 0.049671
9936 0.048912
9937 0.045218
9938 0.042232
9941 0.041664
9942 0.041623
9944 0.041716
9949 0.043036
9950 0.043514
9955 0.044726
9956 0.044263
9957 0.043542
9958 0.043129
9959 0.041575
9962 0.049083
9963 0.052045
9971 0.053622
9972 0.053221
9975 0.053359
9976 0.052379
9977 0.051399
9978 0.051417
10609 0.052302
10794 0.053080
10810 0.052861
10815 0.052817
10816 0.051819
10817 0.050798
10823 0.052021
10825 0.053726
10827 0.054803
10828 0.055487
10829 0.053609
10830 0.054077
10831 0.055647
10833 0.057892
10834 0.061091
10861 0.064720
10864 0.068318
10865 0.061716
10866 0.059482
10871 0.059300
10924 0.061064
11634 0.061812
11688 0.062276
11693 0.060625
11696 0.059279
11835 0.061241
11878 0.061526
11879 0.060663
11880 0.059599
11999 0.065585
12012 0.066427
12013 0.064232
12014 0.061894
12017 0.060650
12018 0.059712
12019 0.058964
12050 0.058911
12053 0.058776
12054 0.059613
12058 0.056951
12059 0.053513
12060 0.049863
12063 0.049823
12064 0.048712
12067 0.047104
12070 0.045946
12071 0.044553
12072 0.043438
12077 0.043880
12078 0.043740
12079 0.041452
12081 0.041732
12088 0.047483
12089 0.048588
12090 0.042852
12093 0.041949
12094 0.042299
12124 0.045031
12143 0.047447
12144 0.048207
12146 0.047869
12148 0.046529
12149 0.044541
12150 0.043628
12151 0.046064
12154 0.048129
12155 0.050634
12156 0.051307
12157 0.053791
12158 0.055403
12159 0.056480
12710 0.057124
13462 0.057101
13565 0.059008
13571 0.066706
14068 0.067982
14477 0.068499
14481 0.064379
14493 0.066442
14527 0.072470
14604 0.073093
14633 0.076394
14662 0.076074
14787 0.074096
14902 0.073728
14976 0.074848
14977 0.075863
14978 0.076353
14979 0.076975
14980 0.076564
14981 0.075837
14982 0.073973
14983 0.072163
14984 0.071127
14987 0.070392
14990 0.069290
14991 0.069028
14994 0.069729
14995 0.068031
14996 0.060445
14998 0.058986
14999 0.058428
15002 0.058071
15005 0.057265
15008 0.052426
15011 0.052757
15012 0.049123
15014 0.046360
15018 0.048804
15019 0.050366
15023 0.048919
15024 0.048131
15027 0.046509
15028 0.044201
15032 0.045177
15035 0.044399
15038 0.046492
15040 0.047499
15041 0.045715
15042 0.043586
15046 0.043519
15047 0.044110
15050 0.042958
15051 0.042374
15057 0.046152
15058 0.046931
15059 0.046115
15062 0.047299
15063 0.046737
15068 0.047488
15112 0.047293
15134 0.048971
15135 0.049730
15150 0.047542
15151 0.045673
15154 0.045745
15155 0.045422
15158 0.048767
15159 0.051760
15160 0.051325
15162 0.052738
15163 0.052896
15164 0.052594
15173 0.052912
15174 0.052654
15176 0.050966
15179 0.051088
15191 0.052331
15192 0.051974
15194 0.047584
15195 0.046423
15198 0.046049
15199 0.043985
15202 0.042047
15225 0.040388
15227 0.039620
15228 0.037623
15229 0.036655
15230 0.035965
15231 0.036065
15234 0.036194
15235 0.036078
15236 0.032883
15239 0.029419
15240 0.026417
15243 0.025126
15244 0.022058
15245 0.020782
15248 0.021456
15251 0.021940
15252 0.023340
15253 0.022855
15267 0.021772
15268 0.021694
15276 0.022446
15388 0.024034
15390 0.024364
15391 0.024420
15393 0.025322
15394 0.028418
15423 0.031877
15594 0.032592
15693 0.033477
15918 0.035622
15932 0.037123
16025 0.037160
16028 0.036953
16299 0.038399
16367 0.039170
16368 0.039869
16393 0.040673
16414 0.041932
16415 0.042463
16416 0.041565
16417 0.041329
16418 0.040521
16419 0.039190
16420 0.039154
16421 0.040841
16422 0.041677
16423 0.040925
16470 0.040687
16471 0.040152
16472 0.039457
16473 0.036026
16485 0.035687
16488 0.037484
16524 0.039134
16548 0.037506
16549 0.035742
16550 0.035127
16551 0.035052
16552 0.033369
16554 0.033228
16580 0.034247
16581 0.033678
16582 0.033307
16635 0.034015
16636 0.033981
16639 0.035096
16641 0.035731
16644 0.035550
16645 0.034263
16646 0.032504
16647 0.031160
16648 0.030034
16659 0.030556
16660 0.031120
16662 0.031971
16664 0.032399
16665 0.029421
16666 0.027518
16667 0.025098
16676 0.027583
16677 0.029257
16683 0.029891
16697 0.030887
16698 0.030731
16699 0.030667
16711 0.030058
16712 0.029197
16713 0.028329
16714 0.026495
16715 0.026267
16717 0.025567
16719 0.025475
16760 0.024725
16761 0.024769
16763 0.025237
16764 0.025818
16767 0.026261
16768 0.025869
16769 0.025883
16770 0.025413
16771 0.025548
16772 0.026670
16773 0.028009
16774 0.029724
16775 0.027485
16776 0.026704
16777 0.026797
16778 0.027027
16779 0.027947
16780 0.027991
16781 0.027663
16782 0.028115
17722 0.028471
17723 0.029348
17724 0.029226
17725 0.028549
17726 0.027568
17727 0.028241
17728 0.029088
17729 0.029008
17987 0.033078
18017 0.037107
18068 0.041717
18244 0.044578
18262 0.045871
18263 0.045778
18264 0.046273
18480 0.045641
18558 0.045764
18814 0.046885
19486 0.047437
19586 0.048020
20405 0.049775
20629 0.055840
20688 0.059461
20890 0.059630
21058 0.060988
21086 0.064080
21091 0.064734
21164 0.065775
21167 0.068193
21168 0.069266
21169 0.069997
21170 0.070100
21201 0.070423
21202 0.065762
21203 0.061238
21204 0.056290
21207 0.054822
21208 0.054277
21223 0.054818
21224 0.054014
21227 0.053214
21229 0.051661
21231 0.049300
21232 0.047445
21244 0.047218
21246 0.044920
21247 0.038248
21248 0.034344
21249 0.033632
21250 0.031646
21251 0.027978
21253 0.026555
21254 0.025113
21255 0.022491
21256 0.020899
21257 0.019692
21260 0.019613
21261 0.019779
21277 0.021075
21278 0.021487
21279 0.021397
21280 0.019384
21281 0.017955
21282 0.016614
21298 0.016297
21299 0.016345
21344 0.016289
21389 0.016591
21390 0.016765
21391 0.015674
21394 0.016009
21401 0.017668
21410 0.018322
21412 0.018957
21413 0.019581
21414 0.020085
21415 0.020399
21416 0.020670
21506 0.021383
21507 0.021510
21508 0.021531
21516 0.021980
21517 0.021943
21518 0.020766
21519 0.020525
21520 0.020536
21521 0.020694
21522 0.020902
21539 0.020904
21541 0.020586
21542 0.020243
21543 0.020035
21586 0.021215
21587 0.021782
21588 0.021954
21589 0.021324
21590 0.019968
21591 0.019633
21592 0.019649
21814 0.020134
21815 0.020190
21816 0.020023
21817 0.019906
21818 0.019310
21819 0.019293
21822 0.021284
21824 0.021232
21825 0.020689
21826 0.020360
21827 0.020096
21828 0.020055
21829 0.020083
21831 0.020788
21835 0.021182
21836 0.020920
21837 0.021066
21843 0.021340
21844 0.020155
21848 0.019981
21851 0.021469
21852 0.022011
21853 0.021375
21854 0.020724
21864 0.020863
21865 0.020377
21866 0.020357
21867 0.020359
21868 0.020767
21904 0.021416
21905 0.021710
21906 0.019970
21909 0.019384
21910 0.019465
21912 0.019662
21913 0.019918
21914 0.020138
21917 0.020043
21948 0.019859
21950 0.019946
21951 0.020012
21959 0.020078
21960 0.019659
21961 0.019150
21984 0.019068
21985 0.017194
21986 0.016121
21987 0.015911
21988 0.015784
21989 0.014772
21990 0.014048
21991 0.013674
21996 0.014981
21997 0.014898
21998 0.014206
21999 0.013766
22000 0.013436
22001 0.012701
22003 0.012121
22004 0.011788
22010 0.013468
22011 0.015552
22012 0.017707
22013 0.018748
22263 0.019115
22280 0.019233
22283 0.019499
22434 0.021077
22473 0.022324
22638 0.023169
23087 0.024421
23421 0.024919
23548 0.026507
23586 0.028933
23608 0.030160
23783 0.031406
23903 0.032669
24037 0.031521
24291 0.032358
24404 0.035623
24443 0.036392
24444 0.037382
24448 0.037935
24449 0.038713
24450 0.039898
24453 0.038125
24454 0.035787
24457 0.033956
24458 0.032102
24462 0.031547
24463 0.031899
24464 0.032525
24465 0.032399
24468 0.032831
24470 0.031397
24471 0.031005
24472 0.030963
24473 0.030285
24475 0.029317
24476 0.030160
24477 0.030018
24501 0.031376
24502 0.032513
24503 0.032500
24504 0.030063
24511 0.031125
24801 0.032724
