446 0.060570
447 0.058827
448 0.062453
454 0.063786
455 0.056880
551 0.050826
649 0.051294
775 0.048682
933 0.045495
941 0.039843
977 0.037527
1092 0.039338
1211 0.039155
1287 0.042632
1294 0.042671
1313 0.046293
1352 0.047667
1353 0.048984
1357 0.050607
1360 0.050917
1361 0.051445
1362 0.046957
1367 0.044695
1368 0.046293
1369 0.046734
1372 0.041862
1381 0.042697
1382 0.039576
1383 0.040646
1384 0.041774
1425 0.043083
1426 0.043603
1428 0.044859
1470 0.045563
1475 0.045831
1476 0.047026
1477 0.046525
1478 0.046015
1481 0.042961
1483 0.042653
1484 0.039630
1485 0.038044
1486 0.038129
1488 0.036532
1491 0.035412
1494 0.034580
1519 0.032322
1520 0.031410
1553 0.029315
1556 0.028549
1559 0.028500
1560 0.027328
1561 0.027933
1562 0.027151
1563 0.027757
1564 0.026814
1565 0.027161
1566 0.026963
1579 0.026680
1581 0.025565
1596 0.024974
1598 0.023845
1599 0.024337
1600 0.023052
1601 0.024593
1602 0.023432
1603 0.025513
1606 0.023573
1608 0.024097
1609 0.025684
1610 0.024930
1618 0.025418
1663 0.024887
1664 0.024724
1666 0.026129
1667 0.027104
1671 0.027133
1674 0.026250
1677 0.025764
1678 0.024148
1679 0.024309
1680 0.028391
1681 0.026766
1682 0.027375
1687 0.027633
1701 0.029475
1702 0.029619
1704 0.030621
1705 0.032485
1706 0.034191
1752 0.035009
1988 0.032827
2247 0.036734
2267 0.037051
2378 0.034849
2493 0.035290
2590 0.034793
2845 0.034856
2895 0.036308
3079 0.037258
3137 0.036400
3138 0.038555
3139 0.038973
3140 0.039317
3141 0.043005
3142 0.042087
3143 0.037047
3144 0.037362
3145 0.036965
3147 0.039973
3148 0.042804
3149 0.044305
3170 0.043163
3171 0.041601
3172 0.037738
3173 0.038798
3174 0.039955
3175 0.036413
3186 0.035045
3187 0.034604
3188 0.037534
3189 0.037648
3190 0.038382
3192 0.038477
3193 0.038909
3246 0.039238
3251 0.037063
3315 0.036465
3322 0.034930
3323 0.031452
3347 0.032725
3501 0.033452
3558 0.033111
3687 0.032496
3757 0.030388
3895 0.025213
3899 0.028662
3909 0.029158
3956 0.028838
3965 0.029452
4097 0.029241
4411 0.035340
4466 0.036709
4467 0.044637
4468 0.047812
4469 0.052061
4470 0.052502
4492 0.051530
4495 0.049517
4496 0.047568
4508 0.047110
4509 0.047539
4510 0.047437
4512 0.049101
4513 0.049824
4550 0.050508
4551 0.050261
4552 0.051002
4553 0.052739
4559 0.051823
4560 0.052644
4562 0.047802
4563 0.049862
4565 0.049703
4566 0.049902
4567 0.048145
4568 0.041518
4571 0.042532
4575 0.034662
4587 0.031893
4588 0.024181
4589 0.024322
4592 0.023681
4593 0.025151
4594 0.026155
4595 0.027366
4596 0.029570
4597 0.030469
4607 0.030606
4608 0.030701
4610 0.030605
4611 0.030427
4612 0.031243
4613 0.031020
4614 0.034462
4615 0.035428
4616 0.038603
4617 0.040842
4618 0.043808
4619 0.043854
4680 0.048555
4681 0.049079
4706 0.047389
4707 0.048114
4718 0.048725
4771 0.052114
4823 0.053696
4865 0.056221
4869 0.054485
5018 0.053794
5155 0.052917
5163 0.051337
5170 0.052055
5336 0.051617
5338 0.051528
5342 0.050774
5352 0.050827
5559 0.050749
5711 0.053097
6148 0.050650
6149 0.051272
6151 0.050241
6152 0.047962
6153 0.046047
6154 0.045990
6155 0.042154
6156 0.041703
6157 0.040592
6158 0.042495
6172 0.040916
6173 0.037292
6175 0.035238
6177 0.032863
6178 0.033996
6179 0.033258
6180 0.034369
6181 0.034961
6212 0.033372
6213 0.032384
6214 0.031941
6215 0.031248
6216 0.035050
6217 0.036176
6218 0.033659
6299 0.033827
6300 0.032928
6338 0.031399
6339 0.029099
6340 0.028276
6341 0.027502
6342 0.028551
6345 0.028266
6346 0.029063
6347 0.027236
6348 0.029327
6356 0.030539
6357 0.032425
6358 0.034713
6370 0.034663
6371 0.035432
6374 0.034786
6375 0.034140
6376 0.036479
6377 0.039429
6378 0.039497
6379 0.045632
6389 0.041722
6391 0.044542
6392 0.043499
6393 0.047326
6523 0.046618
6524 0.047554
6525 0.048578
6532 0.049685
6533 0.050515
6534 0.049595
6546 0.050695
6557 0.051744
6562 0.055205
6563 0.058076
6564 0.057735
6565 0.056943
6566 0.056688
6573 0.058021
6574 0.057034
6575 0.056966
6576 0.058567
6577 0.057711
6578 0.056455
6579 0.056060
6588 0.051446
6589 0.051142
6590 0.046596
6591 0.047233
6597 0.044268
6598 0.044522
6599 0.044128
6600 0.043991
6601 0.042786
6604 0.042192
6605 0.042720
6606 0.041621
6607 0.040007
6608 0.037803
6622 0.033387
6623 0.033406
6624 0.034663
6635 0.033147
6636 0.030885
6637 0.032584
6638 0.032106
6642 0.030431
6643 0.029631
6644 0.027610
6645 0.027453
6646 0.026344
6648 0.025893
6650 0.026589
6669 0.025494
6670 0.023276
6672 0.022368
6673 0.023015
6674 0.022330
6679 0.023101
6680 0.023236
6681 0.022744
6682 0.022566
6683 0.022956
6684 0.021482
6685 0.023140
6687 0.022936
6692 0.020755
6694 0.021632
6695 0.022169
6716 0.021763
6717 0.021872
6719 0.022020
6722 0.021744
6723 0.022905
6729 0.023194
6731 0.022657
6732 0.022826
6737 0.021773
6739 0.022014
6740 0.022484
6741 0.024758
6770 0.024108
6771 0.024592
6773 0.024180
6774 0.024330
6777 0.023905
6781 0.025467
6782 0.025035
6783 0.025502
6784 0.023419
6785 0.023155
6828 0.023212
6829 0.022305
6830 0.022155
6831 0.020744
6837 0.021154
6838 0.020878
6846 0.020575
6847 0.019280
6851 0.019580
6852 0.019493
6853 0.019426
6854 0.020739
6864 0.021543
6868 0.022246
6887 0.020707
6918 0.019197
6919 0.018619
6921 0.019575
6922 0.023615
6923 0.023677
6924 0.022316
6925 0.022161
6926 0.020864
6927 0.021764
6928 0.023073
6929 0.022603
6930 0.022108
6931 0.022603
6932 0.024729
6933 0.024052
6934 0.026805
6935 0.027438
6936 0.028154
6937 0.027673
6948 0.028129
6949 0.029382
6950 0.028017
6972 0.027285
7160 0.026575
7165 0.026144
7186 0.026495
7196 0.026174
7197 0.025588
7198 0.021459
7199 0.021828
7200 0.023524
7201 0.023630
7205 0.024124
7206 0.023656
7207 0.022735
7208 0.023289
7209 0.023479
7211 0.022515
7212 0.022939
7213 0.025058
7214 0.022507
7215 0.021960
7216 0.022373
7217 0.024165
7221 0.023372
7222 0.022210
7223 0.021943
7224 0.022158
7225 0.022099
7226 0.022089
7228 0.021947
7229 0.023582
7230 0.023385
7234 0.023005
7235 0.023954
7236 0.023081
7238 0.024466
7239 0.024252
7249 0.026769
7269 0.027124
7292 0.028558
7295 0.027920
7298 0.028474
7300 0.027370
7302 0.025202
7309 0.025036
7310 0.025181
7311 0.025598
7321 0.024045
7322 0.024385
7323 0.027636
7324 0.029530
7325 0.029473
7326 0.030158
7327 0.031932
7328 0.033509
7329 0.035077
7330 0.034743
7331 0.044187
7332 0.043487
7333 0.043084
7364 0.042364
7365 0.045103
7380 0.042065
7381 0.040946
7382 0.039232
7387 0.042000
7388 0.041505
7393 0.040985
7394 0.041169
7397 0.042928
7424 0.043509
7462 0.042537
7463 0.043587
7464 0.046682
7465 0.045361
7466 0.045768
7468 0.046782
7469 0.045800
7470 0.045738
7489 0.044987
7490 0.041770
7491 0.044454
7492 0.035778
7493 0.034307
7494 0.039388
7516 0.039893
7517 0.039126
7518 0.041277
7519 0.041682
7520 0.042274
7521 0.042198
7522 0.042518
7523 0.050756
7532 0.050483
7533 0.048750
7550 0.047900
7551 0.047314
7553 0.047641
7554 0.044484
7659 0.043742
7660 0.041314
7663 0.044312
7724 0.046400
7728 0.047370
7740 0.052131
7848 0.056220
7859 0.053911
8257 0.054862
8376 0.054858
8470 0.049335
8481 0.048773
8522 0.047898
8524 0.048473
8642 0.048668
8656 0.048117
8657 0.045771
8658 0.045646
8660 0.036802
8661 0.037028
8662 0.036653
8663 0.037365
8666 0.038194
8668 0.036748
8669 0.038415
8670 0.037191
8680 0.037433
8681 0.033182
8682 0.033394
8683 0.030110
8686 0.024733
8688 0.020779
8689 0.022312
8690 0.020676
8691 0.020678
8697 0.020999
8698 0.020565
8699 0.022562
8702 0.021461
8703 0.021206
8716 0.022852
8717 0.023726
8718 0.024259
8730 0.024618
8731 0.026406
8732 0.027731
8733 0.026951
8752 0.026065
8753 0.025564
8754 0.023793
8755 0.023657
8756 0.024372
8768 0.025077
8769 0.023391
8770 0.024520
8774 0.024005
8782 0.023736
8783 0.022357
8784 0.022221
8785 0.023452
8791 0.024022
8989 0.024185
9002 0.021249
9594 0.019609
9622 0.019293
9656 0.018645
9670 0.017809
9752 0.017107
9859 0.018671
9862 0.017525
9898 0.018125
9899 0.019638
9901 0.023073
9902 0.024313
9903 0.031761
9904 0.032308
9911 0.032594
9913 0.032208
9914 0.032495
9918 0.032919
9919 0.034441
9920 0.036793
9922 0.037701
9923 0.039242
9930 0.038742
9931 0.039547
9932 0.039452
9934 0.040178
9935 0.042127
9936 0.044424
9937 0.051159
9938 0.053469
9941 0.054002
9942 0.053678
9944 0.053006
9949 0.053321
9950 0.054123
9955 0.050871
9956 0.049627
9957 0.042764
9958 0.043256
9959 0.043382
9962 0.044357
9963 0.043565
9971 0.044919
9972 0.043847
9975 0.042955
9976 0.042183
9977 0.040891
9978 0.040721
10609 0.040376
10794 0.040891
10810 0.040176
10815 0.039698
10816 0.038157
10817 0.033928
10823 0.032291
10825 0.032176
10827 0.030224
10828 0.031062
10829 0.028812
10830 0.028167
10831 0.027942
10833 0.028724
10834 0.028606
10861 0.028922
10864 0.028995
10865 0.029289
10866 0.031101
10871 0.028425
10924 0.028267
11634 0.028192
11688 0.027256
11693 0.028427
11696 0.028428
11835 0.027056
11878 0.026425
11879 0.025985
11880 0.025767
11999 0.025087
12012 0.022653
12013 0.022441
12014 0.022203
12017 0.022414
12018 0.021327
12019 0.021511
12050 0.019855
12053 0.021063
12054 0.020388
12058 0.019818
12059 0.019104
12060 0.018842
12063 0.018621
12064 0.017663
12067 0.018298
12070 0.018663
12071 0.018392
12072 0.019226
12077 0.018413
12078 0.018446
12079 0.018655
12081 0.018125
12088 0.018396
12089 0.018557
12090 0.021593
12093 0.021049
12094 0.020467
12124 0.020846
12143 0.023564
12144 0.024339
12146 0.023734
12148 0.025045
12149 0.025504
12150 0.026224
12151 0.026675
12154 0.026739
12155 0.025668
12156 0.024726
12157 0.024742
12158 0.028012
12159 0.029927
12710 0.031653
13462 0.032549
13565 0.033541
13571 0.033244
14068 0.032826
14477 0.034015
14481 0.039135
14493 0.038032
14527 0.035677
14604 0.036680
14633 0.037532
14662 0.037939
14787 0.035384
14902 0.037975
14976 0.038885
14977 0.038164
14978 0.037690
14979 0.037559
14980 0.039767
14981 0.039948
14982 0.040139
14983 0.040474
14984 0.039705
14987 0.036165
14990 0.033873
14991 0.032453
14994 0.031454
14995 0.030066
14996 0.031229
14998 0.031740
14999 0.033952
15002 0.032202
15005 0.033447
15008 0.032779
15011 0.030925
15012 0.030252
15014 0.030773
15018 0.031665
15019 0.031537
15023 0.031420
15024 0.032047
15027 0.032069
15028 0.031958
15032 0.030036
15035 0.030842
15038 0.031804
15040 0.031669
15041 0.032511
15042 0.031933
15046 0.033226
15047 0.032055
15050 0.031652
15051 0.032619
15057 0.031593
15058 0.031152
15059 0.030118
15062 0.026571
15063 0.025050
15068 0.025937
15112 0.026670
15134 0.027459
15135 0.026805
15150 0.026166
15151 0.025075
15154 0.024916
15155 0.024497
15158 0.024238
15159 0.023754
15160 0.024329
15162 0.022805
15163 0.022248
15164 0.022787
15173 0.021799
15174 0.023036
15176 0.021799
15179 0.021810
15191 0.021604
15192 0.021487
15194 0.021101
15195 0.021140
15198 0.018975
15199 0.020155
15202 0.020355
15225 0.019569
15227 0.019645
15228 0.021230
15229 0.020435
15230 0.020828
15231 0.018879
15234 0.018734
15235 0.018582
15236 0.017995
15239 0.017992
15240 0.017387
15243 0.017360
15244 0.017220
15245 0.017592
15248 0.017459
15251 0.016420
15252 0.020667
15253 0.021678
15267 0.022249
15268 0.021135
15276 0.024464
15388 0.025003
15390 0.025471
15391 0.024663
15393 0.025498
15394 0.033953
15423 0.034634
15594 0.032451
15693 0.033737
15918 0.032926
15932 0.033066
16025 0.032588
16028 0.032359
16299 0.032218
16367 0.033994
16368 0.035300
16393 0.035744
16414 0.035850
16415 0.035666
16416 0.037014
16417 0.037112
16418 0.036691
16419 0.035617
16420 0.038621
16421 0.039267
16422 0.041871
16423 0.045070
16470 0.044779
16471 0.045695
16472 0.045472
16473 0.039323
16485 0.038911
16488 0.039586
16524 0.040354
16548 0.041223
16549 0.041217
16550 0.042030
16551 0.041573
16552 0.042206
16554 0.040836
16580 0.039234
16581 0.039655
16582 0.039137
16635 0.038408
16636 0.038546
16639 0.038366
16641 0.036498
16644 0.036313
16645 0.032592
16646 0.033837
16647 0.028237
16648 0.025459
16659 0.024779
16660 0.023304
16662 0.022795
16664 0.023166
16665 0.027143
16666 0.026468
16667 0.025074
16676 0.024319
16677 0.025496
16683 0.025745
16697 0.026456
16698 0.025839
16699 0.027102
16711 0.026703
16712 0.025755
16713 0.026487
16714 0.028406
16715 0.027430
16717 0.029901
16719 0.028777
16760 0.029880
16761 0.030566
16763 0.029604
16764 0.029657
16767 0.028502
16768 0.028863
16769 0.029949
16770 0.031389
16771 0.031073
16772 0.030587
16773 0.037292
16774 0.040788
16775 0.047582
16776 0.054669
16777 0.062965
16778 0.072031
16779 0.080321
16780 0.084983
16781 0.095568
16782 0.101011
17722 0.107225
17723 0.116845
17724 0.121428
17725 0.119592
17726 0.123333
17727 0.122128
17728 0.123825
17729 0.123458
17987 0.132726
18017 0.135802
18068 0.136278
18244 0.137533
18262 0.139857
18263 0.141252
18264 0.140257
18480 0.134204
18558 0.130700
18814 0.123925
19486 0.115624
19586 0.107199
20405 0.098664
20629 0.091179
20688 0.085947
20890 0.075968
21058 0.072136
21086 0.065154
21091 0.054083
21164 0.051796
21167 0.052653
21168 0.050951
21169 0.051887
21170 0.050369
21201 0.049989
21202 0.041326
21203 0.038806
21204 0.038920
21207 0.036571
21208 0.032972
21223 0.030964
21224 0.029289
21227 0.028958
21229 0.029003
21231 0.029126
21232 0.030179
21244 0.030229
21246 0.029739
21247 0.030130
21248 0.029319
21249 0.031413
21250 0.029757
21251 0.034558
21253 0.033277
21254 0.035085
21255 0.037931
21256 0.037568
21257 0.039483
21260 0.041718
21261 0.044307
21277 0.045296
21278 0.044808
21279 0.045547
21280 0.046602
21281 0.046605
21282 0.044955
21298 0.043341
21299 0.043854
21344 0.043001
21389 0.043966
21390 0.042693
21391 0.042392
21394 0.043826
21401 0.042851
21410 0.042995
21412 0.040266
21413 0.040373
21414 0.036170
21415 0.036957
21416 0.032523
21506 0.029151
21507 0.026427
21508 0.024935
21516 0.022276
21517 0.022523
21518 0.020798
21519 0.024860
21520 0.023443
21521 0.023352
21522 0.025148
21539 0.028027
21541 0.028052
21542 0.027059
21543 0.028500
21586 0.029097
21587 0.029139
21588 0.034067
21589 0.032791
21590 0.033909
21591 0.034340
21592 0.035160
21814 0.035881
21815 0.035880
21816 0.035279
21817 0.038292
21818 0.040014
21819 0.040904
21822 0.040530
21824 0.040543
21825 0.038973
21826 0.039925
21827 0.038671
21828 0.039790
21829 0.040825
21831 0.039413
21835 0.036994
21836 0.037423
21837 0.039940
21843 0.039591
21844 0.037740
21848 0.040542
21851 0.035180
21852 0.035829
21853 0.034278
21854 0.033520
21864 0.034783
21865 0.034181
21866 0.034038
21867 0.036308
21868 0.035713
21904 0.033003
21905 0.033026
21906 0.033228
21909 0.032790
21910 0.031952
21912 0.031194
21913 0.028323
21914 0.027640
21917 0.026693
21948 0.026130
21950 0.025399
21951 0.025190
21959 0.025717
21960 0.025062
21961 0.025467
21984 0.023650
21985 0.023970
21986 0.023328
21987 0.024668
21988 0.025328
21989 0.023801
21990 0.025098
21991 0.024950
21996 0.022368
21997 0.021514
21998 0.022684
21999 0.022796
22000 0.024145
22001 0.025896
22003 0.026032
22004 0.029518
22010 0.033751
22011 0.033946
22012 0.037305
22013 0.041881
22263 0.046349
22280 0.046977
22283 0.046154
22434 0.047871
22473 0.049947
22638 0.050297
23087 0.052826
23421 0.053989
23548 0.053808
23586 0.055225
23608 0.054968
23783 0.053330
23903 0.055297
24037 0.056892
24291 0.055429
24404 0.055518
24443 0.055276
24444 0.053721
24448 0.055587
24449 0.056098
24450 0.054106
24453 0.051527
24454 0.052591
24457 0.049683
24458 0.046630
24462 0.043436
24463 0.043211
24464 0.042943
24465 0.040889
24468 0.039986
24470 0.039501
24471 0.040190
24472 0.038223
24473 0.038639
24475 0.039929
24476 0.043400
24477 0.043774
24501 0.042310
24502 0.041489
24503 0.044418
24504 0.044258
24511 0.048583
24801 0.048419
