623 0.081357
624 0.076488
625 0.071986
626 0.067503
627 0.064274
628 0.062934
631 0.061798
653 0.060931
654 0.058459
657 0.058391
658 0.059809
659 0.062465
660 0.066641
667 0.066171
931 0.065725
932 0.064325
934 0.061427
935 0.059899
936 0.058760
937 0.059067
940 0.058861
942 0.058694
945 0.057438
957 0.056016
958 0.055802
964 0.057934
1039 0.058953
1045 0.065943
1144 0.069270
1145 0.070633
1146 0.071229
1147 0.069692
1148 0.068093
1151 0.068242
1152 0.067874
1154 0.066052
1155 0.062988
1156 0.058050
1157 0.058664
1158 0.059790
1159 0.062227
1161 0.063447
1162 0.063561
1163 0.064284
1246 0.068738
1247 0.073146
1248 0.077389
1249 0.079844
1258 0.076639
1259 0.074190
1262 0.070446
1264 0.071032
1266 0.065599
1267 0.063889
1270 0.063862
1271 0.062921
1272 0.062150
1274 0.063352
1275 0.066205
1276 0.070966
1278 0.080416
1279 0.087956
1318 0.092862
1320 0.098270
1321 0.103126
1487 0.102852
1547 0.103454
1882 0.102457
1961 0.101507
2031 0.097452
2034 0.092897
2085 0.093499
2129 0.096867
2154 0.097384
2155 0.098991
2156 0.100251
2157 0.099944
2162 0.099029
2163 0.097970
2164 0.096551
2165 0.096019
2166 0.095821
2168 0.093671
2175 0.092736
2176 0.089153
2177 0.080161
2178 0.072139
2179 0.066412
2180 0.059726
2181 0.053092
2185 0.054556
2186 0.054382
2187 0.055743
2188 0.056022
2203 0.058848
2207 0.062809
2210 0.061115
2213 0.058911
2214 0.060364
2226 0.061012
2239 0.061305
2336 0.061185
2355 0.062031
3001 0.063181
3063 0.063860
3070 0.066266
3247 0.068326
3248 0.069675
3254 0.069937
3255 0.070433
3256 0.071156
3258 0.071631
3259 0.071778
3260 0.072095
3278 0.075036
3279 0.074603
3280 0.076125
3288 0.077364
3289 0.077989
3290 0.074537
3291 0.071246
3312 0.072818
3313 0.071476
3316 0.069580
3317 0.067208
3318 0.065285
3319 0.063972
3320 0.063126
3321 0.062178
3324 0.063103
3325 0.061981
3326 0.060782
3327 0.060030
3328 0.057252
3343 0.056572
3344 0.055895
3345 0.055649
3346 0.055451
3375 0.055280
3376 0.052458
3377 0.049484
3378 0.045905
3432 0.047621
3444 0.046417
3445 0.045448
3447 0.044679
3449 0.039744
3450 0.035912
3478 0.037412
3480 0.038873
3481 0.039853
3498 0.038965
3499 0.038163
3500 0.037831
3502 0.037025
3522 0.038613
3546 0.037905
3547 0.037207
3548 0.036788
3561 0.037626
3562 0.037408
3563 0.036709
3564 0.035985
3565 0.035506
3566 0.034995
3572 0.034430
3573 0.034030
3574 0.029348
3580 0.033422
3581 0.036352
3645 0.038954
3646 0.040823
3647 0.042115
3673 0.040127
3674 0.037945
3692 0.038181
3693 0.039820
3695 0.041246
3697 0.042168
3700 0.046599
3715 0.045292
3716 0.045900
3717 0.046622
3718 0.047492
3719 0.046096
3752 0.047484
3781 0.048195
3782 0.049042
3783 0.049698
3785 0.050495
3789 0.051345
3790 0.051845
3791 0.052183
3793 0.048594
3794 0.046184
3797 0.045640
3798 0.044986
3800 0.045034
3801 0.043572
3802 0.042513
3803 0.039806
3804 0.037819
3805 0.036431
3807 0.035667
3811 0.031671
3812 0.030853
3813 0.030117
3814 0.029387
3815 0.028620
3828 0.028506
3829 0.026745
3830 0.026280
3831 0.025860
3832 0.025351
3845 0.025225
3846 0.024657
3848 0.025282
3849 0.025740
3850 0.025413
3852 0.024818
3855 0.022516
3856 0.021156
3857 0.019774
3858 0.019307
3929 0.021625
3930 0.024570
3931 0.028484
3932 0.032848
3933 0.037236
3938 0.041771
3940 0.047934
3945 0.055174
4806 0.058218
5312 0.060521
5313 0.061211
5520 0.063350
6150 0.062800
6639 0.065784
6766 0.070038
6778 0.075519
6890 0.079485
7178 0.082238
7227 0.083217
7247 0.090644
7836 0.093012
7846 0.094356
7917 0.097964
7944 0.100847
7945 0.102760
7946 0.101926
7947 0.100519
7949 0.097661
7950 0.094116
7962 0.089940
7964 0.084580
7965 0.077900
7966 0.071086
7982 0.070731
7983 0.070647
7992 0.071178
7995 0.069983
7996 0.071081
7997 0.068343
7998 0.064301
7999 0.058824
8000 0.055405
8003 0.054610
8004 0.055109
8005 0.048514
8006 0.047292
8007 0.046903
8010 0.045683
8011 0.044141
8013 0.043461
8014 0.042424
8015 0.041612
8016 0.041278
8017 0.040824
8018 0.040596
8019 0.040957
8030 0.041517
8032 0.041154
8033 0.038597
8034 0.036562
8035 0.034966
8036 0.033870
8049 0.033668
8050 0.033205
8053 0.032967
8054 0.032264
8055 0.031445
8056 0.028511
8057 0.026647
8059 0.025757
8060 0.025036
8061 0.024180
8062 0.022007
8063 0.020811
8064 0.019437
8065 0.018825
8067 0.018496
8069 0.018081
8070 0.017723
8112 0.020600
8126 0.022370
8128 0.023876
8164 0.023570
8165 0.023011
8166 0.022457
8191 0.022775
8192 0.023051
8193 0.022877
8202 0.024007
8227 0.025828
8228 0.027382
8229 0.029106
8230 0.030018
8258 0.033133
8260 0.035026
8437 0.036209
8438 0.037030
8439 0.037163
8448 0.040525
8449 0.043855
8450 0.046106
8451 0.047688
8452 0.048880
8464 0.049758
8465 0.046614
8466 0.043825
8467 0.041712
8468 0.041694
8469 0.041920
8484 0.041966
8485 0.040721
8487 0.039956
8488 0.039208
8495 0.038402
8496 0.036864
8497 0.038625
8498 0.039064
8499 0.039624
8500 0.037332
8502 0.036164
8503 0.036168
8504 0.036615
8506 0.037486
8521 0.038443
8526 0.037660
8543 0.036229
8579 0.035145
8659 0.035899
8714 0.037230
8751 0.040531
8934 0.043329
8956 0.044622
9161 0.045312
9202 0.046790
9204 0.046876
9205 0.047193
9206 0.047515
9208 0.047572
9209 0.047096
9210 0.046455
9213 0.043850
9214 0.043169
9215 0.043896
9216 0.045875
9217 0.045123
9218 0.043410
9219 0.042280
9220 0.041705
9229 0.039880
9230 0.039027
9231 0.039537
9232 0.039778
9233 0.038234
9241 0.038225
9242 0.036165
9243 0.034581
9251 0.034588
9252 0.035870
9253 0.037096
9259 0.037741
9265 0.041204
9266 0.043823
9268 0.047653
9269 0.050901
9271 0.053833
9272 0.055239
9273 0.056475
9277 0.055909
9278 0.054034
9279 0.054195
9280 0.057285
9281 0.058994
9284 0.060002
9285 0.059202
9286 0.058831
9290 0.058671
9291 0.057977
9292 0.057631
9293 0.055392
9294 0.054003
9295 0.055546
9296 0.054658
9297 0.052965
9298 0.050410
9299 0.049764
9300 0.046136
9306 0.045521
9307 0.043636
9314 0.041901
9316 0.039636
9319 0.038314
9328 0.038456
9329 0.038684
9330 0.038770
9331 0.038804
9332 0.037305
9333 0.036735
9335 0.036186
9336 0.035624
9347 0.035303
9352 0.036370
9353 0.037853
9354 0.039260
9355 0.040399
9356 0.041546
9441 0.041165
9442 0.042236
9444 0.042717
9445 0.043179
9446 0.043528
9447 0.043848
9474 0.042600
9475 0.041012
9476 0.039412
9477 0.038646
9478 0.038374
9479 0.036620
9480 0.035646
9481 0.035372
9486 0.034951
9487 0.033607
9489 0.032037
9490 0.030887
9491 0.029802
9492 0.029412
9493 0.027916
9517 0.027102
9518 0.026382
9527 0.026200
9528 0.025320
9530 0.023320
9531 0.021878
9534 0.020915
9535 0.020409
9536 0.019965
9540 0.021419
9541 0.021076
9542 0.021245
9543 0.021694
9544 0.022201
9545 0.021861
9548 0.022358
9549 0.022557
9550 0.022109
9552 0.021815
9555 0.022043
9556 0.022616
9557 0.022824
9565 0.024749
9566 0.026718
9568 0.028090
9570 0.029483
9571 0.030174
9572 0.030369
9573 0.030965
9574 0.030952
9575 0.031055
9576 0.031378
9577 0.031281
9613 0.032942
9614 0.031391
9616 0.030373
9617 0.029557
9631 0.028863
9632 0.028303
9633 0.027882
9640 0.027253
9641 0.026723
9648 0.026854
9650 0.026815
9651 0.026186
9654 0.026410
9655 0.026612
9657 0.025078
9658 0.022824
9659 0.020813
9660 0.018417
9666 0.019449
9667 0.019795
9668 0.020361
9669 0.021194
9675 0.021504
9681 0.023774
9682 0.024223
9683 0.022775
9684 0.022814
9685 0.023289
9686 0.024140
9687 0.024740
9688 0.025042
9689 0.025288
9690 0.024876
9692 0.024652
9695 0.025502
9696 0.025732
9697 0.025951
9698 0.025380
9710 0.024895
9712 0.024489
9713 0.024291
9717 0.024201
9718 0.024157
9719 0.022332
9720 0.021400
9721 0.020536
9722 0.019807
9726 0.020884
9727 0.019593
9728 0.019724
9729 0.019757
9730 0.019722
9736 0.019452
9737 0.018717
9738 0.018122
9749 0.019565
9750 0.020895
9787 0.021151
9788 0.021267
9800 0.022721
9801 0.025442
9804 0.029137
9815 0.031166
9927 0.031782
9928 0.031775
9929 0.031825
9947 0.032561
9948 0.032966
9953 0.032507
9954 0.031987
9981 0.031887
9982 0.032025
9983 0.030585
9984 0.029556
10004 0.029021
10005 0.028666
10006 0.028344
10010 0.031166
10011 0.033244
10012 0.035213
10014 0.034954
10015 0.035299
10019 0.035526
10020 0.035873
10021 0.034184
10022 0.033021
10025 0.029675
10026 0.028263
10027 0.028483
10225 0.029719
10226 0.029883
10227 0.029247
10228 0.029049
10229 0.029065
10230 0.029549
10231 0.029473
10468 0.031275
10469 0.033145
10476 0.033990
10477 0.034043
10478 0.034832
10479 0.035853
10480 0.033959
10481 0.032832
10568 0.032082
10569 0.031237
10570 0.030195
10571 0.029861
10572 0.029316
10573 0.027981
10574 0.025899
10575 0.025148
10576 0.024388
10619 0.025213
10622 0.025241
10624 0.025631
10626 0.025890
10627 0.026156
10628 0.025876
10629 0.026718
10630 0.027517
10631 0.026673
10632 0.025699
10633 0.025767
10712 0.028709
10713 0.029563
10714 0.029032
10715 0.027937
10716 0.027101
10872 0.028023
10873 0.028531
10874 0.028086
10875 0.027681
10876 0.028128
10877 0.028771
10896 0.029513
10897 0.029761
10898 0.030292
10899 0.029300
10900 0.028066
10923 0.028175
10925 0.028489
10929 0.028453
10931 0.028877
10932 0.027893
10950 0.027552
10951 0.027636
10952 0.028230
10953 0.028064
10954 0.024923
10955 0.023216
10956 0.023210
10958 0.023176
10959 0.023211
10960 0.024409
10961 0.025822
10980 0.026099
10981 0.025575
10982 0.024656
10983 0.027092
10984 0.029102
11110 0.030275
11145 0.034887
11476 0.035895
11536 0.038142
11537 0.039225
11538 0.040056
11649 0.040375
11801 0.040131
11947 0.040293
11994 0.039935
12170 0.039091
12172 0.038016
12173 0.037608
12184 0.037588
12188 0.038647
12189 0.039385
12190 0.040098
12194 0.040857
12195 0.038197
12196 0.036162
12197 0.035910
12198 0.036430
12199 0.036978
12200 0.034346
12201 0.032425
12204 0.032062
12205 0.027792
12206 0.027462
12207 0.026497
12222 0.029462
12230 0.029709
12231 0.030210
12237 0.030565
12444 0.034182
12463 0.034201
12476 0.033842
12508 0.035873
12509 0.037404
12511 0.038908
12512 0.039043
12514 0.038687
12515 0.038752
12516 0.038389
12518 0.038186
12519 0.038091
12535 0.038901
12536 0.039403
12538 0.040698
12539 0.041564
12540 0.042045
12541 0.041654
12542 0.041371
12543 0.040670
12544 0.039454
12545 0.034515
12546 0.032712
12547 0.031304
12548 0.030371
12549 0.025828
12550 0.025072
12551 0.024559
12552 0.021676
12553 0.019397
12554 0.017716
12555 0.016384
12565 0.017229
12566 0.017827
12567 0.018006
12570 0.018609
12571 0.019227
12572 0.018748
12573 0.018227
12574 0.016484
12575 0.014966
12576 0.013778
12577 0.013028
12579 0.012482
12580 0.012169
12581 0.012516
12582 0.013147
12583 0.013340
12584 0.013761
12585 0.014273
12586 0.014724
12587 0.015149
12588 0.015686
12589 0.016150
12625 0.021042
12639 0.025680
12667 0.028039
12676 0.027637
12677 0.027583
12847 0.029774
12982 0.030520
12994 0.032070
13063 0.033469
13136 0.033590
13274 0.034758
13383 0.035285
13384 0.035460
13421 0.037737
13422 0.040807
13467 0.044664
13489 0.045771
13494 0.046437
13501 0.047782
13508 0.049496
13510 0.050633
13511 0.052165
13512 0.054536
13514 0.057959
13558 0.059063
13559 0.055203
13560 0.051348
13561 0.050183
13562 0.050247
13564 0.051174
13566 0.051665
13567 0.054953
13569 0.060171
13570 0.065374
14500 0.067604
15022 0.071426
15984 0.075794
16244 0.078363
16281 0.076473
16291 0.080235
16718 0.082287
17946 0.085914
18030 0.086118
18873 0.089048
19266 0.089381
19452 0.088602
19630 0.089290
19711 0.090450
19761 0.092665
19763 0.094347
19808 0.096729
19809 0.097586
19810 0.097275
19811 0.096474
19812 0.095119
19813 0.093271
19814 0.089841
19815 0.084700
19821 0.080289
19822 0.077921
19823 0.073319
19824 0.073257
19825 0.073655
19826 0.075499
19827 0.070553
19828 0.066440
19829 0.063407
19830 0.064132
19832 0.060657
19834 0.060247
19973 0.063649
19974 0.063120
19975 0.060461
19988 0.055785
20011 0.053611
20022 0.053027
20113 0.051710
20117 0.051199
20123 0.051778
20124 0.051187
20125 0.049918
20126 0.049297
20127 0.047441
20128 0.046204
20130 0.048059
20131 0.049532
20132 0.046552
20133 0.044207
20134 0.042051
20135 0.039951
20136 0.037716
20142 0.035525
20143 0.033290
20144 0.032299
20145 0.030313
20146 0.026222
20147 0.024576
20148 0.024362
20149 0.023739
20150 0.023234
20151 0.020936
20152 0.020879
20153 0.020589
20154 0.019459
20155 0.019736
20156 0.020321
20157 0.020037
20158 0.019618
20159 0.018202
20160 0.016960
20161 0.015159
20163 0.013989
20164 0.013872
20212 0.014863
20316 0.016552
20411 0.020508
20459 0.022587
20516 0.023031
20539 0.024060
20562 0.025737
20978 0.026186
20980 0.026489
20981 0.026012
20982 0.025547
21012 0.026622
21013 0.027428
21014 0.028065
21015 0.028531
21016 0.028619
21017 0.028263
21018 0.027479
21019 0.026884
21021 0.026678
21026 0.028471
21027 0.029147
21028 0.030456
21030 0.031005
21049 0.030572
21050 0.029787
21052 0.028573
21062 0.025303
21063 0.023198
21064 0.022875
21066 0.021860
21067 0.020229
21070 0.021283
21071 0.021761
21072 0.022071
21073 0.022177
21074 0.020978
21075 0.019749
21076 0.018860
21077 0.018326
21078 0.018026
21080 0.017823
21081 0.017626
21082 0.017417
21083 0.017255
21084 0.015580
21085 0.014977
21088 0.015337
21111 0.016175
21112 0.017857
21113 0.019610
21114 0.020762
21115 0.021737
21116 0.023420
21118 0.024222
21121 0.024249
21535 0.024851
21536 0.023896
21585 0.023955
21922 0.024840
22445 0.025669
22539 0.026409
22611 0.030372
22739 0.032520
22964 0.035146
23052 0.037385
23076 0.040007
23085 0.041848
23142 0.042824
23328 0.044463
23330 0.045873
23331 0.046357
23337 0.045976
23338 0.045231
23339 0.044342
23340 0.043658
23353 0.043168
23354 0.042223
23355 0.040858
23356 0.040230
23359 0.041236
23361 0.041543
23362 0.041699
23363 0.041262
23370 0.040920
23371 0.040379
23372 0.039865
23373 0.036421
23374 0.034696
23384 0.034594
23385 0.034592
23386 0.034162
23388 0.033888
23389 0.034237
23400 0.032913
23401 0.031223
23403 0.029874
23405 0.028652
23406 0.027383
23407 0.026352
23408 0.025116
23409 0.024047
23411 0.023382
23412 0.022733
23413 0.023438
23414 0.022961
23415 0.022577
23417 0.022284
23418 0.021889
23430 0.021017
23431 0.020775
23432 0.020611
23433 0.020430
23434 0.020365
23476 0.019230
23477 0.017598
23478 0.015930
23479 0.014672
23488 0.014233
23500 0.016599
23501 0.017630
23502 0.017648
23503 0.017583
23504 0.017747
23505 0.017957
23540 0.018534
23541 0.018940
23542 0.019184
23616 0.020328
23617 0.020747
23618 0.021419
23621 0.021043
23622 0.020766
23623 0.020673
23624 0.020554
23625 0.021376
23626 0.021811
23627 0.022094
23628 0.022249
23640 0.021136
23641 0.020906
23649 0.022190
23650 0.022198
23651 0.021455
23652 0.018882
23653 0.017850
23654 0.018144
23655 0.018305
23656 0.018383
23657 0.018294
23658 0.019541
23659 0.020089
23660 0.020444
23661 0.019971
23663 0.019233
23665 0.018420
23667 0.018436
23668 0.018361
23669 0.019014
23670 0.019912
23671 0.020131
23672 0.020979
23677 0.023799
23745 0.023840
23746 0.023936
23747 0.023899
23748 0.022385
23749 0.022412
23750 0.022613
23751 0.022846
23752 0.023557
23753 0.023320
23785 0.026196
23786 0.028750
23787 0.030547
23788 0.030063
23807 0.030109
23808 0.029989
23809 0.029810
23810 0.029470
23811 0.029210
23981 0.030859
23983 0.032134
23984 0.032024
23985 0.031656
23986 0.030723
23987 0.029708
23988 0.027155
24179 0.027071
24180 0.026813
24182 0.026631
24183 0.026283
24184 0.025913
24185 0.025742
24186 0.025674
24187 0.024969
24206 0.025609
24207 0.023349
24208 0.021382
24209 0.020459
24210 0.019798
24211 0.019366
24227 0.019906
24228 0.020032
24229 0.020037
24230 0.020198
24243 0.020457
24382 0.021669
24384 0.023907
24577 0.027139
24578 0.027284
24711 0.030531
24860 0.030861
24867 0.031034
24925 0.038709
24927 0.042984
