623 0.045839
624 0.044683
625 0.045097
626 0.044582
627 0.045048
628 0.043311
631 0.045270
653 0.044108
654 0.048014
657 0.049857
658 0.048539
659 0.046657
660 0.047694
667 0.047789
931 0.051517
932 0.051294
934 0.052395
935 0.057223
936 0.059634
937 0.058889
940 0.060463
942 0.058136
945 0.055316
957 0.055162
958 0.057816
964 0.058620
1039 0.059997
1045 0.056746
1144 0.057399
1145 0.057039
1146 0.059856
1147 0.057696
1148 0.059037
1151 0.055158
1152 0.051704
1154 0.048542
1155 0.049532
1156 0.050291
1157 0.049776
1158 0.046703
1159 0.051880
1161 0.050568
1162 0.046905
1163 0.045901
1246 0.046560
1247 0.050555
1248 0.051244
1249 0.056632
1258 0.059180
1259 0.060816
1262 0.062049
1264 0.064169
1266 0.064913
1267 0.063517
1270 0.073677
1271 0.070901
1272 0.069025
1274 0.070913
1275 0.072900
1276 0.075463
1278 0.076552
1279 0.077167
1318 0.077448
1320 0.076180
1321 0.077984
1487 0.072494
1547 0.071872
1882 0.068746
1961 0.067567
2031 0.068668
2034 0.065240
2085 0.066851
2129 0.061297
2154 0.057471
2155 0.054657
2156 0.052112
2157 0.052752
2162 0.052406
2163 0.055349
2164 0.046719
2165 0.048618
2166 0.049725
2168 0.047493
2175 0.049427
2176 0.046306
2177 0.048690
2178 0.050404
2179 0.049723
2180 0.051020
2181 0.048585
2185 0.049127
2186 0.049300
2187 0.056071
2188 0.058408
2203 0.058655
2207 0.059142
2210 0.058084
2213 0.059642
2214 0.061549
2226 0.058156
2239 0.057716
2336 0.057306
2355 0.056399
3001 0.052956
3063 0.052188
3070 0.051654
3247 0.050803
3248 0.050402
3254 0.047232
3255 0.048000
3256 0.045439
3258 0.043835
3259 0.042499
3260 0.041741
3278 0.041631
3279 0.042130
3280 0.042442
3288 0.036689
3289 0.034888
3290 0.034121
3291 0.033215
3312 0.030771
3313 0.029776
3316 0.029777
3317 0.031963
3318 0.033230
3319 0.032105
3320 0.033678
3321 0.034952
3324 0.034418
3325 0.032277
3326 0.032771
3327 0.032146
3328 0.031896
3343 0.031327
3344 0.033213
3345 0.031199
3346 0.030665
3375 0.030055
3376 0.030403
3377 0.031285
3378 0.030558
3432 0.029223
3444 0.029141
3445 0.028124
3447 0.026620
3449 0.028355
3450 0.028440
3478 0.030068
3480 0.029710
3481 0.028783
3498 0.026225
3499 0.027218
3500 0.026755
3502 0.028501
3522 0.028519
3546 0.028958
3547 0.028636
3548 0.031895
3561 0.032098
3562 0.030045
3563 0.032161
3564 0.034066
3565 0.038304
3566 0.039478
3572 0.039208
3573 0.041493
3574 0.042547
3580 0.042454
3581 0.042523
3645 0.045764
3646 0.044951
3647 0.045652
3673 0.042154
3674 0.040774
3692 0.042302
3693 0.044409
3695 0.041999
3697 0.041868
3700 0.041800
3715 0.041807
3716 0.040626
3717 0.040785
3718 0.038451
3719 0.037109
3752 0.039548
3781 0.039089
3782 0.037499
3783 0.033693
3785 0.033473
3789 0.031424
3790 0.029593
3791 0.030058
3793 0.030593
3794 0.030403
3797 0.026756
3798 0.026144
3800 0.025219
3801 0.025767
3802 0.025934
3803 0.023460
3804 0.022418
3805 0.023570
3807 0.023804
3811 0.021806
3812 0.022361
3813 0.023179
3814 0.023619
3815 0.024705
3828 0.025394
3829 0.022378
3830 0.021011
3831 0.021458
3832 0.021492
3845 0.021125
3846 0.021585
3848 0.021417
3849 0.019737
3850 0.019481
3852 0.019831
3855 0.020104
3856 0.021245
3857 0.022476
3858 0.022506
3929 0.021943
3930 0.021897
3931 0.021727
3932 0.020855
3933 0.020332
3938 0.020411
3940 0.025416
3945 0.025646
4806 0.027016
5312 0.025889
5313 0.025674
5520 0.025572
6150 0.026354
6639 0.026190
6766 0.025736
6778 0.024858
6890 0.028288
7178 0.028637
7227 0.029119
7247 0.033121
7836 0.033139
7846 0.033734
7917 0.033057
7944 0.032347
7945 0.031758
7946 0.032553
7947 0.037954
7949 0.036787
7950 0.038756
7962 0.039734
7964 0.040284
7965 0.042194
7966 0.044810
7982 0.043735
7983 0.042662
7992 0.042941
7995 0.045086
7996 0.043685
7997 0.043773
7998 0.044976
7999 0.045882
8000 0.042860
8003 0.042632
8004 0.042265
8005 0.037375
8006 0.037410
8007 0.037405
8010 0.036991
8011 0.036018
8013 0.036976
8014 0.035997
8015 0.034278
8016 0.035038
8017 0.033936
8018 0.033219
8019 0.033257
8030 0.025871
8032 0.024205
8033 0.025468
8034 0.025907
8035 0.027129
8036 0.030104
8049 0.033554
8050 0.033611
8053 0.034452
8054 0.033601
8055 0.032632
8056 0.032261
8057 0.033023
8059 0.037774
8060 0.036982
8061 0.037363
8062 0.037528
8063 0.038888
8064 0.041293
8065 0.047293
8067 0.043862
8069 0.044331
8070 0.043442
8112 0.044559
8126 0.045211
8128 0.045167
8164 0.047152
8165 0.046418
8166 0.047106
8191 0.046779
8192 0.042521
8193 0.038758
8202 0.038576
8227 0.041401
8228 0.044281
8229 0.046173
8230 0.052086
8258 0.053595
8260 0.049013
8437 0.049618
8438 0.051143
8439 0.054742
8448 0.054642
8449 0.054906
8450 0.053051
8451 0.054081
8452 0.054874
8464 0.055290
8465 0.056360
8466 0.056557
8467 0.057338
8468 0.055009
8469 0.053684
8484 0.052182
8485 0.052766
8487 0.053703
8488 0.055107
8495 0.059156
8496 0.057850
8497 0.057508
8498 0.058253
8499 0.052588
8500 0.051879
8502 0.054138
8503 0.054846
8504 0.054856
8506 0.051109
8521 0.051764
8526 0.049123
8543 0.045880
8579 0.049267
8659 0.047374
8714 0.049574
8751 0.046732
8934 0.046454
8956 0.048589
9161 0.047427
9202 0.049631
9204 0.050306
9205 0.049424
9206 0.049620
9208 0.048978
9209 0.047099
9210 0.043544
9213 0.043802
9214 0.041249
9215 0.045129
9216 0.045965
9217 0.043500
9218 0.044532
9219 0.042707
9220 0.042294
9229 0.042626
9230 0.042367
9231 0.044169
9232 0.040546
9233 0.040564
9241 0.036973
9242 0.038841
9243 0.039706
9251 0.038188
9252 0.038100
9253 0.037147
9259 0.037255
9265 0.038549
9266 0.036566
9268 0.036309
9269 0.035191
9271 0.036632
9272 0.033788
9273 0.034351
9277 0.030246
9278 0.028992
9279 0.029143
9280 0.027108
9281 0.026356
9284 0.027113
9285 0.025505
9286 0.026930
9290 0.025348
9291 0.026867
9292 0.026669
9293 0.026673
9294 0.025306
9295 0.024041
9296 0.022514
9297 0.023643
9298 0.023065
9299 0.024495
9300 0.022009
9306 0.023549
9307 0.022633
9314 0.022039
9316 0.021120
9319 0.021653
9328 0.021902
9329 0.021927
9330 0.022489
9331 0.025667
9332 0.026333
9333 0.026565
9335 0.026304
9336 0.030456
9347 0.028768
9352 0.027628
9353 0.025886
9354 0.028523
9355 0.033731
9356 0.036322
9441 0.038956
9442 0.042517
9444 0.042668
9445 0.043703
9446 0.041549
9447 0.041908
9474 0.040664
9475 0.041273
9476 0.040996
9477 0.041991
9478 0.047096
9479 0.047925
9480 0.053056
9481 0.051996
9486 0.053195
9487 0.052265
9489 0.052703
9490 0.053914
9491 0.052448
9492 0.052609
9493 0.054925
9517 0.057734
9518 0.055185
9527 0.053224
9528 0.051030
9530 0.053804
9531 0.052251
9534 0.050877
9535 0.049550
9536 0.051243
9540 0.050790
9541 0.050392
9542 0.050926
9543 0.051618
9544 0.051334
9545 0.047883
9548 0.047552
9549 0.042875
9550 0.042942
9552 0.038728
9555 0.039867
9556 0.039600
9557 0.038721
9565 0.035789
9566 0.036318
9568 0.034308
9570 0.031571
9571 0.032460
9572 0.029697
9573 0.029615
9574 0.024619
9575 0.023612
9576 0.023327
9577 0.025133
9613 0.023556
9614 0.023602
9616 0.024713
9617 0.024595
9631 0.023207
9632 0.023404
9633 0.020875
9640 0.019458
9641 0.020510
9648 0.020166
9650 0.020366
9651 0.019223
9654 0.018662
9655 0.018603
9657 0.018712
9658 0.020155
9659 0.020537
9660 0.020836
9666 0.020342
9667 0.020921
9668 0.023035
9669 0.022373
9675 0.021678
9681 0.023055
9682 0.021407
9683 0.021958
9684 0.022346
9685 0.021430
9686 0.021390
9687 0.022594
9688 0.021572
9689 0.021772
9690 0.022858
9692 0.021741
9695 0.021856
9696 0.021452
9697 0.022658
9698 0.023162
9710 0.023431
9712 0.023070
9713 0.021466
9717 0.022337
9718 0.022586
9719 0.023040
9720 0.022518
9721 0.020072
9722 0.020279
9726 0.019983
9727 0.018660
9728 0.019457
9729 0.020244
9730 0.020367
9736 0.019798
9737 0.019218
9738 0.018841
9749 0.019168
9750 0.019851
9787 0.019802
9788 0.020264
9800 0.021111
9801 0.021385
9804 0.023214
9815 0.023431
9927 0.022650
9928 0.023109
9929 0.022579
9947 0.021660
9948 0.020558
9953 0.021361
9954 0.022595
9981 0.022985
9982 0.022285
9983 0.023826
9984 0.024834
10004 0.024252
10005 0.023016
10006 0.023863
10010 0.025738
10011 0.026284
10012 0.026349
10014 0.025991
10015 0.027615
10019 0.027725
10020 0.026864
10021 0.025678
10022 0.025810
10025 0.023626
10026 0.026195
10027 0.027540
10225 0.028761
10226 0.028362
10227 0.030767
10228 0.032328
10229 0.037810
10230 0.042454
10231 0.043355
10468 0.044758
10469 0.049764
10476 0.050627
10477 0.052335
10478 0.059062
10479 0.059480
10480 0.062106
10481 0.061173
10568 0.060929
10569 0.061472
10570 0.060695
10571 0.064413
10572 0.064372
10573 0.066367
10574 0.070678
10575 0.071506
10576 0.071748
10619 0.070888
10622 0.070593
10624 0.074393
10626 0.075043
10627 0.075117
10628 0.068004
10629 0.062832
10630 0.064837
10631 0.064250
10632 0.063593
10633 0.064896
10712 0.064679
10713 0.057731
10714 0.058486
10715 0.055194
10716 0.058262
10872 0.057548
10873 0.058522
10874 0.059657
10875 0.056010
10876 0.057727
10877 0.057121
10896 0.052574
10897 0.054582
10898 0.055580
10899 0.055854
10900 0.058026
10923 0.055293
10925 0.054320
10929 0.056529
10931 0.057638
10932 0.058211
10950 0.055260
10951 0.054298
10952 0.052375
10953 0.050720
10954 0.050533
10955 0.051660
10956 0.049048
10958 0.048128
10959 0.045225
10960 0.045983
10961 0.044246
10980 0.044570
10981 0.043680
10982 0.043167
10983 0.041641
10984 0.041414
11110 0.040815
11145 0.037199
11476 0.036664
11536 0.038861
11537 0.040623
11538 0.041918
11649 0.042823
11801 0.043005
11947 0.042242
11994 0.041731
12170 0.043154
12172 0.046859
12173 0.045602
12184 0.047488
12188 0.054364
12189 0.054908
12190 0.065228
12194 0.065575
12195 0.065755
12196 0.068748
12197 0.066476
12198 0.071264
12199 0.073091
12200 0.073994
12201 0.078343
12204 0.075417
12205 0.075078
12206 0.075024
12207 0.069961
12222 0.067290
12230 0.063483
12231 0.059520
12237 0.059359
12444 0.060142
12463 0.060780
12476 0.061636
12508 0.054314
12509 0.053979
12511 0.051630
12512 0.044514
12514 0.045261
12515 0.037505
12516 0.036950
12518 0.036989
12519 0.036243
12535 0.035592
12536 0.031873
12538 0.031228
12539 0.030561
12540 0.027356
12541 0.029215
12542 0.031472
12543 0.031125
12544 0.031362
12545 0.034991
12546 0.034860
12547 0.035754
12548 0.034882
12549 0.033706
12550 0.034993
12551 0.033166
12552 0.033478
12553 0.033458
12554 0.032215
12555 0.031535
12565 0.030051
12566 0.027974
12567 0.028479
12570 0.027876
12571 0.027172
12572 0.026933
12573 0.027588
12574 0.026402
12575 0.027411
12576 0.028026
12577 0.025931
12579 0.024006
12580 0.025466
12581 0.026545
12582 0.025860
12583 0.028869
12584 0.027446
12585 0.028691
12586 0.029174
12587 0.027838
12588 0.027617
12589 0.027901
12625 0.029446
12639 0.029852
12667 0.030257
12676 0.030769
12677 0.030474
12847 0.030694
12982 0.031571
12994 0.033093
13063 0.038303
13136 0.038525
13274 0.038234
13383 0.039667
13384 0.038881
13421 0.041350
13422 0.040636
13467 0.040949
13489 0.043240
13494 0.040054
13501 0.039985
13508 0.041012
13510 0.041082
13511 0.041108
13512 0.040617
13514 0.043315
13558 0.045515
13559 0.045927
13560 0.046008
13561 0.046927
13562 0.048277
13564 0.050406
13566 0.050512
13567 0.052029
13569 0.050468
13570 0.045174
14500 0.044875
15022 0.046373
15984 0.050911
16244 0.051761
16281 0.049811
16291 0.050177
16718 0.051510
17946 0.047686
18030 0.048573
18873 0.047958
19266 0.049974
19452 0.049785
19630 0.049369
19711 0.049954
19761 0.048988
19763 0.046737
19808 0.045960
19809 0.046357
19810 0.045860
19811 0.044513
19812 0.045650
19813 0.045301
19814 0.045065
19815 0.044876
19821 0.046615
19822 0.046482
19823 0.046064
19824 0.040705
19825 0.040517
19826 0.040084
19827 0.040900
19828 0.037904
19829 0.038666
19830 0.040030
19832 0.046622
19834 0.043105
19973 0.041851
19974 0.041205
19975 0.040286
19988 0.038439
20011 0.038019
20022 0.037387
20113 0.039477
20117 0.039391
20123 0.039274
20124 0.036409
20125 0.037185
20126 0.036817
20127 0.036376
20128 0.034834
20130 0.035161
20131 0.038902
20132 0.044995
20133 0.052798
20134 0.053368
20135 0.057665
20136 0.062219
20142 0.061088
20143 0.059150
20144 0.053718
20145 0.057917
20146 0.060440
20147 0.069331
20148 0.069276
20149 0.069694
20150 0.073218
20151 0.073633
20152 0.070976
20153 0.071749
20154 0.074960
20155 0.075746
20156 0.074677
20157 0.077475
20158 0.077830
20159 0.081233
20160 0.083073
20161 0.080165
20163 0.077720
20164 0.070272
20212 0.070152
20316 0.065731
20411 0.061305
20459 0.060993
20516 0.061984
20539 0.060370
20562 0.058824
20978 0.056917
20980 0.047905
20981 0.048228
20982 0.050471
21012 0.047113
21013 0.046604
21014 0.047905
21015 0.046525
21016 0.044375
21017 0.046675
21018 0.050204
21019 0.047229
21021 0.046587
21026 0.043014
21027 0.040798
21028 0.038844
21030 0.034407
21049 0.032528
21050 0.032779
21052 0.031891
21062 0.033197
21063 0.033178
21064 0.033169
21066 0.033038
21067 0.031391
21070 0.030562
21071 0.030641
21072 0.031750
21073 0.029292
21074 0.029991
21075 0.030019
21076 0.029216
21077 0.029162
21078 0.029673
21080 0.027303
21081 0.025521
21082 0.025602
21083 0.027754
21084 0.030682
21085 0.031051
21088 0.030833
21111 0.032745
21112 0.039083
21113 0.038558
21114 0.039772
21115 0.041909
21116 0.042172
21118 0.044855
21121 0.045779
21535 0.049594
21536 0.050856
21585 0.053832
21922 0.052843
22445 0.056983
22539 0.057317
22611 0.058387
22739 0.058655
22964 0.061220
23052 0.059130
23076 0.058484
23085 0.057965
23142 0.055926
23328 0.053508
23330 0.053431
23331 0.052745
23337 0.052459
23338 0.050114
23339 0.044943
23340 0.047542
23353 0.047470
23354 0.046870
23355 0.048129
23356 0.044123
23359 0.042756
23361 0.038111
23362 0.038209
23363 0.035222
23370 0.035703
23371 0.031428
23372 0.031937
23373 0.030731
23374 0.029788
23384 0.027984
23385 0.028220
23386 0.027726
23388 0.028270
23389 0.028332
23400 0.028137
23401 0.026706
23403 0.029359
23405 0.032409
23406 0.032342
23407 0.032898
23408 0.032441
23409 0.032839
23411 0.029692
23412 0.031995
23413 0.034017
23414 0.033405
23415 0.036813
23417 0.035489
23418 0.038902
23430 0.039170
23431 0.040315
23432 0.038615
23433 0.038288
23434 0.039897
23476 0.039174
23477 0.041000
23478 0.040732
23479 0.040009
23488 0.040611
23500 0.042391
23501 0.041614
23502 0.038886
23503 0.035779
23504 0.035869
23505 0.036249
23540 0.034872
23541 0.034112
23542 0.034871
23616 0.031962
23617 0.030117
23618 0.029967
23621 0.027113
23622 0.027794
23623 0.028814
23624 0.028251
23625 0.027248
23626 0.026843
23627 0.027443
23628 0.026692
23640 0.026595
23641 0.025002
23649 0.025820
23650 0.026022
23651 0.025340
23652 0.023482
23653 0.023193
23654 0.022826
23655 0.023340
23656 0.022896
23657 0.021677
23658 0.020763
23659 0.019801
23660 0.020249
23661 0.020456
23663 0.021988
23665 0.021467
23667 0.021587
23668 0.022755
23669 0.018858
23670 0.019861
23671 0.021979
23672 0.025826
23677 0.026043
23745 0.025928
23746 0.026940
23747 0.030241
23748 0.031244
23749 0.032797
23750 0.035871
23751 0.041963
23752 0.047595
23753 0.054398
23785 0.054097
23786 0.053994
23787 0.056078
23788 0.059496
23807 0.059565
23808 0.059070
23809 0.062735
23810 0.061934
23811 0.062905
23981 0.063764
23983 0.062003
23984 0.066174
23985 0.064651
23986 0.065541
23987 0.062099
23988 0.062069
24179 0.062292
24180 0.062583
24182 0.064410
24183 0.063053
24184 0.061369
24185 0.061436
24186 0.055350
24187 0.052003
24206 0.045225
24207 0.045949
24208 0.048984
24209 0.046905
24210 0.044068
24211 0.045378
24227 0.046455
24228 0.043559
24229 0.044771
24230 0.044957
24243 0.045562
24382 0.048008
24384 0.043781
24577 0.044933
24578 0.042615
24711 0.042541
24860 0.043303
24867 0.043161
24925 0.042983
24927 0.037420
