5319 0.095573
5321 0.090276
5341 0.090346
5361 0.086974
5371 0.083263
5378 0.078004
5411 0.076604
5418 0.075227
5420 0.073370
5423 0.073104
5426 0.073281
5433 0.072324
5447 0.071119
5456 0.070207
5459 0.071531
5462 0.074492
5482 0.074011
5611 0.074232
5807 0.078493
5814 0.080839
5945 0.082475
6117 0.081010
6120 0.077399
6124 0.075258
6498 0.074733
6715 0.075359
6872 0.073544
6910 0.070043
6917 0.069880
6956 0.067658
6961 0.066739
6966 0.070495
6970 0.075380
6978 0.074974
6982 0.076986
6984 0.078392
6986 0.079527
6998 0.079839
7018 0.080514
7023 0.078126
7040 0.073962
7188 0.074202
7427 0.077221
7635 0.074750
8092 0.075048
8206 0.073180
8348 0.073858
8767 0.076531
9449 0.076453
9584 0.078915
9665 0.079966
10024 0.083529
10139 0.084776
10149 0.083727
10163 0.084278
10200 0.088318
10208 0.083120
10214 0.081413
10220 0.085329
10224 0.082189
10235 0.080562
10257 0.079231
10268 0.079009
10271 0.079788
10277 0.080679
10297 0.083049
10304 0.082697
10322 0.082909
10338 0.083684
10349 0.083242
10366 0.086937
10428 0.085782
10561 0.084259
10807 0.084034
10836 0.080793
10847 0.080261
10857 0.078462
10870 0.078252
10909 0.079898
10914 0.082735
10921 0.080194
10938 0.080893
10945 0.077867
10948 0.078494
10966 0.081194
10972 0.081695
10978 0.081214
10993 0.080259
10998 0.079252
11008 0.077620
11058 0.075502
11066 0.074902
11083 0.073126
11114 0.071306
11127 0.070860
11138 0.070510
11141 0.071840
11144 0.071503
11150 0.072574
11153 0.073842
11157 0.073347
11159 0.074546
11167 0.076502
11178 0.075915
11185 0.074083
11192 0.074714
11194 0.075153
11199 0.076598
11214 0.073616
11276 0.075707
11416 0.076756
11565 0.078627
12345 0.079491
12358 0.081438
12719 0.081899
12795 0.080544
12989 0.082372
13320 0.081632
13403 0.082448
13643 0.083196
13649 0.081874
13653 0.081333
13701 0.080184
13715 0.081345
13742 0.082875
13748 0.082729
13763 0.081040
13769 0.081164
13781 0.080917
13788 0.082686
13792 0.082464
13796 0.085497
13800 0.084540
13803 0.085922
13833 0.081788
13850 0.081350
13879 0.081095
13969 0.080787
13998 0.079197
14000 0.079307
14005 0.079378
14012 0.077765
14023 0.077750
14039 0.079205
14089 0.078417
14093 0.085279
14127 0.083906
14141 0.084864
14162 0.085252
14186 0.083977
14191 0.083319
14196 0.084271
14202 0.081349
14222 0.081154
14231 0.078487
14262 0.077857
14334 0.075915
14346 0.079457
14350 0.080321
14353 0.081974
14355 0.080237
14372 0.080150
14420 0.079575
14424 0.079668
14497 0.076962
14507 0.076348
14555 0.082676
14558 0.082592
14574 0.083051
14583 0.081708
14585 0.073167
14593 0.072752
14611 0.074435
14625 0.073764
14678 0.073496
14688 0.073787
14701 0.073813
14746 0.075151
14754 0.075585
14762 0.075863
14766 0.076896
14792 0.075828
14813 0.071967
14817 0.070766
14819 0.068328
14825 0.071439
14837 0.072832
14871 0.073021
15157 0.076859
15602 0.077670
15613 0.077871
15622 0.071906
15638 0.074096
15646 0.074101
15656 0.075882
15721 0.077644
15732 0.078489
15986 0.076769
16180 0.076409
16182 0.077556
16230 0.078212
16249 0.077613
16251 0.078191
16253 0.077589
16257 0.078211
16263 0.077271
16275 0.077663
16278 0.077975
16280 0.076051
16321 0.077598
16329 0.075973
16334 0.075479
16337 0.076480
16339 0.073513
16345 0.074122
16350 0.076762
16357 0.076959
16370 0.074963
16375 0.071947
16378 0.068923
16381 0.068714
16386 0.069509
16389 0.070241
16392 0.069420
16395 0.072267
16401 0.072978
16404 0.074434
16413 0.073861
16425 0.074315
16429 0.075267
16454 0.076574
16458 0.075412
16462 0.077426
16467 0.079003
16481 0.077459
16490 0.077360
16495 0.078723
16497 0.078465
16502 0.079218
16759 0.078692
17023 0.077509
17026 0.077085
17031 0.079003
17044 0.080906
17059 0.083027
17072 0.082143
17080 0.081556
17093 0.082361
17096 0.081837
17107 0.077213
17112 0.076374
17190 0.076514
17195 0.077856
17198 0.079674
17222 0.078982
17224 0.077769
17227 0.077726
17233 0.077542
17244 0.081230
17254 0.081760
17258 0.080588
17262 0.076881
17270 0.077376
17276 0.074584
17279 0.076402
17286 0.076010
17307 0.076530
17313 0.074231
17320 0.074084
17326 0.077159
17341 0.077257
17346 0.080116
17362 0.079821
17370 0.080907
17412 0.083892
17432 0.085165
17442 0.083689
17448 0.081494
17451 0.080434
17459 0.080059
17808 0.080620
17823 0.081723
17945 0.078836
18127 0.074330
18160 0.075748
18163 0.076071
18169 0.075984
18175 0.076467
18203 0.077183
18209 0.075942
18213 0.076243
18234 0.076815
18252 0.078790
18256 0.080085
18261 0.080103
18266 0.079739
18289 0.077120
18295 0.075731
18359 0.076609
18362 0.074346
18379 0.073156
18389 0.071040
18643 0.073818
19308 0.075620
19397 0.076568
19687 0.075685
19817 0.076815
19920 0.077811
20030 0.077121
20050 0.074610
20058 0.076393
20065 0.077419
20076 0.076923
20082 0.078771
20087 0.079421
20089 0.078969
20098 0.081648
20104 0.081582
20110 0.081669
20112 0.078497
20121 0.078724
20138 0.081457
20141 0.082815
20169 0.082732
20171 0.083546
20178 0.085059
20507 0.089192
20658 0.088572
20815 0.088458
21458 0.086745
21584 0.088991
21749 0.087555
21908 0.087165
21993 0.091010
22161 0.092040
22177 0.091767
22180 0.092724
22192 0.091586
22195 0.092901
22225 0.094348
22228 0.094818
22232 0.092478
22244 0.092388
22249 0.089923
22262 0.089062
22265 0.091297
22288 0.087884
22291 0.086724
22299 0.086590
22305 0.086367
22309 0.085469
22317 0.083028
22320 0.081513
22329 0.078905
22332 0.078746
22336 0.078114
22338 0.078229
22342 0.079760
22345 0.075886
22351 0.075648
22358 0.075722
22362 0.076701
22364 0.076863
22372 0.075740
22383 0.073605
22388 0.073185
22397 0.071743
22401 0.073855
22403 0.076866
22465 0.076701
22470 0.078399
22491 0.078145
22495 0.080115
22523 0.078608
22550 0.078736
22568 0.078142
22944 0.077543
23397 0.078930
23499 0.077818
23509 0.082260
23512 0.081821
23518 0.081576
23530 0.080873
23535 0.083095
23560 0.082448
23615 0.083773
23620 0.081901
23630 0.083002
23643 0.083497
23699 0.083375
23720 0.085169
23722 0.089450
23730 0.087549
23759 0.087110
23771 0.087688
24051 0.085348
24170 0.088538
24340 0.087770
24358 0.090617
24877 0.089999
