5319 0.058581
5321 0.054302
5341 0.049812
5361 0.044190
5371 0.037135
5378 0.035995
5411 0.034822
5418 0.033325
5420 0.033403
5423 0.035344
5426 0.035517
5433 0.032611
5447 0.031799
5456 0.033113
5459 0.032600
5462 0.032551
5482 0.032586
5611 0.031164
5807 0.029303
5814 0.029197
5945 0.029012
6117 0.026480
6120 0.030131
6124 0.029658
6498 0.028712
6715 0.033085
6872 0.034228
6910 0.037715
6917 0.038075
6956 0.036862
6961 0.039637
6966 0.038358
6970 0.043547
6978 0.046068
6982 0.045569
6984 0.048362
6986 0.048114
6998 0.045465
7018 0.044192
7023 0.047850
7040 0.049409
7188 0.050611
7427 0.053143
7635 0.053300
8092 0.052469
8206 0.054786
8348 0.057570
8767 0.057582
9449 0.058978
9584 0.062018
9665 0.056115
10024 0.054581
10139 0.052064
10149 0.056859
10163 0.058331
10200 0.056256
10208 0.057906
10214 0.053924
10220 0.056526
10224 0.055929
10235 0.054821
10257 0.056899
10268 0.060799
10271 0.062322
10277 0.060597
10297 0.059069
10304 0.060232
10322 0.058564
10338 0.061137
10349 0.060472
10366 0.060569
10428 0.058340
10561 0.058696
10807 0.058624
10836 0.055751
10847 0.055442
10857 0.057256
10870 0.057654
10909 0.051955
10914 0.050846
10921 0.052709
10938 0.053267
10945 0.055306
10948 0.054376
10966 0.053463
10972 0.054351
10978 0.055123
10993 0.053312
10998 0.052014
11008 0.051581
11058 0.052244
11066 0.055515
11083 0.056190
11114 0.056749
11127 0.059550
11138 0.057893
11141 0.057779
11144 0.054568
11150 0.055304
11153 0.054857
11157 0.057631
11159 0.056771
11167 0.055069
11178 0.056592
11185 0.058260
11192 0.055843
11194 0.055105
11199 0.052181
11214 0.048122
11276 0.049515
11416 0.048601
11565 0.045182
12345 0.045084
12358 0.049733
12719 0.051605
12795 0.052957
12989 0.048041
13320 0.056960
13403 0.060497
13643 0.058534
13649 0.059471
13653 0.061483
13701 0.063366
13715 0.063939
13742 0.064167
13748 0.062625
13763 0.062804
13769 0.064970
13781 0.065806
13788 0.063500
13792 0.064022
13796 0.064910
13800 0.066280
13803 0.068422
13833 0.066965
13850 0.064892
13879 0.066992
13969 0.065365
13998 0.061436
14000 0.057905
14005 0.059123
14012 0.061117
14023 0.051931
14039 0.046085
14089 0.046633
14093 0.047500
14127 0.045921
14141 0.042710
14162 0.041176
14186 0.041404
14191 0.041575
14196 0.039629
14202 0.040696
14222 0.043658
14231 0.046025
14262 0.045637
14334 0.046255
14346 0.046728
14350 0.046337
14353 0.047417
14355 0.048993
14372 0.047081
14420 0.047235
14424 0.045140
14497 0.046249
14507 0.044543
14555 0.045715
14558 0.045063
14574 0.044336
14583 0.043486
14585 0.043966
14593 0.043299
14611 0.044368
14625 0.044736
14678 0.046112
14688 0.045921
14701 0.047950
14746 0.046270
14754 0.042010
14762 0.040737
14766 0.040534
14792 0.037745
14813 0.037450
14817 0.038414
14819 0.039034
14825 0.039139
14837 0.040325
14871 0.040997
15157 0.043731
15602 0.045818
15613 0.047045
15622 0.044791
15638 0.044638
15646 0.045793
15656 0.045395
15721 0.042241
15732 0.042341
15986 0.041463
16180 0.040224
16182 0.041554
16230 0.040455
16249 0.039537
16251 0.039647
16253 0.043120
16257 0.045919
16263 0.052548
16275 0.053339
16278 0.051540
16280 0.051856
16321 0.050873
16329 0.049806
16334 0.049970
16337 0.050983
16339 0.052892
16345 0.054762
16350 0.054549
16357 0.053343
16370 0.054023
16375 0.052857
16378 0.056962
16381 0.058967
16386 0.058774
16389 0.059495
16392 0.059546
16395 0.056945
16401 0.058237
16404 0.055742
16413 0.055174
16425 0.051338
16429 0.049722
16454 0.045642
16458 0.045340
16462 0.045623
16467 0.044271
16481 0.044338
16490 0.044673
16495 0.043970
16497 0.043129
16502 0.038869
16759 0.035617
17023 0.036000
17026 0.036840
17031 0.037078
17044 0.041858
17059 0.042953
17072 0.044385
17080 0.046756
17093 0.051849
17096 0.053460
17107 0.054266
17112 0.053141
17190 0.055818
17195 0.066234
17198 0.069097
17222 0.067417
17224 0.073194
17227 0.082802
17233 0.083337
17244 0.081742
17254 0.083676
17258 0.086213
17262 0.086230
17270 0.088092
17276 0.090335
17279 0.089770
17286 0.089411
17307 0.088433
17313 0.088580
17320 0.083866
17326 0.082397
17341 0.078961
17346 0.076868
17362 0.075073
17370 0.073350
17412 0.079896
17432 0.084717
17442 0.082229
17448 0.073774
17451 0.075393
17459 0.079700
17808 0.076264
17823 0.068243
17945 0.072228
18127 0.072243
18160 0.074277
18163 0.071266
18169 0.075257
18175 0.076627
18203 0.074180
18209 0.076636
18213 0.074995
18234 0.074591
18252 0.076485
18256 0.077836
18261 0.077009
18266 0.078971
18289 0.078903
18295 0.075354
18359 0.078842
18362 0.071856
18379 0.066369
18389 0.066784
18643 0.064184
19308 0.063071
19397 0.062624
19687 0.065320
19817 0.066540
19920 0.067852
20030 0.076879
20050 0.072903
20058 0.073172
20065 0.069319
20076 0.071684
20082 0.071212
20087 0.068826
20089 0.067883
20098 0.069400
20104 0.068335
20110 0.067969
20112 0.073278
20121 0.071226
20138 0.070946
20141 0.076671
20169 0.073622
20171 0.074194
20178 0.076697
20507 0.079665
20658 0.086458
20815 0.084001
21458 0.081762
21584 0.076259
21749 0.083485
21908 0.078315
21993 0.070347
22161 0.069757
22177 0.070200
22180 0.069381
22192 0.062588
22195 0.064719
22225 0.065203
22228 0.066223
22232 0.065310
22244 0.062980
22249 0.063158
22262 0.060544
22265 0.060527
22288 0.062095
22291 0.057072
22299 0.057975
22305 0.057876
22309 0.056993
22317 0.054300
22320 0.047838
22329 0.046328
22332 0.044834
22336 0.043414
22338 0.034859
22342 0.037122
22345 0.037642
22351 0.038223
22358 0.040007
22362 0.041202
22364 0.041960
22372 0.040022
22383 0.038697
22388 0.040356
22397 0.042286
22401 0.043654
22403 0.044178
22465 0.040281
22470 0.040222
22491 0.038594
22495 0.038147
22523 0.037345
22550 0.035864
22568 0.035168
22944 0.034878
23397 0.034878
23499 0.040797
23509 0.042296
23512 0.044259
23518 0.044469
23530 0.041792
23535 0.041611
23560 0.042089
23615 0.040199
23620 0.040552
23630 0.039807
23643 0.040521
23699 0.041048
23720 0.040627
23722 0.037986
23730 0.036767
23759 0.035787
23771 0.035481
24051 0.036561
24170 0.042352
24340 0.041357
24358 0.040366
24877 0.044499
