920 0.051633
921 0.048132
922 0.045652
928 0.045197
929 0.045161
930 0.044960
968 0.043336
969 0.042142
970 0.041174
971 0.039594
972 0.036848
973 0.035191
974 0.033298
975 0.031936
976 0.031198
978 0.030703
979 0.030501
980 0.029770
983 0.032302
987 0.035287
989 0.036471
990 0.037561
991 0.037403
992 0.036573
993 0.034424
994 0.030799
997 0.029015
1021 0.028749
1070 0.030650
1071 0.030590
1102 0.035020
1380 0.035527
1389 0.041542
1427 0.044068
1463 0.048305
1512 0.049647
1526 0.054131
1595 0.057036
1787 0.058280
1974 0.060764
2171 0.062205
2173 0.063469
2174 0.064508
2218 0.063065
2219 0.061245
2220 0.060901
2221 0.059689
2222 0.059212
2223 0.059592
2224 0.060702
2225 0.061150
2228 0.060598
2229 0.058926
2230 0.054613
2231 0.052879
2232 0.047060
2235 0.046902
2237 0.041322
2238 0.039039
2240 0.035070
2241 0.033971
2242 0.029835
2243 0.028559
2244 0.028364
2245 0.026818
2259 0.027078
2261 0.026998
2262 0.026752
2263 0.025048
2264 0.023924
2265 0.022959
2321 0.023899
2322 0.024125
2323 0.023851
2324 0.023398
2325 0.023562
2326 0.023651
2327 0.023854
2328 0.023690
2330 0.023708
2332 0.024132
2333 0.024494
2334 0.024916
2335 0.025180
2337 0.024778
2338 0.024460
2383 0.024136
2384 0.022515
2385 0.021439
2386 0.020604
2387 0.019174
2398 0.023730
2399 0.027579
2526 0.031034
2540 0.032709
2607 0.036063
2654 0.040930
2658 0.041031
3414 0.045363
3658 0.047873
3958 0.055731
3998 0.059019
4003 0.063916
4063 0.066571
4152 0.067245
4293 0.070645
4427 0.071859
4532 0.074385
4624 0.075819
4634 0.081318
4830 0.085997
4831 0.088355
4870 0.091320
4871 0.093739
4872 0.095553
4876 0.097584
4877 0.093452
4878 0.090685
4882 0.091296
4883 0.092837
4884 0.092674
4891 0.088125
4892 0.088179
4893 0.083826
4895 0.081489
4896 0.073847
4897 0.070868
4898 0.066626
4901 0.065247
4909 0.068745
4910 0.067851
4911 0.068176
4912 0.066387
4913 0.065633
4914 0.061479
4916 0.058892
4919 0.058527
4921 0.057325
4922 0.056369
4932 0.057147
4933 0.056312
4934 0.055418
4935 0.054029
4936 0.049546
4937 0.045894
4938 0.042403
4939 0.040690
4940 0.039600
4941 0.039153
4942 0.038815
4945 0.040207
4946 0.040699
4947 0.040391
4948 0.039357
4949 0.034963
4950 0.031916
4951 0.029895
4958 0.028596
4959 0.027592
4960 0.026914
4961 0.025732
4962 0.024919
4963 0.024561
5033 0.026080
5035 0.027123
5072 0.028687
5080 0.030292
5081 0.031643
5082 0.032326
5084 0.033669
5085 0.033993
5086 0.035023
5136 0.036191
5153 0.040153
5156 0.043025
5171 0.043511
5189 0.042867
5192 0.045431
5385 0.052884
5492 0.054071
5554 0.056637
5575 0.060991
5607 0.061248
5907 0.066771
5924 0.070624
5926 0.072694
5927 0.073907
5969 0.073865
5970 0.071903
5972 0.070225
5973 0.069219
5974 0.068892
5975 0.069424
5976 0.071060
5977 0.072322
5978 0.074203
5979 0.075508
5980 0.076298
6006 0.074777
6007 0.073544
6008 0.072358
6009 0.072399
6010 0.069486
6011 0.061867
6012 0.060926
6013 0.058880
6014 0.054763
6015 0.054885
6016 0.050835
6017 0.048883
6018 0.047894
6019 0.046624
6020 0.046223
6021 0.046911
6022 0.046434
6023 0.046098
6024 0.045532
6025 0.045285
6026 0.043679
6027 0.041600
6028 0.040306
6029 0.038935
6065 0.037926
6066 0.035872
6067 0.034358
6068 0.033857
6069 0.033943
6070 0.034108
6073 0.038170
6074 0.041023
6077 0.044486
6079 0.047869
6083 0.047631
6086 0.048369
6161 0.051262
6163 0.053275
6190 0.054230
6305 0.060992
7107 0.060798
7942 0.063297
7993 0.062973
8068 0.065265
8086 0.064653
8645 0.065028
8800 0.066245
8810 0.065995
8817 0.065488
8828 0.065306
8847 0.065962
8848 0.066836
8849 0.066869
8850 0.066889
8851 0.067073
8852 0.063453
8853 0.060805
8867 0.059049
8868 0.056712
8869 0.057494
8870 0.055875
8871 0.051610
8872 0.048299
8873 0.046638
8874 0.039308
8875 0.038162
8877 0.034350
8878 0.033249
8879 0.029558
8881 0.030130
8882 0.029523
8883 0.027836
8884 0.027252
8886 0.026705
8887 0.026010
8888 0.024913
8889 0.025137
8890 0.025104
8891 0.024995
8892 0.026082
8893 0.027186
8895 0.028368
8902 0.029045
8905 0.030728
8907 0.031574
8984 0.033238
8987 0.033616
8988 0.034740
8990 0.035821
9011 0.036132
9059 0.036807
9061 0.037718
9182 0.039920
9183 0.039931
9184 0.037696
9185 0.036988
9186 0.037228
9187 0.037473
9188 0.037736
9189 0.037746
9190 0.039338
9191 0.038813
9192 0.038587
9193 0.044738
9194 0.047044
9197 0.048464
9198 0.048696
9200 0.048095
9201 0.046660
9203 0.046330
9276 0.045558
9301 0.046127
9339 0.046793
9367 0.047866
9434 0.048809
9450 0.050531
9451 0.051186
9452 0.050583
9453 0.051842
9455 0.053097
9456 0.053875
9457 0.054009
9458 0.055838
9461 0.056461
9462 0.056954
9463 0.055694
9464 0.054898
9466 0.059025
9467 0.052839
9468 0.050133
9472 0.051745
9473 0.051894
9514 0.051666
9515 0.052429
9516 0.052434
9537 0.051577
9538 0.050248
9539 0.048302
9551 0.049003
9567 0.058309
9615 0.056431
9673 0.057093
9711 0.056053
10036 0.059205
10037 0.062226
10057 0.065180
10091 0.071667
10157 0.071824
10382 0.073277
10458 0.073624
10501 0.077701
10505 0.077796
10506 0.073251
10507 0.073150
10508 0.072414
10522 0.068207
10530 0.070017
10531 0.070302
10532 0.069601
10533 0.069297
10534 0.069604
10535 0.070170
10538 0.072380
10542 0.072787
10543 0.064129
10544 0.064954
10546 0.063700
10547 0.064116
10548 0.060387
10549 0.057831
10550 0.054519
10551 0.047824
10552 0.046093
10553 0.043833
10554 0.042695
10555 0.037970
10556 0.037348
10557 0.036879
10558 0.036541
10559 0.036716
10589 0.037271
10590 0.034117
10591 0.032562
10620 0.036551
10621 0.038764
10625 0.039965
10673 0.041665
10679 0.040430
10680 0.038205
10681 0.037220
11319 0.037286
11691 0.042927
12123 0.042405
12243 0.045245
12260 0.045791
12315 0.047052
12316 0.047368
12338 0.047982
12339 0.048538
12593 0.050056
12849 0.053951
12850 0.057014
12851 0.059140
12852 0.060438
12858 0.060857
12859 0.060671
12860 0.060786
12863 0.063337
12864 0.059472
12865 0.056883
12866 0.055081
12867 0.052633
12868 0.051705
12869 0.050802
12870 0.050120
12877 0.049809
12879 0.044410
12880 0.044925
12881 0.042062
12882 0.040633
12883 0.039908
12884 0.040055
12885 0.040346
12886 0.041308
12935 0.044937
12936 0.045128
12952 0.045052
12962 0.046257
12965 0.046755
12981 0.047809
13020 0.049199
13021 0.049538
13022 0.046381
13023 0.044541
13024 0.043518
13025 0.043015
13026 0.042788
13027 0.042617
13038 0.043150
13039 0.043243
13040 0.042589
13058 0.042702
13059 0.042914
13060 0.043176
13062 0.042615
13064 0.042810
13069 0.043829
13070 0.043009
13071 0.041751
13072 0.036930
13073 0.033337
13077 0.030920
13078 0.027798
13079 0.026086
13090 0.024308
13091 0.022509
13099 0.023320
13101 0.026651
13103 0.029379
13105 0.031668
13107 0.033233
13267 0.034303
13268 0.034576
13270 0.033920
13271 0.033432
13272 0.032913
13273 0.031725
13275 0.030813
13276 0.030157
13279 0.033511
13280 0.034484
13281 0.034162
13282 0.034440
13283 0.034724
13289 0.035969
13292 0.036959
13293 0.037176
13294 0.037261
13295 0.037011
13296 0.036400
13297 0.036201
13301 0.035345
13302 0.032800
13303 0.031370
13304 0.030199
13305 0.029682
13314 0.030467
13316 0.030616
13317 0.030453
13318 0.030426
13365 0.032901
13448 0.036054
13449 0.040038
13474 0.040136
13475 0.036987
13507 0.036723
13509 0.035976
13574 0.035866
13576 0.035777
13577 0.035010
13578 0.034286
13579 0.034225
13583 0.034400
13586 0.036569
13587 0.036751
13588 0.036523
13589 0.035903
13590 0.035946
13593 0.036766
13594 0.036360
13595 0.036330
13596 0.036193
13619 0.038875
13623 0.041230
13624 0.042066
13625 0.039938
13626 0.037046
13631 0.032824
13633 0.032839
13634 0.034055
13635 0.034988
13638 0.036920
13639 0.038748
13640 0.039077
13641 0.039462
13770 0.041392
13771 0.042129
13772 0.042893
13773 0.042153
13774 0.045141
13775 0.047004
13783 0.047254
13784 0.046448
13786 0.044937
13793 0.046010
13794 0.045558
13804 0.046835
13805 0.044854
13808 0.043253
13809 0.043605
13822 0.044322
13823 0.044887
13824 0.046923
13825 0.049657
13945 0.053124
13990 0.053699
14002 0.055173
14080 0.054185
14082 0.054151
14087 0.055009
14225 0.055440
14373 0.057037
14954 0.058001
15043 0.057538
15079 0.059089
15249 0.058525
15303 0.061765
15366 0.065345
15380 0.068138
15408 0.068141
15455 0.069635
15639 0.069315
15640 0.070135
15641 0.071311
15642 0.072736
15644 0.075485
15694 0.074742
15696 0.072905
15697 0.071334
15700 0.067514
15701 0.064444
15702 0.060277
15706 0.061614
15707 0.063503
15710 0.061976
15711 0.059321
15714 0.059148
15715 0.058290
15716 0.058718
15717 0.055550
15718 0.056055
15719 0.055687
15734 0.053220
15735 0.050503
15736 0.049664
15737 0.048431
15769 0.048735
15771 0.049019
15923 0.049082
15924 0.047552
15925 0.044364
15926 0.044605
15927 0.044865
15928 0.043668
15929 0.043047
15930 0.043874
15931 0.044912
16018 0.043634
16019 0.041558
16020 0.041338
16022 0.041787
16023 0.039756
16026 0.038610
16027 0.037621
16029 0.035969
16030 0.033840
16031 0.029824
16032 0.028170
16033 0.027524
16034 0.026780
16035 0.026363
16036 0.024232
16037 0.023326
16038 0.022566
16039 0.022548
16143 0.023273
16144 0.024083
16146 0.024278
16147 0.024478
16148 0.025409
16201 0.025865
16202 0.025787
16203 0.024776
16204 0.024782
16206 0.027496
16330 0.028852
16534 0.031794
17316 0.032057
17383 0.049362
17796 0.054126
18007 0.056399
18010 0.057454
18660 0.060381
19231 0.060708
19732 0.063508
20059 0.068225
20454 0.069188
20702 0.070667
20993 0.071737
21002 0.071403
21320 0.071523
23216 0.072444
23423 0.074535
23429 0.076263
23536 0.076883
23537 0.076655
23538 0.077109
23549 0.078467
23550 0.081165
23551 0.080353
23552 0.079617
23553 0.076989
23554 0.076881
23555 0.059417
23556 0.055114
23561 0.054359
23562 0.053710
23563 0.050932
23564 0.050493
23566 0.050510
23568 0.047466
23569 0.047076
23570 0.044997
23571 0.043307
23572 0.043079
23573 0.041879
23575 0.040583
23576 0.037998
23577 0.035931
23578 0.034139
23583 0.034214
23585 0.033268
23587 0.031494
23588 0.028596
23598 0.027261
23599 0.026389
23600 0.025592
23603 0.025686
23604 0.025655
23605 0.025465
23606 0.025413
23609 0.026213
23610 0.027441
23612 0.028256
23613 0.026950
23633 0.026519
23634 0.025996
23636 0.025887
23676 0.026896
23784 0.028772
23830 0.028960
23864 0.029040
23937 0.033242
24055 0.033783
24198 0.033860
24201 0.033462
24249 0.033525
24558 0.034403
24803 0.035377
24805 0.035444
24806 0.035126
24807 0.035148
24809 0.035039
24810 0.034901
24812 0.035889
24813 0.036306
24814 0.036845
24838 0.035967
24839 0.035271
24841 0.033478
24842 0.031661
24843 0.031469
24844 0.030652
24845 0.029390
24846 0.026944
24847 0.026955
24848 0.025976
24850 0.021472
24858 0.021946
24859 0.022674
24861 0.023078
24862 0.023391
24863 0.022685
24865 0.021407
24868 0.020781
24869 0.021766
24870 0.022268
24871 0.022436
24872 0.022617
24947 0.021904
24948 0.020547
24949 0.019185
24965 0.018943
24966 0.018803
24967 0.018935
24968 0.019221
24969 0.018267
