920 0.051684
921 0.051755
922 0.044323
928 0.045604
929 0.048896
930 0.053245
968 0.054198
969 0.057710
970 0.056351
971 0.058851
972 0.060199
973 0.065735
974 0.063486
975 0.064627
976 0.061620
978 0.060271
979 0.063037
980 0.060633
983 0.060155
987 0.058690
989 0.059656
990 0.058764
991 0.060175
992 0.054368
993 0.051741
994 0.053194
997 0.053446
1021 0.053334
1070 0.054307
1071 0.050283
1102 0.047572
1380 0.047350
1389 0.044316
1427 0.044536
1463 0.042713
1512 0.046751
1526 0.042249
1595 0.039083
1787 0.039470
1974 0.038941
2171 0.046459
2173 0.049955
2174 0.048968
2218 0.053595
2219 0.060699
2220 0.059648
2221 0.067966
2222 0.065591
2223 0.068002
2224 0.070104
2225 0.075007
2228 0.074759
2229 0.075531
2230 0.075173
2231 0.075169
2232 0.077453
2235 0.076445
2237 0.075961
2238 0.078080
2240 0.076955
2241 0.071429
2242 0.070063
2243 0.070850
2244 0.070555
2245 0.070936
2259 0.062666
2261 0.056266
2262 0.057260
2263 0.053454
2264 0.045600
2265 0.045573
2321 0.035933
2322 0.038752
2323 0.037219
2324 0.037360
2325 0.031545
2326 0.033996
2327 0.033645
2328 0.035807
2330 0.037703
2332 0.033891
2333 0.034799
2334 0.036783
2335 0.036549
2337 0.037904
2338 0.038655
2383 0.040108
2384 0.041225
2385 0.041793
2386 0.043978
2387 0.046706
2398 0.045661
2399 0.047491
2526 0.047594
2540 0.046974
2607 0.053215
2654 0.055016
2658 0.053157
3414 0.052831
3658 0.054945
3958 0.054684
3998 0.054090
4003 0.055066
4063 0.050516
4152 0.049742
4293 0.053117
4427 0.052809
4532 0.052761
4624 0.050937
4634 0.049801
4830 0.050882
4831 0.049105
4870 0.050669
4871 0.050887
4872 0.049381
4876 0.046005
4877 0.045751
4878 0.044038
4882 0.044356
4883 0.044453
4884 0.038807
4891 0.037137
4892 0.036120
4893 0.035564
4895 0.031086
4896 0.031810
4897 0.029830
4898 0.028316
4901 0.028841
4909 0.028410
4910 0.025459
4911 0.027380
4912 0.028309
4913 0.028581
4914 0.028352
4916 0.027263
4919 0.029214
4921 0.027112
4922 0.025733
4932 0.024928
4933 0.025759
4934 0.026524
4935 0.027913
4936 0.028528
4937 0.029029
4938 0.029053
4939 0.030704
4940 0.033513
4941 0.034366
4942 0.034179
4945 0.033300
4946 0.034288
4947 0.033596
4948 0.033016
4949 0.032051
4950 0.032896
4951 0.030839
4958 0.029535
4959 0.028250
4960 0.030114
4961 0.029951
4962 0.027779
4963 0.027085
5033 0.026956
5035 0.026593
5072 0.026221
5080 0.025223
5081 0.022897
5082 0.024279
5084 0.026773
5085 0.033627
5086 0.034299
5136 0.033796
5153 0.036871
5156 0.039390
5171 0.042540
5189 0.041458
5192 0.045299
5385 0.048172
5492 0.048510
5554 0.052936
5575 0.053416
5607 0.052614
5907 0.052666
5924 0.051884
5926 0.051756
5927 0.051875
5969 0.051661
5970 0.052437
5972 0.053105
5973 0.052637
5974 0.052060
5975 0.051804
5976 0.048422
5977 0.046238
5978 0.040182
5979 0.038366
5980 0.037840
6006 0.034954
6007 0.033338
6008 0.030890
6009 0.032437
6010 0.029434
6011 0.029436
6012 0.032999
6013 0.027265
6014 0.027157
6015 0.032929
6016 0.037439
6017 0.042209
6018 0.041201
6019 0.041104
6020 0.046561
6021 0.050182
6022 0.052311
6023 0.058747
6024 0.065298
6025 0.067349
6026 0.071975
6027 0.071262
6028 0.072507
6029 0.081330
6065 0.079916
6066 0.082284
6067 0.088094
6068 0.089098
6069 0.088972
6070 0.088176
6073 0.086005
6074 0.082488
6077 0.083642
6079 0.083602
6083 0.080335
6086 0.078634
6161 0.076550
6163 0.079012
6190 0.079828
6305 0.075789
7107 0.073523
7942 0.070634
7993 0.065580
8068 0.059516
8086 0.059438
8645 0.056389
8800 0.058238
8810 0.057928
8817 0.050047
8828 0.052840
8847 0.051723
8848 0.047976
8849 0.046724
8850 0.046732
8851 0.048591
8852 0.051423
8853 0.052953
8867 0.055415
8868 0.055518
8869 0.053058
8870 0.050185
8871 0.050006
8872 0.051037
8873 0.055289
8874 0.054049
8875 0.052615
8877 0.053267
8878 0.052369
8879 0.056132
8881 0.054954
8882 0.056779
8883 0.060786
8884 0.059049
8886 0.058696
8887 0.061998
8888 0.063744
8889 0.062714
8890 0.062642
8891 0.061375
8892 0.059476
8893 0.056925
8895 0.054834
8902 0.051501
8905 0.052695
8907 0.052020
8984 0.052959
8987 0.049388
8988 0.046317
8990 0.042914
9011 0.042562
9059 0.044871
9061 0.044930
9182 0.047075
9183 0.043799
9184 0.042998
9185 0.039968
9186 0.034369
9187 0.035241
9188 0.035798
9189 0.032473
9190 0.028691
9191 0.026583
9192 0.026156
9193 0.027669
9194 0.027678
9197 0.026736
9198 0.027738
9200 0.027601
9201 0.026754
9203 0.027792
9276 0.027197
9301 0.028215
9339 0.028524
9367 0.027740
9434 0.027390
9450 0.024278
9451 0.023594
9452 0.021592
9453 0.022285
9455 0.023204
9456 0.024590
9457 0.024869
9458 0.024208
9461 0.023250
9462 0.021309
9463 0.024022
9464 0.026222
9466 0.028037
9467 0.027387
9468 0.029149
9472 0.031022
9473 0.030857
9514 0.031861
9515 0.030447
9516 0.029468
9537 0.028994
9538 0.028905
9539 0.028921
9551 0.028255
9567 0.028647
9615 0.029361
9673 0.030487
9711 0.029946
10036 0.028353
10037 0.028008
10057 0.026678
10091 0.025827
10157 0.025397
10382 0.025346
10458 0.029456
10501 0.027074
10505 0.028351
10506 0.026786
10507 0.026876
10508 0.025160
10522 0.026477
10530 0.027037
10531 0.026045
10532 0.026604
10533 0.026549
10534 0.027036
10535 0.026205
10538 0.025844
10542 0.031967
10543 0.031769
10544 0.031611
10546 0.035989
10547 0.040276
10548 0.044891
10549 0.052208
10550 0.057095
10551 0.058732
10552 0.063339
10553 0.069984
10554 0.074898
10555 0.078548
10556 0.078787
10557 0.078295
10558 0.081766
10559 0.087358
10589 0.084538
10590 0.083878
10591 0.086223
10620 0.088096
10621 0.088295
10625 0.089703
10673 0.090283
10679 0.095176
10680 0.090626
10681 0.092110
11319 0.094205
11691 0.090326
12123 0.086051
12243 0.082648
12260 0.075526
12315 0.070546
12316 0.069937
12338 0.065014
12339 0.063042
12593 0.053446
12849 0.052347
12850 0.051032
12851 0.055625
12852 0.051612
12858 0.046272
12859 0.045913
12860 0.045465
12863 0.043948
12864 0.042034
12865 0.042178
12866 0.041344
12867 0.041369
12868 0.036439
12869 0.034960
12870 0.033266
12877 0.030307
12879 0.030002
12880 0.030080
12881 0.030515
12882 0.031658
12883 0.034623
12884 0.038986
12885 0.045110
12886 0.051299
12935 0.053170
12936 0.050249
12952 0.047633
12962 0.044616
12965 0.046450
12981 0.046521
13020 0.046564
13021 0.047090
13022 0.052506
13023 0.055814
13024 0.056619
13025 0.056914
13026 0.058357
13027 0.063164
13038 0.063842
13039 0.065195
13040 0.065784
13058 0.065179
13059 0.065888
13060 0.064622
13062 0.062843
13064 0.059728
13069 0.054620
13070 0.049604
13071 0.038266
13072 0.037012
13073 0.040092
13077 0.042085
13078 0.040966
13079 0.040284
13090 0.041666
13091 0.041608
13099 0.041226
13101 0.035418
13103 0.034364
13105 0.037147
13107 0.036278
13267 0.034684
13268 0.029536
13270 0.029306
13271 0.028190
13272 0.027613
13273 0.026619
13275 0.029397
13276 0.029477
13279 0.029422
13280 0.030671
13281 0.030263
13282 0.030122
13283 0.034870
13289 0.034584
13292 0.034568
13293 0.032655
13294 0.033234
13295 0.031678
13296 0.037667
13297 0.038804
13301 0.038959
13302 0.038855
13303 0.037225
13304 0.034836
13305 0.034639
13314 0.035071
13316 0.035608
13317 0.035711
13318 0.036039
13365 0.039570
13448 0.042181
13449 0.039028
13474 0.038997
13475 0.040805
13507 0.042676
13509 0.043625
13574 0.043019
13576 0.037933
13577 0.037953
13578 0.037260
13579 0.037998
13583 0.040808
13586 0.041697
13587 0.035911
13588 0.035836
13589 0.035583
13590 0.036573
13593 0.035453
13594 0.036754
13595 0.037829
13596 0.038141
13619 0.038245
13623 0.038909
13624 0.040978
13625 0.037493
13626 0.036350
13631 0.036887
13633 0.037646
13634 0.036884
13635 0.033735
13638 0.033203
13639 0.034262
13640 0.035071
13641 0.034538
13770 0.034427
13771 0.035047
13772 0.031889
13773 0.031697
13774 0.032429
13775 0.032675
13783 0.033933
13784 0.035905
13786 0.039478
13793 0.036776
13794 0.037245
13804 0.036178
13805 0.036806
13808 0.035631
13809 0.033277
13822 0.033220
13823 0.031879
13824 0.031792
13825 0.034690
13945 0.034951
13990 0.035462
14002 0.035633
14080 0.034278
14082 0.033207
14087 0.035239
14225 0.036580
14373 0.035393
14954 0.038455
15043 0.042365
15079 0.039798
15249 0.039340
15303 0.038478
15366 0.035097
15380 0.032786
15408 0.034298
15455 0.035283
15639 0.038748
15640 0.043479
15641 0.043029
15642 0.043053
15644 0.045046
15694 0.046143
15696 0.049109
15697 0.047848
15700 0.046928
15701 0.047036
15702 0.047355
15706 0.047371
15707 0.047403
15710 0.044948
15711 0.041819
15714 0.042192
15715 0.039061
15716 0.035344
15717 0.036446
15718 0.037903
15719 0.041678
15734 0.041579
15735 0.042000
15736 0.045152
15737 0.046310
15769 0.049258
15771 0.052122
15923 0.053331
15924 0.055121
15925 0.053838
15926 0.059596
15927 0.063073
15928 0.060401
15929 0.061744
15930 0.070299
15931 0.072289
16018 0.072685
16019 0.074344
16020 0.078697
16022 0.082463
16023 0.086448
16026 0.088486
16027 0.088792
16029 0.089907
16030 0.091811
16031 0.087564
16032 0.089885
16033 0.091302
16034 0.086741
16035 0.084186
16036 0.083375
16037 0.079881
16038 0.085477
16039 0.089469
16143 0.091627
16144 0.085116
16146 0.077787
16147 0.080286
16148 0.082394
16201 0.073092
16202 0.071617
16203 0.070919
16204 0.069113
16206 0.065654
16330 0.061857
16534 0.057449
17316 0.055647
17383 0.056602
17796 0.054686
18007 0.051798
18010 0.052048
18660 0.051893
19231 0.049007
19732 0.049429
20059 0.052771
20454 0.049299
20702 0.044248
20993 0.037841
21002 0.033115
21320 0.030554
23216 0.037838
23423 0.045725
23429 0.043754
23536 0.039956
23537 0.041247
23538 0.043039
23549 0.044223
23550 0.045499
23551 0.046462
23552 0.049801
23553 0.054971
23554 0.055055
23555 0.053824
23556 0.054789
23561 0.053413
23562 0.053738
23563 0.054436
23564 0.055609
23566 0.055904
23568 0.051300
23569 0.050626
23570 0.050737
23571 0.051208
23572 0.050847
23573 0.051157
23575 0.043652
23576 0.037687
23577 0.039744
23578 0.039934
23583 0.039941
23585 0.038416
23587 0.039496
23588 0.040871
23598 0.039232
23599 0.037127
23600 0.032233
23603 0.031531
23604 0.030440
23605 0.030154
23606 0.030946
23609 0.031724
23610 0.030114
23612 0.028759
23613 0.028363
23633 0.030252
23634 0.028786
23636 0.029692
23676 0.030058
23784 0.029248
23830 0.029922
23864 0.030545
23937 0.028854
24055 0.027158
24198 0.026933
24201 0.026649
24249 0.026077
24558 0.024422
24803 0.023333
24805 0.026460
24806 0.024934
24807 0.025585
24809 0.029080
24810 0.030074
24812 0.029017
24813 0.028453
24814 0.030600
24838 0.029932
24839 0.030753
24841 0.031343
24842 0.032651
24843 0.033697
24844 0.033493
24845 0.033906
24846 0.038902
24847 0.038965
24848 0.038082
24850 0.038951
24858 0.038598
24859 0.039074
24861 0.038430
24862 0.037633
24863 0.037892
24865 0.040519
24868 0.038182
24869 0.037875
24870 0.038984
24871 0.035336
24872 0.035931
24947 0.037486
24948 0.038354
24949 0.040403
24965 0.040002
24966 0.040298
24967 0.039876
24968 0.037450
24969 0.038176
