1844 0.107770
1854 0.102065
1864 0.098107
1867 0.096538
1871 0.096261
1887 0.093016
1889 0.091751
1907 0.092453
1911 0.093910
1977 0.100708
2033 0.098250
2106 0.096014
2660 0.094167
2746 0.092716
2856 0.091720
2867 0.092865
2898 0.095451
2904 0.096735
2911 0.098137
2917 0.097556
2927 0.095659
2933 0.095985
2940 0.096466
2949 0.094790
2964 0.097627
2969 0.093063
2981 0.094219
2988 0.095353
2990 0.094512
2995 0.094529
2999 0.094236
3006 0.096105
3016 0.099222
3019 0.096393
3035 0.090955
3038 0.091871
3069 0.091425
3075 0.091424
3078 0.092707
3087 0.092316
3104 0.091743
3106 0.089522
3112 0.087251
3130 0.085365
3135 0.085323
3159 0.087020
3168 0.084367
3180 0.085339
3185 0.086081
3204 0.084594
3211 0.085569
3215 0.084937
3218 0.081754
3226 0.081796
3241 0.079298
3273 0.081597
3282 0.078659
3307 0.075770
3311 0.076624
3342 0.077648
3365 0.077205
3661 0.077320
3721 0.082336
4085 0.081230
4198 0.081950
4207 0.081037
4227 0.079279
4235 0.079988
4242 0.080530
4251 0.080524
4258 0.078805
4269 0.077503
4285 0.076146
4288 0.078783
4297 0.080548
4301 0.079452
4311 0.079400
4316 0.081265
4321 0.081779
4349 0.080444
4354 0.078419
4358 0.079206
4366 0.078322
4369 0.077053
4386 0.074244
4397 0.075480
4399 0.074216
4403 0.067932
4410 0.069102
4420 0.069246
4426 0.068571
4437 0.068766
4441 0.067637
4444 0.069462
4450 0.071371
4459 0.070208
4475 0.071839
4480 0.075428
4483 0.074204
4494 0.072963
4498 0.072302
4501 0.070981
4515 0.069504
4519 0.067984
4525 0.068951
4530 0.068486
4537 0.067573
4540 0.065295
4545 0.065019
4549 0.068641
4555 0.066844
4558 0.070829
4574 0.073906
4586 0.072752
4652 0.072506
4654 0.072599
4686 0.073777
4729 0.074658
4759 0.071749
4768 0.073357
4803 0.074449
4818 0.073810
4835 0.069421
4838 0.066272
4852 0.066400
4854 0.070096
4875 0.070162
4880 0.070805
4886 0.072163
4888 0.072725
4890 0.073763
4900 0.073665
4903 0.075428
4905 0.076731
4908 0.073710
4918 0.073976
4944 0.070867
4953 0.070862
4957 0.071863
4965 0.071722
5021 0.074056
5029 0.073269
5032 0.074967
5042 0.077697
5266 0.074607
5523 0.076376
5597 0.075723
6057 0.078318
6114 0.078905
6360 0.080797
6444 0.078714
6467 0.080876
6556 0.081912
6747 0.081970
7013 0.083508
7801 0.083541
7803 0.084466
7808 0.085040
7811 0.087433
7867 0.087177
7872 0.085966
7874 0.087711
7880 0.089032
7888 0.089272
7902 0.090488
7907 0.088273
7910 0.090750
7916 0.090574
7921 0.088463
7927 0.090202
7931 0.088296
7934 0.088254
7953 0.088646
7955 0.091530
7960 0.091598
7968 0.091664
7973 0.091085
7985 0.089677
7990 0.090084
8002 0.088229
8009 0.087897
8021 0.088151
8026 0.091454
8029 0.088301
8044 0.088132
8048 0.088873
8084 0.087685
8125 0.084612
8134 0.082928
8149 0.081172
8153 0.085364
8163 0.082597
8170 0.081916
8180 0.081152
8190 0.079258
8196 0.083300
8201 0.084863
8213 0.083432
8217 0.081813
8242 0.080285
8246 0.082666
8277 0.081724
8284 0.085717
8897 0.084970
9222 0.083817
9470 0.084238
9992 0.083017
10039 0.078861
10134 0.079609
10376 0.080712
10381 0.082331
10404 0.083111
10408 0.083083
10420 0.082815
10433 0.082040
10439 0.078524
10447 0.080196
10451 0.081043
10454 0.081165
10457 0.081652
10487 0.080291
10494 0.081739
10496 0.081258
10504 0.078979
10510 0.078648
10521 0.074268
10524 0.075042
10529 0.072538
10537 0.073064
10567 0.073823
10578 0.073691
10588 0.075682
10597 0.075044
10607 0.073511
10683 0.072547
10711 0.071165
10732 0.075478
10736 0.075944
10741 0.076376
10756 0.078990
10758 0.078861
10765 0.077848
10767 0.079543
10775 0.079013
10785 0.079577
10820 0.079776
11252 0.079489
11280 0.079871
11285 0.082450
11516 0.079700
11646 0.083718
11709 0.087088
12334 0.086564
12659 0.084855
12661 0.086687
12824 0.089680
13012 0.089264
13029 0.089745
13042 0.089513
13066 0.093316
13158 0.094680
13406 0.089412
13445 0.090294
13473 0.089870
13814 0.090000
13821 0.090545
13827 0.096950
13858 0.094734
13862 0.096961
13896 0.094902
13908 0.093590
13911 0.092286
13930 0.092148
13932 0.093380
13942 0.095709
13947 0.092440
13954 0.092264
13958 0.092648
13963 0.093609
13976 0.093889
13985 0.093725
13987 0.092806
14063 0.094300
14102 0.094647
14108 0.096343
14121 0.098240
14432 0.100680
15132 0.100865
15537 0.101615
15970 0.100101
16200 0.101948
16227 0.096473
16433 0.096506
16475 0.098096
16506 0.099111
16510 0.097618
16516 0.099008
16526 0.099346
16532 0.097191
16537 0.097864
16544 0.097044
16556 0.094065
16559 0.093185
16571 0.093104
16579 0.092075
16584 0.089068
16591 0.089225
16602 0.092220
16619 0.093001
16628 0.087111
16630 0.083967
16634 0.081601
16643 0.079536
16653 0.079725
16658 0.078709
16680 0.076683
16686 0.076280
16701 0.074922
16703 0.074536
16705 0.076551
16731 0.075993
16740 0.075528
16745 0.074683
16748 0.075272
16766 0.073873
16784 0.076941
16786 0.077176
16796 0.077418
16822 0.078536
16866 0.078780
16919 0.078600
16922 0.079377
16988 0.077998
16999 0.079504
17290 0.078778
17405 0.077448
17436 0.078771
17489 0.080450
17492 0.079449
17494 0.080696
17498 0.082747
17507 0.084350
17511 0.087189
17514 0.086500
17650 0.085810
17670 0.086403
17683 0.084544
17720 0.085050
17735 0.086664
17747 0.087477
17789 0.085635
17804 0.085986
17818 0.087213
17827 0.085280
17847 0.083723
17856 0.082809
17891 0.083755
17893 0.080725
17929 0.079351
17963 0.081340
17993 0.084155
18015 0.083903
18036 0.082696
18041 0.082766
18047 0.082325
18052 0.079675
18058 0.079390
18076 0.078484
18084 0.078010
18086 0.076506
18109 0.075951
18116 0.079899
18129 0.080367
18134 0.078346
18158 0.081587
18490 0.082299
19055 0.080533
19216 0.082055
19415 0.084965
20194 0.086547
20376 0.087038
20713 0.085195
21206 0.087357
21734 0.086004
22008 0.087307
22171 0.086000
22437 0.086601
22615 0.086007
22633 0.086287
22669 0.087994
22724 0.087173
22763 0.088616
22821 0.087360
22840 0.087157
22852 0.087457
22857 0.089638
22879 0.088997
22914 0.087860
22926 0.087460
22935 0.083760
22973 0.083662
22982 0.083395
22987 0.080919
22998 0.077778
23025 0.077061
23032 0.082604
23051 0.083647
23057 0.082369
23060 0.083725
23094 0.082158
23129 0.081629
23168 0.079055
23190 0.080954
23215 0.080876
23222 0.079140
23229 0.081464
23235 0.078722
23237 0.079850
23241 0.079553
23244 0.079025
23250 0.076228
23255 0.075623
23262 0.075918
23270 0.078558
23287 0.078140
23301 0.079335
23305 0.080486
23333 0.080384
23342 0.080124
23358 0.080453
23399 0.075424
23438 0.076303
23447 0.076742
23775 0.076983
23782 0.077863
23800 0.077413
23806 0.078818
23837 0.079577
23871 0.080286
23875 0.082417
23885 0.084131
23899 0.084251
23920 0.083752
23942 0.086515
24194 0.086959
24763 0.088703
24770 0.086095
24776 0.086187
24783 0.085013
24791 0.086495
24799 0.084483
24820 0.085805
24826 0.085732
24831 0.088682
24837 0.086791
24857 0.086998
24881 0.086580
24888 0.084564
24895 0.084975
24904 0.083432
24907 0.084963
24911 0.084943
24916 0.084322
24921 0.084734
24943 0.084302
24946 0.083327
24964 0.081827
24988 0.080584
24993 0.079873
