1844 0.078602
1854 0.073051
1864 0.067215
1867 0.063089
1871 0.065317
1887 0.057667
1889 0.056467
1907 0.048680
1911 0.047129
1977 0.048065
2033 0.048793
2106 0.045184
2660 0.042424
2746 0.044907
2856 0.050966
2867 0.053837
2898 0.057092
2904 0.059505
2911 0.059504
2917 0.059776
2927 0.057426
2933 0.060079
2940 0.060478
2949 0.066949
2964 0.067574
2969 0.067324
2981 0.068567
2988 0.068940
2990 0.074517
2995 0.072485
2999 0.073062
3006 0.072148
3016 0.072370
3019 0.074543
3035 0.077117
3038 0.077912
3069 0.075896
3075 0.081166
3078 0.080516
3087 0.073678
3104 0.073991
3106 0.076331
3112 0.075085
3130 0.072922
3135 0.073327
3159 0.070938
3168 0.074578
3180 0.076550
3185 0.070213
3204 0.075440
3211 0.077483
3215 0.076669
3218 0.081175
3226 0.075637
3241 0.078862
3273 0.077389
3282 0.077489
3307 0.078179
3311 0.078869
3342 0.075831
3365 0.075654
3661 0.073736
3721 0.073261
4085 0.074492
4198 0.074288
4207 0.075788
4227 0.074585
4235 0.073732
4242 0.080616
4251 0.080439
4258 0.084427
4269 0.081012
4285 0.079183
4288 0.081153
4297 0.075660
4301 0.071823
4311 0.069218
4316 0.067164
4321 0.071875
4349 0.071527
4354 0.071728
4358 0.073006
4366 0.072717
4369 0.073791
4386 0.078580
4397 0.076931
4399 0.079580
4403 0.078246
4410 0.077816
4420 0.079830
4426 0.079236
4437 0.076844
4441 0.076145
4444 0.074646
4450 0.074015
4459 0.071411
4475 0.070192
4480 0.069947
4483 0.070047
4494 0.070401
4498 0.071008
4501 0.072579
4515 0.071162
4519 0.069248
4525 0.065376
4530 0.063867
4537 0.062243
4540 0.062442
4545 0.062972
4549 0.056429
4555 0.055686
4558 0.054562
4574 0.051210
4586 0.049642
4652 0.049433
4654 0.047229
4686 0.045844
4729 0.045826
4759 0.041436
4768 0.039998
4803 0.039230
4818 0.042429
4835 0.044715
4838 0.042023
4852 0.043469
4854 0.048438
4875 0.049173
4880 0.047263
4886 0.047359
4888 0.049743
4890 0.050120
4900 0.050627
4903 0.049669
4905 0.052165
4908 0.060356
4918 0.060315
4944 0.059203
4953 0.059187
4957 0.058696
4965 0.057484
5021 0.057960
5029 0.060376
5032 0.059665
5042 0.061720
5266 0.063266
5523 0.063649
5597 0.061430
6057 0.068363
6114 0.073900
6360 0.077178
6444 0.070379
6467 0.068534
6556 0.069118
6747 0.067822
7013 0.065296
7801 0.066693
7803 0.067194
7808 0.069873
7811 0.062970
7867 0.056409
7872 0.056540
7874 0.059310
7880 0.060635
7888 0.062423
7902 0.061961
7907 0.059911
7910 0.056945
7916 0.057453
7921 0.055890
7927 0.056640
7931 0.056695
7934 0.054977
7953 0.045797
7955 0.042315
7960 0.037683
7968 0.038430
7973 0.040243
7985 0.043560
7990 0.042346
8002 0.046128
8009 0.044364
8021 0.043578
8026 0.040074
8029 0.043310
8044 0.045425
8048 0.046855
8084 0.044393
8125 0.042734
8134 0.040837
8149 0.043978
8153 0.044851
8163 0.046836
8170 0.046545
8180 0.045909
8190 0.045812
8196 0.045574
8201 0.044828
8213 0.045452
8217 0.043931
8242 0.043457
8246 0.043809
8277 0.042015
8284 0.039968
8897 0.044470
9222 0.040547
9470 0.040412
9992 0.040664
10039 0.041044
10134 0.040916
10376 0.037266
10381 0.037744
10404 0.039609
10408 0.039546
10420 0.040704
10433 0.038291
10439 0.039792
10447 0.038491
10451 0.039082
10454 0.039491
10457 0.041246
10487 0.042201
10494 0.046138
10496 0.045167
10504 0.046006
10510 0.050453
10521 0.049748
10524 0.050407
10529 0.051071
10537 0.048640
10567 0.051899
10578 0.054387
10588 0.053888
10597 0.053723
10607 0.050883
10683 0.052548
10711 0.052898
10732 0.051281
10736 0.053161
10741 0.052062
10756 0.053445
10758 0.052879
10765 0.052044
10767 0.050325
10775 0.050177
10785 0.046196
10820 0.044711
11252 0.042640
11280 0.042263
11285 0.042019
11516 0.039672
11646 0.040519
11709 0.040473
12334 0.038152
12659 0.037541
12661 0.034018
12824 0.033890
13012 0.036390
13029 0.039229
13042 0.038444
13066 0.040444
13158 0.037498
13406 0.041695
13445 0.047589
13473 0.048543
13814 0.047790
13821 0.046324
13827 0.049162
13858 0.050794
13862 0.051411
13896 0.053824
13908 0.054761
13911 0.054757
13930 0.056918
13932 0.057025
13942 0.056293
13947 0.055239
13954 0.059593
13958 0.065404
13963 0.065143
13976 0.067077
13985 0.067597
13987 0.065441
14063 0.062200
14102 0.062555
14108 0.059175
14121 0.059179
14432 0.056684
15132 0.054881
15537 0.053089
15970 0.060148
16200 0.064731
16227 0.066630
16433 0.066630
16475 0.066221
16506 0.068993
16510 0.070114
16516 0.070601
16526 0.068689
16532 0.068254
16537 0.067752
16544 0.068037
16556 0.068519
16559 0.062852
16571 0.065377
16579 0.063556
16584 0.062961
16591 0.065040
16602 0.064741
16619 0.065650
16628 0.066430
16630 0.066875
16634 0.067169
16643 0.062517
16653 0.063920
16658 0.058653
16680 0.054921
16686 0.050083
16701 0.049212
16703 0.048493
16705 0.043875
16731 0.042643
16740 0.044647
16745 0.044895
16748 0.044805
16766 0.045445
16784 0.046701
16786 0.041096
16796 0.040963
16822 0.037782
16866 0.038314
16919 0.037082
16922 0.034765
16988 0.036691
16999 0.038149
17290 0.038276
17405 0.038129
17436 0.038187
17489 0.040720
17492 0.040704
17494 0.048646
17498 0.050084
17507 0.049858
17511 0.054670
17514 0.055514
17650 0.057112
17670 0.059512
17683 0.056027
17720 0.055251
17735 0.056698
17747 0.054978
17789 0.053591
17804 0.053450
17818 0.054039
17827 0.054452
17847 0.055017
17856 0.054096
17891 0.054567
17893 0.052695
17929 0.050065
17963 0.050810
17993 0.050715
18015 0.047509
18036 0.043446
18041 0.042700
18047 0.031657
18052 0.028781
18058 0.032205
18076 0.026656
18084 0.027655
18086 0.026666
18109 0.023569
18116 0.024099
18129 0.023790
18134 0.022527
18158 0.023885
18490 0.023714
19055 0.025588
19216 0.028946
19415 0.028868
20194 0.031926
20376 0.038171
20713 0.043218
21206 0.045372
21734 0.049415
22008 0.048790
22171 0.048628
22437 0.058798
22615 0.059867
22633 0.063220
22669 0.065787
22724 0.066442
22763 0.065743
22821 0.071373
22840 0.070481
22852 0.070824
22857 0.074220
22879 0.072781
22914 0.073432
22926 0.073312
22935 0.075820
22973 0.076389
22982 0.077402
22987 0.075636
22998 0.078519
23025 0.075136
23032 0.068813
23051 0.065328
23057 0.065258
23060 0.062110
23094 0.061665
23129 0.061910
23168 0.051783
23190 0.052168
23215 0.048602
23222 0.051773
23229 0.052244
23235 0.050093
23237 0.044515
23241 0.043370
23244 0.043999
23250 0.040874
23255 0.041944
23262 0.041308
23270 0.050414
23287 0.054088
23301 0.053235
23305 0.053346
23333 0.051044
23342 0.049550
23358 0.049891
23399 0.052515
23438 0.052242
23447 0.051679
23775 0.052553
23782 0.055412
23800 0.057239
23806 0.058151
23837 0.057782
23871 0.058799
23875 0.055389
23885 0.056815
23899 0.056453
23920 0.058904
23942 0.059806
24194 0.059155
24763 0.062575
24770 0.061705
24776 0.063720
24783 0.056561
24791 0.048854
24799 0.048809
24820 0.046188
24826 0.046763
24831 0.046272
24837 0.046597
24857 0.045771
24881 0.045757
24888 0.044366
24895 0.044449
24904 0.040479
24907 0.039442
24911 0.038660
24916 0.038124
24921 0.037284
24943 0.035001
24946 0.034978
24964 0.039435
24988 0.038410
24993 0.038086
