78 0.060662
79 0.056828
80 0.053577
115 0.056337
142 0.056851
210 0.055098
288 0.052869
655 0.054081
726 0.055220
741 0.061246
1184 0.062487
1295 0.067554
1322 0.076633
1323 0.079669
1482 0.078653
1574 0.078087
1635 0.080033
1675 0.081590
1718 0.083644
1719 0.084865
1720 0.086619
1721 0.088196
1722 0.087590
1723 0.089126
1727 0.089373
1728 0.088647
1729 0.089574
1730 0.092305
1743 0.092087
1751 0.091306
1753 0.091229
1754 0.091005
1755 0.089941
1756 0.090218
1757 0.086568
1758 0.087566
1759 0.084990
1760 0.078670
1761 0.074464
1762 0.074444
1763 0.073516
1766 0.070645
1767 0.069298
1768 0.067470
1769 0.067627
1770 0.067610
1784 0.070980
1785 0.071506
1786 0.069302
1805 0.068889
1806 0.069267
1807 0.068910
1808 0.066683
1809 0.063484
1810 0.063588
1812 0.064251
1813 0.064813
1840 0.065141
1841 0.064194
1842 0.062494
1851 0.062594
1913 0.062239
1914 0.060593
1915 0.059555
1916 0.059663
1917 0.060767
1918 0.063115
1919 0.066381
1920 0.069122
1921 0.069989
1922 0.073471
1923 0.072709
1924 0.072100
1930 0.069158
1931 0.068724
1933 0.069129
2539 0.070644
3146 0.073296
3314 0.072596
3559 0.072094
3648 0.071317
3665 0.072514
3667 0.073249
3675 0.074191
3676 0.076560
3677 0.076523
3678 0.075877
3679 0.077971
3680 0.079735
3681 0.081091
3682 0.081707
3684 0.080775
3685 0.079163
3686 0.077196
3688 0.075310
3703 0.074565
3704 0.073063
3705 0.069218
3706 0.068518
3707 0.066691
3709 0.066368
3710 0.065646
3711 0.064784
3712 0.065948
3713 0.066444
3714 0.066648
3722 0.069285
3723 0.069389
3724 0.069526
3725 0.068305
3726 0.066972
3733 0.072463
3737 0.070021
3738 0.068397
3739 0.066529
3740 0.064681
3741 0.065093
3742 0.063615
3743 0.062229
3744 0.061292
3746 0.056162
3747 0.051670
3748 0.050835
3749 0.050977
3750 0.050925
3767 0.051883
3768 0.050430
3769 0.047572
3770 0.045872
3771 0.044345
3772 0.045158
3773 0.041118
3775 0.040630
3776 0.040296
3777 0.040510
3778 0.041376
3779 0.036314
3780 0.036363
3836 0.040203
3955 0.044125
4009 0.049861
4078 0.048538
4088 0.052058
4133 0.052837
4166 0.056409
4363 0.058639
4502 0.063623
4556 0.067851
4620 0.069750
4643 0.073945
4669 0.072898
4975 0.072977
5100 0.074362
5146 0.075271
5147 0.075304
5148 0.073514
5149 0.073310
5150 0.071903
5151 0.074698
5152 0.076810
5154 0.077514
5157 0.077210
5158 0.078330
5159 0.075334
5160 0.072027
5161 0.067239
5162 0.067080
5164 0.064023
5165 0.064292
5166 0.061548
5167 0.060132
5168 0.055800
5169 0.052196
5172 0.051875
5187 0.050708
5188 0.050641
5190 0.051109
5191 0.051713
5193 0.051429
5194 0.052370
5219 0.054998
5220 0.055443
5221 0.055155
5222 0.051223
5223 0.048642
5224 0.046418
5225 0.044818
5227 0.042681
5228 0.040937
5229 0.039815
5230 0.038925
5231 0.038864
5242 0.039376
5262 0.046845
5267 0.046735
5268 0.046613
5269 0.046497
5278 0.049022
5343 0.053798
5345 0.055293
5346 0.056985
5362 0.058342
5363 0.057442
5589 0.057608
5594 0.061527
5769 0.059379
5918 0.059232
6076 0.060144
6484 0.062824
6485 0.063855
6609 0.065336
6610 0.066083
6611 0.066625
6613 0.067320
6614 0.068154
6615 0.068417
6616 0.067779
6617 0.066120
6618 0.057273
6619 0.056524
6620 0.059043
6621 0.061118
6625 0.058185
6626 0.051431
6628 0.046830
6629 0.044411
6632 0.041816
6633 0.040467
6640 0.041565
6641 0.037972
6653 0.037857
6654 0.036698
6655 0.035017
6656 0.031509
6657 0.029781
6660 0.030421
6661 0.032528
6662 0.034271
6663 0.033739
6664 0.032608
6665 0.031779
6666 0.031938
6667 0.032034
6668 0.032057
6676 0.033384
6677 0.030600
6678 0.028334
6688 0.028368
6689 0.028370
6690 0.028331
6691 0.027455
6696 0.027067
6697 0.026805
6698 0.025241
6699 0.023542
6700 0.023038
6701 0.023248
6704 0.026053
6705 0.027948
6706 0.027193
6707 0.025945
6708 0.022956
6711 0.022395
6712 0.022548
6713 0.022855
6720 0.023182
6721 0.023131
6726 0.023220
6727 0.023338
6728 0.021687
6733 0.022070
6734 0.021749
6735 0.021634
6736 0.021345
6742 0.023621
6744 0.025031
6745 0.025631
6748 0.026981
6749 0.026787
6751 0.027398
6754 0.029727
6755 0.030907
6756 0.031520
6758 0.031011
6759 0.031432
6760 0.030557
6761 0.030602
6762 0.030806
6763 0.031373
6790 0.033200
6810 0.035035
6811 0.035529
6835 0.036441
6841 0.038906
6842 0.040908
6843 0.041338
6844 0.044437
6845 0.046703
6848 0.047924
6850 0.046130
6857 0.047978
6858 0.048230
6860 0.047176
6861 0.046721
6862 0.046213
6938 0.048155
6939 0.049872
6941 0.048180
6943 0.048360
6945 0.048885
6946 0.049469
6947 0.049894
6987 0.052570
6988 0.053292
7004 0.052458
7006 0.051431
7007 0.051866
7086 0.051987
7087 0.050213
7088 0.049182
7110 0.048237
7155 0.048328
7156 0.049651
7157 0.050801
7161 0.051397
7162 0.049332
7166 0.050633
7167 0.051356
7168 0.051919
7169 0.052309
7170 0.050305
7171 0.048578
7172 0.047441
7173 0.046177
7174 0.045260
7175 0.044301
7180 0.048320
7181 0.046163
7182 0.045886
7189 0.047575
7190 0.047745
7191 0.047581
7192 0.047364
7193 0.048053
7202 0.047510
7203 0.047176
7204 0.043968
7218 0.040626
7219 0.038489
7220 0.037164
7231 0.037006
7232 0.035773
7242 0.035616
7243 0.035027
7244 0.034734
7245 0.032506
7246 0.033834
7248 0.035489
7250 0.036873
7254 0.037541
7255 0.037916
7256 0.033600
7264 0.033213
7265 0.033043
7266 0.030542
7267 0.029127
7268 0.028282
7303 0.029296
7304 0.029593
7305 0.030809
7306 0.031424
7308 0.031844
7312 0.032012
7313 0.032206
7314 0.032932
7315 0.032218
7316 0.031631
7318 0.033430
7319 0.035957
7320 0.037740
7360 0.038199
7361 0.035761
7362 0.035411
7383 0.034880
7384 0.034523
7385 0.034605
7386 0.034609
7389 0.034186
7390 0.033936
7391 0.034272
7395 0.034538
7396 0.034571
7404 0.033100
7405 0.031672
7406 0.030327
7434 0.029818
7435 0.029451
7436 0.030057
7437 0.030176
7438 0.029969
7439 0.029774
7497 0.030576
7498 0.028719
7509 0.027130
7511 0.025423
7512 0.024890
7514 0.024508
7515 0.022355
7526 0.021802
7527 0.021468
7529 0.021549
7530 0.021439
7531 0.020144
7555 0.019857
7569 0.020713
7570 0.021037
7571 0.021492
7572 0.021246
7573 0.021728
7574 0.022099
7575 0.022389
7576 0.022164
7577 0.020896
7579 0.020132
7580 0.019503
7581 0.019040
7597 0.019051
7599 0.019143
7649 0.022681
7658 0.024715
7661 0.027389
7662 0.030729
7710 0.036768
7743 0.039568
7898 0.040269
8106 0.041560
8173 0.042257
8184 0.045216
8368 0.044858
8562 0.045458
9024 0.046032
9072 0.046425
9320 0.046825
9321 0.046376
9322 0.045809
9323 0.045094
9324 0.046155
9362 0.047763
9363 0.050001
9364 0.052268
9365 0.054562
9366 0.055132
9429 0.055655
9430 0.051966
9431 0.050359
9432 0.048244
9437 0.045396
9438 0.039696
9439 0.036623
9440 0.036052
9465 0.034319
9484 0.033822
9485 0.030454
9498 0.031292
9499 0.030488
9500 0.030526
9502 0.031010
9503 0.031478
9505 0.031769
9506 0.032808
9508 0.033108
9509 0.032496
9510 0.031574
9511 0.030312
9519 0.029699
9520 0.028096
9521 0.026745
9522 0.025854
9523 0.025760
9524 0.026618
9525 0.027120
9532 0.029059
9553 0.030183
9554 0.030743
9558 0.030912
9559 0.031049
9560 0.030774
9561 0.030661
9562 0.029645
9597 0.028243
9618 0.028928
9623 0.030855
9624 0.031162
9627 0.031749
9628 0.031715
9629 0.032827
9630 0.033518
9634 0.035623
9635 0.036905
9636 0.037279
9637 0.037080
9638 0.037219
9639 0.037169
9645 0.036681
9652 0.035942
9653 0.035373
9662 0.033856
9663 0.032820
9676 0.032441
9677 0.032674
9678 0.032816
9679 0.032957
9693 0.033475
9694 0.033703
9699 0.034471
9700 0.033191
9701 0.030164
9702 0.029809
9703 0.028707
9704 0.027739
9705 0.026813
9707 0.026348
9708 0.024893
9709 0.023762
9715 0.022038
9716 0.021791
9723 0.021690
9724 0.021638
9725 0.021299
9731 0.023026
9732 0.024503
9733 0.024888
9734 0.025396
9735 0.025364
9739 0.026390
9740 0.027238
9883 0.027314
9884 0.026972
9885 0.026893
9886 0.026282
9887 0.025824
9889 0.028819
9890 0.029839
9892 0.030927
9893 0.031777
9894 0.032224
9895 0.032692
9940 0.034462
9966 0.033546
9967 0.033356
9968 0.033639
9985 0.034689
9986 0.035135
9987 0.035438
9988 0.033195
9990 0.031966
9994 0.032202
9995 0.032292
9996 0.032311
9999 0.030573
10000 0.029690
10001 0.030036
10007 0.031448
10008 0.031531
10009 0.031576
10028 0.032006
10029 0.029066
10031 0.028634
10032 0.028487
10106 0.033490
10110 0.034363
10111 0.034614
10112 0.032355
10132 0.032751
10135 0.032557
10137 0.032629
10209 0.035326
10210 0.037505
10258 0.039988
10259 0.041203
10260 0.041165
10261 0.040133
10272 0.040467
10273 0.041485
10291 0.042457
10292 0.042413
10293 0.041989
10294 0.040555
10295 0.040519
10345 0.043640
10346 0.045597
10347 0.047604
10350 0.048460
10352 0.048729
10353 0.043978
10354 0.043363
10355 0.043257
10356 0.044273
10363 0.045280
10364 0.046500
10370 0.049194
10371 0.046536
10372 0.044515
10373 0.042411
10374 0.041922
10389 0.044255
10390 0.045804
10391 0.046819
10392 0.047347
10395 0.048738
10398 0.053165
10400 0.058160
10416 0.061069
10442 0.062965
10443 0.061108
10445 0.059906
10448 0.058731
10449 0.058209
10484 0.060135
10511 0.059448
10512 0.059563
10513 0.058491
10514 0.057573
10515 0.057537
10517 0.058426
10519 0.057598
10563 0.056642
10564 0.055873
10565 0.055169
10582 0.055552
10583 0.053428
10584 0.051879
10585 0.049859
10586 0.048147
10593 0.047490
10594 0.044027
10595 0.040111
10598 0.038012
10600 0.036517
10603 0.035830
10608 0.037816
10611 0.038950
10612 0.038468
10636 0.037842
10648 0.039993
10660 0.039950
10692 0.040779
10694 0.040366
10695 0.039225
10696 0.037653
10739 0.035648
10760 0.036531
10761 0.037580
10762 0.038560
10776 0.037224
10778 0.036240
10781 0.035654
10782 0.035282
10786 0.037567
10787 0.038450
10790 0.041065
10791 0.042485
10793 0.043795
10795 0.044065
10796 0.044122
10797 0.042034
10799 0.040840
10811 0.039314
10814 0.036929
10826 0.038573
10889 0.040794
10927 0.040731
10928 0.040950
10949 0.042391
11001 0.041980
11040 0.043050
11088 0.044319
11089 0.044675
11090 0.044489
11092 0.045266
11093 0.046761
11094 0.048598
11095 0.049520
11096 0.047260
11097 0.045439
11098 0.041806
11099 0.039688
11100 0.037664
11101 0.036807
11206 0.038458
11207 0.038717
11208 0.038761
11209 0.039634
11210 0.040265
11212 0.037192
11218 0.033761
11220 0.032693
11221 0.031933
11222 0.030328
11223 0.031494
11224 0.030579
11225 0.028129
11226 0.026655
11227 0.025861
11228 0.024937
11240 0.025004
11241 0.023616
11242 0.023145
11243 0.022847
11244 0.022210
11253 0.025028
11255 0.026582
11256 0.027973
11263 0.028278
11264 0.026157
11265 0.024873
11296 0.024974
11325 0.024935
11327 0.025219
11328 0.024643
11329 0.025036
11330 0.025433
11336 0.026411
11337 0.027774
11356 0.026987
11357 0.026746
11358 0.026739
11359 0.026698
11368 0.026459
11370 0.026362
11371 0.024767
11376 0.025035
11377 0.024933
11380 0.025134
11381 0.025274
11382 0.022439
11383 0.020511
11386 0.018712
11387 0.018303
11388 0.018004
11390 0.019149
11391 0.018700
11392 0.018366
11431 0.017701
11432 0.017364
11434 0.017071
11435 0.016911
11436 0.015996
11438 0.017088
11440 0.016793
11443 0.016469
11444 0.016107
11445 0.015924
11446 0.015985
11447 0.015939
11448 0.015810
11449 0.014938
11456 0.015316
11457 0.015365
11477 0.015554
11478 0.015389
11479 0.015328
11480 0.015419
11481 0.015306
11482 0.016429
11483 0.015371
11484 0.014699
11485 0.014172
11486 0.013856
11487 0.014575
11488 0.014999
11489 0.015225
11498 0.016887
11500 0.014911
11501 0.014915
11502 0.015028
11504 0.015307
11505 0.015605
11506 0.015756
11507 0.016026
11527 0.016127
11528 0.016170
11712 0.016020
11714 0.015858
11817 0.016493
11867 0.018578
11868 0.020206
11869 0.030030
12091 0.031130
12140 0.031368
12232 0.032090
12285 0.032822
12420 0.033676
12421 0.033921
12425 0.033712
12474 0.033404
12498 0.034216
12557 0.032513
12662 0.032747
12665 0.034412
12668 0.034905
12669 0.035007
12671 0.035036
12672 0.035065
12673 0.035311
12674 0.035495
12684 0.037382
12685 0.037809
12686 0.038250
12687 0.037576
12688 0.035429
12689 0.033787
12690 0.024318
12692 0.023290
12695 0.022511
12703 0.023376
12704 0.023664
12705 0.023876
12721 0.024021
12722 0.023714
12725 0.025056
12726 0.024714
12727 0.025525
12728 0.025454
12729 0.024526
12730 0.024934
12732 0.026054
12744 0.026993
12745 0.027512
12748 0.028418
12750 0.029023
12753 0.028426
12755 0.027949
12756 0.027207
12757 0.026593
12758 0.026327
12759 0.025918
12760 0.025395
12761 0.025228
12762 0.024499
12763 0.022660
12764 0.021443
12789 0.020811
12790 0.020745
12791 0.020814
12792 0.019531
12793 0.019184
12805 0.018754
12806 0.018648
12807 0.018396
12808 0.018156
12809 0.017784
12810 0.017555
12825 0.018102
12826 0.017821
12963 0.020055
13035 0.019965
13037 0.020546
13287 0.022899
13488 0.024837
14683 0.028839
14885 0.029810
15007 0.030679
15175 0.031882
15193 0.032300
15617 0.034252
15937 0.034970
15941 0.036480
15948 0.037468
15949 0.036910
15950 0.036691
15951 0.036672
15952 0.037223
15955 0.036890
15957 0.036316
15958 0.035574
15959 0.034993
15960 0.035274
15963 0.034791
15964 0.033685
15965 0.030928
15966 0.030235
15967 0.030341
15968 0.029239
15983 0.028314
15987 0.024953
16011 0.024379
16012 0.023528
16014 0.022322
16015 0.021825
16017 0.019747
16046 0.020672
16048 0.019548
16049 0.018612
16050 0.019501
16051 0.021364
16054 0.022144
16055 0.022293
16056 0.023471
16058 0.024229
16060 0.024765
16061 0.025111
16062 0.025018
16239 0.025996
16241 0.026634
16242 0.026502
16243 0.026342
16245 0.025560
16246 0.025165
16247 0.025192
16265 0.025098
16266 0.025040
16267 0.025717
16268 0.027095
16269 0.027910
16282 0.028896
16283 0.027503
16285 0.026710
16286 0.026381
16287 0.025649
16288 0.024276
16289 0.024204
16290 0.023865
16324 0.028118
16331 0.028096
16332 0.027789
16335 0.029406
16340 0.030923
16366 0.031752
16465 0.033286
16539 0.034606
16811 0.041493
17011 0.043920
17445 0.044280
17583 0.043731
17680 0.044059
17792 0.046397
17986 0.047977
18090 0.049484
18166 0.051895
18192 0.054431
18323 0.056360
18417 0.058663
18439 0.058544
18536 0.060228
18561 0.062797
18588 0.062713
18589 0.062768
18590 0.056984
18591 0.056061
18595 0.056731
18607 0.055497
18608 0.054072
18610 0.052008
18611 0.050627
18612 0.049868
18613 0.043502
18614 0.041286
18615 0.041244
18616 0.042210
18651 0.043122
18652 0.041129
18653 0.039185
18654 0.036716
18657 0.035104
18658 0.032215
18659 0.030261
18661 0.027915
18662 0.028099
18663 0.026723
18666 0.024729
18667 0.024217
18675 0.025937
18676 0.027304
18678 0.027855
18679 0.027097
18681 0.039050
18734 0.040323
18863 0.040844
18956 0.040760
19110 0.040501
19441 0.040066
19646 0.041368
19661 0.041581
19785 0.040672
19851 0.040337
19855 0.040834
20187 0.043394
20188 0.044885
20189 0.045157
20190 0.045793
20191 0.046726
20192 0.047516
20199 0.047599
20200 0.047274
20201 0.046346
20202 0.046076
20206 0.045692
20207 0.045946
20208 0.046603
20211 0.049434
20213 0.038198
20219 0.037626
20220 0.037526
20221 0.037496
20224 0.037225
20227 0.037874
20228 0.036771
20229 0.036199
20233 0.036360
20236 0.035761
20237 0.035479
20253 0.035062
20254 0.034737
20258 0.035658
20260 0.035139
20264 0.035237
20265 0.035035
20266 0.035300
20269 0.037234
20270 0.038468
20271 0.040278
20272 0.040468
20275 0.041467
20282 0.042373
20283 0.040381
20284 0.039246
20424 0.038704
20601 0.039599
20672 0.040338
20673 0.040939
20674 0.040945
20676 0.042487
20677 0.043517
20678 0.044586
20679 0.044636
20682 0.044787
20691 0.045112
20692 0.044842
20693 0.043177
20703 0.044721
20704 0.044105
20705 0.043679
20707 0.043127
20708 0.041157
20711 0.042146
20716 0.041137
20717 0.039416
20718 0.037739
20719 0.036686
20722 0.037027
20723 0.036914
20724 0.036113
20727 0.035976
20728 0.034920
20729 0.034723
20732 0.035833
20733 0.034212
20734 0.032882
20735 0.031566
20739 0.031978
20741 0.032524
20742 0.031818
20747 0.032999
20748 0.033668
20784 0.032415
20785 0.031984
20786 0.031953
20798 0.033549
20801 0.034265
20802 0.032585
20803 0.032075
20805 0.033494
20806 0.035100
20807 0.036806
20808 0.038121
20809 0.039406
20831 0.039382
21157 0.041161
21177 0.041762
21178 0.041544
21180 0.039368
21181 0.039016
21182 0.038822
21183 0.038692
21184 0.037737
21185 0.037622
21187 0.036553
21188 0.035427
21189 0.034994
21190 0.035146
21216 0.038317
21218 0.040796
21219 0.041136
21276 0.041394
21310 0.041754
21350 0.042553
21353 0.041890
21371 0.040317
21378 0.038192
21400 0.037899
21402 0.037674
21530 0.037694
21531 0.034616
21532 0.034332
21533 0.034788
21534 0.035513
21550 0.035446
21551 0.036048
21552 0.036409
21560 0.036091
21562 0.034586
21563 0.033734
21564 0.032840
21565 0.033378
21571 0.034375
21603 0.031154
21604 0.028450
21605 0.026306
21606 0.025020
21607 0.023862
21608 0.022529
21615 0.021917
21616 0.021825
21617 0.021747
21618 0.019932
21619 0.018312
21620 0.017789
21621 0.017750
21653 0.018541
21655 0.019159
21656 0.020466
21657 0.022155
21658 0.024209
21659 0.026333
22658 0.028687
22660 0.031610
22771 0.032759
23131 0.035862
23402 0.036502
23662 0.038890
24792 0.041187
