78 0.122073
79 0.127097
80 0.112776
115 0.114295
142 0.102313
210 0.090003
288 0.090553
655 0.086907
726 0.086047
741 0.078711
1184 0.075877
1295 0.070226
1322 0.070919
1323 0.068249
1482 0.068721
1574 0.065059
1635 0.063564
1675 0.058452
1718 0.056188
1719 0.050941
1720 0.050451
1721 0.050785
1722 0.051334
1723 0.052198
1727 0.051426
1728 0.052928
1729 0.049616
1730 0.048251
1743 0.049321
1751 0.047282
1753 0.049011
1754 0.053342
1755 0.052256
1756 0.050364
1757 0.049873
1758 0.048530
1759 0.048663
1760 0.051260
1761 0.052540
1762 0.051481
1763 0.051150
1766 0.051943
1767 0.050933
1768 0.050717
1769 0.050673
1770 0.052846
1784 0.053311
1785 0.052817
1786 0.048528
1805 0.049483
1806 0.047287
1807 0.045419
1808 0.044565
1809 0.042086
1810 0.045639
1812 0.048041
1813 0.045242
1840 0.045753
1841 0.044598
1842 0.043225
1851 0.055660
1913 0.055242
1914 0.051873
1915 0.057179
1916 0.062010
1917 0.065790
1918 0.069749
1919 0.071726
1920 0.071536
1921 0.080733
1922 0.076378
1923 0.076223
1924 0.078632
1930 0.079514
1931 0.079194
1933 0.077533
2539 0.076104
3146 0.076363
3314 0.076630
3559 0.073100
3648 0.069716
3665 0.067292
3667 0.067548
3675 0.067597
3676 0.067750
3677 0.055409
3678 0.055006
3679 0.054696
3680 0.048011
3681 0.046129
3682 0.042591
3684 0.037654
3685 0.036460
3686 0.036906
3688 0.027985
3703 0.028981
3704 0.029477
3705 0.026807
3706 0.026127
3707 0.025719
3709 0.026099
3710 0.026854
3711 0.024582
3712 0.025754
3713 0.029144
3714 0.035108
3722 0.034376
3723 0.033866
3724 0.033267
3725 0.033440
3726 0.034694
3733 0.033663
3737 0.035603
3738 0.034426
3739 0.031452
3740 0.031529
3741 0.031657
3742 0.031447
3743 0.031414
3744 0.031131
3746 0.029853
3747 0.029983
3748 0.030392
3749 0.030579
3750 0.031117
3767 0.031126
3768 0.030985
3769 0.033781
3770 0.032758
3771 0.029295
3772 0.022253
3773 0.021912
3775 0.021003
3776 0.023752
3777 0.022513
3778 0.021551
3779 0.020953
3780 0.021636
3836 0.021423
3955 0.020630
4009 0.020181
4078 0.021852
4088 0.021292
4133 0.022016
4166 0.022411
4363 0.023793
4502 0.022543
4556 0.022377
4620 0.022347
4643 0.022229
4669 0.021437
4975 0.023217
5100 0.020684
5146 0.021922
5147 0.021849
5148 0.021827
5149 0.023443
5150 0.024942
5151 0.022804
5152 0.022618
5154 0.022081
5157 0.023106
5158 0.021874
5159 0.021586
5160 0.023180
5161 0.023497
5162 0.024065
5164 0.026027
5165 0.026669
5166 0.031922
5167 0.031175
5168 0.032707
5169 0.032992
5172 0.032121
5187 0.031873
5188 0.033460
5190 0.032922
5191 0.032632
5193 0.031038
5194 0.033266
5219 0.033179
5220 0.032683
5221 0.032666
5222 0.035802
5223 0.035897
5224 0.035740
5225 0.034759
5227 0.033932
5228 0.035461
5229 0.036363
5230 0.037458
5231 0.038111
5242 0.036504
5262 0.036170
5267 0.031080
5268 0.030881
5269 0.031738
5278 0.030940
5343 0.030981
5345 0.031919
5346 0.030407
5362 0.030092
5363 0.032091
5589 0.032144
5594 0.029823
5769 0.031387
5918 0.030605
6076 0.030846
6484 0.028571
6485 0.029115
6609 0.029447
6610 0.028786
6611 0.028367
6613 0.028067
6614 0.026246
6615 0.027152
6616 0.026930
6617 0.027170
6618 0.025920
6619 0.027258
6620 0.027211
6621 0.025223
6625 0.026142
6626 0.028464
6628 0.028433
6629 0.029570
6632 0.028060
6633 0.026071
6640 0.027232
6641 0.028711
6653 0.028750
6654 0.029404
6655 0.028314
6656 0.026818
6657 0.027548
6660 0.027138
6661 0.027945
6662 0.029062
6663 0.028170
6664 0.027853
6665 0.027280
6666 0.026424
6667 0.027191
6668 0.027921
6676 0.026674
6677 0.027136
6678 0.026648
6688 0.027654
6689 0.025457
6690 0.026531
6691 0.027446
6696 0.027481
6697 0.028964
6698 0.029541
6699 0.028810
6700 0.027224
6701 0.028390
6704 0.028729
6705 0.028950
6706 0.027726
6707 0.028989
6708 0.029045
6711 0.029319
6712 0.029417
6713 0.028961
6720 0.027747
6721 0.025761
6726 0.025060
6727 0.024278
6728 0.023685
6733 0.023475
6734 0.024323
6735 0.022335
6736 0.022510
6742 0.021967
6744 0.019977
6745 0.021358
6748 0.020825
6749 0.018952
6751 0.018158
6754 0.018322
6755 0.016001
6756 0.015451
6758 0.015571
6759 0.016224
6760 0.016634
6761 0.016648
6762 0.015578
6763 0.015184
6790 0.015392
6810 0.015720
6811 0.016443
6835 0.015673
6841 0.016106
6842 0.016591
6843 0.016782
6844 0.015874
6845 0.015901
6848 0.015960
6850 0.014968
6857 0.014966
6858 0.014136
6860 0.014468
6861 0.014554
6862 0.014982
6938 0.014791
6939 0.014984
6941 0.014887
6943 0.016257
6945 0.016245
6946 0.015776
6947 0.015144
6987 0.016498
6988 0.016069
7004 0.015857
7006 0.015480
7007 0.015510
7086 0.015604
7087 0.015381
7088 0.015804
7110 0.015427
7155 0.015939
7156 0.016289
7157 0.016301
7161 0.015975
7162 0.017138
7166 0.017044
7167 0.017904
7168 0.019083
7169 0.020600
7170 0.021677
7171 0.021558
7172 0.021445
7173 0.020629
7174 0.020738
7175 0.020361
7180 0.020976
7181 0.020030
7182 0.020213
7189 0.020576
7190 0.021468
7191 0.021696
7192 0.021808
7193 0.021699
7202 0.021260
7203 0.022251
7204 0.023672
7218 0.024339
7219 0.025173
7220 0.026248
7231 0.027833
7232 0.028638
7242 0.028279
7243 0.027861
7244 0.030245
7245 0.030833
7246 0.031205
7248 0.031342
7250 0.031405
7254 0.031117
7255 0.033101
7256 0.033191
7264 0.033409
7265 0.033446
7266 0.035351
7267 0.034834
7268 0.038596
7303 0.039364
7304 0.039205
7305 0.040281
7306 0.040101
7308 0.041180
7312 0.041731
7313 0.041476
7314 0.042494
7315 0.043534
7316 0.042519
7318 0.040820
7319 0.042625
7320 0.038434
7360 0.038260
7361 0.038372
7362 0.038619
7383 0.038993
7384 0.039403
7385 0.039787
7386 0.039570
7389 0.038588
7390 0.038759
7391 0.039281
7395 0.039030
7396 0.034619
7404 0.033834
7405 0.034509
7406 0.033255
7434 0.032195
7435 0.030332
7436 0.028697
7437 0.032449
7438 0.033141
7439 0.031482
7497 0.034232
7498 0.035139
7509 0.033721
7511 0.035692
7512 0.035512
7514 0.037010
7515 0.036314
7526 0.037026
7527 0.036996
7529 0.033979
7530 0.036056
7531 0.036886
7555 0.037362
7569 0.036557
7570 0.038538
7571 0.039409
7572 0.041856
7573 0.041725
7574 0.043613
7575 0.044200
7576 0.043056
7577 0.043497
7579 0.040576
7580 0.038347
7581 0.036250
7597 0.033544
7599 0.033925
7649 0.035725
7658 0.034658
7661 0.035000
7662 0.033584
7710 0.034861
7743 0.033668
7898 0.034871
8106 0.036343
8173 0.033854
8184 0.033699
8368 0.034008
8562 0.034345
9024 0.035187
9072 0.035348
9320 0.039857
9321 0.043763
9322 0.042804
9323 0.043837
9324 0.050004
9362 0.050450
9363 0.051347
9364 0.051059
9365 0.050847
9366 0.054708
9429 0.053951
9430 0.053283
9431 0.055017
9432 0.054804
9437 0.054418
9438 0.053193
9439 0.054193
9440 0.053117
9465 0.053992
9484 0.058281
9485 0.059708
9498 0.059949
9499 0.059341
9500 0.056835
9502 0.057264
9503 0.053480
9505 0.050748
9506 0.051260
9508 0.050330
9509 0.046737
9510 0.050576
9511 0.050228
9519 0.050079
9520 0.050883
9521 0.047245
9522 0.047994
9523 0.046950
9524 0.046216
9525 0.047593
9532 0.048526
9553 0.049694
9554 0.048939
9558 0.049421
9559 0.048751
9560 0.047745
9561 0.050186
9562 0.051742
9597 0.052237
9618 0.052299
9623 0.050617
9624 0.047583
9627 0.047483
9628 0.047084
9629 0.048099
9630 0.046232
9634 0.041497
9635 0.039094
9636 0.039014
9637 0.039837
9638 0.040836
9639 0.039607
9645 0.039927
9652 0.040186
9653 0.037819
9662 0.037974
9663 0.037005
9676 0.036988
9677 0.036285
9678 0.035164
9679 0.032236
9693 0.029420
9694 0.027611
9699 0.025667
9700 0.026063
9701 0.025735
9702 0.026318
9703 0.025683
9704 0.025564
9705 0.026619
9707 0.026908
9708 0.027044
9709 0.030892
9715 0.031790
9716 0.031002
9723 0.030502
9724 0.032305
9725 0.030912
9731 0.029550
9732 0.030171
9733 0.029750
9734 0.030127
9735 0.030322
9739 0.030053
9740 0.031860
9883 0.033131
9884 0.036603
9885 0.035637
9886 0.037196
9887 0.037236
9889 0.038987
9890 0.041154
9892 0.040757
9893 0.039832
9894 0.037526
9895 0.037395
9940 0.038595
9966 0.039008
9967 0.038538
9968 0.039968
9985 0.039206
9986 0.037973
9987 0.038007
9988 0.041280
9990 0.043387
9994 0.042697
9995 0.042441
9996 0.041588
9999 0.043342
10000 0.042093
10001 0.040508
10007 0.035632
10008 0.035633
10009 0.035307
10028 0.034802
10029 0.033188
10031 0.030528
10032 0.034617
10106 0.034307
10110 0.035091
10111 0.034213
10112 0.032806
10132 0.028655
10135 0.030859
10137 0.029534
10209 0.029497
10210 0.029025
10258 0.029501
10259 0.026876
10260 0.024472
10261 0.025592
10272 0.025912
10273 0.026716
10291 0.024979
10292 0.026713
10293 0.029570
10294 0.035448
10295 0.040826
10345 0.041079
10346 0.040911
10347 0.041945
10350 0.041859
10352 0.037260
10353 0.038591
10354 0.037333
10355 0.037825
10356 0.038349
10363 0.038744
10364 0.035651
10370 0.035668
10371 0.035590
10372 0.036275
10373 0.036090
10374 0.036066
10389 0.035940
10390 0.036946
10391 0.037466
10392 0.038242
10395 0.040454
10398 0.040209
10400 0.039762
10416 0.034876
10442 0.029171
10443 0.027742
10445 0.028086
10448 0.027022
10449 0.027027
10484 0.027326
10511 0.027193
10512 0.027362
10513 0.027223
10514 0.028270
10515 0.030001
10517 0.032772
10519 0.037772
10563 0.038220
10564 0.039561
10565 0.040247
10582 0.040969
10583 0.041916
10584 0.040210
10585 0.039096
10586 0.041350
10593 0.040291
10594 0.038560
10595 0.039435
10598 0.038367
10600 0.038913
10603 0.039028
10608 0.038309
10611 0.039977
10612 0.039880
10636 0.039344
10648 0.038408
10660 0.038407
10692 0.038261
10694 0.036732
10695 0.034758
10696 0.034023
10739 0.028093
10760 0.027437
10761 0.025154
10762 0.024181
10776 0.022026
10778 0.022617
10781 0.022049
10782 0.022167
10786 0.019031
10787 0.020545
10790 0.019717
10791 0.017075
10793 0.016958
10795 0.017316
10796 0.019042
10797 0.019522
10799 0.019554
10811 0.019652
10814 0.022606
10826 0.022714
10889 0.022475
10927 0.023765
10928 0.027708
10949 0.033646
11001 0.031528
11040 0.037771
11088 0.038167
11089 0.038504
11090 0.045798
11092 0.048655
11093 0.048483
11094 0.052180
11095 0.056058
11096 0.060027
11097 0.065276
11098 0.068429
11099 0.069621
11100 0.075871
11101 0.082472
11206 0.080374
11207 0.080633
11208 0.081358
11209 0.082891
11210 0.082868
11212 0.083238
11218 0.084476
11220 0.085703
11221 0.081980
11222 0.076970
11223 0.076944
11224 0.071592
11225 0.075319
11226 0.076179
11227 0.073284
11228 0.071601
11240 0.072549
11241 0.070045
11242 0.068244
11243 0.064994
11244 0.062215
11253 0.061031
11255 0.060432
11256 0.055355
11263 0.048891
11264 0.054624
11265 0.054484
11296 0.052001
11325 0.051894
11327 0.052750
11328 0.053638
11329 0.052820
11330 0.051061
11336 0.051214
11337 0.050913
11356 0.053589
11357 0.055419
11358 0.055404
11359 0.054965
11368 0.050599
11370 0.051914
11371 0.055106
11376 0.053828
11377 0.055443
11380 0.053859
11381 0.049781
11382 0.049475
11383 0.050922
11386 0.050502
11387 0.050919
11388 0.046271
11390 0.047180
11391 0.049336
11392 0.047788
11431 0.044525
11432 0.043354
11434 0.045508
11435 0.047158
11436 0.048359
11438 0.049159
11440 0.046823
11443 0.045041
11444 0.044000
11445 0.046286
11446 0.047155
11447 0.045490
11448 0.041650
11449 0.044104
11456 0.042704
11457 0.042932
11477 0.042155
11478 0.043210
11479 0.042421
11480 0.041686
11481 0.043248
11482 0.043203
11483 0.042005
11484 0.041564
11485 0.044512
11486 0.046941
11487 0.046843
11488 0.045583
11489 0.049865
11498 0.050483
11500 0.049628
11501 0.052034
11502 0.052283
11504 0.050806
11505 0.052945
11506 0.058039
11507 0.064266
11527 0.064374
11528 0.065424
11712 0.065937
11714 0.068943
11817 0.069550
11867 0.068132
11868 0.071486
11869 0.074397
12091 0.074006
12140 0.079568
12232 0.082937
12285 0.082876
12420 0.080665
12421 0.079832
12425 0.081165
12474 0.082406
12498 0.077269
12557 0.078176
12662 0.079091
12665 0.077342
12668 0.079372
12669 0.078186
12671 0.073153
12672 0.069981
12673 0.063289
12674 0.064156
12684 0.061545
12685 0.058909
12686 0.055616
12687 0.059326
12688 0.062587
12689 0.060401
12690 0.061445
12692 0.059498
12695 0.053893
12703 0.050740
12704 0.049046
12705 0.049552
12721 0.047544
12722 0.047910
12725 0.047042
12726 0.046222
12727 0.043806
12728 0.043241
12729 0.042364
12730 0.040427
12732 0.041035
12744 0.040822
12745 0.038862
12748 0.038803
12750 0.039904
12753 0.040210
12755 0.039805
12756 0.040324
12757 0.036181
12758 0.032848
12759 0.031379
12760 0.029276
12761 0.030232
12762 0.030558
12763 0.031601
12764 0.032927
12789 0.036727
12790 0.048350
12791 0.047898
12792 0.052246
12793 0.057931
12805 0.061263
12806 0.062451
12807 0.063524
12808 0.064479
12809 0.068527
12810 0.073276
12825 0.072513
12826 0.072502
12963 0.069283
13035 0.071456
13037 0.071370
13287 0.073020
13488 0.071920
14683 0.072119
14885 0.071781
15007 0.070840
15175 0.070266
15193 0.069242
15617 0.067448
15937 0.067963
15941 0.064884
15948 0.055584
15949 0.055635
15950 0.049520
15951 0.043825
15952 0.039756
15955 0.037651
15957 0.038793
15958 0.038825
15959 0.035929
15960 0.031163
15963 0.031312
15964 0.033277
15965 0.032503
15966 0.031070
15967 0.033387
15968 0.031565
15983 0.031565
15987 0.031375
16011 0.030279
16012 0.030510
16014 0.030127
16015 0.029877
16017 0.030730
16046 0.029373
16048 0.028482
16049 0.030788
16050 0.030889
16051 0.034611
16054 0.034262
16055 0.034784
16056 0.038261
16058 0.038688
16060 0.036977
16061 0.039669
16062 0.040797
16239 0.042503
16241 0.040767
16242 0.041401
16243 0.043558
16245 0.042720
16246 0.043357
16247 0.044566
16265 0.044255
16266 0.047484
16267 0.047942
16268 0.049023
16269 0.051973
16282 0.051267
16283 0.051995
16285 0.054084
16286 0.053278
16287 0.052385
16288 0.050147
16289 0.053379
16290 0.054350
16324 0.055123
16331 0.054445
16332 0.055732
16335 0.052513
16340 0.052694
16366 0.051489
16465 0.050866
16539 0.050852
16811 0.046952
17011 0.045766
17445 0.044630
17583 0.046345
17680 0.047675
17792 0.045577
17986 0.045850
18090 0.044156
18166 0.041610
18192 0.046706
18323 0.046637
18417 0.050084
18439 0.052989
18536 0.052577
18561 0.056144
18588 0.058809
18589 0.059343
18590 0.057559
18591 0.059379
18595 0.057825
18607 0.056170
18608 0.055328
18610 0.056601
18611 0.058126
18612 0.057467
18613 0.059533
18614 0.060826
18615 0.061898
18616 0.062281
18651 0.060107
18652 0.059496
18653 0.059661
18654 0.062175
18657 0.063399
18658 0.058833
18659 0.057746
18661 0.053007
18662 0.046396
18663 0.047264
18666 0.042587
18667 0.037534
18675 0.037493
18676 0.035502
18678 0.032965
18679 0.036744
18681 0.037981
18734 0.038583
18863 0.037673
18956 0.040562
19110 0.040378
19441 0.038275
19646 0.038120
19661 0.038139
19785 0.036039
19851 0.035804
19855 0.035567
20187 0.035710
20188 0.034391
20189 0.034386
20190 0.034161
20191 0.035509
20192 0.034463
20199 0.034705
20200 0.033571
20201 0.033459
20202 0.033407
20206 0.031981
20207 0.032177
20208 0.031728
20211 0.028094
20213 0.027009
20219 0.026997
20220 0.026662
20221 0.023670
20224 0.024457
20227 0.024395
20228 0.023425
20229 0.022691
20233 0.021905
20236 0.021909
20237 0.024999
20253 0.022840
20254 0.021619
20258 0.021569
20260 0.020958
20264 0.019777
20265 0.024106
20266 0.027764
20269 0.028393
20270 0.030132
20271 0.030700
20272 0.032222
20275 0.031655
20282 0.030929
20283 0.030816
20284 0.032148
20424 0.032154
20601 0.031205
20672 0.032662
20673 0.032454
20674 0.033133
20676 0.033863
20677 0.033906
20678 0.033596
20679 0.034630
20682 0.030936
20691 0.031256
20692 0.032181
20693 0.031729
20703 0.032121
20704 0.032438
20705 0.030352
20707 0.028255
20708 0.027643
20711 0.026788
20716 0.025238
20717 0.023279
20718 0.023463
20719 0.023468
20722 0.023921
20723 0.022866
20724 0.022006
20727 0.022148
20728 0.019415
20729 0.020708
20732 0.019971
20733 0.020941
20734 0.023645
20735 0.024159
20739 0.024961
20741 0.024974
20742 0.025681
20747 0.025406
20748 0.024257
20784 0.024537
20785 0.025474
20786 0.022264
20798 0.020407
20801 0.021063
20802 0.020624
20803 0.020601
20805 0.020788
20806 0.020339
20807 0.021692
20808 0.026885
20809 0.027869
20831 0.028720
21157 0.028419
21177 0.037304
21178 0.037558
21180 0.038900
21181 0.039964
21182 0.039044
21183 0.048456
21184 0.047106
21185 0.049193
21187 0.048177
21188 0.050434
21189 0.055407
21190 0.060778
21216 0.062112
21218 0.062427
21219 0.063031
21276 0.063561
21310 0.064155
21350 0.065733
21353 0.066278
21371 0.070063
21378 0.070577
21400 0.064889
21402 0.063989
21530 0.064424
21531 0.066552
21532 0.059076
21533 0.058181
21534 0.057858
21550 0.057189
21551 0.061280
21552 0.051683
21560 0.051160
21562 0.049022
21563 0.051326
21564 0.053916
21565 0.056400
21571 0.052539
21603 0.050435
21604 0.055511
21605 0.056481
21606 0.056291
21607 0.062095
21608 0.061626
21615 0.063191
21616 0.061086
21617 0.059532
21618 0.060375
21619 0.063039
21620 0.065436
21621 0.064398
21653 0.064958
21655 0.064045
21656 0.069604
21657 0.071722
21658 0.073244
21659 0.077948
22658 0.083396
22660 0.087215
22771 0.085351
23131 0.080634
23402 0.073265
23662 0.072578
24792 0.075234
