800 0.070254
801 0.067278
802 0.066691
803 0.067759
1031 0.070015
1172 0.069191
1340 0.065440
1693 0.064111
2997 0.065120
3508 0.064509
3761 0.066180
4108 0.072996
4154 0.073523
4215 0.075538
4222 0.077587
4738 0.087037
4740 0.091426
4741 0.093293
4812 0.093253
4920 0.094756
4982 0.097257
5073 0.096845
5074 0.096844
5075 0.095607
5076 0.094397
5077 0.091333
5087 0.089168
5107 0.086382
5108 0.082966
5109 0.078577
5111 0.077347
5112 0.077852
5115 0.076664
5116 0.074806
5120 0.073720
5124 0.072402
5125 0.067497
5126 0.069144
5127 0.069802
5128 0.072696
5138 0.064271
5178 0.058392
5372 0.054208
5373 0.052705
5374 0.051891
5375 0.049617
5376 0.050065
5386 0.051131
5387 0.052470
5388 0.052452
5389 0.052160
5390 0.051432
5392 0.050493
5393 0.050327
5394 0.051684
5395 0.053036
5396 0.055116
5397 0.059065
5398 0.063595
5399 0.068811
5400 0.071980
5744 0.075371
5940 0.078049
5942 0.078125
6865 0.080938
6993 0.083820
7340 0.089386
7409 0.095760
7454 0.105475
7484 0.107911
7506 0.113535
7940 0.120433
8406 0.121062
9391 0.124744
9488 0.126958
9674 0.132801
10441 0.134052
10592 0.135854
10637 0.137832
10638 0.137693
10641 0.137823
10642 0.135839
10643 0.131760
10644 0.126502
10645 0.122131
10646 0.120165
10647 0.116344
10649 0.112395
10650 0.110575
10651 0.103060
10652 0.100413
10653 0.095128
10654 0.090539
10657 0.081812
10658 0.078822
10659 0.072927
10661 0.065460
10662 0.063287
10663 0.057472
10664 0.053698
10665 0.046414
10666 0.043361
10667 0.039746
10668 0.037224
10670 0.035301
10671 0.033671
10672 0.034724
10674 0.036277
10675 0.038338
10676 0.040571
10677 0.042355
10678 0.045833
11074 0.044871
11180 0.044499
11566 0.046027
11675 0.047323
12102 0.048308
12229 0.055442
12400 0.059394
12739 0.062135
12878 0.063602
13155 0.067122
13478 0.067922
13836 0.073458
14008 0.074276
14143 0.078726
14508 0.078991
14689 0.081813
14720 0.082124
14721 0.082743
14722 0.083050
14729 0.082673
14730 0.082611
14731 0.081878
14736 0.079524
14737 0.077250
14738 0.073219
14739 0.073555
14741 0.073190
14767 0.073989
14768 0.072781
14769 0.072246
14770 0.065805
14771 0.065054
14772 0.065077
14793 0.063756
14796 0.060276
14797 0.060891
14798 0.056564
14799 0.057109
14800 0.054813
14802 0.055828
14909 0.057586
15120 0.062711
15168 0.062589
15280 0.064846
15281 0.065228
15282 0.064896
15283 0.067056
15287 0.070812
15355 0.070538
15396 0.071344
15410 0.076705
15433 0.076797
15441 0.073718
15447 0.072776
15670 0.075384
15681 0.076234
15691 0.075056
15789 0.074112
15790 0.074897
15791 0.075300
15792 0.073876
15793 0.072595
15795 0.072952
15796 0.072247
15797 0.072046
15798 0.067962
15799 0.061317
15800 0.060295
15802 0.062351
15803 0.065940
15804 0.068567
15805 0.067343
15806 0.064631
15811 0.064969
15812 0.063645
15815 0.059259
15829 0.059213
15891 0.060296
15893 0.060134
15908 0.057400
15910 0.055534
15911 0.056100
15912 0.057300
15914 0.058578
16013 0.060621
16016 0.064134
16095 0.064378
16098 0.064542
16099 0.064553
16101 0.064508
16102 0.065662
16103 0.066862
16105 0.068280
16106 0.063625
16107 0.058608
16108 0.054840
16109 0.052426
16110 0.051250
16111 0.049329
16112 0.048715
16127 0.050113
16128 0.050869
16129 0.050608
16131 0.051455
16132 0.051405
16133 0.051132
16134 0.048753
16135 0.046271
16136 0.044295
16163 0.042459
16184 0.044882
16187 0.052541
16313 0.052075
16407 0.053420
16408 0.053576
16435 0.055572
16614 0.056187
16661 0.058585
16762 0.061923
16863 0.063489
17281 0.064265
17424 0.065395
17606 0.065856
17607 0.067400
17608 0.069481
17642 0.066948
17671 0.066581
17673 0.065497
17674 0.064632
17675 0.064098
17676 0.063855
17684 0.064422
17686 0.065216
17687 0.066559
17688 0.067057
17689 0.062011
17690 0.054154
17691 0.052622
17692 0.050495
17693 0.049609
17694 0.047102
17695 0.046425
17696 0.043238
17697 0.039212
17698 0.036877
17701 0.035567
17702 0.034020
17703 0.033521
17704 0.032162
17707 0.030176
17708 0.029911
17709 0.029307
17711 0.029298
17713 0.028806
17736 0.032467
17740 0.035386
17748 0.037773
17805 0.040240
17839 0.040029
17876 0.041246
17977 0.043222
18024 0.044409
18193 0.045547
18195 0.046012
18284 0.047828
18424 0.047121
18575 0.047146
18919 0.047444
19206 0.050347
19246 0.050690
19617 0.053081
19651 0.053832
19722 0.052708
19723 0.052453
19724 0.052227
19725 0.051823
19726 0.051090
19728 0.051124
19742 0.050995
19744 0.049916
19745 0.048833
19746 0.047241
19747 0.045195
19748 0.045572
19749 0.044329
19759 0.043072
19765 0.044003
19798 0.043853
19838 0.045262
19840 0.045536
19902 0.046118
20008 0.049983
20321 0.051778
20328 0.050813
20332 0.054643
20355 0.057015
20378 0.056312
20381 0.056231
20390 0.056614
20460 0.057585
20470 0.062472
20484 0.067375
20549 0.067817
20572 0.074233
20589 0.077199
20635 0.076957
20636 0.076293
20706 0.075122
20827 0.078170
21011 0.077935
21022 0.077698
21051 0.076410
21054 0.079695
21065 0.077776
21087 0.078105
21090 0.079011
21097 0.078489
21098 0.078980
21124 0.077773
21125 0.074515
21126 0.070418
21127 0.071470
21128 0.072238
21132 0.072723
21133 0.072834
21134 0.068760
21135 0.064114
21136 0.063493
21137 0.057279
21138 0.051076
21139 0.050875
21140 0.051266
21141 0.052943
21142 0.048590
21143 0.047686
21144 0.046678
21145 0.046052
21146 0.041966
21148 0.041844
21149 0.038903
21150 0.036477
21151 0.031900
21152 0.032820
21154 0.036938
21155 0.040648
21156 0.043479
21238 0.046630
21509 0.049275
21578 0.050104
21715 0.050838
21740 0.052213
21800 0.063042
21834 0.062984
21916 0.066931
22002 0.068480
22174 0.068680
22281 0.069666
22310 0.068231
22843 0.068000
23439 0.068866
23462 0.069687
24247 0.070636
24288 0.071262
24289 0.071461
24290 0.072079
24292 0.072809
24293 0.073512
24296 0.071331
24297 0.067456
24300 0.062733
24301 0.059654
24305 0.055376
24306 0.051845
24307 0.049745
24308 0.047509
24309 0.045570
24312 0.034189
24313 0.033270
24314 0.028461
24315 0.026742
24325 0.025481
24326 0.022552
24330 0.023036
24331 0.023269
24334 0.022890
24335 0.021983
24336 0.021616
24337 0.021979
24338 0.023377
24385 0.028489
24447 0.030985
24515 0.033931
24625 0.032482
24893 0.033593
24950 0.033720
