800 0.045440
801 0.049873
802 0.051215
803 0.052074
1031 0.051947
1172 0.051778
1340 0.048254
1693 0.043816
2997 0.045590
3508 0.045528
3761 0.044600
4108 0.040908
4154 0.039492
4215 0.037727
4222 0.038162
4738 0.041353
4740 0.041715
4741 0.050074
4812 0.049614
4920 0.047842
4982 0.047334
5073 0.049062
5074 0.050445
5075 0.051998
5076 0.053585
5077 0.056703
5087 0.050515
5107 0.049705
5108 0.047903
5109 0.049973
5111 0.050343
5112 0.053519
5115 0.052961
5116 0.053185
5120 0.055492
5124 0.056752
5125 0.059973
5126 0.057636
5127 0.058156
5128 0.059532
5138 0.056515
5178 0.057164
5372 0.049513
5373 0.049719
5374 0.051941
5375 0.053440
5376 0.053247
5386 0.054130
5387 0.056340
5388 0.058094
5389 0.055846
5390 0.059166
5392 0.068939
5393 0.071783
5394 0.080339
5395 0.081274
5396 0.082160
5397 0.091080
5398 0.096020
5399 0.099718
5400 0.105146
5744 0.101372
5940 0.101055
5942 0.102218
6865 0.099263
6993 0.100155
7340 0.097720
7409 0.095652
7454 0.094517
7484 0.093090
7506 0.090629
7940 0.090390
8406 0.086475
9391 0.084522
9488 0.080570
9674 0.079756
10441 0.078285
10592 0.067762
10637 0.066750
10638 0.056299
10641 0.056972
10642 0.054094
10643 0.049160
10644 0.044829
10645 0.041116
10646 0.035881
10647 0.036478
10649 0.038876
10650 0.036990
10651 0.037485
10652 0.036671
10653 0.038333
10654 0.038640
10657 0.043176
10658 0.045958
10659 0.048944
10661 0.048438
10662 0.050276
10663 0.050631
10664 0.052453
10665 0.052446
10666 0.053402
10667 0.061340
10668 0.061497
10670 0.062581
10671 0.065686
10672 0.067467
10674 0.062999
10675 0.060200
10676 0.057331
10677 0.056641
10678 0.056381
11074 0.054931
11180 0.054333
11566 0.055342
11675 0.055104
12102 0.054465
12229 0.055120
12400 0.052496
12739 0.051769
12878 0.050056
13155 0.049202
13478 0.048657
13836 0.046983
14008 0.045046
14143 0.044914
14508 0.042941
14689 0.035887
14720 0.033860
14721 0.032691
14722 0.028774
14729 0.027567
14730 0.029240
14731 0.028854
14736 0.029227
14737 0.028182
14738 0.028380
14739 0.027700
14741 0.027594
14767 0.027053
14768 0.026611
14769 0.025380
14770 0.025091
14771 0.024012
14772 0.024441
14793 0.023203
14796 0.023082
14797 0.022150
14798 0.021795
14799 0.021916
14800 0.022074
14802 0.022453
14909 0.021578
15120 0.021845
15168 0.022013
15280 0.021187
15281 0.019610
15282 0.017857
15283 0.016831
15287 0.016968
15355 0.018026
15396 0.018262
15410 0.019207
15433 0.018777
15441 0.018765
15447 0.018071
15670 0.020032
15681 0.019590
15691 0.019032
15789 0.015770
15790 0.019195
15791 0.020180
15792 0.020966
15793 0.023665
15795 0.024014
15796 0.024317
15797 0.024440
15798 0.025688
15799 0.026202
15800 0.027227
15802 0.027279
15803 0.027312
15804 0.028802
15805 0.029054
15806 0.029834
15811 0.029647
15812 0.029046
15815 0.027716
15829 0.027474
15891 0.025662
15893 0.025761
15908 0.023852
15910 0.023671
15911 0.023347
15912 0.022863
15914 0.019589
16013 0.019470
16016 0.018045
16095 0.017768
16098 0.017368
16099 0.020606
16101 0.022948
16102 0.021759
16103 0.024333
16105 0.025370
16106 0.025788
16107 0.025459
16108 0.027031
16109 0.028186
16110 0.026838
16111 0.028651
16112 0.028670
16127 0.029844
16128 0.030458
16129 0.032407
16131 0.034968
16132 0.038122
16133 0.038814
16134 0.039766
16135 0.041270
16136 0.042623
16163 0.043422
16184 0.044678
16187 0.042065
16313 0.042025
16407 0.043680
16408 0.040319
16435 0.043323
16614 0.042909
16661 0.041297
16762 0.040289
16863 0.040162
17281 0.038078
17424 0.042353
17606 0.044574
17607 0.043224
17608 0.042791
17642 0.046247
17671 0.048607
17673 0.050490
17674 0.048315
17675 0.045249
17676 0.045800
17684 0.045821
17686 0.044657
17687 0.045193
17688 0.043947
17689 0.046335
17690 0.046356
17691 0.046742
17692 0.041788
17693 0.043040
17694 0.040229
17695 0.037429
17696 0.036485
17697 0.036581
17698 0.037893
17701 0.037053
17702 0.032967
17703 0.032255
17704 0.031319
17707 0.038530
17708 0.036774
17709 0.034353
17711 0.030801
17713 0.030611
17736 0.030985
17740 0.030122
17748 0.030092
17805 0.031025
17839 0.031566
17876 0.031488
17977 0.028440
18024 0.029077
18193 0.031076
18195 0.030903
18284 0.029902
18424 0.030446
18575 0.030711
18919 0.030559
19206 0.033116
19246 0.033572
19617 0.034760
19651 0.036902
19722 0.035586
19723 0.036331
19724 0.034244
19725 0.035383
19726 0.036893
19728 0.040002
19742 0.041083
19744 0.041709
19745 0.043563
19746 0.044886
19747 0.044898
19748 0.044291
19749 0.044141
19759 0.043552
19765 0.043491
19798 0.042479
19838 0.042319
19840 0.042915
19902 0.042475
20008 0.043838
20321 0.043852
20328 0.041467
20332 0.041491
20355 0.041008
20378 0.037978
20381 0.037878
20390 0.037426
20460 0.032486
20470 0.030409
20484 0.028719
20549 0.026019
20572 0.024813
20589 0.024028
20635 0.023123
20636 0.021283
20706 0.020089
20827 0.020959
21011 0.023488
21022 0.023346
21051 0.024701
21054 0.023884
21065 0.024939
21087 0.023756
21090 0.024034
21097 0.023768
21098 0.028891
21124 0.029203
21125 0.027987
21126 0.029214
21127 0.029481
21128 0.031946
21132 0.033767
21133 0.035799
21134 0.034954
21135 0.035870
21136 0.035738
21137 0.036373
21138 0.036243
21139 0.036716
21140 0.037637
21141 0.038557
21142 0.036685
21143 0.034205
21144 0.035386
21145 0.033557
21146 0.032888
21148 0.032213
21149 0.034701
21150 0.035237
21151 0.034703
21152 0.030156
21154 0.030046
21155 0.029460
21156 0.028152
21238 0.027376
21509 0.025969
21578 0.024060
21715 0.021926
21740 0.021062
21800 0.021521
21834 0.022422
21916 0.025077
22002 0.027099
22174 0.026040
22281 0.026692
22310 0.027623
22843 0.030186
23439 0.034495
23462 0.033957
24247 0.047003
24288 0.049598
24289 0.049253
24290 0.047828
24292 0.046862
24293 0.048402
24296 0.049145
24297 0.054235
24300 0.054576
24301 0.054538
24305 0.055298
24306 0.054997
24307 0.055865
24308 0.060467
24309 0.063901
24312 0.064222
24313 0.062814
24314 0.063878
24315 0.065086
24325 0.068476
24326 0.066810
24330 0.068494
24331 0.065078
24334 0.064120
24335 0.064499
24336 0.053108
24337 0.051470
24338 0.053890
24385 0.053845
24447 0.054478
24515 0.052955
24625 0.052619
24893 0.047704
24950 0.048255
