524 0.094362
529 0.091923
540 0.088721
566 0.085573
569 0.083805
581 0.082334
594 0.080192
600 0.080541
630 0.080066
635 0.080201
692 0.082821
753 0.081902
771 0.081753
810 0.081827
818 0.084544
838 0.084359
848 0.083831
862 0.085197
867 0.087583
898 0.085350
906 0.086152
914 0.084795
939 0.083785
944 0.086147
947 0.085351
955 0.084876
960 0.082713
967 0.084143
1003 0.084189
1009 0.081394
1015 0.081579
1020 0.084471
1025 0.083772
1038 0.084876
1043 0.084935
1063 0.082110
1069 0.082694
1150 0.079818
1167 0.081136
1301 0.080572
1387 0.080625
1397 0.080302
1480 0.079264
1493 0.078666
1620 0.080620
1837 0.082744
1901 0.080244
1928 0.079162
1956 0.079374
1966 0.078611
1971 0.078336
1979 0.081113
1984 0.080946
1993 0.081078
1999 0.081414
2008 0.080276
2013 0.080146
2023 0.079707
2030 0.078876
2037 0.076411
2047 0.080205
2075 0.078702
2079 0.079013
2094 0.077024
2102 0.075512
2120 0.075355
2123 0.077436
2125 0.076605
2128 0.077473
2139 0.079562
2145 0.077152
2152 0.078034
2160 0.077240
2170 0.077466
2234 0.079257
2289 0.080895
2296 0.079965
2320 0.080439
2340 0.079891
2381 0.082194
2389 0.082952
2413 0.080296
2438 0.081124
2462 0.082193
2467 0.083712
2470 0.080824
2478 0.080067
2484 0.080502
2497 0.079932
2510 0.080841
2515 0.081185
2524 0.079319
2530 0.081533
2538 0.080709
2547 0.077441
2551 0.079425
2560 0.079129
2565 0.079784
2580 0.078252
2594 0.076505
2600 0.074650
2611 0.074832
2634 0.073783
2641 0.073277
2646 0.069675
2652 0.069541
2657 0.071389
2668 0.070510
2674 0.068303
2680 0.067613
2688 0.066445
2692 0.067480
2695 0.067383
2735 0.067722
2751 0.067617
2757 0.068622
2761 0.067942
2777 0.065099
2795 0.065827
2822 0.071634
2830 0.070580
2871 0.070595
2876 0.071738
3058 0.071973
3431 0.076213
3607 0.077245
3817 0.076495
3827 0.077292
4174 0.078898
4279 0.079789
4684 0.080422
4974 0.078952
5089 0.081726
5130 0.082463
5143 0.082705
5726 0.085178
6128 0.085207
6132 0.085888
6135 0.087520
6141 0.087464
6160 0.085704
6171 0.086926
6183 0.087492
6193 0.085442
6200 0.079444
6204 0.079435
6211 0.080742
6222 0.080794
6231 0.081547
6243 0.078480
6254 0.077421
6264 0.076302
6270 0.076270
6275 0.074315
6280 0.076329
6288 0.077650
6316 0.078272
6322 0.077238
6329 0.077923
6337 0.077347
6344 0.075106
6439 0.073998
6450 0.073832
6458 0.073033
6471 0.073153
6489 0.073845
6492 0.073330
6503 0.075956
6510 0.077685
6522 0.079235
6531 0.077414
6542 0.077799
6572 0.077536
6583 0.076013
6596 0.075525
6631 0.076853
6652 0.077021
6659 0.077256
6703 0.078467
6753 0.078562
6799 0.077577
7048 0.077880
7103 0.079026
7123 0.078989
7195 0.078384
7241 0.079614
7253 0.081049
7282 0.082262
7286 0.083807
7337 0.082270
7343 0.080976
7359 0.082242
7379 0.081360
7403 0.081017
7415 0.082765
7421 0.082994
7433 0.081206
7444 0.079974
7453 0.081758
7460 0.082197
7472 0.080411
7478 0.081018
7488 0.080617
7496 0.081046
7502 0.078778
7508 0.077838
7525 0.076715
7536 0.074190
7548 0.074793
7557 0.076644
7568 0.075965
7589 0.076884
7596 0.074964
7613 0.073521
7617 0.074726
7622 0.077143
7625 0.077602
7630 0.078606
7657 0.077842
7665 0.077588
7738 0.078565
7751 0.079032
7782 0.080343
8460 0.079141
8758 0.080701
8788 0.082273
8919 0.083429
8923 0.083616
8932 0.083552
8950 0.085522
8954 0.084068
8960 0.086761
8964 0.085916
8968 0.084518
8972 0.087615
8995 0.087814
9007 0.087920
9017 0.088290
9028 0.087345
9038 0.085249
9047 0.083626
9053 0.085049
9058 0.082783
9065 0.084113
9076 0.082385
9085 0.081948
9087 0.082092
9093 0.080964
9100 0.079842
9107 0.078636
9145 0.077852
9212 0.075702
9257 0.075585
9264 0.075999
9338 0.076098
9349 0.077183
9358 0.074772
9372 0.074481
9380 0.074474
9386 0.072048
9390 0.071390
9436 0.070398
9460 0.070212
9483 0.072852
9495 0.074965
9513 0.075324
9547 0.071952
9564 0.074306
10615 0.071738
10635 0.073872
10888 0.074165
11037 0.073903
11201 0.076056
11239 0.078686
11290 0.076926
11293 0.078587
11301 0.078970
11348 0.078180
11367 0.077358
11402 0.076825
11408 0.075465
11430 0.076371
11455 0.076253
11460 0.075919
11466 0.076448
11471 0.076632
11509 0.076065
11531 0.078162
11546 0.078805
11561 0.077756
11579 0.077331
11615 0.077692
11619 0.074872
11624 0.076104
11630 0.073915
11633 0.074080
11638 0.074249
11659 0.073274
11663 0.070835
11671 0.072029
11679 0.070471
11726 0.072651
11737 0.076366
11750 0.078603
11755 0.078605
11771 0.078658
11785 0.078076
11794 0.080639
11799 0.082696
11815 0.080716
11900 0.081063
11908 0.082572
11911 0.080868
11917 0.079477
11921 0.079447
11933 0.079746
11937 0.079415
11945 0.080000
11966 0.079332
11975 0.080024
11982 0.079138
11992 0.078280
11997 0.078642
12016 0.080301
12021 0.079995
12052 0.082180
12057 0.080700
12062 0.076532
12066 0.075330
12069 0.074582
12096 0.076440
12130 0.078558
12133 0.077807
12161 0.076575
12192 0.076607
12203 0.077608
12213 0.076456
12257 0.077739
12265 0.077271
12274 0.078320
12281 0.079436
12294 0.079467
12298 0.078091
12306 0.077600
12312 0.076948
12320 0.079306
12323 0.080676
12329 0.079029
12337 0.077745
12364 0.080397
12371 0.080166
12383 0.079350
12389 0.079985
12434 0.080959
12497 0.082544
12591 0.083720
12619 0.081482
12633 0.079396
12648 0.080432
12683 0.079723
12707 0.079904
12724 0.077998
12735 0.075192
12747 0.074390
12752 0.071851
12766 0.072150
12775 0.074435
12788 0.076831
12812 0.077530
12817 0.081026
12831 0.080850
12862 0.080642
12872 0.080246
12905 0.079420
12914 0.077118
12918 0.075895
12947 0.077719
12960 0.077770
12972 0.075456
12977 0.079033
12991 0.078581
13087 0.079279
13425 0.078460
13557 0.077403
14993 0.078467
15037 0.078078
15278 0.079333
15318 0.081585
15332 0.081360
15352 0.082129
15361 0.082621
15370 0.080669
15440 0.080220
15465 0.080861
15470 0.075967
15479 0.075050
15501 0.075697
15510 0.077480
15523 0.081862
15550 0.081667
15558 0.083031
15563 0.084311
15573 0.085171
15590 0.089726
15666 0.087892
15907 0.084605
16303 0.083848
16575 0.087015
16804 0.086761
17050 0.087513
17065 0.088548
17218 0.088573
17990 0.091696
18064 0.092735
18395 0.094744
18430 0.093231
18464 0.093277
18470 0.094658
18484 0.094330
18493 0.096322
18499 0.096866
18507 0.096081
18510 0.096377
18518 0.097708
18587 0.098406
18597 0.095989
18604 0.093976
18618 0.094485
18627 0.091749
18636 0.088271
18656 0.090431
18665 0.092491
18669 0.092579
18693 0.094238
18759 0.094030
18781 0.091181
18798 0.090638
18804 0.088231
18826 0.090183
18832 0.088348
18836 0.087673
18843 0.087522
18847 0.085443
18854 0.086948
18867 0.086337
18890 0.085457
18909 0.083697
18918 0.083449
18927 0.079051
18933 0.079033
18941 0.079847
18964 0.079086
18967 0.076975
19008 0.075987
19011 0.076214
19038 0.075392
19042 0.073872
19046 0.072204
19050 0.070701
19064 0.070577
19071 0.072388
19085 0.072834
19096 0.071982
19100 0.070261
19108 0.071954
19122 0.070785
19132 0.069712
19138 0.071728
19158 0.068393
19175 0.067380
19187 0.068960
19205 0.072060
19220 0.071663
19241 0.070594
19254 0.068285
19284 0.068296
19290 0.069211
19295 0.070436
19301 0.071766
19304 0.071208
19310 0.073125
19313 0.073030
19320 0.071953
19323 0.071695
19326 0.071153
19514 0.070427
19850 0.076750
20529 0.076369
20558 0.076230
20864 0.075144
20945 0.076476
21243 0.079461
21291 0.078206
21359 0.080216
21511 0.080418
21515 0.079384
21524 0.077175
21538 0.076291
21545 0.077443
21554 0.079517
21573 0.081090
21577 0.080076
21594 0.078676
21610 0.077722
21623 0.076779
21626 0.076338
21631 0.075404
21633 0.075155
21640 0.076514
21648 0.075533
21666 0.076123
21672 0.073393
21681 0.076288
21696 0.075682
21704 0.077366
21723 0.078597
21920 0.077684
21958 0.076848
22279 0.077772
22472 0.079881
23047 0.078860
24014 0.080251
24082 0.080495
24178 0.080707
24258 0.080876
24264 0.079881
24275 0.080893
24279 0.080718
24287 0.080832
24295 0.082668
24299 0.081277
24303 0.081082
24311 0.081255
24317 0.083836
24322 0.086538
24324 0.085249
24329 0.082922
24347 0.081477
24351 0.081779
24361 0.080418
24366 0.078718
24381 0.077817
24407 0.078333
24413 0.079340
24427 0.077868
24433 0.077565
24442 0.077841
24446 0.077125
24452 0.075097
24456 0.074045
24461 0.074147
24467 0.073608
24500 0.076343
24526 0.074648
24530 0.072355
24540 0.074584
24551 0.076515
24557 0.077103
24564 0.073375
24597 0.072915
24602 0.074542
24605 0.074123
24615 0.071572
24622 0.073463
24629 0.072187
24645 0.072118
24653 0.073377
24678 0.076018
24721 0.075181
24758 0.075695
