524 0.189210
529 0.199541
540 0.192371
566 0.186263
569 0.190748
581 0.197759
594 0.199057
600 0.201826
630 0.208120
635 0.206869
692 0.220453
753 0.215044
771 0.225455
810 0.233786
818 0.239986
838 0.247883
848 0.256441
862 0.253503
867 0.266906
898 0.265288
906 0.271642
914 0.274880
939 0.272374
944 0.252437
947 0.250091
955 0.244733
960 0.233653
967 0.233237
1003 0.226300
1009 0.231557
1015 0.232275
1020 0.227636
1025 0.218101
1038 0.211765
1043 0.206200
1063 0.201864
1069 0.206211
1150 0.197686
1167 0.179030
1301 0.180277
1387 0.164412
1397 0.156248
1480 0.152584
1493 0.149931
1620 0.138758
1837 0.134011
1901 0.120256
1928 0.119040
1956 0.131407
1966 0.129560
1971 0.136301
1979 0.137469
1984 0.141207
1993 0.142527
1999 0.129960
2008 0.121284
2013 0.122101
2023 0.119135
2030 0.114438
2037 0.114541
2047 0.099478
2075 0.095523
2079 0.094086
2094 0.094673
2102 0.087752
2120 0.088438
2123 0.093718
2125 0.100882
2128 0.090776
2139 0.087858
2145 0.085266
2152 0.087011
2160 0.090527
2170 0.078242
2234 0.076725
2289 0.069790
2296 0.064484
2320 0.065746
2340 0.066169
2381 0.065395
2389 0.068710
2413 0.067908
2438 0.070665
2462 0.076091
2467 0.070266
2470 0.068387
2478 0.065464
2484 0.064904
2497 0.065185
2510 0.065247
2515 0.066406
2524 0.063343
2530 0.054911
2538 0.054460
2547 0.055778
2551 0.054685
2560 0.055748
2565 0.050162
2580 0.049609
2594 0.049507
2600 0.048302
2611 0.048997
2634 0.046746
2641 0.045586
2646 0.047876
2652 0.044659
2657 0.043563
2668 0.047095
2674 0.043664
2680 0.048537
2688 0.052528
2692 0.057337
2695 0.057720
2735 0.057050
2751 0.056500
2757 0.055522
2761 0.053864
2777 0.054465
2795 0.061275
2822 0.057246
2830 0.060797
2871 0.057691
2876 0.058422
3058 0.060928
3431 0.059540
3607 0.059254
3817 0.061161
3827 0.060262
4174 0.063090
4279 0.065423
4684 0.070915
4974 0.070713
5089 0.066148
5130 0.064050
5143 0.060970
5726 0.057880
6128 0.052372
6132 0.057006
6135 0.060495
6141 0.061680
6160 0.066343
6171 0.063749
6183 0.068179
6193 0.063181
6200 0.063115
6204 0.060067
6211 0.064319
6222 0.064554
6231 0.065263
6243 0.065476
6254 0.071067
6264 0.068531
6270 0.069878
6275 0.068470
6280 0.064598
6288 0.059080
6316 0.059146
6322 0.059978
6329 0.060752
6337 0.058486
6344 0.058295
6439 0.061211
6450 0.057951
6458 0.056693
6471 0.057563
6489 0.053003
6492 0.053779
6503 0.050353
6510 0.051179
6522 0.050940
6531 0.050372
6542 0.047903
6572 0.047476
6583 0.049240
6596 0.049062
6631 0.044651
6652 0.045864
6659 0.045410
6703 0.044556
6753 0.046525
6799 0.046630
7048 0.046442
7103 0.043714
7123 0.043629
7195 0.043413
7241 0.043142
7253 0.041093
7282 0.039351
7286 0.040054
7337 0.041452
7343 0.041299
7359 0.040314
7379 0.040825
7403 0.039434
7415 0.044181
7421 0.044050
7433 0.042901
7444 0.044340
7453 0.039163
7460 0.041216
7472 0.042599
7478 0.042832
7488 0.040795
7496 0.040462
7502 0.038646
7508 0.040174
7525 0.040066
7536 0.041296
7548 0.043999
7557 0.046817
7568 0.046712
7589 0.046053
7596 0.047108
7613 0.044682
7617 0.045773
7622 0.045857
7625 0.046561
7630 0.045044
7657 0.044907
7665 0.041688
7738 0.042863
7751 0.044244
7782 0.043368
8460 0.045830
8758 0.044019
8788 0.042293
8919 0.044928
8923 0.046555
8932 0.048189
8950 0.051263
8954 0.052197
8960 0.051569
8964 0.051475
8968 0.049324
8972 0.046340
8995 0.048810
9007 0.051122
9017 0.053186
9028 0.055183
9038 0.050689
9047 0.049966
9053 0.050071
9058 0.051133
9065 0.052837
9076 0.052788
9085 0.054052
9087 0.054968
9093 0.054799
9100 0.051978
9107 0.053645
9145 0.055636
9212 0.051902
9257 0.049855
9264 0.047610
9338 0.044536
9349 0.041288
9358 0.042266
9372 0.042604
9380 0.042478
9386 0.044065
9390 0.042419
9436 0.041629
9460 0.042766
9483 0.041999
9495 0.042805
9513 0.044247
9547 0.043239
9564 0.042615
10615 0.040220
10635 0.040285
10888 0.040391
11037 0.040329
11201 0.040413
11239 0.041986
11290 0.041838
11293 0.040148
11301 0.040805
11348 0.042607
11367 0.043300
11402 0.042469
11408 0.045262
11430 0.045128
11455 0.046343
11460 0.047853
11466 0.048040
11471 0.049617
11509 0.050091
11531 0.046448
11546 0.046547
11561 0.049063
11579 0.050381
11615 0.050527
11619 0.050957
11624 0.050371
11630 0.049686
11633 0.047780
11638 0.048249
11659 0.047416
11663 0.046754
11671 0.045433
11679 0.045610
11726 0.045559
11737 0.046571
11750 0.045057
11755 0.045697
11771 0.044825
11785 0.044539
11794 0.041827
11799 0.041975
11815 0.042940
11900 0.044323
11908 0.045133
11911 0.044371
11917 0.046803
11921 0.042722
11933 0.041793
11937 0.044229
11945 0.043733
11966 0.045610
11975 0.048294
11982 0.048059
11992 0.045118
11997 0.047017
12016 0.047726
12021 0.047435
12052 0.046631
12057 0.046323
12062 0.043284
12066 0.043684
12069 0.044363
12096 0.045825
12130 0.047311
12133 0.048969
12161 0.051625
12192 0.049525
12203 0.045739
12213 0.043809
12257 0.049510
12265 0.045264
12274 0.046327
12281 0.045611
12294 0.047242
12298 0.047468
12306 0.048303
12312 0.047171
12320 0.047470
12323 0.048113
12329 0.046470
12337 0.051843
12364 0.055174
12371 0.055446
12383 0.054098
12389 0.058836
12434 0.059497
12497 0.058662
12591 0.056207
12619 0.054413
12633 0.054012
12648 0.049498
12683 0.049395
12707 0.051363
12724 0.055119
12735 0.052906
12747 0.053915
12752 0.056291
12766 0.056255
12775 0.052549
12788 0.052823
12812 0.052010
12817 0.051348
12831 0.052176
12862 0.051666
12872 0.052463
12905 0.046221
12914 0.042696
12918 0.043482
12947 0.045185
12960 0.041635
12972 0.042533
12977 0.042273
12991 0.041945
13087 0.041942
13425 0.041292
13557 0.044759
14993 0.045588
15037 0.046567
15278 0.042127
15318 0.041764
15332 0.040460
15352 0.037613
15361 0.040462
15370 0.039998
15440 0.039177
15465 0.039210
15470 0.037552
15479 0.037277
15501 0.039574
15510 0.039196
15523 0.040693
15550 0.041892
15558 0.040904
15563 0.041168
15573 0.040242
15590 0.040922
15666 0.042083
15907 0.043692
16303 0.044655
16575 0.048970
16804 0.047428
17050 0.054266
17065 0.054351
17218 0.054809
17990 0.054712
18064 0.055110
18395 0.059650
18430 0.061263
18464 0.066779
18470 0.068874
18484 0.069980
18493 0.070184
18499 0.071125
18507 0.070340
18510 0.071661
18518 0.072058
18587 0.070918
18597 0.070999
18604 0.071671
18618 0.074217
18627 0.073104
18636 0.072743
18656 0.071524
18665 0.071259
18669 0.067135
18693 0.066896
18759 0.058882
18781 0.057174
18798 0.058033
18804 0.056518
18826 0.058080
18832 0.054707
18836 0.050249
18843 0.046156
18847 0.046472
18854 0.047561
18867 0.047331
18890 0.046833
18909 0.045151
18918 0.045186
18927 0.042643
18933 0.043111
18941 0.042496
18964 0.042515
18967 0.041228
19008 0.040414
19011 0.039812
19038 0.040231
19042 0.039649
19046 0.040319
19050 0.039772
19064 0.041572
19071 0.040119
19085 0.039146
19096 0.038013
19100 0.036347
19108 0.034806
19122 0.034387
19132 0.034392
19138 0.032950
19158 0.028646
19175 0.030904
19187 0.029542
19205 0.030088
19220 0.028882
19241 0.029632
19254 0.029794
19284 0.030735
19290 0.028484
19295 0.027368
19301 0.028801
19304 0.029550
19310 0.027803
19313 0.028353
19320 0.027855
19323 0.026093
19326 0.025671
19514 0.026196
19850 0.031670
20529 0.035616
20558 0.037224
20864 0.041366
20945 0.043085
21243 0.041858
21291 0.042308
21359 0.042937
21511 0.043531
21515 0.043258
21524 0.043370
21538 0.044094
21545 0.044204
21554 0.043875
21573 0.046772
21577 0.047101
21594 0.048379
21610 0.046236
21623 0.048156
21626 0.051176
21631 0.050690
21633 0.050906
21640 0.051873
21648 0.054323
21666 0.054557
21672 0.051116
21681 0.047845
21696 0.046147
21704 0.043232
21723 0.040833
21920 0.041933
21958 0.040738
22279 0.044068
22472 0.045000
23047 0.050624
24014 0.049679
24082 0.051717
24178 0.053891
24258 0.058319
24264 0.056050
24275 0.056002
24279 0.056047
24287 0.056920
24295 0.054504
24299 0.051697
24303 0.052818
24311 0.051956
24317 0.053896
24322 0.051399
24324 0.053274
24329 0.050370
24347 0.049533
24351 0.052536
24361 0.051438
24366 0.051412
24381 0.052842
24407 0.051667
24413 0.050173
24427 0.047410
24433 0.043768
24442 0.044571
24446 0.041127
24452 0.038935
24456 0.034800
24461 0.035743
24467 0.038580
24500 0.038002
24526 0.037189
24530 0.039940
24540 0.041003
24551 0.040407
24557 0.041604
24564 0.040665
24597 0.040143
24602 0.037428
24605 0.037386
24615 0.038118
24622 0.035184
24629 0.037221
24645 0.038459
24653 0.035818
24678 0.037744
24721 0.035739
24758 0.034638
