398 0.083080
399 0.076993
400 0.072573
401 0.068975
402 0.065046
403 0.058341
404 0.055783
405 0.055011
406 0.052533
410 0.054767
411 0.055642
412 0.057618
413 0.057862
414 0.058741
415 0.059860
416 0.058350
417 0.059020
418 0.054729
419 0.050300
470 0.052350
505 0.053057
513 0.054349
530 0.053015
589 0.051767
616 0.052389
618 0.053648
619 0.054864
686 0.061265
693 0.065387
696 0.066151
697 0.065863
698 0.064946
699 0.064153
706 0.064102
707 0.062634
709 0.063156
710 0.062800
716 0.063612
717 0.062444
718 0.060615
719 0.059253
720 0.059682
721 0.059091
722 0.059350
724 0.054897
725 0.051714
738 0.054822
739 0.058130
740 0.059673
742 0.064845
754 0.063311
756 0.062151
757 0.055882
758 0.051619
811 0.050500
812 0.050086
819 0.052935
820 0.054527
830 0.053615
831 0.054506
832 0.053912
833 0.053574
834 0.051328
835 0.050636
836 0.051368
849 0.051177
851 0.049309
852 0.048861
875 0.052049
877 0.059664
878 0.065804
881 0.062690
882 0.061333
883 0.061134
1089 0.054206
1090 0.054105
1112 0.055806
1116 0.058230
1464 0.058829
1523 0.059110
1524 0.059040
1525 0.055883
1532 0.054008
1534 0.054441
1548 0.053326
1549 0.051835
1550 0.050687
1551 0.050406
1552 0.050126
1569 0.052564
1570 0.054171
1571 0.054845
1573 0.055485
1575 0.051565
1576 0.043364
1577 0.037054
1578 0.035640
1582 0.034689
1593 0.035542
1607 0.038170
1615 0.042206
1617 0.043794
1621 0.044231
1631 0.047161
1771 0.049973
1789 0.052124
1795 0.054518
1894 0.061588
2172 0.062644
2475 0.069095
2682 0.071864
2684 0.075358
2765 0.076369
2882 0.078025
2970 0.075767
3448 0.077258
3506 0.077581
3973 0.084094
3974 0.089508
3975 0.093045
3990 0.094643
3992 0.095509
3994 0.094928
3995 0.092040
3996 0.089774
3997 0.086733
3999 0.083256
4000 0.080292
4002 0.077508
4035 0.074841
4036 0.073278
4037 0.071460
4038 0.064935
4040 0.063998
4041 0.056843
4042 0.053854
4043 0.050198
4044 0.048632
4045 0.046559
4046 0.044867
4047 0.041434
4048 0.040922
4049 0.033716
4050 0.028100
4051 0.024701
4052 0.023022
4056 0.023963
4057 0.025459
4058 0.027054
4059 0.027370
4060 0.026913
4061 0.027282
4062 0.028728
4064 0.028548
4065 0.027798
4066 0.027253
4067 0.027046
4068 0.026368
4106 0.026486
4107 0.026370
4109 0.026321
4110 0.026265
4111 0.026912
4112 0.027140
4144 0.029076
4145 0.030516
4146 0.030988
4147 0.032522
4149 0.033136
4150 0.033128
4151 0.032937
4153 0.032970
4155 0.031713
4156 0.029894
4157 0.029032
4158 0.028570
4160 0.033547
4161 0.035463
4162 0.037095
4167 0.039663
4168 0.041311
4171 0.042778
4172 0.044146
4182 0.045948
4194 0.046647
4209 0.049977
4217 0.055379
4219 0.058422
4221 0.061765
4228 0.063545
4255 0.072793
4276 0.073769
4343 0.076180
4521 0.077592
4603 0.084291
4779 0.085493
4798 0.084985
5063 0.092164
5110 0.093136
5119 0.094066
5195 0.094909
5201 0.090607
5234 0.090729
5235 0.091440
5236 0.091810
5238 0.092641
5239 0.093076
5241 0.094198
5243 0.095526
5244 0.097079
5245 0.095540
5246 0.091762
5247 0.089497
5248 0.086799
5250 0.083410
5251 0.073163
5253 0.071405
5254 0.071135
5255 0.072144
5256 0.067823
5257 0.068463
5258 0.067997
5260 0.060069
5261 0.059056
5263 0.058203
5264 0.057352
5283 0.056891
5284 0.053736
5322 0.053314
5323 0.050946
5325 0.050230
5326 0.048481
5327 0.045714
5328 0.041702
5329 0.038803
5331 0.036404
5332 0.034159
5333 0.032563
5334 0.031360
5335 0.030802
5337 0.030392
5339 0.030583
5348 0.026998
5349 0.023707
5350 0.020989
5351 0.018923
5354 0.017064
5355 0.016372
5356 0.015873
5357 0.015379
5358 0.015013
5364 0.018347
5401 0.021352
5402 0.020876
5403 0.021853
5404 0.021268
5405 0.021428
5437 0.021674
5438 0.021834
5439 0.021844
5440 0.021982
5441 0.022386
5442 0.023021
5444 0.023946
5495 0.024963
5496 0.025259
5497 0.024746
5498 0.024527
5500 0.025477
5504 0.026367
5505 0.027575
5506 0.029346
5513 0.033049
5514 0.035409
5515 0.036909
5519 0.037569
5535 0.034919
5536 0.032524
5557 0.034970
5621 0.035016
5668 0.035219
5669 0.034956
5670 0.034624
5671 0.034614
5688 0.035249
5689 0.035865
5691 0.035821
5694 0.036171
5696 0.036363
5716 0.040032
5717 0.042171
5718 0.043946
5722 0.048056
5723 0.052235
5724 0.057345
5728 0.063172
5742 0.064004
5770 0.062821
5779 0.064957
5817 0.066110
6115 0.066914
6168 0.070123
6176 0.070193
6239 0.068072
6612 0.067119
6757 0.066553
6775 0.070612
6817 0.073186
6826 0.074933
6973 0.075275
6974 0.075056
6975 0.075442
7030 0.076309
7031 0.076708
7032 0.073364
7033 0.072000
7035 0.070641
7036 0.066944
7037 0.063830
7038 0.060333
7042 0.053792
7043 0.052406
7044 0.051882
7046 0.048671
7053 0.050045
7054 0.050166
7055 0.046226
7057 0.045437
7058 0.043518
7059 0.043797
7060 0.044807
7061 0.043192
7063 0.044105
7067 0.048212
7545 0.050934
8341 0.052571
8342 0.053108
8349 0.052790
8436 0.054424
9168 0.056185
9282 0.059062
9283 0.060981
9346 0.061993
9373 0.060513
9374 0.057957
9375 0.057532
9376 0.056658
9377 0.055301
9378 0.054536
9382 0.052934
9383 0.052386
9384 0.052139
9387 0.052400
9388 0.054055
9392 0.055731
9393 0.054351
9394 0.051807
9395 0.049023
9396 0.044356
9397 0.042222
9398 0.041525
9399 0.041721
9401 0.041602
9402 0.040286
9403 0.040014
9404 0.038950
9405 0.039049
9406 0.039501
9407 0.040525
9408 0.040915
9409 0.042029
9410 0.042740
9411 0.043050
9412 0.044337
9413 0.043579
9414 0.043871
9415 0.045169
9416 0.045914
9417 0.044961
9418 0.043881
9419 0.044730
9420 0.045502
9421 0.045109
9422 0.043550
9423 0.042082
9424 0.040999
9425 0.040153
9426 0.038922
9427 0.038051
9428 0.035984
9608 0.040104
9611 0.045320
9811 0.047945
9812 0.049973
9872 0.054036
9879 0.061196
10613 0.064219
11067 0.067665
11338 0.070174
11343 0.073681
11930 0.075372
12099 0.079605
12113 0.081510
12467 0.087344
12599 0.087303
12741 0.089493
13269 0.089526
13549 0.090805
13610 0.092283
13665 0.094246
13666 0.095185
13667 0.095621
13668 0.096531
13669 0.096595
13672 0.098322
13673 0.092756
13674 0.086349
13676 0.082523
13677 0.079450
13678 0.075223
13679 0.067254
13680 0.063429
13681 0.059262
13682 0.054935
13683 0.049860
13684 0.046937
13685 0.040939
13686 0.037659
13687 0.030477
13688 0.029065
13689 0.025132
13690 0.023504
13691 0.021693
13692 0.020146
13693 0.017968
13694 0.016778
13695 0.016243
13696 0.015794
13697 0.015528
13698 0.013932
13699 0.013098
13702 0.012242
13703 0.011755
13705 0.011321
13706 0.011063
13707 0.010729
13708 0.010545
13709 0.010498
13710 0.010598
13711 0.010647
13712 0.010747
13713 0.011012
13723 0.010969
13725 0.010716
13726 0.010361
13727 0.010274
13728 0.010399
13729 0.010353
13730 0.010430
13732 0.010789
13733 0.011079
13735 0.010995
13736 0.010738
13737 0.010318
13739 0.010051
13740 0.009668
13743 0.010098
13744 0.010353
13745 0.010585
13746 0.010904
13913 0.014500
13915 0.016971
14154 0.022671
14209 0.025057
14213 0.027803
14240 0.029999
14280 0.030571
14455 0.030712
14564 0.033618
14580 0.043592
14598 0.044781
14844 0.045121
14863 0.047963
14935 0.049007
15102 0.049351
15335 0.050360
15448 0.050169
15684 0.052625
15794 0.056852
15810 0.059142
15816 0.059952
15817 0.059824
15818 0.059829
15819 0.059844
15821 0.060478
15822 0.057818
15823 0.056137
15826 0.051732
15830 0.052627
15831 0.052115
15832 0.051126
15833 0.051443
15837 0.054645
15838 0.053717
15839 0.044710
15840 0.044250
15842 0.044401
15843 0.041939
15844 0.041302
15847 0.041201
15849 0.040246
15853 0.040419
15854 0.037862
15856 0.033914
15857 0.031301
15860 0.033319
15861 0.034434
15862 0.035254
15863 0.035819
15864 0.035495
15867 0.036295
15871 0.036635
15872 0.036085
15874 0.033849
15875 0.032285
15878 0.032750
15879 0.032701
15880 0.029955
15881 0.028608
15884 0.030311
15913 0.034127
15973 0.037166
16070 0.037820
16104 0.039182
16170 0.039580
16592 0.040749
16594 0.040803
16595 0.040798
16596 0.040358
16597 0.040178
16598 0.036923
16599 0.035131
16600 0.034114
16615 0.034519
16616 0.034747
16617 0.033745
16624 0.033495
16625 0.033230
16626 0.032432
16649 0.035865
16650 0.037832
16651 0.040238
16671 0.042295
16678 0.042630
16681 0.040446
16682 0.036487
16684 0.033244
16810 0.037756
16825 0.036309
16989 0.037233
17035 0.039455
17046 0.041399
17077 0.043050
17078 0.044407
17130 0.046442
17159 0.050322
17162 0.052366
17166 0.054288
17204 0.057894
17234 0.059333
17235 0.060487
17335 0.060877
17336 0.061764
17337 0.062975
17338 0.059965
17339 0.056983
17342 0.053751
17343 0.051093
17344 0.050275
17347 0.050967
17350 0.051827
17351 0.052506
17352 0.047877
17353 0.048929
17354 0.048462
17355 0.046082
17356 0.044878
17359 0.043729
17360 0.042656
17413 0.042219
17414 0.039768
17415 0.038709
17416 0.037179
17417 0.032582
17418 0.030497
17419 0.028667
17420 0.027520
17421 0.026045
17422 0.024455
17423 0.023187
17425 0.022366
17426 0.022790
17427 0.023743
17428 0.024637
17429 0.024685
17430 0.024733
17437 0.025337
17438 0.026044
17439 0.026459
17440 0.026469
17470 0.026014
17508 0.027007
17509 0.028061
17531 0.030789
17549 0.032359
17594 0.034040
17813 0.039426
17840 0.041033
17916 0.045594
18079 0.047754
18761 0.048307
18764 0.049213
18778 0.049925
18785 0.051066
19146 0.053965
19181 0.055070
19190 0.055450
19557 0.054602
19558 0.053811
19559 0.052720
19560 0.051395
19561 0.049869
19562 0.048253
19563 0.046419
19564 0.044938
19565 0.044012
19566 0.042826
19567 0.041586
19568 0.039245
19569 0.036377
19570 0.033556
19571 0.027138
19572 0.025081
19573 0.020533
19574 0.018277
19575 0.017747
19576 0.016746
19577 0.016967
19578 0.016566
19579 0.014421
19582 0.014097
19585 0.013836
19588 0.014685
19589 0.015174
19590 0.015565
19591 0.015843
19592 0.016052
19593 0.016192
19602 0.017536
19603 0.018562
19727 0.019006
19741 0.018252
19762 0.018955
19766 0.018568
19767 0.018665
19772 0.018312
19773 0.018082
19775 0.017612
19776 0.017054
19777 0.016675
19781 0.019114
19782 0.020863
19791 0.020423
19792 0.019988
19793 0.019474
19794 0.018702
19795 0.018578
19796 0.017991
19800 0.018478
19801 0.018820
19802 0.019082
19841 0.019745
19842 0.019957
19843 0.018919
19844 0.018076
19845 0.017559
19846 0.018039
19847 0.017161
19862 0.017518
19863 0.017500
19864 0.018072
19866 0.019646
19869 0.020136
19888 0.022492
19889 0.023658
19892 0.022096
19899 0.021488
19910 0.022204
19911 0.022492
19912 0.022654
19914 0.025156
20068 0.026307
20077 0.027250
20195 0.027545
20196 0.027036
20216 0.027690
20217 0.027072
20218 0.027114
20291 0.027001
20292 0.027163
20296 0.029663
20298 0.031287
20299 0.032381
20300 0.032520
20301 0.032773
20302 0.032738
20303 0.032177
20304 0.032297
20305 0.030463
20365 0.030271
20366 0.030144
20367 0.029534
20383 0.031800
20403 0.034962
20404 0.036124
20406 0.034302
20407 0.032943
20408 0.031813
20409 0.032135
20410 0.033358
20412 0.033382
20413 0.034019
20425 0.035036
20426 0.036346
20428 0.036315
20429 0.034055
20430 0.031991
20431 0.030722
20434 0.034249
20437 0.037424
20438 0.039663
20439 0.039895
20440 0.040116
20450 0.040527
20451 0.040343
20452 0.042048
20453 0.043434
20455 0.042191
20456 0.040202
20457 0.040154
20458 0.040424
20497 0.040258
20498 0.040112
20499 0.038504
20500 0.038906
20501 0.039135
20502 0.039354
20510 0.039288
20511 0.039325
20513 0.039999
20514 0.040434
20515 0.040860
20534 0.041598
20535 0.038254
20542 0.038646
20543 0.039147
20545 0.039594
20563 0.042410
20573 0.042971
20624 0.044045
20625 0.042650
20626 0.041547
20669 0.040985
20670 0.040210
20923 0.039761
20924 0.039509
20925 0.039646
20931 0.040377
20932 0.040864
20934 0.039657
20935 0.038652
20936 0.038531
20939 0.039270
20940 0.039443
20946 0.039760
20947 0.039714
20948 0.039949
20949 0.040413
20950 0.041214
20951 0.038204
20962 0.037890
20967 0.039061
20969 0.038359
20970 0.038753
20972 0.038315
20974 0.040308
20975 0.041494
20986 0.042410
21153 0.044358
21428 0.048519
21595 0.049013
21911 0.053355
21949 0.053569
22164 0.055175
22186 0.055990
22209 0.057638
22216 0.059390
22257 0.059273
22536 0.058237
22554 0.057314
22571 0.058299
22576 0.059946
22577 0.060614
22578 0.060648
22579 0.061617
22580 0.060803
22581 0.058655
22582 0.056626
22585 0.055109
22586 0.054156
22587 0.052038
22589 0.052165
22590 0.051222
22594 0.051502
22595 0.048823
22596 0.049565
22597 0.046820
22598 0.047217
22600 0.046870
22601 0.046050
22602 0.044323
22603 0.041854
22606 0.043867
22608 0.044119
22609 0.044417
22610 0.045370
22612 0.044645
22613 0.043971
22616 0.042866
22617 0.041060
22618 0.039390
22619 0.039091
22620 0.040117
22622 0.041065
22623 0.041719
22624 0.041197
22626 0.039250
22627 0.037894
22628 0.034865
22630 0.036041
22631 0.037011
22634 0.036019
22635 0.035311
22636 0.033931
22639 0.034591
22640 0.035205
22641 0.035603
22642 0.033341
22643 0.033542
22675 0.033631
22682 0.033135
22683 0.032686
22685 0.032570
22688 0.033223
22689 0.034021
22690 0.034496
22694 0.036437
22695 0.035721
22696 0.035197
22697 0.034628
22698 0.034256
22699 0.034251
22700 0.034176
22701 0.034111
22702 0.030470
22703 0.029843
22704 0.030232
22705 0.030559
22706 0.030641
22707 0.029666
22711 0.030439
22712 0.030918
22713 0.029919
22714 0.029558
22715 0.029088
22716 0.027190
22717 0.026010
22718 0.024858
22719 0.023478
22725 0.024150
22726 0.024408
22727 0.022922
22728 0.022301
22729 0.021935
22730 0.022778
22731 0.023414
22732 0.023648
22736 0.025862
22737 0.027563
22738 0.029066
22740 0.027311
22741 0.026131
22743 0.025353
22744 0.024913
22760 0.027719
22779 0.026836
22784 0.026570
22785 0.026343
22815 0.026398
22816 0.026941
22817 0.027422
22818 0.027538
22819 0.028593
22822 0.029277
22823 0.027929
22824 0.026999
22825 0.026198
22826 0.025735
22827 0.026761
22828 0.026673
22829 0.027590
22830 0.028020
22831 0.026810
22832 0.025728
22833 0.024350
22834 0.023789
22835 0.024446
22836 0.024245
22837 0.024025
22838 0.020876
22858 0.020910
22860 0.020732
22861 0.021551
22862 0.021612
22867 0.023193
22868 0.023548
22869 0.023928
22870 0.023295
22871 0.022914
22872 0.022618
22873 0.023576
22875 0.024494
22876 0.025405
22880 0.025926
22881 0.025839
22882 0.025024
22883 0.024753
22884 0.024729
22886 0.024668
22889 0.025721
22945 0.027299
22946 0.026145
22947 0.026094
22949 0.026065
22950 0.025977
22951 0.025017
22952 0.025829
22953 0.025119
22961 0.027154
22974 0.026926
22975 0.027476
22979 0.028152
22985 0.028998
22988 0.029214
22989 0.029344
22994 0.029633
22995 0.029771
22999 0.029607
23000 0.028229
23002 0.028849
23003 0.028999
23006 0.029704
23083 0.029004
23084 0.028484
23091 0.029380
23092 0.029114
23108 0.029890
23109 0.030183
23110 0.030434
23111 0.030549
23112 0.030578
23122 0.029492
23123 0.029134
23125 0.026480
23126 0.024459
23130 0.023665
23133 0.024252
23135 0.023529
23137 0.023398
23138 0.023342
23139 0.022058
23140 0.022076
23141 0.021814
23143 0.021587
23144 0.020301
23148 0.019967
23149 0.019051
23150 0.018919
23154 0.019037
23155 0.017136
23157 0.017602
23193 0.018708
23195 0.020460
23231 0.022851
23315 0.030761
23383 0.031653
23453 0.032112
23590 0.032712
23679 0.033001
23957 0.036035
24260 0.038688
24280 0.037288
24403 0.037508
24459 0.040514
24491 0.041157
24933 0.048619
24955 0.051612
24996 0.051284
