398 0.048655
399 0.049864
400 0.048836
401 0.050372
402 0.052082
403 0.048861
404 0.052210
405 0.054784
406 0.054818
410 0.056991
411 0.056339
412 0.054764
413 0.056675
414 0.055274
415 0.050880
416 0.051958
417 0.048221
418 0.050371
419 0.050382
470 0.049524
505 0.052609
513 0.053570
530 0.056035
589 0.054622
616 0.057862
618 0.057992
619 0.056096
686 0.056552
693 0.055503
696 0.053433
697 0.056722
698 0.049265
699 0.048127
706 0.049132
707 0.046300
709 0.045049
710 0.046683
716 0.045010
717 0.045237
718 0.045008
719 0.043793
720 0.044144
721 0.040575
722 0.039673
724 0.039022
725 0.036461
738 0.035898
739 0.034559
740 0.034392
742 0.031880
754 0.030365
756 0.028498
757 0.027177
758 0.026329
811 0.026097
812 0.022593
819 0.021531
820 0.020401
830 0.018495
831 0.019105
832 0.019480
833 0.018992
834 0.018065
835 0.018331
836 0.018317
849 0.017912
851 0.018963
852 0.019878
875 0.021787
877 0.022105
878 0.021535
881 0.020423
882 0.019488
883 0.021577
1089 0.022048
1090 0.022614
1112 0.023082
1116 0.024332
1464 0.024970
1523 0.026300
1524 0.027147
1525 0.028173
1532 0.026676
1534 0.028140
1548 0.028753
1549 0.028781
1550 0.027823
1551 0.028191
1552 0.031814
1569 0.031492
1570 0.030833
1571 0.033122
1573 0.032220
1575 0.032139
1576 0.032716
1577 0.035032
1578 0.035888
1582 0.036277
1593 0.035177
1607 0.033833
1615 0.033724
1617 0.033345
1621 0.032489
1631 0.032748
1771 0.032098
1789 0.031447
1795 0.031958
1894 0.032581
2172 0.031919
2475 0.032474
2682 0.039126
2684 0.039335
2765 0.040097
2882 0.041041
2970 0.056503
3448 0.060416
3506 0.056655
3973 0.057676
3974 0.055496
3975 0.058924
3990 0.057299
3992 0.058689
3994 0.060734
3995 0.061012
3996 0.061406
3997 0.061656
3999 0.062261
4000 0.066232
4002 0.066776
4035 0.066596
4036 0.066417
4037 0.066164
4038 0.068931
4040 0.069419
4041 0.069417
4042 0.066029
4043 0.065909
4044 0.064788
4045 0.063446
4046 0.048965
4047 0.047180
4048 0.048617
4049 0.051876
4050 0.053389
4051 0.050255
4052 0.052393
4056 0.050183
4057 0.047342
4058 0.047732
4059 0.047362
4060 0.046860
4061 0.046343
4062 0.041338
4064 0.042283
4065 0.044313
4066 0.047584
4067 0.046941
4068 0.044951
4106 0.045864
4107 0.045162
4109 0.044297
4110 0.048682
4111 0.051403
4112 0.050986
4144 0.051895
4145 0.051557
4146 0.054834
4147 0.052615
4149 0.054851
4150 0.054376
4151 0.053375
4153 0.053877
4155 0.056076
4156 0.054397
4157 0.054405
4158 0.055542
4160 0.056524
4161 0.058310
4162 0.056593
4167 0.055064
4168 0.054096
4171 0.054122
4172 0.055597
4182 0.052998
4194 0.054577
4209 0.052599
4217 0.049921
4219 0.049602
4221 0.046352
4228 0.044677
4255 0.044252
4276 0.041043
4343 0.041199
4521 0.036250
4603 0.037286
4779 0.035156
4798 0.034483
5063 0.033945
5110 0.033955
5119 0.035150
5195 0.033731
5201 0.033128
5234 0.032116
5235 0.031568
5236 0.030935
5238 0.028373
5239 0.032737
5241 0.030736
5243 0.032555
5244 0.030306
5245 0.032034
5246 0.031726
5247 0.033027
5248 0.035410
5250 0.037061
5251 0.036510
5253 0.035222
5254 0.033375
5255 0.034396
5256 0.036392
5257 0.043235
5258 0.046870
5260 0.047457
5261 0.048633
5263 0.052045
5264 0.053286
5283 0.054145
5284 0.053546
5322 0.054038
5323 0.054749
5325 0.055996
5326 0.051145
5327 0.050675
5328 0.051492
5329 0.051217
5331 0.049706
5332 0.049794
5333 0.050010
5334 0.050416
5335 0.048915
5337 0.049211
5339 0.050673
5348 0.050184
5349 0.049426
5350 0.046453
5351 0.040291
5354 0.037398
5355 0.037542
5356 0.038297
5357 0.035656
5358 0.035724
5364 0.034195
5401 0.033957
5402 0.034483
5403 0.035081
5404 0.035014
5405 0.035012
5437 0.034920
5438 0.033373
5439 0.033674
5440 0.035702
5441 0.036972
5442 0.035337
5444 0.036026
5495 0.037137
5496 0.036149
5497 0.035243
5498 0.037284
5500 0.037389
5504 0.036696
5505 0.036599
5506 0.037439
5513 0.036987
5514 0.035853
5515 0.037623
5519 0.036536
5535 0.037265
5536 0.037770
5557 0.036994
5621 0.034852
5668 0.034413
5669 0.035353
5670 0.037415
5671 0.045724
5688 0.045420
5689 0.046574
5691 0.044164
5694 0.042105
5696 0.039279
5716 0.037346
5717 0.037413
5718 0.037550
5722 0.038059
5723 0.040512
5724 0.043039
5728 0.042471
5742 0.042249
5770 0.042052
5779 0.043126
5817 0.039304
6115 0.040476
6168 0.039929
6176 0.040609
6239 0.043006
6612 0.043320
6757 0.043003
6775 0.045643
6817 0.047994
6826 0.042323
6973 0.043975
6974 0.041770
6975 0.044192
7030 0.044004
7031 0.044345
7032 0.044708
7033 0.044603
7035 0.045864
7036 0.045618
7037 0.043914
7038 0.041700
7042 0.042510
7043 0.041848
7044 0.040173
7046 0.042181
7053 0.043651
7054 0.042608
7055 0.045231
7057 0.044300
7058 0.042189
7059 0.042697
7060 0.042462
7061 0.039746
7063 0.035518
7067 0.032692
7545 0.031085
8341 0.029646
8342 0.027614
8349 0.029902
8436 0.030244
9168 0.036404
9282 0.038032
9283 0.038940
9346 0.042402
9373 0.040947
9374 0.041977
9375 0.044338
9376 0.045179
9377 0.046735
9378 0.044464
9382 0.042924
9383 0.042881
9384 0.043222
9387 0.045436
9388 0.047702
9392 0.047845
9393 0.051006
9394 0.050636
9395 0.051664
9396 0.051669
9397 0.052953
9398 0.054055
9399 0.054482
9401 0.052844
9402 0.053944
9403 0.047847
9404 0.048245
9405 0.054186
9406 0.057553
9407 0.073276
9408 0.076707
9409 0.085183
9410 0.096613
9411 0.100473
9412 0.109219
9413 0.114092
9414 0.116474
9415 0.113522
9416 0.113354
9417 0.110555
9418 0.119848
9419 0.117811
9420 0.126968
9421 0.128099
9422 0.135308
9423 0.140601
9424 0.150653
9425 0.154576
9426 0.159427
9427 0.166303
9428 0.171633
9608 0.170000
9611 0.162731
9811 0.153587
9812 0.138824
9872 0.134478
9879 0.123512
10613 0.116171
11067 0.111017
11338 0.102633
11343 0.099064
11930 0.097136
12099 0.096874
12113 0.095605
12467 0.096066
12599 0.087375
12741 0.087180
13269 0.077500
13549 0.075458
13610 0.067533
13665 0.061359
13666 0.049471
13667 0.045464
13668 0.040247
13669 0.031859
13672 0.026756
13673 0.027491
13674 0.025877
13676 0.025790
13677 0.025519
13678 0.026075
13679 0.025893
13680 0.021173
13681 0.021144
13682 0.020460
13683 0.020788
13684 0.022297
13685 0.025403
13686 0.024858
13687 0.026038
13688 0.026305
13689 0.026890
13690 0.027687
13691 0.027233
13692 0.030143
13693 0.031738
13694 0.034321
13695 0.036142
13696 0.039378
13697 0.038961
13698 0.040061
13699 0.041671
13702 0.042363
13703 0.042350
13705 0.042592
13706 0.041552
13707 0.041884
13708 0.042069
13709 0.042880
13710 0.042229
13711 0.041755
13712 0.041000
13713 0.038912
13723 0.039244
13725 0.038314
13726 0.036856
13727 0.037587
13728 0.037339
13729 0.038582
13730 0.036287
13732 0.034980
13733 0.035532
13735 0.032288
13736 0.029507
13737 0.030521
13739 0.033250
13740 0.033626
13743 0.034919
13744 0.035954
13745 0.035610
13746 0.037440
13913 0.038391
13915 0.045296
14154 0.046367
14209 0.049748
14213 0.050073
14240 0.048550
14280 0.047947
14455 0.048318
14564 0.051756
14580 0.056896
14598 0.055712
14844 0.056770
14863 0.056507
14935 0.055774
15102 0.055581
15335 0.054073
15448 0.056353
15684 0.056464
15794 0.055540
15810 0.051173
15816 0.049218
15817 0.047371
15818 0.047001
15819 0.047540
15821 0.045646
15822 0.043862
15823 0.036001
15826 0.034486
15830 0.031285
15831 0.032359
15832 0.033684
15833 0.037734
15837 0.036570
15838 0.032254
15839 0.027839
15840 0.027884
15842 0.026181
15843 0.026096
15844 0.026603
15847 0.026162
15849 0.024841
15853 0.022997
15854 0.022856
15856 0.022871
15857 0.023014
15860 0.022573
15861 0.022251
15862 0.021987
15863 0.021257
15864 0.021506
15867 0.022056
15871 0.022230
15872 0.022129
15874 0.021389
15875 0.020036
15878 0.018752
15879 0.014952
15880 0.014879
15881 0.016628
15884 0.016618
15913 0.017389
15973 0.017446
16070 0.016563
16104 0.016624
16170 0.020118
16592 0.020315
16594 0.021457
16595 0.022217
16596 0.021818
16597 0.023862
16598 0.024931
16599 0.030261
16600 0.029931
16615 0.029532
16616 0.028985
16617 0.029413
16624 0.032070
16625 0.032277
16626 0.033257
16649 0.032497
16650 0.033706
16651 0.033930
16671 0.034892
16678 0.034682
16681 0.033645
16682 0.034300
16684 0.035412
16810 0.034931
16825 0.035908
16989 0.035759
17035 0.035693
17046 0.038031
17077 0.036511
17078 0.036661
17130 0.035344
17159 0.037298
17162 0.035259
17166 0.037325
17204 0.037456
17234 0.038056
17235 0.037021
17335 0.034499
17336 0.034120
17337 0.033321
17338 0.033625
17339 0.034283
17342 0.033699
17343 0.033697
17344 0.033978
17347 0.034143
17350 0.031555
17351 0.031247
17352 0.031464
17353 0.033291
17354 0.029774
17355 0.031821
17356 0.028707
17359 0.028914
17360 0.029272
17413 0.034779
17414 0.031524
17415 0.030189
17416 0.032122
17417 0.039301
17418 0.045926
17419 0.047006
17420 0.052934
17421 0.053887
17422 0.055624
17423 0.063872
17425 0.066621
17426 0.070280
17427 0.069550
17428 0.068109
17429 0.068489
17430 0.072309
17437 0.072025
17438 0.072965
17439 0.070177
17440 0.072209
17470 0.070067
17508 0.070896
17509 0.071158
17531 0.070370
17549 0.065614
17594 0.065210
17813 0.065797
17840 0.062932
17916 0.056837
18079 0.054517
18761 0.055347
18764 0.050982
18778 0.049669
18785 0.049372
19146 0.040770
19181 0.036643
19190 0.034710
19557 0.035164
19558 0.034768
19559 0.035636
19560 0.032182
19561 0.032511
19562 0.032581
19563 0.035562
19564 0.036503
19565 0.037911
19566 0.036178
19567 0.037374
19568 0.042481
19569 0.045135
19570 0.045457
19571 0.047777
19572 0.046607
19573 0.047332
19574 0.043427
19575 0.042884
19576 0.043690
19577 0.044587
19578 0.043330
19579 0.047249
19582 0.047203
19585 0.047103
19588 0.047194
19589 0.047298
19590 0.047612
19591 0.050610
19592 0.049900
19593 0.049039
19602 0.045438
19603 0.043293
19727 0.045400
19741 0.045794
19762 0.045398
19766 0.040920
19767 0.038374
19772 0.038189
19773 0.034810
19775 0.035007
19776 0.033833
19777 0.033798
19781 0.033852
19782 0.034115
19791 0.035319
19792 0.034921
19793 0.031480
19794 0.032181
19795 0.030946
19796 0.032794
19800 0.034479
19801 0.033591
19802 0.030613
19841 0.030379
19842 0.030042
19843 0.031495
19844 0.031354
19845 0.029871
19846 0.032574
19847 0.032736
19862 0.032580
19863 0.032464
19864 0.032102
19866 0.031620
19869 0.032881
19888 0.031933
19889 0.031751
19892 0.030501
19899 0.028642
19910 0.026800
19911 0.028446
19912 0.029589
19914 0.029565
20068 0.028907
20077 0.026770
20195 0.025413
20196 0.024386
20216 0.024937
20217 0.026087
20218 0.026501
20291 0.025553
20292 0.025188
20296 0.023813
20298 0.021704
20299 0.020981
20300 0.021153
20301 0.019866
20302 0.021091
20303 0.020434
20304 0.020222
20305 0.021242
20365 0.021411
20366 0.021441
20367 0.024546
20383 0.026865
20403 0.028399
20404 0.026314
20406 0.031306
20407 0.035349
20408 0.034924
20409 0.035482
20410 0.038842
20412 0.038556
20413 0.038491
20425 0.038450
20426 0.039472
20428 0.040614
20429 0.040242
20430 0.039809
20431 0.041203
20434 0.040621
20437 0.040983
20438 0.042390
20439 0.042771
20440 0.043494
20450 0.044305
20451 0.043783
20452 0.043749
20453 0.039833
20455 0.037223
20456 0.034274
20457 0.035710
20458 0.030922
20497 0.028289
20498 0.029709
20499 0.035070
20500 0.032521
20501 0.034840
20502 0.037203
20510 0.039216
20511 0.038927
20513 0.040856
20514 0.043778
20515 0.043505
20534 0.041850
20535 0.042988
20542 0.043360
20543 0.041967
20545 0.041990
20563 0.041239
20573 0.040030
20624 0.040980
20625 0.041817
20626 0.043943
20669 0.044034
20670 0.044800
20923 0.043726
20924 0.044249
20925 0.043919
20931 0.042802
20932 0.038668
20934 0.038044
20935 0.035871
20936 0.038589
20939 0.037372
20940 0.038887
20946 0.036218
20947 0.034310
20948 0.034940
20949 0.035098
20950 0.034564
20951 0.033871
20962 0.034926
20967 0.035429
20969 0.034332
20970 0.034049
20972 0.032882
20974 0.032945
20975 0.031006
20986 0.031820
21153 0.031837
21428 0.032376
21595 0.032136
21911 0.031305
21949 0.031359
22164 0.029393
22186 0.030993
22209 0.031399
22216 0.027136
22257 0.028249
22536 0.027051
22554 0.027026
22571 0.025743
22576 0.026960
22577 0.029131
22578 0.030335
22579 0.030043
22580 0.028231
22581 0.030440
22582 0.030378
22585 0.031763
22586 0.031531
22587 0.032540
22589 0.032488
22590 0.031645
22594 0.031256
22595 0.031006
22596 0.029724
22597 0.030194
22598 0.029929
22600 0.030349
22601 0.029398
22602 0.028641
22603 0.028416
22606 0.027695
22608 0.026411
22609 0.027303
22610 0.028034
22612 0.025950
22613 0.023215
22616 0.021441
22617 0.022212
22618 0.022326
22619 0.022435
22620 0.022586
22622 0.021161
22623 0.021910
22624 0.020346
22626 0.019899
22627 0.020707
22628 0.020093
22630 0.021031
22631 0.021331
22634 0.020841
22635 0.020746
22636 0.020263
22639 0.020228
22640 0.019798
22641 0.018589
22642 0.017662
22643 0.017558
22675 0.018288
22682 0.017994
22683 0.022661
22685 0.022722
22688 0.022905
22689 0.023877
22690 0.024150
22694 0.020628
22695 0.022950
22696 0.023133
22697 0.022881
22698 0.025834
22699 0.027037
22700 0.030145
22701 0.034317
22702 0.034234
22703 0.034212
22704 0.034434
22705 0.034593
22706 0.037075
22707 0.036310
22711 0.037420
22712 0.037899
22713 0.037287
22714 0.037633
22715 0.038015
22716 0.040174
22717 0.039901
22718 0.042614
22719 0.043911
22725 0.044439
22726 0.044306
22727 0.045021
22728 0.043027
22729 0.042815
22730 0.043991
22731 0.041880
22732 0.040616
22736 0.037006
22737 0.033188
22738 0.032872
22740 0.032774
22741 0.033514
22743 0.035800
22744 0.036334
22760 0.037689
22779 0.036888
22784 0.036624
22785 0.039662
22815 0.039102
22816 0.036390
22817 0.033662
22818 0.029567
22819 0.028327
22822 0.027769
22823 0.027431
22824 0.027143
22825 0.026438
22826 0.027951
22827 0.028667
22828 0.028924
22829 0.028464
22830 0.029836
22831 0.031206
22832 0.031095
22833 0.030310
22834 0.029896
22835 0.029676
22836 0.027600
22837 0.024591
22838 0.026104
22858 0.025902
22860 0.026408
22861 0.023659
22862 0.025230
22867 0.025382
22868 0.025473
22869 0.026445
22870 0.026179
22871 0.027472
22872 0.026212
22873 0.027742
22875 0.028487
22876 0.027262
22880 0.026446
22881 0.025497
22882 0.024591
22883 0.024160
22884 0.023272
22886 0.024328
22889 0.024897
22945 0.025532
22946 0.024992
22947 0.025415
22949 0.025397
22950 0.024092
22951 0.024011
22952 0.023749
22953 0.023531
22961 0.022705
22974 0.022697
22975 0.022375
22979 0.021433
22985 0.020576
22988 0.018479
22989 0.017777
22994 0.016445
22995 0.015706
22999 0.015111
23000 0.014984
23002 0.014568
23003 0.014679
23006 0.013902
23083 0.013617
23084 0.012801
23091 0.014555
23092 0.016406
23108 0.018472
23109 0.019348
23110 0.023274
23111 0.022334
23112 0.022813
23122 0.022561
23123 0.022590
23125 0.025291
23126 0.026805
23130 0.027424
23133 0.028275
23135 0.027848
23137 0.029380
23138 0.029764
23139 0.030014
23140 0.030439
23141 0.031372
23143 0.032241
23144 0.031703
23148 0.032010
23149 0.031853
23150 0.032082
23154 0.031605
23155 0.029287
23157 0.027342
23193 0.025277
23195 0.024218
23231 0.021378
23315 0.020727
23383 0.020453
23453 0.019842
23590 0.021411
23679 0.020036
23957 0.019754
24260 0.020205
24280 0.022468
24403 0.023065
24459 0.021934
24491 0.021433
24933 0.020874
24955 0.020678
24996 0.019465
