186 0.077191
201 0.077519
212 0.073348
570 0.074075
615 0.071588
694 0.071940
700 0.071264
701 0.070243
723 0.070649
850 0.070600
902 0.071157
1103 0.071299
1104 0.071407
1105 0.071225
1106 0.068999
1107 0.070021
1110 0.073906
1111 0.072232
1113 0.072652
1114 0.072263
1115 0.071037
1118 0.067755
1121 0.067849
1122 0.072386
1124 0.076300
1127 0.076398
1128 0.074957
1129 0.078522
1257 0.077549
1394 0.078570
1456 0.075009
2133 0.077319
2202 0.082471
2270 0.082245
2286 0.085144
2353 0.086525
2359 0.088587
2574 0.093051
2816 0.093250
2817 0.093030
2823 0.096514
2825 0.095844
2826 0.094520
2827 0.093205
2828 0.092677
2854 0.094054
2857 0.093492
2859 0.093072
2860 0.089659
2861 0.084932
2862 0.084661
2863 0.084707
2864 0.084479
2872 0.079888
2873 0.077768
2899 0.080418
2900 0.078745
2901 0.074580
2902 0.075263
2937 0.072052
2938 0.070110
2947 0.075915
3080 0.072591
3082 0.073610
3083 0.074318
3084 0.070407
3085 0.069419
3108 0.069229
3114 0.069650
3115 0.070233
3116 0.069182
3117 0.069345
3119 0.068049
3120 0.067155
3121 0.066029
3162 0.064382
3163 0.060321
3164 0.055646
3165 0.056274
3166 0.056128
3234 0.055384
3235 0.055022
3236 0.054530
3237 0.054227
3238 0.056029
3239 0.057728
3243 0.050658
3245 0.051128
3250 0.054416
3252 0.059334
3329 0.062744
3330 0.063149
3331 0.064264
3348 0.065023
3355 0.064231
3418 0.063321
3419 0.061711
3420 0.059617
3421 0.057285
3422 0.055011
3423 0.052600
3424 0.051662
3425 0.051183
3427 0.050470
3434 0.051367
3435 0.049483
3436 0.047602
3437 0.045840
3438 0.043722
3439 0.041542
3440 0.039925
3451 0.039425
3452 0.037656
3454 0.034064
3455 0.027998
3456 0.022949
3457 0.019774
3459 0.017286
3461 0.015542
3463 0.016846
3465 0.018738
3466 0.020468
3471 0.020642
3472 0.020653
3473 0.020935
3474 0.021319
3475 0.021938
3477 0.022626
3551 0.024681
3553 0.024725
3554 0.025288
3555 0.026342
3556 0.027180
3557 0.027769
3567 0.030115
3568 0.031908
3569 0.032866
3570 0.034080
3571 0.033666
3575 0.033363
3576 0.033517
3577 0.033611
3578 0.035956
3579 0.037487
3601 0.036584
3602 0.035249
3603 0.034030
3604 0.034487
3638 0.039830
3639 0.041548
3640 0.042761
3641 0.043736
3642 0.045032
3644 0.043809
3689 0.046911
3690 0.049322
3694 0.051458
3696 0.053497
3774 0.054131
3806 0.053173
3937 0.062173
3942 0.072138
4590 0.071738
5240 0.074097
5296 0.075809
5330 0.076957
5353 0.078589
5443 0.077772
5580 0.079238
5603 0.080172
5692 0.080859
5733 0.085437
5734 0.089208
5735 0.088035
5736 0.089140
5737 0.089886
5738 0.089847
5739 0.089142
5740 0.089732
5741 0.085968
5782 0.082976
5783 0.079932
5784 0.077166
5785 0.075995
5786 0.074513
5787 0.063388
5788 0.051639
5789 0.050619
5791 0.047095
5792 0.045330
5794 0.043776
5795 0.041855
5796 0.040082
5797 0.036641
5798 0.034828
5799 0.033267
5809 0.028752
5810 0.024724
5811 0.020733
5815 0.017738
5816 0.015165
5818 0.013408
5819 0.011652
5820 0.010090
5821 0.009218
5823 0.008629
5866 0.008351
5876 0.009706
5877 0.010700
5878 0.012072
5880 0.012941
5881 0.013796
5882 0.014589
5894 0.015921
5895 0.016890
5897 0.017953
5908 0.019518
5910 0.020625
5913 0.021702
5914 0.022302
5915 0.022695
5916 0.022436
5917 0.022738
5919 0.024613
5929 0.024986
5930 0.025123
5931 0.024791
5932 0.024783
5933 0.024986
5956 0.027883
5981 0.028915
5982 0.029377
5988 0.029266
6034 0.029274
6035 0.029096
6036 0.029224
6041 0.029284
6058 0.034374
6059 0.037406
6090 0.037837
6091 0.037913
6092 0.037228
6094 0.037093
6096 0.036632
6146 0.036797
6147 0.036936
6162 0.040539
6164 0.044163
6165 0.045579
6166 0.047736
6167 0.049912
6169 0.051550
6184 0.055374
6185 0.057993
6186 0.057043
6187 0.057447
6189 0.058302
6191 0.057849
6194 0.058268
6195 0.058147
6196 0.058081
6197 0.057866
6198 0.052420
6201 0.048427
6202 0.047451
6205 0.048140
6206 0.048153
6207 0.047711
6208 0.047835
6209 0.048233
6219 0.049357
6220 0.046110
6223 0.047789
6224 0.048063
6226 0.048155
6227 0.047893
6228 0.047910
6229 0.045418
6232 0.045677
6233 0.045567
6240 0.046987
6271 0.047352
6272 0.047957
6301 0.048059
6302 0.048042
6303 0.048246
6304 0.048946
6307 0.050967
6310 0.050974
6311 0.051265
6312 0.051413
6313 0.053392
6314 0.057387
6323 0.057954
6324 0.057291
6325 0.056323
6326 0.056784
6327 0.053411
6373 0.051545
6390 0.051205
6468 0.050579
6514 0.052381
6520 0.061255
6543 0.066011
6570 0.067026
6634 0.067032
6647 0.069103
6649 0.070401
6671 0.070419
6750 0.072474
6776 0.073658
6780 0.074144
7278 0.075081
7513 0.075946
7552 0.076701
7560 0.077426
7561 0.076970
7562 0.074764
7563 0.076186
7564 0.079033
7566 0.081423
7582 0.083062
7583 0.083387
7584 0.084951
7585 0.084894
7586 0.085967
7587 0.085592
7590 0.076854
7591 0.070681
7592 0.069615
7598 0.069237
7600 0.066453
7601 0.063976
7602 0.062626
7611 0.060889
7614 0.062376
7615 0.064181
7619 0.061202
7620 0.061468
7626 0.063078
7627 0.063301
7628 0.064060
7631 0.064869
7633 0.064730
7636 0.062516
7638 0.060093
7639 0.057964
7640 0.055744
7641 0.053250
7642 0.053020
7647 0.052693
7650 0.052268
7652 0.052306
7653 0.052455
7654 0.052142
7655 0.050662
7676 0.051031
7677 0.051655
7678 0.052555
7697 0.053098
7700 0.052749
7701 0.051287
7720 0.051506
7721 0.050996
7722 0.048547
7723 0.047567
7725 0.048107
7741 0.046516
7742 0.044860
7748 0.045259
7749 0.045143
7758 0.045737
7759 0.045447
7760 0.045041
7761 0.044401
7763 0.045689
7784 0.044659
7785 0.043613
7786 0.042259
7789 0.043215
7790 0.043336
7809 0.042269
7818 0.042740
7819 0.042216
7820 0.041148
7821 0.038274
7822 0.037231
7864 0.036598
7865 0.035554
7875 0.036129
7876 0.036157
7878 0.034725
7881 0.036301
7882 0.037613
7883 0.037540
7884 0.038897
7885 0.038462
7956 0.039677
7957 0.040070
7958 0.040284
8022 0.037380
8023 0.036063
8024 0.036457
8027 0.037509
8045 0.035804
8046 0.035366
8081 0.038060
8082 0.037941
8113 0.039355
8114 0.039068
8115 0.038772
8116 0.038367
8117 0.039951
8118 0.041144
8119 0.040447
8132 0.043557
8137 0.044770
8139 0.045590
8140 0.047086
8221 0.047541
8281 0.047608
8350 0.048684
8608 0.048186
8983 0.055852
9036 0.058316
9131 0.064574
9443 0.067321
9526 0.068859
9529 0.071333
9585 0.073656
9821 0.074110
10013 0.074683
10069 0.073396
10070 0.071407
10128 0.072703
10129 0.073888
10140 0.073671
10141 0.072347
10143 0.071577
10144 0.071128
10145 0.066432
10146 0.063439
10147 0.059875
10150 0.058410
10151 0.057767
10152 0.056457
10153 0.054902
10154 0.054030
10155 0.045606
10156 0.041864
10159 0.035491
10160 0.033049
10164 0.032034
10165 0.028733
10166 0.025676
10167 0.024341
10169 0.020877
10170 0.020919
10171 0.021163
10172 0.020367
10173 0.020112
10174 0.020889
10175 0.022308
10176 0.023636
10177 0.024576
10178 0.024812
10179 0.025237
10180 0.025382
10181 0.023550
10182 0.022450
10183 0.021800
10184 0.021630
10185 0.021418
10186 0.021205
10187 0.020800
10188 0.020892
10189 0.021661
10190 0.022902
10324 0.025138
10325 0.027615
10326 0.029656
10327 0.030712
10328 0.031987
10330 0.036596
10333 0.039970
10377 0.041095
10610 0.040755
10617 0.044372
10623 0.050211
10812 0.050321
10881 0.055366
10926 0.057792
10930 0.060802
10967 0.061837
10979 0.061755
11033 0.063605
11041 0.065390
11042 0.066319
11104 0.066897
11118 0.069831
11119 0.071668
11120 0.072171
11121 0.071156
11122 0.069647
11123 0.067934
11124 0.066888
11125 0.066311
11128 0.066149
11129 0.061833
11130 0.057953
11131 0.056009
11132 0.055387
11134 0.051770
11135 0.045948
11136 0.045619
11147 0.041818
11148 0.040162
11155 0.039243
11163 0.041841
11164 0.045009
11165 0.045803
11170 0.047308
11175 0.048004
11297 0.048022
11298 0.045794
11299 0.044211
11394 0.044714
11409 0.043890
11582 0.043818
11599 0.044675
11616 0.043959
11617 0.043486
11620 0.042591
11621 0.042225
11622 0.041964
11625 0.042262
11626 0.042133
11627 0.040337
11628 0.038660
11631 0.038801
11635 0.041307
11639 0.040754
11640 0.038559
11641 0.034701
11642 0.031562
11643 0.029097
11650 0.030309
11651 0.031812
11655 0.032657
11656 0.033569
11657 0.034506
11660 0.033759
11661 0.034311
11664 0.034299
11665 0.033227
11666 0.033319
11668 0.033555
11669 0.033583
11676 0.033656
11677 0.033802
11705 0.033482
11706 0.033490
11707 0.033819
11719 0.036669
11720 0.037444
11721 0.034848
11723 0.034691
11724 0.034880
11743 0.036198
11744 0.036956
11745 0.037215
11746 0.032718
11747 0.029815
11748 0.028578
11751 0.030507
11752 0.031461
11753 0.031872
11765 0.032347
11767 0.033590
11849 0.036026
11852 0.038381
11853 0.039166
11854 0.039369
11855 0.039688
11890 0.040130
11891 0.039839
11892 0.039701
11893 0.039758
11894 0.037434
11895 0.036763
11896 0.036370
11897 0.036879
11898 0.038246
11901 0.038631
11902 0.038077
11903 0.037896
11905 0.038263
11906 0.039310
11912 0.044833
11913 0.044208
11914 0.043760
11915 0.043800
11918 0.044195
11919 0.043694
11934 0.043050
11935 0.041899
12023 0.041463
12028 0.044696
12092 0.046963
12104 0.048413
12248 0.048356
12249 0.048506
12250 0.048536
12251 0.048843
12253 0.048186
12259 0.049792
12261 0.050067
12262 0.049521
12263 0.049304
12266 0.053210
12267 0.054975
12268 0.055614
12269 0.055300
12270 0.050374
12271 0.048533
12272 0.047572
12275 0.047038
12276 0.046416
12277 0.046042
12278 0.044931
12279 0.044736
12291 0.046993
12295 0.044481
12296 0.042125
12299 0.041525
12302 0.043417
12303 0.043569
12304 0.043438
12307 0.043398
12308 0.043486
12309 0.041317
12313 0.043337
12314 0.044080
12317 0.043684
12318 0.040550
12321 0.039497
12324 0.040381
12326 0.041120
12327 0.042193
12330 0.042490
12331 0.042198
12332 0.041689
12335 0.042117
12340 0.041669
12341 0.040953
12342 0.040397
12346 0.040086
12347 0.041149
12348 0.042939
12349 0.042494
12350 0.042856
12352 0.046376
12354 0.048150
12359 0.050439
12360 0.050521
12361 0.049994
12362 0.046631
12365 0.047241
12366 0.047856
12369 0.048309
12372 0.051859
12373 0.051711
12374 0.051041
12375 0.049778
12376 0.048920
12377 0.049420
12378 0.051623
12379 0.055403
12380 0.059199
12381 0.063114
12731 0.065126
12813 0.063223
12827 0.061978
12900 0.062457
13002 0.067456
13004 0.071145
13227 0.067969
13573 0.067653
13582 0.066990
13658 0.071274
13749 0.073531
13900 0.074355
13917 0.073891
13926 0.073024
13955 0.075971
13959 0.073689
13960 0.073950
13961 0.074921
13970 0.076296
13971 0.077206
13972 0.076700
13974 0.074767
13994 0.071303
13995 0.067607
13996 0.063983
14006 0.062938
14007 0.063096
14009 0.062522
14010 0.060322
14013 0.055461
14014 0.050486
14015 0.050488
14017 0.050096
14018 0.049175
14019 0.045634
14020 0.044228
14031 0.044378
14032 0.042778
14033 0.041959
14034 0.037543
14036 0.035579
14037 0.033689
14040 0.034415
14041 0.033673
14042 0.032582
14043 0.031858
14044 0.031194
14052 0.032156
14053 0.032644
14058 0.033077
14066 0.034804
14069 0.036452
14076 0.039429
14077 0.039609
14079 0.038595
14084 0.038904
14155 0.040510
14283 0.042144
14297 0.042967
14383 0.045072
14401 0.046335
14454 0.045655
14530 0.046715
14531 0.047508
14581 0.050365
14587 0.051252
14591 0.052494
14673 0.051737
14674 0.052577
14675 0.054278
14679 0.055439
14680 0.056002
14681 0.054099
14682 0.053873
14684 0.053947
14685 0.052641
14686 0.052174
14694 0.050240
14696 0.050770
14742 0.050876
14743 0.049939
14744 0.047713
14747 0.045297
14748 0.043199
14749 0.039670
14750 0.037956
14751 0.038013
14752 0.036957
14755 0.036872
14756 0.034826
14757 0.034591
14758 0.033851
14759 0.032576
14760 0.031114
14763 0.029567
14764 0.028614
14779 0.029323
14780 0.029044
14781 0.028085
14782 0.026980
14783 0.024860
14785 0.022861
14786 0.021154
14788 0.019773
14789 0.019285
14790 0.019020
14803 0.021065
14804 0.021717
14805 0.022403
14806 0.022875
14807 0.022591
14808 0.022124
14809 0.021586
14810 0.020819
14814 0.021154
14815 0.021377
14820 0.020643
14821 0.019969
14822 0.019436
14823 0.019052
14828 0.019840
14829 0.018833
14830 0.018384
14831 0.018549
14832 0.018560
14833 0.019011
14834 0.019456
14835 0.020263
14850 0.020002
14851 0.019761
14852 0.019400
14853 0.016906
14854 0.015529
14855 0.014533
14856 0.013950
14857 0.013737
14858 0.013497
14859 0.013168
14861 0.013549
14864 0.012471
14865 0.011489
14866 0.011420
14867 0.011544
14868 0.011690
14869 0.012070
14872 0.010971
14873 0.010312
14874 0.009855
14875 0.009243
14876 0.009018
14877 0.008731
14878 0.008073
14879 0.007168
14880 0.007370
14882 0.007594
14883 0.007555
14886 0.007549
14887 0.008901
14888 0.008953
15064 0.011087
15065 0.012586
15066 0.013773
15067 0.014789
15069 0.015282
15070 0.015665
15071 0.015894
15072 0.016149
15196 0.016221
15389 0.017261
15395 0.019660
15643 0.022378
15920 0.022893
16153 0.024988
16498 0.028407
16836 0.032040
16990 0.034509
17099 0.036355
18054 0.037032
18849 0.037622
19149 0.040052
19279 0.041154
19658 0.043736
19660 0.044451
20740 0.047092
20804 0.049149
20828 0.049136
20829 0.049496
20830 0.050287
20836 0.051606
20838 0.051809
20839 0.051973
20841 0.052444
20842 0.053068
20843 0.052356
20844 0.049768
20847 0.047940
20848 0.047761
20849 0.045845
20850 0.042512
20851 0.038712
20852 0.035948
20853 0.033931
20854 0.033185
20855 0.032403
20868 0.030583
20869 0.030166
20870 0.028180
20871 0.026558
20872 0.024325
20873 0.020395
20874 0.018814
20875 0.017199
20876 0.015403
20877 0.012967
20878 0.012208
20879 0.011692
20880 0.010810
20881 0.009740
20882 0.008967
20883 0.008459
20884 0.007330
20885 0.006716
20886 0.006297
20887 0.006070
20888 0.006106
20889 0.006363
20891 0.006761
20892 0.007043
20926 0.008531
20927 0.008766
20928 0.008845
20929 0.008923
20930 0.009060
20933 0.008881
20971 0.009421
20973 0.009869
20983 0.010240
20984 0.010806
20985 0.011015
20992 0.011742
20994 0.012186
20996 0.012873
20997 0.013812
20999 0.015562
21000 0.016103
21003 0.016300
21005 0.016580
21006 0.016656
21007 0.016922
21008 0.017314
21023 0.018078
21024 0.018423
21025 0.018543
21043 0.017711
21044 0.016942
21045 0.016715
21046 0.016646
21053 0.017417
21056 0.017710
21057 0.017464
21059 0.017578
21092 0.017927
21093 0.017886
21094 0.017902
21095 0.017641
21096 0.018093
21100 0.018647
21103 0.018095
21104 0.016587
21105 0.016205
21106 0.016624
21107 0.017652
21108 0.018895
21160 0.019694
21161 0.019591
21162 0.018736
21163 0.018108
21171 0.019848
21172 0.020681
21173 0.021786
21175 0.022768
21179 0.025628
21285 0.025296
21288 0.026591
21293 0.027029
21598 0.027333
22165 0.030196
22657 0.029804
23010 0.030198
23387 0.031708
23390 0.031965
23738 0.032267
23739 0.032793
23740 0.032980
23741 0.033117
23742 0.033098
23743 0.032804
23744 0.032698
23789 0.033070
23790 0.033663
23791 0.034255
23792 0.034658
23793 0.033038
23794 0.032147
23795 0.031232
23796 0.030279
23797 0.027420
23798 0.027137
23847 0.027286
23848 0.027665
23849 0.027856
23850 0.025370
23851 0.026212
23852 0.026883
23886 0.026083
23887 0.025727
23939 0.029420
23977 0.031384
23990 0.033202
24152 0.033969
24405 0.035865
24570 0.036861
