186 0.113493
201 0.103477
212 0.097202
570 0.093442
615 0.092042
694 0.089469
700 0.083235
701 0.079559
723 0.074466
850 0.070446
902 0.056870
1103 0.058939
1104 0.057034
1105 0.057178
1106 0.059069
1107 0.055507
1110 0.056954
1111 0.056482
1113 0.055683
1114 0.056215
1115 0.053955
1118 0.057317
1121 0.061778
1122 0.064495
1124 0.067655
1127 0.066272
1128 0.067297
1129 0.067393
1257 0.066254
1394 0.063439
1456 0.060152
2133 0.058831
2202 0.055646
2270 0.054521
2286 0.057849
2353 0.055441
2359 0.055093
2574 0.062735
2816 0.063527
2817 0.056258
2823 0.060216
2825 0.058709
2826 0.058119
2827 0.059670
2828 0.061618
2854 0.059036
2857 0.057412
2859 0.053301
2860 0.050587
2861 0.046839
2862 0.046103
2863 0.045353
2864 0.044480
2872 0.043959
2873 0.043190
2899 0.042609
2900 0.042368
2901 0.043616
2902 0.048433
2937 0.043703
2938 0.046121
2947 0.050877
3080 0.043505
3082 0.042460
3083 0.044710
3084 0.039695
3085 0.041601
3108 0.041769
3114 0.041882
3115 0.040729
3116 0.042993
3117 0.043755
3119 0.045005
3120 0.052782
3121 0.052966
3162 0.053410
3163 0.055716
3164 0.061894
3165 0.063512
3166 0.063297
3234 0.066047
3235 0.067321
3236 0.072473
3237 0.069364
3238 0.071715
3239 0.068675
3243 0.062717
3245 0.062916
3250 0.062566
3252 0.060927
3329 0.059980
3330 0.060883
3331 0.061304
3348 0.059328
3355 0.057876
3418 0.056709
3419 0.055442
3420 0.054768
3421 0.048142
3422 0.048830
3423 0.049141
3424 0.047174
3425 0.039981
3427 0.036757
3434 0.037063
3435 0.034723
3436 0.033969
3437 0.027994
3438 0.026060
3439 0.021819
3440 0.022105
3451 0.021697
3452 0.020866
3454 0.021176
3455 0.020971
3456 0.021879
3457 0.019147
3459 0.018906
3461 0.020462
3463 0.021063
3465 0.021140
3466 0.022092
3471 0.023157
3472 0.024655
3473 0.025141
3474 0.023876
3475 0.024051
3477 0.024351
3551 0.026324
3553 0.029794
3554 0.029925
3555 0.029936
3556 0.030195
3557 0.029924
3567 0.029844
3568 0.030086
3569 0.031183
3570 0.032368
3571 0.033550
3575 0.034673
3576 0.034164
3577 0.035328
3578 0.036214
3579 0.034782
3601 0.033810
3602 0.033229
3603 0.031448
3604 0.032016
3638 0.030157
3639 0.029879
3640 0.031008
3641 0.030324
3642 0.031160
3644 0.028964
3689 0.025291
3690 0.025085
3694 0.024892
3696 0.026486
3774 0.027645
3806 0.028057
3937 0.028907
3942 0.030944
4590 0.029918
5240 0.032742
5296 0.032890
5330 0.036352
5353 0.038774
5443 0.039747
5580 0.041091
5603 0.041656
5692 0.041060
5733 0.040372
5734 0.037745
5735 0.042104
5736 0.041430
5737 0.046169
5738 0.046011
5739 0.044727
5740 0.044907
5741 0.045321
5782 0.047261
5783 0.048026
5784 0.050585
5785 0.051431
5786 0.051075
5787 0.049699
5788 0.048050
5789 0.049550
5791 0.045150
5792 0.043633
5794 0.041402
5795 0.039178
5796 0.037079
5797 0.036863
5798 0.036217
5799 0.038613
5809 0.038601
5810 0.039229
5811 0.036429
5815 0.037805
5816 0.032894
5818 0.033383
5819 0.033799
5820 0.033671
5821 0.035639
5823 0.033309
5866 0.032490
5876 0.029150
5877 0.027130
5878 0.029301
5880 0.034931
5881 0.036378
5882 0.035577
5894 0.034563
5895 0.035497
5897 0.033976
5908 0.034541
5910 0.036912
5913 0.038455
5914 0.038314
5915 0.036596
5916 0.036776
5917 0.037751
5919 0.038442
5929 0.037039
5930 0.037104
5931 0.036626
5932 0.036525
5933 0.037269
5956 0.035073
5981 0.037264
5982 0.041253
5988 0.039774
6034 0.042357
6035 0.040635
6036 0.035305
6041 0.033010
6058 0.033516
6059 0.033959
6090 0.033465
6091 0.034028
6092 0.032419
6094 0.030446
6096 0.027721
6146 0.027841
6147 0.027540
6162 0.027479
6164 0.026044
6165 0.023171
6166 0.022902
6167 0.023204
6169 0.023301
6184 0.022654
6185 0.022293
6186 0.022099
6187 0.020153
6189 0.017032
6191 0.018563
6194 0.016885
6195 0.016221
6196 0.018632
6197 0.018111
6198 0.018442
6201 0.019294
6202 0.023128
6205 0.023329
6206 0.025596
6207 0.026091
6208 0.026862
6209 0.027058
6219 0.027178
6220 0.029504
6223 0.029764
6224 0.029395
6226 0.029436
6227 0.028777
6228 0.028695
6229 0.031449
6232 0.031164
6233 0.032896
6240 0.033972
6271 0.032355
6272 0.031387
6301 0.035468
6302 0.041899
6303 0.040806
6304 0.041181
6307 0.040153
6310 0.039934
6311 0.036314
6312 0.036259
6313 0.036778
6314 0.036240
6323 0.037673
6324 0.037392
6325 0.038213
6326 0.038381
6327 0.040665
6373 0.040728
6390 0.041221
6468 0.041409
6514 0.041605
6520 0.039323
6543 0.039885
6570 0.038076
6634 0.037075
6647 0.038622
6649 0.038704
6671 0.036636
6750 0.030900
6776 0.029808
6780 0.033432
7278 0.034621
7513 0.037079
7552 0.036189
7560 0.034910
7561 0.031789
7562 0.031816
7563 0.029705
7564 0.030587
7566 0.031384
7582 0.030647
7583 0.030172
7584 0.030893
7585 0.030727
7586 0.032792
7587 0.032728
7590 0.036564
7591 0.035933
7592 0.036504
7598 0.036379
7600 0.036399
7601 0.036500
7602 0.033608
7611 0.033606
7614 0.033579
7615 0.029700
7619 0.029617
7620 0.032675
7626 0.032838
7627 0.032812
7628 0.034449
7631 0.034069
7633 0.038334
7636 0.037543
7638 0.036287
7639 0.036372
7640 0.034216
7641 0.033648
7642 0.033518
7647 0.032137
7650 0.032983
7652 0.028750
7653 0.031206
7654 0.033661
7655 0.037199
7676 0.040196
7677 0.039686
7678 0.041624
7697 0.042624
7700 0.042350
7701 0.042602
7720 0.042425
7721 0.037228
7722 0.037546
7723 0.038040
7725 0.036623
7741 0.036865
7742 0.035212
7748 0.035272
7749 0.035798
7758 0.033748
7759 0.033887
7760 0.034803
7761 0.036115
7763 0.038809
7784 0.037951
7785 0.043968
7786 0.048260
7789 0.046457
7790 0.042929
7809 0.039368
7818 0.041328
7819 0.040340
7820 0.040994
7821 0.041492
7822 0.040579
7864 0.039456
7865 0.038892
7875 0.040294
7876 0.040084
7878 0.042216
7881 0.043049
7882 0.041406
7883 0.041881
7884 0.041763
7885 0.042598
7956 0.042431
7957 0.043084
7958 0.041240
8022 0.037109
8023 0.038224
8024 0.033785
8027 0.027686
8045 0.026833
8046 0.027316
8081 0.026887
8082 0.026097
8113 0.025931
8114 0.023721
8115 0.023412
8116 0.024560
8117 0.024296
8118 0.023426
8119 0.023418
8132 0.024091
8137 0.022135
8139 0.020638
8140 0.021659
8221 0.022845
8281 0.022287
8350 0.023674
8608 0.025171
8983 0.023709
9036 0.025116
9131 0.028893
9443 0.042387
9526 0.043766
9529 0.044746
9585 0.049329
9821 0.052751
10013 0.052665
10069 0.051918
10070 0.051931
10128 0.052071
10129 0.052381
10140 0.052343
10141 0.053699
10143 0.054534
10144 0.053702
10145 0.052739
10146 0.054091
10147 0.055922
10150 0.053839
10151 0.052445
10152 0.054251
10153 0.052148
10154 0.051413
10155 0.052170
10156 0.051605
10159 0.049636
10160 0.035542
10164 0.033022
10165 0.032315
10166 0.028216
10167 0.025143
10169 0.025102
10170 0.024358
10171 0.026249
10172 0.026606
10173 0.027789
10174 0.029574
10175 0.029945
10176 0.038807
10177 0.047635
10178 0.049473
10179 0.052224
10180 0.053132
10181 0.065548
10182 0.068500
10183 0.066340
10184 0.073910
10185 0.083036
10186 0.087222
10187 0.089442
10188 0.092647
10189 0.096659
10190 0.099105
10324 0.100659
10325 0.100359
10326 0.101574
10327 0.103964
10328 0.111071
10330 0.108737
10333 0.112493
10377 0.112802
10610 0.110214
10617 0.108288
10623 0.098600
10812 0.092125
10881 0.090644
10926 0.087473
10930 0.087602
10967 0.075796
10979 0.072370
11033 0.072668
11041 0.070360
11042 0.064202
11104 0.061822
11118 0.059521
11119 0.055451
11120 0.052596
11121 0.051375
11122 0.050239
11123 0.052613
11124 0.052648
11125 0.049868
11128 0.044590
11129 0.044214
11130 0.041440
11131 0.039545
11132 0.041629
11134 0.042883
11135 0.044247
11136 0.045918
11147 0.045516
11148 0.046914
11155 0.045876
11163 0.045816
11164 0.045714
11165 0.045835
11170 0.043783
11175 0.040193
11297 0.037820
11298 0.038112
11299 0.037535
11394 0.035698
11409 0.034689
11582 0.033229
11599 0.030308
11616 0.030350
11617 0.032813
11620 0.031615
11621 0.031783
11622 0.030496
11625 0.030314
11626 0.029565
11627 0.030798
11628 0.031246
11631 0.026896
11635 0.027330
11639 0.024402
11640 0.022554
11641 0.022159
11642 0.023390
11643 0.023576
11650 0.020626
11651 0.020856
11655 0.020661
11656 0.019694
11657 0.020348
11660 0.020512
11661 0.022381
11664 0.022551
11665 0.024960
11666 0.023483
11668 0.021259
11669 0.023385
11676 0.023983
11677 0.025817
11705 0.027153
11706 0.027006
11707 0.024555
11719 0.023516
11720 0.023387
11721 0.024425
11723 0.025664
11724 0.027295
11743 0.027228
11744 0.026752
11745 0.025883
11746 0.026328
11747 0.026894
11748 0.026543
11751 0.026732
11752 0.025825
11753 0.025832
11765 0.025777
11767 0.025810
11849 0.023279
11852 0.022886
11853 0.022675
11854 0.020996
11855 0.021345
11890 0.022963
11891 0.021935
11892 0.021809
11893 0.022837
11894 0.023903
11895 0.024400
11896 0.023170
11897 0.022961
11898 0.023512
11901 0.026891
11902 0.026475
11903 0.026658
11905 0.026139
11906 0.027595
11912 0.028887
11913 0.029110
11914 0.029737
11915 0.030526
11918 0.030673
11919 0.031881
11934 0.032243
11935 0.033492
12023 0.036174
12028 0.037368
12092 0.036349
12104 0.033721
12248 0.034163
12249 0.036441
12250 0.035799
12251 0.034604
12253 0.036305
12259 0.036449
12261 0.035684
12262 0.033657
12263 0.030930
12266 0.030898
12267 0.031690
12268 0.032066
12269 0.031139
12270 0.029831
12271 0.030316
12272 0.030682
12275 0.033015
12276 0.030384
12277 0.030408
12278 0.031555
12279 0.030250
12291 0.028363
12295 0.027095
12296 0.027591
12299 0.026769
12302 0.026411
12303 0.023825
12304 0.024770
12307 0.024878
12308 0.023589
12309 0.024385
12313 0.024476
12314 0.025005
12317 0.024395
12318 0.024478
12321 0.023810
12324 0.024151
12326 0.023204
12327 0.023262
12330 0.026231
12331 0.026455
12332 0.023576
12335 0.025348
12340 0.024177
12341 0.023037
12342 0.023418
12346 0.023160
12347 0.022500
12348 0.023202
12349 0.026321
12350 0.026206
12352 0.026381
12354 0.025709
12359 0.025511
12360 0.024243
12361 0.023077
12362 0.023298
12365 0.023156
12366 0.023091
12369 0.022854
12372 0.022603
12373 0.024099
12374 0.023812
12375 0.024259
12376 0.021331
12377 0.023525
12378 0.024162
12379 0.025493
12380 0.028960
12381 0.029195
12731 0.029527
12813 0.030559
12827 0.033322
12900 0.034035
13002 0.032223
13004 0.045067
13227 0.047000
13573 0.048257
13582 0.049575
13658 0.050296
13749 0.052038
13900 0.053203
13917 0.053327
13926 0.055444
13955 0.057053
13959 0.057506
13960 0.058231
13961 0.058278
13970 0.057922
13971 0.057824
13972 0.055359
13974 0.054544
13994 0.052941
13995 0.049977
13996 0.052617
14006 0.052412
14007 0.053253
14009 0.051005
14010 0.049945
14013 0.048748
14014 0.035815
14015 0.033191
14017 0.031273
14018 0.030740
14019 0.032096
14020 0.030408
14031 0.030521
14032 0.029908
14033 0.030469
14034 0.031720
14036 0.034335
14037 0.032360
14040 0.032456
14041 0.034806
14042 0.037828
14043 0.040444
14044 0.041586
14052 0.040907
14053 0.042804
14058 0.041615
14066 0.041735
14069 0.039905
14076 0.042325
14077 0.041579
14079 0.042048
14084 0.043483
14155 0.045000
14283 0.047234
14297 0.046166
14383 0.048722
14401 0.053085
14454 0.055157
14530 0.058089
14531 0.055957
14581 0.053268
14587 0.052237
14591 0.053369
14673 0.053642
14674 0.051849
14675 0.048778
14679 0.045140
14680 0.044293
14681 0.044165
14682 0.042377
14684 0.040635
14685 0.039626
14686 0.042396
14694 0.039405
14696 0.040999
14742 0.043361
14743 0.041711
14744 0.042032
14747 0.039760
14748 0.039815
14749 0.037183
14750 0.032763
14751 0.030202
14752 0.028882
14755 0.029704
14756 0.031816
14757 0.030861
14758 0.031678
14759 0.031095
14760 0.030807
14763 0.029902
14764 0.029772
14779 0.029474
14780 0.028704
14781 0.029405
14782 0.029707
14783 0.031097
14785 0.027782
14786 0.028294
14788 0.026982
14789 0.025713
14790 0.026855
14803 0.025835
14804 0.027746
14805 0.027862
14806 0.026230
14807 0.027054
14808 0.028231
14809 0.026983
14810 0.026266
14814 0.025416
14815 0.027877
14820 0.024693
14821 0.025514
14822 0.025743
14823 0.027439
14828 0.028012
14829 0.028292
14830 0.028993
14831 0.033193
14832 0.034255
14833 0.036612
14834 0.037554
14835 0.038711
14850 0.038366
14851 0.041275
14852 0.043808
14853 0.043338
14854 0.046901
14855 0.048798
14856 0.049382
14857 0.051848
14858 0.051052
14859 0.052045
14861 0.053122
14864 0.053603
14865 0.050620
14866 0.051283
14867 0.052550
14868 0.053798
14869 0.053839
14872 0.054480
14873 0.056607
14874 0.055851
14875 0.050082
14876 0.049241
14877 0.046366
14878 0.047109
14879 0.046442
14880 0.048135
14882 0.046115
14883 0.043614
14886 0.043798
14887 0.039864
14888 0.038431
15064 0.037297
15065 0.034817
15066 0.034661
15067 0.037184
15069 0.035460
15070 0.033515
15071 0.033118
15072 0.036095
15196 0.035056
15389 0.033185
15395 0.032298
15643 0.031582
15920 0.029647
16153 0.029910
16498 0.030025
16836 0.031210
16990 0.030545
17099 0.030096
18054 0.029265
18849 0.029497
19149 0.026443
19279 0.026473
19658 0.026453
19660 0.024900
20740 0.024284
20804 0.024463
20828 0.025962
20829 0.025954
20830 0.025011
20836 0.024966
20838 0.025192
20839 0.024893
20841 0.022756
20842 0.023378
20843 0.024819
20844 0.027325
20847 0.027039
20848 0.026302
20849 0.027679
20850 0.029130
20851 0.028113
20852 0.027915
20853 0.026610
20854 0.026324
20855 0.025815
20868 0.025808
20869 0.027340
20870 0.026952
20871 0.029478
20872 0.029493
20873 0.029651
20874 0.028652
20875 0.027666
20876 0.026257
20877 0.026110
20878 0.025768
20879 0.026954
20880 0.026721
20881 0.025693
20882 0.024987
20883 0.024004
20884 0.025023
20885 0.026046
20886 0.025601
20887 0.027368
20888 0.027338
20889 0.028004
20891 0.028406
20892 0.030214
20926 0.028701
20927 0.030219
20928 0.028445
20929 0.027957
20930 0.025701
20933 0.027187
20971 0.029010
20973 0.031256
20983 0.033092
20984 0.032802
20985 0.035795
20992 0.038806
20994 0.038727
20996 0.038956
20997 0.038561
20999 0.039769
21000 0.039113
21003 0.038147
21005 0.037652
21006 0.037671
21007 0.035131
21008 0.034783
21023 0.034075
21024 0.033617
21025 0.032217
21043 0.032967
21044 0.032832
21045 0.031965
21046 0.032532
21053 0.032671
21056 0.031247
21057 0.029967
21059 0.027044
21092 0.025880
21093 0.025040
21094 0.023315
21095 0.020921
21096 0.020175
21100 0.019158
21103 0.019855
21104 0.019465
21105 0.020306
21106 0.020455
21107 0.020828
21108 0.020409
21160 0.019989
21161 0.019341
21162 0.021526
21163 0.022316
21171 0.021837
21172 0.021947
21173 0.021610
21175 0.022847
21179 0.022668
21285 0.024361
21288 0.024617
21293 0.024090
21598 0.023689
22165 0.025660
22657 0.026788
23010 0.027961
23387 0.031697
23390 0.031622
23738 0.031137
23739 0.030331
23740 0.029260
23741 0.027144
23742 0.028568
23743 0.033114
23744 0.040808
23789 0.040474
23790 0.041961
23791 0.041217
23792 0.040746
23793 0.040781
23794 0.043755
23795 0.046360
23796 0.045504
23797 0.047736
23798 0.054808
23847 0.054723
23848 0.054602
23849 0.055219
23850 0.054130
23851 0.053277
23852 0.057660
23886 0.054289
23887 0.058300
23939 0.059832
23977 0.062911
23990 0.063062
24152 0.065698
24405 0.065435
24570 0.062114
