315 0.060935
316 0.059567
320 0.058009
321 0.058627
322 0.058296
324 0.058282
326 0.058641
341 0.062390
350 0.059882
352 0.059059
377 0.057685
557 0.058943
656 0.058578
886 0.060325
1750 0.067137
2531 0.074042
2703 0.079220
2719 0.083184
2721 0.087406
2885 0.091598
3191 0.094627
3194 0.097645
3253 0.101664
4054 0.102847
4069 0.104708
4070 0.104424
4071 0.100122
4072 0.096382
4073 0.092687
4074 0.089570
4075 0.087876
4076 0.086539
4077 0.081807
4079 0.080149
4080 0.078161
4081 0.077561
4082 0.074396
4083 0.073422
4096 0.075416
4099 0.072402
4100 0.068958
4101 0.067912
4102 0.069035
4103 0.070897
4104 0.071987
4113 0.069595
4114 0.065545
4140 0.064998
4232 0.064179
5093 0.066727
6188 0.070522
6380 0.074056
6445 0.076619
6505 0.078889
6994 0.081996
8214 0.083666
8559 0.088342
8593 0.092235
8991 0.096352
8992 0.098475
8993 0.099301
8996 0.100252
8997 0.100469
8998 0.096301
8999 0.092560
9001 0.088774
9003 0.086317
9004 0.083223
9012 0.077381
9014 0.071816
9015 0.071006
9022 0.071474
9023 0.069007
9025 0.069873
9026 0.065819
9048 0.060976
9049 0.056445
9050 0.053074
9051 0.050515
9054 0.051375
9055 0.051277
9056 0.047348
9060 0.044566
9062 0.040528
9063 0.038650
9069 0.038204
9070 0.037261
9071 0.036972
9073 0.036291
9074 0.035683
9082 0.036449
9083 0.035094
9088 0.033093
9089 0.033018
9090 0.033513
9091 0.034496
9096 0.036311
9097 0.036262
9098 0.035608
9102 0.040296
9123 0.043414
9125 0.047767
9143 0.049417
9156 0.052464
9207 0.050847
9334 0.051160
9497 0.051861
9649 0.052824
9742 0.054735
9799 0.055898
9870 0.058416
10018 0.058942
10121 0.063521
10233 0.067018
10351 0.069424
10378 0.073289
10379 0.079026
10383 0.080147
10384 0.081982
10385 0.083902
10386 0.086396
10387 0.087082
10388 0.089980
10393 0.093599
10394 0.091531
10405 0.089457
10406 0.086820
10409 0.087586
10410 0.084778
10411 0.082157
10412 0.080227
10413 0.079443
10414 0.079522
10415 0.078729
10417 0.079171
10418 0.077629
10421 0.078326
10422 0.074059
10423 0.071472
10424 0.070703
10425 0.067587
10429 0.065300
10430 0.065295
10431 0.064608
10434 0.062276
10435 0.058566
10436 0.055788
10437 0.052852
10452 0.053886
10459 0.054811
10460 0.055533
10461 0.054326
10462 0.052179
10463 0.051510
10464 0.051943
10466 0.054036
10467 0.055234
10471 0.054636
10472 0.053607
10473 0.052319
10474 0.052848
10475 0.053824
10489 0.058667
10490 0.060774
10491 0.061447
10498 0.065999
10499 0.064809
10500 0.065341
10502 0.065774
10525 0.068062
10824 0.069461
10989 0.071525
11044 0.074906
11211 0.078454
11254 0.081293
11273 0.081775
11291 0.082937
11326 0.084101
11378 0.086245
11570 0.090612
11606 0.092843
11608 0.094107
11776 0.094106
11856 0.095247
11857 0.096774
11858 0.097531
11859 0.098613
11861 0.094576
11862 0.094172
11863 0.094824
11864 0.090837
11865 0.089801
11870 0.091246
11871 0.093368
11872 0.093789
11873 0.094134
11874 0.092774
11881 0.090138
11883 0.081651
11884 0.075287
11885 0.073383
11931 0.075953
11942 0.077021
11943 0.076243
11946 0.075713
11948 0.072797
11949 0.069262
11950 0.067340
11952 0.066181
11955 0.066472
11956 0.063953
11957 0.060756
11958 0.060996
11960 0.061994
11962 0.063891
11963 0.066562
11964 0.069943
12080 0.068329
12153 0.068228
12353 0.067975
12495 0.071938
12503 0.076754
12504 0.078127
12636 0.085462
12642 0.089871
12693 0.094007
12749 0.093907
12921 0.094128
13044 0.094547
13048 0.092929
13052 0.091388
13106 0.094743
13118 0.097888
13159 0.100466
13161 0.100596
13162 0.102880
13163 0.105391
13164 0.107096
13165 0.106625
13168 0.104707
13169 0.103617
13172 0.102761
13175 0.101208
13176 0.097950
13177 0.096362
13180 0.093722
13181 0.089381
13183 0.088019
13186 0.083500
13187 0.079233
13188 0.074799
13189 0.071178
13190 0.069818
13191 0.070265
13194 0.071980
13198 0.077064
13199 0.075309
13200 0.073334
13203 0.072825
13204 0.071199
13206 0.069261
13209 0.069914
13210 0.067569
13211 0.064936
13213 0.062463
13214 0.058620
13217 0.057444
13218 0.059698
13223 0.060708
13224 0.060190
13225 0.056747
13226 0.054630
13228 0.053711
13232 0.054790
13233 0.058356
13236 0.060362
13237 0.060810
13238 0.060121
13239 0.058922
13242 0.058649
13243 0.056522
13246 0.056748
13336 0.056169
13337 0.054152
13338 0.054541
13349 0.056298
13350 0.053559
13394 0.053247
13395 0.052747
13397 0.052077
13398 0.052623
13399 0.050776
13401 0.049900
13404 0.050548
13407 0.051641
13408 0.052254
13409 0.052286
13411 0.051595
13412 0.048087
13413 0.044490
13414 0.043973
13415 0.045872
13416 0.047710
13417 0.050662
13418 0.049288
13423 0.046873
13429 0.046780
13433 0.049175
13645 0.048431
13646 0.046983
13647 0.044787
13650 0.044796
13651 0.044481
13716 0.046372
13717 0.047208
13719 0.047525
13720 0.046941
13721 0.046331
13722 0.044645
13750 0.043694
13752 0.043476
13754 0.043072
13755 0.042789
13756 0.042457
13758 0.043832
13759 0.044348
13760 0.045308
13761 0.047897
13909 0.045704
13943 0.045045
14035 0.046409
14224 0.048129
14425 0.046006
14588 0.047518
14596 0.051254
14649 0.059854
14719 0.061644
14801 0.068971
14811 0.071023
14827 0.073108
14860 0.073141
14908 0.075186
15226 0.075019
15298 0.076975
15387 0.076938
15443 0.079802
15487 0.080009
15552 0.081943
15553 0.083089
15554 0.081966
15555 0.080253
15556 0.076855
15583 0.072703
15584 0.071631
15585 0.069958
15586 0.068749
15587 0.066227
15588 0.066528
15591 0.066066
15592 0.062942
15593 0.054262
15595 0.052142
15596 0.044619
15597 0.040796
15598 0.038010
15599 0.036967
15600 0.034016
15603 0.034168
15604 0.032224
15605 0.031960
15607 0.029208
15608 0.029023
15610 0.026986
15614 0.025606
15615 0.024345
15616 0.023556
15618 0.023299
15619 0.022413
15620 0.021904
15623 0.022852
15624 0.022790
15625 0.022388
15626 0.021518
15627 0.020388
15628 0.019701
15630 0.019686
15632 0.020039
15633 0.020937
15635 0.021741
15636 0.022230
15722 0.023405
15724 0.023956
15725 0.022983
15726 0.022435
15727 0.022127
15729 0.021582
15730 0.021513
15748 0.023422
15749 0.023907
15751 0.024353
15755 0.025828
15756 0.026686
15757 0.027697
15758 0.029426
15759 0.030027
15762 0.030252
15764 0.030312
15766 0.031317
15767 0.032848
15768 0.034425
15787 0.037701
15916 0.041389
15919 0.040102
16145 0.039705
16491 0.040345
16604 0.040170
16606 0.041076
16807 0.042281
16931 0.044700
16937 0.048950
16958 0.051487
16959 0.053409
16960 0.053213
16961 0.054466
16962 0.056697
16963 0.056936
16964 0.058851
16966 0.060180
16967 0.061807
16968 0.063161
16969 0.065376
16971 0.067971
16972 0.069874
16973 0.071128
17012 0.074226
17214 0.073013
17382 0.076054
17384 0.082248
17388 0.087351
17389 0.093221
17390 0.096167
17391 0.099723
17393 0.100499
17394 0.103111
17395 0.102422
17396 0.102533
17397 0.102067
17398 0.101569
17399 0.101460
17400 0.099519
17798 0.100962
17799 0.100418
17800 0.100115
17801 0.098286
17802 0.096223
17994 0.098259
17995 0.099381
17996 0.099951
17997 0.100090
18001 0.097047
18002 0.096540
18003 0.090219
18004 0.086598
18005 0.083132
18006 0.078497
18016 0.079890
18018 0.081342
18019 0.084446
18020 0.083838
18022 0.082986
18026 0.081561
18371 0.081946
18412 0.082334
18476 0.081614
18555 0.084803
18563 0.082637
18568 0.084494
18569 0.087260
18571 0.088565
18579 0.088121
18580 0.084015
18581 0.080553
18582 0.077930
18583 0.075458
18584 0.075378
18585 0.074870
18592 0.075133
18594 0.075699
18599 0.076107
18600 0.075020
18601 0.070374
18602 0.065102
18605 0.062725
18606 0.059686
18619 0.058318
18620 0.057653
18621 0.055929
18622 0.054328
18624 0.053453
18625 0.049638
18628 0.049058
18629 0.045933
18630 0.041552
18631 0.039267
18632 0.038599
18634 0.038708
18637 0.038191
18638 0.037379
18639 0.036668
18640 0.034883
18641 0.033952
18690 0.035780
18691 0.035154
18698 0.035067
18699 0.034635
18700 0.034466
18701 0.033451
18702 0.030691
18703 0.029454
18705 0.028496
18871 0.029597
18885 0.029286
18886 0.029313
18887 0.030052
18888 0.031286
18898 0.032119
18899 0.031204
18900 0.030625
18902 0.030024
18903 0.029602
18904 0.028420
18905 0.028835
18906 0.029613
18907 0.031372
18914 0.032610
18916 0.033223
18920 0.031674
18921 0.029787
18922 0.027375
18923 0.026473
18924 0.025983
18925 0.026193
18928 0.028201
18930 0.029078
18931 0.029345
18934 0.028950
18935 0.028986
18936 0.028520
18937 0.027388
18938 0.026250
18939 0.025687
18955 0.028951
18960 0.031650
18961 0.033681
18962 0.035690
18968 0.038872
18998 0.040509
19140 0.043277
19167 0.043645
19265 0.045648
19470 0.045830
19599 0.045840
19713 0.045977
19774 0.048137
19983 0.049442
20560 0.050595
20689 0.050549
21230 0.049305
21236 0.049384
21237 0.049741
21239 0.048770
21240 0.049643
21241 0.050989
21264 0.052767
21265 0.053535
21266 0.053767
21267 0.051228
21268 0.049772
21269 0.048582
21270 0.048343
21271 0.046578
21273 0.045431
21274 0.043286
21275 0.042803
21309 0.040140
21311 0.039185
21375 0.038623
21376 0.039128
21384 0.037467
21385 0.036777
21417 0.036178
21418 0.035756
21419 0.034772
21425 0.033822
21426 0.032468
21427 0.031825
21429 0.030931
21435 0.030566
21436 0.029368
21450 0.029216
21459 0.028275
21460 0.027412
21461 0.026849
21462 0.026771
21463 0.025174
21487 0.025012
21489 0.024593
21491 0.025062
21492 0.025966
21495 0.029436
21646 0.029770
22065 0.029352
22101 0.028208
23156 0.028298
23263 0.030113
23265 0.030353
23329 0.031633
23404 0.033116
23466 0.038076
23567 0.040731
23584 0.044610
23812 0.045476
23924 0.045410
24239 0.046191
24345 0.047281
