315 0.067784
316 0.069698
320 0.072314
321 0.068520
322 0.070207
324 0.060746
326 0.058502
341 0.056776
350 0.058441
352 0.057712
377 0.054705
557 0.055460
656 0.054344
886 0.052261
1750 0.051691
2531 0.058990
2703 0.066450
2719 0.062860
2721 0.062523
2885 0.066383
3191 0.070089
3194 0.068722
3253 0.065250
4054 0.062078
4069 0.060527
4070 0.060184
4071 0.057507
4072 0.055991
4073 0.055484
4074 0.056006
4075 0.056850
4076 0.057250
4077 0.057139
4079 0.056337
4080 0.056736
4081 0.055295
4082 0.056235
4083 0.055445
4096 0.057593
4099 0.054873
4100 0.048791
4101 0.041586
4102 0.040713
4103 0.041464
4104 0.042217
4113 0.037829
4114 0.035997
4140 0.036789
4232 0.037017
5093 0.039891
6188 0.040203
6380 0.042273
6445 0.042776
6505 0.044452
6994 0.042521
8214 0.042191
8559 0.041198
8593 0.041318
8991 0.039817
8992 0.040822
8993 0.042458
8996 0.042985
8997 0.042933
8998 0.040836
8999 0.040418
9001 0.040317
9003 0.042024
9004 0.044747
9012 0.043347
9014 0.040506
9015 0.042385
9022 0.045529
9023 0.044728
9025 0.044536
9026 0.041972
9048 0.041166
9049 0.040240
9050 0.038746
9051 0.037331
9054 0.038022
9055 0.037085
9056 0.036817
9060 0.035878
9062 0.036739
9063 0.036356
9069 0.034635
9070 0.033071
9071 0.032722
9073 0.032974
9074 0.032960
9082 0.031676
9083 0.029750
9088 0.026113
9089 0.025512
9090 0.024297
9091 0.022359
9096 0.017632
9097 0.017197
9098 0.014921
9102 0.015207
9123 0.015604
9125 0.014540
9143 0.016282
9156 0.017784
9207 0.017875
9334 0.022752
9497 0.022600
9649 0.023336
9742 0.022536
9799 0.021963
9870 0.022455
10018 0.023288
10121 0.023662
10233 0.025323
10351 0.032036
10378 0.032294
10379 0.036698
10383 0.037801
10384 0.039803
10385 0.040423
10386 0.040702
10387 0.040903
10388 0.041622
10393 0.041957
10394 0.043229
10405 0.042962
10406 0.043564
10409 0.042195
10410 0.041742
10411 0.040686
10412 0.036194
10413 0.036132
10414 0.035294
10415 0.035003
10417 0.035128
10418 0.034364
10421 0.033246
10422 0.032756
10423 0.030908
10424 0.024131
10425 0.024026
10429 0.020687
10430 0.020869
10431 0.018707
10434 0.017711
10435 0.016541
10436 0.016818
10437 0.015963
10452 0.018176
10459 0.018074
10460 0.018339
10461 0.020098
10462 0.022289
10463 0.021380
10464 0.024165
10466 0.026976
10467 0.028425
10471 0.029093
10472 0.030071
10473 0.030715
10474 0.030979
10475 0.030490
10489 0.031710
10490 0.031569
10491 0.032778
10498 0.033101
10499 0.032214
10500 0.032523
10502 0.031775
10525 0.032899
10824 0.032991
10989 0.032580
11044 0.032561
11211 0.033489
11254 0.032250
11273 0.032619
11291 0.031168
11326 0.031694
11378 0.031245
11570 0.031683
11606 0.029121
11608 0.029009
11776 0.029491
11856 0.029951
11857 0.029799
11858 0.030575
11859 0.032690
11861 0.031911
11862 0.035496
11863 0.034622
11864 0.035475
11865 0.035636
11870 0.034000
11871 0.034683
11872 0.033253
11873 0.035769
11874 0.040700
11881 0.043039
11883 0.039966
11884 0.041060
11885 0.040765
11931 0.039932
11942 0.036493
11943 0.038178
11946 0.034869
11948 0.035200
11949 0.034001
11950 0.033108
11952 0.032211
11955 0.031253
11956 0.030432
11957 0.028617
11958 0.027982
11960 0.028214
11962 0.032933
11963 0.034619
11964 0.035035
12080 0.040636
12153 0.046686
12353 0.050188
12495 0.048464
12503 0.044122
12504 0.043191
12636 0.043666
12642 0.043675
12693 0.045043
12749 0.045514
12921 0.046262
13044 0.049334
13048 0.054293
13052 0.054396
13106 0.054195
13118 0.054312
13159 0.053853
13161 0.055363
13162 0.056101
13163 0.056670
13164 0.057061
13165 0.053983
13168 0.050673
13169 0.050072
13172 0.049718
13175 0.045113
13176 0.038740
13177 0.036119
13180 0.035662
13181 0.037289
13183 0.036515
13186 0.036656
13187 0.036062
13188 0.034982
13189 0.034322
13190 0.034145
13191 0.030139
13194 0.026752
13198 0.025735
13199 0.028584
13200 0.029828
13203 0.030701
13204 0.029287
13206 0.028425
13209 0.028227
13210 0.030011
13211 0.030438
13213 0.028399
13214 0.026911
13217 0.026664
13218 0.025480
13223 0.027049
13224 0.028668
13225 0.031122
13226 0.029635
13228 0.029385
13232 0.030280
13233 0.029943
13236 0.030492
13237 0.031466
13238 0.032518
13239 0.032748
13242 0.031343
13243 0.032283
13246 0.029606
13336 0.028157
13337 0.027252
13338 0.029021
13349 0.029196
13350 0.028655
13394 0.026779
13395 0.027441
13397 0.028016
13398 0.027324
13399 0.027705
13401 0.030603
13404 0.029428
13407 0.026757
13408 0.024876
13409 0.024633
13411 0.024596
13412 0.023038
13413 0.023607
13414 0.024818
13415 0.027023
13416 0.025016
13417 0.031186
13418 0.031911
13423 0.031658
13429 0.032059
13433 0.032853
13645 0.037139
13646 0.037454
13647 0.038540
13650 0.038579
13651 0.039292
13716 0.038765
13717 0.040276
13719 0.040160
13720 0.040852
13721 0.040314
13722 0.039478
13750 0.040621
13752 0.040210
13754 0.040112
13755 0.040110
13756 0.040907
13758 0.039756
13759 0.038196
13760 0.035269
13761 0.036395
13909 0.030314
13943 0.029772
14035 0.029438
14224 0.030964
14425 0.031019
14588 0.031097
14596 0.029473
14649 0.028967
14719 0.028557
14801 0.032034
14811 0.030273
14827 0.032332
14860 0.032223
14908 0.033368
15226 0.032765
15298 0.037184
15387 0.036265
15443 0.039049
15487 0.039141
15552 0.043535
15553 0.051341
15554 0.053984
15555 0.062055
15556 0.062888
15583 0.063325
15584 0.062785
15585 0.063014
15586 0.063565
15587 0.063264
15588 0.066148
15591 0.061827
15592 0.063264
15593 0.063311
15595 0.065788
15596 0.062988
15597 0.063587
15598 0.062444
15599 0.064140
15600 0.063108
15603 0.061931
15604 0.057829
15605 0.057742
15607 0.054839
15608 0.054541
15610 0.050458
15614 0.042897
15615 0.041974
15616 0.034409
15618 0.034214
15619 0.033789
15620 0.034926
15623 0.035264
15624 0.034629
15625 0.034449
15626 0.031793
15627 0.032507
15628 0.031509
15630 0.031665
15632 0.029798
15633 0.032637
15635 0.033191
15636 0.033601
15722 0.031587
15724 0.030959
15725 0.031129
15726 0.033032
15727 0.034061
15729 0.038258
15730 0.044535
15748 0.046057
15749 0.050910
15751 0.052506
15755 0.056759
15756 0.056934
15757 0.059099
15758 0.057249
15759 0.056476
15762 0.058016
15764 0.057150
15766 0.057755
15767 0.057097
15768 0.056435
15787 0.056776
15916 0.057174
15919 0.052865
16145 0.054337
16491 0.051287
16604 0.051571
16606 0.050769
16807 0.051169
16931 0.049035
16937 0.049712
16958 0.045264
16959 0.039103
16960 0.036939
16961 0.030741
16962 0.029457
16963 0.024969
16964 0.025865
16966 0.023067
16967 0.024274
16968 0.026463
16969 0.028635
16971 0.030181
16972 0.034613
16973 0.035064
17012 0.035570
17214 0.035605
17382 0.038969
17384 0.042432
17388 0.041645
17389 0.049363
17390 0.049785
17391 0.054265
17393 0.058255
17394 0.073525
17395 0.084625
17396 0.092396
17397 0.092249
17398 0.093733
17399 0.104165
17400 0.110653
17798 0.109616
17799 0.111110
17800 0.116712
17801 0.118647
17802 0.120574
17994 0.120732
17995 0.119775
17996 0.114693
17997 0.115973
18001 0.116961
18002 0.117108
18003 0.122945
18004 0.120923
18005 0.120041
18006 0.117301
18016 0.129863
18018 0.129032
18019 0.125006
18020 0.114009
18022 0.104892
18026 0.097322
18371 0.097378
18412 0.100511
18476 0.090656
18555 0.083527
18563 0.084406
18568 0.081675
18569 0.075893
18571 0.074733
18579 0.071343
18580 0.068399
18581 0.067384
18582 0.067675
18583 0.067383
18584 0.065629
18585 0.066137
18592 0.057217
18594 0.056442
18599 0.056011
18600 0.053882
18601 0.047742
18602 0.045398
18605 0.044941
18606 0.041507
18619 0.038429
18620 0.038025
18621 0.037908
18622 0.036508
18624 0.039644
18625 0.038314
18628 0.037958
18629 0.036986
18630 0.038583
18631 0.037433
18632 0.038979
18634 0.039541
18637 0.039540
18638 0.040048
18639 0.044338
18640 0.048539
18641 0.049493
18690 0.049241
18691 0.050573
18698 0.052446
18699 0.051206
18700 0.044308
18701 0.043232
18702 0.043487
18703 0.045453
18705 0.044743
18871 0.047088
18885 0.048996
18886 0.048385
18887 0.044493
18888 0.046105
18898 0.047001
18899 0.049832
18900 0.049273
18902 0.054493
18903 0.052907
18904 0.052679
18905 0.053433
18906 0.052244
18907 0.047041
18914 0.042711
18916 0.039965
18920 0.039489
18921 0.037216
18922 0.035933
18923 0.034439
18924 0.034659
18925 0.035413
18928 0.034775
18930 0.032018
18931 0.033312
18934 0.032822
18935 0.030744
18936 0.028135
18937 0.028420
18938 0.029443
18939 0.028828
18955 0.027813
18960 0.026955
18961 0.021779
18962 0.024247
18968 0.023687
18998 0.022614
19140 0.022192
19167 0.021663
19265 0.022276
19470 0.022103
19599 0.021705
19713 0.024037
19774 0.022796
19983 0.023223
20560 0.026769
20689 0.030741
21230 0.030803
21236 0.032250
21237 0.031349
21239 0.029730
21240 0.030346
21241 0.032338
21264 0.032783
21265 0.032307
21266 0.032735
21267 0.033669
21268 0.034605
21269 0.034208
21270 0.032781
21271 0.031769
21273 0.033263
21274 0.037404
21275 0.040205
21309 0.039636
21311 0.039523
21375 0.039723
21376 0.037960
21384 0.038370
21385 0.037626
21417 0.035764
21418 0.031921
21419 0.031628
21425 0.030339
21426 0.030182
21427 0.031584
21429 0.032026
21435 0.031727
21436 0.031854
21450 0.030679
21459 0.032964
21460 0.032253
21461 0.031328
21462 0.031469
21463 0.029618
21487 0.032743
21489 0.032401
21491 0.029880
21492 0.029604
21495 0.035543
21646 0.035899
22065 0.036045
22101 0.035716
23156 0.035570
23263 0.036331
23265 0.036731
23329 0.036475
23404 0.037025
23466 0.036992
23567 0.038285
23584 0.038040
23812 0.040568
23924 0.039241
24239 0.042577
24345 0.042168
