237 0.068735
239 0.062784
240 0.058841
241 0.056896
243 0.055818
247 0.054168
248 0.052223
249 0.052145
251 0.050869
252 0.044716
253 0.043025
256 0.042869
258 0.041087
259 0.040507
262 0.043436
263 0.044804
264 0.045420
265 0.044566
266 0.043885
269 0.043092
270 0.042010
271 0.041166
272 0.041627
273 0.038842
276 0.036415
489 0.037266
496 0.036953
514 0.045315
572 0.048081
590 0.049272
806 0.051328
865 0.052201
1028 0.050890
1117 0.051309
1296 0.052731
1297 0.053153
1298 0.053499
1388 0.054491
1390 0.055759
1391 0.053557
1392 0.052523
1393 0.052209
1395 0.052076
1398 0.051348
1399 0.050738
1400 0.051280
1401 0.053388
1404 0.052692
1405 0.051936
1409 0.052368
1410 0.051941
1413 0.052566
1417 0.043131
1420 0.041728
1421 0.042114
1422 0.043885
1423 0.047499
1431 0.049198
1432 0.048993
1433 0.046958
1436 0.049696
1437 0.050090
1438 0.049070
1439 0.048077
1440 0.050027
1441 0.054116
1442 0.058567
1443 0.061234
1444 0.063499
1799 0.066502
1800 0.066362
1814 0.066009
1815 0.066024
1816 0.064407
1817 0.063804
1818 0.064105
1819 0.065181
1822 0.070695
1823 0.070505
1826 0.068241
1828 0.064445
1829 0.060725
1830 0.060462
1831 0.061443
1832 0.062195
1846 0.063080
1847 0.065140
1848 0.067822
1850 0.070344
1852 0.070358
1869 0.070481
1893 0.068293
1909 0.068372
1936 0.070494
2028 0.070341
2246 0.075304
2950 0.074427
3298 0.087706
3637 0.090070
3753 0.092683
3799 0.091870
3851 0.097528
3934 0.096918
3941 0.104739
5771 0.105363
6078 0.111266
6319 0.115861
6422 0.117312
6693 0.120751
6849 0.124619
7005 0.122012
7041 0.120568
7050 0.122633
7090 0.122694
7091 0.122249
7092 0.119196
7093 0.117682
7094 0.114503
7095 0.109771
7096 0.106050
7098 0.099934
7099 0.098367
7100 0.085072
7101 0.082858
7111 0.080327
7112 0.079661
7114 0.072225
7116 0.067566
7117 0.057399
7118 0.057353
7119 0.053283
7120 0.049578
7121 0.050921
7124 0.046672
7125 0.042706
7126 0.041591
7127 0.041712
7128 0.039650
7129 0.039288
7131 0.037408
7334 0.036750
7338 0.036728
7339 0.037171
7341 0.037835
7345 0.038849
7346 0.038538
7348 0.039381
7349 0.039108
7350 0.039113
7351 0.038423
7352 0.038008
7353 0.037652
7354 0.037607
7355 0.037548
7356 0.036718
7357 0.034680
7366 0.034442
7367 0.031452
7368 0.031498
7369 0.030885
7370 0.029805
7371 0.029495
7372 0.028162
7373 0.026668
7374 0.027743
7375 0.028470
7376 0.029188
7377 0.029897
7392 0.031044
7398 0.030823
7399 0.031062
7730 0.030277
7731 0.030170
7732 0.030073
7733 0.029850
7734 0.029611
7735 0.029480
7736 0.029286
7793 0.031521
7794 0.032837
7795 0.033945
7796 0.033828
7797 0.035328
7798 0.038418
7815 0.042721
7868 0.045357
7963 0.045447
8226 0.049636
8264 0.051953
8270 0.053087
8313 0.053229
8314 0.052178
8387 0.053118
8463 0.051367
8486 0.052196
8501 0.054538
8676 0.054886
8725 0.056326
8908 0.062059
8909 0.066492
8910 0.069668
8911 0.071894
8912 0.073661
8913 0.072648
8915 0.072318
8916 0.072516
8917 0.071910
8920 0.071738
8921 0.070838
8925 0.068838
8927 0.068004
8928 0.067181
8929 0.062206
8930 0.059683
8933 0.058968
8936 0.059006
8937 0.059819
8938 0.058604
8941 0.059357
8942 0.058864
8943 0.057597
8944 0.058262
8945 0.058065
8946 0.053783
8947 0.051425
8948 0.050445
8951 0.050118
8952 0.049918
8957 0.050627
8958 0.050319
8962 0.053020
8965 0.053755
8966 0.052127
8969 0.053140
8970 0.053248
8974 0.057674
8982 0.066070
9013 0.066538
9181 0.066105
9504 0.067839
9771 0.068096
9772 0.066802
9774 0.065235
9806 0.064893
9816 0.066795
9817 0.068054
9820 0.067840
9822 0.068032
9825 0.073337
9826 0.077628
9827 0.076045
9828 0.074945
9829 0.074971
9832 0.076289
9836 0.078181
9838 0.076048
9839 0.076237
9840 0.078146
9843 0.075147
9844 0.072910
9847 0.069064
9848 0.060873
9849 0.060642
9852 0.061302
9855 0.061060
9856 0.061188
9860 0.062568
9861 0.063544
9863 0.064281
9864 0.063104
9867 0.062411
9871 0.063996
9873 0.064546
9874 0.059964
9875 0.056113
9876 0.058668
9877 0.064125
9880 0.068155
9921 0.067497
10048 0.066607
10158 0.068214
10168 0.066889
10240 0.064861
10289 0.071821
10342 0.076817
10357 0.074994
10399 0.079129
10516 0.082083
10518 0.084919
10919 0.083270
11425 0.082205
11426 0.082061
11547 0.084019
11680 0.084244
11681 0.083071
11682 0.081327
11683 0.079501
11684 0.078978
11729 0.080228
11730 0.078398
11731 0.075461
11732 0.069288
11733 0.063819
11734 0.062096
11769 0.064009
11795 0.064948
11796 0.066949
11797 0.068387
11833 0.062359
11834 0.057790
11836 0.058390
11837 0.054477
11838 0.052366
11840 0.048876
11843 0.048466
11844 0.047982
11845 0.047407
11846 0.044588
11860 0.045318
11882 0.045120
11951 0.044722
11959 0.047149
12073 0.046775
12074 0.044756
12075 0.046777
12076 0.049659
12082 0.050659
12083 0.050934
12084 0.050569
12085 0.049144
12086 0.048704
12087 0.051726
12152 0.052760
12502 0.056232
12507 0.061510
12513 0.065451
12517 0.068191
12610 0.070320
12628 0.072368
13182 0.074748
13989 0.075667
14375 0.077524
15367 0.082120
16113 0.084057
16117 0.090623
16119 0.094800
16607 0.093394
16695 0.097682
16734 0.097436
16907 0.096038
16908 0.093949
16909 0.093606
16910 0.093880
16911 0.093753
16912 0.092196
16913 0.088470
16914 0.082898
16915 0.079779
16916 0.074500
16917 0.068222
16920 0.063218
16923 0.061107
16924 0.058516
16925 0.056763
16926 0.054065
16927 0.053559
16928 0.051683
16929 0.047628
16930 0.043578
16932 0.036485
16933 0.032991
16934 0.031970
16935 0.027773
16936 0.027138
16938 0.029192
16939 0.031009
16940 0.032493
16975 0.032757
16976 0.032848
16977 0.032498
16978 0.032290
16979 0.031885
16980 0.031672
16981 0.031638
16982 0.031610
16983 0.030902
17000 0.029754
17001 0.028833
17002 0.028166
17003 0.027509
17004 0.026927
17005 0.027062
17006 0.027862
17007 0.028969
17009 0.029588
17010 0.030639
17013 0.030271
17014 0.029566
17015 0.029761
17016 0.028292
17017 0.028284
17018 0.027924
17082 0.028639
17083 0.029127
17084 0.029938
17090 0.030684
17208 0.031387
17272 0.032780
17402 0.033719
17403 0.034583
17408 0.037329
17409 0.037460
17410 0.037645
17434 0.042702
17443 0.042952
17444 0.042757
17446 0.043015
17449 0.044516
17452 0.045245
17453 0.045315
17455 0.044080
17456 0.044369
17457 0.045201
17460 0.046754
17461 0.045594
17463 0.043144
17464 0.041867
17465 0.041527
17466 0.042369
17467 0.043180
17483 0.044233
17484 0.043768
17485 0.042500
17486 0.041592
17487 0.041365
17490 0.039140
17495 0.038563
17496 0.038824
17504 0.038545
17505 0.039841
17512 0.043227
17521 0.045721
17522 0.044792
17524 0.043781
17533 0.045062
17558 0.047049
17591 0.049392
17700 0.049257
17721 0.060027
17761 0.063086
17861 0.065044
17901 0.065388
18105 0.066544
18114 0.067792
18148 0.066586
18241 0.064903
18342 0.065053
18399 0.070095
18428 0.073114
18461 0.075462
18462 0.077573
18465 0.078785
18467 0.079764
18468 0.077653
18471 0.078633
18472 0.076480
18473 0.073514
18474 0.072142
18477 0.071364
18479 0.069421
18481 0.067409
18485 0.065704
18486 0.064998
18487 0.052778
18488 0.049922
18491 0.049071
18494 0.050984
18495 0.049515
18496 0.047255
18497 0.047515
18504 0.049119
18505 0.049054
18508 0.049456
18511 0.048679
18512 0.046721
18513 0.044901
18514 0.044949
18515 0.045231
18516 0.045141
18598 0.044321
18623 0.044667
18648 0.049934
18684 0.054414
18751 0.056828
19035 0.059647
19193 0.060498
19197 0.061859
19221 0.063211
19261 0.065778
19383 0.066797
19398 0.067474
19618 0.066655
19627 0.066660
19665 0.068631
19666 0.069271
19667 0.069298
19668 0.069994
19669 0.067106
19672 0.066023
19673 0.067610
19674 0.069761
19675 0.070116
19682 0.069547
19683 0.067323
19685 0.066360
19688 0.064696
19689 0.058773
19690 0.053856
19691 0.051208
19700 0.051595
19701 0.052167
19702 0.051368
19706 0.051521
19707 0.050097
19729 0.050704
19731 0.049575
19733 0.048151
19734 0.047631
19735 0.045087
19736 0.043976
19737 0.043157
19738 0.043562
19753 0.041384
19755 0.040296
19756 0.038032
19836 0.039346
19953 0.038808
19954 0.037059
19955 0.036265
19956 0.035423
19959 0.035794
19960 0.035978
19961 0.036529
19976 0.039628
19977 0.038654
19978 0.038552
19989 0.037870
19990 0.037017
20093 0.036438
20096 0.035365
20114 0.035198
20119 0.035666
20184 0.041109
20341 0.042454
20359 0.043569
20633 0.045568
20634 0.044380
20637 0.045069
20638 0.044788
20659 0.048510
20690 0.047487
20746 0.046702
20906 0.049469
20907 0.050907
20908 0.052470
20911 0.053618
20912 0.054369
20913 0.054591
20917 0.051715
20918 0.049595
20919 0.047925
20920 0.047297
20941 0.047713
20942 0.047691
20943 0.047717
20952 0.049145
20953 0.048727
20954 0.043199
20955 0.041662
20956 0.040471
20957 0.038081
20958 0.039105
20959 0.039369
21031 0.040487
21032 0.036699
21033 0.034008
21035 0.035169
21036 0.034899
21039 0.035970
21040 0.036084
21195 0.036631
21335 0.038109
21496 0.037444
21497 0.036819
21498 0.036420
21499 0.036279
21502 0.037936
21503 0.037472
21611 0.041758
21612 0.042796
21673 0.041900
22041 0.042531
22075 0.042820
22076 0.043656
22077 0.044011
22078 0.044327
22090 0.043352
22091 0.042003
22092 0.041165
22093 0.041614
22094 0.042131
22095 0.041808
22108 0.040895
22109 0.040206
22116 0.039824
22117 0.038249
22118 0.036175
22136 0.036825
22137 0.037302
22143 0.039208
22144 0.039991
22145 0.038741
22146 0.039149
22150 0.034546
22151 0.032473
22156 0.031602
22159 0.031056
22168 0.033265
22169 0.033349
22172 0.033699
22173 0.032963
22175 0.033123
22178 0.034548
22185 0.035049
22187 0.034569
22188 0.033638
22189 0.032644
22190 0.032291
22193 0.031219
22201 0.033003
22202 0.033297
22203 0.033136
22204 0.032256
22205 0.032427
22206 0.032006
22207 0.034270
22208 0.035255
22210 0.036312
22213 0.035908
22214 0.035653
22215 0.035580
22217 0.035122
22218 0.032488
22219 0.032883
22220 0.032510
22300 0.035446
22303 0.037692
22307 0.038335
22322 0.038139
22330 0.039196
22334 0.039969
22340 0.042677
22343 0.043104
22346 0.042840
22352 0.040789
22353 0.040180
22359 0.041729
22373 0.043404
22374 0.044098
22377 0.043805
22378 0.041262
22384 0.040124
22385 0.038519
22389 0.039028
22390 0.039448
22391 0.039848
22398 0.040946
22399 0.042315
22404 0.043954
22405 0.044811
22407 0.042665
22409 0.040569
22410 0.038949
22411 0.039672
22412 0.038813
22413 0.039232
22414 0.036619
22415 0.035490
22416 0.036082
22417 0.037360
22418 0.038700
22419 0.037488
22420 0.036528
22421 0.036361
22433 0.037850
22435 0.039073
22449 0.039434
22496 0.040580
22497 0.040293
22498 0.040170
22499 0.039706
22501 0.041178
22574 0.041594
22841 0.039489
22845 0.038912
22847 0.038177
22848 0.037466
22849 0.037396
22853 0.037813
22854 0.037680
22855 0.036734
22909 0.037880
22910 0.037797
22911 0.037268
22912 0.035569
22966 0.036023
22967 0.035987
22968 0.035139
22969 0.033950
22970 0.031548
22971 0.029946
23027 0.028571
23028 0.026375
23029 0.025846
23030 0.027089
23065 0.030108
23127 0.028518
23172 0.028723
23197 0.030265
23210 0.036043
23298 0.037831
23346 0.038170
23436 0.038028
23516 0.037225
23607 0.037735
23611 0.039223
23632 0.038059
23666 0.040166
23866 0.040256
23945 0.040472
23950 0.040248
24034 0.039713
24072 0.040534
24073 0.041033
24074 0.040984
24075 0.041434
24076 0.042321
24078 0.043233
24079 0.044741
24083 0.044394
24086 0.042082
24087 0.041877
24090 0.042576
24093 0.041563
24094 0.036134
24097 0.034789
24102 0.035463
24106 0.035509
24107 0.034980
24108 0.034297
24109 0.032885
24110 0.033345
24111 0.033386
24112 0.037144
24373 0.040253
24728 0.040245
24730 0.042240
24736 0.043556
24953 0.043100
