237 0.065398
239 0.066365
240 0.067216
241 0.061721
243 0.058193
247 0.053388
248 0.054295
249 0.054967
251 0.055441
252 0.055384
253 0.057186
256 0.053355
258 0.051806
259 0.051062
262 0.052777
263 0.052269
264 0.050868
265 0.046879
266 0.044730
269 0.044707
270 0.043317
271 0.044980
272 0.047905
273 0.047006
276 0.044582
489 0.045054
496 0.044534
514 0.042798
572 0.040614
590 0.040408
806 0.042568
865 0.041963
1028 0.042310
1117 0.042690
1296 0.042786
1297 0.041693
1298 0.042664
1388 0.040924
1390 0.041094
1391 0.041613
1392 0.042984
1393 0.042676
1395 0.046728
1398 0.047584
1399 0.048221
1400 0.045718
1401 0.046502
1404 0.045293
1405 0.045565
1409 0.045956
1410 0.047373
1413 0.046903
1417 0.048046
1420 0.051139
1421 0.050863
1422 0.051185
1423 0.051933
1431 0.049518
1432 0.047507
1433 0.048894
1436 0.048380
1437 0.047604
1438 0.050295
1439 0.048703
1440 0.048059
1441 0.047496
1442 0.047345
1443 0.044734
1444 0.052064
1799 0.051420
1800 0.053593
1814 0.051054
1815 0.051101
1816 0.053493
1817 0.056350
1818 0.054750
1819 0.054516
1822 0.054241
1823 0.051940
1826 0.054140
1828 0.051050
1829 0.049780
1830 0.054286
1831 0.058170
1832 0.055774
1846 0.057493
1847 0.057022
1848 0.058226
1850 0.060543
1852 0.059558
1869 0.058293
1893 0.056798
1909 0.054917
1936 0.046966
2028 0.045364
2246 0.045524
2950 0.048153
3298 0.045810
3637 0.041660
3753 0.039718
3799 0.041991
3851 0.041159
3934 0.044375
3941 0.042738
5771 0.040712
6078 0.043606
6319 0.050886
6422 0.051267
6693 0.050437
6849 0.052483
7005 0.050888
7041 0.050920
7050 0.047931
7090 0.048707
7091 0.049748
7092 0.051148
7093 0.051988
7094 0.052620
7095 0.053616
7096 0.054640
7098 0.056576
7099 0.055338
7100 0.059212
7101 0.065695
7111 0.064682
7112 0.062129
7114 0.063944
7116 0.059995
7117 0.063457
7118 0.063336
7119 0.060100
7120 0.053972
7121 0.050054
7124 0.047021
7125 0.044607
7126 0.044949
7127 0.045260
7128 0.045801
7129 0.043478
7131 0.047078
7334 0.045345
7338 0.047965
7339 0.047854
7341 0.049950
7345 0.049167
7346 0.045870
7348 0.044896
7349 0.043131
7350 0.040356
7351 0.044339
7352 0.046196
7353 0.045051
7354 0.046975
7355 0.047685
7356 0.050151
7357 0.050046
7366 0.052373
7367 0.051730
7368 0.052475
7369 0.052009
7370 0.052711
7371 0.053093
7372 0.052095
7373 0.051621
7374 0.047611
7375 0.050580
7376 0.048809
7377 0.048091
7392 0.046240
7398 0.045937
7399 0.045852
7730 0.047836
7731 0.047858
7732 0.044162
7733 0.041262
7734 0.042620
7735 0.041422
7736 0.043388
7793 0.042083
7794 0.043945
7795 0.045939
7796 0.044644
7797 0.044389
7798 0.044591
7815 0.049485
7868 0.047325
7963 0.048853
8226 0.049529
8264 0.050803
8270 0.049657
8313 0.050687
8314 0.051552
8387 0.052693
8463 0.052552
8486 0.055066
8501 0.054280
8676 0.054270
8725 0.054105
8908 0.056341
8909 0.055987
8910 0.052618
8911 0.056114
8912 0.054155
8913 0.053484
8915 0.053565
8916 0.054752
8917 0.059391
8920 0.059769
8921 0.061601
8925 0.057500
8927 0.058426
8928 0.056830
8929 0.056287
8930 0.057644
8933 0.059879
8936 0.057128
8937 0.055497
8938 0.060162
8941 0.061372
8942 0.059800
8943 0.060273
8944 0.060058
8945 0.058872
8946 0.057052
8947 0.057123
8948 0.060753
8951 0.060673
8952 0.059581
8957 0.058885
8958 0.053641
8962 0.058261
8965 0.052694
8966 0.053833
8969 0.053259
8970 0.055730
8974 0.055701
8982 0.054789
9013 0.056409
9181 0.053866
9504 0.052110
9771 0.053612
9772 0.053246
9774 0.048972
9806 0.048528
9816 0.047860
9817 0.047871
9820 0.046631
9822 0.046436
9825 0.047787
9826 0.046994
9827 0.045804
9828 0.042373
9829 0.042429
9832 0.042396
9836 0.043180
9838 0.036146
9839 0.035613
9840 0.037640
9843 0.036001
9844 0.033856
9847 0.033480
9848 0.034831
9849 0.034132
9852 0.033755
9855 0.033572
9856 0.030580
9860 0.030100
9861 0.029143
9863 0.027534
9864 0.028149
9867 0.028564
9871 0.027570
9873 0.028712
9874 0.027242
9875 0.028671
9876 0.027009
9877 0.027396
9880 0.026358
9921 0.026444
10048 0.024947
10158 0.024962
10168 0.025143
10240 0.026516
10289 0.030560
10342 0.029296
10357 0.029588
10399 0.029682
10516 0.028337
10518 0.029542
10919 0.029614
11425 0.029988
11426 0.031089
11547 0.031492
11680 0.031951
11681 0.031636
11682 0.031554
11683 0.033049
11684 0.032903
11729 0.033495
11730 0.033156
11731 0.035943
11732 0.036082
11733 0.037471
11734 0.036106
11769 0.036978
11795 0.036158
11796 0.036241
11797 0.032229
11833 0.027184
11834 0.028556
11836 0.029446
11837 0.030252
11838 0.045911
11840 0.054711
11843 0.064101
11844 0.068368
11845 0.073911
11846 0.075393
11860 0.080175
11882 0.080735
11951 0.084994
11959 0.097058
12073 0.099825
12074 0.104998
12075 0.104115
12076 0.101064
12082 0.104608
12083 0.111015
12084 0.113837
12085 0.122623
12086 0.125546
12087 0.126726
12152 0.132304
12502 0.136440
12507 0.137059
12513 0.136938
12517 0.135537
12610 0.119879
12628 0.109742
13182 0.101328
13989 0.099947
14375 0.093305
15367 0.091381
16113 0.085856
16117 0.089878
16119 0.084573
16607 0.072329
16695 0.068868
16734 0.063405
16907 0.062921
16908 0.064030
16909 0.059861
16910 0.052702
16911 0.050170
16912 0.042422
16913 0.040493
16914 0.041222
16915 0.038018
16916 0.033765
16917 0.031739
16920 0.030383
16923 0.029320
16924 0.029443
16925 0.029998
16926 0.031213
16927 0.029722
16928 0.032404
16929 0.031949
16930 0.031616
16932 0.030232
16933 0.033299
16934 0.034968
16935 0.036502
16936 0.038315
16938 0.038456
16939 0.036906
16940 0.038615
16975 0.038077
16976 0.038400
16977 0.036420
16978 0.035585
16979 0.033947
16980 0.033280
16981 0.036787
16982 0.037810
16983 0.038798
17000 0.041240
17001 0.041169
17002 0.041696
17003 0.040790
17004 0.039889
17005 0.039744
17006 0.040588
17007 0.041182
17009 0.039732
17010 0.040219
17013 0.041442
17014 0.040011
17015 0.039209
17016 0.039568
17017 0.041523
17018 0.041351
17082 0.041201
17083 0.040693
17084 0.043242
17090 0.043118
17208 0.042068
17272 0.039685
17402 0.036117
17403 0.035406
17408 0.034240
17409 0.032424
17410 0.032262
17434 0.032737
17443 0.031039
17444 0.030333
17446 0.028697
17449 0.027831
17452 0.028442
17453 0.026669
17455 0.023297
17456 0.019534
17457 0.018581
17460 0.017254
17461 0.020411
17463 0.019984
17464 0.020468
17465 0.022169
17466 0.023144
17467 0.024817
17483 0.024940
17484 0.026175
17485 0.028028
17486 0.028988
17487 0.031903
17490 0.033005
17495 0.034899
17496 0.035010
17504 0.033858
17505 0.035700
17512 0.036251
17521 0.038463
17522 0.040669
17524 0.041588
17533 0.041100
17558 0.041552
17591 0.043425
17700 0.047877
17721 0.048426
17761 0.045795
17861 0.046034
17901 0.046771
18105 0.049890
18114 0.050976
18148 0.047260
18241 0.047043
18342 0.048249
18399 0.047590
18428 0.047117
18461 0.045350
18462 0.045372
18465 0.045088
18467 0.045946
18468 0.052007
18471 0.054582
18472 0.054235
18473 0.053820
18474 0.052587
18477 0.052750
18479 0.053320
18481 0.058008
18485 0.055603
18486 0.051855
18487 0.051380
18488 0.052571
18491 0.054358
18494 0.052265
18495 0.047504
18496 0.045676
18497 0.045575
18504 0.046476
18505 0.045065
18508 0.044970
18511 0.046545
18512 0.046436
18513 0.047625
18514 0.046410
18515 0.048371
18516 0.045444
18598 0.041125
18623 0.043185
18648 0.044661
18684 0.044682
18751 0.046238
19035 0.046339
19193 0.041878
19197 0.042407
19221 0.044172
19261 0.045198
19383 0.046534
19398 0.042922
19618 0.042718
19627 0.045240
19665 0.045373
19666 0.046383
19667 0.045747
19668 0.047314
19669 0.048230
19672 0.049702
19673 0.051586
19674 0.050240
19675 0.054490
19682 0.051643
19683 0.048531
19685 0.048562
19688 0.046315
19689 0.042282
19690 0.041939
19691 0.044249
19700 0.044073
19701 0.043485
19702 0.045793
19706 0.049067
19707 0.048698
19729 0.045242
19731 0.045883
19733 0.045736
19734 0.044769
19735 0.044797
19736 0.046402
19737 0.046523
19738 0.046760
19753 0.045005
19755 0.041378
19756 0.039694
19836 0.042284
19953 0.038527
19954 0.041497
19955 0.041186
19956 0.043029
19959 0.043585
19960 0.047955
19961 0.051824
19976 0.049038
19977 0.049711
19978 0.050395
19989 0.049294
19990 0.044366
20093 0.043500
20096 0.044061
20114 0.043236
20119 0.044930
20184 0.045331
20341 0.045538
20359 0.043918
20633 0.044739
20634 0.043711
20637 0.043542
20638 0.044156
20659 0.045188
20690 0.043975
20746 0.045594
20906 0.044136
20907 0.047254
20908 0.050524
20911 0.050542
20912 0.047666
20913 0.043248
20917 0.040253
20918 0.040205
20919 0.039234
20920 0.038928
20941 0.038335
20942 0.039011
20943 0.039053
20952 0.039531
20953 0.038298
20954 0.037337
20955 0.037330
20956 0.036525
20957 0.035526
20958 0.034701
20959 0.044269
21031 0.043770
21032 0.042349
21033 0.043791
21035 0.042602
21036 0.042922
21039 0.042126
21040 0.037687
21195 0.037927
21335 0.039420
21496 0.041497
21497 0.043001
21498 0.044851
21499 0.046079
21502 0.044847
21503 0.047495
21611 0.046756
21612 0.047754
21673 0.049747
22041 0.049495
22075 0.051037
22076 0.052334
22077 0.051500
22078 0.051389
22090 0.052281
22091 0.043299
22092 0.046037
22093 0.045419
22094 0.042754
22095 0.044815
22108 0.042974
22109 0.042298
22116 0.042202
22117 0.041166
22118 0.038198
22136 0.036807
22137 0.035431
22143 0.033201
22144 0.033642
22145 0.034097
22146 0.032348
22150 0.032867
22151 0.032368
22156 0.030950
22159 0.030660
22168 0.028402
22169 0.026166
22172 0.026254
22173 0.026422
22175 0.024310
22178 0.024736
22185 0.022157
22187 0.021546
22188 0.020457
22189 0.017742
22190 0.018379
22193 0.017016
22201 0.016287
22202 0.017311
22203 0.018063
22204 0.018002
22205 0.017705
22206 0.017563
22207 0.016555
22208 0.017089
22210 0.015975
22213 0.016309
22214 0.016217
22215 0.015969
22217 0.016450
22218 0.016226
22219 0.017529
22220 0.018374
22300 0.018576
22303 0.021061
22307 0.020450
22322 0.020573
22330 0.020560
22334 0.020838
22340 0.019647
22343 0.018875
22346 0.018461
22352 0.018988
22353 0.018155
22359 0.017974
22373 0.017413
22374 0.023326
22377 0.022858
22378 0.024547
22384 0.026912
22385 0.027229
22389 0.026611
22390 0.025840
22391 0.026229
22398 0.025639
22399 0.028655
22404 0.030269
22405 0.029613
22407 0.029750
22409 0.030747
22410 0.032457
22411 0.031818
22412 0.032680
22413 0.032175
22414 0.032600
22415 0.033194
22416 0.034860
22417 0.037267
22418 0.038470
22419 0.038351
22420 0.038889
22421 0.037642
22433 0.038612
22435 0.036467
22449 0.033053
22496 0.032776
22497 0.034050
22498 0.036150
22499 0.036061
22501 0.036705
22574 0.034394
22841 0.032308
22845 0.034430
22847 0.035299
22848 0.033615
22849 0.033526
22853 0.033989
22854 0.035442
22855 0.036970
22909 0.037538
22910 0.038242
22911 0.037500
22912 0.034830
22966 0.034518
22967 0.035578
22968 0.035162
22969 0.032443
22970 0.034548
22971 0.034816
23027 0.035234
23028 0.035246
23029 0.035248
23030 0.033371
23065 0.034455
23127 0.034160
23172 0.033664
23197 0.034732
23210 0.034998
23298 0.035202
23346 0.035935
23436 0.036050
23516 0.036262
23607 0.034933
23611 0.034506
23632 0.037526
23666 0.038639
23866 0.038419
23945 0.038537
23950 0.038547
24034 0.039390
24072 0.040756
24073 0.040766
24074 0.037574
24075 0.037837
24076 0.037390
24078 0.038728
24079 0.037903
24083 0.037527
24086 0.035898
24087 0.037260
24090 0.038037
24093 0.036042
24094 0.033742
24097 0.032911
24102 0.032871
24106 0.032736
24107 0.032618
24108 0.033005
24109 0.033160
24110 0.029873
24111 0.028797
24112 0.029110
24373 0.029524
24728 0.030334
24730 0.033301
24736 0.032800
24953 0.035429
