248 0.118489
330 0.113746
339 0.111774
354 0.112980
603 0.112777
642 0.108400
749 0.114023
758 0.111855
840 0.112458
923 0.113219
970 0.111870
971 0.109532
972 0.105992
973 0.103771
974 0.100112
975 0.098299
979 0.097385
981 0.094149
982 0.087649
985 0.081909
986 0.076790
987 0.067320
999 0.061051
1001 0.058031
1002 0.052155
1003 0.047488
1018 0.048760
1019 0.051074
1020 0.049441
1021 0.048478
1022 0.047688
1026 0.039995
1027 0.039626
1049 0.038211
1050 0.036696
1052 0.037028
1122 0.038728
1123 0.039842
1153 0.039784
1180 0.040517
1198 0.045845
1199 0.046319
1200 0.046900
1204 0.048444
1206 0.048272
1241 0.049397
1243 0.049575
1244 0.049582
1245 0.048994
1268 0.049388
1269 0.049905
1270 0.046341
1271 0.043167
1272 0.041993
1273 0.040979
1274 0.039836
1275 0.037452
1276 0.037169
1277 0.036195
1278 0.037669
1279 0.037308
1288 0.034631
1289 0.033397
1290 0.033224
1291 0.034509
1292 0.031050
1293 0.029150
1294 0.028003
1295 0.026194
1296 0.025430
1306 0.025168
1307 0.025059
1309 0.026041
1310 0.026782
1311 0.026684
1312 0.025908
1313 0.025566
1314 0.025282
1319 0.024632
1320 0.024490
1321 0.024407
1327 0.027115
1328 0.029420
1330 0.032145
1347 0.034806
1379 0.033516
1380 0.033631
1406 0.038866
1421 0.043581
1426 0.048596
1834 0.047405
2335 0.046825
2341 0.048126
2582 0.049422
2587 0.050051
2597 0.052141
2715 0.052181
3113 0.053287
3134 0.053642
3135 0.053734
3138 0.055619
3139 0.056271
3140 0.056944
3141 0.056824
3142 0.058371
3143 0.059365
3144 0.059389
3146 0.058381
3147 0.056363
3148 0.051937
3150 0.052110
3151 0.052241
3152 0.047613
3153 0.043654
3154 0.038464
3158 0.038127
3162 0.039452
3163 0.038585
3165 0.039692
3166 0.042491
3168 0.043726
3169 0.045725
3170 0.044264
3171 0.043531
3172 0.042858
3179 0.042053
3183 0.041439
3184 0.041147
3194 0.042069
3195 0.040852
3218 0.040225
3219 0.037760
3220 0.036858
3221 0.037015
3223 0.037284
3224 0.037329
3231 0.037471
3232 0.036928
3234 0.036293
3235 0.037066
3253 0.038362
3254 0.038194
3255 0.038095
3273 0.035748
3274 0.032557
3275 0.028343
3281 0.027097
3282 0.026097
3283 0.025842
3284 0.026595
3285 0.026165
3307 0.027229
3308 0.027288
3309 0.026145
3310 0.027784
3311 0.027770
3314 0.028052
3330 0.031021
3344 0.031311
3345 0.031380
3346 0.031409
3353 0.032288
3354 0.032328
3355 0.032478
3356 0.029813
3357 0.029331
3358 0.028755
3360 0.028481
3361 0.028869
3362 0.028900
3363 0.028664
3364 0.027448
3381 0.030143
3382 0.030051
3383 0.028730
3384 0.027947
3385 0.026585
3391 0.027779
3392 0.028547
3399 0.026468
3407 0.031610
3410 0.036415
3419 0.036202
3426 0.036096
3427 0.035836
3428 0.035796
3441 0.036218
3444 0.036398
3445 0.036134
3448 0.037311
3449 0.036924
3450 0.036496
3451 0.036152
3461 0.037031
3463 0.037507
3464 0.037902
3465 0.039331
3467 0.039166
3468 0.039250
3469 0.040210
3470 0.040727
3471 0.041084
3474 0.041024
3475 0.041073
3476 0.041737
3477 0.036486
3478 0.031243
3482 0.030490
3483 0.030142
3484 0.030111
3485 0.029547
3486 0.027704
3490 0.029102
3492 0.030458
3498 0.029909
3499 0.028891
3500 0.028242
3501 0.029807
3504 0.030039
3505 0.031586
3507 0.032810
3522 0.032234
3524 0.030009
3525 0.029844
3526 0.029186
3532 0.029890
3533 0.030051
3534 0.028669
3547 0.028738
3548 0.028417
3549 0.028148
3554 0.029826
3555 0.028346
3556 0.028733
3557 0.028881
3562 0.032236
3570 0.033405
3571 0.032177
3572 0.032110
3573 0.031422
3574 0.031764
3575 0.031934
3577 0.030769
3578 0.029246
3579 0.027622
3580 0.026273
3581 0.025580
3586 0.028127
3587 0.029785
3592 0.030113
3593 0.029041
3594 0.028610
3595 0.029846
3596 0.029457
3599 0.029554
3600 0.029495
3601 0.027606
3602 0.026610
3612 0.028292
3613 0.029897
3614 0.028354
3633 0.029045
3634 0.028390
3635 0.026947
3636 0.027160
3637 0.027145
3638 0.027381
3639 0.026785
3654 0.027828
3655 0.027089
3656 0.026632
3683 0.028943
3684 0.027019
3685 0.025712
3686 0.025591
3687 0.025569
3688 0.027959
3689 0.028387
3690 0.028747
3695 0.029215
3697 0.029531
3698 0.029782
3700 0.029981
3707 0.031670
3708 0.032364
3715 0.038883
4383 0.037593
4385 0.037706
4497 0.037945
4501 0.037558
4607 0.038665
4759 0.039226
4770 0.041539
4816 0.041543
4817 0.042588
4818 0.043415
4865 0.044079
4866 0.044021
4867 0.044109
4879 0.044973
4885 0.045243
4886 0.042844
4887 0.041009
4905 0.042599
4906 0.044150
4907 0.045328
4908 0.046167
4909 0.046639
4910 0.042536
4911 0.039974
4912 0.033621
4913 0.034701
4927 0.035189
4930 0.037149
4931 0.038059
4932 0.037363
4933 0.036826
4934 0.036139
4935 0.035872
4936 0.035291
4937 0.034575
4939 0.031368
4940 0.030296
4941 0.029473
4943 0.028441
4944 0.028211
4945 0.028218
4946 0.028057
4980 0.026185
4981 0.024296
4982 0.022996
4986 0.025272
4988 0.025099
4989 0.025020
5018 0.025591
5019 0.023906
5020 0.022409
5021 0.021728
5023 0.020892
5024 0.020990
5028 0.023327
5029 0.025120
5047 0.024738
5053 0.024009
5066 0.024538
5068 0.024941
5076 0.027652
5353 0.032701
5479 0.033880
5500 0.036133
5618 0.038102
5690 0.040140
5697 0.044287
5777 0.044631
5803 0.044679
5827 0.048564
5867 0.047929
6119 0.048319
6178 0.048590
6241 0.057373
6276 0.062163
6551 0.064172
6574 0.068636
6617 0.078267
6620 0.087957
6621 0.091256
6623 0.094851
6806 0.094200
6883 0.097733
