248 0.062396
330 0.049198
339 0.040842
354 0.034933
603 0.030829
642 0.027238
749 0.024447
758 0.021445
840 0.019358
923 0.018016
970 0.016600
971 0.014749
972 0.013402
973 0.012276
974 0.010979
975 0.009809
979 0.009070
981 0.008400
982 0.007698
985 0.007178
986 0.006793
987 0.006638
999 0.006560
1001 0.006117
1002 0.005912
1003 0.005740
1018 0.005550
1019 0.005182
1020 0.004933
1021 0.004792
1022 0.004666
1026 0.004708
1027 0.004501
1049 0.004403
1050 0.004093
1052 0.004044
1122 0.004070
1123 0.004023
1153 0.003927
1180 0.003871
1198 0.003990
1199 0.003804
1200 0.003618
1204 0.003507
1206 0.003337
1241 0.003222
1243 0.003120
1244 0.002951
1245 0.002848
1268 0.002831
1269 0.002772
1270 0.002700
1271 0.002653
1272 0.002591
1273 0.002512
1274 0.002441
1275 0.002242
1276 0.002087
1277 0.002015
1278 0.001975
1279 0.001911
1288 0.001806
1289 0.001723
1290 0.001665
1291 0.001617
1292 0.001428
1293 0.001387
1294 0.001394
1295 0.001360
1296 0.001345
1306 0.001308
1307 0.001291
1309 0.001276
1310 0.001268
1311 0.001195
1312 0.001187
1313 0.001173
1314 0.001154
1319 0.001159
1320 0.001153
1321 0.001145
1327 0.001164
1328 0.001166
1330 0.001157
1347 0.001182
1379 0.001188
1380 0.001163
1406 0.001179
1421 0.001226
1426 0.001307
1834 0.001268
2335 0.001235
2341 0.001237
2582 0.001227
2587 0.001199
2597 0.001193
2715 0.001182
3113 0.001183
3134 0.001189
3135 0.001174
3138 0.001146
3139 0.001150
3140 0.001147
3141 0.001113
3142 0.001087
3143 0.001070
3144 0.001045
3146 0.001049
3147 0.001055
3148 0.001021
3150 0.001003
3151 0.000998
3152 0.000967
3153 0.000911
3154 0.000806
3158 0.000805
3162 0.000809
3163 0.000785
3165 0.000769
3166 0.000770
3168 0.000757
3169 0.000763
3170 0.000753
3171 0.000731
3172 0.000715
3179 0.000712
3183 0.000683
3184 0.000670
3194 0.000661
3195 0.000666
3218 0.000670
3219 0.000668
3220 0.000649
3221 0.000643
3223 0.000636
3224 0.000629
3231 0.000633
3232 0.000627
3234 0.000618
3235 0.000614
3253 0.000607
3254 0.000589
3255 0.000575
3273 0.000577
3274 0.000567
3275 0.000552
3281 0.000552
3282 0.000555
3283 0.000557
3284 0.000556
3285 0.000539
3307 0.000534
3308 0.000530
3309 0.000524
3310 0.000517
3311 0.000522
3314 0.000507
3330 0.000501
3344 0.000490
3345 0.000480
3346 0.000470
3353 0.000464
3354 0.000461
3355 0.000458
3356 0.000451
3357 0.000441
3358 0.000436
3360 0.000431
3361 0.000420
3362 0.000421
3363 0.000422
3364 0.000401
3381 0.000403
3382 0.000409
3383 0.000409
3384 0.000405
3385 0.000396
3391 0.000387
3392 0.000381
3399 0.000371
3407 0.000366
3410 0.000371
3419 0.000391
3426 0.000391
3427 0.000397
3428 0.000401
3441 0.000394
3444 0.000401
3445 0.000406
3448 0.000426
3449 0.000433
3450 0.000433
3451 0.000435
3461 0.000431
3463 0.000427
3464 0.000429
3465 0.000429
3467 0.000411
3468 0.000398
3469 0.000396
3470 0.000398
3471 0.000402
3474 0.000406
3475 0.000412
3476 0.000412
3477 0.000399
3478 0.000389
3482 0.000369
3483 0.000366
3484 0.000358
3485 0.000354
3486 0.000350
3490 0.000339
3492 0.000335
3498 0.000327
3499 0.000322
3500 0.000316
3501 0.000314
3504 0.000316
3505 0.000318
3507 0.000315
3522 0.000321
3524 0.000320
3525 0.000315
3526 0.000309
3532 0.000304
3533 0.000298
3534 0.000290
3547 0.000290
3548 0.000292
3549 0.000292
3554 0.000302
3555 0.000302
3556 0.000299
3557 0.000299
3562 0.000296
3570 0.000294
3571 0.000289
3572 0.000286
3573 0.000274
3574 0.000265
3575 0.000261
3577 0.000260
3578 0.000256
3579 0.000253
3580 0.000251
3581 0.000244
3586 0.000243
3587 0.000242
3592 0.000245
3593 0.000245
3594 0.000247
3595 0.000252
3596 0.000251
3599 0.000250
3600 0.000248
3601 0.000235
3602 0.000225
3612 0.000236
3613 0.000244
3614 0.000253
3633 0.000258
3634 0.000264
3635 0.000264
3636 0.000261
3637 0.000261
3638 0.000262
3639 0.000257
3654 0.000266
3655 0.000270
3656 0.000270
3683 0.000269
3684 0.000267
3685 0.000266
3686 0.000260
3687 0.000256
3688 0.000252
3689 0.000246
3690 0.000237
3695 0.000232
3697 0.000229
3698 0.000227
3700 0.000226
3707 0.000215
3708 0.000208
3715 0.000198
4383 0.000196
4385 0.000190
4497 0.000193
4501 0.000192
4607 0.000207
4759 0.000206
4770 0.000211
4816 0.000205
4817 0.000200
4818 0.000197
4865 0.000205
4866 0.000208
4867 0.000210
4879 0.000215
4885 0.000218
4886 0.000222
4887 0.000224
4905 0.000229
4906 0.000225
4907 0.000222
4908 0.000220
4909 0.000220
4910 0.000216
4911 0.000212
4912 0.000215
4913 0.000212
4927 0.000216
4930 0.000215
4931 0.000223
4932 0.000213
4933 0.000216
4934 0.000209
4935 0.000200
4936 0.000198
4937 0.000200
4939 0.000189
4940 0.000183
4941 0.000181
4943 0.000176
4944 0.000173
4945 0.000168
4946 0.000165
4980 0.000164
4981 0.000167
4982 0.000170
4986 0.000174
4988 0.000176
4989 0.000175
5018 0.000182
5019 0.000184
5020 0.000182
5021 0.000178
5023 0.000174
5024 0.000163
5028 0.000158
5029 0.000153
5047 0.000154
5053 0.000155
5066 0.000153
5068 0.000148
5076 0.000145
5353 0.000159
5479 0.000161
5500 0.000165
5618 0.000163
5690 0.000162
5697 0.000163
5777 0.000162
5803 0.000165
5827 0.000188
5867 0.000189
6119 0.000186
6178 0.000187
6241 0.000199
6276 0.000214
6551 0.000240
6574 0.000257
6617 0.000353
6620 0.000502
6621 0.000609
6623 0.000714
6806 0.000720
6883 0.000756
