497 0.105221
511 0.104457
514 0.101494
517 0.098993
520 0.097058
523 0.093625
527 0.090600
529 0.089337
568 0.085905
572 0.082340
623 0.082569
698 0.081022
922 0.081496
927 0.084928
960 0.085322
978 0.085906
998 0.085745
1009 0.083935
1012 0.085703
1997 0.085003
2030 0.083261
2363 0.081228
2476 0.080625
2486 0.080260
2497 0.080733
3237 0.079238
3553 0.078509
3782 0.078093
4229 0.079564
4599 0.080514
4719 0.080313
4724 0.080583
4736 0.080930
4768 0.083930
4797 0.085036
4827 0.083852
4838 0.084027
4853 0.081272
4856 0.079013
4926 0.076098
4961 0.075000
4970 0.075352
5052 0.077557
5116 0.073753
5190 0.076323
5193 0.077176
5196 0.078231
5558 0.079377
5572 0.079338
5643 0.077429
5732 0.080714
5779 0.085197
5825 0.086941
5990 0.084714
6040 0.084030
6172 0.087919
6265 0.086731
6273 0.085597
6283 0.085976
6324 0.087199
6327 0.088744
6349 0.089418
6352 0.091336
6362 0.092543
6367 0.093761
6372 0.094671
6375 0.093595
6389 0.091269
6395 0.089868
6398 0.088102
6409 0.085123
6419 0.084017
6425 0.085607
6439 0.085460
6451 0.085285
6459 0.084067
6464 0.078100
6467 0.077348
6490 0.078195
6499 0.077959
6507 0.075036
6509 0.077898
6515 0.079643
6521 0.076905
6525 0.075487
6530 0.073880
6533 0.073199
6539 0.072335
6561 0.069879
6569 0.069796
6579 0.068781
6800 0.070341
6869 0.070474
6877 0.070401
6921 0.069410
6931 0.070740
6940 0.072510
6943 0.071620
6945 0.072122
6951 0.075107
6979 0.075148
6993 0.075749
