497 0.330450
511 0.351635
514 0.334470
517 0.337158
520 0.319616
523 0.316329
527 0.298954
529 0.335042
568 0.326938
572 0.321819
623 0.319019
698 0.289193
922 0.280190
927 0.273282
960 0.270639
978 0.259796
998 0.234583
1009 0.234585
1012 0.234959
1997 0.235104
2030 0.261205
2363 0.260651
2476 0.245672
2486 0.246171
2497 0.267323
3237 0.254847
3553 0.223761
3782 0.238161
4229 0.262343
4599 0.264907
4719 0.257547
4724 0.245672
4736 0.216895
4768 0.221335
4797 0.216587
4827 0.235538
4838 0.250425
4853 0.251759
4856 0.249077
4926 0.250450
4961 0.257958
4970 0.260270
5052 0.265908
5116 0.266504
5190 0.267185
5193 0.238416
5196 0.239768
5558 0.240665
5572 0.241754
5643 0.215951
5732 0.215561
5779 0.216117
5825 0.215519
5990 0.191805
6040 0.189489
6172 0.190906
6265 0.189927
6273 0.184691
6283 0.187425
6324 0.189859
6327 0.174355
6349 0.182914
6352 0.194226
6362 0.196957
6367 0.197977
6372 0.206051
6375 0.205783
6389 0.201925
6395 0.204905
6398 0.216279
6409 0.223479
6419 0.230616
6425 0.238959
6439 0.243576
6451 0.254568
6459 0.256308
6464 0.261487
6467 0.239758
6490 0.253802
6499 0.258949
6507 0.270204
6509 0.272699
6515 0.283206
6521 0.282902
6525 0.290569
6530 0.293903
6533 0.274703
6539 0.258980
6561 0.256083
6569 0.254842
6579 0.240077
6800 0.239217
6869 0.237720
6877 0.229144
6921 0.213636
6931 0.202426
6940 0.191038
6943 0.179100
6945 0.171480
6951 0.155809
6979 0.151652
6993 0.142644
