204 0.100198
206 0.096616
217 0.095604
218 0.095774
223 0.090510
224 0.087551
289 0.084661
373 0.081371
400 0.078136
401 0.077231
409 0.075493
410 0.073001
413 0.071369
415 0.068451
439 0.065944
441 0.066062
471 0.063886
472 0.060807
489 0.060514
490 0.060725
491 0.061803
494 0.062413
495 0.062279
518 0.058487
535 0.050703
536 0.050520
662 0.050542
666 0.048092
695 0.046141
705 0.057274
815 0.059800
846 0.060319
862 0.064565
976 0.068683
1261 0.070157
1366 0.072557
1383 0.072891
1409 0.074716
1464 0.075591
1565 0.076631
1591 0.079762
1595 0.091822
1726 0.095547
1972 0.092890
2188 0.096887
2199 0.095782
2320 0.103058
2333 0.103023
2356 0.103652
2377 0.104756
2550 0.108980
2629 0.111207
2701 0.112960
2719 0.112285
2721 0.101489
2725 0.099096
2766 0.097031
2768 0.092398
2769 0.088758
2772 0.089163
2773 0.088643
2775 0.090687
2776 0.092789
2787 0.092251
2789 0.092801
2792 0.094311
2793 0.084232
2802 0.083608
2803 0.084571
2804 0.079949
2805 0.081100
2806 0.073515
2807 0.076481
2855 0.077121
3034 0.075787
3046 0.071815
3265 0.075415
3396 0.074510
3436 0.079819
3646 0.080026
3649 0.078733
3663 0.081951
3796 0.083004
3797 0.082835
3798 0.080292
3799 0.078838
3801 0.079043
3805 0.077317
3812 0.079529
3813 0.079012
3846 0.073251
3847 0.068623
3848 0.065847
3850 0.064247
3856 0.064562
3857 0.062790
3858 0.060228
3859 0.056798
3860 0.056908
3861 0.060484
3863 0.066854
3867 0.064013
3875 0.066848
4266 0.062376
4505 0.068646
4541 0.072515
4566 0.071280
4631 0.074033
4781 0.075353
4831 0.077699
4915 0.084411
5077 0.085652
5122 0.083050
5130 0.084347
5155 0.085189
5178 0.087206
5185 0.088922
5194 0.091693
5205 0.093733
5207 0.092948
5209 0.092858
5210 0.094140
5215 0.094608
5216 0.093886
5219 0.090183
5220 0.082282
5221 0.078693
5224 0.075112
5227 0.074049
5228 0.066443
5229 0.063092
5237 0.069738
5238 0.069991
5239 0.070470
5241 0.070117
5242 0.063390
5247 0.060978
5248 0.062248
5249 0.059482
5264 0.058330
5275 0.059512
5307 0.059232
5308 0.055805
5310 0.053593
5313 0.053303
5314 0.052878
5315 0.051458
5331 0.050457
5333 0.050330
5336 0.049160
5337 0.049750
5338 0.049819
5358 0.050086
5359 0.050385
5360 0.051646
5370 0.050997
5371 0.042130
5372 0.038350
5373 0.037009
5385 0.035687
5388 0.038674
5392 0.037978
5398 0.041953
5412 0.045347
5415 0.045817
5465 0.045598
5468 0.047525
5530 0.048617
5542 0.052558
5591 0.053027
5647 0.054843
5662 0.059300
5705 0.059896
5884 0.059977
6006 0.061009
6108 0.061762
6140 0.062458
6231 0.063492
6308 0.064958
6321 0.065092
6363 0.065315
6364 0.067652
6365 0.070320
6368 0.071063
6369 0.072222
6370 0.070412
6377 0.070739
6378 0.067095
6383 0.063653
6386 0.064035
6387 0.063562
6433 0.065296
6434 0.066539
6446 0.063730
6447 0.063520
6531 0.066030
6534 0.063683
6663 0.065097
6699 0.067114
6710 0.067600
6729 0.069664
6741 0.072035
6746 0.073252
6753 0.073323
6755 0.074143
6757 0.075266
6758 0.076182
6759 0.076840
6761 0.078744
6773 0.077874
6774 0.076119
6775 0.075321
6776 0.075913
6787 0.075747
6790 0.074069
6791 0.072556
6794 0.068673
6797 0.066291
6798 0.065057
6811 0.066377
6819 0.064287
6820 0.063444
6821 0.062089
6822 0.060206
6823 0.060435
6850 0.057644
6851 0.054275
6852 0.051194
6922 0.049620
6923 0.048254
6927 0.048551
6928 0.045948
6929 0.042898
6937 0.041532
6938 0.042271
6941 0.042952
6952 0.043226
6953 0.041310
6954 0.040725
6958 0.042773
6959 0.043989
6960 0.045453
6961 0.047193
6971 0.047358
6972 0.044671
6973 0.042564
6974 0.042302
6975 0.043903
6991 0.042672
6994 0.041556
6995 0.041882
6998 0.041775
6999 0.042555
