204 0.070400
206 0.055018
217 0.045484
218 0.038703
223 0.032889
224 0.028711
289 0.024368
373 0.021387
400 0.019461
401 0.017629
409 0.016389
410 0.015477
413 0.014404
415 0.013292
439 0.012228
441 0.011312
471 0.010339
472 0.009643
489 0.009408
490 0.009238
491 0.009051
494 0.008573
495 0.008071
518 0.007778
535 0.007757
536 0.007732
662 0.007586
666 0.007322
695 0.007066
705 0.006756
815 0.006442
846 0.006280
862 0.005918
976 0.005800
1261 0.005656
1366 0.005519
1383 0.005308
1409 0.005249
1464 0.005106
1565 0.005001
1591 0.004962
1595 0.005225
1726 0.005275
1972 0.005217
2188 0.004997
2199 0.004873
2320 0.004718
2333 0.004526
2356 0.004517
2377 0.004449
2550 0.004258
2629 0.004131
2701 0.004069
2719 0.003952
2721 0.003979
2725 0.003914
2766 0.003852
2768 0.003918
2769 0.003922
2772 0.003832
2773 0.003894
2775 0.004038
2776 0.004202
2787 0.004189
2789 0.004248
2792 0.004062
2793 0.003719
2802 0.003461
2803 0.003385
2804 0.003441
2805 0.003379
2806 0.003537
2807 0.003817
2855 0.003832
3034 0.003671
3046 0.003651
3265 0.003666
3396 0.003685
3436 0.003668
3646 0.003542
3649 0.003436
3663 0.003338
3796 0.003258
3797 0.003162
3798 0.003093
3799 0.003014
3801 0.002936
3805 0.002644
3812 0.002629
3813 0.002482
3846 0.002467
3847 0.002432
3848 0.002509
3850 0.002568
3856 0.002516
3857 0.002423
3858 0.002276
3859 0.002031
3860 0.002032
3861 0.002229
3863 0.002646
3867 0.002920
3875 0.002974
4266 0.002960
4505 0.002928
4541 0.002898
4566 0.002878
4631 0.002843
4781 0.002811
4831 0.002801
4915 0.002717
5077 0.002556
5122 0.002557
5130 0.002514
5155 0.002457
5178 0.002420
5185 0.002385
5194 0.002305
5205 0.002272
5207 0.002260
5209 0.002242
5210 0.002216
5215 0.002160
5216 0.002075
5219 0.001861
5220 0.001428
5221 0.001137
5224 0.001026
5227 0.000993
5228 0.001002
5229 0.001018
5237 0.001012
5238 0.001018
5239 0.001027
5241 0.001001
5242 0.001030
5247 0.001018
5248 0.000990
5249 0.001013
5264 0.001011
5275 0.001006
5307 0.000973
5308 0.000955
5310 0.000873
5313 0.000841
5314 0.000816
5315 0.000792
5331 0.000758
5333 0.000724
5336 0.000718
5337 0.000711
5338 0.000699
5358 0.000674
5359 0.000673
5360 0.000676
5370 0.000639
5371 0.000636
5372 0.000639
5373 0.000646
5385 0.000622
5388 0.000581
5392 0.000580
5398 0.000575
5412 0.000556
5415 0.000562
5465 0.000631
5468 0.000674
5530 0.000675
5542 0.000667
5591 0.000680
5647 0.000671
5662 0.000653
5705 0.000641
5884 0.000616
6006 0.000606
6108 0.000595
6140 0.000567
6231 0.000567
6308 0.000555
6321 0.000542
6363 0.000556
6364 0.000580
6365 0.000621
6368 0.000612
6369 0.000647
6370 0.000714
6377 0.000750
6378 0.000797
6383 0.000838
6386 0.000841
6387 0.000769
6433 0.000728
6434 0.000724
6446 0.000737
6447 0.000735
6531 0.000765
6534 0.000770
6663 0.000837
6699 0.000848
6710 0.000876
6729 0.000883
6741 0.000887
6746 0.000886
6753 0.000906
6755 0.000920
6757 0.000919
6758 0.000905
6759 0.000874
6761 0.000881
6773 0.000851
6774 0.000803
6775 0.000803
6776 0.000816
6787 0.000783
6790 0.000797
6791 0.000821
6794 0.000878
6797 0.000897
6798 0.000919
6811 0.000918
6819 0.000899
6820 0.000911
6821 0.000878
6822 0.000920
6823 0.000971
6850 0.000975
6851 0.000996
6852 0.001029
6922 0.001029
6923 0.001044
6927 0.001042
6928 0.001045
6929 0.001059
6937 0.001061
6938 0.001105
6941 0.001129
6952 0.001099
6953 0.001046
6954 0.001058
6958 0.001045
6959 0.001023
6960 0.001005
6961 0.001043
6971 0.001013
6972 0.001018
6973 0.001046
6974 0.001103
6975 0.001203
6991 0.001183
6994 0.001132
6995 0.001166
6998 0.001181
6999 0.001210
