291 0.089483
292 0.082295
320 0.077620
322 0.072997
323 0.067314
326 0.067216
327 0.065938
328 0.058030
329 0.056950
335 0.055469
336 0.052567
337 0.048218
338 0.042271
340 0.037772
341 0.036388
342 0.034935
347 0.034079
348 0.032638
349 0.031113
350 0.029874
351 0.028036
378 0.029912
380 0.030626
384 0.031240
385 0.030556
386 0.030099
387 0.029819
388 0.031411
389 0.032578
390 0.033361
396 0.032913
436 0.033991
681 0.033622
682 0.032612
688 0.034226
760 0.033936
783 0.035512
843 0.037424
849 0.039334
854 0.041662
1000 0.042955
1067 0.043838
1287 0.047169
1363 0.048758
1427 0.054920
1428 0.057498
1429 0.055603
1430 0.055285
1431 0.055651
1432 0.056831
1451 0.058168
1452 0.059432
1453 0.057619
1454 0.056711
1455 0.056989
1460 0.054400
1461 0.052446
1463 0.051934
1465 0.053471
1466 0.052562
1467 0.053381
1468 0.050719
1469 0.047876
1470 0.045438
1471 0.042990
1480 0.041835
1481 0.041141
1482 0.038263
1483 0.037065
1484 0.031836
1500 0.030118
1520 0.029298
1522 0.027983
1523 0.026131
1527 0.024844
1528 0.023766
1530 0.023069
1531 0.022401
1539 0.022708
1540 0.021374
1541 0.021919
1542 0.021825
1556 0.022373
1557 0.020827
1558 0.019855
1571 0.019957
1575 0.019509
1576 0.019632
1578 0.019589
1617 0.019012
1621 0.020451
1622 0.021395
1623 0.022668
1624 0.023580
1630 0.023346
1632 0.023018
1634 0.023142
1636 0.023427
1637 0.023481
1642 0.023930
1643 0.023963
1644 0.023542
1645 0.023444
1646 0.022730
1647 0.022521
1662 0.022047
1663 0.021588
1664 0.020583
1665 0.019773
1681 0.021336
1684 0.020858
1685 0.021015
1691 0.021086
1692 0.020841
1693 0.020996
1706 0.019800
1707 0.019015
1708 0.017859
1709 0.018095
1710 0.017563
1711 0.017153
1714 0.016668
1715 0.016636
1722 0.016934
1724 0.016821
1739 0.017054
1740 0.017027
1741 0.017182
1743 0.018676
1744 0.019976
1745 0.021634
1746 0.022871
1747 0.024371
1748 0.025522
1770 0.023361
1771 0.022551
1783 0.022015
1784 0.021349
1800 0.022149
1801 0.022289
1803 0.021479
1804 0.021573
1805 0.021183
1806 0.019900
1813 0.020047
1814 0.020125
1815 0.020016
1819 0.019986
1820 0.019555
1825 0.021677
1826 0.021850
1827 0.021942
1828 0.022018
1829 0.020479
1832 0.019765
1833 0.018947
1835 0.018329
1836 0.017259
1837 0.017110
1838 0.017089
1839 0.017048
1840 0.016958
1856 0.017279
1857 0.016784
1860 0.017000
1861 0.017148
1910 0.016804
1911 0.016975
1912 0.016986
1913 0.016885
1916 0.017262
1918 0.017579
1919 0.018070
1920 0.018784
1921 0.016799
1939 0.017235
1940 0.017581
1941 0.017770
1953 0.017891
1954 0.017413
1955 0.016777
2085 0.018006
2095 0.018687
2111 0.017726
2113 0.017571
2114 0.017420
2121 0.018151
2122 0.018235
2136 0.019211
2212 0.019041
2213 0.018861
2249 0.019174
2250 0.019362
2251 0.019459
2257 0.022154
2258 0.022767
2259 0.023294
2260 0.023351
2261 0.023044
2271 0.022270
2272 0.021118
2274 0.020411
2275 0.020357
2276 0.020402
2277 0.020321
2332 0.021563
2334 0.020626
2336 0.019930
2337 0.020189
2338 0.020584
2339 0.021008
2345 0.020647
2346 0.020437
2347 0.019240
2348 0.019033
2368 0.019759
2423 0.019282
2424 0.018888
2430 0.020150
2431 0.018249
2432 0.018372
2433 0.018693
2574 0.019303
2575 0.020314
2588 0.020997
2591 0.021658
2600 0.022216
2601 0.022268
2617 0.022501
2618 0.022944
2628 0.022011
2630 0.021723
2631 0.021729
2632 0.022579
2633 0.022980
2634 0.023179
2651 0.023129
2652 0.023222
2653 0.023301
2654 0.023315
2664 0.023239
2665 0.023425
2674 0.023680
2678 0.022301
2679 0.021456
2714 0.020379
2717 0.019436
2718 0.018147
2744 0.017656
2745 0.018061
2754 0.018181
2755 0.018153
2848 0.018650
2849 0.018160
2850 0.017556
2852 0.017066
2853 0.016473
2865 0.016668
2866 0.015971
2871 0.015274
2872 0.014750
2873 0.014370
2874 0.013947
2876 0.013734
2877 0.013553
2878 0.014085
2879 0.014506
2919 0.015014
2923 0.015764
2924 0.016232
2955 0.016869
2956 0.017308
2958 0.017661
2959 0.016901
2960 0.016072
2982 0.016727
3058 0.017603
3060 0.018253
3076 0.023476
3400 0.024330
3440 0.025087
3808 0.027524
3958 0.028042
4080 0.029593
4090 0.030542
5022 0.031753
5257 0.032034
5260 0.033075
5405 0.034277
5518 0.034782
5581 0.033983
5583 0.033543
5584 0.032979
5585 0.032313
5602 0.033512
5603 0.033906
5605 0.034262
5606 0.034665
5607 0.034986
5608 0.035293
5609 0.034365
5612 0.033037
5613 0.031393
5617 0.026765
5619 0.026634
5620 0.026622
5621 0.024242
5622 0.023467
5623 0.021722
5624 0.021536
5625 0.020895
5679 0.021828
5680 0.021717
5681 0.021107
5683 0.021111
5684 0.021021
5685 0.021273
5686 0.021473
5688 0.023010
5689 0.022484
5708 0.022040
5709 0.021334
5722 0.021267
5723 0.020969
5724 0.020718
5764 0.021476
5783 0.021802
5784 0.021876
5785 0.021175
5789 0.021401
5790 0.021122
5791 0.022121
5792 0.022554
5793 0.022952
5795 0.022499
5879 0.023602
5880 0.023191
5881 0.023203
5883 0.023219
5899 0.022950
5900 0.022408
5901 0.021558
5909 0.021249
5910 0.019672
5947 0.019193
5948 0.018587
5949 0.018296
5974 0.018144
5975 0.017836
5978 0.018268
5979 0.018099
5991 0.019876
5992 0.020757
5993 0.021409
5995 0.020997
5996 0.021226
5997 0.020648
5998 0.021275
6001 0.021729
6058 0.022187
6059 0.021310
6060 0.021181
6095 0.020457
6096 0.019976
6106 0.019776
6107 0.020376
6114 0.021223
6115 0.021188
6116 0.021171
6130 0.021068
6131 0.021435
6132 0.021696
6133 0.021233
6135 0.021535
6136 0.021096
6150 0.020780
6151 0.019176
6227 0.019121
6228 0.019010
6235 0.019008
6236 0.018713
6426 0.018904
6427 0.017997
6552 0.018221
6554 0.018295
6557 0.019156
6715 0.020061
6717 0.020968
6722 0.022570
6723 0.023662
6737 0.023337
6829 0.024141
6830 0.024261
6831 0.024567
6832 0.024244
6834 0.024034
6836 0.023800
