291 0.027214
292 0.021718
320 0.017858
322 0.014553
323 0.012133
326 0.010709
327 0.009797
328 0.009053
329 0.008058
335 0.007346
336 0.006786
337 0.006390
338 0.006074
340 0.005815
341 0.005387
342 0.004997
347 0.004694
348 0.004471
349 0.004292
350 0.004131
351 0.003942
378 0.003818
380 0.003567
384 0.003449
385 0.003261
386 0.003107
387 0.002986
388 0.002853
389 0.002763
390 0.002683
396 0.002505
436 0.002396
681 0.002321
682 0.002256
688 0.002226
760 0.002160
783 0.002145
843 0.002090
849 0.002081
854 0.002092
1000 0.002042
1067 0.001967
1287 0.001929
1363 0.001927
1427 0.001947
1428 0.001939
1429 0.001888
1430 0.001870
1431 0.001790
1432 0.001722
1451 0.001682
1452 0.001652
1453 0.001620
1454 0.001589
1455 0.001569
1460 0.001534
1461 0.001462
1463 0.001404
1465 0.001383
1466 0.001294
1467 0.001273
1468 0.001226
1469 0.001202
1470 0.001120
1471 0.001025
1480 0.001015
1481 0.000989
1482 0.000954
1483 0.000897
1484 0.000820
1500 0.000778
1520 0.000761
1522 0.000749
1523 0.000741
1527 0.000739
1528 0.000726
1530 0.000731
1531 0.000726
1539 0.000735
1540 0.000741
1541 0.000737
1542 0.000730
1556 0.000739
1557 0.000730
1558 0.000717
1571 0.000717
1575 0.000707
1576 0.000688
1578 0.000671
1617 0.000671
1621 0.000657
1622 0.000644
1623 0.000629
1624 0.000613
1630 0.000606
1632 0.000591
1634 0.000572
1636 0.000560
1637 0.000552
1642 0.000549
1643 0.000541
1644 0.000514
1645 0.000496
1646 0.000468
1647 0.000448
1662 0.000437
1663 0.000429
1664 0.000409
1665 0.000392
1681 0.000393
1684 0.000375
1685 0.000365
1691 0.000368
1692 0.000364
1693 0.000349
1706 0.000333
1707 0.000324
1708 0.000322
1709 0.000326
1710 0.000326
1711 0.000323
1714 0.000328
1715 0.000327
1722 0.000336
1724 0.000331
1739 0.000332
1740 0.000333
1741 0.000330
1743 0.000333
1744 0.000335
1745 0.000332
1746 0.000329
1747 0.000326
1748 0.000323
1770 0.000314
1771 0.000306
1783 0.000311
1784 0.000302
1800 0.000307
1801 0.000310
1803 0.000308
1804 0.000309
1805 0.000311
1806 0.000305
1813 0.000301
1814 0.000298
1815 0.000289
1819 0.000294
1820 0.000284
1825 0.000283
1826 0.000281
1827 0.000278
1828 0.000276
1829 0.000267
1832 0.000270
1833 0.000270
1835 0.000269
1836 0.000267
1837 0.000270
1838 0.000268
1839 0.000269
1840 0.000259
1856 0.000257
1857 0.000244
1860 0.000241
1861 0.000239
1910 0.000238
1911 0.000232
1912 0.000229
1913 0.000222
1916 0.000227
1918 0.000228
1919 0.000220
1920 0.000216
1921 0.000209
1939 0.000211
1940 0.000210
1941 0.000209
1953 0.000210
1954 0.000200
1955 0.000197
2085 0.000198
2095 0.000196
2111 0.000198
2113 0.000192
2114 0.000189
2121 0.000188
2122 0.000185
2136 0.000183
2212 0.000178
2213 0.000173
2249 0.000167
2250 0.000165
2251 0.000164
2257 0.000182
2258 0.000178
2259 0.000176
2260 0.000175
2261 0.000175
2271 0.000176
2272 0.000168
2274 0.000166
2275 0.000167
2276 0.000166
2277 0.000164
2332 0.000168
2334 0.000166
2336 0.000167
2337 0.000160
2338 0.000159
2339 0.000160
2345 0.000161
2346 0.000160
2347 0.000158
2348 0.000157
2368 0.000158
2423 0.000158
2424 0.000159
2430 0.000163
2431 0.000147
2432 0.000143
2433 0.000140
2574 0.000154
2575 0.000152
2588 0.000150
2591 0.000148
2600 0.000148
2601 0.000145
2617 0.000145
2618 0.000144
2628 0.000139
2630 0.000136
2631 0.000135
2632 0.000136
2633 0.000135
2634 0.000135
2651 0.000134
2652 0.000135
2653 0.000135
2654 0.000136
2664 0.000135
2665 0.000132
2674 0.000132
2678 0.000130
2679 0.000127
2714 0.000128
2717 0.000127
2718 0.000110
2744 0.000110
2745 0.000110
2754 0.000110
2755 0.000109
2848 0.000110
2849 0.000109
2850 0.000109
2852 0.000107
2853 0.000105
2865 0.000104
2866 0.000101
2871 0.000101
2872 0.000101
2873 0.000099
2874 0.000097
2876 0.000096
2877 0.000095
2878 0.000093
2879 0.000094
2919 0.000092
2923 0.000092
2924 0.000092
2955 0.000092
2956 0.000092
2958 0.000091
2959 0.000089
2960 0.000088
2982 0.000094
3058 0.000095
3060 0.000096
3076 0.000094
3400 0.000094
3440 0.000096
3808 0.000099
3958 0.000101
4080 0.000106
4090 0.000109
5022 0.000112
5257 0.000113
5260 0.000116
5405 0.000119
5518 0.000119
5581 0.000161
5583 0.000162
5584 0.000161
5585 0.000157
5602 0.000157
5603 0.000155
5605 0.000157
5606 0.000158
5607 0.000158
5608 0.000158
5609 0.000151
5612 0.000149
5613 0.000147
5617 0.000148
5619 0.000147
5620 0.000145
5621 0.000143
5622 0.000141
5623 0.000135
5624 0.000129
5625 0.000125
5679 0.000134
5680 0.000132
5681 0.000130
5683 0.000130
5684 0.000088
5685 0.000086
5686 0.000085
5688 0.000088
5689 0.000086
5708 0.000087
5709 0.000084
5722 0.000083
5723 0.000083
5724 0.000082
5764 0.000093
5783 0.000094
5784 0.000094
5785 0.000092
5789 0.000092
5790 0.000093
5791 0.000091
5792 0.000090
5793 0.000090
5795 0.000090
5879 0.000091
5880 0.000081
5881 0.000079
5883 0.000078
5899 0.000079
5900 0.000079
5901 0.000079
5909 0.000085
5910 0.000082
5947 0.000085
5948 0.000084
5949 0.000082
5974 0.000087
5975 0.000088
5978 0.000088
5979 0.000077
5991 0.000078
5992 0.000079
5993 0.000080
5995 0.000079
5996 0.000078
5997 0.000078
5998 0.000080
6001 0.000083
6058 0.000084
6059 0.000083
6060 0.000081
6095 0.000083
6096 0.000082
6106 0.000085
6107 0.000084
6114 0.000089
6115 0.000084
6116 0.000084
6130 0.000083
6131 0.000083
6132 0.000084
6133 0.000079
6135 0.000078
6136 0.000078
6150 0.000080
6151 0.000077
6227 0.000074
6228 0.000073
6235 0.000073
6236 0.000072
6426 0.000073
6427 0.000072
6552 0.000072
6554 0.000072
6557 0.000071
6715 0.000081
6717 0.000078
6722 0.000080
6723 0.000076
6737 0.000076
6829 0.000072
6830 0.000073
6831 0.000072
6832 0.000069
6834 0.000067
6836 0.000066
