671 0.089779
672 0.083179
673 0.073168
675 0.067981
676 0.063777
677 0.059606
678 0.056141
683 0.055623
684 0.054025
685 0.052641
686 0.051453
691 0.050417
692 0.046921
693 0.043607
694 0.039812
711 0.036279
712 0.033357
713 0.031202
714 0.029612
716 0.033832
1037 0.038627
1203 0.042640
1205 0.043189
1242 0.043911
1331 0.046453
1553 0.050036
1635 0.049959
2957 0.050093
3930 0.051443
3980 0.055104
4019 0.059110
4091 0.060893
4106 0.063633
4181 0.065046
4183 0.066529
4192 0.067090
4236 0.070245
4269 0.070501
4272 0.071019
4278 0.073558
4279 0.074144
4283 0.074647
4284 0.075800
4285 0.079166
4288 0.074596
4289 0.072178
4291 0.068620
4294 0.067577
4295 0.066577
4296 0.065090
4303 0.063405
4304 0.062044
4306 0.061012
4307 0.060505
4312 0.066617
4313 0.066557
4314 0.065631
4315 0.061216
4317 0.058664
4333 0.060514
4335 0.062195
4337 0.059451
4338 0.058515
4341 0.057813
4356 0.061484
4360 0.061805
4361 0.062751
4375 0.067383
4376 0.066136
4539 0.065278
4564 0.063857
4587 0.063358
4635 0.066958
4699 0.070791
4742 0.071047
4823 0.069327
4824 0.070345
4828 0.073321
4833 0.073341
4835 0.063979
4836 0.061772
4839 0.062738
4842 0.063147
4843 0.064906
4844 0.063314
4847 0.063828
4849 0.065596
4850 0.066111
4851 0.066220
4857 0.062465
4858 0.062088
4859 0.061833
4862 0.060083
4871 0.061383
4922 0.062216
4923 0.061744
4951 0.060777
4953 0.056748
4955 0.052953
4956 0.052415
4958 0.054659
4959 0.057228
4962 0.054966
4964 0.054567
4965 0.053900
4966 0.052908
4967 0.053673
5186 0.053884
5187 0.052252
5188 0.050471
5191 0.049025
5197 0.047314
5198 0.047267
5199 0.047675
5201 0.045197
5202 0.044330
5203 0.043085
5204 0.039197
5332 0.041886
5340 0.046549
5343 0.050895
5495 0.061267
5682 0.074029
5711 0.079484
5729 0.080395
5838 0.080456
5852 0.078941
5866 0.087313
5934 0.089594
5994 0.094277
6046 0.095461
6047 0.095189
6048 0.096832
6064 0.098309
6077 0.102451
6168 0.101254
6237 0.101907
6238 0.104991
6248 0.106826
6249 0.108730
6250 0.110356
6252 0.111979
6254 0.112194
6255 0.107519
6258 0.104084
6259 0.099852
6262 0.092182
6263 0.081092
6268 0.079260
6269 0.079024
6270 0.077708
6274 0.077070
6284 0.071529
6287 0.073724
6289 0.073283
6291 0.074824
6313 0.073123
6314 0.070631
6315 0.069564
6316 0.065994
6317 0.068457
6322 0.067101
6325 0.066372
6334 0.067464
6335 0.067007
6336 0.065094
6337 0.063556
6338 0.064648
6339 0.065415
6341 0.065830
6342 0.068253
6343 0.068549
6344 0.071490
6345 0.069337
6346 0.069238
6360 0.074015
6373 0.074095
6376 0.072497
6379 0.069105
6380 0.067653
6381 0.067423
6382 0.069219
6413 0.072268
6414 0.075057
6448 0.073719
6449 0.070743
6474 0.072770
6475 0.070913
6477 0.067478
6478 0.066440
6480 0.068070
6482 0.069939
6483 0.071827
6485 0.072862
6488 0.072506
6491 0.069609
6493 0.067133
6494 0.063478
6495 0.062717
6497 0.062385
6505 0.057850
6510 0.058416
6512 0.058151
6526 0.056275
6527 0.054094
6542 0.053144
6543 0.050900
6544 0.047768
6545 0.045217
6546 0.047184
6547 0.048596
6548 0.047857
6549 0.048494
6550 0.049611
6585 0.050998
6591 0.055879
6592 0.056760
6597 0.054884
6601 0.052494
6604 0.050797
6612 0.049396
6837 0.057648
6846 0.063360
6915 0.068707
6962 0.070203
6990 0.070672
