671 0.000104
672 0.000078
673 0.000056
675 0.000055
676 0.000054
677 0.000054
678 0.000054
683 0.000057
684 0.000054
685 0.000054
686 0.000054
691 0.000053
692 0.000053
693 0.000053
694 0.000050
711 0.000046
712 0.000046
713 0.000038
714 0.000033
716 0.000035
1037 0.000039
1203 0.000046
1205 0.000046
1242 0.000048
1331 0.000051
1553 0.000061
1635 0.000063
2957 0.019959
3930 0.031621
3980 0.040231
4019 0.047121
4091 0.051542
4106 0.055783
4181 0.058759
4183 0.061178
4192 0.063404
4236 0.065031
4269 0.066737
4272 0.067997
4278 0.069179
4279 0.070150
4283 0.070992
4284 0.071877
4285 0.072812
4288 0.073715
4289 0.074601
4291 0.075475
4294 0.076032
4295 0.076600
4296 0.077189
4303 0.077615
4304 0.078054
4306 0.058679
4307 0.047550
4312 0.039330
4313 0.032833
4314 0.028814
4315 0.024968
4317 0.022379
4333 0.020242
4335 0.018253
4337 0.016836
4338 0.015362
4341 0.014417
4356 0.013521
4360 0.012875
4361 0.012354
4375 0.011806
4376 0.011214
4539 0.010472
4564 0.009773
4587 0.009089
4635 0.008643
4699 0.008386
4742 0.008166
4823 0.007919
4824 0.007728
4828 0.007515
4833 0.007310
4835 0.007197
4836 0.007063
4839 0.007030
4842 0.007007
4843 0.007004
4844 0.007141
4847 0.007075
4849 0.007008
4850 0.006914
4851 0.006738
4857 0.006758
4858 0.006801
4859 0.006932
4862 0.007252
4871 0.007034
4922 0.007025
4923 0.007112
4951 0.007065
4953 0.007185
4955 0.007166
4956 0.007132
4958 0.007336
4959 0.007470
4962 0.007416
4964 0.007372
4965 0.007367
4966 0.007397
4967 0.007312
5186 0.007107
5187 0.006944
5188 0.006804
5191 0.006743
5197 0.006751
5198 0.006814
5199 0.006939
5201 0.006897
5202 0.006818
5203 0.006707
5204 0.006386
5332 0.006323
5340 0.006280
5343 0.006106
5495 0.006004
5682 0.005791
5711 0.005536
5729 0.005302
5838 0.004962
5852 0.004632
5866 0.004414
5934 0.004227
5994 0.003974
6046 0.003744
6047 0.003545
6048 0.003488
6064 0.003298
6077 0.003061
6168 0.003007
6237 0.002878
6238 0.002723
6248 0.002555
6249 0.002395
6250 0.002224
6252 0.002025
6254 0.001839
6255 0.001925
6258 0.001861
6259 0.001800
6262 0.001807
6263 0.001851
6268 0.001845
6269 0.001774
6270 0.001759
6274 0.001746
6284 0.001737
6287 0.001720
6289 0.001778
6291 0.001786
6313 0.001740
6314 0.001676
6315 0.001703
6316 0.001728
6317 0.001742
6322 0.001759
6325 0.001752
6334 0.001718
6335 0.001670
6336 0.001623
6337 0.001578
6338 0.001551
6339 0.001548
6341 0.001647
6342 0.001724
6343 0.001776
6344 0.001772
6345 0.001773
6346 0.001780
6360 0.001759
6373 0.001798
6376 0.001826
6379 0.001862
6380 0.001930
6381 0.002032
6382 0.002172
6413 0.002176
6414 0.002181
6448 0.002160
6449 0.002152
6474 0.002147
6475 0.002147
6477 0.002140
6478 0.002149
6480 0.002164
6482 0.002152
6483 0.002072
6485 0.001941
6488 0.001823
6491 0.001752
6493 0.001726
6494 0.001754
6495 0.001794
6497 0.001804
6505 0.001804
6510 0.001767
6512 0.001797
6526 0.001710
6527 0.001600
6542 0.001459
6543 0.001310
6544 0.001302
6545 0.001299
6546 0.001337
6547 0.001371
6548 0.001434
6549 0.001501
6550 0.001552
6585 0.001527
6591 0.001451
6592 0.001376
6597 0.001357
6601 0.001370
6604 0.001354
6612 0.001342
6837 0.001265
6846 0.001191
6915 0.001125
6962 0.001120
6990 0.001125
