352 0.065428
353 0.061147
356 0.056635
357 0.052116
359 0.049362
360 0.047357
361 0.046125
362 0.043321
363 0.039349
370 0.038283
371 0.039240
372 0.038653
374 0.038976
375 0.038311
376 0.036501
377 0.035031
679 0.036448
687 0.037514
781 0.040567
1061 0.039350
1062 0.038387
1063 0.037573
1064 0.036978
1065 0.037955
1066 0.038414
1068 0.037559
1069 0.036893
1070 0.035798
1071 0.035031
1072 0.033823
1082 0.033750
1083 0.033692
1084 0.033636
1085 0.033578
1086 0.033232
1087 0.032797
1088 0.032337
1089 0.031146
1104 0.030239
1105 0.029468
1106 0.028823
1107 0.026363
1124 0.024396
1125 0.019958
1126 0.020076
1127 0.020180
1128 0.020272
1137 0.020530
1138 0.019302
1139 0.018381
1140 0.017267
1158 0.019101
1159 0.020515
1160 0.021608
1161 0.022456
1170 0.021783
1171 0.021283
1172 0.020919
1173 0.020653
1174 0.018762
1175 0.018460
1176 0.018307
1177 0.018246
1178 0.018130
1190 0.018189
1191 0.018233
1195 0.021626
1196 0.023698
1197 0.025402
1388 0.026622
1389 0.027534
1390 0.028213
1419 0.031775
1420 0.034418
1423 0.036919
1425 0.040579
2774 0.043237
3726 0.046373
4460 0.048531
5164 0.051267
5252 0.055582
5446 0.066422
5503 0.067764
6243 0.074552
6340 0.082094
6347 0.083993
6471 0.087375
6624 0.090065
6637 0.091750
6642 0.096239
6643 0.099856
6749 0.098800
