352 0.000058
353 0.000059
356 0.000062
357 0.000055
359 0.000050
360 0.000046
361 0.000042
362 0.000038
363 0.000035
370 0.000033
371 0.000031
372 0.000027
374 0.000025
375 0.000024
376 0.000024
377 0.000024
679 0.000020
687 0.000028
781 0.000029
1061 0.000029
1062 0.000029
1063 0.000028
1064 0.000025
1065 0.000023
1066 0.000023
1068 0.000023
1069 0.000021
1070 0.000018
1071 0.000016
1072 0.000015
1082 0.000015
1083 0.000018
1084 0.000019
1085 0.000020
1086 0.000023
1087 0.000023
1088 0.000023
1089 0.000023
1104 0.000027
1105 0.000027
1106 0.000026
1107 0.000026
1124 0.000018
1125 0.000017
1126 0.000018
1127 0.000018
1128 0.000018
1137 0.000028
1138 0.000028
1139 0.000028
1140 0.000028
1158 0.000028
1159 0.000030
1160 0.000031
1161 0.000032
1170 0.000033
1171 0.000031
1172 0.000029
1173 0.000028
1174 0.000024
1175 0.000026
1176 0.000026
1177 0.000027
1178 0.000023
1190 0.000027
1191 0.000027
1195 0.000027
1196 0.000028
1197 0.000027
1388 0.000031
1389 0.000031
1390 0.000031
1419 0.000026
1420 0.000031
1423 0.000033
1425 0.000035
2774 0.000035
3726 0.000034
4460 0.000036
5164 0.000040
5252 0.000038
5446 0.000040
5503 0.000040
6243 0.000040
6340 0.000041
6347 0.000044
6471 0.000043
6624 0.000042
6637 0.000044
6642 0.000040
6643 0.000040
6749 0.000040
