1395 0.064899
1396 0.060646
1397 0.057802
1398 0.055706
1410 0.054022
1411 0.052371
1433 0.048640
1434 0.046146
1435 0.044056
1437 0.042581
1438 0.041253
1439 0.040983
1440 0.039555
1442 0.038851
1503 0.038832
1504 0.039179
1505 0.038494
1524 0.035670
1525 0.032107
1563 0.028675
1564 0.028020
1567 0.028126
1568 0.027919
1569 0.027424
1671 0.025731
1672 0.023080
1673 0.021102
1675 0.019416
1712 0.018542
1713 0.018261
1752 0.019348
1753 0.019917
1754 0.019603
1755 0.019318
1756 0.019133
1757 0.018488
1781 0.017851
1782 0.017359
1790 0.017255
1791 0.016783
1792 0.016439
1794 0.016061
1795 0.015825
1798 0.015717
1799 0.015573
1816 0.015588
1817 0.015527
1818 0.015602
1841 0.017350
1847 0.017660
1848 0.018021
1849 0.018094
1862 0.018699
1863 0.018073
1864 0.017793
1971 0.016772
1973 0.016479
2050 0.017602
2072 0.017941
2321 0.020132
2322 0.020717
2323 0.021249
2324 0.021877
2325 0.021878
2326 0.021948
2327 0.022502
2328 0.023212
2329 0.023577
2330 0.023795
2349 0.024600
2351 0.025839
2352 0.026764
2374 0.026696
2375 0.024841
2385 0.024571
2386 0.024343
2413 0.024592
2414 0.024385
2415 0.024730
2489 0.024696
2490 0.024354
2491 0.024305
2492 0.022931
2494 0.022393
2516 0.021071
2529 0.020644
2530 0.020456
2553 0.019819
2558 0.019850
2559 0.020031
2592 0.020170
2593 0.020102
2594 0.020215
2604 0.019948
2605 0.019126
2620 0.019009
2621 0.018937
2727 0.019609
2728 0.020137
2732 0.020022
2733 0.019816
2734 0.019418
2735 0.018718
2736 0.018129
2757 0.018626
2758 0.018998
2759 0.019272
2816 0.019798
2817 0.020493
2818 0.020153
2843 0.021529
2844 0.022450
2845 0.023339
2861 0.023298
2862 0.023083
2863 0.022385
2920 0.022825
2921 0.023095
2922 0.023352
2946 0.024323
2947 0.023708
2948 0.023208
2950 0.023857
2951 0.023537
2952 0.023313
2953 0.023268
2968 0.024522
2969 0.025595
2971 0.026363
2972 0.025924
2973 0.025790
2974 0.025693
3084 0.025781
3092 0.025853
3097 0.026092
3098 0.025596
3099 0.025207
3100 0.024970
3101 0.024977
3102 0.025063
3208 0.026415
3209 0.026438
3210 0.026563
3215 0.027502
3225 0.026743
3227 0.026134
3229 0.025696
3230 0.024359
3243 0.025446
3244 0.026476
3245 0.027317
3246 0.026493
3257 0.026130
3258 0.026035
3259 0.026017
3266 0.027628
3267 0.028548
3268 0.028810
3277 0.029576
3278 0.029920
3301 0.029889
3303 0.030488
3369 0.030513
3370 0.030436
3412 0.030321
3413 0.028954
3414 0.027940
3417 0.027379
3487 0.026551
3488 0.026601
3495 0.027770
3496 0.028591
3515 0.028902
3516 0.027765
3519 0.027486
3520 0.027145
3558 0.026272
3560 0.025288
3563 0.025327
3564 0.025219
3565 0.023671
3566 0.022737
3582 0.021587
3584 0.019787
3585 0.018222
3616 0.017088
3617 0.015516
3623 0.015714
3628 0.016198
3694 0.017198
3742 0.018017
3744 0.018655
3745 0.020354
3746 0.021079
3748 0.022012
3790 0.022430
3792 0.022941
3908 0.023357
3909 0.023413
3910 0.022631
3911 0.022049
3934 0.023292
3935 0.024892
3936 0.025214
3954 0.026308
3955 0.027008
3956 0.027636
3957 0.028487
3986 0.030599
3987 0.031791
3988 0.032610
4006 0.033370
4007 0.032890
4021 0.032227
4022 0.031264
4023 0.030523
4024 0.031314
4025 0.030469
4033 0.030460
4034 0.030069
4035 0.028933
4052 0.027756
4054 0.027167
4060 0.027838
4062 0.028296
4086 0.028736
4087 0.027590
4088 0.026158
4108 0.025369
4109 0.024146
4115 0.023680
4116 0.023444
4117 0.023254
4133 0.021852
4141 0.021124
4184 0.020766
4185 0.020535
4186 0.020386
4187 0.020307
4277 0.020839
4359 0.021464
4366 0.020133
4367 0.019083
4368 0.018015
4373 0.018378
4374 0.019105
4377 0.019797
4378 0.020812
4379 0.020806
4380 0.021219
4407 0.021762
4408 0.022527
4409 0.023130
4474 0.024666
4475 0.025885
4477 0.025528
4478 0.025135
4479 0.024887
4495 0.024209
4543 0.024997
4658 0.024741
4678 0.024268
4679 0.023841
4680 0.023484
4682 0.022661
4683 0.021742
4684 0.021468
4711 0.022418
4712 0.023220
4716 0.023531
4717 0.023454
4731 0.022985
4732 0.022101
4741 0.023171
4743 0.023321
4744 0.022880
4745 0.022848
4746 0.022874
4778 0.022136
4779 0.021468
4780 0.021458
4821 0.021544
4919 0.021138
5097 0.021967
5099 0.021401
5103 0.022547
5121 0.023169
5123 0.024253
5152 0.024722
5153 0.025013
5180 0.026447
5181 0.027646
5240 0.028113
5287 0.028517
5288 0.028176
5289 0.028523
5290 0.029313
5397 0.029326
5478 0.028134
5482 0.027681
5485 0.028871
5496 0.028804
5497 0.028752
5510 0.028167
5511 0.027879
5512 0.028208
5513 0.028465
5515 0.028583
5516 0.027849
5559 0.028875
5560 0.028965
5614 0.029100
5701 0.028352
5703 0.028133
5744 0.028439
5745 0.027483
5746 0.026645
5753 0.026338
5755 0.025591
5765 0.026411
5766 0.026789
5800 0.026406
5802 0.026755
5809 0.025872
5810 0.025040
5813 0.023577
5814 0.023382
5815 0.023140
5836 0.022644
5837 0.022077
5846 0.022287
5847 0.021865
5848 0.022298
5849 0.022692
5857 0.021182
5858 0.019673
5859 0.018806
5862 0.019235
5863 0.019566
5874 0.019248
5875 0.019052
5876 0.018952
5902 0.019089
5903 0.019575
5904 0.018318
5911 0.017392
5912 0.016861
5913 0.016370
5914 0.018184
5916 0.019984
5917 0.020932
5968 0.021540
6025 0.021534
6026 0.021600
6027 0.021660
6062 0.021102
6063 0.021111
6076 0.020665
6078 0.020169
6091 0.020824
6092 0.021467
6093 0.021973
6094 0.021569
6148 0.021886
6149 0.022148
6175 0.022659
6177 0.023032
6182 0.022367
6183 0.021900
6193 0.021992
6194 0.021549
6288 0.023101
6290 0.024069
6293 0.022875
6294 0.021559
6296 0.020607
6726 0.021473
6727 0.022210
6728 0.023023
6730 0.023779
