1395 0.031680
1396 0.025828
1397 0.021673
1398 0.018453
1410 0.016105
1411 0.014337
1433 0.013096
1434 0.011968
1435 0.010835
1437 0.010022
1438 0.009189
1439 0.008704
1440 0.008084
1442 0.007541
1503 0.006954
1504 0.006491
1505 0.005999
1524 0.005728
1525 0.005403
1563 0.005137
1564 0.004975
1567 0.004765
1568 0.004494
1569 0.004282
1671 0.003978
1672 0.003749
1673 0.003550
1675 0.003367
1712 0.003177
1713 0.002926
1752 0.002713
1753 0.002679
1754 0.002553
1755 0.002449
1756 0.002351
1757 0.002264
1781 0.002190
1782 0.002130
1790 0.002075
1791 0.002049
1792 0.002020
1794 0.001994
1795 0.001978
1798 0.001939
1799 0.001908
1816 0.001842
1817 0.001758
1818 0.001693
1841 0.001652
1847 0.001618
1848 0.001558
1849 0.001514
1862 0.001477
1863 0.001486
1864 0.001470
1971 0.001443
1973 0.001403
2050 0.001399
2072 0.001373
2321 0.001354
2322 0.001358
2323 0.001351
2324 0.001330
2325 0.001311
2326 0.001274
2327 0.001242
2328 0.001209
2329 0.001179
2330 0.001149
2349 0.001111
2351 0.001107
2352 0.001088
2374 0.001083
2375 0.001069
2385 0.001054
2386 0.001040
2413 0.001025
2414 0.001010
2415 0.000967
2489 0.000961
2490 0.000949
2491 0.000920
2492 0.000872
2494 0.000854
2516 0.000848
2529 0.000814
2530 0.000785
2553 0.000763
2558 0.000746
2559 0.000725
2592 0.000703
2593 0.000695
2594 0.000689
2604 0.000686
2605 0.000684
2620 0.000688
2621 0.000686
2727 0.000687
2728 0.000686
2732 0.000675
2733 0.000667
2734 0.000667
2735 0.000667
2736 0.000667
2757 0.000648
2758 0.000636
2759 0.000628
2816 0.000665
2817 0.000664
2818 0.000646
2843 0.000633
2844 0.000632
2845 0.000629
2861 0.000625
2862 0.000619
2863 0.000619
2920 0.000604
2921 0.000592
2922 0.000582
2946 0.000579
2947 0.000565
2948 0.000557
2950 0.000532
2951 0.000517
2952 0.000514
2953 0.000507
2968 0.000490
2969 0.000469
2971 0.000452
2972 0.000436
2973 0.000430
2974 0.000430
3084 0.000384
3092 0.000375
3097 0.000366
3098 0.000359
3099 0.000348
3100 0.000339
3101 0.009736
3102 0.009731
3208 0.009749
3209 0.009763
3210 0.009774
3215 0.009779
3225 0.009776
3227 0.009768
3229 0.009760
3230 0.009757
3243 0.009759
3244 0.009759
3245 0.009760
3246 0.009766
3257 0.009779
3258 0.009786
3259 0.009790
3266 0.009797
3267 0.009798
3268 0.009802
3277 0.009801
3278 0.009800
3301 0.009807
3303 0.009813
3369 0.009823
3370 0.000416
3412 0.000415
3413 0.000395
3414 0.000383
3417 0.000372
3487 0.000363
3488 0.000363
3495 0.000356
3496 0.000348
3515 0.000347
3516 0.000340
3519 0.000336
3520 0.000331
3558 0.000324
3560 0.000313
3563 0.000305
3564 0.000304
3565 0.000296
3566 0.000288
3582 0.000280
3584 0.000278
3585 0.000276
3616 0.000270
3617 0.000264
3623 0.000258
3628 0.000257
3694 0.000254
3742 0.000249
3744 0.000243
3745 0.000245
3746 0.000254
3748 0.000254
3790 0.000260
3792 0.000264
3908 0.000262
3909 0.000267
3910 0.000265
3911 0.000265
3934 0.000268
3935 0.000273
3936 0.000278
3954 0.000277
3955 0.000276
3956 0.000273
3957 0.000271
3986 0.000271
3987 0.000273
3988 0.000271
4006 0.000268
4007 0.000264
4021 0.000263
4022 0.000264
4023 0.000264
4024 0.000269
4025 0.000269
4033 0.000257
4034 0.000250
4035 0.000244
4052 0.000241
4054 0.000238
4060 0.000231
4062 0.000227
4086 0.000225
4087 0.000221
4088 0.000212
4108 0.000210
4109 0.000207
4115 0.000206
4116 0.000210
4117 0.000214
4133 0.000214
4141 0.000211
4184 0.000208
4185 0.000207
4186 0.000205
4187 0.000198
4277 0.000201
4359 0.000204
4366 0.000201
4367 0.000193
4368 0.000192
4373 0.000194
4374 0.000199
4377 0.000201
4378 0.000204
4379 0.000206
4380 0.010379
4407 0.010764
4408 0.011015
4409 0.011175
4474 0.011275
4475 0.011338
4477 0.011381
4478 0.011401
4479 0.011413
4495 0.011423
4543 0.011436
4658 0.011443
4678 0.011449
4679 0.011449
4680 0.011448
4682 0.011444
4683 0.011440
4684 0.011438
4711 0.011446
4712 0.011450
4716 0.011447
4717 0.011448
4731 0.011442
4732 0.011436
4741 0.011446
4743 0.001281
4744 0.000899
4745 0.000648
4746 0.000488
4778 0.000384
4779 0.000318
4780 0.000272
4821 0.000244
4919 0.000229
5097 0.000217
5099 0.000206
5103 0.000207
5121 0.000201
5123 0.000208
5152 0.000212
5153 0.000213
5180 0.000216
5181 0.000217
5240 0.000213
5287 0.000213
5288 0.000213
5289 0.000208
5290 0.000211
5397 0.000212
5478 0.000200
5482 0.000187
5485 0.000179
5496 0.000175
5497 0.000172
5510 0.000176
5511 0.000178
5512 0.000180
5513 0.000181
5515 0.000180
5516 0.000179
5559 0.000183
5560 0.000179
5614 0.000178
5701 0.000170
5703 0.000165
5744 0.000162
5745 0.000157
5746 0.000154
5753 0.000148
5755 0.000147
5765 0.000145
5766 0.000145
5800 0.000148
5802 0.000148
5809 0.000147
5810 0.000149
5813 0.000151
5814 0.000150
5815 0.000150
5836 0.000144
5837 0.000143
5846 0.000172
5847 0.000174
5848 0.000173
5849 0.000172
5857 0.000164
5858 0.000158
5859 0.000157
5862 0.000155
5863 0.000154
5874 0.000152
5875 0.000153
5876 0.000153
5902 0.000152
5903 0.000148
5904 0.000146
5911 0.000143
5912 0.000141
5913 0.000140
5914 0.000141
5916 0.000142
5917 0.000143
5968 0.000142
6025 0.000144
6026 0.000144
6027 0.000142
6062 0.000111
6063 0.000105
6076 0.000104
6078 0.000104
6091 0.000103
6092 0.000102
6093 0.000102
6094 0.000101
6148 0.000101
6149 0.000103
6175 0.000103
6177 0.000103
6182 0.000103
6183 0.000104
6193 0.000106
6194 0.000107
6288 0.000112
6290 0.000115
6293 0.000116
6294 0.000116
6296 0.000116
6726 0.000118
6727 0.000123
6728 0.000127
6730 0.000130
