2128 0.080061
2173 0.074602
2174 0.069062
2175 0.063222
2182 0.058198
2204 0.052657
2205 0.050074
2206 0.046763
2208 0.041914
2209 0.038475
2238 0.035446
2239 0.032879
2278 0.032057
2279 0.030649
2284 0.030638
2285 0.030432
2286 0.031548
2287 0.031502
2297 0.030996
2298 0.029806
2299 0.029390
2300 0.028225
2301 0.027638
2302 0.027346
2319 0.026043
2411 0.025687
2412 0.025628
2450 0.026299
2503 0.026334
2504 0.024915
2506 0.025895
2576 0.030847
2859 0.033383
2936 0.033442
2943 0.033404
2961 0.036076
2962 0.037391
2964 0.038003
2967 0.042765
3136 0.050139
3286 0.049731
3320 0.049738
3589 0.049162
3780 0.051310
4037 0.051703
4120 0.052254
4209 0.053350
4420 0.055965
4470 0.058985
4619 0.059368
4620 0.059001
4621 0.058942
4622 0.057882
4626 0.059169
4627 0.060502
4628 0.062139
4629 0.059189
4630 0.057946
4632 0.057932
4633 0.057708
4651 0.056846
4652 0.057239
4653 0.057317
4654 0.053234
4656 0.049548
4657 0.053084
4672 0.051963
4673 0.051564
4674 0.049957
4822 0.050957
4870 0.051724
4872 0.050917
4873 0.048307
4874 0.045146
4875 0.045095
4877 0.045247
4878 0.045392
4888 0.045964
4889 0.044446
4890 0.043480
4891 0.041523
4892 0.040671
4895 0.041101
4896 0.041036
4897 0.041144
4898 0.039396
4899 0.037949
4900 0.038184
4902 0.038927
4903 0.035451
4904 0.032207
4918 0.031616
4920 0.031011
4952 0.032885
4983 0.032744
4984 0.031782
4990 0.031059
4991 0.030773
4992 0.030551
4994 0.030570
4995 0.033041
5002 0.034043
5007 0.035639
5009 0.036548
5011 0.036429
5013 0.036299
5014 0.035619
5025 0.033782
5026 0.032946
5030 0.034001
5031 0.034978
5032 0.035623
5033 0.034747
5034 0.033345
5039 0.033268
5040 0.033172
5041 0.033718
5044 0.034272
5057 0.032633
5058 0.032067
5059 0.031476
5060 0.031616
5061 0.031746
5089 0.032264
5090 0.032220
5091 0.029521
5092 0.028419
5098 0.026960
5100 0.026686
5101 0.026384
5104 0.026635
5105 0.026475
5106 0.026837
5108 0.028204
5109 0.027292
5119 0.027377
5120 0.027451
5124 0.026896
5125 0.026597
5138 0.025253
5139 0.024256
5140 0.023466
5151 0.024389
5158 0.024249
5159 0.024095
5160 0.023659
5165 0.024489
5166 0.025340
5167 0.025598
5168 0.026067
5172 0.026086
5173 0.026342
5174 0.025865
5175 0.024994
5235 0.024895
5253 0.024156
5254 0.024500
5268 0.025548
5269 0.025245
5276 0.025671
5277 0.024926
5279 0.025002
5280 0.025716
5483 0.027647
5484 0.028510
5486 0.029203
5494 0.031539
5505 0.031293
5506 0.030861
5508 0.030643
5514 0.032210
5520 0.031266
5521 0.030294
5522 0.029730
5529 0.029320
5531 0.029178
5532 0.028759
5533 0.028396
5534 0.028076
5546 0.027576
5548 0.027370
5549 0.027276
5550 0.026522
5552 0.026230
5553 0.025377
5555 0.024584
5556 0.023255
5561 0.022854
5562 0.021286
5563 0.020867
5564 0.020439
5565 0.018277
5747 0.018090
5749 0.018861
5750 0.020187
5751 0.020614
5752 0.022015
5893 0.022155
5894 0.022006
5895 0.021781
6196 0.022703
6197 0.022893
6198 0.023023
6234 0.023347
6303 0.024070
6305 0.024490
6306 0.023951
6307 0.023397
6309 0.022657
6311 0.022192
6555 0.029265
6675 0.030529
6676 0.029968
6677 0.029413
6720 0.029059
6721 0.028818
6733 0.033119
6734 0.032133
6735 0.031227
6736 0.029718
6738 0.032371
6828 0.033920
6843 0.034420
6867 0.036241
6891 0.036405
6892 0.035650
6893 0.035782
6898 0.035839
6899 0.035438
6900 0.034462
6902 0.034168
6903 0.034032
6904 0.033982
6981 0.036038
6982 0.036859
6983 0.030425
6984 0.029705
6985 0.029454
6986 0.029264
6987 0.028848
