2128 0.068229
2173 0.053151
2174 0.042121
2175 0.034266
2182 0.028780
2204 0.024664
2205 0.021400
2206 0.018764
2208 0.017019
2209 0.015671
2238 0.014523
2239 0.013527
2278 0.012472
2279 0.011596
2284 0.011072
2285 0.010433
2286 0.009693
2287 0.009149
2297 0.008659
2298 0.008266
2299 0.007932
2300 0.007496
2301 0.007117
2302 0.006787
2319 0.006549
2411 0.006397
2412 0.005995
2450 0.005848
2503 0.005776
2504 0.005546
2506 0.005372
2576 0.005189
2859 0.005078
2936 0.004807
2943 0.004598
2961 0.004431
2962 0.004365
2964 0.004275
2967 0.004203
3136 0.003909
3286 0.003771
3320 0.003731
3589 0.003664
3780 0.003492
4037 0.003396
4120 0.003405
4209 0.003428
4420 0.003415
4470 0.003467
4619 0.003408
4620 0.003290
4621 0.003214
4622 0.003084
4626 0.002986
4627 0.002925
4628 0.002869
4629 0.002857
4630 0.002787
4632 0.002716
4633 0.002659
4651 0.002640
4652 0.002551
4653 0.002501
4654 0.002444
4656 0.002533
4657 0.002555
4672 0.002457
4673 0.002404
4674 0.002380
4822 0.002352
4870 0.002272
4872 0.002223
4873 0.002207
4874 0.002122
4875 0.002108
4877 0.002110
4878 0.002102
4888 0.002085
4889 0.002027
4890 0.001995
4891 0.002008
4892 0.002029
4895 0.002080
4896 0.002143
4897 0.002171
4898 0.002160
4899 0.002162
4900 0.002186
4902 0.002205
4903 0.002113
4904 0.002040
4918 0.002033
4920 0.002035
4952 0.002121
4983 0.002101
4984 0.002086
4990 0.002036
4991 0.002005
4992 0.001975
4994 0.001946
4995 0.001919
5002 0.001886
5007 0.001880
5009 0.001868
5011 0.001832
5013 0.001781
5014 0.001722
5025 0.001636
5026 0.001544
5030 0.001469
5031 0.001410
5032 0.001348
5033 0.001272
5034 0.001204
5039 0.001176
5040 0.001137
5041 0.001109
5044 0.001080
5057 0.000950
5058 0.000924
5059 0.000893
5060 0.000878
5061 0.000848
5089 0.000833
5090 0.000821
5091 0.000798
5092 0.000795
5098 0.000795
5100 0.000821
5101 0.000839
5104 0.000868
5105 0.000884
5106 0.000889
5108 0.000870
5109 0.000865
5119 0.000864
5120 0.000869
5124 0.000898
5125 0.000912
5138 0.000881
5139 0.000868
5140 0.000858
5151 0.000858
5158 0.000854
5159 0.000851
5160 0.000843
5165 0.000843
5166 0.000841
5167 0.000828
5168 0.000813
5172 0.000802
5173 0.000795
5174 0.000769
5175 0.000725
5235 0.000719
5253 0.000674
5254 0.000644
5268 0.000621
5269 0.000615
5276 0.000633
5277 0.000637
5279 0.000624
5280 0.000588
5483 0.000581
5484 0.000577
5486 0.000560
5494 0.000559
5505 0.000548
5506 0.000549
5508 0.000545
5514 0.000558
5520 0.000540
5521 0.000532
5522 0.000525
5529 0.000519
5531 0.000524
5532 0.000521
5533 0.000520
5534 0.000519
5546 0.000495
5548 0.000488
5549 0.000485
5550 0.000484
5552 0.000480
5553 0.000454
5555 0.000445
5556 0.000448
5561 0.000458
5562 0.000448
5563 0.000440
5564 0.000437
5565 0.000422
5747 0.000410
5749 0.000405
5750 0.000400
5751 0.000376
5752 0.000370
5893 0.000371
5894 0.000373
5895 0.000373
6196 0.000374
6197 0.000369
6198 0.000362
6234 0.000362
6303 0.000359
6305 0.000359
6306 0.000357
6307 0.000354
6309 0.000358
6311 0.000362
6555 0.000348
6675 0.000347
6676 0.000336
6677 0.000328
6720 0.000331
6721 0.000332
6733 0.000328
6734 0.000322
6735 0.000320
6736 0.000320
6738 0.000317
6828 0.000321
6843 0.000312
6867 0.000314
6891 0.000312
6892 0.000302
6893 0.000297
6898 0.000299
6899 0.000294
6900 0.000287
6902 0.000284
6903 0.000281
6904 0.000280
6981 0.000288
6982 0.000290
6983 0.000297
6984 0.000293
6985 0.000291
6986 0.000290
6987 0.000280
