830 0.068050
831 0.063925
833 0.060028
834 0.055489
872 0.050489
873 0.047225
874 0.045349
875 0.042764
876 0.035180
877 0.033299
878 0.031327
900 0.029979
901 0.029978
902 0.029897
903 0.029506
904 0.027990
911 0.025524
912 0.023738
939 0.023151
940 0.021627
983 0.021464
984 0.021385
1044 0.020327
1045 0.019499
1132 0.018539
1218 0.017995
1344 0.018188
1358 0.018064
1375 0.018115
1412 0.018026
1413 0.018362
1497 0.019240
1498 0.020097
1499 0.020851
1535 0.023198
1536 0.024551
1559 0.024954
1561 0.025430
1562 0.025785
1615 0.026146
1616 0.026386
1620 0.027001
1627 0.027232
1648 0.027600
1649 0.026949
1650 0.025456
1679 0.024683
1694 0.023511
1695 0.022471
1697 0.022392
1698 0.022332
1699 0.021651
1718 0.021537
1719 0.021082
1720 0.020812
1721 0.020512
1762 0.019892
1763 0.018901
1764 0.018166
1766 0.016557
1767 0.015197
1768 0.014092
1769 0.013205
1772 0.013125
1773 0.012930
1774 0.012817
1786 0.013423
1787 0.013633
1788 0.012673
1789 0.012683
1810 0.013996
1811 0.014514
1846 0.015797
2311 0.015887
2312 0.015492
2353 0.016125
2354 0.016270
2358 0.017944
2394 0.018422
2477 0.020552
2499 0.025029
2528 0.025599
2949 0.026943
2976 0.029656
3003 0.030752
3321 0.032534
3371 0.032873
3376 0.034387
3615 0.035682
3785 0.036476
3950 0.039506
3951 0.039083
3952 0.038745
3953 0.038903
3979 0.040562
3981 0.040552
3982 0.040181
4018 0.039451
4020 0.039664
4032 0.041813
4048 0.041311
4049 0.041904
4051 0.040569
4055 0.040973
4056 0.039195
4057 0.035220
4058 0.034684
4059 0.033720
4075 0.032440
4077 0.031168
4078 0.029863
4079 0.029883
4105 0.029067
4107 0.027787
4118 0.026561
4119 0.023107
4129 0.023753
4130 0.024748
4131 0.025101
4132 0.024639
4138 0.024926
4139 0.024081
4140 0.023868
4182 0.024811
4188 0.024329
4189 0.024382
4190 0.023971
4191 0.023698
4193 0.022779
4194 0.022751
4195 0.022540
4202 0.023064
4203 0.023314
4245 0.023597
4246 0.024728
4249 0.024595
4250 0.024752
4251 0.024645
4256 0.024590
4257 0.024843
4258 0.025118
4259 0.023902
4262 0.023173
4263 0.022684
4264 0.021497
4326 0.020667
4327 0.021156
4328 0.021026
4329 0.019978
4348 0.019450
4349 0.020008
4387 0.020038
4388 0.020077
4389 0.020316
4397 0.020001
4398 0.019698
4417 0.019854
4418 0.019775
4419 0.018473
4450 0.018276
4463 0.018676
4522 0.020650
4523 0.021137
4532 0.021626
4533 0.022698
4553 0.023402
4554 0.024225
4555 0.024649
4556 0.024795
4663 0.026209
4664 0.026010
4675 0.025596
4713 0.025777
4725 0.028678
4726 0.028713
4727 0.027655
4728 0.027168
4776 0.028467
4777 0.029782
4782 0.030142
4783 0.031217
4798 0.031672
4799 0.031326
4800 0.031208
4801 0.030285
4810 0.031572
4811 0.029788
4819 0.030387
4820 0.030700
4829 0.034164
4832 0.035854
4841 0.038111
4861 0.048520
4963 0.052575
5012 0.051376
5504 0.051078
5743 0.051569
5860 0.051593
5892 0.049761
5964 0.050110
6496 0.053571
6756 0.056138
6788 0.055307
6844 0.055549
6980 0.057069
