830 0.056948
831 0.049165
833 0.033505
834 0.022698
872 0.018559
873 0.015800
874 0.013584
875 0.012004
876 0.010712
877 0.009819
878 0.008793
900 0.008106
901 0.007656
902 0.007107
903 0.006652
904 0.006349
911 0.005884
912 0.005489
939 0.005145
940 0.004872
983 0.004545
984 0.004307
1044 0.004146
1045 0.004000
1132 0.003899
1218 0.003731
1344 0.003616
1358 0.003538
1375 0.003418
1412 0.003333
1413 0.003192
1497 0.003073
1498 0.002981
1499 0.002889
1535 0.002827
1536 0.002807
1559 0.002637
1561 0.002509
1562 0.002409
1615 0.002320
1616 0.002246
1620 0.002143
1627 0.002074
1648 0.002002
1649 0.001960
1650 0.001899
1679 0.001841
1694 0.001776
1695 0.001741
1697 0.001679
1698 0.001643
1699 0.001576
1718 0.001485
1719 0.001459
1720 0.001393
1721 0.001347
1762 0.001325
1763 0.001301
1764 0.001279
1766 0.001255
1767 0.001186
1768 0.001175
1769 0.001162
1772 0.001144
1773 0.001127
1774 0.001101
1786 0.001109
1787 0.001104
1788 0.001092
1789 0.001067
1810 0.001059
1811 0.001036
1846 0.001028
2311 0.001010
2312 0.000980
2353 0.000974
2354 0.000963
2358 0.000997
2394 0.000963
2477 0.000992
2499 0.001033
2528 0.001042
2949 0.001029
2976 0.001050
3003 0.001036
3321 0.001016
3371 0.001004
3376 0.000995
3615 0.001002
3785 0.001023
3950 0.001075
3951 0.001082
3952 0.001081
3953 0.001076
3979 0.001070
3981 0.001065
3982 0.001055
4018 0.001044
4020 0.001048
4032 0.001041
4048 0.001020
4049 0.001008
4051 0.000949
4055 0.000952
4056 0.000908
4057 0.000844
4058 0.000812
4059 0.000798
4075 0.000785
4077 0.000772
4078 0.000767
4079 0.000760
4105 0.000758
4107 0.000751
4118 0.000726
4119 0.000670
4129 0.000621
4130 0.000592
4131 0.000573
4132 0.000564
4138 0.000554
4139 0.000554
4140 0.000550
4182 0.000528
4188 0.000530
4189 0.000541
4190 0.000540
4191 0.000539
4193 0.000534
4194 0.000521
4195 0.000513
4202 0.000507
4203 0.000500
4245 0.000478
4246 0.000466
4249 0.000455
4250 0.000446
4251 0.000436
4256 0.000424
4257 0.000415
4258 0.000404
4259 0.000403
4262 0.000399
4263 0.000398
4264 0.000394
4326 0.000387
4327 0.000372
4328 0.000364
4329 0.000356
4348 0.000350
4349 0.000331
4387 0.000319
4388 0.000309
4389 0.000295
4397 0.000287
4398 0.000281
4417 0.000279
4418 0.000277
4419 0.000260
4450 0.000260
4463 0.000259
4522 0.000263
4523 0.000267
4532 0.000264
4533 0.000255
4553 0.000256
4554 0.000253
4555 0.000251
4556 0.000248
4663 0.000252
4664 0.000255
4675 0.000255
4713 0.000259
4725 0.000279
4726 0.000285
4727 0.000287
4728 0.000289
4776 0.000293
4777 0.000300
4782 0.000303
4783 0.000305
4798 0.000310
4799 0.000315
4800 0.000317
4801 0.000303
4810 0.000304
4811 0.000307
4819 0.000298
4820 0.000300
4829 0.000313
4832 0.000323
4841 0.000352
4861 0.000450
4963 0.000492
5012 0.000488
5504 0.000489
5743 0.000487
5860 0.000482
5892 0.000466
5964 0.000451
6496 0.000469
6756 0.000485
6788 0.000500
6844 0.000493
6980 0.000495
