4363 0.157014
4365 0.144527
4369 0.134485
4371 0.125247
4396 0.114916
4404 0.107578
4405 0.102170
4406 0.099165
4430 0.086694
4431 0.080728
4455 0.077497
4461 0.078012
4462 0.077890
4468 0.072852
4469 0.070415
4471 0.069326
4472 0.065786
4476 0.057861
4493 0.055061
4494 0.053740
4540 0.050225
4542 0.045682
4558 0.044066
4560 0.044511
4576 0.043462
4612 0.043260
4613 0.043023
4614 0.041861
4648 0.039981
4649 0.039550
4655 0.039202
4676 0.037994
4677 0.034983
4697 0.036797
4698 0.037714
4701 0.038713
4702 0.037638
4730 0.036761
4773 0.036550
4774 0.036823
4947 0.034633
4948 0.031984
4950 0.030611
4971 0.031064
4972 0.031613
4973 0.032875
4974 0.033628
4975 0.033827
5015 0.032075
5016 0.031677
5017 0.030621
5141 0.029395
5142 0.028530
5144 0.027751
5182 0.027451
5183 0.026723
5184 0.026687
5270 0.026892
5271 0.025305
5272 0.023792
5273 0.021953
5282 0.021190
5283 0.021163
5284 0.020702
5294 0.020173
5330 0.023269
5364 0.023281
5365 0.023378
5435 0.022882
5477 0.021984
5492 0.021022
5493 0.020278
5501 0.024093
5540 0.028313
5589 0.030322
5702 0.031239
5861 0.032334
5887 0.033742
5967 0.034007
5969 0.034245
6024 0.034076
6028 0.034430
6061 0.035025
6109 0.035546
6180 0.036778
6181 0.037327
6195 0.038027
6230 0.038309
6232 0.039274
6233 0.039190
6251 0.043775
6253 0.052054
6540 0.056990
6541 0.060979
6760 0.069629
