4363 0.089572
4365 0.071435
4369 0.057381
4371 0.052116
4396 0.048069
4404 0.045108
4405 0.042422
4406 0.039650
4430 0.036230
4431 0.025119
4455 0.016233
4461 0.013921
4462 0.012055
4468 0.010654
4469 0.009716
4471 0.008853
4472 0.008248
4476 0.007652
4493 0.007173
4494 0.006641
4540 0.006351
4542 0.006060
4558 0.005744
4560 0.005519
4576 0.005288
4612 0.005091
4613 0.004874
4614 0.004610
4648 0.004374
4649 0.004275
4655 0.004070
4676 0.003850
4677 0.003700
4697 0.003612
4698 0.003510
4701 0.003440
4702 0.003316
4730 0.003181
4773 0.003078
4774 0.002915
4947 0.002763
4948 0.002624
4950 0.002500
4971 0.002431
4972 0.002392
4973 0.002354
4974 0.002321
4975 0.002216
5015 0.002133
5016 0.002122
5017 0.002091
5141 0.002078
5142 0.002086
5144 0.002055
5182 0.001995
5183 0.001951
5184 0.001924
5270 0.001873
5271 0.001821
5272 0.001752
5273 0.001690
5282 0.001616
5283 0.001618
5284 0.001604
5294 0.001586
5330 0.011895
5364 0.012319
5365 0.019136
5435 0.023561
5477 0.026904
5492 0.028935
5493 0.030846
5501 0.032270
5540 0.033547
5589 0.034696
5702 0.035560
5861 0.036323
5887 0.037284
5967 0.037869
5969 0.038499
6024 0.039000
6028 0.039488
6061 0.039799
6109 0.040361
6180 0.040804
6181 0.041202
6195 0.041573
6230 0.041754
6232 0.042071
6233 0.042351
6251 0.032647
6253 0.032803
6540 0.026346
6541 0.022175
6760 0.019158
