2693 0.114662
2694 0.114603
2695 0.115179
2696 0.114516
2697 0.112064
2712 0.104242
2713 0.099473
2741 0.095825
2743 0.092294
2752 0.087834
2753 0.081681
2760 0.075312
2761 0.070339
2762 0.068349
2764 0.063429
2783 0.061799
2784 0.059841
2785 0.058785
2786 0.056350
2823 0.055845
2824 0.054477
2825 0.050860
2826 0.047186
2831 0.046296
2832 0.044343
2835 0.041302
2836 0.036742
2838 0.033717
2839 0.031631
2868 0.030297
2912 0.039769
3103 0.040060
3104 0.040370
3106 0.041287
3112 0.041278
3149 0.040758
3503 0.041179
3721 0.041634
3825 0.044917
3853 0.045239
3854 0.044303
3879 0.044786
3882 0.044192
3945 0.043937
3946 0.043673
3947 0.043527
3948 0.043391
3966 0.044589
3967 0.042986
3968 0.042763
3991 0.042427
3992 0.042348
3995 0.041185
3996 0.039726
3997 0.038924
4001 0.028850
4008 0.028501
4009 0.027852
4026 0.026188
4027 0.025603
4041 0.026160
4042 0.025877
4063 0.027889
4064 0.026569
4065 0.027925
4069 0.028126
4070 0.027834
4101 0.027813
4102 0.027575
4121 0.027050
4122 0.026636
4196 0.026986
4310 0.026147
4311 0.026911
4413 0.027517
4442 0.026952
4518 0.026174
4519 0.025834
4570 0.026594
4639 0.035234
5072 0.036712
5073 0.038836
5078 0.040257
5079 0.040094
5080 0.040070
5081 0.040285
5085 0.039923
5086 0.037693
5135 0.036797
5149 0.036660
5206 0.038522
5208 0.040022
5222 0.041372
5341 0.044744
5586 0.046540
5587 0.048834
5596 0.048508
5599 0.048351
5600 0.049032
5604 0.051179
5626 0.051239
5644 0.051180
5645 0.051439
5646 0.051622
5648 0.042878
5649 0.042086
5650 0.040573
5655 0.039023
5656 0.039421
5657 0.039716
5658 0.038759
5663 0.039188
5664 0.038691
5665 0.037514
5671 0.036203
5672 0.033952
5673 0.031907
5674 0.030504
5695 0.029022
5696 0.028101
5704 0.026153
5706 0.027055
5707 0.027289
5710 0.026108
5712 0.023142
5714 0.023136
5715 0.023135
5716 0.023118
5717 0.022340
5718 0.022595
5719 0.021678
5720 0.021140
5725 0.021038
5726 0.020634
5739 0.020060
5740 0.019600
5767 0.019473
5768 0.019679
5774 0.021597
5782 0.022217
5786 0.022001
5787 0.021970
5788 0.021883
5804 0.020328
5805 0.020118
5806 0.020263
5877 0.019998
5878 0.019954
5896 0.020747
5897 0.020875
5898 0.020079
5926 0.019728
5935 0.020107
5957 0.020242
5959 0.019877
5960 0.019626
5961 0.019074
5962 0.018862
5963 0.018618
5984 0.018871
5985 0.018977
6065 0.019027
6066 0.019181
6070 0.017698
6074 0.017054
6075 0.017189
6082 0.017101
6083 0.017191
6085 0.016881
6086 0.016293
6087 0.016193
6088 0.015523
6089 0.014980
6090 0.013938
6118 0.014380
6146 0.014355
6204 0.014510
6206 0.013910
6217 0.015196
6222 0.015311
6223 0.015212
6224 0.015125
6301 0.015959
6302 0.016425
6724 0.017326
6725 0.017993
6731 0.019036
6732 0.019695
6838 0.020211
6839 0.020412
6840 0.020550
6888 0.020487
6889 0.020078
6890 0.019812
6895 0.020611
6896 0.020366
6905 0.020928
6906 0.020940
6911 0.022077
