2693 0.092319
2694 0.085797
2695 0.080813
2696 0.068522
2697 0.059107
2712 0.051891
2713 0.048510
2741 0.042882
2743 0.038611
2752 0.035428
2753 0.032948
2760 0.031035
2761 0.026028
2762 0.023834
2764 0.019885
2783 0.016471
2784 0.013514
2785 0.011084
2786 0.008608
2823 0.007011
2824 0.005799
2825 0.005010
2826 0.004472
2831 0.004050
2832 0.003793
2835 0.003517
2836 0.003333
2838 0.003187
2839 0.003067
2868 0.002983
2912 0.002902
3103 0.002821
3104 0.002717
3106 0.002677
3112 0.002561
3149 0.002480
3503 0.002371
3721 0.002317
3825 0.002285
3853 0.002239
3854 0.002167
3879 0.002099
3882 0.002055
3945 0.002017
3946 0.001967
3947 0.001931
3948 0.001897
3966 0.001858
3967 0.001798
3968 0.001744
3991 0.001710
3992 0.001648
3995 0.001586
3996 0.001547
3997 0.001484
4001 0.001316
4008 0.001280
4009 0.001252
4026 0.001247
4027 0.001236
4041 0.001219
4042 0.001209
4063 0.001214
4064 0.001210
4065 0.001220
4069 0.001207
4070 0.001204
4101 0.001200
4102 0.001201
4121 0.001198
4122 0.001190
4196 0.001182
4310 0.001184
4311 0.001173
4413 0.001174
4442 0.001160
4518 0.001143
4519 0.001149
4570 0.001124
4639 0.001127
5072 0.001118
5073 0.001084
5078 0.001092
5079 0.001071
5080 0.001069
5081 0.001056
5085 0.001024
5086 0.000985
5135 0.000948
5149 0.000915
5206 0.000924
5208 0.000920
5222 0.000924
5341 0.000926
5586 0.000901
5587 0.000899
5596 0.000895
5599 0.000876
5600 0.000864
5604 0.000843
5626 0.000820
5644 0.000813
5645 0.000784
5646 0.000771
5648 0.000743
5649 0.000722
5650 0.000705
5655 0.000677
5656 0.000647
5657 0.000625
5658 0.000612
5663 0.000614
5664 0.000610
5665 0.000603
5671 0.000599
5672 0.000576
5673 0.000553
5674 0.000518
5695 0.000491
5696 0.000480
5704 0.000461
5706 0.000443
5707 0.000445
5710 0.000436
5712 0.000430
5714 0.000422
5715 0.000412
5716 0.000405
5717 0.000402
5718 0.000398
5719 0.000394
5720 0.000391
5725 0.000370
5726 0.000363
5739 0.000363
5740 0.000360
5767 0.000351
5768 0.000337
5774 0.000351
5782 0.000343
5786 0.000334
5787 0.000328
5788 0.000322
5804 0.000309
5805 0.000301
5806 0.000290
5877 0.000289
5878 0.000276
5896 0.000280
5897 0.000279
5898 0.000277
5926 0.000275
5935 0.000289
5957 0.000288
5959 0.000285
5960 0.000283
5961 0.000284
5962 0.000285
5963 0.000285
5984 0.000282
5985 0.000280
6065 0.000276
6066 0.000278
6070 0.000259
6074 0.000258
6075 0.000261
6082 0.000264
6083 0.000265
6085 0.000265
6086 0.000266
6087 0.000267
6088 0.000260
6089 0.000258
6090 0.000248
6118 0.000242
6146 0.000240
6204 0.000237
6206 0.000218
6217 0.000223
6222 0.000225
6223 0.000226
6224 0.000224
6301 0.000227
6302 0.000227
6724 0.000221
6725 0.000216
6731 0.000221
6732 0.000220
6838 0.000214
6839 0.000208
6840 0.000202
6888 0.000205
6889 0.000203
6890 0.000200
6895 0.000205
6896 0.000207
6905 0.000209
6906 0.000209
6911 0.000215
