451 0.079264
453 0.074167
477 0.071436
478 0.067681
485 0.064233
486 0.062846
488 0.061586
579 0.057686
581 0.057944
634 0.057368
658 0.055765
715 0.056174
717 0.055082
718 0.050842
719 0.048239
738 0.049603
739 0.051370
740 0.053822
741 0.055019
742 0.056157
751 0.055393
753 0.053025
754 0.051068
755 0.050388
756 0.047731
762 0.045322
763 0.043600
771 0.041156
810 0.040908
811 0.040454
812 0.039554
813 0.038375
822 0.037287
823 0.035522
824 0.034304
825 0.033832
826 0.032065
827 0.033956
835 0.033567
836 0.033283
837 0.031043
838 0.028606
865 0.026316
866 0.024607
867 0.024412
868 0.024347
869 0.024934
871 0.024719
932 0.027330
1215 0.028402
1235 0.029457
1303 0.030271
1404 0.031507
1407 0.029933
1408 0.029450
1472 0.029840
1473 0.029925
1475 0.029511
1476 0.032922
1477 0.034578
1478 0.035736
1479 0.036528
1486 0.034702
1487 0.034585
1488 0.034493
1490 0.034433
1515 0.035720
1518 0.035493
1519 0.035336
1537 0.033907
1538 0.032776
1551 0.032828
1552 0.033389
1554 0.030967
1555 0.030103
1611 0.029901
1612 0.029761
1613 0.028617
1614 0.028604
1626 0.028719
1638 0.027891
1639 0.027127
1640 0.026456
1641 0.022757
1651 0.021389
1652 0.020116
1653 0.019116
1676 0.020137
1677 0.020965
1678 0.021750
1696 0.022660
1700 0.022005
1701 0.022217
1717 0.021933
1736 0.022363
1737 0.022749
1749 0.022286
1750 0.021723
1751 0.021353
1758 0.021035
1759 0.020012
1761 0.019168
1830 0.019436
1831 0.019844
1850 0.019589
1851 0.019546
1879 0.020558
1896 0.021073
1897 0.021426
1935 0.021957
1936 0.022423
1937 0.022859
1960 0.021796
1961 0.021070
1962 0.020466
1963 0.020581
2156 0.019998
2296 0.020581
2317 0.021666
2318 0.021425
2391 0.022023
2410 0.021964
2425 0.022277
2428 0.022775
2429 0.023119
2596 0.023170
2610 0.023811
2611 0.023387
2612 0.022891
2616 0.023324
2748 0.023637
2749 0.022921
2750 0.022640
2751 0.022550
2828 0.021218
2829 0.020872
2830 0.020529
2858 0.020605
2925 0.021479
2926 0.021859
2927 0.021370
2937 0.023369
2938 0.023897
2939 0.023247
2940 0.023206
2944 0.022564
2945 0.022344
2963 0.022937
2965 0.023111
3005 0.023143
3006 0.023199
3007 0.022656
3009 0.021960
3010 0.021403
3011 0.020558
3017 0.020154
3019 0.019831
3020 0.019540
3118 0.019582
3120 0.019794
3121 0.019509
3174 0.020556
3175 0.020558
3206 0.020169
3241 0.020321
3242 0.020247
3247 0.018430
3248 0.016612
3249 0.015880
3250 0.015240
3252 0.015167
3279 0.015335
3287 0.014496
3288 0.013832
3289 0.013447
3317 0.014064
3318 0.014510
3343 0.015888
3373 0.016409
3374 0.016776
3511 0.017634
3512 0.018326
3541 0.018702
3546 0.018545
3550 0.018795
3551 0.019004
3591 0.018042
3603 0.017457
3604 0.016802
3630 0.016046
3631 0.015505
3632 0.015146
3640 0.015504
3641 0.015708
3642 0.015887
3659 0.015408
3669 0.015658
3671 0.016082
3672 0.016396
3674 0.017134
3675 0.016843
3676 0.016907
3680 0.015726
3681 0.015370
3735 0.015184
3737 0.014225
3738 0.013836
3739 0.013753
3740 0.013766
3741 0.013357
3765 0.014036
3887 0.014081
3888 0.013781
3889 0.013533
3890 0.013361
3891 0.013293
3894 0.013583
3896 0.013385
3904 0.014786
3905 0.015848
3921 0.017925
3922 0.018773
3925 0.021193
3927 0.022872
3984 0.022924
3985 0.022934
3989 0.022872
3990 0.023094
4036 0.024156
4038 0.024223
4039 0.024226
4046 0.024841
4047 0.025283
4050 0.025211
4098 0.025488
4099 0.024740
4100 0.024527
4198 0.025056
4199 0.025038
4200 0.024982
4211 0.025721
4212 0.025802
4213 0.025841
4214 0.024399
4247 0.023934
4252 0.021921
4254 0.020185
4255 0.016844
4268 0.015025
4270 0.014839
4271 0.014354
4273 0.013944
4274 0.013816
4300 0.013107
4301 0.013185
4302 0.013314
4321 0.013750
4322 0.014435
4323 0.015744
4502 0.016017
4503 0.016157
4504 0.016253
4506 0.015827
4507 0.016160
4508 0.016451
4509 0.015944
4524 0.015893
4525 0.016008
4526 0.016050
4527 0.015421
4531 0.020447
4534 0.021290
4535 0.022041
4665 0.021672
4666 0.020971
4667 0.020747
4714 0.020395
4715 0.020110
4729 0.019950
4747 0.022050
4748 0.023577
4764 0.023111
4765 0.022433
4766 0.021500
4785 0.021274
4786 0.021157
4812 0.021325
4813 0.021043
4814 0.020579
4976 0.020743
4977 0.020506
4978 0.020132
4979 0.019686
4985 0.020468
4996 0.021225
4997 0.016816
4998 0.017296
4999 0.017576
5001 0.018603
5003 0.019283
5004 0.019862
5005 0.020555
5006 0.021086
5008 0.021678
5010 0.020079
5027 0.018579
5035 0.018206
5107 0.018028
5281 0.020163
5424 0.020663
5472 0.027537
5475 0.034630
5507 0.035039
5547 0.035708
6420 0.036300
6841 0.036628
