451 0.029039
453 0.023401
477 0.019772
478 0.016916
485 0.014924
486 0.013262
488 0.011615
579 0.010616
581 0.009615
634 0.008598
658 0.007838
715 0.007109
717 0.006494
718 0.005979
719 0.005618
738 0.005293
739 0.004944
740 0.004648
741 0.004403
742 0.004190
751 0.003911
753 0.003766
754 0.003622
755 0.003389
756 0.003234
762 0.003108
763 0.003001
771 0.002885
810 0.002819
811 0.002650
812 0.002518
813 0.002442
822 0.002321
823 0.002270
824 0.002147
825 0.002090
826 0.002019
827 0.001960
835 0.001934
836 0.001922
837 0.001851
838 0.001799
865 0.001795
866 0.001780
867 0.001748
868 0.001700
869 0.001628
871 0.001582
932 0.001595
1215 0.001574
1235 0.001552
1303 0.001523
1404 0.001500
1407 0.001443
1408 0.001386
1472 0.001351
1473 0.001334
1475 0.001292
1476 0.001255
1477 0.001243
1478 0.001229
1479 0.001214
1486 0.001192
1487 0.001178
1488 0.001155
1490 0.001133
1515 0.001104
1518 0.001046
1519 0.001002
1537 0.001002
1538 0.001000
1551 0.000988
1552 0.000980
1554 0.000924
1555 0.000903
1611 0.000875
1612 0.000856
1613 0.000837
1614 0.000825
1626 0.000813
1638 0.000795
1639 0.000775
1640 0.000756
1641 0.000733
1651 0.000714
1652 0.000702
1653 0.000690
1676 0.000691
1677 0.000680
1678 0.000674
1696 0.000670
1700 0.000663
1701 0.000649
1717 0.000640
1736 0.000610
1737 0.000590
1749 0.000578
1750 0.000566
1751 0.000558
1758 0.000558
1759 0.000558
1761 0.000552
1830 0.000544
1831 0.000541
1850 0.000535
1851 0.000530
1879 0.000527
1896 0.000520
1897 0.000512
1935 0.000503
1936 0.000500
1937 0.000497
1960 0.000470
1961 0.000445
1962 0.000423
1963 0.000406
2156 0.000399
2296 0.000416
2317 0.000419
2318 0.000422
2391 0.000417
2410 0.000417
2425 0.000412
2428 0.000412
2429 0.000405
2596 0.000401
2610 0.000397
2611 0.000394
2612 0.000386
2616 0.000381
2748 0.000385
2749 0.000380
2750 0.000382
2751 0.000383
2828 0.000384
2829 0.000377
2830 0.000372
2858 0.000372
2925 0.000371
2926 0.000375
2927 0.000371
2937 0.000372
2938 0.000352
2939 0.000344
2940 0.000332
2944 0.000329
2945 0.000323
2963 0.000323
2965 0.000317
3005 0.000310
3006 0.000302
3007 0.000296
3009 0.000294
3010 0.000290
3011 0.000286
3017 0.000279
3019 0.000272
3020 0.000266
3118 0.000260
3120 0.000250
3121 0.000243
3174 0.000246
3175 0.000244
3206 0.000239
3241 0.000236
3242 0.000237
3247 0.000235
3248 0.000230
3249 0.000226
3250 0.000224
3252 0.000221
3279 0.000223
3287 0.000221
3288 0.000220
3289 0.000221
3317 0.000224
3318 0.000225
3343 0.000221
3373 0.000223
3374 0.000223
3511 0.000221
3512 0.000220
3541 0.000221
3546 0.000219
3550 0.000222
3551 0.000225
3591 0.000222
3603 0.000218
3604 0.000220
3630 0.000220
3631 0.000217
3632 0.000213
3640 0.000211
3641 0.000212
3642 0.000211
3659 0.000212
3669 0.000207
3671 0.000208
3672 0.000207
3674 0.000207
3675 0.000204
3676 0.000202
3680 0.000201
3681 0.000196
3735 0.000195
3737 0.000193
3738 0.000191
3739 0.000188
3740 0.000188
3741 0.000184
3765 0.000187
3887 0.000184
3888 0.000185
3889 0.000182
3890 0.000176
3891 0.000172
3894 0.000169
3896 0.000167
3904 0.000166
3905 0.000166
3921 0.000164
3922 0.000166
3925 0.000160
3927 0.000156
3984 0.000151
3985 0.000149
3989 0.000151
3990 0.000152
4036 0.000152
4038 0.000150
4039 0.000150
4046 0.000150
4047 0.000149
4050 0.000149
4098 0.000154
4099 0.000148
4100 0.000147
4198 0.000146
4199 0.000148
4200 0.000149
4211 0.000149
4212 0.000150
4213 0.000149
4214 0.000147
4247 0.000149
4252 0.000149
4254 0.000147
4255 0.000147
4268 0.000153
4270 0.000158
4271 0.000160
4273 0.000158
4274 0.000157
4300 0.000159
4301 0.000159
4302 0.000158
4321 0.000164
4322 0.000167
4323 0.000166
4502 0.000160
4503 0.000158
4504 0.000156
4506 0.000154
4507 0.000150
4508 0.000147
4509 0.000144
4524 0.000145
4525 0.000145
4526 0.000144
4527 0.000139
4531 0.000136
4534 0.000133
4535 0.000130
4665 0.000125
4666 0.000118
4667 0.000113
4714 0.000113
4715 0.000111
4729 0.000107
4747 0.000106
4748 0.000103
4764 0.000098
4765 0.000096
4766 0.000095
4785 0.000095
4786 0.000096
4812 0.000100
4813 0.000099
4814 0.000099
4976 0.000102
4977 0.000102
4978 0.000100
4979 0.000099
4985 0.000101
4996 0.000104
4997 0.000106
4998 0.000106
4999 0.000106
5001 0.000105
5003 0.000105
5004 0.000106
5005 0.000105
5006 0.000106
5008 0.000108
5010 0.000107
5027 0.000109
5035 0.000106
5107 0.000106
5281 0.000106
5424 0.000108
5472 0.000113
5475 0.000113
5507 0.000112
5547 0.000111
6420 0.000110
6841 0.000109
