631 0.071258
632 0.070872
644 0.067125
1073 0.069442
1192 0.070654
1401 0.067302
1418 0.070401
1422 0.074130
1474 0.076416
1516 0.075611
1577 0.078949
1631 0.080899
1668 0.083692
1682 0.082977
1742 0.079976
1932 0.080931
2115 0.080486
2116 0.082692
2117 0.085765
2118 0.089292
2129 0.088007
2130 0.088395
2131 0.089262
2137 0.089738
2138 0.086561
2139 0.076978
2140 0.073751
2141 0.076343
2144 0.072844
2145 0.070355
2146 0.071264
2150 0.067131
2152 0.066592
2191 0.064864
2192 0.064247
2193 0.062055
2194 0.060862
2200 0.057538
2201 0.057071
2214 0.056447
2215 0.052573
2216 0.052029
2291 0.052089
2292 0.048318
2293 0.041955
2307 0.042928
2308 0.044220
2418 0.045475
2434 0.046019
2435 0.046272
2437 0.047098
2455 0.047887
2457 0.046781
2458 0.045496
2459 0.045730
2460 0.047200
2473 0.048228
2474 0.044733
2495 0.043630
2509 0.043329
2510 0.042360
2511 0.042104
2517 0.043188
2518 0.042639
2519 0.042938
2521 0.043519
2524 0.041810
2525 0.038496
2560 0.040056
2561 0.041629
2563 0.042982
2565 0.042415
2566 0.041675
2567 0.041231
2580 0.042455
2583 0.045415
2900 0.046972
2908 0.051692
3062 0.056336
3088 0.060535
3280 0.059583
3418 0.057643
3506 0.068604
3576 0.068577
3653 0.068216
3912 0.070874
4093 0.071891
4178 0.072540
4445 0.072577
4488 0.072075
4492 0.071748
4545 0.072497
4546 0.073067
4547 0.073181
4548 0.074407
4549 0.077158
4550 0.083311
4579 0.082535
4580 0.080706
4581 0.080569
4596 0.077660
4597 0.075318
4603 0.070652
4604 0.066341
4605 0.062390
4606 0.061309
4636 0.063591
4637 0.053569
4638 0.054111
4640 0.054369
4641 0.053298
4642 0.054470
4643 0.056431
4791 0.057369
4792 0.056789
4793 0.056130
4794 0.055801
4795 0.056059
4854 0.055360
4860 0.057891
4863 0.058782
4924 0.055097
5232 0.058078
5573 0.059517
5575 0.059315
5576 0.059364
5639 0.060091
5640 0.059429
5728 0.060016
5734 0.062429
5735 0.063767
5816 0.064693
5817 0.064249
5818 0.063473
5822 0.067813
5823 0.068321
5839 0.066934
5840 0.063257
5853 0.066155
5854 0.069755
5870 0.070874
5871 0.071677
5919 0.072624
5920 0.071635
5921 0.066669
5922 0.063425
5923 0.063177
5950 0.061627
5951 0.060384
5987 0.059392
5988 0.059142
6125 0.058929
6126 0.060260
6137 0.061487
6156 0.058777
6157 0.056402
6158 0.053623
6159 0.055304
6160 0.059410
6161 0.058565
6162 0.058552
6163 0.058882
6164 0.060342
6239 0.061946
6240 0.063074
6242 0.066765
6275 0.067147
6391 0.066370
6479 0.066783
6486 0.069351
6487 0.068905
6492 0.066684
6511 0.064948
6615 0.065465
6616 0.066108
6618 0.066691
6619 0.067730
6622 0.066181
6625 0.064342
6626 0.064452
6627 0.065447
6639 0.068905
6640 0.069489
6641 0.067124
6647 0.064608
6648 0.063776
6658 0.064266
6668 0.064535
6669 0.059172
6680 0.055147
6681 0.050524
6689 0.050377
6690 0.050242
6781 0.049253
6782 0.045505
6783 0.043554
6785 0.044666
6805 0.046783
6807 0.046973
6808 0.046279
6814 0.047975
6815 0.047368
6856 0.048461
6857 0.048463
6860 0.048712
6870 0.049377
6871 0.046547
6872 0.044320
6873 0.043911
6875 0.045727
6916 0.045763
6918 0.045072
6919 0.043234
6933 0.044672
