631 0.085468
632 0.078700
644 0.074203
1073 0.060233
1192 0.050471
1401 0.047984
1418 0.046103
1422 0.038706
1474 0.033698
1516 0.029555
1577 0.026788
1631 0.023868
1668 0.021101
1682 0.019469
1742 0.018390
1932 0.016611
2115 0.014824
2116 0.013601
2117 0.012437
2118 0.011185
2129 0.010578
2130 0.010016
2131 0.009504
2137 0.008922
2138 0.008158
2139 0.007931
2140 0.007720
2141 0.007449
2144 0.007194
2145 0.007000
2146 0.006938
2150 0.006779
2152 0.006671
2191 0.006456
2192 0.006269
2193 0.006248
2194 0.006287
2200 0.006288
2201 0.006291
2214 0.006175
2215 0.006084
2216 0.006155
2291 0.005943
2292 0.005659
2293 0.005303
2307 0.005269
2308 0.005228
2418 0.004950
2434 0.004896
2435 0.004838
2437 0.004737
2455 0.004585
2457 0.004346
2458 0.004272
2459 0.004209
2460 0.004128
2473 0.003979
2474 0.003719
2495 0.003709
2509 0.003648
2510 0.003553
2511 0.003454
2517 0.003302
2518 0.003137
2519 0.003144
2521 0.003081
2524 0.002918
2525 0.002929
2560 0.002855
2561 0.002735
2563 0.002706
2565 0.002544
2566 0.002530
2567 0.002637
2580 0.002602
2583 0.002550
2900 0.002553
2908 0.002556
3062 0.002455
3088 0.002306
3280 0.002108
3418 0.002092
3506 0.002045
3576 0.001989
3653 0.001967
3912 0.001914
4093 0.001833
4178 0.001789
4445 0.001791
4488 0.001774
4492 0.001731
4545 0.001692
4546 0.001644
4547 0.001693
4548 0.001785
4549 0.001904
4550 0.002146
4579 0.002083
4580 0.002022
4581 0.002147
4596 0.002154
4597 0.002149
4603 0.002075
4604 0.002110
4605 0.002167
4606 0.002225
4636 0.002194
4637 0.002209
4638 0.002250
4640 0.002267
4641 0.002299
4642 0.002344
4643 0.010782
4791 0.010753
4792 0.010740
4793 0.019384
4794 0.019452
4795 0.019555
4854 0.019526
4860 0.019637
4863 0.019777
4924 0.019606
5232 0.019671
5573 0.019673
5575 0.019609
5576 0.019703
5639 0.019683
5640 0.019788
5728 0.019755
5734 0.019722
5735 0.019678
5816 0.019688
5817 0.019706
5818 0.019743
5822 0.019698
5823 0.019656
5839 0.019601
5840 0.011203
5853 0.011206
5854 0.011205
5870 0.002516
5871 0.002479
5919 0.002343
5920 0.002313
5921 0.002110
5922 0.001858
5923 0.001863
5950 0.001762
5951 0.001696
5987 0.001639
5988 0.001582
6125 0.001585
6126 0.001565
6137 0.001571
6156 0.001573
6157 0.001580
6158 0.001648
6159 0.001737
6160 0.001899
6161 0.002232
6162 0.002354
6163 0.002384
6164 0.002438
6239 0.002426
6240 0.002407
6242 0.002406
6275 0.002354
6391 0.002358
6479 0.002395
6486 0.002340
6487 0.002255
6492 0.002160
6511 0.002207
6615 0.002240
6616 0.002292
6618 0.002351
6619 0.002435
6622 0.002434
6625 0.002528
6626 0.002637
6627 0.002741
6639 0.002681
6640 0.002570
6641 0.002351
6647 0.002038
6648 0.001945
6658 0.001918
6668 0.001832
6669 0.001841
6680 0.001838
6681 0.001852
6689 0.001842
6690 0.001829
6781 0.001772
6782 0.001793
6783 0.001814
6785 0.001776
6805 0.001727
6807 0.001673
6808 0.001598
6814 0.001488
6815 0.001356
6856 0.001252
6857 0.001152
6860 0.001022
6870 0.000863
6871 0.000846
6872 0.000834
6873 0.000835
6875 0.000900
6916 0.000847
6918 0.000813
6919 0.000796
6933 0.000770
