645 0.079125
646 0.071530
648 0.065403
649 0.062971
650 0.061288
651 0.059900
656 0.058453
657 0.056792
659 0.055785
660 0.056617
661 0.057105
699 0.056683
700 0.055010
701 0.056087
702 0.057349
703 0.053314
704 0.054287
708 0.055669
933 0.056843
934 0.054070
1112 0.054436
1163 0.052123
1365 0.055637
1446 0.058940
1502 0.057575
1532 0.060113
1548 0.062712
1585 0.063713
1586 0.064047
1716 0.065579
1844 0.068026
2009 0.077879
2088 0.078942
2106 0.083793
2107 0.087264
2176 0.088077
2355 0.090256
2456 0.090875
2500 0.093372
2564 0.100514
2767 0.099497
2966 0.097991
2977 0.097465
3004 0.097674
3008 0.097296
3038 0.093589
3048 0.093797
3049 0.086768
3050 0.082493
3051 0.084056
3056 0.081839
3057 0.080010
3068 0.082262
3069 0.086037
3070 0.089576
3078 0.089274
3079 0.080574
3080 0.080313
3081 0.073638
3082 0.068679
3083 0.069023
3085 0.066513
3086 0.064953
3089 0.061310
3090 0.051837
3091 0.052173
3094 0.052775
3095 0.052278
3119 0.054014
3123 0.053614
3124 0.053810
3125 0.052974
3126 0.052966
3127 0.052624
3128 0.052324
3129 0.051580
3130 0.050854
3131 0.047145
3132 0.042533
3133 0.036998
3159 0.036311
3160 0.036082
3161 0.036008
3173 0.036582
3176 0.037689
3177 0.037088
3178 0.037192
3200 0.036471
3201 0.035758
3203 0.034692
3204 0.035912
3205 0.034345
3207 0.036267
3211 0.034102
3212 0.034325
3238 0.035851
3239 0.036474
3251 0.037066
3262 0.039657
3263 0.039645
3264 0.041509
3270 0.042706
3271 0.043163
3272 0.043516
3276 0.044214
3299 0.043838
3300 0.043587
3302 0.045477
3316 0.048093
3319 0.047472
3322 0.046075
3323 0.044810
3324 0.044742
3325 0.044896
3326 0.045171
3327 0.042099
3328 0.041539
3329 0.038616
3332 0.040740
3334 0.042475
3335 0.041898
3336 0.042198
3337 0.041926
3338 0.039523
3339 0.041000
3340 0.041175
3341 0.041393
3342 0.042080
3347 0.043819
3348 0.044564
3351 0.043372
3352 0.042483
3366 0.042926
3367 0.039922
3405 0.040482
3406 0.041200
3415 0.040982
3416 0.041165
3429 0.041746
3430 0.041846
3431 0.042450
3432 0.042538
3433 0.044572
3434 0.042071
3435 0.042098
3437 0.043195
3438 0.043557
3442 0.043353
3443 0.043328
3452 0.041465
3453 0.039922
3454 0.038659
3457 0.037667
3458 0.035698
3459 0.034611
3460 0.034768
3481 0.039557
3494 0.036741
3510 0.040008
3513 0.039175
3514 0.037825
3517 0.039069
3518 0.038846
3521 0.038363
3539 0.039171
3540 0.039143
3567 0.039827
3568 0.038511
3569 0.037685
3583 0.035807
3588 0.034260
3590 0.032791
3605 0.033198
3606 0.032746
3607 0.031361
3608 0.030271
3609 0.029549
3610 0.033131
3611 0.036020
3618 0.035567
3619 0.035092
3621 0.031448
3622 0.033263
3625 0.031784
3626 0.031671
3627 0.032096
3629 0.032745
3643 0.033229
3644 0.032848
3645 0.031686
3648 0.031253
3650 0.030224
3651 0.029432
3652 0.028780
3657 0.030328
3658 0.031038
3660 0.033038
3661 0.033863
3662 0.035097
3664 0.036161
3665 0.036797
3666 0.037879
3667 0.034137
3668 0.031086
3670 0.032529
3673 0.033762
3677 0.033325
3678 0.030985
3679 0.028354
3682 0.029030
3691 0.029966
3692 0.027768
3693 0.026974
3702 0.028757
3703 0.029342
3704 0.029634
3716 0.030995
3717 0.032151
3718 0.032837
3719 0.031168
3727 0.032347
3733 0.032251
3734 0.031168
3747 0.034162
3784 0.035207
3786 0.035206
3787 0.034649
3788 0.034297
3789 0.034195
3793 0.033675
3794 0.033219
3795 0.032566
3845 0.033764
3855 0.034125
3866 0.048272
3903 0.047980
3983 0.050125
4164 0.054354
4201 0.053382
4276 0.053249
4350 0.055079
4372 0.054416
4416 0.054642
4435 0.054415
4557 0.055541
4559 0.053844
4561 0.052256
4562 0.052005
4563 0.048088
4565 0.046226
4567 0.045891
4568 0.045749
4569 0.045519
4575 0.045480
4577 0.045228
4578 0.044827
4584 0.046264
4585 0.046616
4586 0.047212
4589 0.032971
4590 0.032468
4591 0.030556
4592 0.027245
4593 0.026640
4594 0.026321
4595 0.024170
4602 0.023228
4610 0.026552
4611 0.029619
4681 0.028370
4775 0.028877
4784 0.032505
4834 0.035682
4848 0.035974
4876 0.036935
4894 0.037636
4901 0.039625
4921 0.040091
5038 0.041488
5145 0.045787
5176 0.045719
5179 0.045116
5233 0.046238
5234 0.046533
5236 0.047201
5274 0.048748
5278 0.052885
5285 0.053203
5291 0.053452
5292 0.054041
5293 0.055405
5295 0.056589
5296 0.052602
5298 0.049920
5299 0.049933
5300 0.048664
5319 0.048617
5320 0.047587
5321 0.047548
5322 0.046928
5323 0.048432
5324 0.047880
5325 0.049610
5328 0.049382
5329 0.047228
5363 0.047859
5374 0.049712
5375 0.048369
5376 0.047603
5377 0.046271
5378 0.045066
5379 0.042267
5396 0.041144
5399 0.040573
5400 0.039733
5401 0.038928
5402 0.038355
5411 0.037844
5413 0.037001
5414 0.036594
5416 0.037346
5417 0.033412
5418 0.030816
5419 0.030376
5420 0.030249
5421 0.028108
5422 0.026487
5423 0.025569
5425 0.025756
5426 0.024005
5427 0.024451
5432 0.021667
5433 0.020422
5434 0.019930
5441 0.026815
5466 0.030399
5509 0.029612
5545 0.030391
5574 0.035497
5754 0.036607
5801 0.037514
6021 0.040844
6079 0.040893
6421 0.043949
6484 0.045648
6842 0.046564
