645 0.058612
646 0.047452
648 0.039558
649 0.034117
650 0.030282
651 0.027354
656 0.024151
657 0.021827
659 0.020124
660 0.018604
661 0.017325
699 0.016072
700 0.015201
701 0.014282
702 0.013503
703 0.012993
704 0.011972
708 0.011375
933 0.010487
934 0.009429
1112 0.008654
1163 0.008145
1365 0.007824
1446 0.007364
1502 0.007091
1532 0.006595
1548 0.006199
1585 0.006026
1586 0.005809
1716 0.005606
1844 0.005529
2009 0.005558
2088 0.005512
2106 0.005534
2107 0.005467
2176 0.005294
2355 0.004995
2456 0.004844
2500 0.004807
2564 0.004732
2767 0.004626
2966 0.004491
2977 0.004437
3004 0.004374
3008 0.004309
3038 0.004246
3048 0.004152
3049 0.004051
3050 0.003997
3051 0.003890
3056 0.003809
3057 0.003757
3068 0.003642
3069 0.003639
3070 0.003630
3078 0.003475
3079 0.003118
3080 0.002931
3081 0.002699
3082 0.002507
3083 0.002451
3085 0.002429
3086 0.002339
3089 0.002191
3090 0.002067
3091 0.001951
3094 0.001952
3095 0.001882
3119 0.001831
3123 0.001853
3124 0.001777
3125 0.001706
3126 0.001659
3127 0.001628
3128 0.001632
3129 0.001659
3130 0.001664
3131 0.001643
3132 0.001587
3133 0.001537
3159 0.001532
3160 0.001531
3161 0.001539
3173 0.001538
3176 0.001550
3177 0.001548
3178 0.001519
3200 0.001485
3201 0.001453
3203 0.001401
3204 0.001372
3205 0.001323
3207 0.001301
3211 0.001328
3212 0.001300
3238 0.001324
3239 0.001328
3251 0.001295
3262 0.001318
3263 0.001308
3264 0.001283
3270 0.001285
3271 0.001287
3272 0.001295
3276 0.001279
3299 0.001267
3300 0.001273
3302 0.001274
3316 0.001270
3319 0.001252
3322 0.001241
3323 0.001228
3324 0.001219
3325 0.001215
3326 0.001224
3327 0.001233
3328 0.001230
3329 0.001210
3332 0.001172
3334 0.001160
3335 0.001101
3336 0.001057
3337 0.001050
3338 0.000989
3339 0.000950
3340 0.000940
3341 0.000920
3342 0.000892
3347 0.000864
3348 0.000896
3351 0.000887
3352 0.000853
3366 0.000881
3367 0.000903
3405 0.000904
3406 0.000887
3415 0.000885
3416 0.000886
3429 0.000882
3430 0.000874
3431 0.000850
3432 0.000834
3433 0.000838
3434 0.000864
3435 0.000855
3437 0.000854
3438 0.000865
3442 0.000868
3443 0.000876
3452 0.000868
3453 0.000839
3454 0.000811
3457 0.000802
3458 0.000803
3459 0.000768
3460 0.000761
3481 0.000754
3494 0.000690
3510 0.000648
3513 0.000637
3514 0.000641
3517 0.000637
3518 0.000641
3521 0.000638
3539 0.000629
3540 0.000631
3567 0.000631
3568 0.000613
3569 0.000571
3583 0.000547
3588 0.000524
3590 0.000513
3605 0.000512
3606 0.000507
3607 0.000499
3608 0.000492
3609 0.000488
3610 0.000488
3611 0.000496
3618 0.000493
3619 0.000487
3621 0.000503
3622 0.000513
3625 0.000550
3626 0.000565
3627 0.000563
3629 0.000558
3643 0.000544
3644 0.000552
3645 0.000552
3648 0.000550
3650 0.000556
3651 0.000560
3652 0.000563
3657 0.000559
3658 0.000561
3660 0.000556
3661 0.000553
3662 0.000548
3664 0.000547
3665 0.000548
3666 0.000548
3667 0.000537
3668 0.000512
3670 0.000509
3673 0.000512
3677 0.000490
3678 0.000479
3679 0.000436
3682 0.000405
3691 0.000388
3692 0.000382
3693 0.000374
3702 0.000369
3703 0.000367
3704 0.000359
3716 0.000345
3717 0.000345
3718 0.000345
3719 0.000348
3727 0.000353
3733 0.000365
3734 0.000367
3747 0.000374
3784 0.000409
3786 0.000417
3787 0.000421
3788 0.000425
3789 0.000430
3793 0.000427
3794 0.000421
3795 0.000421
3845 0.000437
3855 0.000439
3866 0.000678
3903 0.000677
3983 0.000668
4164 0.000667
4201 0.000652
4276 0.000651
4350 0.000646
4372 0.000647
4416 0.000637
4435 0.000632
4557 0.000633
4559 0.000631
4561 0.000621
4562 0.000613
4563 0.000601
4565 0.000562
4567 0.000553
4568 0.000547
4569 0.000539
4575 0.000534
4577 0.000532
4578 0.000531
4584 0.000530
4585 0.000505
4586 0.000499
4589 0.000270
4590 0.000274
4591 0.000275
4592 0.000274
4593 0.000271
4594 0.000259
4595 0.000255
4602 0.000250
4610 0.000248
4611 0.000250
4681 0.000243
4775 0.000233
4784 0.000222
4834 0.000235
4848 0.000240
4876 0.000241
4894 0.000242
4901 0.000248
4921 0.000252
5038 0.000264
5145 0.000267
5176 0.000268
5179 0.000274
5233 0.000306
5234 0.000328
5236 0.000319
5274 0.000320
5278 0.000319
5285 0.000324
5291 0.000327
5292 0.000333
5293 0.000337
5295 0.000336
5296 0.000333
5298 0.000325
5299 0.000321
5300 0.000318
5319 0.000318
5320 0.000300
5321 0.000292
5322 0.000286
5323 0.000283
5324 0.000282
5325 0.000282
5328 0.000270
5329 0.000266
5363 0.000268
5374 0.000277
5375 0.000251
5376 0.000231
5377 0.000226
5378 0.000220
5379 0.000221
5396 0.000220
5399 0.000217
5400 0.000213
5401 0.000210
5402 0.000208
5411 0.000208
5413 0.000210
5414 0.000213
5416 0.000219
5417 0.000222
5418 0.000223
5419 0.000223
5420 0.000223
5421 0.000219
5422 0.000209
5423 0.000205
5425 0.000205
5426 0.000204
5427 0.000196
5432 0.000180
5433 0.000174
5434 0.000173
5441 0.000242
5466 0.000276
5509 0.000276
5545 0.000271
5574 0.000295
5754 0.000302
5801 0.000308
6021 0.000308
6079 0.000310
6421 0.000309
6484 0.000310
6842 0.000303
