614 0.064094
615 0.057698
616 0.054807
617 0.049437
618 0.048005
619 0.042505
620 0.040183
636 0.040178
637 0.040284
640 0.038923
664 0.037721
680 0.038228
689 0.038734
690 0.037797
729 0.038337
730 0.037683
731 0.036055
732 0.036001
733 0.035646
747 0.036559
748 0.037529
757 0.039344
759 0.038089
761 0.037147
764 0.037626
765 0.037890
766 0.038034
772 0.041358
774 0.040646
775 0.040421
776 0.040159
777 0.041463
778 0.039590
779 0.037919
798 0.039028
805 0.040087
879 0.038998
880 0.038246
881 0.037790
882 0.036101
914 0.038236
919 0.039542
1028 0.039685
1029 0.040438
1030 0.039864
1031 0.038019
1032 0.040392
1034 0.046832
1051 0.050118
1077 0.055461
1146 0.056825
1150 0.057360
1308 0.055040
1332 0.062077
1391 0.064194
1459 0.065366
1485 0.065903
1493 0.066988
1625 0.069184
1683 0.067165
1887 0.068077
2041 0.067982
2698 0.068891
2763 0.069655
2779 0.070310
2780 0.068466
2782 0.067147
2796 0.067719
2797 0.067865
2798 0.068936
2799 0.072408
2800 0.070659
2801 0.066567
2833 0.063993
2834 0.056933
2837 0.058512
2840 0.061559
2841 0.062561
2869 0.056358
2870 0.053932
2917 0.053842
2918 0.051691
2928 0.050029
2929 0.047092
2954 0.046680
2983 0.044431
2984 0.044897
2985 0.044261
3012 0.046389
3013 0.047515
3015 0.048190
3029 0.048839
3030 0.047433
3031 0.046074
3032 0.044094
3033 0.039925
3039 0.038158
3040 0.036666
3042 0.038185
3043 0.039655
3044 0.036613
3045 0.033041
3054 0.031572
3055 0.031881
3061 0.033178
3063 0.033371
3064 0.035613
3067 0.036148
3072 0.037277
3073 0.037515
3074 0.037782
3075 0.039957
3077 0.043685
3087 0.041607
3109 0.040275
3110 0.040329
3111 0.040714
3114 0.040734
3115 0.040816
3116 0.041614
3117 0.042180
3189 0.042046
3190 0.041438
3191 0.039290
3192 0.037697
3193 0.036541
3216 0.037217
3217 0.036529
3290 0.036848
3291 0.035952
3292 0.035103
3293 0.033304
3294 0.032815
3295 0.031831
3296 0.030786
3297 0.029305
3298 0.026206
3304 0.023808
3305 0.024319
3306 0.024964
3312 0.025823
3313 0.026109
3390 0.026871
3420 0.027713
3421 0.027001
3422 0.026586
3423 0.025541
3424 0.025525
3425 0.025474
3446 0.027124
3455 0.027062
3456 0.025463
3489 0.024714
3508 0.023280
3509 0.022779
3527 0.023233
3528 0.022782
3529 0.022515
3530 0.022516
3531 0.022553
3535 0.023349
3536 0.023443
3537 0.021506
3538 0.019922
3542 0.021508
3543 0.020433
3544 0.019261
3545 0.018435
3561 0.018631
3696 0.019650
3709 0.020222
3710 0.020292
3711 0.020714
3712 0.022646
3713 0.023458
3714 0.025306
3730 0.025481
3731 0.025008
3819 0.025587
3820 0.026145
3880 0.026118
3892 0.026590
3893 0.026718
3897 0.028695
3898 0.029464
3899 0.029192
3900 0.029510
3901 0.029788
3902 0.030000
3906 0.027541
3907 0.026678
3913 0.028370
3914 0.030166
3917 0.031186
3918 0.030295
3919 0.029567
3920 0.029544
3931 0.029741
3932 0.027853
3933 0.025148
3937 0.024777
3938 0.024797
3939 0.024969
3940 0.025049
3941 0.024790
3942 0.024449
3943 0.024502
3944 0.024567
3959 0.023304
3960 0.023029
3961 0.022870
3962 0.023549
3963 0.024309
3964 0.024896
3965 0.025193
3970 0.025100
3971 0.022952
3972 0.022302
3973 0.020954
3974 0.022452
3975 0.024107
3977 0.024798
3978 0.024766
3993 0.025304
3994 0.025667
3998 0.025133
3999 0.025631
4002 0.026137
4003 0.025472
4004 0.024944
4005 0.024048
4011 0.024257
4012 0.024466
4013 0.025068
4014 0.025989
4015 0.026200
4016 0.025658
4017 0.024958
4028 0.024871
4029 0.024758
4040 0.025312
4066 0.025353
4068 0.023842
4144 0.024039
4174 0.023234
4175 0.022856
4176 0.023958
4177 0.024636
4260 0.024297
4415 0.024923
4480 0.024465
4481 0.023800
4482 0.023798
4483 0.024431
4512 0.026769
4513 0.028523
4514 0.028952
4516 0.029257
4517 0.028489
4528 0.027582
4529 0.027342
4530 0.027643
4536 0.027752
4537 0.027358
4538 0.027066
4572 0.028679
4573 0.030287
4574 0.031524
4608 0.031301
4623 0.031809
4624 0.031634
4625 0.030552
4634 0.029593
4646 0.030615
4647 0.030757
4650 0.035357
5067 0.036858
5069 0.036863
5070 0.036443
5074 0.035361
5075 0.035764
5083 0.035158
5084 0.034740
5110 0.034372
5113 0.036057
5117 0.036446
5118 0.036176
5127 0.036918
5128 0.036945
5129 0.036929
5131 0.034851
5132 0.033345
5154 0.032149
5156 0.031554
5157 0.030304
5161 0.029863
5162 0.029762
5163 0.030260
5169 0.029448
5170 0.028640
5171 0.023557
5246 0.022825
5258 0.023276
5259 0.023655
5261 0.023434
5262 0.022022
5263 0.021839
5297 0.021791
5301 0.023344
5302 0.021993
5303 0.021913
5304 0.021845
5305 0.021582
5386 0.021874
5480 0.022995
5481 0.023679
5487 0.024128
5488 0.024916
5489 0.024937
5490 0.024897
5491 0.024419
5517 0.024331
5519 0.023904
5523 0.025403
5524 0.026203
5526 0.027303
5527 0.028228
5528 0.028472
5535 0.029182
5536 0.029582
5611 0.030478
5687 0.031268
5733 0.037731
5826 0.043929
5936 0.045239
5937 0.046471
6067 0.046623
6071 0.047014
6208 0.048603
6229 0.048888
6330 0.052235
6468 0.056220
6645 0.063842
6657 0.071698
6685 0.071877
6917 0.072358
6964 0.073648
