614 0.053268
615 0.040857
616 0.033690
617 0.028600
618 0.024569
619 0.021234
620 0.018693
636 0.016895
637 0.015396
640 0.014188
664 0.013309
680 0.012328
689 0.011512
690 0.010878
729 0.010429
730 0.009996
731 0.009197
732 0.008723
733 0.008338
747 0.008096
748 0.007721
757 0.007486
759 0.007253
761 0.007020
764 0.006771
765 0.006514
766 0.006274
772 0.006051
774 0.005818
775 0.005624
776 0.005430
777 0.005251
778 0.004981
779 0.004816
798 0.004794
805 0.004641
879 0.004397
880 0.004132
881 0.003940
882 0.003723
914 0.003578
919 0.003507
1028 0.003460
1029 0.003408
1030 0.003265
1031 0.003197
1032 0.003050
1034 0.002941
1051 0.002871
1077 0.002920
1146 0.002950
1150 0.002963
1308 0.002865
1332 0.002768
1391 0.002785
1459 0.002725
1485 0.002671
1493 0.002613
1625 0.002563
1683 0.002420
1887 0.002316
2041 0.002231
2698 0.002184
2763 0.002130
2779 0.002066
2780 0.001986
2782 0.001889
2796 0.001843
2797 0.001801
2798 0.001757
2799 0.001706
2800 0.001631
2801 0.001574
2833 0.001556
2834 0.001409
2837 0.001344
2840 0.001295
2841 0.001294
2869 0.001328
2870 0.001242
2917 0.001255
2918 0.001247
2928 0.001267
2929 0.001280
2954 0.001282
2983 0.001246
2984 0.001222
2985 0.001189
3012 0.001204
3013 0.001233
3015 0.001240
3029 0.001272
3030 0.001232
3031 0.001206
3032 0.001192
3033 0.001186
3039 0.001208
3040 0.001205
3042 0.001204
3043 0.001207
3044 0.001189
3045 0.001175
3054 0.001154
3055 0.001100
3061 0.001071
3063 0.001037
3064 0.001017
3067 0.000980
3072 0.000978
3073 0.000952
3074 0.000951
3075 0.000948
3077 0.000940
3087 0.000911
3109 0.000871
3110 0.000849
3111 0.000798
3114 0.000790
3115 0.000785
3116 0.000775
3117 0.000763
3189 0.000740
3190 0.000745
3191 0.000715
3192 0.000687
3193 0.000662
3216 0.000652
3217 0.000643
3290 0.000650
3291 0.000641
3292 0.000628
3293 0.000615
3294 0.000603
3295 0.000567
3296 0.000544
3297 0.000528
3298 0.000518
3304 0.000530
3305 0.000510
3306 0.000498
3312 0.000494
3313 0.000493
3390 0.000497
3420 0.000513
3421 0.000523
3422 0.000528
3423 0.000517
3424 0.000506
3425 0.000501
3446 0.000501
3455 0.000509
3456 0.000497
3489 0.000510
3508 0.000498
3509 0.000499
3527 0.000505
3528 0.000517
3529 0.000522
3530 0.000522
3531 0.000520
3535 0.000522
3536 0.000532
3537 0.000523
3538 0.000524
3542 0.000531
3543 0.000525
3544 0.000519
3545 0.000498
3561 0.000478
3696 0.000465
3709 0.000468
3710 0.000474
3711 0.000474
3712 0.000472
3713 0.000466
3714 0.000453
3730 0.000448
3731 0.000431
3819 0.000425
3820 0.000417
3880 0.000409
3892 0.000398
3893 0.000388
3897 0.000392
3898 0.000394
3899 0.000389
3900 0.000375
3901 0.000366
3902 0.000359
3906 0.000352
3907 0.000348
3913 0.000350
3914 0.000352
3917 0.000353
3918 0.000354
3919 0.000342
3920 0.000330
3931 0.000333
3932 0.000336
3933 0.000340
3937 0.000354
3938 0.000356
3939 0.000356
3940 0.000356
3941 0.000356
3942 0.000354
3943 0.000348
3944 0.000348
3959 0.000336
3960 0.000325
3961 0.000319
3962 0.000316
3963 0.000315
3964 0.000313
3965 0.000305
3970 0.000303
3971 0.000297
3972 0.000297
3973 0.000291
3974 0.000287
3975 0.000284
3977 0.000282
3978 0.000270
3993 0.000264
3994 0.000260
3998 0.000247
3999 0.000243
4002 0.000245
4003 0.000243
4004 0.000239
4005 0.000237
4011 0.000240
4012 0.000243
4013 0.000244
4014 0.000244
4015 0.000245
4016 0.000244
4017 0.000242
4028 0.000244
4029 0.000245
4040 0.000246
4066 0.000248
4068 0.000241
4144 0.000236
4174 0.000237
4175 0.000237
4176 0.000236
4177 0.000235
4260 0.000239
4415 0.000239
4480 0.000246
4481 0.000247
4482 0.000242
4483 0.000236
4512 0.000233
4513 0.000231
4514 0.000226
4516 0.000221
4517 0.000219
4528 0.000222
4529 0.000222
4530 0.000220
4536 0.000221
4537 0.000216
4538 0.000212
4572 0.000208
4573 0.000205
4574 0.000205
4608 0.000204
4623 0.000203
4624 0.000203
4625 0.000206
4634 0.000208
4646 0.000203
4647 0.000202
4650 0.000204
5067 0.000197
5069 0.000194
5070 0.000193
5074 0.000195
5075 0.000195
5083 0.000197
5084 0.000198
5110 0.000200
5113 0.000197
5117 0.000195
5118 0.000195
5127 0.000196
5128 0.000197
5129 0.000198
5131 0.000199
5132 0.000199
5154 0.000205
5156 0.000205
5157 0.000200
5161 0.000199
5162 0.000195
5163 0.000190
5169 0.000188
5170 0.000184
5171 0.000169
5246 0.000170
5258 0.000172
5259 0.000173
5261 0.000171
5262 0.000170
5263 0.000168
5297 0.000168
5301 0.000167
5302 0.000165
5303 0.000163
5304 0.000161
5305 0.000158
5386 0.000161
5480 0.000159
5481 0.000155
5487 0.000156
5488 0.000148
5489 0.000146
5490 0.000143
5491 0.000139
5517 0.000141
5519 0.000141
5523 0.000143
5524 0.000148
5526 0.000149
5527 0.000148
5528 0.000146
5535 0.000148
5536 0.000148
5611 0.000148
5687 0.000148
5733 0.000159
5826 0.000192
5936 0.000194
5937 0.000194
6067 0.000195
6071 0.000197
6208 0.000202
6229 0.000201
6330 0.000219
6468 0.000229
6645 0.000262
6657 0.000293
6685 0.000302
6917 0.000314
6964 0.000327
