2135 0.110389
2143 0.104623
2148 0.099671
2155 0.097087
2181 0.092960
2185 0.087761
2203 0.086952
2211 0.083207
2218 0.080874
2237 0.078782
2290 0.079662
2295 0.080362
2310 0.078386
2344 0.080563
2367 0.078798
2373 0.080548
2379 0.082746
2403 0.082744
2885 0.084996
2942 0.085652
3053 0.084843
3807 0.082139
3916 0.083325
4757 0.080779
5499 0.083660
5856 0.085715
5873 0.086044
5925 0.086077
5956 0.083396
5983 0.080709
6005 0.079178
6015 0.079652
6020 0.080731
6035 0.080529
6054 0.079017
6128 0.079499
6145 0.078141
6174 0.080764
6192 0.081932
6201 0.080791
6216 0.078306
6226 0.076347
6257 0.081288
6261 0.080240
6267 0.079086
6286 0.080494
6320 0.080232
6404 0.077223
6432 0.077088
6590 0.072792
6596 0.072485
