2135 0.201277
2143 0.179080
2148 0.170582
2155 0.159950
2181 0.152786
2185 0.151413
2203 0.135629
2211 0.124179
2218 0.118236
2237 0.118857
2290 0.116468
2295 0.114122
2310 0.129171
2344 0.127784
2367 0.133807
2373 0.148281
2379 0.152857
2403 0.145824
2885 0.145723
2942 0.137912
3053 0.130667
3807 0.119123
3916 0.121819
4757 0.124088
5499 0.127022
5856 0.119916
5873 0.114491
5925 0.114750
5956 0.110831
5983 0.110912
6005 0.109266
6015 0.110003
6020 0.110891
6035 0.110139
6054 0.110191
6128 0.110783
6145 0.112699
6174 0.097792
6192 0.100571
6201 0.094758
6216 0.082228
6226 0.075449
6257 0.071713
6261 0.073819
6267 0.071803
6286 0.072162
6320 0.070769
6404 0.069511
6432 0.068663
6590 0.067044
6596 0.065936
