791 0.143142
792 0.137330
839 0.129579
841 0.124149
842 0.115141
859 0.109061
860 0.101065
861 0.093047
883 0.086907
884 0.076239
885 0.067941
887 0.060651
888 0.054890
941 0.051063
942 0.047513
944 0.045171
945 0.042456
947 0.042976
948 0.043181
949 0.041377
950 0.040392
951 0.035043
961 0.033025
962 0.034012
963 0.034413
964 0.032963
969 0.032782
1033 0.034781
1036 0.037702
1039 0.038623
1040 0.039629
1041 0.040566
1491 0.040699
1492 0.039080
1494 0.039505
1495 0.038977
1496 0.038558
1506 0.039125
1507 0.039260
1510 0.038821
1512 0.038492
1513 0.038430
1514 0.036898
1543 0.036584
1544 0.036354
1545 0.037728
1547 0.038255
1549 0.039770
1550 0.038657
1599 0.038288
1603 0.038697
1604 0.037282
1605 0.034783
1606 0.030521
1607 0.028539
1608 0.027831
1610 0.027422
1618 0.026724
1654 0.027370
1655 0.026844
1656 0.027068
1657 0.027084
1658 0.026177
1659 0.025121
1660 0.024712
1661 0.024330
1666 0.024522
1667 0.024636
1669 0.023933
1670 0.023422
1686 0.023602
1688 0.023623
1689 0.022616
1690 0.021919
1702 0.021053
1703 0.019808
1704 0.019713
1705 0.019670
1821 0.020381
1822 0.020547
1823 0.019710
1824 0.019458
1852 0.020521
1853 0.019447
1854 0.019444
1855 0.019100
1858 0.020959
1859 0.022328
1875 0.023131
1876 0.023648
1877 0.024092
1886 0.024321
1890 0.025123
1898 0.026999
1899 0.027388
1904 0.027208
1909 0.028677
1952 0.030079
1977 0.030372
1982 0.032861
2084 0.033514
2110 0.037405
2157 0.037602
2158 0.037030
2159 0.037028
2166 0.037173
2167 0.037114
2186 0.036489
2187 0.037067
2189 0.037003
2190 0.036908
2219 0.035546
2220 0.034494
2262 0.034217
2263 0.033942
2267 0.034102
2268 0.033504
2269 0.032902
2270 0.031431
2303 0.032664
2304 0.031593
2305 0.030111
2306 0.028595
2313 0.028006
2314 0.024792
2315 0.023820
2316 0.019645
2380 0.020159
2381 0.020723
2382 0.020398
2383 0.019446
2387 0.020720
2388 0.020794
2389 0.020059
2390 0.019852
2404 0.019914
2405 0.019155
2406 0.019192
2407 0.018932
2408 0.019048
2409 0.018733
2417 0.019775
2419 0.019941
2420 0.019638
2421 0.018483
2422 0.017853
2436 0.021167
2577 0.020866
2578 0.020939
2598 0.021350
2599 0.021466
2622 0.022071
2624 0.021690
2625 0.021172
2626 0.021435
2627 0.021635
2642 0.020528
2643 0.019856
2644 0.019562
2645 0.019237
2646 0.018864
2647 0.019218
2648 0.018944
2649 0.018994
2650 0.018717
2655 0.019760
2656 0.019268
2657 0.019248
2658 0.019232
2659 0.018801
2660 0.018507
2661 0.014202
2666 0.014567
2667 0.014396
2668 0.014500
2669 0.014575
2673 0.014274
2675 0.015113
2676 0.015770
2677 0.016248
2680 0.016667
2681 0.016377
2682 0.016806
2683 0.017592
2684 0.018175
2689 0.020094
2690 0.020600
2691 0.021068
2699 0.020985
2700 0.020853
2729 0.021215
2730 0.021261
2731 0.021101
2737 0.021243
2738 0.021355
2740 0.021384
2819 0.021941
2820 0.021779
2821 0.022030
2822 0.022138
2842 0.022565
2846 0.022615
2847 0.021554
3014 0.021238
3105 0.020594
3107 0.021171
3108 0.021275
3137 0.022819
3167 0.023827
3180 0.024308
3185 0.023282
3186 0.023948
3187 0.024506
3188 0.024761
3233 0.026490
3411 0.026957
3466 0.027565
3722 0.027208
3723 0.027065
3724 0.026963
3725 0.026928
3883 0.026290
3884 0.025605
3886 0.025022
3969 0.025100
4010 0.025128
4043 0.025344
4044 0.025458
4045 0.025047
4071 0.025387
4072 0.024521
4073 0.023884
4103 0.022515
4104 0.021299
4123 0.020653
4124 0.020096
4142 0.019363
4143 0.019029
4197 0.019503
4332 0.018566
4334 0.016796
4336 0.015580
4386 0.016288
4520 0.016165
4521 0.016069
4571 0.016463
4609 0.017613
4771 0.019681
4772 0.021525
4802 0.021172
4803 0.020539
4804 0.019995
4805 0.019573
4868 0.019968
4869 0.020050
4880 0.021145
4881 0.022119
4882 0.022281
4883 0.022415
4914 0.022373
4916 0.022484
4917 0.021580
4928 0.020666
4929 0.019816
5045 0.019578
5046 0.019477
5048 0.019142
5049 0.018106
5054 0.019656
5055 0.020825
5056 0.021248
5062 0.021059
5063 0.019707
5064 0.018439
5065 0.018583
5082 0.019737
5088 0.020859
5093 0.022196
5094 0.022550
5095 0.023390
5096 0.023050
5111 0.022939
5112 0.022873
5114 0.022507
5137 0.023780
5150 0.024453
5502 0.024628
5537 0.025071
5538 0.025435
5539 0.025436
5541 0.025466
5543 0.025783
5544 0.025965
5566 0.024528
5567 0.023450
5569 0.022640
5570 0.021705
5582 0.021643
5588 0.023674
5597 0.023862
5598 0.022948
5610 0.022418
5615 0.021436
5616 0.020627
5627 0.020468
5628 0.020426
5629 0.020311
5659 0.020760
5660 0.020649
5661 0.019333
5666 0.019327
5667 0.019472
5668 0.019300
5669 0.018886
5670 0.018293
5698 0.019130
5699 0.019672
5713 0.020278
5721 0.021079
5727 0.022368
5741 0.022560
5742 0.022655
5769 0.022871
5775 0.021303
5776 0.021482
5780 0.021659
5781 0.021432
5796 0.022262
5797 0.022921
5798 0.022320
5829 0.022631
5830 0.022004
5831 0.020971
5832 0.020945
5833 0.021076
5834 0.020080
5835 0.019750
5864 0.019653
5865 0.019985
5868 0.020515
5869 0.019688
5943 0.019956
5944 0.019295
5946 0.018411
6041 0.018124
6049 0.022488
6050 0.024574
6068 0.024639
6069 0.024253
6072 0.024183
6073 0.024450
6081 0.025366
6117 0.025298
6129 0.026605
6141 0.027317
6245 0.041530
6454 0.045771
6634 0.046337
6644 0.056689
6879 0.060378
6932 0.063843
6946 0.066148
