791 0.111108
792 0.096667
839 0.086855
841 0.081234
842 0.076229
859 0.067500
860 0.060117
861 0.038408
883 0.035783
884 0.028526
885 0.009214
887 0.008025
888 0.006825
941 0.005940
942 0.005262
944 0.004845
945 0.004513
947 0.004184
948 0.003893
949 0.003725
950 0.003454
951 0.003359
961 0.003238
962 0.003022
963 0.002874
964 0.002781
969 0.002750
1033 0.002644
1036 0.002576
1039 0.002512
1040 0.012133
1041 0.017365
1491 0.018655
1492 0.019682
1494 0.020322
1495 0.020638
1496 0.020813
1506 0.020838
1507 0.020832
1510 0.020806
1512 0.020784
1513 0.020746
1514 0.020647
1543 0.020569
1544 0.020516
1545 0.020481
1547 0.020449
1549 0.020421
1550 0.020402
1599 0.020387
1603 0.020418
1604 0.020392
1605 0.020347
1606 0.020324
1607 0.020303
1608 0.010497
1610 0.005156
1618 0.003786
1654 0.002664
1655 0.001945
1656 0.001552
1657 0.001307
1658 0.001214
1659 0.001113
1660 0.001058
1661 0.001007
1666 0.000977
1667 0.000961
1669 0.000946
1670 0.000933
1686 0.000924
1688 0.000932
1689 0.000940
1690 0.000939
1702 0.000927
1703 0.000874
1704 0.000841
1705 0.000821
1821 0.000825
1822 0.000825
1823 0.000830
1824 0.000835
1852 0.000833
1853 0.000816
1854 0.000793
1855 0.000777
1858 0.000799
1859 0.000803
1875 0.000805
1876 0.000800
1877 0.000794
1886 0.000798
1890 0.000800
1898 0.000804
1899 0.000802
1904 0.000801
1909 0.000777
1952 0.000757
1977 0.000744
1982 0.000744
2084 0.000745
2110 0.000770
2157 0.000765
2158 0.000744
2159 0.000727
2166 0.000719
2167 0.000701
2186 0.000683
2187 0.000667
2189 0.000654
2190 0.000645
2219 0.000612
2220 0.000591
2262 0.000575
2263 0.000569
2267 0.000574
2268 0.000563
2269 0.000549
2270 0.000528
2303 0.000536
2304 0.000525
2305 0.000515
2306 0.000506
2313 0.000507
2314 0.000500
2315 0.000489
2316 0.000451
2380 0.000451
2381 0.000450
2382 0.000446
2383 0.000434
2387 0.000442
2388 0.000446
2389 0.000445
2390 0.000442
2404 0.000441
2405 0.000430
2406 0.000428
2407 0.000424
2408 0.000416
2409 0.000400
2417 0.000402
2419 0.000407
2420 0.000409
2421 0.000386
2422 0.000370
2436 0.000375
2577 0.000372
2578 0.000360
2598 0.000353
2599 0.000348
2622 0.000357
2624 0.000346
2625 0.000336
2626 0.000329
2627 0.000323
2642 0.000318
2643 0.000312
2644 0.000309
2645 0.000306
2646 0.000303
2647 0.000302
2648 0.000301
2649 0.000298
2650 0.000298
2655 0.000315
2656 0.000306
2657 0.000293
2658 0.000286
2659 0.000285
2660 0.000284
2661 0.000266
2666 0.000266
2667 0.000264
2668 0.000259
2669 0.000254
2673 0.000243
2675 0.000245
2676 0.000254
2677 0.000261
2680 0.000263
2681 0.000255
2682 0.000248
2683 0.000246
2684 0.000247
2689 0.000252
2690 0.000263
2691 0.000266
2699 0.000265
2700 0.000263
2729 0.000254
2730 0.000255
2731 0.000256
2737 0.000261
2738 0.000261
2740 0.000260
2819 0.000264
2820 0.000261
2821 0.000261
2822 0.000262
2842 0.000263
2846 0.000262
2847 0.000258
3014 0.000254
3105 0.000248
3107 0.000248
3108 0.000250
3137 0.000257
3167 0.000258
3180 0.000258
3185 0.000255
3186 0.000247
3187 0.000243
3188 0.000241
3233 0.000240
3411 0.000235
3466 0.000229
3722 0.000225
3723 0.000216
3724 0.000211
3725 0.000207
3883 0.000202
3884 0.000196
3886 0.000191
3969 0.000187
4010 0.000187
4043 0.000186
4044 0.000187
4045 0.000182
4071 0.000186
4072 0.000185
4073 0.000183
4103 0.000179
4104 0.000177
4123 0.000177
4124 0.000174
4142 0.000172
4143 0.000168
4197 0.000166
4332 0.000168
4334 0.000164
4336 0.000163
4386 0.000163
4520 0.000166
4521 0.000167
4571 0.000167
4609 0.000164
4771 0.000169
4772 0.000174
4802 0.000174
4803 0.000171
4804 0.000166
4805 0.000163
4868 0.000161
4869 0.000154
4880 0.000153
4881 0.000151
4882 0.000148
4883 0.000146
4914 0.000143
4916 0.000143
4917 0.000139
4928 0.000139
4929 0.000137
5045 0.000137
5046 0.000138
5048 0.000138
5049 0.000138
5054 0.000133
5055 0.000131
5056 0.000130
5062 0.000133
5063 0.000129
5064 0.000125
5065 0.000125
5082 0.000128
5088 0.000129
5093 0.000129
5094 0.000129
5095 0.000130
5096 0.000131
5111 0.000134
5112 0.000134
5114 0.000137
5137 0.000144
5150 0.000147
5502 0.000146
5537 0.000148
5538 0.000149
5539 0.000146
5541 0.000144
5543 0.000144
5544 0.000145
5566 0.000148
5567 0.000149
5569 0.000150
5570 0.000147
5582 0.000145
5588 0.000152
5597 0.000152
5598 0.000148
5610 0.000155
5615 0.000157
5616 0.000159
5627 0.000161
5628 0.000160
5629 0.000160
5659 0.000160
5660 0.000158
5661 0.000151
5666 0.000147
5667 0.000146
5668 0.000144
5669 0.000142
5670 0.000141
5698 0.000140
5699 0.000139
5713 0.000137
5721 0.000135
5727 0.000135
5741 0.000134
5742 0.000133
5769 0.000132
5775 0.000126
5776 0.000125
5780 0.000125
5781 0.000117
5796 0.000123
5797 0.000122
5798 0.000120
5829 0.000121
5830 0.000120
5831 0.000119
5832 0.000117
5833 0.000116
5834 0.000114
5835 0.000113
5864 0.000114
5865 0.000115
5868 0.000114
5869 0.000114
5943 0.000117
5944 0.000118
5946 0.000118
6041 0.000122
6049 0.000135
6050 0.000146
6068 0.000154
6069 0.000152
6072 0.000152
6073 0.000153
6081 0.000159
6117 0.000151
6129 0.000156
6141 0.000155
6245 0.000172
6454 0.000177
6634 0.000181
6644 0.000205
6879 0.000215
6932 0.000225
6946 0.000231
