512 0.105117
515 0.102909
521 0.099976
524 0.097484
525 0.094988
530 0.092288
531 0.088530
532 0.083813
533 0.076996
534 0.068265
561 0.065984
563 0.062493
565 0.058213
566 0.053432
569 0.047000
570 0.045768
573 0.044976
574 0.044050
575 0.038997
576 0.035420
577 0.035644
624 0.036647
625 0.037803
752 0.037522
828 0.040340
864 0.037764
894 0.039811
909 0.040679
937 0.040388
1057 0.040569
1094 0.040958
1115 0.041867
1217 0.042428
1322 0.044567
1367 0.052452
1441 0.052989
1450 0.058483
1462 0.062105
1508 0.064931
1509 0.066392
1526 0.067021
1529 0.067477
1588 0.069956
1628 0.070744
1674 0.073755
1687 0.073631
1797 0.073036
1881 0.072329
1883 0.073120
1884 0.070880
1888 0.075261
1889 0.073863
1900 0.073790
1902 0.074813
1905 0.075577
1906 0.075045
1907 0.074567
1908 0.074650
1922 0.075623
1923 0.070302
1924 0.070783
1926 0.065886
1927 0.064192
1931 0.064294
1946 0.063357
1966 0.065323
2053 0.064063
2054 0.061105
2055 0.060136
2059 0.057844
2060 0.055865
2061 0.054952
2062 0.054621
2063 0.054545
2064 0.054259
2065 0.050277
2066 0.047419
2071 0.047666
2073 0.047855
2074 0.047371
2075 0.047009
2076 0.046710
2086 0.046565
2087 0.043981
2089 0.042302
2090 0.040702
2091 0.038528
2092 0.037149
2096 0.034496
2097 0.033469
2101 0.031572
2102 0.031845
2103 0.032119
2104 0.032291
2123 0.034716
2160 0.034195
2161 0.033432
2162 0.032410
2163 0.031184
2165 0.032569
2168 0.033905
2169 0.034498
2170 0.033295
2171 0.031683
2177 0.031664
2178 0.031903
2179 0.032246
2195 0.032413
2196 0.032173
2197 0.031398
2198 0.030779
2207 0.031952
2222 0.032358
2223 0.032694
2224 0.033356
2225 0.032730
2226 0.033102
2227 0.033116
2228 0.032872
2229 0.029454
2230 0.029613
2231 0.030213
2233 0.030707
2234 0.031393
2235 0.029983
2240 0.029187
2241 0.028905
2242 0.029103
2244 0.031804
2245 0.032239
2246 0.032112
2247 0.031616
2252 0.031791
2253 0.031849
2254 0.031826
2256 0.031711
2264 0.031690
2265 0.031676
2266 0.031658
2280 0.030692
2281 0.029863
2282 0.028485
2283 0.027891
2288 0.036355
2359 0.036364
2360 0.036063
2361 0.035748
2365 0.036940
2369 0.037384
2370 0.037474
2371 0.037121
2376 0.038329
2400 0.038768
2401 0.036698
2416 0.037073
2426 0.037585
2427 0.037907
2441 0.037124
2442 0.037029
2443 0.037425
2446 0.037758
2447 0.036168
2451 0.036657
2452 0.037050
2453 0.038273
2454 0.039413
2470 0.040908
2471 0.041146
2472 0.032389
2479 0.032773
2482 0.032434
2483 0.032041
2484 0.030528
2493 0.032643
2501 0.033826
2502 0.034641
2505 0.037028
2554 0.039554
2555 0.041130
2854 0.043022
2890 0.043998
2911 0.058105
3096 0.061518
3145 0.065767
3240 0.066310
3269 0.066853
3315 0.067721
3333 0.067056
3493 0.067465
3620 0.068628
3624 0.069861
3647 0.068504
3732 0.069074
3749 0.074135
3750 0.077315
3752 0.080380
3753 0.081478
3754 0.082342
3755 0.080148
3756 0.079093
3757 0.080032
3758 0.077872
3759 0.076127
3762 0.073960
3763 0.070027
3764 0.067402
3766 0.053314
3767 0.050171
3768 0.046035
3769 0.045345
3773 0.046300
3774 0.046706
3777 0.046751
3778 0.045808
3779 0.044243
3873 0.048074
3874 0.053281
3876 0.057903
3923 0.053947
3924 0.050866
3928 0.049576
3929 0.049439
4248 0.050838
4364 0.053644
4588 0.057170
4830 0.059855
4840 0.063033
4954 0.064645
4957 0.071067
5037 0.071905
5339 0.078527
5393 0.082119
5641 0.085162
5771 0.085176
5850 0.089028
5851 0.090050
6017 0.091707
6176 0.095628
6292 0.098010
6310 0.100586
6384 0.096908
6390 0.092936
6392 0.089471
6393 0.090188
6396 0.090754
6410 0.089669
6411 0.089167
6412 0.087222
6415 0.086561
6416 0.084482
6417 0.081310
6422 0.081858
6423 0.082904
6428 0.083967
6429 0.088936
6430 0.086857
6553 0.084911
6556 0.085616
6558 0.087282
6559 0.083574
6739 0.082789
6824 0.083600
6833 0.081037
