512 0.100711
515 0.100266
521 0.100222
524 0.085702
525 0.084757
530 0.072637
531 0.051434
532 0.040514
533 0.033382
534 0.027680
561 0.023128
563 0.019851
565 0.016967
566 0.015110
569 0.013874
570 0.012661
573 0.011255
574 0.009939
575 0.009452
576 0.008640
577 0.007922
624 0.007354
625 0.006871
752 0.006355
828 0.005978
864 0.005458
894 0.005316
909 0.004935
937 0.004644
1057 0.004400
1094 0.004221
1115 0.004014
1217 0.003830
1322 0.003655
1367 0.003478
1441 0.003392
1450 0.003249
1462 0.003107
1508 0.002965
1509 0.002774
1526 0.002601
1529 0.002529
1588 0.002432
1628 0.002342
1674 0.002271
1687 0.002194
1797 0.002100
1881 0.001996
1883 0.001934
1884 0.001877
1888 0.001781
1889 0.001602
1900 0.001494
1902 0.001446
1905 0.001386
1906 0.001354
1907 0.001352
1908 0.001334
1922 0.001299
1923 0.001329
1924 0.001362
1926 0.001391
1927 0.001422
1931 0.001427
1946 0.001437
1966 0.001428
2053 0.001433
2054 0.001454
2055 0.001467
2059 0.001443
2060 0.001444
2061 0.001459
2062 0.001485
2063 0.001509
2064 0.001526
2065 0.001555
2066 0.001588
2071 0.001577
2073 0.001562
2074 0.001538
2075 0.001517
2076 0.001496
2086 0.001470
2087 0.001472
2089 0.001402
2090 0.001324
2091 0.001277
2092 0.001244
2096 0.001223
2097 0.001213
2101 0.001227
2102 0.001222
2103 0.001220
2104 0.001218
2123 0.001184
2160 0.001130
2161 0.001075
2162 0.001019
2163 0.000971
2165 0.000932
2168 0.000879
2169 0.000831
2170 0.000832
2171 0.000829
2177 0.000828
2178 0.000824
2179 0.000820
2195 0.000833
2196 0.000817
2197 0.000813
2198 0.000816
2207 0.000799
2222 0.000778
2223 0.000785
2224 0.000774
2225 0.000741
2226 0.000714
2227 0.000686
2228 0.000656
2229 0.000677
2230 0.000687
2231 0.000690
2233 0.000703
2234 0.000718
2235 0.000734
2240 0.000734
2241 0.000737
2242 0.000740
2244 0.000736
2245 0.000725
2246 0.000715
2247 0.000705
2252 0.000677
2253 0.000668
2254 0.000658
2256 0.000649
2264 0.000644
2265 0.000643
2266 0.000632
2280 0.000617
2281 0.000611
2282 0.000603
2283 0.000595
2288 0.000575
2359 0.000567
2360 0.000561
2361 0.000560
2365 0.000557
2369 0.000527
2370 0.000500
2371 0.000502
2376 0.000493
2400 0.000479
2401 0.000473
2416 0.000465
2426 0.000454
2427 0.000442
2441 0.000449
2442 0.000449
2443 0.000449
2446 0.000438
2447 0.000439
2451 0.000435
2452 0.000430
2453 0.000428
2454 0.000417
2470 0.000403
2471 0.000388
2472 0.000385
2479 0.000377
2482 0.000365
2483 0.000352
2484 0.000331
2493 0.000329
2501 0.000327
2502 0.000321
2505 0.000310
2554 0.000305
2555 0.000308
2854 0.000307
2890 0.000316
2911 0.000358
3096 0.000343
3145 0.000333
3240 0.000318
3269 0.000318
3315 0.000312
3333 0.000321
3493 0.000319
3620 0.000319
3624 0.000325
3647 0.000327
3732 0.000326
3749 0.000330
3750 0.000326
3752 0.000326
3753 0.000326
3754 0.000325
3755 0.000326
3756 0.000323
3757 0.000322
3758 0.000327
3759 0.000328
3762 0.000318
3763 0.000317
3764 0.000308
3766 0.000266
3767 0.000266
3768 0.000264
3769 0.000265
3773 0.000260
3774 0.000261
3777 0.000248
3778 0.000247
3779 0.000243
3873 0.000258
3874 0.000277
3876 0.000313
3923 0.000306
3924 0.000299
3928 0.000291
3929 0.010488
4248 0.010916
4364 0.011230
4588 0.011421
4830 0.011575
4840 0.011688
4954 0.011754
4957 0.011839
5037 0.011880
5339 0.011905
5393 0.011910
5641 0.011965
5771 0.011983
5850 0.011981
5851 0.011982
6017 0.011983
6176 0.011983
6292 0.011991
6310 0.011994
6384 0.011974
6390 0.011964
6392 0.011942
6393 0.011962
6396 0.011970
6410 0.011978
6411 0.001782
6412 0.001358
6415 0.001057
6416 0.000884
6417 0.000749
6422 0.000627
6423 0.000551
6428 0.000464
6429 0.000420
6430 0.010736
6553 0.011270
6556 0.017702
6558 0.021430
6559 0.024049
6739 0.026977
6824 0.028603
6833 0.031652
