1095 0.058987
1096 0.052974
1097 0.048732
1100 0.045499
1101 0.042846
1102 0.040883
1103 0.038019
1114 0.037906
1116 0.037558
1117 0.034592
1118 0.033899
1119 0.033490
1120 0.033275
1121 0.032313
1129 0.032555
1130 0.031333
1134 0.030233
1219 0.029380
1220 0.028648
1221 0.028354
1222 0.027917
1233 0.029551
1234 0.029821
1236 0.030060
1237 0.029979
1238 0.029789
1239 0.029629
1240 0.029494
1246 0.031965
1249 0.031541
1251 0.032238
1252 0.032797
1253 0.031204
1254 0.030383
1259 0.031179
1260 0.030278
1262 0.029745
1264 0.029071
1265 0.028509
1266 0.027065
1267 0.025903
1280 0.027756
1281 0.029117
1282 0.030068
1283 0.030723
1297 0.032444
1298 0.031786
1299 0.031324
1300 0.030977
1301 0.032588
1345 0.034075
1436 0.035708
1760 0.036464
1842 0.034861
1947 0.036236
2108 0.044251
2172 0.044536
2243 0.048534
2255 0.048890
2350 0.050594
2384 0.051161
2392 0.051723
2399 0.052001
2739 0.057059
2747 0.060311
2970 0.061718
2975 0.063477
2978 0.064114
2979 0.064621
2980 0.065015
2981 0.064038
2986 0.064359
2987 0.064601
2988 0.064760
2989 0.062968
2990 0.061332
2991 0.061487
2992 0.062157
2993 0.062301
2994 0.062136
2995 0.053551
2996 0.052794
2998 0.048586
2999 0.048028
3000 0.044788
3001 0.043056
3002 0.041385
3021 0.041798
3022 0.037285
3023 0.034457
3024 0.033376
3025 0.030424
3026 0.028975
3027 0.027926
3028 0.027175
3035 0.027314
3036 0.026334
3037 0.025570
3047 0.027619
3093 0.028497
3122 0.028520
3198 0.027702
3199 0.026981
3202 0.028380
3213 0.028800
3368 0.029928
3372 0.030533
3375 0.032253
3377 0.032734
3378 0.033087
3379 0.033347
3380 0.033538
3386 0.034670
3387 0.035530
3388 0.036192
3389 0.036708
3393 0.036454
3394 0.036260
3395 0.036122
3401 0.036714
3402 0.036506
3403 0.036329
3404 0.036179
3408 0.042350
3409 0.047612
3447 0.050654
3559 0.050349
3720 0.052250
3743 0.051684
3751 0.054129
3791 0.054671
3844 0.055440
4053 0.054762
4061 0.056142
4074 0.057794
4076 0.058524
4210 0.061919
4253 0.061561
4370 0.060605
4421 0.060090
4422 0.059652
4423 0.058783
4424 0.058112
4425 0.057591
4432 0.056535
4433 0.055724
4434 0.055106
4451 0.057468
4452 0.050306
4453 0.044924
4454 0.042394
4456 0.043006
4457 0.041327
4458 0.040029
4459 0.036746
4464 0.037647
4465 0.038181
4466 0.038370
4467 0.037433
4473 0.040950
4700 0.043741
4949 0.040764
5042 0.039509
5043 0.039246
5436 0.041349
5438 0.044621
5590 0.044713
5592 0.045321
5593 0.045831
5594 0.046225
5595 0.046550
5630 0.046923
5631 0.044373
5632 0.042456
5633 0.041023
5635 0.040647
5637 0.039469
5638 0.038606
5651 0.038088
5652 0.037713
5653 0.034980
5654 0.032930
5675 0.032353
5676 0.031940
5677 0.026799
5678 0.023306
5691 0.023788
5692 0.023762
5693 0.023704
5694 0.021114
5700 0.017501
5748 0.019295
5756 0.019033
5757 0.018790
5758 0.018569
5759 0.018370
5760 0.018344
5761 0.018326
5762 0.018325
5763 0.018336
5770 0.018514
5772 0.018546
5773 0.018589
5799 0.020841
5807 0.021435
5808 0.021898
5811 0.023199
5828 0.027551
5885 0.027547
5886 0.027557
5888 0.027601
5889 0.026775
5890 0.026168
5891 0.025724
5905 0.027447
5906 0.028755
5907 0.027593
5908 0.027783
5915 0.029644
5918 0.032471
5927 0.033190
5928 0.033517
5930 0.033950
5931 0.033986
5932 0.034013
5933 0.033182
5938 0.032898
5939 0.032688
5940 0.030214
5941 0.029466
5942 0.034197
5945 0.038101
5958 0.037487
5965 0.038849
5971 0.038887
6016 0.039794
6018 0.040940
6029 0.041239
6030 0.041445
6031 0.039539
6032 0.038078
6098 0.038539
6099 0.038880
6100 0.037396
6101 0.034831
6102 0.034112
6103 0.033512
6104 0.032849
6105 0.032620
6110 0.033370
6111 0.033990
6112 0.034146
6113 0.034269
6120 0.036164
6121 0.037666
6122 0.033594
6123 0.029329
6124 0.025425
6147 0.023794
6179 0.024294
6295 0.024519
6304 0.024535
6312 0.024410
6628 0.024323
6629 0.024276
6630 0.024256
6631 0.022676
6661 0.026023
6662 0.028936
6711 0.032191
6712 0.035001
6713 0.037255
6714 0.039057
6754 0.043234
6901 0.044096
