1095 0.000302
1096 0.000228
1097 0.000201
1100 0.000178
1101 0.000162
1102 0.000142
1103 0.000114
1114 0.000096
1116 0.000084
1117 0.000072
1118 0.000057
1119 0.000049
1120 0.000044
1121 0.000046
1129 0.000042
1130 0.000043
1134 0.000044
1219 0.000038
1220 0.000038
1221 0.000039
1222 0.000038
1233 0.000038
1234 0.000034
1236 0.000031
1237 0.000028
1238 0.000025
1239 0.000023
1240 0.000022
1246 0.000026
1249 0.000026
1251 0.000026
1252 0.000027
1253 0.000026
1254 0.000025
1259 0.000029
1260 0.000027
1262 0.000022
1264 0.000020
1265 0.000018
1266 0.000016
1267 0.000016
1280 0.000021
1281 0.000022
1282 0.000022
1283 0.000022
1297 0.000024
1298 0.000025
1299 0.000025
1300 0.000025
1301 0.000028
1345 0.000030
1436 0.000034
1760 0.000034
1842 0.000030
1947 0.000032
2108 0.000073
2172 0.000075
2243 0.000079
2255 0.000080
2350 0.000076
2384 0.000080
2392 0.000083
2399 0.000084
2739 0.000098
2747 0.000108
2970 0.000110
2975 0.000106
2978 0.000108
2979 0.000110
2980 0.000111
2981 0.000110
2986 0.000114
2987 0.000117
2988 0.000120
2989 0.000118
2990 0.000117
2991 0.000114
2992 0.000119
2993 0.000122
2994 0.000123
2995 0.000082
2996 0.000080
2998 0.000075
2999 0.000075
3000 0.000074
3001 0.000070
3002 0.000067
3021 0.000075
3022 0.000063
3023 0.000054
3024 0.000052
3025 0.000052
3026 0.000049
3027 0.000046
3028 0.000045
3035 0.000047
3036 0.000045
3037 0.000043
3047 0.000045
3093 0.000044
3122 0.000043
3198 0.000042
3199 0.000037
3202 0.000034
3213 0.000033
3368 0.000036
3372 0.000036
3375 0.000037
3377 0.000037
3378 0.000037
3379 0.000037
3380 0.000037
3386 0.000030
3387 0.000029
3388 0.000029
3389 0.000028
3393 0.000032
3394 0.000032
3395 0.000032
3401 0.000033
3402 0.000030
3403 0.000029
3404 0.000028
3408 0.000046
3409 0.000059
3447 0.000062
3559 0.000065
3720 0.000066
3743 0.000073
3751 0.000072
3791 0.000075
3844 0.000089
4053 0.000091
4061 0.000095
4074 0.000097
4076 0.000099
4210 0.000106
4253 0.000109
4370 0.000109
4421 0.000108
4422 0.000108
4423 0.000104
4424 0.000103
4425 0.000102
4432 0.000100
4433 0.000100
4434 0.000099
4451 0.000103
4452 0.000082
4453 0.000069
4454 0.000067
4456 0.000068
4457 0.000070
4458 0.000065
4459 0.000065
4464 0.000062
4465 0.000049
4466 0.000047
4467 0.000044
4473 0.000051
4700 0.000055
4949 0.000049
5042 0.000044
5043 0.000043
5436 0.000044
5438 0.000045
5590 0.000046
5592 0.000046
5593 0.000046
5594 0.000047
5595 0.000047
5630 0.000047
5631 0.000045
5632 0.000044
5633 0.000044
5635 0.000043
5637 0.000039
5638 0.000037
5651 0.000036
5652 0.000035
5653 0.000033
5654 0.000031
5675 0.000033
5676 0.000034
5677 0.000025
5678 0.000020
5691 0.000025
5692 0.000026
5693 0.000028
5694 0.000027
5700 0.000030
5748 0.000034
5756 0.000034
5757 0.000034
5758 0.000034
5759 0.000034
5760 0.000034
5761 0.000032
5762 0.000031
5763 0.000030
5770 0.000034
5772 0.000034
5773 0.000033
5799 0.000038
5807 0.000039
5808 0.000039
5811 0.000039
5828 0.000051
5885 0.000050
5886 0.000049
5888 0.000048
5889 0.000043
5890 0.000042
5891 0.000040
5905 0.000045
5906 0.000045
5907 0.000042
5908 0.000043
5915 0.000045
5918 0.000047
5927 0.000047
5928 0.000047
5930 0.000047
5931 0.000048
5932 0.000048
5933 0.000044
5938 0.000044
5939 0.000045
5940 0.000040
5941 0.000038
5942 0.000045
5945 0.000059
5958 0.000048
5965 0.000049
5971 0.000051
6016 0.000055
6018 0.000059
6029 0.000060
6030 0.000061
6031 0.000055
6032 0.000052
6098 0.000053
6099 0.000055
6100 0.000053
6101 0.000053
6102 0.000053
6103 0.000053
6104 0.000053
6105 0.000053
6110 0.000054
6111 0.000055
6112 0.000055
6113 0.000054
6120 0.000056
6121 0.000058
6122 0.000052
6123 0.000038
6124 0.000035
6147 0.000034
6179 0.000032
6295 0.000029
6304 0.000026
6312 0.000029
6628 0.000031
6629 0.000031
6630 0.000031
6631 0.000028
6661 0.000026
6662 0.000025
6711 0.000024
6712 0.000024
6713 0.000024
6714 0.000024
6754 0.000026
6901 0.000032
