157 0.105252
158 0.098689
159 0.095939
188 0.103143
222 0.102581
274 0.102203
440 0.104118
537 0.102725
544 0.100933
547 0.097963
612 0.096207
728 0.094173
782 0.095186
886 0.094835
889 0.094495
890 0.094503
891 0.092695
892 0.090992
913 0.089107
915 0.087609
917 0.084069
918 0.081255
920 0.071814
924 0.065796
925 0.062965
928 0.063783
929 0.064255
930 0.064472
931 0.055826
943 0.057488
946 0.057185
956 0.053746
957 0.049543
958 0.046907
980 0.046283
1035 0.053797
1074 0.054772
1075 0.052405
1076 0.051840
1329 0.056287
1353 0.059240
1570 0.059005
1629 0.059043
1893 0.071039
1915 0.071167
1917 0.071292
2040 0.072168
2109 0.079263
2221 0.079703
2248 0.080339
2273 0.077779
2331 0.075696
2393 0.078147
2531 0.079823
2532 0.078352
2533 0.078253
2534 0.079363
2535 0.080510
2536 0.081253
2537 0.080643
2538 0.072674
2539 0.071495
2540 0.070333
2541 0.069120
2542 0.063432
2543 0.064543
2544 0.066995
2545 0.068699
2546 0.058143
2549 0.059637
2562 0.065663
2568 0.076414
2716 0.070842
2781 0.072506
2851 0.072576
3182 0.073163
3462 0.077715
3491 0.074343
3502 0.074158
3523 0.073610
3783 0.077571
3800 0.080880
3895 0.083419
3976 0.084599
4161 0.085803
4162 0.086698
4217 0.087450
4218 0.087831
4221 0.088327
4222 0.091341
4223 0.088610
4224 0.087340
4225 0.086373
4226 0.087931
4227 0.088866
4230 0.084966
4231 0.074444
4233 0.072595
4234 0.069808
4235 0.068630
4237 0.072466
4238 0.071230
4239 0.072882
4240 0.071781
4241 0.073241
4242 0.069688
4243 0.066506
4244 0.063768
4282 0.062246
4286 0.063847
4316 0.064321
4339 0.063499
4340 0.063271
4342 0.063086
4343 0.060350
4344 0.058512
4351 0.057260
4352 0.056172
4353 0.053040
4354 0.050608
4381 0.048569
4382 0.047290
4384 0.047945
4390 0.048436
4391 0.048554
4392 0.043927
4393 0.040505
4399 0.038626
4400 0.036865
4401 0.033762
4402 0.031869
4403 0.030709
4410 0.033518
4411 0.035710
4412 0.034246
4414 0.034228
4426 0.034426
4486 0.034480
4500 0.034409
4544 0.034520
4616 0.034511
4669 0.033786
4686 0.034334
4707 0.035070
4708 0.035452
4709 0.035728
4710 0.036407
4720 0.035392
4722 0.034683
4733 0.034588
4734 0.034722
4737 0.035189
4738 0.034772
4739 0.034827
4740 0.035120
4749 0.034970
4750 0.034533
4751 0.030455
4752 0.027639
4753 0.026454
4754 0.025191
4755 0.024834
4758 0.026770
4760 0.028464
4761 0.029131
4762 0.029410
4763 0.030119
4769 0.031478
4806 0.031550
4807 0.031249
4809 0.030747
4815 0.030874
4884 0.036855
4893 0.041812
4993 0.044835
5071 0.045710
5143 0.049730
5306 0.050208
5327 0.053399
5554 0.054599
5601 0.055451
5634 0.056922
5636 0.058728
5812 0.060150
5882 0.063995
5929 0.065429
5966 0.066294
5970 0.064403
5972 0.062813
5973 0.062023
5976 0.065557
5977 0.068149
5980 0.071172
5981 0.073703
5999 0.073993
6000 0.074456
6002 0.074141
6003 0.068507
6007 0.063959
6008 0.060722
6009 0.059371
6010 0.054549
6011 0.053283
6012 0.049385
6013 0.047563
6022 0.051800
6023 0.054156
6033 0.055099
6036 0.054368
6037 0.050019
6038 0.048152
6042 0.048161
6043 0.048387
6045 0.048452
6051 0.051633
6052 0.050108
6055 0.048780
6056 0.044116
6057 0.040433
6080 0.040016
6134 0.039903
6142 0.039471
6143 0.039005
6152 0.040133
6153 0.041180
6154 0.042174
6155 0.043067
6167 0.043960
6169 0.045613
6170 0.046835
6184 0.042802
6185 0.039600
6186 0.037060
6187 0.036324
6188 0.036187
6189 0.036083
6190 0.034870
6199 0.035097
6202 0.036069
6203 0.033115
6205 0.031059
6207 0.031053
6209 0.030657
6210 0.030694
6211 0.030462
6212 0.030332
6213 0.031456
6218 0.033928
6219 0.033809
6220 0.033451
6221 0.033004
6297 0.032741
6298 0.032259
6299 0.030722
6300 0.029474
6328 0.032016
6357 0.043083
6476 0.047429
6481 0.062122
6703 0.063744
6766 0.068873
6789 0.070898
6886 0.076377
