157 0.032335
158 0.026144
159 0.022468
188 0.019829
222 0.017894
274 0.016493
440 0.015401
537 0.014419
544 0.013465
547 0.012080
612 0.011025
728 0.008046
782 0.007237
886 0.006399
889 0.005911
890 0.005543
891 0.005338
892 0.005117
913 0.005015
915 0.004892
917 0.004569
918 0.004291
920 0.004018
924 0.003785
925 0.003556
928 0.003448
929 0.003363
930 0.003283
931 0.003371
943 0.003232
946 0.003169
956 0.003053
957 0.002828
958 0.002777
980 0.002757
1035 0.002678
1074 0.002612
1075 0.002549
1076 0.002561
1329 0.002486
1353 0.002405
1570 0.002370
1629 0.002297
1893 0.002220
1915 0.002190
1917 0.002136
2040 0.002063
2109 0.002056
2221 0.001974
2248 0.001916
2273 0.001765
2331 0.001635
2393 0.001487
2531 0.001350
2532 0.001351
2533 0.001336
2534 0.001318
2535 0.001298
2536 0.001273
2537 0.001245
2538 0.001256
2539 0.001216
2540 0.001166
2541 0.001116
2542 0.001131
2543 0.001133
2544 0.001090
2545 0.001082
2546 0.001082
2549 0.001050
2562 0.001054
2568 0.001131
2716 0.001073
2781 0.001064
2851 0.001034
3182 0.001030
3462 0.000989
3491 0.000968
3502 0.000942
3523 0.000911
3783 0.000946
3800 0.000982
3895 0.000954
3976 0.000930
4161 0.000896
4162 0.000861
4217 0.000840
4218 0.000822
4221 0.000793
4222 0.000775
4223 0.000776
4224 0.000779
4225 0.000785
4226 0.000782
4227 0.000789
4230 0.000759
4231 0.000670
4233 0.000669
4234 0.000670
4235 0.000673
4237 0.000683
4238 0.000724
4239 0.000760
4240 0.000790
4241 0.000794
4242 0.000723
4243 0.000649
4244 0.000646
4282 0.000637
4286 0.000649
4316 0.000656
4339 0.000654
4340 0.000652
4342 0.000667
4343 0.000673
4344 0.000663
4351 0.000637
4352 0.000609
4353 0.000591
4354 0.000579
4381 0.000590
4382 0.000590
4384 0.000587
4390 0.000584
4391 0.000582
4392 0.000567
4393 0.000529
4399 0.000488
4400 0.000449
4401 0.000438
4402 0.000436
4403 0.000435
4410 0.000443
4411 0.000450
4412 0.000446
4414 0.000438
4426 0.000433
4486 0.000437
4500 0.000420
4544 0.000409
4616 0.000390
4669 0.000385
4686 0.000383
4707 0.000374
4708 0.000367
4709 0.000351
4710 0.000346
4720 0.000348
4722 0.000349
4733 0.000353
4734 0.000350
4737 0.000352
4738 0.000356
4739 0.000358
4740 0.000361
4749 0.000355
4750 0.000351
4751 0.000338
4752 0.000332
4753 0.000326
4754 0.000329
4755 0.000333
4758 0.000316
4760 0.000312
4761 0.000301
4762 0.000295
4763 0.000291
4769 0.000288
4806 0.000287
4807 0.000284
4809 0.000281
4815 0.000282
4884 0.000277
4893 0.000282
4993 0.000276
5071 0.000272
5143 0.000275
5306 0.000266
5327 0.000262
5554 0.000252
5601 0.000248
5634 0.000250
5636 0.000256
5812 0.000260
5882 0.000252
5929 0.000258
5966 0.000253
5970 0.000266
5972 0.000280
5973 0.000294
5976 0.000297
5977 0.000298
5980 0.000290
5981 0.000288
5999 0.000289
6000 0.000290
6002 0.000285
6003 0.000283
6007 0.000272
6008 0.000266
6009 0.000266
6010 0.000254
6011 0.000253
6012 0.000246
6013 0.000245
6022 0.000246
6023 0.000237
6033 0.000231
6036 0.000218
6037 0.000216
6038 0.000200
6042 0.000196
6043 0.000187
6045 0.000177
6051 0.000177
6052 0.000187
6055 0.000186
6056 0.000186
6057 0.000187
6080 0.000192
6134 0.000188
6142 0.000187
6143 0.000186
6152 0.000186
6153 0.000193
6154 0.000200
6155 0.000207
6167 0.000211
6169 0.000218
6170 0.000228
6184 0.000229
6185 0.000227
6186 0.000219
6187 0.000220
6188 0.000222
6189 0.000226
6190 0.000225
6199 0.000224
6202 0.000220
6203 0.000206
6205 0.000191
6207 0.000191
6209 0.000195
6210 0.000198
6211 0.000194
6212 0.000200
6213 0.000204
6218 0.000204
6219 0.000203
6220 0.000195
6221 0.000188
6297 0.000184
6298 0.000182
6299 0.000175
6300 0.000167
6328 0.000171
6357 0.000216
6476 0.000231
6481 0.000268
6703 0.000274
6766 0.000287
6789 0.000300
6886 0.000323
