553 0.092341
554 0.086241
555 0.081431
582 0.081153
583 0.080941
584 0.077896
585 0.077670
590 0.077664
591 0.075773
592 0.069280
604 0.067834
605 0.069750
606 0.070418
607 0.069648
608 0.064214
609 0.060172
610 0.056605
611 0.054806
638 0.057756
641 0.056575
652 0.054416
653 0.053075
654 0.052006
655 0.049118
706 0.052170
707 0.054492
723 0.053795
724 0.053253
725 0.050432
726 0.048247
727 0.046559
734 0.046154
735 0.044052
736 0.042368
737 0.041018
743 0.041017
744 0.041168
745 0.041368
773 0.041043
784 0.041586
785 0.042013
786 0.042351
787 0.042619
788 0.038712
795 0.040033
799 0.041167
800 0.041999
801 0.042608
802 0.043055
803 0.038458
804 0.034988
806 0.035431
807 0.035805
808 0.036118
809 0.036382
844 0.037976
845 0.038328
847 0.039924
848 0.041170
850 0.041171
852 0.039208
853 0.037756
855 0.035815
856 0.034891
857 0.033674
858 0.032769
965 0.032592
966 0.032516
967 0.032501
968 0.028348
1078 0.027465
1079 0.026821
1080 0.026352
1081 0.026009
1108 0.026764
1109 0.027400
1110 0.027321
1111 0.027264
1141 0.027285
1142 0.027292
1143 0.025912
1144 0.024829
1147 0.024385
1148 0.023976
1149 0.024577
1151 0.023421
1152 0.022481
1154 0.023540
1155 0.024349
1156 0.024972
1157 0.025457
1179 0.025857
1181 0.026379
1182 0.026724
1183 0.026951
1184 0.026106
1223 0.026195
1224 0.026258
1225 0.026305
1226 0.025107
1227 0.024751
1228 0.024481
1229 0.024281
1230 0.024065
1255 0.024846
1256 0.025470
1257 0.025969
1258 0.024593
1348 0.025500
1349 0.026145
1350 0.026296
1352 0.028101
1354 0.028145
1355 0.028094
1361 0.029626
1362 0.030745
1364 0.032001
1368 0.033215
1369 0.034147
1370 0.034871
1381 0.035795
1382 0.035719
1384 0.035977
1385 0.036166
1386 0.036303
1387 0.035809
1414 0.036015
1415 0.036118
1416 0.036156
1417 0.035217
1443 0.035006
1444 0.034780
1445 0.034583
1447 0.034286
1448 0.034079
1449 0.033975
1456 0.033274
1457 0.033180
1458 0.033213
1521 0.031335
1572 0.031560
1573 0.030809
1574 0.029684
1723 0.029387
1738 0.029533
1802 0.029125
1878 0.028972
1914 0.029070
1942 0.029245
1943 0.029358
1944 0.029432
1945 0.028872
1956 0.029209
1957 0.029422
1958 0.029552
1959 0.029078
1978 0.029358
1979 0.029558
1980 0.027872
1981 0.026592
2058 0.026900
2067 0.028048
2068 0.028765
2069 0.029193
2070 0.029782
2078 0.032913
2079 0.035282
2080 0.037150
2572 0.045738
2692 0.046555
2742 0.046481
2864 0.047196
3016 0.050805
3018 0.054035
3181 0.054380
3439 0.055096
3497 0.056482
3699 0.057344
3881 0.058650
3926 0.067101
4000 0.068636
4067 0.068980
4081 0.069589
4082 0.070049
4083 0.070387
4084 0.069345
4085 0.066536
4089 0.065212
4092 0.064648
4094 0.066285
4095 0.063312
4096 0.061104
4097 0.059415
4110 0.051971
4111 0.051524
4112 0.051956
4113 0.051322
4114 0.047188
4125 0.043700
4126 0.043153
4127 0.042277
4128 0.040762
4134 0.040391
4135 0.039473
4136 0.031331
4137 0.030043
4145 0.030071
4146 0.029810
4147 0.029668
4148 0.029619
4152 0.029924
4153 0.030168
4154 0.029645
4155 0.028880
4156 0.026794
4157 0.025075
4158 0.023676
4159 0.022550
4160 0.021470
4163 0.021070
4165 0.020739
4166 0.020515
4167 0.020363
4168 0.019981
4169 0.021796
4170 0.023165
4171 0.024197
4173 0.023860
4204 0.023778
4205 0.023722
4206 0.023683
4207 0.022857
4215 0.023430
4216 0.023824
4261 0.025760
4305 0.026512
4331 0.028673
4427 0.028862
4428 0.029025
4429 0.028651
4436 0.028176
4437 0.027842
4438 0.027607
4439 0.026082
4440 0.027205
4441 0.028159
4443 0.028484
4444 0.028729
4446 0.029940
4447 0.028799
4448 0.027979
4449 0.027389
4484 0.026703
4485 0.026058
4487 0.025773
4489 0.025868
4490 0.025966
4491 0.024806
4496 0.024946
4498 0.024640
4499 0.024780
4510 0.024939
4511 0.026451
4515 0.027788
4615 0.027950
4617 0.028102
4618 0.028213
4659 0.029470
4660 0.030389
4661 0.028471
4662 0.026987
4668 0.026178
4670 0.025672
4671 0.024267
4685 0.024524
4687 0.024815
4688 0.025016
4689 0.025981
4690 0.026694
4691 0.027051
4692 0.027028
4693 0.027172
4694 0.027264
4695 0.026308
4696 0.024316
4703 0.026236
4704 0.025873
4705 0.025517
4706 0.024940
4787 0.026323
4788 0.027578
4789 0.028548
4790 0.028124
4808 0.028276
4864 0.030126
5087 0.031687
5133 0.034631
5134 0.036689
5146 0.038577
5147 0.038573
5148 0.038429
5309 0.038955
5342 0.041197
5344 0.042934
5345 0.043836
5346 0.044513
5347 0.045001
5348 0.045545
5349 0.046202
5350 0.046881
5351 0.044190
5352 0.042401
5354 0.041608
5355 0.041159
5356 0.039883
5357 0.038949
5366 0.039570
5367 0.040018
5368 0.039914
5369 0.038121
5382 0.037196
5383 0.034842
5384 0.033146
5387 0.032113
5389 0.030879
5390 0.029966
5391 0.028640
5403 0.027157
5404 0.025917
5406 0.026229
5407 0.026314
5408 0.026160
5409 0.025830
5410 0.025314
5474 0.037599
5525 0.038600
5551 0.042558
5568 0.045380
5794 0.046678
6044 0.049344
6084 0.049941
6359 0.052578
6435 0.054390
6718 0.057551
6835 0.058170
