553 0.000104
554 0.000089
555 0.000078
582 0.000080
583 0.000068
584 0.000066
585 0.000063
590 0.000060
591 0.000057
592 0.000056
604 0.000058
605 0.000058
606 0.000059
607 0.000059
608 0.000052
609 0.000051
610 0.000050
611 0.000048
638 0.000048
641 0.000047
652 0.000055
653 0.000055
654 0.000056
655 0.000050
706 0.000058
707 0.000061
723 0.000065
724 0.000066
725 0.000048
726 0.000048
727 0.000048
734 0.000057
735 0.000057
736 0.000058
737 0.000058
743 0.000066
744 0.000072
745 0.000076
773 0.000076
784 0.000084
785 0.000086
786 0.000087
787 0.000087
788 0.000088
795 0.000101
799 0.000093
800 0.000089
801 0.000087
802 0.000086
803 0.000077
804 0.000072
806 0.000068
807 0.000067
808 0.000066
809 0.000065
844 0.000068
845 0.000060
847 0.000061
848 0.000062
850 0.000063
852 0.000054
853 0.000048
855 0.000044
856 0.000043
857 0.000035
858 0.000032
965 0.000037
966 0.000037
967 0.000036
968 0.000022
1078 0.000028
1079 0.000031
1080 0.000033
1081 0.000034
1108 0.000035
1109 0.000036
1110 0.000037
1111 0.000037
1141 0.000040
1142 0.000041
1143 0.000038
1144 0.000037
1147 0.000035
1148 0.000034
1149 0.000033
1151 0.000034
1152 0.000032
1154 0.000033
1155 0.000033
1156 0.000034
1157 0.000034
1179 0.000028
1181 0.000028
1182 0.000028
1183 0.000028
1184 0.000022
1223 0.000024
1224 0.000026
1225 0.000027
1226 0.000028
1227 0.000027
1228 0.000027
1229 0.000027
1230 0.000023
1255 0.000025
1256 0.000026
1257 0.000026
1258 0.000026
1348 0.000027
1349 0.000027
1350 0.000026
1352 0.000026
1354 0.000025
1355 0.000025
1361 0.000046
1362 0.000046
1364 0.000045
1368 0.000045
1369 0.000045
1370 0.000045
1381 0.000048
1382 0.000042
1384 0.000039
1385 0.000037
1386 0.000036
1387 0.000035
1414 0.000047
1415 0.000048
1416 0.000049
1417 0.000047
1443 0.000052
1444 0.000052
1445 0.000052
1447 0.000051
1448 0.000051
1449 0.000051
1456 0.000052
1457 0.000052
1458 0.000052
1521 0.000032
1572 0.000032
1573 0.000032
1574 0.000031
1723 0.000032
1738 0.000037
1802 0.000035
1878 0.000035
1914 0.000036
1942 0.000038
1943 0.000039
1944 0.000039
1945 0.000027
1956 0.000029
1957 0.000028
1958 0.000028
1959 0.000023
1978 0.000023
1979 0.000023
1980 0.000023
1981 0.000023
2058 0.000023
2067 0.000030
2068 0.000030
2069 0.000030
2070 0.000028
2078 0.000031
2079 0.000034
2080 0.000036
2572 0.000041
2692 0.000040
2742 0.000040
2864 0.000050
3016 0.000054
3018 0.000056
3181 0.000056
3439 0.000067
3497 0.000069
3699 0.000067
3881 0.000073
3926 0.000079
4000 0.000081
4067 0.000081
4081 0.000084
4082 0.000085
4083 0.000085
4084 0.000086
4085 0.000077
4089 0.000086
4092 0.000088
4094 0.000092
4095 0.000092
4096 0.000091
4097 0.000091
4110 0.000101
4111 0.000096
4112 0.000096
4113 0.000086
4114 0.000080
4125 0.000077
4126 0.000076
4127 0.000065
4128 0.000063
4134 0.000065
4135 0.000059
4136 0.000053
4137 0.000051
4145 0.000051
4146 0.000049
4147 0.000048
4148 0.000047
4152 0.000047
4153 0.000047
4154 0.000038
4155 0.000036
4156 0.000032
4157 0.000029
4158 0.000027
4159 0.000025
4160 0.000010
4163 0.000010
4165 0.000010
4166 0.000010
4167 0.000010
4168 0.000009
4169 0.000009
4170 0.000011
4171 0.000012
4173 0.000010
4204 0.000016
4205 0.000016
4206 0.000016
4207 0.000014
4215 0.000020
4216 0.000023
4261 0.000024
4305 0.000025
4331 0.000025
4427 0.000026
4428 0.000027
4429 0.000027
4436 0.000036
4437 0.000036
4438 0.000036
4439 0.000035
4440 0.000038
4441 0.000039
4443 0.000039
4444 0.000039
4446 0.000040
4447 0.000040
4448 0.000039
4449 0.000038
4484 0.000048
4485 0.000041
4487 0.000042
4489 0.000042
4490 0.000042
4491 0.000036
4496 0.000052
4498 0.000052
4499 0.000051
4510 0.000057
4511 0.000058
4515 0.000058
4615 0.000060
4617 0.000053
4618 0.000053
4659 0.000058
4660 0.000058
4661 0.000056
4662 0.000055
4668 0.000062
4670 0.000062
4671 0.000062
4685 0.000063
4687 0.000064
4688 0.000064
4689 0.000054
4690 0.000053
4691 0.000053
4692 0.000053
4693 0.000052
4694 0.000053
4695 0.000034
4696 0.000033
4703 0.000048
4704 0.000043
4705 0.000041
4706 0.000040
4787 0.000044
4788 0.000045
4789 0.000046
4790 0.000042
4808 0.000043
4864 0.000046
5087 0.000046
5133 0.000048
5134 0.000049
5146 0.000049
5147 0.000047
5148 0.000046
5309 0.000045
5342 0.000047
5344 0.000049
5345 0.000049
5346 0.000049
5347 0.000049
5348 0.000049
5349 0.000049
5350 0.000049
5351 0.000033
5352 0.000032
5354 0.000032
5355 0.000033
5356 0.000027
5357 0.000024
5366 0.000034
5367 0.000034
5368 0.000032
5369 0.000029
5382 0.000029
5383 0.000020
5384 0.000019
5387 0.000019
5389 0.000019
5390 0.000019
5391 0.000019
5403 0.000024
5404 0.000023
5406 0.000023
5407 0.000022
5408 0.000022
5409 0.000022
5410 0.000022
5474 0.000024
5525 0.000025
5551 0.000028
5568 0.000028
5794 0.000028
6044 0.000028
6084 0.000027
6359 0.000032
6435 0.000033
6718 0.000033
6835 0.000033
