253 0.099236
310 0.095763
325 0.094631
639 0.096137
647 0.099765
768 0.100923
832 0.098041
851 0.101602
870 0.112790
893 0.110918
906 0.109776
916 0.111763
990 0.112941
991 0.111943
992 0.106770
993 0.105210
994 0.101706
995 0.103629
1004 0.101821
1005 0.099342
1006 0.098596
1013 0.092822
1014 0.095607
1023 0.107895
1038 0.115261
1060 0.114502
1133 0.116762
1145 0.117710
1193 0.116507
1194 0.112858
1209 0.114021
1250 0.114157
1351 0.112755
1393 0.106016
1405 0.110791
1424 0.114811
1501 0.116071
1511 0.116719
1546 0.117704
1566 0.120987
1579 0.119970
1580 0.116638
1581 0.111519
1582 0.113412
1583 0.116038
1584 0.117238
1587 0.121995
1589 0.119800
1590 0.107159
1592 0.096145
1593 0.096496
1594 0.093211
1596 0.094904
1600 0.095520
1609 0.106084
1633 0.110791
1725 0.111215
1733 0.111189
1765 0.107751
1785 0.099772
1793 0.096328
1901 0.095376
1903 0.094870
1964 0.095925
1983 0.093458
1984 0.093166
1985 0.095351
1986 0.097806
1989 0.096371
1990 0.094009
1993 0.094188
1994 0.087360
1995 0.086104
1998 0.085590
2001 0.084470
2002 0.081961
2006 0.082206
2007 0.078829
2008 0.078049
2010 0.067242
2013 0.060529
2014 0.059340
2017 0.057780
2020 0.056291
2021 0.055229
2024 0.056081
2025 0.053854
2026 0.052378
2027 0.050314
2028 0.049581
2031 0.052094
2034 0.051868
2035 0.049339
2042 0.050419
2043 0.051041
2044 0.049882
2045 0.051392
2051 0.051189
2077 0.055896
2081 0.058600
2098 0.059485
2099 0.056604
2105 0.059620
2112 0.064574
2149 0.063775
2151 0.064831
2232 0.066462
2340 0.066315
2342 0.067785
2606 0.070962
2623 0.070037
2788 0.072226
2867 0.073084
2875 0.075292
2880 0.075684
2881 0.072838
2882 0.072535
2883 0.075197
2886 0.073783
2887 0.073262
2891 0.073146
2892 0.070702
2893 0.070134
2895 0.064702
2898 0.064479
2899 0.065474
2901 0.068452
2902 0.066006
2903 0.061081
2904 0.062148
2909 0.065069
2910 0.066567
2913 0.067386
2914 0.068110
2932 0.070144
2933 0.070044
2997 0.071521
3041 0.073639
3059 0.074690
3155 0.080637
3226 0.083857
3260 0.082490
3261 0.079756
3331 0.086693
3365 0.088010
3701 0.088445
3736 0.090510
3809 0.092849
3821 0.095016
3822 0.091088
3823 0.089447
3824 0.087345
3826 0.085583
3829 0.086444
3830 0.085246
3831 0.080653
3832 0.078415
3833 0.078563
3836 0.077401
3837 0.072826
3838 0.071012
3839 0.068380
3840 0.066790
3841 0.065372
3842 0.060168
3843 0.057527
3862 0.064068
3865 0.069052
3871 0.067692
3949 0.066979
4149 0.067612
4938 0.072360
4942 0.073961
5000 0.077880
5036 0.078499
5050 0.079118
5102 0.080741
5126 0.082312
5177 0.082279
5286 0.082808
5326 0.085472
5428 0.086484
5431 0.084312
5437 0.085663
5439 0.087300
5440 0.089352
5442 0.089206
5443 0.090396
5444 0.090476
5445 0.092181
5447 0.094748
5450 0.091650
5451 0.086554
5452 0.080398
5453 0.079237
5454 0.077165
5457 0.070662
5458 0.066358
5459 0.060412
5460 0.060533
5461 0.060903
5462 0.060600
5463 0.060282
5464 0.059114
5577 0.059668
5578 0.058027
5579 0.056458
5580 0.057102
5730 0.056230
5736 0.058367
5841 0.056583
5842 0.055049
5843 0.052959
5844 0.051560
5845 0.048509
5952 0.047021
5986 0.048871
6244 0.053299
6246 0.056139
6247 0.057605
6271 0.058514
6277 0.058437
6278 0.058273
6279 0.057837
6280 0.057190
6281 0.056564
6329 0.058408
6331 0.060221
6332 0.060425
6333 0.059353
6350 0.058752
6353 0.062038
6354 0.064075
6355 0.064843
6356 0.061783
6358 0.060995
6399 0.063565
6400 0.063115
6401 0.061860
6402 0.061586
6405 0.065547
6406 0.062897
6407 0.059924
6436 0.057096
6437 0.054866
6440 0.053030
6441 0.052183
6442 0.053027
6443 0.054275
6444 0.054355
6445 0.053792
6452 0.050002
6453 0.046304
6455 0.044893
6456 0.044087
6457 0.045037
6460 0.040759
6461 0.037480
6462 0.038305
6465 0.038548
6469 0.038722
6470 0.036375
6472 0.036683
6473 0.037311
6500 0.038165
6501 0.031724
6502 0.028634
6516 0.029354
6517 0.031299
6518 0.033144
6522 0.033802
6523 0.034097
6535 0.033109
6536 0.031995
6537 0.031645
6562 0.031991
6563 0.031921
6564 0.032618
6565 0.033414
6566 0.035808
6572 0.037051
6573 0.038147
6575 0.039748
6576 0.036803
6577 0.035407
6580 0.034702
6581 0.034813
6582 0.035101
6588 0.039768
6607 0.039214
6608 0.039155
6609 0.039070
6632 0.038599
6633 0.037237
6635 0.036176
6636 0.035015
6638 0.034323
6646 0.035236
6649 0.036619
6650 0.037406
6653 0.039998
6654 0.040867
6655 0.040913
6656 0.040601
6666 0.039195
6667 0.036724
6670 0.038508
6671 0.039186
6672 0.040841
6678 0.040733
6679 0.040337
6684 0.040379
6686 0.039963
6687 0.035043
6688 0.034687
6693 0.035270
6694 0.035486
6695 0.033854
6702 0.033011
6704 0.032386
6705 0.032977
6706 0.034146
6707 0.034736
6708 0.034545
6709 0.034063
6747 0.031001
6748 0.029820
6750 0.029363
6764 0.028683
6765 0.027939
6767 0.028054
6784 0.026098
6786 0.025146
6874 0.026732
6878 0.027258
6880 0.027342
6881 0.026801
6882 0.026197
6884 0.026994
6885 0.027183
6887 0.026842
6934 0.028040
6947 0.029238
6948 0.030087
6949 0.030904
6963 0.031302
6965 0.031464
6966 0.030417
6967 0.029396
6968 0.029521
