253 0.053338
310 0.042805
325 0.036213
639 0.031620
647 0.028095
768 0.025645
832 0.022702
851 0.021171
870 0.019700
893 0.017468
906 0.015995
916 0.015053
990 0.014362
991 0.013948
992 0.013160
993 0.012518
994 0.012104
995 0.012182
1004 0.011747
1005 0.011605
1006 0.011367
1013 0.010961
1014 0.010657
1023 0.010228
1038 0.009972
1060 0.009676
1133 0.009432
1145 0.009253
1193 0.009138
1194 0.008930
1209 0.008640
1250 0.008420
1351 0.008028
1393 0.008060
1405 0.007692
1424 0.007289
1501 0.007143
1511 0.006861
1546 0.006541
1566 0.006256
1579 0.005799
1580 0.005286
1581 0.004764
1582 0.004638
1583 0.004313
1584 0.003938
1587 0.003642
1589 0.003338
1590 0.003416
1592 0.003611
1593 0.003757
1594 0.003896
1596 0.004118
1600 0.004017
1609 0.003838
1633 0.003682
1725 0.003610
1733 0.003609
1765 0.003419
1785 0.003379
1793 0.003301
1901 0.003262
1903 0.003262
1964 0.003270
1983 0.003150
1984 0.003143
1985 0.003145
1986 0.003145
1989 0.003050
1990 0.002931
1993 0.002866
1994 0.002901
1995 0.002903
1998 0.002817
2001 0.002576
2002 0.002299
2006 0.002101
2007 0.001860
2008 0.001952
2010 0.002072
2013 0.002099
2014 0.002071
2017 0.002059
2020 0.002049
2021 0.002069
2024 0.002029
2025 0.002046
2026 0.002065
2027 0.002087
2028 0.002141
2031 0.002114
2034 0.002070
2035 0.002009
2042 0.002013
2043 0.002069
2044 0.002094
2045 0.002154
2051 0.002117
2077 0.002058
2081 0.002047
2098 0.002073
2099 0.002017
2105 0.001959
2112 0.001822
2149 0.001712
2151 0.001709
2232 0.001718
2340 0.001673
2342 0.001623
2606 0.001576
2623 0.001532
2788 0.001550
2867 0.001486
2875 0.001396
2880 0.001305
2881 0.001310
2882 0.001326
2883 0.001352
2886 0.001360
2887 0.001320
2891 0.001256
2892 0.001160
2893 0.001158
2895 0.001192
2898 0.001196
2899 0.001165
2901 0.001141
2902 0.001116
2903 0.001133
2904 0.001112
2909 0.001115
2910 0.001135
2913 0.001214
2914 0.001288
2932 0.001307
2933 0.001348
2997 0.001305
3041 0.001297
3059 0.001299
3155 0.001285
3226 0.001266
3260 0.001237
3261 0.001207
3331 0.001165
3365 0.001133
3701 0.001094
3736 0.001049
3809 0.001001
3821 0.000946
3822 0.000932
3823 0.000918
3824 0.000886
3826 0.000848
3829 0.000827
3830 0.000821
3831 0.000775
3832 0.000709
3833 0.000639
3836 0.000571
3837 0.000551
3838 0.000538
3839 0.000549
3840 0.000593
3841 0.000636
3842 0.000688
3843 0.000722
3862 0.000923
3865 0.001188
3871 0.001284
3949 0.001285
4149 0.001287
4938 0.001282
4942 0.001274
5000 0.001272
5036 0.001272
5050 0.001265
5102 0.001273
5126 0.001264
5177 0.001275
5286 0.001289
5326 0.001290
5428 0.001278
5431 0.001269
5437 0.001303
5439 0.001354
5440 0.001414
5442 0.001456
5443 0.001496
5444 0.001536
5445 0.001555
5447 0.001555
5450 0.001356
5451 0.001085
5452 0.001018
5453 0.001032
5454 0.001049
5457 0.001097
5458 0.001151
5459 0.001222
5460 0.001305
5461 0.001404
5462 0.001478
5463 0.001562
5464 0.001635
5577 0.001686
5578 0.001771
5579 0.001878
5580 0.001978
5730 0.001949
5736 0.001902
5841 0.001846
5842 0.001817
5843 0.001816
5844 0.001839
5845 0.001892
5952 0.001856
5986 0.001835
6244 0.001826
6246 0.001810
6247 0.001794
6271 0.001771
6277 0.001729
6278 0.001682
6279 0.001616
6280 0.001532
6281 0.001436
6329 0.001347
6331 0.001264
6332 0.001185
6333 0.001130
6350 0.001036
6353 0.000952
6354 0.000877
6355 0.000892
6356 0.000915
6358 0.000932
6399 0.000879
6400 0.000804
6401 0.000714
6402 0.000619
6405 0.000599
6406 0.000595
6407 0.000578
6436 0.000568
6437 0.000560
6440 0.000560
6441 0.000561
6442 0.000565
6443 0.000569
6444 0.000575
6445 0.000580
6452 0.000575
6453 0.000574
6455 0.000570
6456 0.000559
6457 0.000561
6460 0.000540
6461 0.000509
6462 0.000470
6465 0.000418
6469 0.000365
6470 0.000361
6472 0.000353
6473 0.000336
6500 0.000304
6501 0.000307
6502 0.000311
6516 0.000326
6517 0.000341
6518 0.000363
6522 0.000362
6523 0.000361
6535 0.000354
6536 0.000351
6537 0.000353
6562 0.000339
6563 0.000338
6564 0.000334
6565 0.000328
6566 0.000323
6572 0.000323
6573 0.000325
6575 0.000324
6576 0.000321
6577 0.000323
6580 0.000326
6581 0.000332
6582 0.000339
6588 0.000331
6607 0.000340
6608 0.000350
6609 0.000359
6632 0.000350
6633 0.000333
6635 0.000309
6636 0.000308
6638 0.000306
6646 0.000308
6649 0.000301
6650 0.000283
6653 0.000284
6654 0.000284
6655 0.000288
6656 0.000295
6666 0.000298
6667 0.000299
6670 0.000297
6671 0.000293
6672 0.000294
6678 0.000290
6679 0.000286
6684 0.000274
6686 0.000260
6687 0.000263
6688 0.000255
6693 0.000247
6694 0.000242
6695 0.000249
6702 0.000247
6704 0.000248
6705 0.000252
6706 0.000254
6707 0.000257
6708 0.000266
6709 0.000283
6747 0.000287
6748 0.000293
6750 0.000300
6764 0.000296
6765 0.000299
6767 0.000302
6784 0.000311
6786 0.000310
6874 0.000335
6878 0.000338
6880 0.000339
6881 0.000347
6882 0.000357
6884 0.000371
6885 0.000386
6887 0.000400
6934 0.000395
6947 0.000383
6948 0.000382
6949 0.000378
6963 0.000372
6965 0.000363
6966 0.000353
6967 0.000340
6968 0.000327
