199 0.106917
200 0.102723
201 0.100708
202 0.096995
203 0.093225
205 0.089934
280 0.088281
307 0.086903
308 0.083823
309 0.081559
311 0.079931
312 0.078372
313 0.078200
314 0.078315
317 0.078769
318 0.077014
319 0.075421
331 0.071162
332 0.069208
333 0.068478
334 0.065510
345 0.066961
346 0.065628
364 0.062751
365 0.060501
366 0.057029
381 0.053578
382 0.050967
383 0.050236
446 0.050446
461 0.052704
562 0.052076
564 0.049296
578 0.051291
580 0.053789
593 0.055929
746 0.059919
1010 0.060087
1048 0.059794
1098 0.058105
1099 0.055655
1113 0.054997
1135 0.055199
1136 0.055695
1162 0.055900
1164 0.056307
1165 0.052793
1166 0.049757
1167 0.050200
1168 0.050707
1169 0.050052
1185 0.049948
1186 0.049451
1187 0.049029
1188 0.047618
1189 0.044531
1201 0.045146
1202 0.046761
1210 0.045504
1211 0.043087
1212 0.041053
1213 0.037150
1214 0.035792
1302 0.036482
1304 0.037653
1305 0.038472
1316 0.038600
1317 0.039146
1318 0.039432
1323 0.040982
1324 0.041996
1333 0.042072
1335 0.040492
1336 0.038059
1337 0.036163
1338 0.035499
1339 0.035415
1340 0.037215
1341 0.038270
1342 0.039026
1343 0.039602
1346 0.039065
1356 0.039681
1357 0.037050
1359 0.035427
1360 0.034125
1371 0.035583
1374 0.036243
1376 0.035230
1377 0.034496
1378 0.034378
1392 0.034818
1399 0.036726
1400 0.038572
1402 0.039135
1403 0.040917
1489 0.038988
1517 0.040278
1560 0.040820
1619 0.041322
1680 0.041464
1796 0.041515
1843 0.040144
1845 0.039898
1865 0.039109
1866 0.038468
1867 0.038189
1868 0.036201
1869 0.036244
1870 0.036723
1871 0.037438
1872 0.035571
1873 0.035410
1874 0.035494
1880 0.035739
1882 0.035035
1885 0.033232
1925 0.031769
1928 0.030233
1929 0.028369
1930 0.025667
1938 0.025884
1948 0.024999
1949 0.025456
1965 0.026435
1967 0.026952
1974 0.026159
1975 0.025327
1976 0.024184
2049 0.026766
2052 0.028566
2100 0.031324
2164 0.031690
2395 0.031900
2396 0.031685
2397 0.032208
2398 0.031994
2440 0.032706
2469 0.033623
2478 0.034001
2498 0.039328
2556 0.039498
2557 0.037640
2595 0.036691
2602 0.037835
2603 0.038169
2607 0.038241
2608 0.038365
2609 0.038778
2613 0.037621
2614 0.036510
2615 0.037937
2619 0.041785
2635 0.043058
2636 0.041222
2637 0.040029
2638 0.037130
2639 0.036549
2640 0.036172
2641 0.035910
2670 0.034317
2671 0.033674
2672 0.032467
2685 0.031436
2686 0.030134
2687 0.024811
2688 0.024708
2702 0.025575
2703 0.025368
2704 0.023852
2705 0.024633
2706 0.024130
2707 0.023459
2708 0.022140
2709 0.023509
2710 0.024049
2711 0.023252
2720 0.021060
2726 0.020725
2746 0.021223
2756 0.022306
2765 0.022082
2827 0.023676
2860 0.024416
2894 0.028774
3071 0.034692
3164 0.041738
3214 0.042187
3222 0.045943
3228 0.047956
3256 0.049789
3359 0.053631
3849 0.056814
3885 0.060577
4172 0.066935
4232 0.068738
4287 0.073414
4330 0.075110
4721 0.076584
4987 0.075443
5136 0.076931
5200 0.086678
5223 0.087260
5467 0.090397
5469 0.094075
5470 0.097214
5471 0.102801
5473 0.109231
5476 0.116094
6097 0.112081
6385 0.109873
6716 0.107504
6719 0.107843
6740 0.104736
6742 0.104364
6743 0.104688
6825 0.102334
6826 0.099910
6827 0.097147
6845 0.094794
6847 0.094744
6853 0.091451
6863 0.091265
6864 0.089743
6865 0.089190
6866 0.087945
6894 0.077697
6897 0.079422
6907 0.079358
6908 0.077282
6909 0.075272
6910 0.071707
6912 0.065250
6913 0.058769
6914 0.060508
6988 0.059887
6989 0.057467
