199 0.065481
200 0.053216
201 0.048857
202 0.041162
203 0.037712
205 0.032109
280 0.027835
307 0.024352
308 0.020425
309 0.018437
311 0.016829
312 0.015549
313 0.014474
314 0.013608
317 0.012965
318 0.011680
319 0.010612
331 0.009931
332 0.009570
333 0.009241
334 0.008523
345 0.008319
346 0.008227
364 0.008070
365 0.008022
366 0.007618
381 0.007180
382 0.006847
383 0.006641
446 0.006567
461 0.006731
562 0.006628
564 0.006430
578 0.006294
580 0.006081
593 0.006085
746 0.005954
1010 0.005886
1048 0.005664
1098 0.005539
1099 0.005449
1113 0.005350
1135 0.005248
1136 0.005126
1162 0.005019
1164 0.004916
1165 0.004742
1166 0.004620
1167 0.004537
1168 0.004337
1169 0.004197
1185 0.004148
1186 0.004063
1187 0.003981
1188 0.003912
1189 0.003592
1201 0.003414
1202 0.003296
1210 0.003203
1211 0.003196
1212 0.002951
1213 0.002857
1214 0.002665
1302 0.002620
1304 0.002516
1305 0.002418
1316 0.002416
1317 0.002350
1318 0.002283
1323 0.002299
1324 0.002295
1333 0.002233
1335 0.002186
1336 0.002165
1337 0.002167
1338 0.002170
1339 0.002137
1340 0.002108
1341 0.002118
1342 0.002115
1343 0.002112
1346 0.002142
1356 0.002144
1357 0.002144
1359 0.002103
1360 0.002069
1371 0.002060
1374 0.002041
1376 0.002032
1377 0.002053
1378 0.002065
1392 0.002051
1399 0.002054
1400 0.002036
1402 0.001953
1403 0.001893
1489 0.001882
1517 0.001848
1560 0.001814
1619 0.001778
1680 0.001757
1796 0.001747
1843 0.001736
1845 0.001673
1865 0.001620
1866 0.001570
1867 0.001534
1868 0.001503
1869 0.001410
1870 0.001371
1871 0.001343
1872 0.001297
1873 0.001271
1874 0.001240
1880 0.001211
1882 0.001189
1885 0.001135
1925 0.001160
1928 0.001171
1929 0.001166
1930 0.001155
1938 0.001137
1948 0.001147
1949 0.001154
1965 0.001166
1967 0.001158
1974 0.001141
1975 0.001090
1976 0.001073
2049 0.001117
2052 0.001137
2100 0.001173
2164 0.001163
2395 0.001143
2396 0.001121
2397 0.001115
2398 0.001130
2440 0.001162
2469 0.001146
2478 0.001160
2498 0.001222
2556 0.001238
2557 0.001172
2595 0.001136
2602 0.001105
2603 0.001108
2607 0.001116
2608 0.001091
2609 0.001070
2613 0.001053
2614 0.001048
2615 0.001033
2619 0.001025
2635 0.001008
2636 0.000942
2637 0.000899
2638 0.000838
2639 0.000829
2640 0.000832
2641 0.000836
2670 0.000815
2671 0.000783
2672 0.000732
2685 0.000730
2686 0.000703
2687 0.000629
2688 0.000597
2702 0.000593
2703 0.000597
2704 0.000603
2705 0.000597
2706 0.000606
2707 0.000611
2708 0.000618
2709 0.000633
2710 0.000649
2711 0.000664
2720 0.000684
2726 0.000722
2746 0.000714
2756 0.000712
2765 0.000706
2827 0.000693
2860 0.000691
2894 0.000719
3071 0.000721
3164 0.000707
3214 0.000706
3222 0.000697
3228 0.000686
3256 0.000681
3359 0.000669
3849 0.000705
3885 0.000683
4172 0.000670
4232 0.000646
4287 0.000624
4330 0.000606
4721 0.000597
4987 0.000567
5136 0.000533
5200 0.000619
5223 0.000608
5467 0.000617
5469 0.000656
5470 0.000683
5471 0.000700
5473 0.000710
5476 0.000708
6097 0.000666
6385 0.000674
6716 0.000670
6719 0.000659
6740 0.000663
6742 0.000660
6743 0.000655
6825 0.000669
6826 0.000613
6827 0.000619
6845 0.000626
6847 0.000631
6853 0.000666
6863 0.000699
6864 0.000719
6865 0.000734
6866 0.000741
6894 0.000629
6897 0.000605
6907 0.000551
6908 0.000508
6909 0.000474
6910 0.000455
6912 0.000443
6913 0.000432
6914 0.000430
6988 0.000412
6989 0.000417
