654 0.064389
655 0.058175
656 0.054601
657 0.051480
660 0.050139
661 0.048690
789 0.048314
790 0.045401
791 0.042352
792 0.040648
794 0.040394
795 0.040267
796 0.040085
797 0.039601
809 0.040441
810 0.038994
811 0.038005
814 0.036180
822 0.037100
824 0.037878
825 0.037341
826 0.034901
828 0.035566
829 0.037276
834 0.039371
882 0.039668
1067 0.039250
1068 0.039081
1322 0.040037
1323 0.038329
1324 0.037158
1326 0.036471
1330 0.037284
1331 0.037764
1332 0.037881
1333 0.037570
1334 0.037379
1337 0.037395
1338 0.037381
1339 0.036090
1340 0.034897
1341 0.033289
1342 0.032942
1344 0.030668
1345 0.028934
1346 0.027990
1347 0.027479
1348 0.025409
1349 0.022527
1350 0.017936
1380 0.018440
1382 0.019247
1384 0.020187
1385 0.020250
1386 0.020204
1387 0.020038
1388 0.020112
1389 0.019536
1390 0.019786
1464 0.024104
1741 0.026240
1784 0.027850
1792 0.032852
1905 0.034206
1967 0.036276
2042 0.037703
2200 0.040838
2230 0.041619
2264 0.044523
2286 0.048231
2439 0.049893
2575 0.052156
2595 0.052668
2596 0.052702
2597 0.052340
2598 0.049542
2599 0.047911
2600 0.046523
2601 0.045581
2602 0.045656
2617 0.049858
2618 0.052415
2619 0.053206
2620 0.053364
2621 0.050481
2623 0.049841
2624 0.050060
2631 0.045526
2634 0.044938
2635 0.043347
2636 0.042139
2637 0.039179
2638 0.038711
2641 0.043216
2642 0.044530
2652 0.044558
2654 0.043121
2658 0.045009
2660 0.046844
2661 0.048544
2665 0.049421
2666 0.049877
2667 0.050085
2708 0.050325
2738 0.054307
2739 0.053408
2740 0.052914
2780 0.055517
2783 0.060665
3176 0.065859
3255 0.064755
3522 0.069985
3840 0.080624
3842 0.090660
4441 0.093914
5017 0.100476
5041 0.103429
6521 0.105498
6554 0.100518
6888 0.099740
6999 0.104456
7137 0.104647
7204 0.104766
7224 0.107211
7277 0.108861
7574 0.112109
7580 0.114152
7583 0.116844
7584 0.120412
7585 0.119969
7586 0.122010
7587 0.125952
7590 0.125367
7591 0.120398
7592 0.114761
7595 0.118989
7596 0.115141
7597 0.107911
7598 0.102183
7600 0.101424
7601 0.098523
7602 0.098122
7603 0.097851
7615 0.096065
7616 0.091989
7625 0.087248
7627 0.087150
7628 0.085854
7629 0.083093
7630 0.081795
7631 0.079598
7632 0.078213
7633 0.076439
7640 0.077119
7641 0.076301
7642 0.073575
7643 0.069419
7644 0.067545
7645 0.067946
7646 0.068457
7647 0.065858
7648 0.065235
7649 0.064982
7650 0.064509
7651 0.065210
8182 0.068880
8406 0.074951
8613 0.077272
9365 0.084442
9610 0.093212
9861 0.095849
9865 0.096292
9884 0.100775
10124 0.101642
10318 0.102075
10382 0.102724
10426 0.103067
10510 0.106527
10545 0.104789
10565 0.103094
10570 0.106003
10571 0.107664
10601 0.109840
10602 0.110456
10603 0.110251
10604 0.109185
10605 0.107504
10606 0.104930
10609 0.101301
10610 0.099067
10611 0.094949
10614 0.086616
10615 0.082743
10616 0.075450
10619 0.066993
10620 0.063683
10621 0.064304
10622 0.060552
10623 0.062102
10624 0.063504
10632 0.064294
10633 0.063368
10635 0.058986
10667 0.056645
10668 0.055226
10669 0.049893
10675 0.051041
10686 0.049821
10687 0.048193
10688 0.047068
10690 0.050678
10692 0.052453
10694 0.052917
10695 0.052431
10696 0.051411
10708 0.053875
10709 0.057279
10710 0.059980
10711 0.063549
10712 0.067265
11129 0.069172
11132 0.069890
11322 0.070035
11367 0.066455
11368 0.063985
11546 0.062288
11554 0.064157
11613 0.066468
11736 0.071730
11738 0.075635
11739 0.076132
11743 0.073177
11744 0.072275
11747 0.073729
11748 0.074341
11768 0.071769
11769 0.070621
11770 0.070717
11782 0.070845
11783 0.071139
11784 0.066331
11794 0.063472
11795 0.060207
11796 0.056286
11798 0.054460
11815 0.052502
11818 0.051223
11834 0.050245
11835 0.049882
11836 0.048627
11871 0.052162
11873 0.052765
11877 0.054533
11878 0.050413
11881 0.047390
11907 0.047557
11919 0.047244
11942 0.046655
11959 0.044370
11969 0.045037
12296 0.044522
12297 0.045440
12343 0.048798
12345 0.051609
12452 0.052879
12460 0.055095
12461 0.057317
12471 0.064757
12587 0.067241
12764 0.067118
12845 0.069768
12863 0.071510
13175 0.071617
13176 0.073833
13195 0.076763
13196 0.074451
13197 0.075465
13464 0.073195
13465 0.071976
13466 0.071660
13467 0.072193
13487 0.072363
13490 0.073852
13491 0.074932
13492 0.073758
13493 0.072923
13494 0.071185
13504 0.067132
13505 0.064581
13506 0.064205
13507 0.063047
13510 0.060847
13511 0.054708
13512 0.054140
13514 0.055263
13515 0.054527
13516 0.053309
13517 0.052894
13519 0.051370
13520 0.050201
13521 0.048786
13566 0.046361
13567 0.044270
13568 0.043786
13569 0.043699
13570 0.043041
13571 0.042133
13572 0.041443
13725 0.046257
13728 0.051924
13754 0.053290
13764 0.055740
13820 0.057070
13873 0.058482
14099 0.058381
14183 0.062039
14184 0.063258
14592 0.064401
14711 0.064824
14727 0.068968
15680 0.070412
16515 0.073334
17381 0.076116
17415 0.081178
17423 0.082189
17431 0.084022
17717 0.084030
17886 0.086385
17960 0.088693
18190 0.092982
18197 0.092929
18322 0.093801
18323 0.092490
18324 0.087093
18325 0.081862
18326 0.081969
18327 0.081346
18330 0.079257
18331 0.076858
18332 0.075880
18333 0.071534
18334 0.071074
18335 0.070690
18336 0.070130
18339 0.064211
18340 0.061707
18341 0.058576
18342 0.057300
18379 0.053417
18380 0.050986
18394 0.050942
18431 0.050662
18436 0.051897
18437 0.050841
18439 0.046749
18442 0.047954
18454 0.049873
19002 0.050416
19003 0.051413
19004 0.052130
19011 0.051359
19012 0.049880
19013 0.050648
19014 0.051512
19015 0.051622
19016 0.050700
19017 0.049470
19018 0.047956
19019 0.046693
19020 0.045474
19021 0.044225
19024 0.043299
19025 0.041304
19026 0.039479
19027 0.039264
19028 0.036171
19030 0.035162
19031 0.031578
19032 0.030277
19033 0.029608
19034 0.028870
19035 0.026748
19042 0.025884
19043 0.024742
19044 0.023416
19045 0.022569
19046 0.022123
19052 0.021823
19055 0.023845
19056 0.024929
19057 0.026469
19068 0.027149
19075 0.027625
19076 0.027339
19077 0.027251
19091 0.028917
19092 0.030449
19093 0.032722
19097 0.033779
19113 0.033341
19155 0.033944
19157 0.033931
19158 0.034142
19313 0.034627
19315 0.035300
19316 0.035043
19317 0.034058
19333 0.038236
19339 0.041788
19351 0.043889
19370 0.045873
19372 0.046946
19376 0.046502
19377 0.044357
19379 0.043295
19388 0.048510
19453 0.048763
19521 0.049411
19657 0.049867
19831 0.052144
19834 0.050745
19835 0.050264
19836 0.049003
19881 0.048796
19883 0.050145
19884 0.050530
19885 0.052015
19886 0.052431
19887 0.052789
19888 0.052301
19889 0.051570
19890 0.052983
19891 0.051082
19892 0.051181
19893 0.051764
19922 0.049866
19923 0.048441
19924 0.048051
19925 0.047377
19926 0.046708
19946 0.039902
19947 0.038965
19948 0.037629
19973 0.037013
19974 0.034591
19975 0.033967
19976 0.032266
19981 0.031839
19982 0.031425
19983 0.030665
19991 0.030177
19993 0.028812
19994 0.028248
20008 0.027317
20009 0.026746
20010 0.026337
20021 0.024200
20023 0.021672
20024 0.017736
20032 0.014960
20034 0.014435
20070 0.016344
20071 0.018713
20099 0.019523
20101 0.020325
20102 0.021319
20103 0.021975
20104 0.022725
20105 0.023277
20107 0.023672
20271 0.023625
20272 0.023490
20273 0.022659
20274 0.022111
20275 0.021902
20276 0.021705
20277 0.022063
20278 0.022191
20509 0.022635
20510 0.022992
20511 0.023333
20530 0.026807
20531 0.028271
20532 0.029369
20534 0.030103
20535 0.030719
20536 0.029384
20537 0.027845
20746 0.027416
20866 0.034529
20968 0.034509
21686 0.034655
22593 0.046304
23053 0.051784
23178 0.063451
24740 0.068533
