654 0.048385
655 0.042190
656 0.040896
657 0.040094
660 0.040857
661 0.040765
789 0.041055
790 0.036936
791 0.035327
792 0.028182
794 0.028923
795 0.027779
796 0.027611
797 0.027793
809 0.027442
810 0.028530
811 0.030805
814 0.026955
822 0.026417
824 0.024755
825 0.024502
826 0.024763
828 0.024632
829 0.024443
834 0.024734
882 0.023761
1067 0.023740
1068 0.025573
1322 0.025512
1323 0.024712
1324 0.030165
1326 0.031490
1330 0.032245
1331 0.030586
1332 0.033378
1333 0.031740
1334 0.031835
1337 0.031158
1338 0.032287
1339 0.036167
1340 0.036566
1341 0.034496
1342 0.034366
1344 0.036166
1345 0.036297
1346 0.039125
1347 0.041009
1348 0.043938
1349 0.045605
1350 0.045431
1380 0.045502
1382 0.045956
1384 0.043876
1385 0.046814
1386 0.049937
1387 0.046517
1388 0.046151
1389 0.045067
1390 0.046764
1464 0.044797
1741 0.047494
1784 0.049605
1792 0.050592
1905 0.050718
1967 0.047941
2042 0.046644
2200 0.047406
2230 0.046633
2264 0.044805
2286 0.044389
2439 0.043070
2575 0.042337
2595 0.041947
2596 0.042173
2597 0.041807
2598 0.041748
2599 0.044849
2600 0.046313
2601 0.043317
2602 0.040936
2617 0.040874
2618 0.041323
2619 0.044389
2620 0.046040
2621 0.046013
2623 0.043855
2624 0.041241
2631 0.040670
2634 0.040304
2635 0.039905
2636 0.041680
2637 0.042150
2638 0.044552
2641 0.045639
2642 0.045619
2652 0.044187
2654 0.042833
2658 0.038796
2660 0.036515
2661 0.037520
2665 0.035874
2666 0.032947
2667 0.032680
2708 0.033901
2738 0.034700
2739 0.034636
2740 0.032769
2780 0.029755
2783 0.026273
3176 0.028640
3255 0.028280
3522 0.032275
3840 0.032800
3842 0.034079
4441 0.034533
5017 0.034741
5041 0.034980
6521 0.038396
6554 0.040542
6888 0.042477
6999 0.052885
7137 0.059124
7204 0.060388
7224 0.063158
7277 0.069365
7574 0.075480
7580 0.075387
7583 0.075405
7584 0.075489
7585 0.075696
7586 0.076036
7587 0.079218
7590 0.078998
7591 0.079682
7592 0.077681
7595 0.078310
7596 0.077492
7597 0.076284
7598 0.074613
7600 0.073558
7601 0.073201
7602 0.073769
7603 0.070997
7615 0.072353
7616 0.070257
7625 0.060419
7627 0.054954
7628 0.053660
7629 0.051829
7630 0.047445
7631 0.050586
7632 0.054999
7633 0.061542
7640 0.062238
7641 0.068811
7642 0.070644
7643 0.068182
7644 0.072076
7645 0.077452
7646 0.080009
7647 0.082057
7648 0.082060
7649 0.083368
7650 0.086074
7651 0.087980
8182 0.087411
8406 0.085557
8613 0.084035
9365 0.080287
9610 0.080091
9861 0.081076
9865 0.080991
9884 0.081011
10124 0.081024
10318 0.081734
10382 0.072388
10426 0.070740
10510 0.064041
10545 0.065859
10565 0.061244
10570 0.058968
10571 0.058605
10601 0.054500
10602 0.048090
10603 0.044434
10604 0.042694
10605 0.040782
10606 0.040461
10609 0.036894
10610 0.039034
10611 0.040132
10614 0.042997
10615 0.043130
10616 0.043198
10619 0.046143
10620 0.044053
10621 0.045111
10622 0.046647
10623 0.047038
10624 0.047243
10632 0.048605
10633 0.046099
10635 0.045981
10667 0.041760
10668 0.038672
10669 0.036957
10675 0.036639
10686 0.036376
10687 0.037384
10688 0.037204
10690 0.038325
10692 0.037116
10694 0.037424
10695 0.039543
10696 0.036430
10708 0.034564
10709 0.031467
10710 0.030639
10711 0.031621
10712 0.029794
11129 0.030605
11132 0.030011
11322 0.028469
11367 0.028878
11368 0.029321
11546 0.029148
11554 0.028149
11613 0.028162
11736 0.028085
11738 0.028698
11739 0.029044
11743 0.030093
11744 0.032203
11747 0.033623
11748 0.033783
11768 0.031920
11769 0.033220
11770 0.032865
11782 0.031193
11783 0.031084
11784 0.031021
11794 0.031852
11795 0.031085
11796 0.030045
11798 0.029638
11815 0.029229
11818 0.028299
11834 0.029394
11835 0.027713
11836 0.024870
11871 0.025371
11873 0.026355
11877 0.027081
11878 0.028889
11881 0.029074
11907 0.028989
11919 0.028621
11942 0.026368
11959 0.024722
11969 0.025279
12296 0.029223
12297 0.032455
12343 0.035042
12345 0.036339
12452 0.035719
12460 0.035589
12461 0.035191
12471 0.037398
12587 0.037317
12764 0.036594
12845 0.036512
12863 0.037350
13175 0.039273
13176 0.042300
13195 0.041620
13196 0.040143
13197 0.039130
13464 0.039578
13465 0.041877
13466 0.040810
13467 0.041337
13487 0.041416
13490 0.043529
13491 0.043954
13492 0.044931
13493 0.043743
13494 0.040617
13504 0.037916
13505 0.035988
13506 0.035614
13507 0.035459
13510 0.037346
13511 0.036141
13512 0.038106
13514 0.038255
13515 0.039399
13516 0.040525
13517 0.038182
13519 0.035191
13520 0.034726
13521 0.035355
13566 0.035515
13567 0.034513
13568 0.030746
13569 0.030776
13570 0.032651
13571 0.031488
13572 0.034176
13725 0.035933
13728 0.036061
13754 0.033380
13764 0.032875
13820 0.032367
13873 0.032414
14099 0.034581
14183 0.034509
14184 0.034175
14592 0.038466
14711 0.038924
14727 0.040000
15680 0.043858
16515 0.047083
17381 0.047826
17415 0.052504
17423 0.053046
17431 0.052048
17717 0.052710
17886 0.052423
17960 0.053509
18190 0.053062
18197 0.051133
18322 0.052430
18323 0.048115
18324 0.048491
18325 0.047178
18326 0.046795
18327 0.046298
18330 0.047496
18331 0.048696
18332 0.046911
18333 0.047164
18334 0.045418
18335 0.040822
18336 0.038058
18339 0.036955
18340 0.031352
18341 0.026880
18342 0.027169
18379 0.022190
18380 0.022102
18394 0.024605
18431 0.024805
18436 0.027442
18437 0.028345
18439 0.029325
18442 0.031442
18454 0.033290
19002 0.033356
19003 0.031796
19004 0.031808
19011 0.032658
19012 0.032894
19013 0.034579
19014 0.036703
19015 0.041714
19016 0.043082
19017 0.047411
19018 0.049246
19019 0.048845
19020 0.049409
19021 0.051060
19024 0.050070
19025 0.048528
19026 0.048902
19027 0.048307
19028 0.052151
19030 0.058711
19031 0.059980
19032 0.058279
19033 0.062541
19034 0.060653
19035 0.059941
19042 0.060285
19043 0.058556
19044 0.058010
19045 0.057313
19046 0.056783
19052 0.055145
19055 0.052096
19056 0.049850
19057 0.048896
19068 0.044500
19075 0.046664
19076 0.047872
19077 0.047407
19091 0.049566
19092 0.049878
19093 0.049848
19097 0.051464
19113 0.051905
19155 0.046700
19157 0.039704
19158 0.035727
19313 0.034927
19315 0.030151
19316 0.028994
19317 0.026564
19333 0.026051
19339 0.027488
19351 0.028396
19370 0.028965
19372 0.029386
19376 0.027740
19377 0.027693
19379 0.025057
19388 0.024615
19453 0.025115
19521 0.021394
19657 0.020648
19831 0.021958
19834 0.019453
19835 0.020144
19836 0.022989
19881 0.021001
19883 0.020568
19884 0.019818
19885 0.019302
19886 0.018941
19887 0.019467
19888 0.019949
19889 0.021264
19890 0.021242
19891 0.020987
19892 0.020130
19893 0.019378
19922 0.019593
19923 0.019607
19924 0.019914
19925 0.021030
19926 0.022318
19946 0.022478
19947 0.023233
19948 0.024061
19973 0.024204
19974 0.023169
19975 0.021951
19976 0.022587
19981 0.019888
19982 0.019962
19983 0.021094
19991 0.021125
19993 0.021624
19994 0.021768
20008 0.021069
20009 0.020345
20010 0.020886
20021 0.021460
20023 0.022639
20024 0.022426
20032 0.022973
20034 0.022693
20070 0.023485
20071 0.024118
20099 0.022822
20101 0.021372
20102 0.022406
20103 0.027733
20104 0.026399
20105 0.026641
20107 0.031133
20271 0.033970
20272 0.034744
20273 0.034634
20274 0.035384
20275 0.034946
20276 0.038148
20277 0.041186
20278 0.040973
20509 0.042031
20510 0.043946
20511 0.044774
20530 0.043963
20531 0.042954
20532 0.043667
20534 0.043992
20535 0.043390
20536 0.044959
20537 0.049947
20746 0.053191
20866 0.054505
20968 0.053454
21686 0.046831
22593 0.046477
23053 0.046347
23178 0.042077
24740 0.039628
