338 0.100875
341 0.095048
347 0.093169
350 0.094376
355 0.097900
422 0.096877
471 0.096286
472 0.095970
473 0.094381
476 0.101507
477 0.098661
478 0.093557
479 0.088527
480 0.084951
481 0.079522
484 0.076268
485 0.074839
504 0.079316
505 0.082094
506 0.081823
507 0.080997
508 0.076087
509 0.072375
510 0.068157
511 0.064211
533 0.063732
534 0.063252
535 0.060865
536 0.056971
537 0.051712
548 0.055093
549 0.057348
550 0.059342
566 0.063119
567 0.058652
568 0.058144
915 0.057792
1088 0.059662
1093 0.060661
1408 0.061874
1426 0.066180
1427 0.069664
1428 0.067128
1429 0.065963
1430 0.065363
1553 0.066675
1758 0.067544
1765 0.070346
1917 0.071547
1918 0.072682
2025 0.073195
2026 0.073573
2027 0.073743
2028 0.073797
2047 0.074309
2048 0.071416
2049 0.069190
2050 0.067182
2052 0.063790
2056 0.062379
2057 0.060422
2059 0.059958
2060 0.057069
2061 0.056053
2064 0.055703
2065 0.051835
2066 0.048743
2067 0.046327
2070 0.046108
2071 0.045476
2073 0.045111
2077 0.045539
2078 0.043312
2079 0.042698
2092 0.047129
2093 0.047559
2108 0.050298
2133 0.050591
2359 0.052158
2544 0.051437
2545 0.051138
2548 0.051946
2549 0.053353
2552 0.053496
2553 0.052425
2567 0.057173
2568 0.058893
2581 0.060199
2627 0.062678
2628 0.062549
2643 0.062052
2644 0.061654
2646 0.061275
2649 0.062729
2687 0.063219
2688 0.061584
2694 0.059563
2695 0.058651
2696 0.059225
2717 0.054874
2751 0.052734
2752 0.048206
2753 0.047180
2754 0.045404
2758 0.049457
2759 0.052107
2760 0.053747
2771 0.054887
2773 0.054995
2774 0.055509
2776 0.050977
2777 0.048698
2778 0.049240
2794 0.049959
2795 0.054468
2843 0.058454
2876 0.063905
2878 0.066810
2879 0.065160
2893 0.066658
5513 0.073565
6238 0.076999
6878 0.078905
7216 0.078455
7281 0.078266
7335 0.078126
7506 0.081974
7568 0.082596
7667 0.084266
7668 0.081800
7669 0.080768
7670 0.080949
7671 0.080271
7672 0.080283
7673 0.079671
7674 0.078777
7675 0.076897
7676 0.074205
7677 0.070429
7678 0.065250
7679 0.061212
7681 0.056197
7682 0.053602
7683 0.051996
7684 0.049302
7685 0.042145
7686 0.038660
7687 0.036483
7688 0.035530
7689 0.034374
7690 0.033513
7691 0.030219
7692 0.030575
7695 0.029440
7696 0.028068
7697 0.026409
7698 0.023958
7817 0.021823
7818 0.020719
7819 0.019843
7820 0.019717
7821 0.019931
7848 0.021568
7849 0.022187
7850 0.022582
7851 0.023110
7852 0.023592
7853 0.025153
7862 0.026840
7884 0.026941
7885 0.027041
7896 0.028531
7899 0.031867
7955 0.031903
7956 0.031640
7978 0.039976
8021 0.045137
8394 0.047106
8460 0.048891
8476 0.050371
8900 0.059068
9138 0.058911
9330 0.061221
9388 0.063903
10048 0.065817
10775 0.068364
11155 0.072150
11355 0.071874
11502 0.077444
11654 0.078858
11705 0.081140
11763 0.081384
11776 0.082906
11778 0.083385
11779 0.084675
11780 0.085722
11781 0.085531
11787 0.082559
11788 0.082746
11789 0.083020
11790 0.074301
11791 0.068735
11804 0.067087
11805 0.065189
11806 0.063576
11807 0.054759
11808 0.054406
11809 0.052080
11810 0.049450
11811 0.048056
11812 0.045966
11826 0.044217
11827 0.045517
11828 0.041148
11829 0.040650
11830 0.038777
11831 0.038533
11840 0.037567
11841 0.036730
11842 0.035039
11843 0.033174
11845 0.032377
11849 0.033805
11955 0.034843
11956 0.035498
11979 0.035590
11980 0.035337
11981 0.034000
11986 0.034578
11987 0.035912
11997 0.040048
11999 0.041615
12000 0.042823
12001 0.043837
12002 0.044548
12003 0.044957
12004 0.043637
12005 0.041847
12018 0.043057
12019 0.043392
12021 0.043087
12022 0.042482
12023 0.040482
12042 0.040002
12049 0.049022
12052 0.054336
12062 0.061563
12172 0.061647
12353 0.064531
12417 0.065190
12489 0.065399
12720 0.068628
13109 0.069671
13239 0.071249
13360 0.071970
13371 0.068952
13471 0.069452
13472 0.070085
13473 0.070376
13474 0.070371
13475 0.070561
13477 0.070289
13478 0.069918
13479 0.067988
13480 0.067523
13483 0.068386
13484 0.069781
13497 0.071132
13498 0.070959
13499 0.062189
13500 0.057202
13501 0.049924
13502 0.049752
13503 0.047525
13522 0.047109
13523 0.047106
13524 0.044127
13525 0.043113
13526 0.040617
13532 0.038910
13534 0.038435
13535 0.036791
13537 0.036351
13538 0.035916
13541 0.035412
13542 0.034988
13543 0.035233
13558 0.038265
13559 0.038486
13560 0.038474
13561 0.038084
13562 0.037347
13563 0.036505
13592 0.039538
13595 0.042526
13643 0.043334
13687 0.043404
13688 0.041765
13693 0.041076
13704 0.043422
13708 0.050564
13949 0.051003
14232 0.051633
14400 0.052090
14403 0.053040
14435 0.056092
14573 0.058519
14613 0.057306
14614 0.056043
14615 0.055445
14616 0.055144
14619 0.055495
14622 0.054018
14623 0.054228
14651 0.054386
14652 0.054478
14674 0.054205
14675 0.053910
14677 0.049665
14678 0.046062
14679 0.045402
14683 0.050573
14684 0.054047
14685 0.055273
14686 0.054067
14687 0.048630
14725 0.050023
15013 0.051384
15014 0.052638
15054 0.053059
15083 0.052345
15975 0.052257
16158 0.054639
16184 0.055771
16256 0.058511
16713 0.063634
16745 0.064323
16747 0.064203
16926 0.066926
17200 0.067534
17214 0.069204
17216 0.070627
17251 0.071938
17260 0.073770
17298 0.075303
17325 0.076023
17326 0.070797
17327 0.067809
17329 0.065335
17330 0.063619
17331 0.062186
17332 0.060995
17333 0.061057
17336 0.059809
17337 0.059459
17338 0.058526
17353 0.056198
17354 0.054874
17355 0.057326
17356 0.057193
17359 0.053478
17366 0.053622
17375 0.054300
17376 0.050964
17401 0.050236
17443 0.048506
17446 0.047772
17448 0.046106
17449 0.044941
17450 0.045099
17451 0.045835
17452 0.047025
17583 0.046481
17584 0.046191
17585 0.045903
17586 0.046005
17587 0.045660
17589 0.043675
17591 0.043992
17592 0.043278
17596 0.041732
17597 0.041615
17607 0.043354
17608 0.042517
17616 0.042685
17623 0.045011
17669 0.050905
17724 0.050765
17847 0.052333
17857 0.052686
17990 0.052311
18017 0.052162
18312 0.055722
18699 0.062183
18710 0.062819
18797 0.063164
18827 0.063843
19378 0.065368
19497 0.065411
19536 0.065402
19580 0.066413
19689 0.066140
19716 0.068714
19717 0.069286
19718 0.069229
19719 0.069553
19720 0.069646
19722 0.066290
19723 0.063455
19724 0.060773
19725 0.056966
19733 0.054580
19734 0.056298
19735 0.057278
19736 0.059064
19737 0.060568
19738 0.060252
19739 0.057228
19740 0.051054
19741 0.050323
19742 0.049090
19743 0.047172
19754 0.048789
19792 0.051985
20029 0.053250
20030 0.052040
20031 0.051823
20033 0.049030
20036 0.050392
20037 0.050995
20038 0.050389
20039 0.050260
20040 0.050783
20042 0.051849
20043 0.052845
20046 0.053030
20048 0.047876
20049 0.043972
20050 0.041319
20051 0.038490
20052 0.036519
20053 0.035673
20054 0.034938
20055 0.034244
20056 0.032797
20057 0.032040
20058 0.031266
20059 0.028867
20060 0.026603
20061 0.025725
20062 0.025483
20063 0.025715
20064 0.025823
20065 0.022727
20076 0.021527
20077 0.021074
20078 0.020425
20080 0.020052
20081 0.018864
20083 0.018253
20084 0.018236
20086 0.018167
20087 0.018459
20089 0.018517
20090 0.018478
20092 0.019584
20093 0.020578
20094 0.020957
20095 0.021250
20119 0.022342
20120 0.022710
20122 0.022930
20123 0.022232
20124 0.021400
20125 0.020671
20126 0.019976
20127 0.019412
20128 0.019346
20129 0.019489
20130 0.019147
20131 0.018797
20132 0.018461
20133 0.018162
20134 0.018328
20135 0.018138
20136 0.018212
20137 0.018393
20138 0.018182
20139 0.017691
20140 0.017348
20141 0.015889
20151 0.015074
20152 0.014640
20153 0.014326
20154 0.013036
20155 0.012226
20156 0.011743
20157 0.011178
20158 0.010877
20159 0.010626
20160 0.010493
20161 0.010349
20162 0.009956
20163 0.009398
20164 0.008981
20165 0.008845
20166 0.008878
20167 0.008973
20168 0.008715
20169 0.007983
20170 0.007284
20171 0.007031
20185 0.009083
20217 0.009632
20218 0.010527
20219 0.011576
20220 0.012115
20257 0.012761
20258 0.013503
20368 0.015342
20399 0.015889
20694 0.017816
20825 0.019467
21429 0.020355
21432 0.021119
21485 0.025983
22051 0.027099
22196 0.029230
22228 0.030099
22395 0.031716
22895 0.033831
22972 0.036794
23036 0.037627
23106 0.038788
23121 0.041369
23122 0.042490
23209 0.044438
23233 0.044048
23235 0.045558
23236 0.046026
23237 0.045304
23238 0.044588
23239 0.043817
23241 0.044161
23242 0.043331
23243 0.043775
23244 0.043124
23245 0.041943
23246 0.041621
23247 0.041491
23248 0.037592
23249 0.037057
23250 0.034964
23251 0.034080
23252 0.032680
23253 0.030920
23254 0.028425
23255 0.028282
23259 0.028964
23262 0.026785
23263 0.026010
23264 0.024139
23269 0.022733
23270 0.020670
23271 0.019608
23281 0.020053
23294 0.020580
23295 0.020636
23296 0.019614
23297 0.018935
23298 0.018363
23299 0.017417
23317 0.017571
23318 0.017346
23320 0.017122
23321 0.016475
23322 0.016215
23332 0.018837
23333 0.020615
23335 0.022334
23337 0.023587
23338 0.024105
23339 0.024410
23340 0.025003
23343 0.028505
23345 0.033669
23347 0.035252
23354 0.036999
23357 0.038809
23358 0.039781
23359 0.039818
23360 0.040576
23362 0.041582
23363 0.043153
23364 0.044348
23366 0.046492
23367 0.048714
23392 0.049578
23416 0.050296
23417 0.050970
23418 0.051522
23428 0.054940
23429 0.054872
23437 0.056189
23438 0.056696
23439 0.057268
23440 0.057650
23442 0.057416
23443 0.055951
23473 0.054017
23479 0.049328
23480 0.047869
23481 0.045900
23513 0.046498
23514 0.047260
23528 0.047059
23529 0.045800
23530 0.044801
23531 0.043610
23532 0.042279
23533 0.053792
23584 0.053475
23612 0.052756
24757 0.052912
24758 0.053266
24759 0.053782
24760 0.051529
24795 0.052415
24828 0.050442
