338 0.084500
341 0.080037
347 0.073250
350 0.070493
355 0.068518
422 0.064113
471 0.056923
472 0.058003
473 0.057289
476 0.055092
477 0.050979
478 0.050631
479 0.052078
480 0.058185
481 0.058641
484 0.056012
485 0.056430
504 0.055974
505 0.053436
506 0.052486
507 0.043242
508 0.044833
509 0.044062
510 0.041248
511 0.042104
533 0.041680
534 0.043180
535 0.042639
536 0.042701
537 0.042439
548 0.043391
549 0.041480
550 0.040562
566 0.041226
567 0.041086
568 0.042121
915 0.040316
1088 0.036669
1093 0.030878
1408 0.028382
1426 0.027803
1427 0.026660
1428 0.028818
1429 0.029227
1430 0.028837
1553 0.029996
1758 0.030080
1765 0.029768
1917 0.028297
1918 0.029348
2025 0.029019
2026 0.029170
2027 0.029410
2028 0.029623
2047 0.029773
2048 0.029704
2049 0.028553
2050 0.029404
2052 0.028837
2056 0.029352
2057 0.028912
2059 0.028735
2060 0.030102
2061 0.030536
2064 0.030616
2065 0.030609
2066 0.031791
2067 0.030096
2070 0.028880
2071 0.028332
2073 0.028721
2077 0.026899
2078 0.028010
2079 0.026156
2092 0.024450
2093 0.025304
2108 0.024313
2133 0.028943
2359 0.029742
2544 0.030231
2545 0.032864
2548 0.032949
2549 0.032059
2552 0.033133
2553 0.032480
2567 0.031426
2568 0.032041
2581 0.031397
2627 0.031083
2628 0.033532
2643 0.035123
2644 0.032953
2646 0.032261
2649 0.032535
2687 0.033700
2688 0.033012
2694 0.033487
2695 0.032499
2696 0.035356
2717 0.036113
2751 0.035830
2752 0.034618
2753 0.030259
2754 0.031406
2758 0.031547
2759 0.029118
2760 0.029527
2771 0.030806
2773 0.031046
2774 0.031617
2776 0.031083
2777 0.030343
2778 0.030545
2794 0.030591
2795 0.029811
2843 0.028812
2876 0.029482
2878 0.030287
2879 0.031006
2893 0.030020
5513 0.037626
6238 0.045656
6878 0.051746
7216 0.058005
7281 0.063818
7335 0.070251
7506 0.074494
7568 0.083669
7667 0.084467
7668 0.088803
7669 0.091569
7670 0.093870
7671 0.092842
7672 0.093651
7673 0.092890
7674 0.097531
7675 0.097539
7676 0.097251
7677 0.098738
7678 0.099368
7679 0.098669
7681 0.097915
7682 0.098000
7683 0.097211
7684 0.098100
7685 0.091102
7686 0.082813
7687 0.078169
7688 0.069268
7689 0.062721
7690 0.058800
7691 0.058168
7692 0.052312
7695 0.049939
7696 0.045362
7697 0.044284
7698 0.043638
7817 0.044904
7818 0.045244
7819 0.047502
7820 0.044804
7821 0.048907
7848 0.047709
7849 0.049121
7850 0.056669
7851 0.056605
7852 0.057935
7853 0.057955
7862 0.058719
7884 0.058226
7885 0.060909
7896 0.061347
7899 0.061139
7955 0.060417
7956 0.059578
7978 0.057708
8021 0.057828
8394 0.057419
8460 0.056825
8476 0.058169
8900 0.056261
9138 0.054073
9330 0.052631
9388 0.050103
10048 0.048659
10775 0.052584
11155 0.050328
11355 0.051110
11502 0.049561
11654 0.039236
11705 0.041053
11763 0.040167
11776 0.039266
11778 0.039904
11779 0.039831
11780 0.037379
11781 0.038600
11787 0.037777
11788 0.040092
11789 0.040359
11790 0.040172
11791 0.037309
11804 0.033997
11805 0.033651
11806 0.032500
11807 0.032522
11808 0.033897
11809 0.034275
11810 0.034858
11811 0.038706
11812 0.034581
11826 0.035784
11827 0.036485
11828 0.035040
11829 0.035080
11830 0.034858
11831 0.036302
11840 0.036415
11841 0.036733
11842 0.037275
11843 0.037514
11845 0.035784
11849 0.035311
11955 0.035063
11956 0.036481
11979 0.036076
11980 0.035921
11981 0.039034
11986 0.038697
11987 0.038102
11997 0.037405
11999 0.036005
12000 0.035250
12001 0.034457
12002 0.033075
12003 0.031684
12004 0.029650
12005 0.028249
12018 0.027865
12019 0.028542
12021 0.027159
12022 0.025436
12023 0.026271
12042 0.024849
12049 0.025252
12052 0.023451
12062 0.024281
12172 0.023869
12353 0.022289
12417 0.022097
12489 0.021489
12720 0.024044
13109 0.022152
13239 0.025043
13360 0.025578
13371 0.025240
13471 0.025723
13472 0.026592
13473 0.027015
13474 0.025545
13475 0.024961
13477 0.031668
13478 0.039769
13479 0.039911
13480 0.040342
13483 0.039583
13484 0.045131
13497 0.044316
13498 0.044463
13499 0.045239
13500 0.046469
13501 0.048754
13502 0.049310
13503 0.050845
13522 0.049886
13523 0.052101
13524 0.049379
13525 0.050148
13526 0.047880
13532 0.052235
13534 0.054427
13535 0.054878
13537 0.053955
13538 0.056025
13541 0.055865
13542 0.058283
13543 0.051665
13558 0.043786
13559 0.045689
13560 0.045494
13561 0.046740
13562 0.045783
13563 0.046553
13592 0.047396
13595 0.045919
13643 0.045283
13687 0.045428
13688 0.046731
13693 0.046356
13704 0.054148
13708 0.052256
13949 0.057841
14232 0.057455
14400 0.057019
14403 0.054364
14435 0.051698
14573 0.051605
14613 0.051893
14614 0.051124
14615 0.050118
14616 0.048013
14619 0.047254
14622 0.047345
14623 0.046192
14651 0.045546
14652 0.047073
14674 0.043566
14675 0.045549
14677 0.044724
14678 0.044688
14679 0.045727
14683 0.042202
14684 0.042533
14685 0.041789
14686 0.033937
14687 0.034472
14725 0.028713
15013 0.026878
15014 0.027630
15054 0.025755
15083 0.026217
15975 0.025803
16158 0.025695
16184 0.024036
16256 0.025664
16713 0.026152
16745 0.026796
16747 0.027182
16926 0.027934
17200 0.029675
17214 0.031084
17216 0.035341
17251 0.036985
17260 0.036259
17298 0.035505
17325 0.034717
17326 0.034760
17327 0.034369
17329 0.035488
17330 0.037838
17331 0.039462
17332 0.040189
17333 0.040036
17336 0.039643
17337 0.042752
17338 0.044905
17353 0.047627
17354 0.048836
17355 0.053457
17356 0.053666
17359 0.053323
17366 0.052465
17375 0.052125
17376 0.051581
17401 0.052490
17443 0.048307
17446 0.043920
17448 0.041257
17449 0.041709
17450 0.043175
17451 0.042317
17452 0.044433
17583 0.042936
17584 0.040906
17585 0.038116
17586 0.041022
17587 0.051082
17589 0.052939
17591 0.057048
17592 0.053991
17596 0.051610
17597 0.051037
17607 0.055698
17608 0.053711
17616 0.053657
17623 0.055425
17669 0.056869
17724 0.059941
17847 0.058783
17857 0.055724
17990 0.056053
18017 0.055829
18312 0.054572
18699 0.055849
18710 0.054579
18797 0.054476
18827 0.055221
19378 0.054792
19497 0.056283
19536 0.056546
19580 0.051341
19689 0.042894
19716 0.045172
19717 0.042355
19718 0.042920
19719 0.046866
19720 0.044864
19722 0.039416
19723 0.037753
19724 0.036047
19725 0.034503
19733 0.033739
19734 0.030903
19735 0.033571
19736 0.038591
19737 0.040157
19738 0.039780
19739 0.043131
19740 0.042062
19741 0.043279
19742 0.043378
19743 0.040681
19754 0.041964
19792 0.042503
20029 0.043445
20030 0.043532
20031 0.042540
20033 0.039415
20036 0.038749
20037 0.038164
20038 0.035382
20039 0.035041
20040 0.035141
20042 0.034407
20043 0.034079
20046 0.033914
20048 0.033717
20049 0.033383
20050 0.032686
20051 0.030261
20052 0.030938
20053 0.031081
20054 0.027868
20055 0.027712
20056 0.027543
20057 0.028879
20058 0.029493
20059 0.028819
20060 0.028426
20061 0.027705
20062 0.027935
20063 0.027555
20064 0.029792
20065 0.031860
20076 0.033413
20077 0.032298
20078 0.034102
20080 0.034184
20081 0.033877
20083 0.034117
20084 0.036313
20086 0.037599
20087 0.037115
20089 0.035486
20090 0.033696
20092 0.031446
20093 0.032794
20094 0.032438
20095 0.032662
20119 0.031788
20120 0.032274
20122 0.032030
20123 0.032494
20124 0.031925
20125 0.034687
20126 0.035420
20127 0.035432
20128 0.032601
20129 0.029563
20130 0.029280
20131 0.030487
20132 0.029726
20133 0.029610
20134 0.030343
20135 0.031026
20136 0.028676
20137 0.026922
20138 0.026853
20139 0.026878
20140 0.027614
20141 0.028969
20151 0.027175
20152 0.027229
20153 0.026542
20154 0.027035
20155 0.025076
20156 0.024302
20157 0.024073
20158 0.023019
20159 0.020310
20160 0.020089
20161 0.018686
20162 0.018695
20163 0.019214
20164 0.017715
20165 0.017586
20166 0.017553
20167 0.018577
20168 0.019272
20169 0.019048
20170 0.021054
20171 0.023541
20185 0.023471
20217 0.023188
20218 0.025081
20219 0.023503
20220 0.024277
20257 0.024918
20258 0.025337
20368 0.024678
20399 0.024768
20694 0.026883
20825 0.026571
21429 0.027881
21432 0.027605
21485 0.026461
22051 0.029045
22196 0.030197
22228 0.029807
22395 0.030069
22895 0.030801
22972 0.030130
23036 0.029906
23106 0.028350
23121 0.028121
23122 0.026945
23209 0.028990
23233 0.030591
23235 0.033659
23236 0.032594
23237 0.033421
23238 0.035360
23239 0.036589
23241 0.036945
23242 0.038130
23243 0.038398
23244 0.039186
23245 0.041427
23246 0.040314
23247 0.043732
23248 0.045745
23249 0.044829
23250 0.045747
23251 0.048625
23252 0.049599
23253 0.048643
23254 0.051744
23255 0.050289
23259 0.050658
23262 0.050866
23263 0.050921
23264 0.046624
23269 0.046797
23270 0.045334
23271 0.045539
23281 0.044712
23294 0.041900
23295 0.040306
23296 0.040715
23297 0.040302
23298 0.042261
23299 0.041647
23317 0.040389
23318 0.041553
23320 0.039679
23321 0.037589
23322 0.037594
23332 0.036636
23333 0.035451
23335 0.037986
23337 0.038689
23338 0.036388
23339 0.041561
23340 0.044102
23343 0.044642
23345 0.048430
23347 0.049400
23354 0.051858
23357 0.051024
23358 0.049272
23359 0.052496
23360 0.054209
23362 0.055767
23363 0.056503
23364 0.058160
23366 0.060646
23367 0.061428
23392 0.062776
23416 0.062951
23417 0.065511
23418 0.068258
23428 0.067011
23429 0.065408
23437 0.063762
23438 0.061917
23439 0.064581
23440 0.065486
23442 0.062012
23443 0.061806
23473 0.061201
23479 0.057377
23480 0.057107
23481 0.054175
23513 0.054204
23514 0.055802
23528 0.053760
23529 0.051822
23530 0.051364
23531 0.054149
23532 0.062089
23533 0.058738
23584 0.063344
23612 0.063780
24757 0.065279
24758 0.064014
24759 0.064020
24760 0.064518
24795 0.065604
24828 0.066996
