977 0.100058
980 0.098896
981 0.097123
982 0.092455
983 0.089870
987 0.092394
991 0.098704
993 0.101336
996 0.096857
997 0.092207
998 0.087487
999 0.085228
1001 0.083468
1002 0.080545
1003 0.078178
1004 0.076205
1007 0.077339
1009 0.073541
1019 0.069956
1020 0.064941
1023 0.065935
1024 0.066256
1026 0.063159
1027 0.060864
1038 0.059192
1039 0.058194
1045 0.057571
1046 0.059353
1047 0.060730
1048 0.060317
1049 0.056080
1052 0.047613
1053 0.041731
1054 0.042779
1056 0.043947
1057 0.044266
1058 0.044702
1059 0.043325
1060 0.042433
1062 0.042427
1063 0.043800
1064 0.042518
1076 0.042981
1077 0.043370
1078 0.046546
1079 0.044180
1080 0.042194
1083 0.042712
1086 0.045492
1089 0.045759
1090 0.046165
1091 0.042304
1092 0.040376
1099 0.041330
1178 0.054974
1361 0.058400
1379 0.059143
1585 0.068473
1767 0.069327
1803 0.075956
1916 0.075756
2058 0.075114
2331 0.076420
2351 0.090000
2442 0.089893
2487 0.090072
2712 0.092174
3106 0.090771
3374 0.092057
4234 0.091974
4330 0.090579
4331 0.089739
4334 0.089637
4335 0.087187
4346 0.087640
4348 0.087865
4351 0.087983
4353 0.086849
4354 0.083896
4355 0.070323
4364 0.069942
4368 0.069396
4369 0.060300
4377 0.060930
4378 0.054952
4379 0.056154
4382 0.056014
4383 0.054001
4385 0.040067
4386 0.039663
4387 0.037923
4388 0.034572
4391 0.033863
4392 0.031500
4393 0.028681
4394 0.028600
4395 0.028597
4404 0.031953
4405 0.034524
4406 0.035018
4462 0.045209
4464 0.053410
4480 0.054746
4496 0.055532
4653 0.056218
4698 0.059689
4940 0.062296
5037 0.062269
5090 0.061053
5093 0.062494
5152 0.064017
5238 0.063831
5263 0.065021
5422 0.067625
5488 0.067361
5551 0.070885
5552 0.074319
5553 0.077392
5554 0.079710
5555 0.081643
5556 0.081438
5557 0.081188
5558 0.077271
5559 0.073849
5560 0.071447
5561 0.060309
5562 0.051779
5563 0.050744
5564 0.050574
5565 0.050768
5574 0.049942
5575 0.050688
5576 0.054177
5577 0.055810
5578 0.055326
5579 0.054703
5580 0.056226
5581 0.056874
5670 0.057973
5677 0.058333
5842 0.056402
5843 0.053971
5844 0.051587
5845 0.049730
5863 0.047525
6302 0.050943
6305 0.053797
6311 0.054832
6314 0.057015
6325 0.059019
6327 0.059335
6328 0.059254
6329 0.058949
6330 0.058548
6331 0.058446
6332 0.053154
6333 0.049323
6334 0.045659
6335 0.042563
6336 0.040537
6382 0.039933
6383 0.038961
6384 0.037507
6385 0.033485
6386 0.032929
6387 0.031264
6388 0.030131
6389 0.029265
6390 0.028876
6391 0.028880
6410 0.028022
6411 0.026944
6412 0.026783
6413 0.025203
6414 0.023573
6416 0.023711
6417 0.023825
6418 0.023931
6419 0.023813
6450 0.024437
6451 0.024901
6452 0.025878
6453 0.027360
6454 0.029113
6455 0.030612
6456 0.031155
6461 0.033877
6463 0.037504
6486 0.039000
6488 0.042009
6489 0.044581
6491 0.045393
6669 0.045476
6689 0.048526
6695 0.051208
6718 0.051991
6722 0.052434
6723 0.052192
6724 0.052004
6725 0.052047
6726 0.051959
6727 0.052291
6732 0.056265
6733 0.058437
6734 0.058131
6735 0.057963
6736 0.057487
6737 0.056203
6738 0.054921
6740 0.055953
6741 0.055613
6742 0.053115
6743 0.050150
6744 0.050721
6753 0.049109
6754 0.047349
6755 0.047290
6820 0.052357
6821 0.052820
6822 0.052932
6830 0.051798
6835 0.051693
6837 0.052612
6838 0.052895
6839 0.053000
6840 0.053006
6842 0.053040
6843 0.049360
6845 0.047432
6846 0.046516
6847 0.045797
6848 0.046072
6849 0.046416
6850 0.046930
6851 0.045337
6852 0.044778
6853 0.044967
6855 0.044746
6856 0.043353
6868 0.042509
6869 0.041535
6870 0.040629
6884 0.040063
6921 0.037061
6922 0.034486
6923 0.032289
6924 0.030044
6925 0.028268
6950 0.028490
6951 0.028359
6952 0.028390
7017 0.029040
7029 0.029119
7030 0.028758
7031 0.028513
7032 0.028543
7033 0.028085
7039 0.029320
7040 0.030102
7041 0.029406
7042 0.028166
7043 0.026686
7053 0.026162
7054 0.025846
7055 0.025975
7073 0.027862
7074 0.029387
7075 0.025806
7078 0.026242
7079 0.027395
7080 0.029256
7251 0.030367
7255 0.031805
7256 0.031506
7257 0.031285
7260 0.031240
7261 0.030687
7262 0.030621
7263 0.031029
7345 0.033105
7346 0.034739
7353 0.037244
7355 0.041382
7433 0.040356
7434 0.039864
7435 0.040284
7436 0.041669
7462 0.044031
7555 0.045253
7557 0.045558
7558 0.043575
7559 0.042199
7560 0.041857
7604 0.045081
7606 0.047204
7720 0.045305
7721 0.044474
7722 0.043686
7764 0.043580
7765 0.043496
7776 0.043849
7777 0.043352
7778 0.043155
7779 0.044236
7782 0.042154
7784 0.042434
7786 0.040766
7787 0.037795
7792 0.039133
7811 0.040272
7812 0.040747
7813 0.040267
7814 0.040696
7815 0.043886
7816 0.046507
8027 0.050962
8507 0.055898
9784 0.056975
9785 0.053788
9820 0.050687
10015 0.052086
10863 0.053545
11974 0.054014
12035 0.054921
12054 0.059128
12055 0.061909
12056 0.064487
12057 0.065880
12059 0.066224
12060 0.068153
12061 0.068650
12063 0.071710
12064 0.071620
12065 0.070927
12066 0.071530
12067 0.072876
12068 0.075611
12069 0.075570
12070 0.073050
12455 0.074616
12456 0.074424
12457 0.071989
12458 0.073135
12459 0.073719
12767 0.076314
12808 0.078065
12884 0.081149
12885 0.083482
12886 0.084901
12887 0.082556
12888 0.080496
12889 0.079059
12890 0.077835
12891 0.082287
12906 0.081981
12907 0.080631
12909 0.077453
12910 0.075095
12911 0.074152
12912 0.072755
12913 0.071403
12914 0.069071
12918 0.070544
12919 0.070169
12920 0.065634
12921 0.061660
12922 0.059061
12923 0.055983
12924 0.054030
12925 0.051019
12926 0.048149
12927 0.043963
12928 0.041336
12929 0.039371
12930 0.038516
12931 0.037668
12932 0.036671
12933 0.036387
12934 0.029957
12935 0.028468
12936 0.027619
12959 0.027756
12961 0.027872
12962 0.027650
12963 0.027011
12964 0.026025
12965 0.024833
12966 0.020421
12967 0.018609
12968 0.017828
12970 0.018234
12971 0.018625
12972 0.018911
12973 0.018959
12974 0.018849
12975 0.018580
12976 0.018126
13016 0.022543
13021 0.024395
13022 0.025132
13023 0.025551
13026 0.026408
13107 0.027236
13110 0.027734
13118 0.027821
13120 0.028056
13121 0.027595
13122 0.027394
13123 0.027746
13124 0.028299
13126 0.028682
13127 0.029312
13128 0.029768
13129 0.030474
13130 0.031203
13142 0.033285
13150 0.032710
13152 0.032400
13153 0.032178
13154 0.031962
13155 0.031764
13156 0.031722
13159 0.027707
13179 0.025105
13180 0.023392
13183 0.022584
13184 0.021306
13185 0.020294
13186 0.020585
13189 0.021989
13190 0.021286
13191 0.020757
13192 0.020826
13202 0.022493
13203 0.022058
13204 0.021395
13205 0.020943
13206 0.021604
13212 0.021517
13214 0.020545
13215 0.017915
13230 0.019819
13231 0.020508
13232 0.021324
13233 0.022606
13236 0.025216
13237 0.025521
13238 0.024765
13241 0.025476
13242 0.027411
13247 0.028762
13248 0.029544
13249 0.030981
13250 0.032564
13254 0.035691
13255 0.039304
13256 0.041366
13257 0.042767
13476 0.040529
13709 0.041145
13711 0.042167
13712 0.042205
13713 0.041235
13714 0.040313
13729 0.046789
13755 0.047915
13756 0.047130
13757 0.047395
13761 0.047514
13762 0.046655
13763 0.044528
13770 0.045979
13771 0.047339
13780 0.048077
13781 0.047412
13782 0.047007
13783 0.047526
13786 0.046939
13787 0.045040
13788 0.040379
13789 0.037107
13790 0.035679
13791 0.034795
13793 0.036008
13858 0.040579
13860 0.042841
13871 0.048924
13897 0.050631
14004 0.052357
14010 0.049482
14033 0.052055
14970 0.052454
15380 0.052498
15561 0.054568
15980 0.059047
15986 0.059470
16083 0.060914
16109 0.061555
16114 0.063519
16252 0.062882
16777 0.066710
16788 0.068734
16789 0.070053
16790 0.071188
16791 0.072243
16792 0.072667
16793 0.072436
16795 0.071736
16796 0.070767
16797 0.065791
16798 0.063093
16799 0.057013
16800 0.055258
16801 0.053583
16802 0.050381
16803 0.046813
16813 0.047509
16814 0.048021
16815 0.046254
16816 0.042181
16818 0.043232
16819 0.041348
16820 0.039986
16821 0.036900
16822 0.036322
16823 0.031320
16824 0.028353
16825 0.026795
16827 0.025247
16864 0.025875
16865 0.026523
16866 0.026245
16867 0.026030
16869 0.026721
16870 0.027075
16871 0.027815
16872 0.028678
16875 0.029461
16876 0.029832
16877 0.029993
16878 0.029640
16879 0.027176
16883 0.025980
16884 0.024885
16886 0.024484
16887 0.022591
16888 0.021127
16889 0.020031
16890 0.019678
16891 0.020216
16892 0.020997
16893 0.021919
16909 0.022698
16910 0.023055
16911 0.021335
16912 0.020815
16917 0.023427
16918 0.023828
16919 0.023348
16934 0.023841
16977 0.027209
17462 0.030313
18000 0.030044
18229 0.030222
18350 0.030283
18650 0.030590
18845 0.031351
18898 0.032236
18986 0.033587
19096 0.039882
19105 0.042500
19485 0.044643
19532 0.046072
19786 0.049204
20190 0.053316
20254 0.053865
20799 0.054725
20844 0.054202
20845 0.054336
20847 0.054554
20850 0.054365
20851 0.051596
20852 0.050869
20853 0.050434
20858 0.051199
20859 0.047880
20860 0.044986
20861 0.046890
20862 0.049698
20870 0.052198
20871 0.056654
20886 0.056839
20887 0.056122
20890 0.055043
20891 0.049701
20892 0.048912
20895 0.051173
20896 0.054245
21008 0.055351
21370 0.053265
21417 0.055969
21658 0.056299
21764 0.059382
21795 0.059347
22057 0.060594
22291 0.061151
22442 0.064992
22579 0.067719
22648 0.068875
22649 0.067318
22650 0.066943
22651 0.066496
22654 0.063702
22663 0.063019
22664 0.061769
22665 0.057625
22667 0.057470
22674 0.059784
22677 0.061758
22678 0.061785
22680 0.061465
22681 0.058714
22682 0.056864
22685 0.055888
22686 0.056229
22689 0.059037
22690 0.058619
22695 0.055968
22698 0.056960
22710 0.056589
22773 0.056394
22898 0.054501
22934 0.053318
23197 0.052540
23232 0.057024
23302 0.056965
23375 0.057067
23377 0.057218
23378 0.054619
23379 0.053763
23383 0.053490
23384 0.053315
23395 0.054162
23405 0.056645
23406 0.057342
23407 0.057021
23408 0.056898
23419 0.055893
23423 0.055601
23424 0.054238
23425 0.048982
23431 0.048154
23433 0.047270
23448 0.051548
23449 0.052196
23450 0.051989
23451 0.050711
23452 0.050446
23458 0.054175
23459 0.050722
23460 0.050842
23466 0.050930
23467 0.053337
23488 0.054090
23491 0.053296
23497 0.056680
23498 0.058169
23499 0.055916
23501 0.052445
23502 0.051312
23510 0.052663
23511 0.053616
23512 0.054255
23537 0.052755
23540 0.052614
23541 0.051930
23542 0.051579
23543 0.051419
23544 0.046682
23545 0.045461
23547 0.046362
23549 0.048490
23550 0.050025
23606 0.046483
23628 0.050314
23655 0.050696
23668 0.050774
23669 0.048657
23673 0.047658
23674 0.047495
23679 0.044844
23680 0.043204
23681 0.041918
23709 0.041382
23713 0.040800
23742 0.040042
23743 0.038649
23744 0.037367
23752 0.036308
23753 0.035101
23755 0.034334
23756 0.033566
23757 0.033451
23807 0.032515
23808 0.031835
23809 0.030175
23811 0.027284
23819 0.025394
23820 0.025276
23821 0.020072
23822 0.018791
23823 0.017524
23824 0.017179
23825 0.017264
23826 0.017617
23828 0.016790
23829 0.016955
23830 0.017294
23832 0.017926
23833 0.019348
23834 0.019402
23851 0.018768
23853 0.018327
23855 0.019706
23860 0.019850
23861 0.019682
23872 0.022049
23874 0.023668
23875 0.024034
23876 0.024478
23878 0.024891
23961 0.030212
24052 0.030455
24056 0.030424
24164 0.030938
24171 0.031806
24172 0.033238
24173 0.033766
24175 0.034431
24176 0.034285
24177 0.034882
24178 0.035249
24179 0.035674
24180 0.034972
24181 0.033746
24182 0.032259
24183 0.032617
24184 0.032382
24186 0.031103
24187 0.030744
24191 0.031365
24192 0.029222
24195 0.028161
24196 0.027880
24197 0.027545
24199 0.029369
24200 0.026421
24201 0.025715
24202 0.025690
24203 0.025562
24204 0.024784
24205 0.023826
24206 0.023779
24207 0.023578
24208 0.023807
24236 0.023498
24237 0.022933
24238 0.022205
24295 0.022258
24297 0.022068
24298 0.022522
24300 0.022691
24320 0.022983
24321 0.022365
24323 0.022140
24325 0.021991
24326 0.021801
24332 0.021560
24333 0.021346
24334 0.021131
24335 0.018818
24336 0.016486
24337 0.016242
24338 0.015743
24354 0.017642
24355 0.019028
24357 0.019568
24358 0.019359
24360 0.019864
24361 0.019482
24362 0.018697
24363 0.018398
24364 0.018518
24365 0.018773
24366 0.019376
24369 0.018607
24370 0.017802
24371 0.017674
24384 0.018652
24385 0.019241
24386 0.020177
24387 0.020596
24389 0.020408
24390 0.020586
24391 0.020866
24392 0.021194
24408 0.021818
24409 0.021753
24411 0.021523
24412 0.018863
24432 0.018709
24433 0.018475
24434 0.018609
24435 0.017903
24436 0.017681
24437 0.017532
24438 0.017336
24444 0.020060
24445 0.021157
24446 0.023259
24447 0.025832
24448 0.027289
24449 0.028091
24451 0.028100
24467 0.027657
24514 0.027102
24533 0.030336
24661 0.031178
24783 0.032052
24886 0.033032
24922 0.033084
24923 0.032827
