977 0.055184
980 0.056059
981 0.053798
982 0.051052
983 0.049034
987 0.044975
991 0.041440
993 0.041336
996 0.043600
997 0.042160
998 0.041505
999 0.041453
1001 0.040459
1002 0.038577
1003 0.042577
1004 0.041475
1007 0.035721
1009 0.033876
1019 0.033595
1020 0.030053
1023 0.029955
1024 0.028356
1026 0.028337
1027 0.027448
1038 0.024342
1039 0.023474
1045 0.022910
1046 0.022325
1047 0.022025
1048 0.021703
1049 0.020782
1052 0.020063
1053 0.020190
1054 0.018706
1056 0.020460
1057 0.020782
1058 0.020917
1059 0.020891
1060 0.020103
1062 0.017263
1063 0.019205
1064 0.021768
1076 0.022582
1077 0.021794
1078 0.021958
1079 0.022370
1080 0.022789
1083 0.024055
1086 0.024284
1089 0.024873
1090 0.026697
1091 0.026714
1092 0.026272
1099 0.028246
1178 0.029924
1361 0.030212
1379 0.030909
1585 0.031343
1767 0.031419
1803 0.028888
1916 0.030067
2058 0.029637
2331 0.029824
2351 0.031702
2442 0.030030
2487 0.027221
2712 0.027466
3106 0.030731
3374 0.039955
4234 0.047856
4330 0.053610
4331 0.062587
4334 0.062728
4335 0.071890
4346 0.071651
4348 0.076267
4351 0.079230
4353 0.079446
4354 0.078443
4355 0.076651
4364 0.076078
4368 0.076709
4369 0.076700
4377 0.076841
4378 0.078971
4379 0.078943
4382 0.079019
4383 0.079828
4385 0.079058
4386 0.079547
4387 0.079088
4388 0.077829
4391 0.075925
4392 0.066047
4393 0.059399
4394 0.054022
4395 0.045245
4404 0.043626
4405 0.034253
4406 0.034292
4462 0.029419
4464 0.025565
4480 0.025468
4496 0.025873
4653 0.026961
4698 0.028197
4940 0.027897
5037 0.027954
5090 0.028277
5093 0.026710
5152 0.025892
5238 0.025569
5263 0.025017
5422 0.025297
5488 0.026081
5551 0.028486
5552 0.028628
5553 0.026589
5554 0.029222
5555 0.034457
5556 0.034843
5557 0.037516
5558 0.040824
5559 0.043246
5560 0.046057
5561 0.052943
5562 0.055101
5563 0.057075
5564 0.056530
5565 0.056331
5574 0.057041
5575 0.056045
5576 0.056526
5577 0.055781
5578 0.055613
5579 0.054819
5580 0.055317
5581 0.055257
5670 0.054636
5677 0.053283
5842 0.053402
5843 0.051875
5844 0.052654
5845 0.051959
5863 0.047185
6302 0.047160
6305 0.046518
6311 0.043777
6314 0.042209
6325 0.039740
6327 0.032331
6328 0.029633
6329 0.028655
6330 0.029097
6331 0.029967
6332 0.031663
6333 0.037625
6334 0.037625
6335 0.037095
6336 0.040765
6382 0.041222
6383 0.040635
6384 0.040894
6385 0.041176
6386 0.041956
6387 0.040235
6388 0.046076
6389 0.046220
6390 0.045605
6391 0.053155
6410 0.052098
6411 0.050347
6412 0.050827
6413 0.050332
6414 0.053583
6416 0.056010
6417 0.057311
6418 0.057098
6419 0.058108
6450 0.057338
6451 0.053794
6452 0.048671
6453 0.046777
6454 0.046756
6455 0.042802
6456 0.042223
6461 0.043165
6463 0.042463
6486 0.042253
6488 0.041775
6489 0.041187
6491 0.035905
6669 0.036019
6689 0.035482
6695 0.025711
6718 0.026816
6722 0.026158
6723 0.026030
6724 0.028072
6725 0.025400
6726 0.021805
6727 0.021085
6732 0.020724
6733 0.020843
6734 0.021317
6735 0.023075
6736 0.022505
6737 0.023426
6738 0.026653
6740 0.033945
6741 0.037285
6742 0.036647
6743 0.039437
6744 0.041391
6753 0.041415
6754 0.042291
6755 0.042348
6820 0.042094
6821 0.046279
6822 0.051300
6830 0.050933
6835 0.052218
6837 0.050928
6838 0.048974
6839 0.049147
6840 0.050701
6842 0.050879
6843 0.050291
6845 0.048707
6846 0.047247
6847 0.046443
6848 0.046580
6849 0.045787
6850 0.043204
6851 0.038130
6852 0.037345
6853 0.039865
6855 0.043286
6856 0.040674
6868 0.041030
6869 0.040501
6870 0.041058
6884 0.041593
6921 0.037409
6922 0.032943
6923 0.032711
6924 0.031580
6925 0.032500
6950 0.033265
6951 0.033246
6952 0.034196
7017 0.033846
7029 0.035169
7030 0.036250
7031 0.036296
7032 0.037559
7033 0.038253
7039 0.039817
7040 0.039268
7041 0.037232
7042 0.034727
7043 0.031715
7053 0.027948
7054 0.028366
7055 0.028156
7073 0.028851
7074 0.028098
7075 0.027202
7078 0.027292
7079 0.031003
7080 0.032548
7251 0.034545
7255 0.034762
7256 0.040075
7257 0.039034
7260 0.039238
7261 0.040476
7262 0.040410
7263 0.038495
7345 0.038742
7346 0.036374
7353 0.035958
7355 0.035071
7433 0.035822
7434 0.036924
7435 0.040131
7436 0.040582
7462 0.038948
7555 0.041169
7557 0.045605
7558 0.044171
7559 0.048182
7560 0.051290
7604 0.051067
7606 0.047325
7720 0.046355
7721 0.046820
7722 0.050986
7764 0.046200
7765 0.046146
7776 0.045956
7777 0.045206
7778 0.044199
7779 0.046177
7782 0.046735
7784 0.046754
7786 0.047645
7787 0.048337
7792 0.049108
7811 0.048648
7812 0.045463
7813 0.047482
7814 0.047870
7815 0.044944
7816 0.040535
8027 0.041164
8507 0.037833
9784 0.034671
9785 0.038358
9820 0.040194
10015 0.040280
10863 0.038993
11974 0.036024
12035 0.039363
12054 0.041045
12055 0.041902
12056 0.040929
12057 0.041432
12059 0.040172
12060 0.039547
12061 0.039478
12063 0.043125
12064 0.050554
12065 0.055616
12066 0.062986
12067 0.065964
12068 0.066583
12069 0.071749
12070 0.072816
12455 0.072278
12456 0.072934
12457 0.073782
12458 0.073649
12459 0.073229
12767 0.071729
12808 0.071624
12884 0.070451
12885 0.068245
12886 0.063510
12887 0.062345
12888 0.059614
12889 0.062749
12890 0.063587
12891 0.063172
12906 0.062808
12907 0.062927
12909 0.058289
12910 0.051032
12911 0.045404
12912 0.038544
12913 0.036574
12914 0.033813
12918 0.027661
12919 0.026868
12920 0.028198
12921 0.026991
12922 0.025685
12923 0.025954
12924 0.022237
12925 0.021678
12926 0.021181
12927 0.020669
12928 0.020487
12929 0.020120
12930 0.021522
12931 0.022141
12932 0.020085
12933 0.019918
12934 0.019896
12935 0.022652
12936 0.024761
12959 0.024459
12961 0.022884
12962 0.022110
12963 0.021195
12964 0.020553
12965 0.020600
12966 0.021149
12967 0.021391
12968 0.020647
12970 0.020968
12971 0.020391
12972 0.020413
12973 0.020151
12974 0.020412
12975 0.021299
12976 0.021685
13016 0.021483
13021 0.022349
13022 0.021488
13023 0.020304
13026 0.020238
13107 0.018887
13110 0.019658
13118 0.017696
13120 0.016572
13121 0.018345
13122 0.019614
13123 0.023003
13124 0.022894
13126 0.023897
13127 0.025235
13128 0.026235
13129 0.026705
13130 0.026447
13142 0.026189
13150 0.026388
13152 0.027739
13153 0.028121
13154 0.028440
13155 0.027492
13156 0.027457
13159 0.027693
13179 0.028670
13180 0.028295
13183 0.029264
13184 0.028551
13185 0.034191
13186 0.037181
13189 0.036813
13190 0.040158
13191 0.041478
13192 0.040185
13202 0.037019
13203 0.036812
13204 0.035682
13205 0.036132
13206 0.037990
13212 0.038160
13214 0.039040
13215 0.039567
13230 0.040146
13231 0.038515
13232 0.038807
13233 0.039188
13236 0.039306
13237 0.039563
13238 0.039536
13241 0.039122
13242 0.038942
13247 0.038698
13248 0.039939
13249 0.034592
13250 0.030907
13254 0.034167
13255 0.032565
13256 0.030905
13257 0.031143
13476 0.032987
13709 0.034645
13711 0.034906
13712 0.036796
13713 0.041350
13714 0.046032
13729 0.053374
13755 0.054352
13756 0.055329
13757 0.063753
13761 0.063268
13762 0.065322
13763 0.067715
13770 0.068461
13771 0.072132
13780 0.071543
13781 0.071532
13782 0.073800
13783 0.074736
13786 0.076626
13787 0.076146
13788 0.073399
13789 0.071756
13790 0.071545
13791 0.071249
13793 0.070464
13858 0.069439
13860 0.068811
13871 0.065724
13897 0.057975
14004 0.053680
14010 0.045043
14033 0.044344
14970 0.046334
15380 0.037908
15561 0.040942
15980 0.041694
15986 0.042807
16083 0.043798
16109 0.040710
16114 0.040375
16252 0.043546
16777 0.040564
16788 0.039849
16789 0.042417
16790 0.044333
16791 0.048974
16792 0.049465
16793 0.049453
16795 0.054839
16796 0.055725
16797 0.054928
16798 0.055043
16799 0.054393
16800 0.056246
16801 0.054821
16802 0.056581
16803 0.056453
16813 0.052804
16814 0.052987
16815 0.049723
16816 0.046137
16818 0.042297
16819 0.040550
16820 0.041217
16821 0.044133
16822 0.041492
16823 0.044931
16824 0.044414
16825 0.040794
16827 0.041182
16864 0.036803
16865 0.036207
16866 0.035108
16867 0.029701
16869 0.027349
16870 0.027619
16871 0.027869
16872 0.027605
16875 0.026214
16876 0.026842
16877 0.026215
16878 0.027501
16879 0.027978
16883 0.027835
16884 0.028760
16886 0.028397
16887 0.028904
16888 0.029461
16889 0.029698
16890 0.027571
16891 0.026119
16892 0.022583
16893 0.022709
16909 0.021575
16910 0.022063
16911 0.024983
16912 0.025050
16917 0.026283
16918 0.026434
16919 0.027744
16934 0.028176
16977 0.029229
17462 0.029477
18000 0.030826
18229 0.030114
18350 0.029256
18650 0.028017
18845 0.027344
18898 0.027470
18986 0.028063
19096 0.031346
19105 0.033701
19485 0.034067
19532 0.033123
19786 0.032195
20190 0.033075
20254 0.036218
20799 0.037664
20844 0.038101
20845 0.035284
20847 0.031466
20850 0.030898
20851 0.031535
20852 0.031867
20853 0.030827
20858 0.031137
20859 0.030316
20860 0.030435
20861 0.029140
20862 0.029572
20870 0.032054
20871 0.031704
20886 0.032166
20887 0.032339
20890 0.032035
20891 0.028846
20892 0.026877
20895 0.025658
20896 0.028450
21008 0.028049
21370 0.027336
21417 0.024908
21658 0.023690
21764 0.023879
21795 0.025050
22057 0.024966
22291 0.024463
22442 0.022783
22579 0.022353
22648 0.022344
22649 0.021894
22650 0.021633
22651 0.022045
22654 0.021852
22663 0.021379
22664 0.019528
22665 0.019050
22667 0.019130
22674 0.019588
22677 0.019729
22678 0.019499
22680 0.021749
22681 0.023620
22682 0.020764
22685 0.021138
22686 0.024819
22689 0.024111
22690 0.024038
22695 0.024405
22698 0.023445
22710 0.025206
22773 0.025568
22898 0.026286
22934 0.026627
23197 0.027419
23232 0.028046
23302 0.029400
23375 0.028735
23377 0.030158
23378 0.029918
23379 0.029120
23383 0.031015
23384 0.030359
23395 0.030988
23405 0.029894
23406 0.030119
23407 0.027189
23408 0.024989
23419 0.024856
23423 0.025447
23424 0.022048
23425 0.022418
23431 0.021151
23433 0.020907
23448 0.020927
23449 0.020805
23450 0.020466
23451 0.023321
23452 0.023028
23458 0.022168
23459 0.021021
23460 0.019424
23466 0.019817
23467 0.019051
23488 0.019015
23491 0.019785
23497 0.018681
23498 0.019157
23499 0.018679
23501 0.020512
23502 0.021506
23510 0.022074
23511 0.022978
23512 0.022409
23537 0.022890
23540 0.025771
23541 0.025729
23542 0.025875
23543 0.026612
23544 0.029462
23545 0.027736
23547 0.029420
23549 0.025532
23550 0.033026
23606 0.033923
23628 0.039373
23655 0.039707
23668 0.040031
23669 0.038703
23673 0.043606
23674 0.043916
23679 0.043788
23680 0.043442
23681 0.043702
23709 0.041740
23713 0.040754
23742 0.039983
23743 0.039204
23744 0.040878
23752 0.039724
23753 0.037074
23755 0.037680
23756 0.038390
23757 0.038039
23807 0.035793
23808 0.037097
23809 0.038662
23811 0.043735
23819 0.037417
23820 0.040711
23821 0.035742
23822 0.038730
23823 0.038169
23824 0.039475
23825 0.037120
23826 0.036143
23828 0.035643
23829 0.037064
23830 0.038835
23832 0.039297
23833 0.041407
23834 0.041279
23851 0.044584
23853 0.043497
23855 0.044402
23860 0.046550
23861 0.050073
23872 0.049586
23874 0.050669
23875 0.050660
23876 0.050805
23878 0.048627
23961 0.045098
24052 0.045515
24056 0.043490
24164 0.045500
24171 0.042686
24172 0.044255
24173 0.045330
24175 0.043475
24176 0.045426
24177 0.046497
24178 0.045914
24179 0.043725
24180 0.045224
24181 0.044590
24182 0.045805
24183 0.043727
24184 0.044255
24186 0.043111
24187 0.040723
24191 0.036156
24192 0.036318
24195 0.034342
24196 0.033672
24197 0.032524
24199 0.032377
24200 0.031770
24201 0.030065
24202 0.027559
24203 0.028166
24204 0.027702
24205 0.027788
24206 0.032078
24207 0.039345
24208 0.041245
24236 0.045503
24237 0.046066
24238 0.046034
24295 0.045023
24297 0.049251
24298 0.052494
24300 0.051247
24320 0.051678
24321 0.055271
24323 0.058297
24325 0.058865
24326 0.058803
24332 0.059730
24333 0.060417
24334 0.064224
24335 0.065057
24336 0.064377
24337 0.064471
24338 0.065484
24354 0.062943
24355 0.064446
24357 0.062853
24358 0.061770
24360 0.054510
24361 0.051368
24362 0.045991
24363 0.044793
24364 0.048281
24365 0.048479
24366 0.043304
24369 0.038576
24370 0.039294
24371 0.040312
24384 0.037089
24385 0.033753
24386 0.033341
24387 0.033279
24389 0.032729
24390 0.032317
24391 0.029663
24392 0.030446
24408 0.031330
24409 0.031227
24411 0.033811
24412 0.035474
24432 0.034195
24433 0.034213
24434 0.030612
24435 0.030618
24436 0.030015
24437 0.030394
24438 0.032307
24444 0.028569
24445 0.027476
24446 0.028426
24447 0.028509
24448 0.028353
24449 0.025703
24451 0.027225
24467 0.027267
24514 0.027534
24533 0.027523
24661 0.029333
24783 0.029059
24886 0.027494
24922 0.025078
24923 0.024531
