1237 0.062269
1238 0.056696
1239 0.052523
1242 0.049901
1244 0.048517
1245 0.046949
1265 0.047936
1266 0.046364
1267 0.044167
1268 0.041519
1269 0.039118
1270 0.037278
1271 0.035417
1272 0.033863
1275 0.031964
1276 0.030232
1277 0.028924
1278 0.033372
1279 0.036426
1280 0.039676
1297 0.043816
1327 0.045745
1516 0.046436
1738 0.046903
1962 0.049153
2324 0.052120
2406 0.052914
2482 0.054173
2502 0.056379
2507 0.061023
2691 0.064098
3204 0.064924
3368 0.066823
3594 0.070537
3785 0.073297
3787 0.075846
3788 0.078040
3822 0.082977
3824 0.084004
3825 0.083590
3826 0.083515
3827 0.084309
3828 0.080724
3829 0.079294
3830 0.080968
3831 0.083354
3835 0.081373
3836 0.081906
3837 0.081978
3838 0.083049
3855 0.079790
3856 0.078772
3857 0.078272
3859 0.076322
3860 0.072559
3863 0.072045
3864 0.071116
3865 0.070793
3866 0.068402
3867 0.067069
3868 0.066305
3869 0.067011
3918 0.068528
3919 0.071212
3920 0.074233
3921 0.077227
3922 0.081152
3942 0.085058
3943 0.085462
3946 0.082225
4036 0.079212
4066 0.080951
4150 0.079010
4230 0.078721
4363 0.079154
4584 0.081870
4587 0.083115
4624 0.086183
4625 0.086674
4626 0.085337
4627 0.083141
4630 0.084951
4631 0.086805
4632 0.089833
4633 0.094265
4634 0.097877
4636 0.098270
4637 0.093544
4640 0.089604
4641 0.086696
4642 0.084695
4643 0.082407
4646 0.077072
4647 0.073347
4648 0.072065
4649 0.069170
4682 0.069988
4688 0.077404
4691 0.081542
4717 0.079048
4718 0.077245
4719 0.079722
4720 0.081110
4770 0.084361
4776 0.085279
4777 0.085036
4778 0.084348
4779 0.081560
4780 0.077591
4782 0.072161
4784 0.067059
4785 0.064140
4786 0.064634
4787 0.066711
4788 0.068565
4789 0.068989
4820 0.067867
4851 0.070515
4852 0.071818
4853 0.070746
4891 0.075884
4893 0.076716
4894 0.069607
4895 0.064185
4896 0.063275
4897 0.063038
4907 0.062896
4908 0.058266
4909 0.054404
4910 0.053785
4913 0.054514
4914 0.051906
4915 0.052435
4918 0.055656
4919 0.057945
4922 0.059903
4923 0.060937
4926 0.065348
4927 0.066366
4928 0.066515
4931 0.066536
4934 0.068762
4987 0.070153
4988 0.070035
4989 0.070471
4990 0.064323
4991 0.060934
4994 0.059612
4995 0.060664
4996 0.060999
4997 0.061178
4998 0.060973
4999 0.062823
5000 0.065707
5003 0.065326
5004 0.064384
5005 0.063777
5006 0.064189
5019 0.063317
5020 0.061868
5025 0.064841
5026 0.067937
5028 0.064873
5029 0.064048
5096 0.062752
5097 0.061265
5098 0.058791
5099 0.055699
5131 0.055655
5507 0.058531
5508 0.060644
5832 0.065525
5833 0.067096
5834 0.066334
5839 0.071035
5880 0.073261
5882 0.072553
5884 0.071680
5885 0.069610
5886 0.070830
5912 0.073947
5913 0.074390
5914 0.073059
5915 0.072396
5916 0.073558
5952 0.072968
5953 0.071750
5956 0.068945
5957 0.067194
5958 0.067208
5969 0.070804
5970 0.071110
5973 0.071576
5974 0.071576
5976 0.071347
5977 0.070739
5978 0.069026
5996 0.072485
6018 0.072303
6020 0.069379
6042 0.066331
6073 0.069631
6082 0.070975
6094 0.074957
6141 0.077493
6288 0.078282
6290 0.080139
6291 0.082951
6292 0.083382
6300 0.084492
6304 0.084725
6339 0.084786
6340 0.085280
6341 0.085749
6376 0.091163
6392 0.087971
6393 0.086588
6394 0.086184
6396 0.086865
6399 0.089876
6400 0.090296
6401 0.087939
6402 0.084461
6403 0.086205
6404 0.085836
6422 0.090989
6423 0.087309
6424 0.085349
6425 0.081176
6426 0.078131
6427 0.074634
6428 0.077246
6433 0.085196
6457 0.086060
6462 0.086975
6473 0.084537
6474 0.082143
6475 0.081992
6479 0.085760
6482 0.081946
6485 0.083727
6492 0.087404
6493 0.090466
6496 0.089132
6497 0.083069
6498 0.081306
6500 0.079478
6501 0.078108
6505 0.077313
6506 0.075518
6507 0.075711
6508 0.077400
6515 0.080820
6519 0.085312
6520 0.086608
6530 0.088997
6531 0.085193
6532 0.074149
6533 0.071369
6536 0.068306
6559 0.067337
6560 0.068135
6561 0.069423
6562 0.066200
6563 0.065090
6566 0.065726
6567 0.063902
6568 0.061451
6621 0.064449
6626 0.070202
6627 0.071696
6628 0.073130
6629 0.073439
6639 0.072722
6653 0.072490
6654 0.066572
6655 0.062434
6658 0.060905
6659 0.057588
6661 0.059024
6670 0.057276
6671 0.057433
6672 0.058275
6674 0.060402
6677 0.061195
6678 0.060629
6681 0.060621
6682 0.057822
6683 0.055747
6684 0.054141
6686 0.050601
6691 0.050578
6692 0.051460
6786 0.049558
6787 0.043773
6788 0.041881
6789 0.041845
6932 0.044496
7000 0.044051
7001 0.043805
7002 0.044175
7005 0.044161
7087 0.041605
7088 0.040371
7089 0.037749
7093 0.038608
7094 0.038025
7097 0.040710
7099 0.038912
7116 0.038438
7117 0.038354
7118 0.036780
7119 0.037335
7122 0.037785
7123 0.037810
7143 0.039362
7144 0.037814
7147 0.035664
7148 0.034476
7149 0.034779
7159 0.035785
7160 0.035513
7161 0.032828
7162 0.033174
7182 0.033236
7183 0.032937
7184 0.032651
7188 0.032453
7189 0.031963
7192 0.035120
7193 0.035275
7194 0.035969
7197 0.034490
7199 0.034804
7252 0.035070
7254 0.035537
7259 0.036010
7339 0.037464
7340 0.038173
7341 0.038923
7342 0.038331
7369 0.038938
7463 0.039719
7464 0.040352
7539 0.041944
7540 0.041938
7541 0.041844
7544 0.042803
7545 0.043491
7548 0.045035
7549 0.047008
7550 0.051271
7551 0.053894
7552 0.058152
7634 0.059042
7709 0.063043
8259 0.065204
8351 0.067194
8357 0.071045
8409 0.070216
8421 0.071668
8550 0.079034
8551 0.080367
8727 0.079684
8752 0.079814
8993 0.080308
9036 0.082830
9037 0.083743
9101 0.084907
9102 0.083796
9103 0.083321
9104 0.083686
9111 0.083838
9114 0.084820
9115 0.085095
9116 0.084749
9117 0.081933
9118 0.080187
9121 0.079139
9123 0.075995
9124 0.070656
9125 0.071363
9146 0.067320
9147 0.062474
9148 0.061758
9149 0.059423
9211 0.053868
9212 0.053135
9213 0.054939
9216 0.056262
9221 0.058572
9222 0.057709
9223 0.056948
9231 0.056042
9243 0.057190
9247 0.061157
9275 0.064444
9277 0.063532
9280 0.064075
9282 0.066314
9284 0.068678
9287 0.068683
9306 0.067738
9307 0.064802
9319 0.073654
9332 0.074589
9428 0.072246
9515 0.075613
9516 0.076835
9517 0.077299
9518 0.077484
9519 0.075147
9520 0.072898
9521 0.071635
9522 0.070091
9523 0.068503
9530 0.065893
9531 0.065063
9532 0.067596
9538 0.067332
9539 0.062997
9540 0.059207
9543 0.061963
9547 0.061559
9548 0.058908
9553 0.056310
9555 0.057450
9564 0.058556
9587 0.060183
9632 0.049897
9634 0.050065
9689 0.050454
9697 0.049309
9698 0.049597
9712 0.050162
9713 0.051691
9714 0.053868
9715 0.057264
9732 0.060406
9733 0.061048
9734 0.060246
9735 0.060710
9736 0.060673
9737 0.057919
9738 0.058546
9740 0.060381
9742 0.061139
9743 0.059007
9746 0.057600
9748 0.057126
9749 0.055950
9750 0.053528
9751 0.052214
9752 0.050124
9753 0.050757
9754 0.051169
9755 0.051437
9756 0.052466
9757 0.053967
9781 0.055495
9850 0.056387
9872 0.057666
9899 0.056668
9900 0.052814
9901 0.051728
9902 0.050820
9908 0.053381
9910 0.053945
9911 0.052980
9913 0.051001
9914 0.049331
9915 0.049366
9941 0.051337
9942 0.051458
9943 0.051769
9988 0.053330
9989 0.053381
9990 0.053287
9991 0.053302
9992 0.052797
9993 0.051105
9994 0.049139
9996 0.046570
9997 0.044787
10002 0.045139
10003 0.042887
10004 0.039496
10005 0.037240
10007 0.037426
10008 0.037398
10009 0.037526
10010 0.034474
10071 0.033618
10072 0.033963
10084 0.034395
10100 0.035724
10101 0.035375
10105 0.032431
10106 0.031563
10107 0.030662
10136 0.033331
10137 0.034160
10204 0.034566
10216 0.035655
10220 0.036767
10223 0.036887
10224 0.036149
10225 0.035765
10234 0.037873
10254 0.035704
10292 0.035284
10293 0.035018
10294 0.035289
10295 0.035247
10300 0.035805
10301 0.035479
10302 0.035344
10305 0.035638
10308 0.036656
10328 0.037747
10329 0.035721
10330 0.034551
10338 0.035238
10339 0.035948
10341 0.037329
10396 0.033990
10397 0.033072
10399 0.032717
10400 0.032716
10403 0.033193
10404 0.032628
10405 0.033074
10408 0.032962
10409 0.030308
10435 0.033129
10436 0.036532
10438 0.039404
10593 0.039728
10594 0.040265
10595 0.040936
10596 0.042451
10598 0.043133
10599 0.042452
10600 0.041112
10722 0.039293
10723 0.038891
10724 0.038672
10725 0.037384
10726 0.036891
10728 0.035129
10729 0.034873
10809 0.038117
10810 0.039026
10811 0.038126
10812 0.036056
10813 0.035502
10814 0.035007
10815 0.035073
10816 0.035284
10817 0.033317
10886 0.031152
10887 0.028550
10888 0.027777
10889 0.027027
10891 0.027158
10892 0.027434
10893 0.028240
10894 0.029252
11011 0.030473
11031 0.032129
11032 0.032236
11033 0.032183
11151 0.032984
11161 0.032631
11176 0.033645
11177 0.033656
11216 0.030786
11217 0.029517
11218 0.029575
11235 0.031486
11236 0.032872
11237 0.033547
11238 0.033588
11239 0.033503
11244 0.033532
11337 0.034886
11338 0.034433
11339 0.034110
11340 0.033720
11341 0.032481
11344 0.030341
11345 0.028725
11346 0.027958
11358 0.026420
11359 0.024661
11361 0.025447
11362 0.027095
11374 0.026824
11381 0.028719
11382 0.029202
11383 0.029545
11577 0.033496
11587 0.035980
11588 0.035627
11589 0.034040
11687 0.034109
11691 0.033863
11692 0.033686
11694 0.042547
12132 0.042581
12765 0.043542
12781 0.045064
13246 0.049230
13300 0.050727
13618 0.051188
13644 0.053262
13706 0.055443
13933 0.057516
13970 0.057651
13984 0.061408
13985 0.063167
13986 0.063804
13987 0.065337
13988 0.065411
13989 0.064852
13990 0.065172
13991 0.061967
13994 0.060293
13995 0.060788
13996 0.061114
13997 0.060155
13998 0.060524
14000 0.060658
14001 0.051347
14002 0.049663
14091 0.048933
14092 0.048963
14093 0.046606
14096 0.047154
14097 0.046966
14098 0.046064
14100 0.044892
14103 0.042910
14104 0.043364
14106 0.039915
14107 0.038385
14108 0.037665
14110 0.037108
14124 0.035886
14125 0.034552
14126 0.033097
14127 0.032062
14128 0.032540
14129 0.032865
14185 0.033609
14186 0.033958
14189 0.036255
14190 0.036728
14191 0.036849
14193 0.038270
14194 0.037100
14196 0.036702
14197 0.035982
14214 0.037759
14216 0.040729
14220 0.042069
14266 0.042139
14267 0.041426
14268 0.040918
14278 0.042948
14279 0.042987
14280 0.042573
14281 0.042082
14282 0.044233
14284 0.046043
14285 0.048487
14286 0.049917
14287 0.050133
14288 0.050626
14289 0.050748
14335 0.052497
14336 0.051588
14337 0.052724
14338 0.054062
14339 0.053736
14340 0.052787
14341 0.052599
14342 0.052526
14441 0.049475
14442 0.046422
14767 0.046839
14861 0.049130
14862 0.051219
14864 0.052251
14865 0.050272
14866 0.049368
14867 0.048469
14868 0.047384
14869 0.044276
14870 0.042488
14871 0.039962
14954 0.039928
14955 0.039126
14956 0.038122
14957 0.036765
14958 0.034301
14959 0.032211
14977 0.032311
14978 0.031766
14979 0.031452
14981 0.032130
14982 0.031703
14983 0.031368
14984 0.030874
14985 0.030266
14986 0.027665
14987 0.024624
15001 0.022541
15002 0.021343
15005 0.020992
15006 0.020926
15007 0.020761
15008 0.020725
15009 0.020558
15010 0.020647
15018 0.020699
15022 0.020291
15023 0.019567
15024 0.019038
15027 0.019527
15028 0.019907
15030 0.020003
15031 0.018126
15032 0.016910
15048 0.016564
15049 0.015446
15084 0.015698
15085 0.015752
15089 0.017006
15090 0.017348
15092 0.017879
15093 0.017618
15096 0.017184
15099 0.017403
15101 0.017192
15103 0.017150
15107 0.018344
15108 0.018705
15109 0.018743
15110 0.018618
15114 0.022154
15115 0.021945
15116 0.022869
15117 0.023996
15118 0.024217
15119 0.025326
15120 0.027197
15122 0.028683
15160 0.028667
15163 0.029012
15241 0.032951
15360 0.033928
15750 0.038380
15929 0.038274
16131 0.039975
16270 0.040810
16428 0.042349
16450 0.046085
16470 0.045646
16478 0.045966
16536 0.045965
16537 0.044737
16538 0.044447
16539 0.044800
16540 0.045646
16544 0.043493
16545 0.042631
16547 0.041864
16573 0.041222
16574 0.040707
16575 0.039153
16585 0.037305
16586 0.035280
16588 0.035105
16600 0.035287
16602 0.031577
16606 0.030333
16607 0.025730
16608 0.024814
16609 0.023451
16617 0.023196
16618 0.021649
16619 0.018406
16622 0.018571
16675 0.018219
16676 0.018076
16677 0.018187
16678 0.018421
16679 0.018567
16760 0.019036
16761 0.017620
16782 0.017636
16783 0.017083
16784 0.016434
16785 0.015991
16826 0.017198
16828 0.017165
16829 0.017401
16830 0.017516
16847 0.017510
16849 0.017699
16850 0.018087
16851 0.018547
16852 0.018663
16949 0.021097
17217 0.019988
17218 0.019683
17219 0.019211
17220 0.019061
17289 0.024277
17294 0.034458
17982 0.038036
17999 0.038265
18008 0.039194
18905 0.038529
19337 0.039685
19340 0.041656
19397 0.043216
19402 0.044629
19419 0.045731
20113 0.045961
20192 0.050288
20268 0.052949
20337 0.053783
20339 0.053693
20346 0.053157
20373 0.054287
20374 0.054891
20375 0.055549
20434 0.053996
20435 0.054921
20436 0.055519
20437 0.056217
20438 0.056719
20444 0.052411
20445 0.042690
20446 0.039246
20447 0.038939
20448 0.037744
20450 0.037348
20453 0.036047
20454 0.033708
20455 0.032513
20456 0.031521
20457 0.031169
20458 0.030636
20463 0.025965
20464 0.023290
20466 0.022833
20478 0.023593
20482 0.025871
20487 0.024414
20488 0.022928
20490 0.021597
20502 0.020610
20504 0.020967
20505 0.020775
20506 0.020420
20507 0.020340
20520 0.020368
20522 0.020637
20523 0.020889
20524 0.020908
20541 0.021366
20543 0.021624
20544 0.021986
20545 0.022236
20546 0.022723
20547 0.023290
20550 0.022378
20552 0.021390
20553 0.021246
20554 0.021172
20558 0.021715
20559 0.019750
20560 0.016950
20561 0.016762
20562 0.017193
20564 0.018248
20565 0.019330
20576 0.020324
20595 0.026247
20685 0.027197
20686 0.027919
20691 0.029010
20692 0.029873
20730 0.029957
20767 0.031580
20974 0.031930
21033 0.031296
21435 0.032846
21892 0.035121
22578 0.036830
22745 0.037370
23021 0.039483
23034 0.040417
23457 0.042020
23641 0.042244
23642 0.041340
23643 0.041554
23646 0.042241
23649 0.041934
23650 0.041344
23652 0.040895
23658 0.039261
23659 0.037012
23661 0.031046
23662 0.029976
23684 0.029955
23685 0.028282
23686 0.026751
23687 0.026055
23688 0.024043
23689 0.022964
23690 0.023076
23693 0.021560
23694 0.018880
23695 0.016314
23696 0.014822
23699 0.013688
23701 0.013015
23702 0.011611
23703 0.011358
23704 0.011463
23705 0.011833
23716 0.013017
23717 0.013710
23718 0.014253
23720 0.013967
23721 0.013896
23722 0.013939
23724 0.013911
23725 0.014111
23726 0.013223
23729 0.015223
23733 0.016431
23734 0.017347
23735 0.017962
23737 0.018565
23738 0.019136
23745 0.019114
23746 0.019517
23747 0.019701
23748 0.019748
23749 0.018997
23775 0.019694
23785 0.021450
23786 0.022582
23787 0.023314
23788 0.023733
23789 0.022588
23790 0.022593
23793 0.023672
23795 0.023985
23796 0.024350
23797 0.024389
23801 0.025062
23838 0.026927
23839 0.027702
23840 0.026262
23842 0.026412
23844 0.026959
23902 0.027387
23903 0.027255
23904 0.026699
23905 0.026122
23907 0.025882
23908 0.025913
23909 0.025952
23910 0.025863
23911 0.024853
23926 0.026085
24017 0.025969
24022 0.025284
24023 0.024437
24024 0.024031
24025 0.023267
24026 0.021874
24027 0.021997
24028 0.021886
24031 0.022283
24032 0.021577
24033 0.019988
24034 0.019754
24035 0.019201
24036 0.018453
24037 0.018009
24101 0.018291
24102 0.018300
24103 0.018503
24104 0.018585
24105 0.018747
24108 0.019845
24109 0.020339
24110 0.020378
24111 0.020350
24112 0.017377
24113 0.016560
24114 0.016517
24124 0.017355
24125 0.017492
24126 0.017957
24127 0.018373
24129 0.018055
24130 0.017632
24131 0.017563
24132 0.017895
24216 0.019535
24217 0.020016
24220 0.019993
24224 0.020182
24227 0.019592
24228 0.018653
24240 0.019723
24242 0.019648
24244 0.019715
24247 0.020960
24248 0.020464
24250 0.019978
24251 0.019883
24253 0.020215
24254 0.019933
24255 0.019592
24256 0.019443
24258 0.018624
24261 0.018813
24262 0.018833
24263 0.018870
24264 0.019435
24266 0.019792
24267 0.020121
24268 0.020750
24269 0.019151
24270 0.018937
24271 0.019103
24272 0.019035
24288 0.021222
24290 0.022724
24301 0.023672
24423 0.025964
24569 0.027349
24697 0.027608
24787 0.029223
24868 0.031017
24937 0.032240
24950 0.033703
