1237 0.030892
1238 0.031957
1239 0.034534
1242 0.037101
1244 0.039303
1245 0.044227
1265 0.046765
1266 0.048690
1267 0.053442
1268 0.053600
1269 0.053656
1270 0.054736
1271 0.055956
1272 0.057327
1275 0.059932
1276 0.060087
1277 0.059495
1278 0.059963
1279 0.062341
1280 0.064537
1297 0.061329
1327 0.061860
1516 0.066692
1738 0.068317
1962 0.068321
2324 0.065597
2406 0.062285
2482 0.054196
2502 0.050670
2507 0.050888
2691 0.046643
3204 0.045803
3368 0.044718
3594 0.041780
3785 0.041664
3787 0.042930
3788 0.042643
3822 0.048171
3824 0.049083
3825 0.055515
3826 0.059668
3827 0.059792
3828 0.062904
3829 0.061762
3830 0.061313
3831 0.062957
3835 0.061476
3836 0.058239
3837 0.056612
3838 0.057061
3855 0.057368
3856 0.057745
3857 0.057362
3859 0.056272
3860 0.052019
3863 0.051783
3864 0.051713
3865 0.050897
3866 0.051037
3867 0.051862
3868 0.051474
3869 0.051915
3918 0.045189
3919 0.042967
3920 0.033817
3921 0.031766
3922 0.031900
3942 0.028738
3943 0.028572
3946 0.026220
4036 0.024424
4066 0.024541
4150 0.022932
4230 0.023398
4363 0.022910
4584 0.023054
4587 0.024305
4624 0.024988
4625 0.030265
4626 0.038658
4627 0.039178
4630 0.039765
4631 0.041456
4632 0.042137
4633 0.045593
4634 0.047100
4636 0.047510
4637 0.048454
4640 0.049482
4641 0.052222
4642 0.052623
4643 0.052373
4646 0.055275
4647 0.055826
4648 0.056196
4649 0.055485
4682 0.057034
4688 0.056360
4691 0.055718
4717 0.056066
4718 0.055924
4719 0.054400
4720 0.053582
4770 0.048415
4776 0.040113
4777 0.039289
4778 0.037773
4779 0.036429
4780 0.033985
4782 0.029659
4784 0.027206
4785 0.026601
4786 0.025701
4787 0.024901
4788 0.023534
4789 0.020293
4820 0.019499
4851 0.016161
4852 0.015072
4853 0.014879
4891 0.014683
4893 0.014962
4894 0.019583
4895 0.020026
4896 0.019954
4897 0.019218
4907 0.018745
4908 0.019437
4909 0.018695
4910 0.017973
4913 0.021586
4914 0.022325
4915 0.022970
4918 0.023567
4919 0.023862
4922 0.023960
4923 0.023511
4926 0.023651
4927 0.022933
4928 0.022064
4931 0.022946
4934 0.023295
4987 0.022957
4988 0.023258
4989 0.023229
4990 0.026340
4991 0.024682
4994 0.021684
4995 0.021496
4996 0.022523
4997 0.023155
4998 0.023895
4999 0.025168
5000 0.026947
5003 0.026798
5004 0.023721
5005 0.022817
5006 0.022862
5019 0.022504
5020 0.022681
5025 0.022935
5026 0.022658
5028 0.023263
5029 0.023873
5096 0.023105
5097 0.022792
5098 0.023674
5099 0.028844
5131 0.028576
5507 0.027528
5508 0.025291
5832 0.026998
5833 0.025096
5834 0.027376
5839 0.028118
5880 0.027578
5882 0.029162
5884 0.027468
5885 0.025621
5886 0.026065
5912 0.025996
5913 0.026358
5914 0.030964
5915 0.034533
5916 0.034952
5952 0.037094
5953 0.041699
5956 0.041757
5957 0.042290
5958 0.044519
5969 0.046536
5970 0.045471
5973 0.040961
5974 0.040377
5976 0.043105
5977 0.043613
5978 0.042383
5996 0.043462
6018 0.043836
6020 0.042397
6042 0.042304
6073 0.040038
6082 0.039068
6094 0.039495
6141 0.040413
6288 0.040090
6290 0.039065
6291 0.035317
6292 0.032644
6300 0.032354
6304 0.030741
6339 0.026586
6340 0.025550
6341 0.025307
6376 0.023959
6392 0.023246
6393 0.023259
6394 0.023098
6396 0.023353
6399 0.021707
6400 0.020829
6401 0.020660
6402 0.019768
6403 0.017207
6404 0.017518
6422 0.018070
6423 0.020499
6424 0.020549
6425 0.021952
6426 0.026353
6427 0.027196
6428 0.027704
6433 0.026842
6457 0.026384
6462 0.027269
6473 0.027553
6474 0.026846
6475 0.026931
6479 0.026695
6482 0.027813
6485 0.026001
6492 0.026708
6493 0.026426
6496 0.027867
6497 0.026893
6498 0.027160
6500 0.027028
6501 0.030305
6505 0.030127
6506 0.029460
6507 0.028974
6508 0.026841
6515 0.027135
6519 0.027089
6520 0.021533
6530 0.021223
6531 0.027430
6532 0.026839
6533 0.027051
6536 0.027134
6559 0.026194
6560 0.027207
6561 0.027190
6562 0.027450
6563 0.026146
6566 0.026035
6567 0.025555
6568 0.025706
6621 0.024333
6626 0.025373
6627 0.027290
6628 0.027264
6629 0.025011
6639 0.025369
6653 0.025475
6654 0.026059
6655 0.025807
6658 0.026297
6659 0.027780
6661 0.028915
6670 0.028104
6671 0.022267
6672 0.022267
6674 0.022637
6677 0.021480
6678 0.022257
6681 0.021387
6682 0.022041
6683 0.022124
6684 0.021430
6686 0.021744
6691 0.022153
6692 0.022131
6786 0.021846
6787 0.020732
6788 0.018127
6789 0.019529
6932 0.019190
7000 0.020726
7001 0.022947
7002 0.027798
7005 0.027982
7087 0.033285
7088 0.038367
7089 0.038850
7093 0.041349
7094 0.041561
7097 0.045026
7099 0.044012
7116 0.044148
7117 0.043788
7118 0.043772
7119 0.043184
7122 0.044897
7123 0.047371
7143 0.049540
7144 0.051113
7147 0.052480
7148 0.052848
7149 0.057244
7159 0.057222
7160 0.055622
7161 0.054773
7162 0.054407
7182 0.052109
7183 0.047635
7184 0.048335
7188 0.042800
7189 0.034477
7192 0.033184
7193 0.031180
7194 0.030581
7197 0.027042
7199 0.028364
7252 0.027827
7254 0.028537
7259 0.029074
7339 0.030300
7340 0.027575
7341 0.025770
7342 0.024503
7369 0.023529
7463 0.023862
7464 0.024898
7539 0.020840
7540 0.021044
7541 0.025992
7544 0.027136
7545 0.029136
7548 0.031208
7549 0.037245
7550 0.038116
7551 0.038140
7552 0.039341
7634 0.042747
7709 0.042418
8259 0.041995
8351 0.041893
8357 0.040157
8409 0.039921
8421 0.040456
8550 0.040267
8551 0.039619
8727 0.040436
8752 0.040632
8993 0.040674
9036 0.040518
9037 0.039593
9101 0.038333
9102 0.038090
9103 0.037863
9104 0.033011
9111 0.032501
9114 0.028914
9115 0.026798
9116 0.021487
9117 0.019915
9118 0.019443
9121 0.018529
9123 0.015013
9124 0.016345
9125 0.017821
9146 0.018305
9147 0.019501
9148 0.021305
9149 0.020190
9211 0.020967
9212 0.020958
9213 0.020280
9216 0.019419
9221 0.019847
9222 0.018669
9223 0.019727
9231 0.020154
9243 0.020365
9247 0.021683
9275 0.022168
9277 0.022041
9280 0.023304
9282 0.024805
9284 0.023724
9287 0.023772
9306 0.026991
9307 0.026674
9319 0.026297
9332 0.025589
9428 0.024987
9515 0.024518
9516 0.023975
9517 0.023824
9518 0.025112
9519 0.025458
9520 0.025990
9521 0.026774
9522 0.026835
9523 0.027742
9530 0.028498
9531 0.026632
9532 0.027173
9538 0.026907
9539 0.025579
9540 0.025946
9543 0.026136
9547 0.024711
9548 0.024229
9553 0.025014
9555 0.024694
9564 0.021618
9587 0.022090
9632 0.022166
9634 0.021793
9689 0.022048
9697 0.022401
9698 0.021803
9712 0.022894
9713 0.022161
9714 0.023303
9715 0.023550
9732 0.024154
9733 0.024737
9734 0.023865
9735 0.024613
9736 0.027250
9737 0.028135
9738 0.028296
9740 0.028912
9742 0.028822
9743 0.028617
9746 0.029279
9748 0.028381
9749 0.027526
9750 0.030181
9751 0.030939
9752 0.030737
9753 0.030631
9754 0.032324
9755 0.032215
9756 0.033804
9757 0.034563
9781 0.033049
9850 0.032783
9872 0.032259
9899 0.031458
9900 0.030521
9901 0.030656
9902 0.029622
9908 0.028264
9910 0.027051
9911 0.026297
9913 0.026544
9914 0.026860
9915 0.027409
9941 0.027596
9942 0.030314
9943 0.030802
9988 0.030431
9989 0.027758
9990 0.026895
9991 0.026597
9992 0.026746
9993 0.025378
9994 0.026501
9996 0.025205
9997 0.024973
10002 0.024333
10003 0.023658
10004 0.023086
10005 0.026744
10007 0.026731
10008 0.031221
10009 0.035412
10010 0.040433
10071 0.041136
10072 0.042262
10084 0.043133
10100 0.046386
10101 0.045195
10105 0.046724
10106 0.046223
10107 0.048095
10136 0.049841
10137 0.050258
10204 0.051937
10216 0.052128
10220 0.052366
10223 0.052014
10224 0.050847
10225 0.050198
10234 0.050109
10254 0.049484
10292 0.051194
10293 0.049469
10294 0.046256
10295 0.046121
10300 0.043018
10301 0.039986
10302 0.035299
10305 0.034073
10308 0.032762
10328 0.031498
10329 0.027711
10330 0.028951
10338 0.028353
10339 0.027508
10341 0.024897
10396 0.023833
10397 0.023504
10399 0.022118
10400 0.023010
10403 0.023237
10404 0.024113
10405 0.023137
10408 0.023500
10409 0.025751
10435 0.029934
10436 0.029983
10438 0.030087
10593 0.028941
10594 0.028460
10595 0.027317
10596 0.027022
10598 0.027203
10599 0.028314
10600 0.029677
10722 0.029830
10723 0.034461
10724 0.038525
10725 0.038337
10726 0.036311
10728 0.037572
10729 0.036944
10809 0.036865
10810 0.037098
10811 0.036873
10812 0.036728
10813 0.036117
10814 0.039338
10815 0.038892
10816 0.036342
10817 0.032879
10886 0.030872
10887 0.031080
10888 0.031644
10889 0.033684
10891 0.033773
10892 0.032589
10893 0.032832
10894 0.031036
11011 0.030989
11031 0.031666
11032 0.027165
11033 0.022510
11151 0.021943
11161 0.023800
11176 0.022679
11177 0.023619
11216 0.023586
11217 0.024013
11218 0.023561
11235 0.024142
11236 0.025849
11237 0.023764
11238 0.023914
11239 0.025255
11244 0.025506
11337 0.028331
11338 0.028174
11339 0.028784
11340 0.027347
11341 0.026480
11344 0.027824
11345 0.027443
11346 0.027937
11358 0.027069
11359 0.026307
11361 0.026588
11362 0.026153
11374 0.025580
11381 0.025390
11382 0.026326
11383 0.032423
11577 0.034099
11587 0.035038
11588 0.036732
11589 0.036901
11687 0.036007
11691 0.037855
11692 0.039907
11694 0.038568
12132 0.038196
12765 0.040447
12781 0.040929
13246 0.041013
13300 0.041145
13618 0.041265
13644 0.042343
13706 0.043705
13933 0.042799
13970 0.041590
13984 0.041483
13985 0.042091
13986 0.041984
13987 0.041948
13988 0.041045
13989 0.040643
13990 0.033997
13991 0.033374
13994 0.032614
13995 0.031026
13996 0.032318
13997 0.031244
13998 0.031113
14000 0.029009
14001 0.030735
14002 0.030105
14091 0.025116
14092 0.024571
14093 0.023370
14096 0.022804
14097 0.023518
14098 0.021128
14100 0.019723
14103 0.022330
14104 0.022072
14106 0.021985
14107 0.021146
14108 0.020950
14110 0.021634
14124 0.021518
14125 0.021008
14126 0.022525
14127 0.022391
14128 0.022837
14129 0.022296
14185 0.020408
14186 0.020691
14189 0.018109
14190 0.019432
14191 0.018502
14193 0.018533
14194 0.018686
14196 0.019860
14197 0.022638
14214 0.022998
14216 0.021938
14220 0.022270
14266 0.021961
14267 0.019466
14268 0.019767
14278 0.019862
14279 0.019303
14280 0.018862
14281 0.018788
14282 0.019575
14284 0.024337
14285 0.028126
14286 0.031513
14287 0.035493
14288 0.044201
14289 0.061055
14335 0.062715
14336 0.067116
14337 0.066304
14338 0.073064
14339 0.076215
14340 0.079966
14341 0.080098
14342 0.081362
14441 0.080800
14442 0.081097
14767 0.080725
14861 0.081316
14862 0.081099
14864 0.081619
14865 0.081656
14866 0.083055
14867 0.084755
14868 0.084681
14869 0.087243
14870 0.089258
14871 0.085969
14954 0.081962
14955 0.076311
14956 0.068224
14957 0.052578
14958 0.050970
14959 0.047452
14977 0.046686
14978 0.039642
14979 0.036670
14981 0.033766
14982 0.032635
14983 0.031997
14984 0.033438
14985 0.034346
14986 0.035612
14987 0.035709
15001 0.038181
15002 0.039036
15005 0.039770
15006 0.039651
15007 0.039300
15008 0.039230
15009 0.037121
15010 0.030642
15018 0.027956
15022 0.027741
15023 0.028364
15024 0.028434
15027 0.026582
15028 0.027408
15030 0.027902
15031 0.031009
15032 0.032403
15048 0.032634
15049 0.031437
15084 0.034431
15085 0.031550
15089 0.031249
15090 0.031951
15092 0.030841
15093 0.030598
15096 0.029313
15099 0.028580
15101 0.028688
15103 0.028182
15107 0.026775
15108 0.026174
15109 0.026624
15110 0.027529
15114 0.027563
15115 0.029443
15116 0.031685
15117 0.031313
15118 0.033866
15119 0.035053
15120 0.035218
15122 0.032520
15160 0.031135
15163 0.031041
15241 0.031404
15360 0.028386
15750 0.028741
15929 0.029017
16131 0.028039
16270 0.028233
16428 0.028337
16450 0.028657
16470 0.029875
16478 0.030124
16536 0.030728
16537 0.033227
16538 0.033326
16539 0.031244
16540 0.031334
16544 0.032534
16545 0.032265
16547 0.029901
16573 0.030511
16574 0.029368
16575 0.029369
16585 0.030447
16586 0.030064
16588 0.031322
16600 0.031712
16602 0.031800
16606 0.032118
16607 0.031365
16608 0.029974
16609 0.029274
16617 0.028983
16618 0.028950
16619 0.028173
16622 0.027208
16675 0.026500
16676 0.025552
16677 0.023921
16678 0.024722
16679 0.025639
16760 0.024280
16761 0.023244
16782 0.023233
16783 0.022761
16784 0.022719
16785 0.021943
16826 0.019905
16828 0.017277
16829 0.018341
16830 0.017722
16847 0.018041
16849 0.017622
16850 0.017604
16851 0.018205
16852 0.019114
16949 0.019583
17217 0.019941
17218 0.022206
17219 0.026301
17220 0.025339
17289 0.026269
17294 0.026809
17982 0.026897
17999 0.026234
18008 0.025454
18905 0.025439
19337 0.025762
19340 0.025848
19397 0.026291
19402 0.026750
19419 0.028717
20113 0.030248
20192 0.033475
20268 0.033359
20337 0.033074
20339 0.035710
20346 0.036090
20373 0.036051
20374 0.036788
20375 0.037025
20434 0.040812
20435 0.040611
20436 0.039359
20437 0.035495
20438 0.037437
20444 0.036127
20445 0.035900
20446 0.038302
20447 0.039070
20448 0.040616
20450 0.041055
20453 0.041285
20454 0.041624
20455 0.043731
20456 0.045029
20457 0.043406
20458 0.041794
20463 0.039421
20464 0.038713
20466 0.037722
20478 0.034986
20482 0.035253
20487 0.035818
20488 0.035126
20490 0.033989
20502 0.030376
20504 0.029870
20505 0.028145
20506 0.027656
20507 0.028406
20520 0.028723
20522 0.030211
20523 0.027538
20524 0.029062
20541 0.027746
20543 0.028369
20544 0.027989
20545 0.026660
20546 0.024085
20547 0.021738
20550 0.022338
20552 0.022196
20553 0.021386
20554 0.022593
20558 0.025134
20559 0.024082
20560 0.026230
20561 0.025283
20562 0.024537
20564 0.024682
20565 0.024841
20576 0.027502
20595 0.028672
20685 0.028874
20686 0.027706
20691 0.027963
20692 0.026952
20730 0.026813
20767 0.024467
20974 0.024879
21033 0.025557
21435 0.025388
21892 0.029197
22578 0.037561
22745 0.041497
23021 0.042307
23034 0.044378
23457 0.050247
23641 0.049845
23642 0.050591
23643 0.059433
23646 0.056892
23649 0.057249
23650 0.057993
23652 0.059533
23658 0.059959
23659 0.057936
23661 0.057002
23662 0.056782
23684 0.055206
23685 0.055708
23686 0.055434
23687 0.055444
23688 0.055411
23689 0.054367
23690 0.053453
23693 0.054099
23694 0.049995
23695 0.042618
23696 0.041923
23699 0.041110
23701 0.038630
23702 0.032876
23703 0.032638
23704 0.030989
23705 0.023312
23716 0.023142
23717 0.023279
23718 0.023524
23720 0.022436
23721 0.021121
23722 0.021163
23724 0.022475
23725 0.022611
23726 0.024377
23729 0.024008
23733 0.023018
23734 0.022551
23735 0.023554
23737 0.026502
23738 0.026525
23745 0.025875
23746 0.026300
23747 0.025914
23748 0.023516
23749 0.022384
23775 0.022576
23785 0.022739
23786 0.021923
23787 0.020943
23788 0.021163
23789 0.024506
23790 0.027682
23793 0.026594
23795 0.027126
23796 0.027796
23797 0.028732
23801 0.027237
23838 0.028063
23839 0.028684
23840 0.030560
23842 0.033593
23844 0.033588
23902 0.033192
23903 0.030762
23904 0.029998
23905 0.031719
23907 0.032158
23908 0.031440
23909 0.030509
23910 0.030909
23911 0.031737
23926 0.031154
24017 0.038261
24022 0.040997
24023 0.041149
24024 0.038628
24025 0.036995
24026 0.042566
24027 0.042097
24028 0.041917
24031 0.041811
24032 0.045761
24033 0.045368
24034 0.043356
24035 0.041019
24036 0.038754
24037 0.041245
24101 0.040519
24102 0.040143
24103 0.041012
24104 0.040953
24105 0.040793
24108 0.041236
24109 0.042055
24110 0.042742
24111 0.044240
24112 0.044703
24113 0.038088
24114 0.035437
24124 0.035748
24125 0.039042
24126 0.038973
24127 0.033423
24129 0.035074
24130 0.039351
24131 0.040270
24132 0.041677
24216 0.042733
24217 0.043292
24220 0.043661
24224 0.043480
24227 0.041594
24228 0.041540
24240 0.042259
24242 0.043639
24244 0.047226
24247 0.046347
24248 0.046127
24250 0.045628
24251 0.045586
24253 0.044096
24254 0.044070
24255 0.043685
24256 0.044856
24258 0.044883
24261 0.044012
24262 0.042151
24263 0.044818
24264 0.043156
24266 0.040258
24267 0.040169
24268 0.036616
24269 0.034519
24270 0.034644
24271 0.034854
24272 0.034302
24288 0.034786
24290 0.036409
24301 0.036403
24423 0.035492
24569 0.030668
24697 0.030497
24787 0.032743
24868 0.032846
24937 0.034930
24950 0.038054
