1718 0.100296
1719 0.088285
1720 0.082188
1721 0.078584
1724 0.075969
1725 0.075054
1726 0.072997
1728 0.068487
1729 0.063944
1730 0.060451
1737 0.059637
1739 0.059513
1740 0.059186
1742 0.058020
1743 0.057226
1744 0.056663
1745 0.057617
1746 0.057276
1747 0.057312
1748 0.056433
1749 0.053722
1750 0.051068
1751 0.049805
1752 0.048796
1773 0.048099
1785 0.047720
1786 0.046603
1787 0.045268
1788 0.043286
1791 0.043441
1796 0.044818
1797 0.045150
1841 0.044080
1843 0.045734
1845 0.047030
1864 0.050065
1881 0.050444
1891 0.050412
1892 0.050291
1894 0.052416
1896 0.055551
1897 0.057497
1898 0.058564
1932 0.059082
1951 0.057824
2262 0.059381
2455 0.062099
2458 0.064838
2500 0.065413
2501 0.064581
2532 0.065113
2534 0.067617
2535 0.069780
2536 0.072980
2537 0.075220
2539 0.073445
2540 0.072921
2541 0.073711
2557 0.071688
2558 0.069665
2559 0.065760
2560 0.064411
2562 0.063298
2563 0.062411
2564 0.058533
2565 0.054294
2566 0.050448
2571 0.049449
2572 0.047089
2573 0.047014
2574 0.045364
2576 0.042451
2577 0.039185
2578 0.038925
2579 0.038883
2580 0.036210
2586 0.034569
2587 0.032461
2589 0.030486
2590 0.028434
2591 0.027197
2592 0.025106
2594 0.023436
2653 0.027047
2817 0.028630
2824 0.032777
2897 0.033866
2908 0.039191
3083 0.043331
3343 0.045199
3384 0.046899
3461 0.048836
3663 0.051439
3684 0.051378
4343 0.053988
5190 0.058380
5233 0.063594
5251 0.064496
5255 0.064121
5453 0.068666
5647 0.068793
5678 0.068308
5679 0.068066
5680 0.067074
5688 0.070674
5689 0.071019
5690 0.071547
5691 0.072116
5699 0.072685
5700 0.074403
5701 0.073242
5702 0.074201
5703 0.069899
5711 0.070097
5712 0.071060
5713 0.072138
5727 0.074515
5729 0.073643
5731 0.075583
5733 0.075272
5734 0.072317
5735 0.068263
5736 0.068439
5757 0.070525
5759 0.066853
5760 0.067880
5761 0.069477
5762 0.070422
5763 0.070752
5770 0.065993
5771 0.065171
5772 0.065255
5812 0.069770
5814 0.069069
5815 0.068128
5816 0.066818
5817 0.065935
5838 0.070996
5910 0.069247
5911 0.068517
5933 0.066554
5934 0.063188
5937 0.060262
5938 0.057910
5940 0.055207
5941 0.053361
5942 0.051920
5943 0.051176
5944 0.048676
5945 0.047154
5968 0.047151
5981 0.045849
5982 0.044752
5983 0.044026
5984 0.042807
5986 0.041711
5987 0.040943
5988 0.035848
5989 0.032212
5991 0.029666
5993 0.028281
5994 0.027428
5995 0.021426
6047 0.020772
6048 0.019866
6049 0.019406
6050 0.018821
6051 0.018437
6062 0.020787
6063 0.021952
6091 0.036281
6313 0.036182
6405 0.036429
6407 0.037108
6408 0.037208
6409 0.035730
6415 0.035004
6752 0.036073
6909 0.037604
6910 0.039752
6911 0.042107
6913 0.043779
6920 0.043852
6942 0.044848
6953 0.046198
6955 0.048252
6958 0.049789
6964 0.056478
6978 0.055126
6993 0.057841
6994 0.058919
6997 0.059290
7010 0.063059
7012 0.063681
7013 0.064742
7016 0.051577
7022 0.054357
7187 0.055176
7242 0.056076
7456 0.057614
7717 0.059986
7718 0.061562
7719 0.061318
7725 0.060329
7726 0.058438
7727 0.056141
7728 0.054499
7729 0.054462
7730 0.053292
7731 0.052249
7732 0.050502
7733 0.050019
7734 0.045111
7735 0.046691
7736 0.044826
7737 0.045061
7738 0.046392
7739 0.044232
7741 0.041098
7742 0.038978
7743 0.037714
7744 0.034917
7745 0.033406
7747 0.031666
7748 0.029791
7749 0.027002
7750 0.024788
7751 0.023104
7752 0.021873
7753 0.021018
7754 0.020378
7755 0.019905
7756 0.019632
7758 0.019490
7759 0.019123
7760 0.018949
7824 0.020476
7825 0.020438
7826 0.019694
7829 0.018308
7830 0.017074
7831 0.015494
7833 0.014199
7835 0.015533
7989 0.016413
7991 0.019787
8046 0.021705
8047 0.023134
8048 0.023961
8049 0.024689
8050 0.025052
8051 0.025207
8052 0.025307
8053 0.025350
8054 0.025483
8056 0.025567
8057 0.025659
8058 0.026660
8059 0.027888
8060 0.028526
8061 0.028970
8062 0.026760
8083 0.027200
8084 0.028105
8086 0.029204
8088 0.029783
8089 0.030343
8090 0.030543
8091 0.029371
8100 0.029522
8101 0.027428
8102 0.027110
8105 0.028979
8107 0.030184
8192 0.031640
8193 0.033018
8207 0.034619
8210 0.036532
8299 0.037950
8300 0.039175
8301 0.040194
8303 0.041925
8304 0.041495
8305 0.040840
8306 0.040604
8325 0.040403
8326 0.040233
8327 0.038354
8328 0.036440
8331 0.035274
8332 0.034599
8333 0.033867
8337 0.035505
8338 0.036737
8340 0.036079
8341 0.035678
8342 0.034749
8343 0.033635
8345 0.033075
8346 0.032149
8348 0.031538
8378 0.030460
8379 0.029179
8391 0.030833
8392 0.032197
8440 0.031540
8441 0.030519
8442 0.029944
8443 0.029414
8445 0.028886
8446 0.028087
8447 0.027459
8458 0.029121
8459 0.030103
8462 0.030817
8468 0.030934
8469 0.030842
8470 0.028503
8475 0.027355
8477 0.027005
8479 0.031868
8480 0.035942
8481 0.036992
8493 0.037229
8494 0.037204
8495 0.036404
8525 0.039074
8656 0.041313
8725 0.040620
8805 0.041817
8890 0.042870
9131 0.043921
9883 0.047129
9897 0.048436
10285 0.050973
10320 0.052847
10353 0.054719
10732 0.054655
10733 0.054742
10734 0.054687
10735 0.054952
10736 0.055397
10737 0.055894
10739 0.055700
10740 0.055858
10741 0.051327
10742 0.048111
10758 0.046752
10759 0.047059
10760 0.047673
10761 0.050105
10762 0.050159
10774 0.049766
10777 0.048738
10778 0.047295
10780 0.047030
10781 0.046934
10782 0.045802
10785 0.048966
10960 0.048190
11128 0.051108
11130 0.055928
11253 0.056901
11262 0.059905
11527 0.063557
11540 0.063816
11660 0.065631
11802 0.067462
11966 0.068550
12142 0.069715
12478 0.069631
12480 0.068456
12481 0.066693
12482 0.064885
12484 0.064122
12485 0.062134
12494 0.059917
12495 0.057855
12496 0.056872
12497 0.054629
12498 0.053647
12499 0.052347
12500 0.050890
12501 0.047244
12529 0.046129
12530 0.041807
12531 0.035669
12532 0.033486
12538 0.029465
12539 0.025449
12540 0.025020
12542 0.025996
12543 0.025577
12544 0.025201
12546 0.024230
12547 0.023386
12551 0.023171
12552 0.023474
12573 0.025336
12574 0.026311
12579 0.026363
12580 0.025595
12582 0.026088
12583 0.026542
12584 0.026815
12585 0.027115
12593 0.029286
12594 0.030157
12595 0.030619
12599 0.031394
12600 0.031946
12602 0.033299
12603 0.034387
12604 0.035693
12605 0.037039
12606 0.037907
12607 0.035476
12608 0.034344
12609 0.033906
12610 0.033908
12691 0.035112
12692 0.036610
12695 0.039361
12696 0.040984
12697 0.042558
12698 0.046370
12760 0.047950
13093 0.049732
13219 0.052186
13551 0.053448
13552 0.054335
13553 0.052823
13577 0.052848
13578 0.052053
13579 0.051965
13580 0.052805
13614 0.052894
13615 0.052771
13623 0.052004
13624 0.051209
13625 0.050454
13648 0.051027
13649 0.051644
13651 0.052189
13652 0.052118
13654 0.051117
13656 0.049847
13657 0.046857
13658 0.043583
13659 0.040392
13660 0.036084
13661 0.035231
13662 0.033437
13666 0.030898
13667 0.030391
13676 0.030865
13679 0.030808
13681 0.030436
13682 0.031010
13684 0.030571
13685 0.029157
13686 0.027535
13733 0.028532
13734 0.030040
13746 0.033609
13747 0.035187
13801 0.041606
13999 0.051177
14192 0.055154
14195 0.062419
14283 0.071570
14331 0.072049
14459 0.072875
15477 0.075659
15517 0.076273
16295 0.078051
16309 0.077511
16395 0.078620
16423 0.078119
16455 0.078421
16456 0.077955
16457 0.078194
16458 0.078140
16459 0.077858
16460 0.077994
16461 0.078674
16464 0.079035
16465 0.076701
16466 0.075416
16467 0.074253
16471 0.072801
16472 0.066132
16473 0.057266
16474 0.055374
16477 0.048316
16479 0.039858
16480 0.040257
16481 0.040548
16486 0.041670
16487 0.044451
16491 0.048830
16690 0.052144
16868 0.052085
17317 0.054702
17321 0.055537
17388 0.056023
17395 0.056924
17413 0.064805
17562 0.068226
17595 0.069064
17613 0.069994
17701 0.075040
17752 0.076430
17768 0.076928
17798 0.074228
17808 0.077178
18080 0.077566
18137 0.077273
18158 0.075485
18159 0.075267
18160 0.074865
18161 0.074954
18162 0.075077
18163 0.072616
18166 0.069632
18192 0.070228
18193 0.070032
18194 0.070647
18198 0.070497
18199 0.071175
18202 0.070376
18205 0.070441
18206 0.062764
18207 0.059778
18210 0.061004
18231 0.060108
18232 0.055785
18233 0.055531
18239 0.055539
18241 0.055930
18249 0.053960
18250 0.053718
18255 0.057571
18256 0.057180
18257 0.056752
18258 0.056069
18261 0.055696
18262 0.054965
18267 0.053987
18268 0.053495
18272 0.052683
18282 0.050001
18283 0.047692
18284 0.045942
18288 0.045222
18290 0.044561
18291 0.042629
18292 0.042074
18298 0.045710
18299 0.045093
18300 0.045739
18301 0.046829
18308 0.051822
18315 0.051980
18371 0.052772
18374 0.052808
18399 0.052986
18446 0.054657
18451 0.056070
18813 0.057230
19040 0.057330
19072 0.058408
19079 0.058315
19084 0.062280
19156 0.062602
19162 0.057250
19163 0.057285
19164 0.058167
19165 0.059318
19166 0.059270
19174 0.059301
19175 0.059283
19177 0.059540
19190 0.057268
19199 0.055925
19200 0.055490
19205 0.053678
19206 0.048654
19213 0.047456
19214 0.047635
19223 0.046999
19227 0.045750
19243 0.039071
19244 0.036428
19245 0.035051
19246 0.035857
19249 0.034252
19282 0.035482
19283 0.030838
19285 0.031386
19286 0.031143
19302 0.031383
19303 0.032669
19304 0.034384
19312 0.033685
19356 0.035379
19358 0.037332
19361 0.038346
19362 0.038394
19371 0.039003
19561 0.038620
19577 0.042367
19646 0.041619
19815 0.041924
19977 0.040158
20035 0.039909
20085 0.041054
20091 0.041221
20148 0.041765
20174 0.042246
20175 0.042631
20177 0.045792
20186 0.046841
20187 0.047577
20188 0.046914
20189 0.047670
20191 0.048623
20193 0.048838
20194 0.049758
20195 0.052174
20221 0.052498
20227 0.050848
20232 0.050102
20234 0.048841
20236 0.050905
20369 0.051114
20376 0.048020
20398 0.053055
20433 0.053879
20480 0.058673
20503 0.057860
20527 0.060385
20539 0.061014
20540 0.061119
20551 0.060480
20577 0.059714
20578 0.057448
20579 0.055657
20580 0.056544
20581 0.058454
20582 0.059732
20585 0.058537
20586 0.057930
20603 0.054352
20604 0.050589
20605 0.048530
20606 0.048913
20636 0.049776
20640 0.050052
20641 0.046810
20642 0.046625
20647 0.045591
20648 0.040350
20649 0.039389
20653 0.039964
20654 0.042819
20657 0.042434
20666 0.044683
20672 0.046841
20684 0.050175
20693 0.053649
20737 0.052878
20797 0.053445
20817 0.054224
20827 0.055032
20828 0.053159
20939 0.055090
21096 0.056032
21222 0.055615
21224 0.055966
21229 0.056435
21264 0.059103
21265 0.058468
21266 0.057925
21267 0.058886
21274 0.059906
21275 0.060672
21276 0.061051
21277 0.062697
21286 0.059091
21287 0.058407
21288 0.057474
21297 0.056560
21298 0.057049
21301 0.054886
21302 0.051796
21327 0.053546
21330 0.055099
21331 0.054723
21332 0.054604
21343 0.055606
21473 0.054333
21474 0.053174
21475 0.054285
21476 0.057092
21479 0.058307
21483 0.058248
21484 0.058066
21486 0.057965
21493 0.058240
21494 0.056823
21495 0.055992
21496 0.055720
21497 0.054483
21498 0.053574
21499 0.053774
21500 0.054024
21501 0.054145
21525 0.052262
21526 0.051624
21527 0.051273
21528 0.050203
21540 0.049009
21541 0.047435
21542 0.044867
21543 0.044192
21544 0.044724
21545 0.045223
21546 0.044616
21585 0.042523
21618 0.042117
21619 0.038904
21621 0.038524
21631 0.039310
21632 0.038448
21633 0.038642
21643 0.042828
21649 0.043385
21650 0.042366
21651 0.041278
21664 0.039749
21665 0.037013
21666 0.034275
21669 0.034733
21687 0.039207
21688 0.038950
21689 0.037542
21691 0.035969
21692 0.037573
21695 0.038285
21696 0.037979
21697 0.036673
21699 0.035759
21700 0.036539
21701 0.037336
21702 0.037887
21753 0.043404
22275 0.045208
22671 0.046098
22672 0.048363
23346 0.053364
23349 0.053563
23353 0.055814
23414 0.056391
23548 0.058265
24265 0.060325
24378 0.060975
24884 0.063348
