1718 0.057224
1719 0.050774
1720 0.048651
1721 0.048552
1724 0.045814
1725 0.038683
1726 0.038067
1728 0.037096
1729 0.041645
1730 0.038730
1737 0.037194
1739 0.039529
1740 0.038083
1742 0.038603
1743 0.037446
1744 0.035050
1745 0.033594
1746 0.032088
1747 0.030359
1748 0.030497
1749 0.031336
1750 0.033809
1751 0.034243
1752 0.035692
1773 0.035336
1785 0.034279
1786 0.035596
1787 0.034368
1788 0.034345
1791 0.035045
1796 0.037343
1797 0.038141
1841 0.038303
1843 0.034747
1845 0.034685
1864 0.033194
1881 0.030866
1891 0.030504
1892 0.029671
1894 0.028264
1896 0.028756
1897 0.026530
1898 0.028122
1932 0.027854
1951 0.027162
2262 0.028808
2455 0.026445
2458 0.025627
2500 0.026469
2501 0.025431
2532 0.025816
2534 0.025751
2535 0.026823
2536 0.026816
2537 0.026808
2539 0.024706
2540 0.030354
2541 0.031168
2557 0.030614
2558 0.030597
2559 0.030805
2560 0.032051
2562 0.033807
2563 0.035116
2564 0.038501
2565 0.040799
2566 0.040835
2571 0.039161
2572 0.039173
2573 0.040682
2574 0.040684
2576 0.043646
2577 0.045174
2578 0.044749
2579 0.045973
2580 0.046788
2586 0.044232
2587 0.042431
2589 0.042169
2590 0.041485
2591 0.043019
2592 0.036443
2594 0.036194
2653 0.035914
2817 0.037023
2824 0.036282
2897 0.035379
2908 0.033297
3083 0.033190
3343 0.029749
3384 0.027922
3461 0.028522
3663 0.029571
3684 0.032187
4343 0.032647
5190 0.030630
5233 0.027902
5251 0.029732
5255 0.029637
5453 0.037523
5647 0.040684
5678 0.040784
5679 0.042175
5680 0.043203
5688 0.045111
5689 0.043490
5690 0.048606
5691 0.049983
5699 0.049829
5700 0.050756
5701 0.050820
5702 0.050293
5703 0.051441
5711 0.049648
5712 0.051208
5713 0.050226
5727 0.050723
5729 0.051233
5731 0.050678
5733 0.052688
5734 0.058425
5735 0.058493
5736 0.059049
5757 0.058181
5759 0.048888
5760 0.044777
5761 0.045358
5762 0.044680
5763 0.043603
5770 0.042198
5771 0.041929
5772 0.036663
5812 0.033911
5814 0.034670
5815 0.034853
5816 0.036392
5817 0.037550
5838 0.036502
5910 0.036773
5911 0.034549
5933 0.035010
5934 0.036142
5937 0.036694
5938 0.036873
5940 0.035130
5941 0.034631
5942 0.034957
5943 0.031597
5944 0.031369
5945 0.034584
5968 0.034190
5981 0.033830
5982 0.035481
5983 0.038242
5984 0.040648
5986 0.044053
5987 0.044380
5988 0.045486
5989 0.047917
5991 0.047416
5993 0.048575
5994 0.047150
5995 0.050005
6047 0.049611
6048 0.049816
6049 0.050277
6050 0.048687
6051 0.046890
6062 0.044574
6063 0.043424
6091 0.042693
6313 0.044483
6405 0.044422
6407 0.044680
6408 0.043769
6409 0.045967
6415 0.045669
6752 0.043590
6909 0.041023
6910 0.038240
6911 0.035007
6913 0.034669
6920 0.034398
6942 0.031749
6953 0.029730
6955 0.027307
6958 0.029858
6964 0.027502
6978 0.028354
6993 0.028632
6994 0.027890
6997 0.028199
7010 0.028852
7012 0.029063
7013 0.027932
7016 0.023132
7022 0.020524
7187 0.020677
7242 0.020801
7456 0.019823
7717 0.017586
7718 0.019365
7719 0.019600
7725 0.018921
7726 0.018889
7727 0.020155
7728 0.022413
7729 0.021964
7730 0.025447
7731 0.027436
7732 0.026579
7733 0.025835
7734 0.025511
7735 0.024407
7736 0.024310
7737 0.024124
7738 0.023167
7739 0.023661
7741 0.024058
7742 0.024603
7743 0.025037
7744 0.025253
7745 0.024942
7747 0.023826
7748 0.023043
7749 0.023269
7750 0.022398
7751 0.022059
7752 0.022085
7753 0.022622
7754 0.022085
7755 0.019628
7756 0.020238
7758 0.016516
7759 0.016650
7760 0.017462
7824 0.016050
7825 0.016775
7826 0.018036
7829 0.018737
7830 0.020423
7831 0.023221
7833 0.021998
7835 0.027060
7989 0.027154
7991 0.028872
8046 0.028753
8047 0.030139
8048 0.030652
8049 0.032622
8050 0.032785
8051 0.032476
8052 0.032262
8053 0.033482
8054 0.033862
8056 0.032944
8057 0.037859
8058 0.037768
8059 0.039022
8060 0.037549
8061 0.040181
8062 0.045970
8083 0.045631
8084 0.045337
8086 0.044491
8088 0.045750
8089 0.049081
8090 0.050488
8091 0.047793
8100 0.048284
8101 0.046639
8102 0.048868
8105 0.050531
8107 0.050153
8192 0.052186
8193 0.051716
8207 0.053074
8210 0.052971
8299 0.053764
8300 0.053431
8301 0.058042
8303 0.053280
8304 0.053251
8305 0.052181
8306 0.052562
8325 0.049063
8326 0.045145
8327 0.045145
8328 0.044940
8331 0.044927
8332 0.042347
8333 0.036304
8337 0.034803
8338 0.032960
8340 0.033541
8341 0.034051
8342 0.032268
8343 0.030516
8345 0.033309
8346 0.029643
8348 0.032896
8378 0.034064
8379 0.034424
8391 0.033688
8392 0.032823
8440 0.028845
8441 0.030733
8442 0.029826
8443 0.030526
8445 0.030558
8446 0.030668
8447 0.028846
8458 0.029353
8459 0.030923
8462 0.031631
8468 0.031187
8469 0.031942
8470 0.031923
8475 0.030904
8477 0.029035
8479 0.028850
8480 0.028833
8481 0.027827
8493 0.025818
8494 0.026753
8495 0.023616
8525 0.021493
8656 0.022151
8725 0.022534
8805 0.023649
8890 0.023824
9131 0.026049
9883 0.026041
9897 0.024769
10285 0.024108
10320 0.029534
10353 0.029789
10732 0.033893
10733 0.038928
10734 0.040775
10735 0.043867
10736 0.046282
10737 0.049610
10739 0.055920
10740 0.059104
10741 0.059333
10742 0.061897
10758 0.063604
10759 0.063317
10760 0.062946
10761 0.064805
10762 0.063756
10774 0.063067
10777 0.063577
10778 0.063591
10780 0.064096
10781 0.061084
10782 0.062518
10785 0.065048
10960 0.066384
11128 0.062079
11130 0.063469
11253 0.058648
11262 0.053171
11527 0.051252
11540 0.050643
11660 0.047327
11802 0.046237
11966 0.043274
12142 0.042898
12478 0.048953
12480 0.050706
12481 0.048789
12482 0.051716
12484 0.050724
12485 0.049761
12494 0.050079
12495 0.051755
12496 0.050665
12497 0.051322
12498 0.051977
12499 0.051266
12500 0.050131
12501 0.048988
12529 0.047283
12530 0.045735
12531 0.043893
12532 0.044278
12538 0.045637
12539 0.046163
12540 0.044027
12542 0.044027
12543 0.042170
12544 0.039145
12546 0.036416
12547 0.031796
12551 0.029426
12552 0.028939
12573 0.025716
12574 0.025189
12579 0.024990
12580 0.027184
12582 0.025204
12583 0.025784
12584 0.024028
12585 0.022796
12593 0.023310
12594 0.024717
12595 0.023807
12599 0.024686
12600 0.027212
12602 0.029512
12603 0.029274
12604 0.026981
12605 0.028763
12606 0.032352
12607 0.032411
12608 0.035416
12609 0.043108
12610 0.052077
12691 0.050736
12692 0.048857
12695 0.050439
12696 0.050585
12697 0.052829
12698 0.053506
12760 0.052376
13093 0.053371
13219 0.051733
13551 0.051868
13552 0.051237
13553 0.052999
13577 0.051714
13578 0.054548
13579 0.054329
13580 0.052130
13614 0.051358
13615 0.050741
13623 0.050590
13624 0.049397
13625 0.047621
13648 0.049012
13649 0.046131
13651 0.038880
13652 0.031293
13654 0.031121
13656 0.030737
13657 0.030415
13658 0.031074
13659 0.030407
13660 0.031526
13661 0.032735
13662 0.034105
13666 0.034036
13667 0.034780
13676 0.035817
13679 0.032980
13681 0.032399
13682 0.031821
13684 0.031353
13685 0.031211
13686 0.030671
13733 0.031587
13734 0.030913
13746 0.028930
13747 0.027107
13801 0.026047
13999 0.027366
14192 0.029788
14195 0.033780
14283 0.039726
14331 0.042571
14459 0.049772
15477 0.056132
15517 0.059498
16295 0.056857
16309 0.054896
16395 0.054880
16423 0.055687
16455 0.055856
16456 0.056661
16457 0.057608
16458 0.058160
16459 0.057922
16460 0.059400
16461 0.061069
16464 0.062421
16465 0.071522
16466 0.080763
16467 0.087652
16471 0.087561
16472 0.088519
16473 0.087761
16474 0.089025
16477 0.084265
16479 0.078019
16480 0.076194
16481 0.068802
16486 0.062050
16487 0.057075
16491 0.059202
16690 0.058588
16868 0.056371
17317 0.056713
17321 0.057618
17388 0.056667
17395 0.055945
17413 0.057190
17562 0.056209
17595 0.055063
17613 0.053682
17701 0.052133
17752 0.044912
17768 0.035714
17798 0.029326
17808 0.029977
18080 0.032352
18137 0.031423
18158 0.027160
18159 0.027837
18160 0.028934
18161 0.031456
18162 0.030959
18163 0.030612
18166 0.031262
18192 0.029932
18193 0.030171
18194 0.031355
18198 0.031328
18199 0.031673
18202 0.032160
18205 0.032569
18206 0.030817
18207 0.030077
18210 0.031179
18231 0.030409
18232 0.030283
18233 0.028534
18239 0.029784
18241 0.029936
18249 0.029607
18250 0.026208
18255 0.026171
18256 0.026359
18257 0.027011
18258 0.028157
18261 0.025300
18262 0.025978
18267 0.026283
18268 0.026342
18272 0.026469
18282 0.026603
18283 0.025932
18284 0.025418
18288 0.023522
18290 0.022163
18291 0.022924
18292 0.024278
18298 0.024071
18299 0.022962
18300 0.022942
18301 0.022773
18308 0.022192
18315 0.022301
18371 0.024950
18374 0.025313
18399 0.025251
18446 0.026737
18451 0.026487
18813 0.025218
19040 0.027840
19072 0.028985
19079 0.032721
19084 0.033292
19156 0.037284
19162 0.037459
19163 0.039484
19164 0.038840
19165 0.039942
19166 0.039820
19174 0.040369
19175 0.042841
19177 0.042743
19190 0.042641
19199 0.042457
19200 0.042423
19205 0.041874
19206 0.042164
19213 0.042977
19214 0.040952
19223 0.040255
19227 0.040671
19243 0.039065
19244 0.039732
19245 0.039747
19246 0.034573
19249 0.032632
19282 0.028045
19283 0.027409
19285 0.029045
19286 0.028403
19302 0.026789
19303 0.027312
19304 0.026560
19312 0.026178
19356 0.026007
19358 0.023223
19361 0.022287
19362 0.021884
19371 0.021857
19561 0.022495
19577 0.022694
19646 0.025042
19815 0.024801
19977 0.023905
20035 0.023927
20085 0.023864
20091 0.023760
20148 0.023969
20174 0.026413
20175 0.026703
20177 0.026923
20186 0.028366
20187 0.030545
20188 0.024740
20189 0.027038
20191 0.026426
20193 0.027415
20194 0.028722
20195 0.031370
20221 0.031053
20227 0.031194
20232 0.031273
20234 0.032643
20236 0.035430
20369 0.035019
20376 0.035466
20398 0.033221
20433 0.031283
20480 0.033575
20503 0.034175
20527 0.037216
20539 0.038996
20540 0.040870
20551 0.038810
20577 0.038881
20578 0.038779
20579 0.036929
20580 0.036233
20581 0.037379
20582 0.037483
20585 0.038711
20586 0.038460
20603 0.036900
20604 0.036167
20605 0.036258
20606 0.036477
20636 0.038282
20640 0.037845
20641 0.034974
20642 0.038452
20647 0.038556
20648 0.041608
20649 0.044178
20653 0.042038
20654 0.043342
20657 0.039872
20666 0.039128
20672 0.036451
20684 0.035449
20693 0.034892
20737 0.035955
20797 0.035994
20817 0.035770
20827 0.034571
20828 0.032556
20939 0.032344
21096 0.032130
21222 0.036116
21224 0.037812
21229 0.044615
21264 0.045221
21265 0.045131
21266 0.045000
21267 0.045958
21274 0.042672
21275 0.045115
21276 0.044303
21277 0.041558
21286 0.041024
21287 0.041471
21288 0.043492
21297 0.044061
21298 0.046599
21301 0.047916
21302 0.048238
21327 0.048291
21330 0.049497
21331 0.048156
21332 0.048498
21343 0.048663
21473 0.047551
21474 0.046636
21475 0.042616
21476 0.039114
21479 0.032176
21483 0.030230
21484 0.028319
21486 0.027645
21493 0.027079
21494 0.028205
21495 0.027252
21496 0.026016
21497 0.026465
21498 0.028018
21499 0.027150
21500 0.025404
21501 0.025480
21525 0.022985
21526 0.021953
21527 0.021752
21528 0.023089
21540 0.021901
21541 0.021397
21542 0.021417
21543 0.021310
21544 0.024591
21545 0.026521
21546 0.026066
21585 0.026499
21618 0.028006
21619 0.029206
21621 0.029020
21631 0.029398
21632 0.029652
21633 0.028988
21643 0.027171
21649 0.025774
21650 0.025424
21651 0.024956
21664 0.024348
21665 0.024369
21666 0.023759
21669 0.024183
21687 0.023809
21688 0.023367
21689 0.020960
21691 0.021067
21692 0.022636
21695 0.021877
21696 0.022126
21697 0.018970
21699 0.017750
21700 0.017854
21701 0.018095
21702 0.016591
21753 0.016626
22275 0.018075
22671 0.018173
22672 0.020522
23346 0.020980
23349 0.020757
23353 0.020711
23414 0.021088
23548 0.020567
24265 0.019900
24378 0.020340
24884 0.021499
