334 0.091890
335 0.096371
336 0.097607
459 0.094515
488 0.091131
489 0.086353
490 0.083562
491 0.081706
683 0.086608
684 0.087395
760 0.085180
798 0.089342
874 0.084837
892 0.083237
908 0.083156
910 0.082820
1031 0.087830
1051 0.087673
1115 0.091882
1132 0.097040
1141 0.097220
1163 0.097954
1164 0.098449
1166 0.099151
1167 0.099352
1168 0.093525
1172 0.086497
1174 0.081600
1175 0.081932
1176 0.082891
1177 0.086617
1179 0.088938
1180 0.091075
1181 0.086757
1195 0.085000
1197 0.086132
1198 0.082736
1205 0.081884
1208 0.079803
1211 0.085713
1213 0.089580
1214 0.087584
1216 0.089578
1219 0.088200
1221 0.084820
1296 0.090133
1381 0.092605
1414 0.093433
1458 0.095330
1555 0.098337
1556 0.098009
1557 0.098501
1578 0.098667
1579 0.096031
1580 0.092093
1581 0.088070
1584 0.086840
1586 0.084033
1587 0.082925
1588 0.083110
1589 0.084065
1597 0.089066
1598 0.092821
1599 0.095941
1601 0.090359
1602 0.087556
1603 0.087001
1604 0.084772
1624 0.087974
1625 0.086339
1661 0.086109
1811 0.083658
1817 0.087358
1921 0.090407
2160 0.089863
2313 0.090462
2326 0.089571
2337 0.087333
2380 0.094887
2421 0.095525
2422 0.095223
2428 0.098397
2429 0.102666
2430 0.105091
2443 0.106460
2444 0.105073
2445 0.098825
2446 0.094163
2447 0.090106
2448 0.086967
2449 0.084585
2459 0.081505
2460 0.081090
2461 0.074066
2464 0.072229
2465 0.065668
2467 0.064443
2468 0.059818
2483 0.057647
2484 0.056667
2488 0.055161
2491 0.058409
2493 0.059536
2494 0.054117
2497 0.058944
2503 0.060437
2504 0.055527
2505 0.051139
2525 0.052961
2538 0.057683
2561 0.058323
2610 0.060683
2766 0.063300
2984 0.066830
3119 0.068364
3227 0.070076
3412 0.071809
3492 0.072017
3637 0.075479
3674 0.077877
3687 0.080211
3688 0.082471
3689 0.084709
3690 0.085237
3691 0.086877
3692 0.090066
3693 0.090068
3694 0.092197
3697 0.092909
3705 0.089040
3706 0.087558
3707 0.088545
3708 0.090415
3709 0.087802
3712 0.079224
3713 0.076601
3714 0.073866
3715 0.072810
3717 0.077580
3718 0.079936
3719 0.079876
3720 0.078640
3721 0.079521
3722 0.077711
3723 0.078392
3733 0.080775
3734 0.080192
3736 0.079170
3737 0.077001
3769 0.079745
3770 0.080325
3775 0.077986
3777 0.074977
3778 0.072939
3779 0.073108
3849 0.072967
3850 0.071740
3851 0.070332
3852 0.068658
3873 0.069028
3874 0.068951
3875 0.068529
3876 0.067512
3877 0.060590
3879 0.061624
3880 0.063698
3883 0.063731
3884 0.063059
3885 0.061663
3886 0.058962
3887 0.054610
3888 0.053576
3889 0.052368
3890 0.051602
3891 0.046322
3892 0.045160
3893 0.051396
3923 0.052941
3924 0.054699
3925 0.056937
3926 0.061481
4211 0.063586
5207 0.078349
5304 0.081972
5807 0.084697
6406 0.091289
8212 0.095210
8732 0.098299
8814 0.100687
8860 0.100888
9003 0.098874
9057 0.101540
9465 0.108758
9603 0.108671
9875 0.108554
11964 0.109244
11970 0.109979
11971 0.110796
11973 0.110660
11975 0.109915
11976 0.108155
11990 0.100635
11991 0.098494
11992 0.096102
11993 0.093618
11994 0.090661
12011 0.091879
12012 0.076745
12013 0.071683
12015 0.070069
12016 0.066592
12017 0.064293
12030 0.063262
12032 0.060876
12034 0.056239
12036 0.054268
12039 0.051026
12047 0.047617
12048 0.051013
12053 0.054530
12058 0.055815
12183 0.056191
12453 0.057884
12454 0.058749
12473 0.065524
12506 0.066495
12601 0.068277
12690 0.069051
12833 0.069380
12851 0.070296
13076 0.068656
13077 0.066808
13079 0.068506
13084 0.068343
13085 0.066948
13088 0.064146
13089 0.062264
13090 0.059860
13091 0.058580
13092 0.057753
13094 0.056962
13095 0.056336
13096 0.053913
13099 0.051955
13100 0.050592
13101 0.051634
13102 0.052700
13103 0.051346
13251 0.053960
13252 0.050747
13253 0.051375
13513 0.050805
13805 0.051114
13821 0.051228
13909 0.049372
14111 0.049577
14333 0.050231
15017 0.053083
15121 0.057353
15212 0.057299
15716 0.057557
15813 0.060047
15892 0.064705
16057 0.067026
16120 0.069211
16121 0.072230
16122 0.073005
16123 0.072470
16124 0.071155
16126 0.070185
16127 0.068271
16128 0.066307
16129 0.065060
16130 0.060700
16132 0.056303
16133 0.052662
16134 0.050999
16135 0.049901
16136 0.048830
16137 0.048065
16138 0.046735
16139 0.044159
16140 0.038917
16141 0.033884
16142 0.032995
16143 0.032133
16144 0.029745
16145 0.024872
16146 0.022537
16147 0.020503
16148 0.017713
16149 0.016311
16150 0.014647
16151 0.013779
16152 0.012001
16153 0.010373
16155 0.011289
16300 0.014382
16301 0.017096
16308 0.020994
16620 0.022572
16621 0.023082
17830 0.024007
17834 0.025013
17869 0.029434
18006 0.030402
18422 0.033902
18424 0.036012
18644 0.040406
18645 0.042665
18649 0.043817
18949 0.045050
18989 0.048441
19183 0.050449
19342 0.052282
19609 0.052825
19683 0.053486
19773 0.054344
19774 0.055777
19775 0.057398
19780 0.058702
19781 0.057458
19782 0.054784
19783 0.053929
19794 0.051645
19795 0.051323
19796 0.051668
19797 0.051445
19798 0.052132
19799 0.050018
19806 0.050818
19807 0.047889
19809 0.055248
19845 0.052634
19846 0.052271
19949 0.053246
19961 0.052611
19962 0.049351
19964 0.047103
19965 0.045534
19966 0.046514
19967 0.048074
19968 0.049456
19995 0.050687
19996 0.049385
19997 0.048040
19998 0.047565
19999 0.047341
20108 0.048234
20110 0.047631
20114 0.048101
20115 0.049708
20116 0.050614
20117 0.050622
20118 0.049886
20176 0.053152
20228 0.056394
20229 0.049517
20235 0.051358
20371 0.052534
20499 0.052337
20521 0.052707
20557 0.053558
20738 0.054458
20739 0.054611
20740 0.057778
20775 0.058828
20776 0.057330
20777 0.055852
20782 0.057544
20783 0.057686
20784 0.057180
20785 0.057206
20798 0.056545
20800 0.055500
20801 0.054017
20802 0.051803
20803 0.051111
20804 0.051310
20805 0.051647
20806 0.048917
20811 0.049160
20854 0.048468
20863 0.048829
20864 0.050446
20865 0.052381
20867 0.053457
21310 0.055411
22093 0.059534
23274 0.063254
23712 0.060436
24093 0.059635
24356 0.062481
24359 0.066083
24929 0.070069
