334 0.051642
335 0.057394
336 0.055327
459 0.054376
488 0.054206
489 0.053501
490 0.053961
491 0.051846
683 0.053788
684 0.050429
760 0.052917
798 0.053005
874 0.055183
892 0.054602
908 0.054401
910 0.049598
1031 0.049257
1051 0.048783
1115 0.046726
1132 0.048380
1141 0.046511
1163 0.045528
1164 0.045686
1166 0.044948
1167 0.038515
1168 0.038122
1172 0.033014
1174 0.033008
1175 0.033904
1176 0.032666
1177 0.034971
1179 0.037019
1180 0.039713
1181 0.037399
1195 0.037419
1197 0.034921
1198 0.034473
1205 0.032359
1208 0.035063
1211 0.034880
1213 0.035742
1214 0.036048
1216 0.035495
1219 0.036382
1221 0.033609
1296 0.033426
1381 0.033342
1414 0.033874
1458 0.033951
1555 0.033825
1556 0.033349
1557 0.033785
1578 0.034642
1579 0.033538
1580 0.033216
1581 0.030657
1584 0.027851
1586 0.026513
1587 0.024792
1588 0.025285
1589 0.025641
1597 0.025647
1598 0.025078
1599 0.023690
1601 0.023714
1602 0.025054
1603 0.025879
1604 0.025564
1624 0.024095
1625 0.024349
1661 0.023730
1811 0.023367
1817 0.023876
1921 0.022612
2160 0.023525
2313 0.023231
2326 0.022103
2337 0.021320
2380 0.024028
2421 0.026381
2422 0.028305
2428 0.030492
2429 0.031774
2430 0.032506
2443 0.033756
2444 0.033515
2445 0.035299
2446 0.036465
2447 0.036428
2448 0.036438
2449 0.034707
2459 0.034950
2460 0.035637
2461 0.037989
2464 0.038233
2465 0.037903
2467 0.039442
2468 0.038730
2483 0.039021
2484 0.038723
2488 0.040487
2491 0.041699
2493 0.044428
2494 0.044117
2497 0.041353
2503 0.039735
2504 0.038795
2505 0.036465
2525 0.035517
2538 0.037134
2561 0.040366
2610 0.038385
2766 0.040589
2984 0.039815
3119 0.038220
3227 0.038080
3412 0.036131
3492 0.037715
3637 0.037278
3674 0.036611
3687 0.037109
3688 0.036071
3689 0.035489
3690 0.036587
3691 0.037613
3692 0.037686
3693 0.037966
3694 0.036436
3697 0.036015
3705 0.037594
3706 0.038577
3707 0.037779
3708 0.038319
3709 0.039775
3712 0.036637
3713 0.033118
3714 0.033417
3715 0.032244
3717 0.032318
3718 0.031933
3719 0.032799
3720 0.035161
3721 0.033438
3722 0.033597
3723 0.036654
3733 0.036696
3734 0.038232
3736 0.038075
3737 0.037235
3769 0.036451
3770 0.035784
3775 0.033944
3777 0.036611
3778 0.035094
3779 0.033232
3849 0.032889
3850 0.033904
3851 0.033721
3852 0.032981
3873 0.032888
3874 0.036120
3875 0.035306
3876 0.033202
3877 0.033349
3879 0.033208
3880 0.032134
3883 0.031933
3884 0.033762
3885 0.036699
3886 0.035975
3887 0.035632
3888 0.037249
3889 0.037872
3890 0.042674
3891 0.043613
3892 0.044168
3893 0.044988
3923 0.041260
3924 0.041638
3925 0.042433
3926 0.054741
4211 0.058814
5207 0.062299
5304 0.062399
5807 0.069434
6406 0.066215
8212 0.068180
8732 0.069097
8814 0.068204
8860 0.068609
9003 0.068912
9057 0.068668
9465 0.068738
9603 0.063823
9875 0.063880
11964 0.064237
11970 0.060713
11971 0.062091
11973 0.057416
11975 0.055621
11976 0.054953
11990 0.055143
11991 0.055747
11992 0.057986
11993 0.057506
11994 0.045819
12011 0.040568
12012 0.036561
12013 0.038191
12015 0.033042
12016 0.034905
12017 0.036438
12030 0.036447
12032 0.040687
12034 0.040931
12036 0.042733
12039 0.041557
12047 0.042467
12048 0.043729
12053 0.041942
12058 0.041545
12183 0.042329
12453 0.040139
12454 0.041687
12473 0.043081
12506 0.044966
12601 0.045688
12690 0.045314
12833 0.043315
12851 0.044696
13076 0.043656
13077 0.043794
13079 0.045035
13084 0.044609
13085 0.047548
13088 0.046190
13089 0.042879
13090 0.045949
13091 0.045962
13092 0.046248
13094 0.046938
13095 0.046757
13096 0.044155
13099 0.047279
13100 0.053865
13101 0.057214
13102 0.056832
13103 0.061473
13251 0.059235
13252 0.061324
13253 0.059417
13513 0.062864
13805 0.062532
13821 0.061701
13909 0.062399
14111 0.062762
14333 0.062472
15017 0.063485
15121 0.076879
15212 0.073243
15716 0.075754
15813 0.087487
15892 0.085162
16057 0.081437
16120 0.085181
16121 0.083419
16122 0.086438
16123 0.085365
16124 0.081967
16126 0.076817
16127 0.075652
16128 0.078015
16129 0.073447
16130 0.076162
16132 0.073221
16133 0.075057
16134 0.072360
16135 0.073867
16136 0.073382
16137 0.072612
16138 0.072931
16139 0.072527
16140 0.071656
16141 0.056726
16142 0.057000
16143 0.056024
16144 0.044482
16145 0.043915
16146 0.044190
16147 0.040012
16148 0.038937
16149 0.037173
16150 0.038713
16151 0.039672
16152 0.038998
16153 0.037543
16155 0.035824
16300 0.036003
16301 0.033384
16308 0.033070
16620 0.032862
16621 0.034962
17830 0.033271
17834 0.033190
17869 0.032790
18006 0.033460
18422 0.033399
18424 0.032531
18644 0.032128
18645 0.032720
18649 0.030754
18949 0.030959
18989 0.029752
19183 0.031856
19342 0.032746
19609 0.035499
19683 0.034081
19773 0.032208
19774 0.030705
19775 0.030312
19780 0.031156
19781 0.030305
19782 0.031125
19783 0.031499
19794 0.031429
19795 0.028699
19796 0.025977
19797 0.026608
19798 0.027979
19799 0.027604
19806 0.026899
19807 0.027357
19809 0.028118
19845 0.028250
19846 0.027014
19949 0.027887
19961 0.027366
19962 0.028412
19964 0.026667
19965 0.028197
19966 0.026251
19967 0.026995
19968 0.026955
19995 0.026223
19996 0.025666
19997 0.024079
19998 0.023879
19999 0.024384
20108 0.023765
20110 0.025548
20114 0.025777
20115 0.024547
20116 0.026070
20117 0.027405
20118 0.029930
20176 0.029964
20228 0.030111
20229 0.029430
20235 0.029727
20371 0.029255
20499 0.030717
20521 0.032050
20557 0.031330
20738 0.030884
20739 0.029353
20740 0.029641
20775 0.028632
20776 0.029749
20777 0.032208
20782 0.031713
20783 0.031534
20784 0.037274
20785 0.038668
20798 0.039196
20800 0.038014
20801 0.042001
20802 0.045455
20803 0.047540
20804 0.047157
20805 0.045150
20806 0.046959
20811 0.047127
20854 0.047267
20863 0.048330
20864 0.049186
20865 0.051299
20867 0.050255
21310 0.052028
22093 0.058457
23274 0.060816
23712 0.061547
24093 0.062787
24356 0.065415
24359 0.069286
24929 0.070569
