2287 0.093740
2288 0.088222
2289 0.083835
2290 0.079861
2291 0.076221
2292 0.072685
2293 0.060551
2294 0.053302
2295 0.049825
2303 0.048656
2308 0.046807
2309 0.045018
2355 0.044667
2356 0.043358
2375 0.045355
2376 0.047147
2379 0.048705
2528 0.049222
2529 0.049435
2606 0.050055
2607 0.050894
2609 0.051411
2611 0.050826
2612 0.048429
2613 0.046708
2614 0.045521
2679 0.045608
2680 0.045735
2681 0.046141
2682 0.046343
2683 0.046351
2684 0.046247
2711 0.047243
2713 0.046788
2714 0.045254
2765 0.052233
2767 0.055555
2768 0.055836
2802 0.056678
2803 0.052761
2804 0.048396
2805 0.045951
2806 0.045149
2822 0.045084
2823 0.044395
2825 0.043779
2826 0.043758
2829 0.047319
2832 0.050455
2846 0.055535
2848 0.058619
2849 0.058661
2851 0.060428
2852 0.061101
2853 0.061416
2854 0.061443
2855 0.061139
2882 0.060515
2909 0.063672
2910 0.067839
2928 0.061265
2929 0.060041
2930 0.061530
2931 0.064751
2987 0.066312
2988 0.065804
2989 0.064849
2990 0.064526
3021 0.063756
3022 0.063539
3030 0.063747
3035 0.065338
3037 0.063101
3038 0.061515
3071 0.057073
3072 0.054671
3073 0.054407
3085 0.054846
3086 0.056408
3089 0.057070
3090 0.058321
3093 0.058562
3096 0.061142
3097 0.058253
3098 0.053873
3099 0.053278
3115 0.053313
3116 0.050573
3122 0.047248
3125 0.046027
3126 0.046231
3135 0.047959
3136 0.047298
3137 0.047020
3140 0.047858
3141 0.047621
3142 0.045913
3144 0.047157
3150 0.050168
3151 0.056035
3156 0.055630
3157 0.054286
3158 0.051943
3159 0.051292
3165 0.050897
3167 0.050648
3170 0.052422
3181 0.049963
3182 0.049687
3195 0.052052
3198 0.051957
3200 0.049968
3205 0.049573
3206 0.047618
3208 0.046153
3209 0.046154
3212 0.045688
3213 0.045928
3214 0.045742
3231 0.045704
3232 0.044752
3233 0.043470
3234 0.041487
3247 0.037712
3248 0.033345
3249 0.036413
3251 0.050286
3534 0.058862
3878 0.064293
3957 0.066637
4024 0.067917
4039 0.066696
4176 0.066773
5023 0.066037
5101 0.065475
5459 0.071201
5602 0.082950
5604 0.089970
5790 0.096112
6013 0.101325
6103 0.104436
6293 0.105014
6319 0.106012
6348 0.105992
6379 0.105899
6434 0.107627
6435 0.108580
6438 0.109443
6439 0.111184
6440 0.113515
6443 0.109673
6444 0.096476
6445 0.089181
6466 0.083239
6467 0.080581
6468 0.078369
6469 0.078741
6470 0.078882
6509 0.079799
6510 0.078207
6511 0.074100
6522 0.061998
6524 0.055850
6525 0.050057
6526 0.044915
6527 0.041560
6539 0.040280
6543 0.041016
6544 0.041972
6547 0.044129
6548 0.044389
6551 0.045345
6552 0.044387
6553 0.042270
6555 0.039195
6556 0.041899
6557 0.045381
6574 0.043478
6575 0.042553
6576 0.043613
6577 0.044377
6579 0.045482
6580 0.044475
6581 0.043249
6582 0.043443
6583 0.043536
6605 0.045334
6606 0.043980
6607 0.043648
6608 0.043598
6611 0.048231
6616 0.048194
6617 0.046900
6618 0.046941
6633 0.049429
6634 0.048374
6635 0.046423
6636 0.045967
6643 0.053232
6646 0.052936
6648 0.050726
6649 0.047289
6650 0.048244
6664 0.053795
6665 0.054394
6666 0.054959
6697 0.061683
6706 0.061800
6761 0.063023
6792 0.065946
6794 0.066618
6836 0.068126
6867 0.073803
7783 0.075824
7794 0.080559
7941 0.077639
7972 0.081135
8000 0.083257
8115 0.085038
8199 0.079859
8213 0.081149
8214 0.082239
8215 0.082230
8216 0.074653
8217 0.073469
8218 0.073816
8219 0.073876
8220 0.073385
8221 0.067797
8222 0.066175
8239 0.070989
8240 0.066499
8244 0.070114
8245 0.071133
8246 0.068606
8247 0.066915
8248 0.064009
8249 0.058214
8250 0.056974
8251 0.052806
8293 0.057977
8403 0.060082
8559 0.058831
8714 0.058698
8720 0.060544
9108 0.061172
9562 0.062606
9788 0.065071
10457 0.066561
10835 0.067903
10879 0.071469
10908 0.073254
10928 0.077531
10949 0.079623
10950 0.080437
10951 0.074706
10953 0.070505
10954 0.066600
10955 0.064862
10969 0.065820
10970 0.065689
10971 0.065192
10972 0.064740
10973 0.064172
10976 0.065387
10977 0.058834
10980 0.053033
10981 0.051404
10982 0.048811
10983 0.046515
10984 0.044913
10994 0.045706
10995 0.043662
10996 0.041835
10997 0.040500
10998 0.036394
10999 0.034216
11027 0.030131
11028 0.027690
11049 0.027007
11050 0.026519
11052 0.027494
11053 0.027718
11054 0.027939
11070 0.026573
11073 0.025591
11075 0.026601
11076 0.026850
11077 0.026767
11080 0.027586
11081 0.028300
11090 0.029339
11091 0.029678
11092 0.029283
11101 0.030316
11102 0.030953
11104 0.028408
11105 0.028066
11106 0.028025
11108 0.027871
11109 0.027596
11110 0.027042
11111 0.026157
11214 0.028082
11215 0.028304
11248 0.030563
11250 0.030402
11251 0.030411
11254 0.029868
11255 0.028845
11256 0.029173
11257 0.028638
11265 0.030658
11266 0.031853
11267 0.030582
11269 0.029478
11270 0.028534
11296 0.027908
11297 0.027581
11298 0.025530
11307 0.024760
11308 0.024540
11309 0.024264
11312 0.024903
11313 0.025178
11314 0.025144
11315 0.025088
11316 0.024992
11319 0.023417
11326 0.025585
11327 0.025002
11328 0.025200
11329 0.025556
11330 0.026285
11333 0.027091
11334 0.027464
11335 0.027964
11365 0.028110
11366 0.027935
11619 0.031933
11880 0.035071
11922 0.035671
12031 0.038176
12033 0.040094
12050 0.046923
12175 0.049626
12810 0.052942
13213 0.054466
13369 0.056719
13402 0.060112
13485 0.064617
13691 0.066115
14162 0.068535
14645 0.068860
14763 0.066031
15145 0.064540
15280 0.065342
15283 0.065943
15284 0.066272
15285 0.067243
15286 0.067774
15287 0.067540
15288 0.066011
15291 0.067527
15292 0.064746
15293 0.062465
15294 0.062061
15295 0.060494
15296 0.059682
15315 0.054989
15316 0.052450
15317 0.049161
15318 0.047731
15319 0.045408
15320 0.042560
15321 0.038600
15322 0.037476
15323 0.035336
15324 0.034465
15377 0.034515
15378 0.034266
15403 0.033052
15405 0.033003
15406 0.032297
15407 0.030686
15408 0.029393
15409 0.028406
15424 0.028486
15425 0.027046
15426 0.025761
15427 0.025449
15439 0.028794
15448 0.029321
15454 0.030513
15497 0.030320
15526 0.029711
15755 0.034315
15802 0.036215
16079 0.036182
16534 0.038851
16543 0.041615
16628 0.041649
16630 0.041920
16632 0.042255
16714 0.043567
16715 0.044350
16731 0.047673
16770 0.050889
16771 0.050722
16833 0.051722
16862 0.055247
16901 0.056835
16979 0.059215
16980 0.060108
16981 0.060777
16982 0.061224
16987 0.059113
16988 0.059269
16989 0.058333
16998 0.058119
16999 0.059358
17000 0.056193
17002 0.054712
17003 0.054759
17004 0.051819
17005 0.048985
17006 0.048957
17007 0.048634
17033 0.051425
17034 0.052176
17035 0.052723
17036 0.049671
17082 0.045976
17083 0.046357
17084 0.045699
17085 0.042262
17086 0.042127
17087 0.039559
17088 0.038228
17107 0.039276
17108 0.039222
17109 0.038580
17110 0.037806
17111 0.037186
17112 0.036837
17113 0.035877
17114 0.034258
17115 0.033612
17117 0.033561
17119 0.034401
17120 0.034910
17121 0.035508
17122 0.036954
17142 0.038180
17143 0.037135
17144 0.036293
17145 0.035785
17146 0.036096
17147 0.036571
17209 0.037100
17210 0.037377
17254 0.036567
17255 0.035906
17256 0.035135
17257 0.032254
17258 0.030869
17259 0.030926
17261 0.031103
17262 0.030857
17278 0.031329
17279 0.031202
17280 0.031160
17301 0.034190
17302 0.035098
17303 0.034397
17304 0.033989
17305 0.033920
17306 0.032727
17308 0.029292
17324 0.029954
17447 0.034902
17588 0.038325
17590 0.039677
17678 0.040127
17796 0.040965
18082 0.043708
18228 0.042940
18349 0.043808
18488 0.046788
18558 0.049428
18630 0.052835
18679 0.053062
18950 0.054215
18951 0.056571
18959 0.056704
18960 0.056963
18961 0.057652
18962 0.055476
18963 0.055018
18965 0.055908
18966 0.056855
18967 0.059136
18968 0.060747
18969 0.060782
18970 0.061521
18971 0.057790
18972 0.054877
18973 0.053413
18974 0.052506
18975 0.050852
18977 0.049789
18978 0.052828
18979 0.054140
18980 0.051847
18981 0.049629
18982 0.046486
18987 0.045176
18988 0.043059
18990 0.040424
18991 0.038781
18992 0.037889
19007 0.037586
19008 0.036855
19009 0.036888
19038 0.037360
19039 0.036893
19049 0.037063
19050 0.037402
19051 0.037678
19061 0.037205
19062 0.035825
19063 0.035853
19064 0.035985
19065 0.035959
19066 0.036223
19067 0.034244
19082 0.036455
19083 0.038140
19135 0.039895
19472 0.042010
19808 0.046658
20256 0.049870
20465 0.051703
21140 0.052628
21382 0.054686
21535 0.055174
21626 0.055357
21798 0.055436
21799 0.054413
21800 0.052444
21801 0.051481
21802 0.048237
21803 0.045788
21805 0.044610
21806 0.042103
21807 0.041377
21808 0.040065
21809 0.038655
21810 0.037817
21811 0.037059
21812 0.036748
21813 0.031423
21814 0.027518
21815 0.025154
21816 0.022440
21817 0.017462
21818 0.014126
21819 0.012358
21820 0.011528
21821 0.009605
21822 0.009530
21823 0.009479
21888 0.010122
21920 0.011319
21922 0.012442
21926 0.013344
21940 0.014019
22351 0.014459
22352 0.014737
22353 0.015290
22356 0.017079
22504 0.017932
23019 0.018426
23135 0.019503
23136 0.020624
23137 0.021682
23138 0.022793
23139 0.023694
23140 0.024719
23153 0.027406
23154 0.028506
23155 0.029001
23156 0.029102
23157 0.029024
23158 0.028929
23160 0.030210
23167 0.030787
23179 0.030906
23180 0.030268
23181 0.029637
23182 0.029182
23183 0.028813
23185 0.028528
23186 0.028251
23187 0.028100
23188 0.026398
23189 0.025610
23191 0.026028
23192 0.025892
23193 0.025619
23194 0.025082
23198 0.024636
23199 0.024102
23200 0.023374
23201 0.021130
23202 0.020763
23275 0.020882
23286 0.021649
23287 0.022450
23288 0.022794
23305 0.021394
23306 0.020106
23325 0.019478
23326 0.018942
23327 0.018230
23328 0.017696
23376 0.019239
23380 0.021168
23426 0.022846
23427 0.024463
23436 0.025776
23470 0.026444
23471 0.025925
23472 0.025456
23478 0.024594
23487 0.027267
23515 0.027054
23516 0.026978
23520 0.028496
23521 0.029033
23522 0.028915
23523 0.029084
23526 0.028640
23527 0.028129
23561 0.031387
23562 0.031507
23563 0.031334
23564 0.031162
23565 0.032237
23577 0.034505
23578 0.034828
23579 0.032898
23580 0.031369
23581 0.029905
23582 0.029506
23583 0.033019
23585 0.035699
23610 0.037165
23611 0.037900
23619 0.040370
23620 0.038116
23730 0.042412
23798 0.043865
23906 0.043294
23950 0.042788
23958 0.042876
24015 0.044432
24019 0.044472
24047 0.049787
24163 0.049278
24167 0.051933
24330 0.053320
24345 0.058028
24452 0.060112
24481 0.058841
24526 0.059958
24662 0.062503
24696 0.063340
24724 0.064765
24727 0.065019
24728 0.061805
24729 0.059980
24738 0.059562
24751 0.059167
24752 0.057200
24753 0.056823
24754 0.053045
24755 0.053390
24756 0.055206
24764 0.061560
24765 0.062439
24766 0.062873
24767 0.066367
24773 0.062712
24774 0.060100
24778 0.060089
24786 0.061481
24794 0.056877
24797 0.054020
24799 0.054255
24800 0.055392
24817 0.053585
24818 0.052375
24819 0.050798
24820 0.049612
24821 0.049170
24824 0.049413
24825 0.050496
24829 0.050480
24830 0.051903
24831 0.052579
24910 0.054079
24913 0.054533
24914 0.053227
24917 0.047557
24918 0.046920
24919 0.045501
24930 0.042630
24932 0.040865
24934 0.040289
24951 0.038046
24952 0.035513
24953 0.035241
24954 0.035385
24955 0.034970
24956 0.035785
24957 0.039142
24958 0.045861
24959 0.050203
24960 0.054364
