2287 0.050992
2288 0.039646
2289 0.038113
2290 0.037081
2291 0.036446
2292 0.035218
2293 0.031626
2294 0.029150
2295 0.032020
2303 0.031812
2308 0.029672
2309 0.031315
2355 0.031778
2356 0.030854
2375 0.032758
2376 0.032594
2379 0.033733
2528 0.035451
2529 0.034753
2606 0.034637
2607 0.036471
2609 0.036658
2611 0.039981
2612 0.044307
2613 0.046500
2614 0.046813
2679 0.045308
2680 0.045172
2681 0.045083
2682 0.046224
2683 0.044300
2684 0.046415
2711 0.047588
2713 0.044143
2714 0.047276
2765 0.051634
2767 0.049159
2768 0.048680
2802 0.049308
2803 0.049493
2804 0.049449
2805 0.051052
2806 0.050142
2822 0.050261
2823 0.049386
2825 0.047233
2826 0.046107
2829 0.043320
2832 0.037669
2846 0.035428
2848 0.036528
2849 0.036703
2851 0.038533
2852 0.042215
2853 0.044000
2854 0.046806
2855 0.046212
2882 0.048228
2909 0.048023
2910 0.046828
2928 0.043127
2929 0.043902
2930 0.047082
2931 0.047608
2987 0.045789
2988 0.045910
2989 0.043191
2990 0.044433
3021 0.044076
3022 0.045558
3030 0.045885
3035 0.046311
3037 0.043516
3038 0.046784
3071 0.048147
3072 0.047463
3073 0.046579
3085 0.046015
3086 0.042812
3089 0.039627
3090 0.038175
3093 0.035678
3096 0.033133
3097 0.032737
3098 0.029554
3099 0.029970
3115 0.029125
3116 0.025448
3122 0.025077
3125 0.024665
3126 0.024717
3135 0.024828
3136 0.022888
3137 0.022376
3140 0.021603
3141 0.021383
3142 0.021519
3144 0.024434
3150 0.023042
3151 0.021502
3156 0.020909
3157 0.021092
3158 0.020059
3159 0.020043
3165 0.020020
3167 0.018613
3170 0.019224
3181 0.018958
3182 0.018612
3195 0.019250
3198 0.017082
3200 0.017772
3205 0.018601
3206 0.018224
3208 0.018650
3209 0.018283
3212 0.018542
3213 0.019548
3214 0.020244
3231 0.019953
3232 0.019134
3233 0.018930
3234 0.016659
3247 0.015067
3248 0.015961
3249 0.017095
3251 0.017259
3534 0.018151
3878 0.017843
3957 0.019490
4024 0.019576
4039 0.020194
4176 0.020484
5023 0.023428
5101 0.023726
5459 0.023869
5602 0.025701
5604 0.027713
5790 0.027413
6013 0.029623
6103 0.031877
6293 0.031753
6319 0.030722
6348 0.031633
6379 0.034043
6434 0.034262
6435 0.033832
6438 0.033106
6439 0.032798
6440 0.031627
6443 0.031730
6444 0.032460
6445 0.032657
6466 0.032609
6467 0.030611
6468 0.031111
6469 0.030695
6470 0.032036
6509 0.029993
6510 0.030217
6511 0.030456
6522 0.028338
6524 0.027266
6525 0.027572
6526 0.025309
6527 0.022930
6539 0.023824
6543 0.023571
6544 0.022516
6547 0.021465
6548 0.021261
6551 0.021589
6552 0.022194
6553 0.023698
6555 0.025106
6556 0.024171
6557 0.023924
6574 0.022619
6575 0.022786
6576 0.022522
6577 0.023215
6579 0.023884
6580 0.022312
6581 0.021999
6582 0.021923
6583 0.022786
6605 0.022323
6606 0.022470
6607 0.022315
6608 0.022064
6611 0.023170
6616 0.022863
6617 0.024228
6618 0.023626
6633 0.022650
6634 0.022995
6635 0.023340
6636 0.023946
6643 0.023278
6646 0.022017
6648 0.022767
6649 0.022891
6650 0.024233
6664 0.024208
6665 0.024878
6666 0.023728
6697 0.022297
6706 0.021987
6761 0.022110
6792 0.020974
6794 0.019291
6836 0.019882
6867 0.018484
7783 0.019188
7794 0.021937
7941 0.022619
7972 0.025116
8000 0.025958
8115 0.029501
8199 0.030819
8213 0.035105
8214 0.041236
8215 0.040091
8216 0.044889
8217 0.045097
8218 0.044414
8219 0.046721
8220 0.050808
8221 0.050342
8222 0.057333
8239 0.057556
8240 0.057355
8244 0.058921
8245 0.060352
8246 0.060705
8247 0.061167
8248 0.062451
8249 0.062567
8250 0.062971
8251 0.061043
8293 0.060984
8403 0.057666
8559 0.056129
8714 0.053494
8720 0.051428
9108 0.047192
9562 0.040650
9788 0.040804
10457 0.037775
10835 0.038953
10879 0.040491
10908 0.037627
10928 0.033140
10949 0.034438
10950 0.027805
10951 0.027845
10953 0.029636
10954 0.027771
10955 0.026540
10969 0.026910
10970 0.026985
10971 0.025785
10972 0.028140
10973 0.027486
10976 0.031965
10977 0.031441
10980 0.031229
10981 0.030986
10982 0.031953
10983 0.032357
10984 0.031989
10994 0.031926
10995 0.033428
10996 0.030856
10997 0.029475
10998 0.027388
10999 0.027680
11027 0.026753
11028 0.027461
11049 0.027092
11050 0.027114
11052 0.025672
11053 0.026647
11054 0.027722
11070 0.027204
11073 0.027070
11075 0.026736
11076 0.025363
11077 0.026010
11080 0.020497
11081 0.020145
11090 0.022488
11091 0.023806
11092 0.023969
11101 0.025626
11102 0.028020
11104 0.030903
11105 0.032417
11106 0.036749
11108 0.037654
11109 0.041851
11110 0.041164
11111 0.043483
11214 0.041826
11215 0.041915
11248 0.041300
11250 0.041344
11251 0.041672
11254 0.040076
11255 0.042054
11256 0.043773
11257 0.044614
11265 0.044864
11266 0.043569
11267 0.044694
11269 0.044650
11270 0.043763
11296 0.042463
11297 0.040996
11298 0.039817
11307 0.037181
11308 0.034300
11309 0.031714
11312 0.027921
11313 0.026606
11314 0.022984
11315 0.022856
11316 0.020739
11319 0.020530
11326 0.020776
11327 0.020601
11328 0.019989
11329 0.019458
11330 0.021039
11333 0.019325
11334 0.020324
11335 0.019287
11365 0.018855
11366 0.019469
11619 0.020499
11880 0.019816
11922 0.018694
12031 0.020181
12033 0.022138
12050 0.023306
12175 0.024110
12810 0.024403
13213 0.023972
13369 0.024903
13402 0.025152
13485 0.024757
13691 0.027863
14162 0.028052
14645 0.029627
14763 0.028776
15145 0.031412
15280 0.032165
15283 0.034945
15284 0.037896
15285 0.037425
15286 0.034304
15287 0.035639
15288 0.035591
15291 0.036231
15292 0.037686
15293 0.040336
15294 0.040731
15295 0.038853
15296 0.040875
15315 0.039079
15316 0.038385
15317 0.038487
15318 0.040856
15319 0.039939
15320 0.044415
15321 0.045138
15322 0.042938
15323 0.042832
15324 0.041710
15377 0.043732
15378 0.041239
15403 0.041079
15405 0.040154
15406 0.035261
15407 0.036363
15408 0.037845
15409 0.037741
15424 0.036330
15425 0.035211
15426 0.031678
15427 0.029065
15439 0.028374
15448 0.028116
15454 0.023489
15497 0.024537
15526 0.026064
15755 0.025530
15802 0.023562
16079 0.023867
16534 0.019385
16543 0.019727
16628 0.020588
16630 0.020357
16632 0.021690
16714 0.020001
16715 0.021399
16731 0.024355
16770 0.022429
16771 0.022635
16833 0.021634
16862 0.020695
16901 0.019451
16979 0.021646
16980 0.022899
16981 0.023304
16982 0.025296
16987 0.026050
16988 0.026042
16989 0.027978
16998 0.027146
16999 0.026352
17000 0.030631
17002 0.031351
17003 0.031626
17004 0.033949
17005 0.033018
17006 0.037881
17007 0.041918
17033 0.042820
17034 0.045784
17035 0.048064
17036 0.050435
17082 0.050563
17083 0.052717
17084 0.053683
17085 0.054379
17086 0.055716
17087 0.053603
17088 0.054002
17107 0.055051
17108 0.054503
17109 0.057377
17110 0.059076
17111 0.057669
17112 0.057496
17113 0.058139
17114 0.054587
17115 0.053903
17117 0.053124
17119 0.050804
17120 0.052656
17121 0.046723
17122 0.044802
17142 0.045773
17143 0.044173
17144 0.042470
17145 0.036566
17146 0.036652
17147 0.034843
17209 0.035838
17210 0.036298
17254 0.035868
17255 0.038201
17256 0.040813
17257 0.042726
17258 0.041914
17259 0.039134
17261 0.039328
17262 0.038837
17278 0.039168
17279 0.037799
17280 0.037114
17301 0.037104
17302 0.037647
17303 0.038509
17304 0.039014
17305 0.039179
17306 0.037901
17308 0.034525
17324 0.034231
17447 0.032986
17588 0.032927
17590 0.035810
17678 0.037124
17796 0.035392
18082 0.034724
18228 0.035160
18349 0.035157
18488 0.034111
18558 0.030799
18630 0.030175
18679 0.029482
18950 0.028097
18951 0.028226
18959 0.027602
18960 0.027688
18961 0.030292
18962 0.030222
18963 0.031526
18965 0.030388
18966 0.028599
18967 0.029204
18968 0.030362
18969 0.030495
18970 0.030250
18971 0.030455
18972 0.031213
18973 0.029637
18974 0.029377
18975 0.029756
18977 0.029500
18978 0.028297
18979 0.027826
18980 0.024408
18981 0.025101
18982 0.026754
18987 0.026787
18988 0.027857
18990 0.028472
18991 0.030039
18992 0.032103
19007 0.030051
19008 0.029787
19009 0.028230
19038 0.028814
19039 0.028720
19049 0.028375
19050 0.027067
19051 0.027172
19061 0.026144
19062 0.027066
19063 0.026511
19064 0.024774
19065 0.025017
19066 0.024333
19067 0.024832
19082 0.027318
19083 0.025431
19135 0.025712
19472 0.026184
19808 0.024263
20256 0.026302
20465 0.026183
21140 0.029474
21382 0.035452
21535 0.041087
21626 0.044341
21798 0.046601
21799 0.048403
21800 0.055984
21801 0.062646
21802 0.066219
21803 0.066038
21805 0.068096
21806 0.070238
21807 0.069752
21808 0.072740
21809 0.072504
21810 0.071791
21811 0.073927
21812 0.072754
21813 0.071612
21814 0.072339
21815 0.073820
21816 0.074201
21817 0.074357
21818 0.073346
21819 0.073483
21820 0.070821
21821 0.066886
21822 0.059294
21823 0.056669
21888 0.054312
21920 0.052208
21922 0.046011
21926 0.042132
21940 0.038522
22351 0.039088
22352 0.040665
22353 0.039935
22356 0.040160
22504 0.038260
23019 0.040168
23135 0.039052
23136 0.037131
23137 0.038805
23138 0.037746
23139 0.038145
23140 0.037731
23153 0.037007
23154 0.037406
23155 0.040543
23156 0.040685
23157 0.040694
23158 0.039067
23160 0.038869
23167 0.037640
23179 0.037421
23180 0.037140
23181 0.035234
23182 0.033875
23183 0.033993
23185 0.032796
23186 0.030090
23187 0.031041
23188 0.030794
23189 0.030700
23191 0.028866
23192 0.028870
23193 0.030346
23194 0.029839
23198 0.029439
23199 0.030035
23200 0.029908
23201 0.029851
23202 0.032648
23275 0.028891
23286 0.028396
23287 0.029149
23288 0.028518
23305 0.028429
23306 0.028575
23325 0.029075
23326 0.028827
23327 0.030419
23328 0.028863
23376 0.027702
23380 0.030573
23426 0.030124
23427 0.029368
23436 0.027891
23470 0.027188
23471 0.028970
23472 0.028981
23478 0.030496
23487 0.029145
23515 0.029601
23516 0.029762
23520 0.029182
23521 0.028999
23522 0.026382
23523 0.028398
23526 0.030518
23527 0.028528
23561 0.027635
23562 0.029468
23563 0.032360
23564 0.032958
23565 0.034837
23577 0.035471
23578 0.035076
23579 0.036350
23580 0.034529
23581 0.033480
23582 0.033926
23583 0.037355
23585 0.039636
23610 0.038785
23611 0.038862
23619 0.036950
23620 0.036960
23730 0.038292
23798 0.036486
23906 0.038812
23950 0.041329
23958 0.043789
24015 0.041317
24019 0.038790
24047 0.039624
24163 0.039116
24167 0.037534
24330 0.034726
24345 0.034576
24452 0.033320
24481 0.032863
24526 0.033167
24662 0.033653
24696 0.032958
24724 0.033512
24727 0.032039
24728 0.028815
24729 0.029618
24738 0.029277
24751 0.030217
24752 0.029203
24753 0.030210
24754 0.028635
24755 0.029884
24756 0.029158
24764 0.027795
24765 0.025600
24766 0.026424
24767 0.028424
24773 0.028277
24774 0.028647
24778 0.030290
24786 0.030084
24794 0.031147
24797 0.030843
24799 0.030091
24800 0.030433
24817 0.031049
24818 0.031228
24819 0.031288
24820 0.031468
24821 0.033515
24824 0.031236
24825 0.030976
24829 0.030541
24830 0.030355
24831 0.030798
24910 0.031135
24913 0.030112
24914 0.030887
24917 0.029460
24918 0.029448
24919 0.028486
24930 0.025663
24932 0.025641
24934 0.025085
24951 0.024434
24952 0.024808
24953 0.023073
24954 0.023201
24955 0.024642
24956 0.024392
24957 0.022046
24958 0.024008
24959 0.030079
24960 0.038238
