516 0.060475
518 0.056607
519 0.051893
520 0.048975
604 0.046736
658 0.043665
1018 0.043179
1070 0.046774
1071 0.047453
1111 0.048000
1112 0.047761
1113 0.046152
1114 0.046018
1116 0.045672
1117 0.043561
1120 0.043289
1121 0.042470
1122 0.042273
1123 0.042160
1124 0.041890
1125 0.041390
1126 0.039327
1127 0.038129
1146 0.039829
1147 0.040960
1148 0.037977
1157 0.037423
1158 0.036925
1159 0.036132
1160 0.035158
1184 0.036506
1185 0.037143
1186 0.033507
1241 0.032050
1258 0.034975
1260 0.037779
1261 0.041018
1285 0.046057
1336 0.048188
1343 0.050931
1383 0.050476
1394 0.051930
1395 0.053023
1397 0.053204
1398 0.053167
1465 0.053854
1467 0.053924
1475 0.055222
1476 0.052081
1477 0.049986
1480 0.050240
1481 0.051100
1482 0.052760
1483 0.054854
1484 0.056973
1485 0.059213
1507 0.059416
1508 0.059130
1509 0.058401
1511 0.054858
1512 0.052948
1545 0.051522
1546 0.047110
1547 0.045567
1549 0.043603
1550 0.044593
1614 0.045607
1693 0.044589
1694 0.043807
1695 0.043688
1696 0.043666
1697 0.045561
1698 0.047895
1700 0.048667
1712 0.050580
1789 0.052248
1820 0.054873
1833 0.056854
1834 0.058431
1940 0.057522
2018 0.053180
2044 0.051710
2202 0.054759
2216 0.054928
2217 0.054940
2220 0.055394
2221 0.054494
2222 0.056224
2231 0.056036
2232 0.055637
2233 0.055218
2247 0.056479
2248 0.057568
2249 0.058577
2250 0.060162
2252 0.061495
2253 0.063436
2254 0.064855
2263 0.071143
2271 0.074838
2272 0.072174
2622 0.070731
2633 0.069782
3143 0.071475
3541 0.074414
3550 0.076746
3917 0.080254
4008 0.083082
4425 0.086810
4455 0.092550
4566 0.095281
4601 0.096039
4716 0.096932
4793 0.099898
5001 0.102553
5002 0.101665
5015 0.099414
5016 0.098997
5018 0.098811
5036 0.100624
5039 0.102149
5040 0.098053
5042 0.093782
5043 0.088056
5086 0.082568
5087 0.081323
5089 0.079387
5092 0.076827
5094 0.071644
5095 0.068180
5114 0.067983
5118 0.065939
5119 0.060286
5120 0.056818
5121 0.051920
5122 0.049069
5124 0.050617
5125 0.050360
5126 0.049768
5127 0.049519
5128 0.050151
5129 0.048294
5130 0.047316
5132 0.046775
5133 0.043174
5134 0.039194
5135 0.038860
5136 0.037609
5137 0.036149
5155 0.035848
5156 0.036172
5157 0.035861
5158 0.035803
5213 0.037064
5214 0.037348
5215 0.035666
5216 0.034679
5217 0.034540
5332 0.034046
5333 0.033247
5334 0.031875
5348 0.033293
5350 0.035026
5371 0.038539
5391 0.042702
5444 0.047935
5455 0.050539
5522 0.051387
5639 0.052122
6033 0.056448
6448 0.060527
6514 0.062659
7095 0.063481
7245 0.066233
7876 0.068229
8657 0.069732
8864 0.072275
9069 0.076732
9129 0.078053
9132 0.079167
9133 0.079117
9134 0.079008
9135 0.078935
9140 0.080202
9142 0.081581
9143 0.083402
9152 0.081470
9153 0.077894
9154 0.072320
9155 0.066197
9160 0.060654
9161 0.058332
9162 0.057894
9163 0.059080
9165 0.055502
9166 0.052437
9169 0.051096
9171 0.053579
9173 0.053103
9174 0.052931
9175 0.053454
9176 0.053260
9177 0.050974
9178 0.050724
9179 0.050462
9180 0.051791
9188 0.057979
9296 0.064905
9431 0.065536
9487 0.068748
9489 0.070386
9556 0.070693
9716 0.073863
9718 0.076602
9822 0.078083
9985 0.078799
10469 0.081728
11920 0.086111
12014 0.085274
12295 0.092812
12541 0.096668
12548 0.097284
12694 0.098717
12824 0.098637
12825 0.097209
12827 0.095324
12828 0.093446
12829 0.091950
12832 0.090919
12834 0.089891
12835 0.088714
12836 0.083147
12837 0.076962
12838 0.075823
12839 0.073274
12840 0.072684
12852 0.072113
12853 0.069906
12854 0.068481
12855 0.067387
12856 0.066793
12859 0.063687
12860 0.058376
12861 0.056657
12862 0.048137
12864 0.043014
12872 0.041490
12873 0.036932
12874 0.035009
12896 0.035987
12897 0.035915
12898 0.035057
12901 0.034950
12902 0.033710
12903 0.033068
12940 0.032527
12941 0.031546
12942 0.030423
12943 0.029016
12944 0.026851
12981 0.024410
12982 0.022656
12983 0.021437
12984 0.020676
12994 0.020103
13003 0.020262
13004 0.019741
13005 0.019866
13006 0.020203
13007 0.020485
13008 0.021733
13073 0.024802
13075 0.027294
13078 0.031417
13098 0.038340
13408 0.040856
13433 0.042278
13463 0.043284
14078 0.045636
14149 0.047219
14506 0.047918
14796 0.047858
14898 0.050100
15029 0.051835
15102 0.052094
15164 0.053969
15165 0.054551
15167 0.054954
15168 0.056046
15169 0.059069
15180 0.058062
15181 0.058228
15182 0.059157
15183 0.060144
15189 0.060518
15190 0.059345
15191 0.056249
15192 0.053622
15193 0.049123
15195 0.040662
15196 0.039464
15201 0.042983
15204 0.044753
15216 0.044404
15217 0.045131
15221 0.045120
15222 0.045544
15224 0.044170
15225 0.042285
15226 0.041821
15227 0.039799
15228 0.039208
15230 0.038914
15244 0.037284
15245 0.033781
15246 0.033643
15247 0.033409
15248 0.032372
15268 0.033388
15269 0.034031
15270 0.034299
15271 0.034233
15272 0.034457
15275 0.039447
15276 0.042955
15277 0.043252
15278 0.040222
15279 0.040709
15290 0.040326
15871 0.038538
15915 0.042878
16228 0.046390
16638 0.049553
16658 0.052232
16666 0.054428
16701 0.064703
16772 0.068942
16904 0.069455
16924 0.072219
16957 0.073876
16970 0.083295
17125 0.084251
17311 0.087860
17843 0.087429
17924 0.087172
17933 0.089995
18112 0.091427
18113 0.091228
18114 0.086334
18115 0.083683
18116 0.083366
18117 0.084577
18118 0.082606
18119 0.082826
18123 0.083641
18124 0.078491
18125 0.075090
18126 0.071741
18127 0.069543
18148 0.067240
18149 0.056717
18150 0.052158
18153 0.055626
18156 0.052554
18157 0.050964
18171 0.043645
18172 0.042617
18173 0.038707
18174 0.037239
18175 0.036636
18176 0.034557
18177 0.033714
18188 0.034699
18189 0.035162
18219 0.039713
18223 0.041049
18227 0.039658
18297 0.039287
18373 0.039400
18378 0.038787
18514 0.040961
18518 0.042704
18519 0.043621
18520 0.043931
18528 0.045556
18529 0.046241
18531 0.046793
18532 0.042499
18533 0.044325
18535 0.046332
18536 0.045388
18537 0.048548
18538 0.051175
18539 0.053174
18540 0.054098
18541 0.053627
18542 0.053099
18543 0.056274
18544 0.059724
18545 0.057062
18564 0.056299
18577 0.055733
18578 0.055245
18580 0.053964
18581 0.054942
18582 0.053999
18583 0.052678
18611 0.054047
18613 0.056827
18614 0.057631
18615 0.057719
18616 0.057408
18618 0.057256
18619 0.055814
18620 0.054994
18621 0.054664
18622 0.052206
18623 0.050377
18667 0.051471
18668 0.051282
18669 0.051237
18670 0.051491
18671 0.048270
18672 0.044577
18674 0.043690
18675 0.041909
18676 0.041133
18696 0.043836
18697 0.047094
18698 0.048798
18700 0.047605
18701 0.046954
18702 0.044029
18729 0.042310
18737 0.041143
18738 0.040645
18739 0.040383
18741 0.041472
18742 0.041760
18743 0.040959
18744 0.041149
18746 0.041191
18747 0.041768
18748 0.039022
18753 0.040033
18754 0.040984
18755 0.041469
18780 0.045002
18781 0.045026
18782 0.043171
18783 0.042767
18786 0.044857
18788 0.042025
18789 0.039681
18790 0.038046
18826 0.040463
18886 0.041480
18889 0.043379
18890 0.042548
18891 0.042159
18892 0.042353
18929 0.043619
18930 0.043600
18931 0.043755
18933 0.048358
18943 0.048552
18944 0.048628
18945 0.048237
18946 0.048109
18947 0.046446
18948 0.045555
18964 0.045950
18983 0.043404
18984 0.045773
18985 0.048816
18993 0.048412
18994 0.045860
18995 0.044502
18996 0.045371
18997 0.045098
18998 0.043640
18999 0.043211
19000 0.041584
19001 0.040878
19058 0.041802
19069 0.041235
19070 0.039847
19073 0.038492
19078 0.037568
19080 0.032459
19081 0.030794
19086 0.030403
19087 0.030710
19088 0.031594
19098 0.033089
19099 0.033901
19104 0.033160
19106 0.031521
19107 0.028485
19108 0.025276
19109 0.026336
19110 0.026944
19111 0.027399
19112 0.024805
19114 0.023502
19115 0.022586
19116 0.022021
19122 0.023394
19123 0.023714
19124 0.022411
19129 0.026838
19130 0.029378
19131 0.031629
19132 0.033553
19133 0.034971
19134 0.036202
19314 0.036063
19380 0.035582
19408 0.035651
19479 0.033578
19495 0.032013
19523 0.032026
19535 0.032476
19559 0.034718
19560 0.036200
19562 0.036834
19563 0.037213
19564 0.037348
19566 0.037537
19567 0.037229
19568 0.037357
19569 0.037479
19570 0.036080
19574 0.037060
19575 0.038139
19576 0.034644
19578 0.034059
19579 0.033143
19581 0.032137
19589 0.033513
19590 0.034723
19626 0.035944
19628 0.038381
19766 0.044592
19963 0.050142
20041 0.050804
20082 0.050510
20150 0.049904
20282 0.048332
20542 0.047214
21041 0.046347
21129 0.047816
21160 0.048338
21351 0.048726
21372 0.049225
21373 0.049330
21374 0.049587
21375 0.049839
21376 0.048606
21377 0.047385
21378 0.046479
21392 0.045163
21393 0.044494
21395 0.044267
21396 0.042025
21397 0.039664
21398 0.038165
21399 0.035201
21400 0.028049
21407 0.022381
21408 0.021598
21409 0.021019
21410 0.020559
21411 0.019840
21412 0.019552
21415 0.023209
21416 0.024273
21427 0.024664
21459 0.024474
21460 0.024015
21462 0.024394
21464 0.024624
21465 0.024710
21466 0.025146
21511 0.025740
21513 0.026155
21514 0.025931
21520 0.029787
21555 0.031935
21582 0.032914
21680 0.035795
21804 0.037812
22008 0.040088
22160 0.042411
22204 0.044566
22623 0.046673
22709 0.048108
22769 0.049307
23398 0.052020
23399 0.053847
23413 0.052334
23415 0.053017
23546 0.056392
24119 0.057797
24431 0.058209
24531 0.061977
