516 0.062821
518 0.058865
519 0.052744
520 0.051018
604 0.047282
658 0.047769
1018 0.046825
1070 0.046863
1071 0.045438
1111 0.046516
1112 0.047136
1113 0.046954
1114 0.047276
1116 0.049610
1117 0.053350
1120 0.057303
1121 0.055407
1122 0.055823
1123 0.053175
1124 0.053211
1125 0.054396
1126 0.045554
1127 0.042516
1146 0.038362
1147 0.037956
1148 0.039835
1157 0.042050
1158 0.041556
1159 0.042754
1160 0.043967
1184 0.043924
1185 0.045569
1186 0.047612
1241 0.047906
1258 0.047092
1260 0.047313
1261 0.049362
1285 0.050827
1336 0.048939
1343 0.044490
1383 0.040924
1394 0.041129
1395 0.039611
1397 0.039871
1398 0.040605
1465 0.037886
1467 0.040704
1475 0.038768
1476 0.039344
1477 0.039511
1480 0.043070
1481 0.047757
1482 0.047376
1483 0.044911
1484 0.044070
1485 0.045799
1507 0.047351
1508 0.047992
1509 0.048071
1511 0.052222
1512 0.052756
1545 0.050700
1546 0.048905
1547 0.048986
1549 0.049959
1550 0.050915
1614 0.050965
1693 0.050994
1694 0.051017
1695 0.049800
1696 0.051122
1697 0.048592
1698 0.049175
1700 0.048796
1712 0.050654
1789 0.045416
1820 0.037970
1833 0.038400
1834 0.042055
1940 0.042276
2018 0.040980
2044 0.038641
2202 0.035794
2216 0.036407
2217 0.035799
2220 0.037304
2221 0.037227
2222 0.038715
2231 0.038499
2232 0.038254
2233 0.038508
2247 0.037343
2248 0.038864
2249 0.038406
2250 0.039085
2252 0.038205
2253 0.040105
2254 0.042487
2263 0.041852
2271 0.040068
2272 0.039884
2622 0.040081
2633 0.042082
3143 0.041256
3541 0.041023
3550 0.040052
3917 0.040716
4008 0.040720
4425 0.040526
4455 0.036312
4566 0.033396
4601 0.034448
4716 0.033403
4793 0.035694
5001 0.035387
5002 0.032877
5015 0.034672
5016 0.035905
5018 0.036769
5036 0.036691
5039 0.036445
5040 0.033496
5042 0.031375
5043 0.031200
5086 0.032383
5087 0.034922
5089 0.034599
5092 0.035249
5094 0.033495
5095 0.034351
5114 0.033777
5118 0.032834
5119 0.035018
5120 0.035555
5121 0.036023
5122 0.036951
5124 0.035036
5125 0.034271
5126 0.032266
5127 0.036572
5128 0.039235
5129 0.042814
5130 0.043816
5132 0.051571
5133 0.050837
5134 0.050379
5135 0.052421
5136 0.055333
5137 0.060391
5155 0.059421
5156 0.059234
5157 0.060430
5158 0.057306
5213 0.056672
5214 0.054928
5215 0.055660
5216 0.055014
5217 0.054806
5332 0.055617
5333 0.056403
5334 0.058877
5348 0.059395
5350 0.060167
5371 0.059875
5391 0.054089
5444 0.052607
5455 0.051168
5522 0.048875
5639 0.043434
6033 0.043648
6448 0.046933
6514 0.051766
7095 0.051661
7245 0.048007
7876 0.049307
8657 0.049439
8864 0.049165
9069 0.049366
9129 0.049783
9132 0.049802
9133 0.053395
9134 0.053221
9135 0.052184
9140 0.050630
9142 0.051023
9143 0.049082
9152 0.051483
9153 0.051871
9154 0.051832
9155 0.057519
9160 0.058098
9161 0.054181
9162 0.053308
9163 0.053202
9165 0.053102
9166 0.049732
9169 0.044419
9171 0.041226
9173 0.041160
9174 0.039069
9175 0.036887
9176 0.036428
9177 0.038395
9178 0.043963
9179 0.044834
9180 0.045705
9188 0.055214
9296 0.060615
9431 0.062119
9487 0.062094
9489 0.062071
9556 0.062130
9716 0.062421
9718 0.064664
9822 0.059930
9985 0.059587
10469 0.059904
11920 0.060977
12014 0.058909
12295 0.059711
12541 0.060160
12548 0.060372
12694 0.060310
12824 0.059870
12825 0.061698
12827 0.062396
12828 0.062409
12829 0.062380
12832 0.057267
12834 0.057308
12835 0.053190
12836 0.044072
12837 0.038746
12838 0.039100
12839 0.041151
12840 0.040845
12852 0.037912
12853 0.035545
12854 0.034844
12855 0.033975
12856 0.033869
12859 0.033984
12860 0.033803
12861 0.032948
12862 0.033627
12864 0.033877
12872 0.033629
12873 0.033014
12874 0.032379
12896 0.032048
12897 0.034434
12898 0.040654
12901 0.039818
12902 0.040456
12903 0.040937
12940 0.042134
12941 0.041480
12942 0.041037
12943 0.039283
12944 0.037331
12981 0.036102
12982 0.037799
12983 0.038921
12984 0.037429
12994 0.038144
13003 0.039426
13004 0.040244
13005 0.041579
13006 0.042053
13007 0.049856
13008 0.051362
13073 0.049879
13075 0.053056
13078 0.053719
13098 0.057250
13408 0.053736
13433 0.047414
13463 0.050954
14078 0.050458
14149 0.049713
14506 0.047555
14796 0.049277
14898 0.050231
15029 0.049517
15102 0.048773
15164 0.051318
15165 0.050670
15167 0.051383
15168 0.052579
15169 0.051382
15180 0.050119
15181 0.051064
15182 0.050705
15183 0.052917
15189 0.045867
15190 0.046938
15191 0.046953
15192 0.044060
15193 0.045236
15195 0.040911
15196 0.041005
15201 0.042089
15204 0.038453
15216 0.039822
15217 0.038847
15221 0.039243
15222 0.040110
15224 0.042288
15225 0.043814
15226 0.043525
15227 0.041140
15228 0.041603
15230 0.043807
15244 0.046497
15245 0.047041
15246 0.045700
15247 0.047221
15248 0.048016
15268 0.044671
15269 0.046042
15270 0.043550
15271 0.044763
15272 0.044504
15275 0.042803
15276 0.042769
15277 0.043275
15278 0.044056
15279 0.043308
15290 0.042186
15871 0.044990
15915 0.044727
16228 0.042618
16638 0.039629
16658 0.038740
16666 0.038801
16701 0.039531
16772 0.037899
16904 0.036284
16924 0.032100
16957 0.032919
16970 0.033822
17125 0.029785
17311 0.027056
17843 0.027795
17924 0.025891
17933 0.025590
18112 0.025667
18113 0.028036
18114 0.027485
18115 0.029504
18116 0.033450
18117 0.031824
18118 0.031611
18119 0.033257
18123 0.032230
18124 0.032860
18125 0.034279
18126 0.037301
18127 0.040041
18148 0.039182
18149 0.039471
18150 0.043871
18153 0.042127
18156 0.042894
18157 0.042221
18171 0.042991
18172 0.042814
18173 0.042251
18174 0.043449
18175 0.042764
18176 0.042487
18177 0.042498
18188 0.041288
18189 0.041160
18219 0.039468
18223 0.035876
18227 0.038791
18297 0.039055
18373 0.037386
18378 0.036948
18514 0.035968
18518 0.037045
18519 0.033300
18520 0.031373
18528 0.032443
18529 0.031710
18531 0.029355
18532 0.029037
18533 0.029501
18535 0.028645
18536 0.027566
18537 0.027668
18538 0.028913
18539 0.029279
18540 0.031220
18541 0.032668
18542 0.031249
18543 0.029690
18544 0.031274
18545 0.031943
18564 0.033536
18577 0.031684
18578 0.031588
18580 0.030149
18581 0.034475
18582 0.038137
18583 0.037159
18611 0.037496
18613 0.037629
18614 0.037580
18615 0.037921
18616 0.038627
18618 0.040043
18619 0.040581
18620 0.040744
18621 0.041500
18622 0.043968
18623 0.047806
18667 0.047497
18668 0.044762
18669 0.043687
18670 0.045446
18671 0.046339
18672 0.045788
18674 0.044069
18675 0.043514
18676 0.042061
18696 0.043850
18697 0.043513
18698 0.040054
18700 0.039027
18701 0.037292
18702 0.038184
18729 0.037403
18737 0.037246
18738 0.038288
18739 0.036690
18741 0.035428
18742 0.033870
18743 0.034204
18744 0.032954
18746 0.030387
18747 0.027819
18748 0.025711
18753 0.026616
18754 0.028091
18755 0.026367
18780 0.025665
18781 0.025652
18782 0.027680
18783 0.026907
18786 0.026996
18788 0.025654
18789 0.027639
18790 0.026686
18826 0.024945
18886 0.025598
18889 0.024872
18890 0.025852
18891 0.024814
18892 0.023621
18929 0.024975
18930 0.026277
18931 0.027747
18933 0.028087
18943 0.030573
18944 0.031091
18945 0.030015
18946 0.030935
18947 0.032813
18948 0.037546
18964 0.037649
18983 0.039545
18984 0.040633
18985 0.038679
18993 0.038226
18994 0.039122
18995 0.039512
18996 0.037975
18997 0.039435
18998 0.039958
18999 0.044528
19000 0.045145
19001 0.048950
19058 0.049755
19069 0.049113
19070 0.048113
19073 0.046589
19078 0.044929
19080 0.044214
19081 0.043764
19086 0.044346
19087 0.043287
19088 0.044035
19098 0.042880
19099 0.040926
19104 0.041446
19106 0.039566
19107 0.040040
19108 0.043683
19109 0.044122
19110 0.042841
19111 0.043173
19112 0.043028
19114 0.041413
19115 0.047248
19116 0.045328
19122 0.046159
19123 0.040844
19124 0.041133
19129 0.044153
19130 0.043637
19131 0.045530
19132 0.046455
19133 0.047280
19134 0.048222
19314 0.051620
19380 0.051659
19408 0.050861
19479 0.050060
19495 0.049028
19523 0.049157
19535 0.049218
19559 0.046709
19560 0.043461
19562 0.045662
19563 0.047486
19564 0.048693
19566 0.049601
19567 0.049185
19568 0.042152
19569 0.040200
19570 0.040457
19574 0.040439
19575 0.041455
19576 0.039772
19578 0.040374
19579 0.041392
19581 0.042126
19589 0.043831
19590 0.042305
19626 0.037728
19628 0.037473
19766 0.037978
19963 0.037985
20041 0.034395
20082 0.033946
20150 0.035425
20282 0.036865
20542 0.039381
21041 0.039192
21129 0.040644
21160 0.041935
21351 0.044308
21372 0.046278
21373 0.049424
21374 0.051207
21375 0.050940
21376 0.051154
21377 0.050485
21378 0.051691
21392 0.050927
21393 0.050905
21395 0.051213
21396 0.050617
21397 0.050432
21398 0.054988
21399 0.059303
21400 0.060366
21407 0.059772
21408 0.059712
21409 0.062881
21410 0.061217
21411 0.060999
21412 0.059456
21415 0.057091
21416 0.055054
21427 0.051296
21459 0.050438
21460 0.048690
21462 0.045896
21464 0.042788
21465 0.042199
21466 0.042125
21511 0.041064
21513 0.038687
21514 0.042205
21520 0.039746
21555 0.039157
21582 0.037436
21680 0.036373
21804 0.032288
22008 0.028415
22160 0.026874
22204 0.028855
22623 0.031870
22709 0.029341
22769 0.031087
23398 0.033460
23399 0.032631
23413 0.032701
23415 0.035554
23546 0.038883
24119 0.036419
24431 0.039521
24531 0.039016
