642 0.062551
643 0.058179
644 0.054376
645 0.052128
646 0.046428
647 0.046043
649 0.045494
703 0.045530
704 0.042561
705 0.040302
706 0.037343
708 0.035456
712 0.040096
728 0.039265
853 0.038469
1098 0.039422
1100 0.039217
1101 0.038997
1102 0.038327
1103 0.037746
1104 0.037730
1105 0.037511
1106 0.036816
1107 0.036317
1152 0.039051
1153 0.041653
1154 0.044437
1173 0.044949
1246 0.044840
1247 0.043612
1248 0.041937
1252 0.040473
1253 0.039533
1254 0.039271
1362 0.044687
1363 0.046778
1364 0.047059
1365 0.042236
1366 0.041623
1368 0.040753
1369 0.040320
1372 0.041550
1373 0.041772
1374 0.042230
1404 0.047335
1405 0.048294
1409 0.050794
1410 0.053914
1412 0.056128
1416 0.054271
1417 0.051717
1418 0.049917
1419 0.051067
1424 0.054542
1971 0.054177
2080 0.055110
2118 0.056934
2310 0.061766
2311 0.062576
2314 0.057106
2321 0.056235
2322 0.056735
2323 0.056300
2325 0.055541
2327 0.058127
2332 0.059317
2333 0.059176
2335 0.060199
2336 0.059408
2338 0.055496
2341 0.053695
2342 0.050132
2343 0.046841
2344 0.046205
2358 0.046538
2360 0.045943
2361 0.044713
2362 0.043474
2363 0.040274
2366 0.044416
2368 0.045979
2369 0.045808
2378 0.046556
2417 0.052133
2542 0.053902
2554 0.053637
2692 0.053705
2945 0.054421
3016 0.055327
3285 0.056370
3286 0.058357
3519 0.058067
3520 0.057042
3521 0.062699
3546 0.064108
3561 0.065893
3563 0.067008
3564 0.067112
3565 0.065450
3566 0.065164
3567 0.066979
3568 0.070081
3577 0.069264
3578 0.067359
3579 0.062961
3580 0.061069
3581 0.060519
3582 0.055444
3583 0.049542
3584 0.048056
3591 0.048461
3592 0.049589
3593 0.051475
3595 0.052632
3596 0.050757
3597 0.047662
3598 0.047405
3599 0.047237
3600 0.041569
3601 0.038338
3602 0.036505
3603 0.035459
3604 0.034765
3605 0.034106
3607 0.032292
3608 0.030039
3609 0.026302
3610 0.025496
3613 0.025615
3614 0.025446
3615 0.024338
3616 0.023218
3618 0.022433
3619 0.021747
3620 0.021351
3621 0.019498
3622 0.017403
3623 0.014855
3624 0.012567
3625 0.010947
3627 0.011563
3640 0.013323
3642 0.014447
3643 0.015761
3664 0.018200
3665 0.020307
3666 0.021791
3667 0.023378
3669 0.027146
3740 0.030424
3783 0.031434
4085 0.035037
4536 0.043794
5070 0.049253
5546 0.054309
5795 0.056619
5846 0.059261
6003 0.061387
6032 0.063477
6912 0.065804
8096 0.068814
8630 0.069772
8708 0.074430
8731 0.074875
8829 0.079974
8830 0.081648
8831 0.081777
8832 0.082729
8833 0.083879
8834 0.083718
8835 0.084885
8839 0.086534
8840 0.087822
8851 0.089292
8865 0.090506
8866 0.093134
8867 0.093366
8868 0.088969
8870 0.090117
8882 0.086739
8932 0.086755
8933 0.084573
8934 0.083428
8940 0.081855
8941 0.080585
8942 0.080546
8943 0.084093
8944 0.083446
8945 0.086266
8946 0.083134
8981 0.080414
8982 0.077992
8983 0.075705
8984 0.073370
8985 0.071401
8986 0.068653
8987 0.066899
8988 0.065000
8989 0.060345
9050 0.057655
9065 0.059653
9066 0.057423
9067 0.053930
9068 0.047653
9070 0.046363
9071 0.043927
9072 0.046729
9073 0.048794
9094 0.049240
9095 0.048901
9096 0.049437
9097 0.047784
9099 0.049094
9100 0.048607
9130 0.049697
9791 0.050140
9793 0.050423
9835 0.052000
9836 0.053150
9967 0.057610
10170 0.061453
10393 0.065997
10398 0.068950
10506 0.071420
10854 0.071143
10864 0.074442
10890 0.080698
10915 0.082162
10947 0.085070
10952 0.087006
10958 0.090885
10962 0.088093
11034 0.089679
11074 0.092129
11252 0.093424
11268 0.093615
11277 0.092322
11278 0.088322
11279 0.087415
11280 0.085741
11281 0.086420
11282 0.087727
11283 0.091409
11284 0.094726
11285 0.093687
11286 0.092125
11287 0.088955
11288 0.087505
11289 0.087263
11290 0.087940
11291 0.080979
11292 0.075628
11295 0.080251
11325 0.081748
11352 0.085824
11434 0.084632
11435 0.085962
11461 0.082273
11466 0.080341
11474 0.082008
11475 0.081510
11476 0.083592
11477 0.085781
11478 0.086366
11479 0.086002
11480 0.084997
11481 0.083973
11482 0.078953
11483 0.074880
11484 0.075493
11485 0.076240
11486 0.076454
11488 0.078128
11489 0.076705
11490 0.075576
11491 0.074984
11492 0.073448
11493 0.069325
11494 0.066356
11495 0.061353
11497 0.061329
11499 0.061174
11500 0.062633
11501 0.064437
11503 0.063130
11504 0.061452
11505 0.058364
11506 0.055298
11507 0.053128
11509 0.054322
11510 0.055592
11511 0.056419
11512 0.058229
11513 0.059391
11514 0.056247
11515 0.053674
11516 0.052168
11517 0.049764
11519 0.049700
11562 0.051228
11564 0.051849
11565 0.052494
11583 0.052612
11585 0.053349
11586 0.053739
11599 0.055724
11600 0.057041
11601 0.057521
11602 0.056402
11603 0.056362
11607 0.056647
11696 0.059600
11701 0.060261
11721 0.061121
11722 0.058896
11723 0.056873
11724 0.055243
11725 0.052932
11726 0.051221
11728 0.050066
11732 0.050988
11733 0.050734
11734 0.050089
11751 0.053341
11752 0.053008
11753 0.051951
11754 0.051069
11755 0.048565
11757 0.046720
11758 0.045455
11760 0.042392
11761 0.039625
11762 0.037139
11764 0.035230
11765 0.033544
11766 0.032512
11767 0.029631
11773 0.033191
11775 0.033892
11850 0.033923
11851 0.033859
11852 0.034135
11853 0.034638
11854 0.034816
11855 0.035266
11856 0.034164
11857 0.033588
11858 0.035477
11861 0.033458
11862 0.033080
11864 0.035699
11865 0.035341
11867 0.035340
11886 0.036261
11887 0.037304
11888 0.037367
11889 0.037292
11890 0.037324
11891 0.037423
11892 0.036994
11893 0.036662
11896 0.036560
11897 0.032310
11898 0.030930
11911 0.030537
11912 0.031549
11913 0.032133
11927 0.032428
11929 0.032514
11930 0.032286
11931 0.031586
11934 0.031562
11935 0.028975
11949 0.027184
11950 0.026003
11951 0.023511
11952 0.025275
11963 0.026640
11982 0.026343
11985 0.025956
12006 0.024062
12007 0.023509
12008 0.023291
12073 0.023423
12076 0.024667
12077 0.025345
12082 0.026247
12083 0.025927
12084 0.025196
12085 0.024725
12086 0.023116
12087 0.022012
12088 0.021214
12094 0.021645
12095 0.022073
12096 0.022355
12097 0.021922
12098 0.021613
12124 0.021767
12139 0.022645
12140 0.023097
12141 0.022046
12144 0.024306
12148 0.023079
12149 0.021866
12150 0.021867
12159 0.024322
12160 0.025468
12190 0.025353
12191 0.023745
12192 0.022647
12193 0.021125
12197 0.023661
12198 0.026256
12199 0.028101
12224 0.028747
12249 0.030882
12250 0.033219
12251 0.034064
12341 0.036241
12342 0.038680
12344 0.039581
12505 0.041318
12520 0.040573
12522 0.039343
12523 0.039393
12525 0.039083
12526 0.035479
12527 0.035551
12528 0.035598
12535 0.036117
12536 0.033587
12537 0.032093
12555 0.034229
12556 0.036849
12557 0.039749
12558 0.042174
12560 0.039638
12561 0.037407
12562 0.035760
12563 0.035880
12564 0.034354
12565 0.032596
12566 0.031426
12567 0.029307
12568 0.026991
12569 0.026352
12571 0.024621
12572 0.024436
12577 0.025483
12578 0.025235
12590 0.024586
12591 0.024217
12592 0.023871
12649 0.024707
12651 0.024966
12652 0.025373
12653 0.025584
12673 0.024405
12674 0.022539
12675 0.020182
12682 0.019595
12684 0.020872
12686 0.021773
12719 0.022178
12721 0.021771
12768 0.026383
12789 0.027113
12823 0.031473
12847 0.031865
12848 0.032161
12868 0.033447
12869 0.034164
12870 0.035105
12871 0.034236
12883 0.034167
12895 0.035776
12908 0.037189
12917 0.038233
12947 0.041540
12950 0.043439
12955 0.043913
12956 0.046561
12957 0.047251
12969 0.048082
12997 0.048454
12999 0.047561
13000 0.046676
13001 0.046096
13002 0.045902
13011 0.047052
13012 0.043365
13013 0.042888
13014 0.040647
13015 0.042656
13017 0.044841
13018 0.045405
13035 0.044983
13036 0.044270
13040 0.045581
13042 0.045310
13049 0.047732
13050 0.048893
13053 0.052273
13056 0.049385
13057 0.047882
13063 0.049895
13064 0.049056
13108 0.047958
13173 0.049438
13218 0.051216
13271 0.051928
13273 0.052583
13274 0.053316
13282 0.054798
13283 0.054570
13285 0.054145
13286 0.054122
13287 0.052110
13288 0.050267
13289 0.047574
13290 0.046457
13291 0.047053
13292 0.047320
13298 0.047475
13299 0.046940
13301 0.043817
13304 0.042276
13307 0.038653
13308 0.037545
13311 0.040570
13315 0.040807
13320 0.040637
13323 0.040968
13324 0.038887
13325 0.036968
13327 0.036050
13328 0.035294
13329 0.035434
13331 0.034512
13332 0.033917
13333 0.033360
13337 0.033972
13340 0.034076
13341 0.033421
13342 0.034402
13343 0.035111
13344 0.035686
13345 0.036419
13351 0.035716
13352 0.035721
13353 0.035222
13354 0.034628
13359 0.035340
13361 0.036281
13362 0.032948
13367 0.031389
13370 0.029816
13382 0.028897
13383 0.028085
13384 0.027827
13385 0.027687
13386 0.027461
13387 0.026710
13390 0.028570
13391 0.028670
13392 0.028445
13400 0.028389
13401 0.028657
13415 0.028534
13416 0.027130
13417 0.025306
13424 0.024548
13425 0.024078
13426 0.023299
13427 0.024055
13428 0.023881
13429 0.023866
13430 0.022566
13437 0.022883
13438 0.022850
13439 0.021852
13441 0.021643
13442 0.024504
13443 0.026764
13444 0.026980
13445 0.027010
13446 0.027143
13447 0.026838
13448 0.024349
13461 0.024153
13462 0.024295
13539 0.026521
13603 0.027649
13608 0.027373
13610 0.027608
13611 0.028777
13616 0.028480
13617 0.028033
13619 0.031435
13620 0.032362
13626 0.032178
13627 0.032055
13628 0.032369
13629 0.031245
13630 0.030847
13631 0.030734
13641 0.031287
13642 0.028325
13646 0.026488
13647 0.026108
13663 0.026151
13664 0.026041
13665 0.025940
13668 0.025909
13669 0.025465
13677 0.028609
13678 0.027577
13680 0.027229
13683 0.028599
13692 0.030242
13694 0.030123
13695 0.030693
13696 0.030845
13703 0.030806
13707 0.039117
14445 0.042880
14630 0.046040
14745 0.047214
14860 0.049285
15039 0.049295
15306 0.050169
15307 0.050625
15376 0.051258
15391 0.051697
15440 0.053466
15592 0.055771
15593 0.057746
15595 0.059120
15597 0.060171
15598 0.061252
15599 0.058403
15601 0.057635
15602 0.057201
15607 0.058917
15608 0.058248
15609 0.057630
15610 0.056872
15611 0.058080
15612 0.055447
15613 0.046341
15625 0.043265
15626 0.040725
15634 0.040803
15635 0.038637
15636 0.038440
15638 0.037436
15650 0.038231
15652 0.040045
15653 0.040002
15654 0.038176
15655 0.035397
15656 0.033618
15657 0.032488
15658 0.031871
15659 0.031205
15660 0.030494
15661 0.028682
15662 0.027388
15663 0.024427
15664 0.023820
15686 0.029063
15687 0.031084
15723 0.030766
15745 0.038212
15753 0.037244
15754 0.037117
15756 0.039180
15966 0.043112
16078 0.045775
16302 0.049943
16587 0.050271
16674 0.048911
16881 0.049505
16882 0.050276
17001 0.050672
17129 0.053311
17335 0.056032
17365 0.056742
17471 0.057166
17500 0.058327
17504 0.059574
17509 0.059890
17535 0.062284
17536 0.063605
17537 0.064514
17538 0.059934
17539 0.058678
17542 0.058365
17543 0.050679
17566 0.051430
17576 0.052911
17577 0.051366
17578 0.046700
17579 0.044738
17600 0.043108
17601 0.043562
17602 0.043596
17603 0.040495
17604 0.038923
17611 0.039299
17612 0.036991
17614 0.034581
17615 0.033862
17617 0.033278
17618 0.031754
17619 0.030758
17620 0.030464
17621 0.028113
17622 0.026623
17626 0.025634
17628 0.024642
17629 0.023832
17630 0.023374
17633 0.023894
17634 0.023793
17635 0.022351
17636 0.021553
17637 0.021126
17638 0.020892
17665 0.019292
17666 0.019312
17667 0.019970
17668 0.020501
17671 0.021867
17672 0.022343
17674 0.026892
17883 0.027887
17925 0.027726
17929 0.028657
18579 0.029652
18745 0.030783
18976 0.033441
19071 0.035710
19226 0.037616
19721 0.038020
19814 0.040912
19935 0.042998
20007 0.042668
20259 0.042724
20260 0.042686
20279 0.042450
20280 0.042092
20281 0.041661
20283 0.041299
20284 0.040603
20285 0.039847
20294 0.039162
20296 0.038644
20297 0.037351
20298 0.036815
20300 0.032463
20301 0.031068
20302 0.031099
20303 0.029934
20304 0.029080
20305 0.028298
20306 0.026282
20307 0.025108
20308 0.024220
20381 0.026450
20382 0.025726
20383 0.024945
20384 0.025687
20385 0.024954
20390 0.024749
20391 0.024515
20392 0.024328
20393 0.024374
20394 0.024329
20395 0.024332
20411 0.025250
20412 0.025553
20413 0.025735
20414 0.026356
20415 0.026513
20416 0.026505
20425 0.027695
20426 0.028385
20427 0.028738
20428 0.028911
20429 0.028826
20430 0.029152
20468 0.030541
20469 0.029573
20470 0.026623
20471 0.024366
20472 0.022993
20484 0.023335
20496 0.023479
20497 0.023039
20498 0.023658
20513 0.024919
20514 0.025207
20515 0.025062
20568 0.024900
20570 0.024336
20571 0.023674
20572 0.023712
20573 0.023551
20589 0.024358
20590 0.025297
20593 0.025785
20594 0.027990
20597 0.030736
20673 0.030954
20711 0.033324
20712 0.032885
20713 0.030542
20720 0.030622
20727 0.033975
20809 0.035713
21093 0.036793
21111 0.036424
21116 0.038111
21143 0.039126
21166 0.039873
21172 0.039535
21173 0.039781
21178 0.040394
21179 0.040572
21180 0.040152
21181 0.040692
21182 0.041593
21183 0.043244
21208 0.043376
21209 0.043091
21210 0.042011
21211 0.039756
21215 0.037201
21235 0.040874
21236 0.039086
21237 0.039109
21240 0.039940
21241 0.040031
21246 0.037654
21247 0.036823
21254 0.037761
21255 0.038842
21257 0.038337
21268 0.037254
21269 0.036240
21306 0.035567
21307 0.034880
21308 0.034664
21311 0.034916
21312 0.035462
21315 0.035880
21317 0.035792
21318 0.034806
21319 0.033906
21320 0.033581
21321 0.033882
21322 0.034256
21323 0.035126
21324 0.032032
21477 0.035858
21478 0.038462
21834 0.039423
21840 0.041914
21915 0.042036
22091 0.043126
22267 0.044728
22309 0.044013
22410 0.044610
22880 0.045057
23184 0.046585
23303 0.048037
23311 0.051409
23435 0.051479
23700 0.051502
23761 0.054603
23918 0.057361
23919 0.058770
23920 0.059842
23921 0.060107
23922 0.060628
23923 0.060112
23924 0.059531
23925 0.058881
23927 0.058804
23938 0.054967
23939 0.052620
23940 0.051278
23941 0.048996
23942 0.048168
23943 0.046522
23944 0.042910
23945 0.041742
23946 0.039140
23947 0.038529
23948 0.036662
23949 0.035310
23951 0.034104
23952 0.034412
23954 0.036289
23955 0.033504
23956 0.029747
23957 0.027094
24014 0.026588
24018 0.026353
24074 0.025000
24075 0.025130
24076 0.025465
24077 0.025392
24078 0.025196
24079 0.025295
24135 0.027561
24156 0.028815
24157 0.029680
24239 0.029486
24416 0.031202
24419 0.032311
24466 0.035574
24478 0.038327
24532 0.041777
24575 0.042565
24631 0.043764
24632 0.042843
24649 0.042594
24650 0.040612
24651 0.039875
24672 0.041124
24715 0.042629
24716 0.041199
24722 0.040353
24723 0.040479
24725 0.039802
24726 0.038832
24732 0.039289
24733 0.039173
24734 0.038191
24735 0.035269
24742 0.033645
24743 0.032226
24744 0.032049
24745 0.029922
24746 0.028563
24761 0.026220
24762 0.023855
24763 0.024238
24770 0.024225
24771 0.023860
24772 0.023251
24779 0.024642
24780 0.024537
24781 0.024787
24789 0.023637
24790 0.022225
24835 0.023008
24840 0.023999
24847 0.025736
24865 0.025749
24866 0.025930
24867 0.024735
24876 0.025241
24877 0.026049
24880 0.026736
24885 0.028035
24887 0.028541
24888 0.028879
24924 0.029231
24925 0.029492
24941 0.028419
24942 0.027937
24943 0.024087
24948 0.024748
24949 0.024709
24985 0.027408
24986 0.027862
24987 0.027365
24988 0.026582
24989 0.026213
24991 0.026867
24992 0.026693
24993 0.027017
24998 0.025427
24999 0.025591
