642 0.045533
643 0.041554
644 0.039878
645 0.037528
646 0.035466
647 0.035659
649 0.035489
703 0.034918
704 0.033819
705 0.032999
706 0.031259
708 0.031458
712 0.031891
728 0.031708
853 0.032059
1098 0.032467
1100 0.031271
1101 0.027058
1102 0.025412
1103 0.023742
1104 0.023897
1105 0.024901
1106 0.024928
1107 0.023520
1152 0.023607
1153 0.023587
1154 0.024888
1173 0.022790
1246 0.023150
1247 0.023060
1248 0.023808
1252 0.024195
1253 0.024561
1254 0.025194
1362 0.026223
1363 0.026973
1364 0.029652
1365 0.030953
1366 0.033922
1368 0.033155
1369 0.036309
1372 0.033345
1373 0.032626
1374 0.033713
1404 0.034045
1405 0.034843
1409 0.036793
1410 0.036671
1412 0.036485
1416 0.038594
1417 0.039227
1418 0.039004
1419 0.039594
1424 0.039232
1971 0.039066
2080 0.040083
2118 0.042144
2310 0.044638
2311 0.047456
2314 0.046578
2321 0.048701
2322 0.049777
2323 0.047827
2325 0.046270
2327 0.045596
2332 0.044414
2333 0.048286
2335 0.048233
2336 0.048525
2338 0.046727
2341 0.047190
2342 0.045675
2343 0.048899
2344 0.050259
2358 0.048585
2360 0.048019
2361 0.046791
2362 0.046501
2363 0.047064
2366 0.047062
2368 0.046186
2369 0.045332
2378 0.043477
2417 0.040000
2542 0.041595
2554 0.040459
2692 0.037044
2945 0.036950
3016 0.036094
3285 0.036014
3286 0.034471
3519 0.031230
3520 0.031005
3521 0.029820
3546 0.030306
3561 0.029323
3563 0.027875
3564 0.027316
3565 0.026210
3566 0.026758
3567 0.026740
3568 0.027086
3577 0.026956
3578 0.026261
3579 0.027405
3580 0.027405
3581 0.032404
3582 0.034483
3583 0.038139
3584 0.047836
3591 0.055982
3592 0.063422
3593 0.064832
3595 0.067030
3596 0.067655
3597 0.066698
3598 0.067941
3599 0.067203
3600 0.067759
3601 0.067998
3602 0.069322
3603 0.069366
3604 0.067140
3605 0.067861
3607 0.068178
3608 0.071225
3609 0.071126
3610 0.073347
3613 0.074388
3614 0.075531
3615 0.074806
3616 0.067943
3618 0.064849
3619 0.062943
3620 0.052447
3621 0.042560
3622 0.034720
3623 0.033858
3624 0.032914
3625 0.031419
3627 0.031183
3640 0.029326
3642 0.029270
3643 0.028416
3664 0.027826
3665 0.027420
3666 0.028862
3667 0.030074
3669 0.029106
3740 0.027673
3783 0.025444
4085 0.025568
4536 0.023149
5070 0.022631
5546 0.020008
5795 0.025934
5846 0.027829
6003 0.028269
6032 0.026510
6912 0.025718
8096 0.029673
8630 0.030591
8708 0.030687
8731 0.029233
8829 0.028890
8830 0.029562
8831 0.030138
8832 0.030724
8833 0.034991
8834 0.037693
8835 0.040188
8839 0.040628
8840 0.039935
8851 0.047181
8865 0.050319
8866 0.049768
8867 0.054097
8868 0.055828
8870 0.056051
8882 0.056095
8932 0.052400
8933 0.050923
8934 0.050410
8940 0.050482
8941 0.050138
8942 0.047176
8943 0.045782
8944 0.045169
8945 0.048442
8946 0.051212
8981 0.051205
8982 0.051211
8983 0.050731
8984 0.047840
8985 0.045752
8986 0.044241
8987 0.044663
8988 0.050150
8989 0.045610
9050 0.044121
9065 0.046885
9066 0.044661
9067 0.043474
9068 0.042664
9070 0.044315
9071 0.043958
9072 0.044826
9073 0.044932
9094 0.047821
9095 0.053372
9096 0.052932
9097 0.053183
9099 0.053091
9100 0.050090
9130 0.048260
9791 0.048643
9793 0.049223
9835 0.049783
9836 0.047984
9967 0.047835
10170 0.048243
10393 0.046580
10398 0.042266
10506 0.040293
10854 0.039324
10864 0.036744
10890 0.035009
10915 0.035564
10947 0.039943
10952 0.041336
10958 0.038882
10962 0.037645
11034 0.038308
11074 0.035657
11252 0.034176
11268 0.036539
11277 0.036791
11278 0.036407
11279 0.037143
11280 0.036774
11281 0.036311
11282 0.037456
11283 0.038840
11284 0.039178
11285 0.040330
11286 0.038017
11287 0.037108
11288 0.035686
11289 0.036934
11290 0.036026
11291 0.037462
11292 0.038453
11295 0.039542
11325 0.036639
11352 0.034638
11434 0.034709
11435 0.034740
11461 0.036141
11466 0.035752
11474 0.032385
11475 0.030114
11476 0.029632
11477 0.029942
11478 0.028769
11479 0.028249
11480 0.029264
11481 0.027966
11482 0.025130
11483 0.024376
11484 0.023169
11485 0.024179
11486 0.024094
11488 0.023498
11489 0.021807
11490 0.021986
11491 0.021456
11492 0.020510
11493 0.019665
11494 0.018298
11495 0.017894
11497 0.018164
11499 0.018348
11500 0.016413
11501 0.016920
11503 0.020311
11504 0.019437
11505 0.019619
11506 0.019212
11507 0.019496
11509 0.019780
11510 0.018118
11511 0.017582
11512 0.017854
11513 0.019510
11514 0.019367
11515 0.018759
11516 0.019263
11517 0.020509
11519 0.027158
11562 0.027792
11564 0.026470
11565 0.026873
11583 0.026035
11585 0.026082
11586 0.025305
11599 0.025389
11600 0.024930
11601 0.025813
11602 0.025273
11603 0.023150
11607 0.023086
11696 0.024448
11701 0.024489
11721 0.024995
11722 0.024778
11723 0.025404
11724 0.025083
11725 0.026079
11726 0.025063
11728 0.024752
11732 0.024210
11733 0.023949
11734 0.025138
11751 0.018575
11752 0.021510
11753 0.025700
11754 0.026549
11755 0.027365
11757 0.027473
11758 0.027875
11760 0.028345
11761 0.028706
11762 0.027468
11764 0.028271
11765 0.026287
11766 0.026598
11767 0.025299
11773 0.025658
11775 0.024747
11850 0.024763
11851 0.025590
11852 0.025645
11853 0.028377
11854 0.028056
11855 0.028001
11856 0.028077
11857 0.030845
11858 0.029669
11861 0.030130
11862 0.026721
11864 0.023063
11865 0.021559
11867 0.020599
11886 0.020241
11887 0.020012
11888 0.020155
11889 0.020213
11890 0.020481
11891 0.019806
11892 0.020483
11893 0.021129
11896 0.021253
11897 0.020587
11898 0.023033
11911 0.023797
11912 0.023538
11913 0.023560
11927 0.020481
11929 0.020432
11930 0.020940
11931 0.021666
11934 0.018695
11935 0.017674
11949 0.017299
11950 0.017786
11951 0.017223
11952 0.018099
11963 0.018409
11982 0.018941
11985 0.019798
12006 0.021455
12007 0.022310
12008 0.022841
12073 0.023191
12076 0.023444
12077 0.022546
12082 0.022349
12083 0.022617
12084 0.020826
12085 0.020226
12086 0.019140
12087 0.019556
12088 0.021067
12094 0.020927
12095 0.024664
12096 0.023962
12097 0.025405
12098 0.026861
12124 0.028168
12139 0.028192
12140 0.028276
12141 0.028126
12144 0.028657
12148 0.027929
12149 0.027327
12150 0.025728
12159 0.025567
12160 0.024912
12190 0.025190
12191 0.024593
12192 0.025371
12193 0.025052
12197 0.025856
12198 0.026098
12199 0.028150
12224 0.028662
12249 0.028568
12250 0.028373
12251 0.032258
12341 0.030058
12342 0.032301
12344 0.031173
12505 0.033435
12520 0.032376
12522 0.036300
12523 0.037681
12525 0.038270
12526 0.037823
12527 0.040204
12528 0.040125
12535 0.039586
12536 0.038646
12537 0.038773
12555 0.038645
12556 0.039593
12557 0.040286
12558 0.041471
12560 0.042816
12561 0.042077
12562 0.039702
12563 0.040317
12564 0.040254
12565 0.038983
12566 0.035927
12567 0.033550
12568 0.032797
12569 0.033848
12571 0.030449
12572 0.032620
12577 0.028059
12578 0.027427
12590 0.026654
12591 0.025891
12592 0.024368
12649 0.023932
12651 0.023355
12652 0.024761
12653 0.024788
12673 0.024384
12674 0.025560
12675 0.025968
12682 0.024877
12684 0.022514
12686 0.024697
12719 0.024711
12721 0.026415
12768 0.027005
12789 0.028292
12823 0.028537
12847 0.030901
12848 0.029267
12868 0.028879
12869 0.028600
12870 0.026664
12871 0.026643
12883 0.028098
12895 0.027805
12908 0.028286
12917 0.028342
12947 0.028787
12950 0.030185
12955 0.030254
12956 0.031703
12957 0.032839
12969 0.030955
12997 0.029556
12999 0.030178
13000 0.030621
13001 0.028844
13002 0.029907
13011 0.027633
13012 0.027270
13013 0.025329
13014 0.025206
13015 0.023345
13017 0.025281
13018 0.028153
13035 0.029290
13036 0.028602
13040 0.029467
13042 0.027267
13049 0.026599
13050 0.026144
13053 0.026781
13056 0.026464
13057 0.026561
13063 0.024945
13064 0.023208
13108 0.022470
13173 0.022320
13218 0.022540
13271 0.022089
13273 0.022561
13274 0.023575
13282 0.022968
13283 0.022842
13285 0.023882
13286 0.026003
13287 0.028036
13288 0.027624
13289 0.026180
13290 0.022195
13291 0.020919
13292 0.020539
13298 0.020517
13299 0.021713
13301 0.022719
13304 0.024215
13307 0.024720
13308 0.025116
13311 0.024770
13315 0.025465
13320 0.025794
13323 0.025455
13324 0.025062
13325 0.025256
13327 0.025740
13328 0.026580
13329 0.025306
13331 0.025155
13332 0.025670
13333 0.025325
13337 0.023503
13340 0.020803
13341 0.020638
13342 0.020872
13343 0.020956
13344 0.022611
13345 0.023895
13351 0.022854
13352 0.021422
13353 0.020734
13354 0.020236
13359 0.018831
13361 0.018914
13362 0.017858
13367 0.017351
13370 0.017486
13382 0.017958
13383 0.019137
13384 0.020352
13385 0.020694
13386 0.019102
13387 0.018934
13390 0.018720
13391 0.018469
13392 0.017148
13400 0.017027
13401 0.016837
13415 0.017844
13416 0.017236
13417 0.017446
13424 0.015420
13425 0.015004
13426 0.015125
13427 0.016077
13428 0.015966
13429 0.015500
13430 0.015023
13437 0.014851
13438 0.015461
13439 0.015818
13441 0.016088
13442 0.015473
13443 0.014672
13444 0.013480
13445 0.012856
13446 0.012828
13447 0.014346
13448 0.017726
13461 0.017153
13462 0.019206
13539 0.019635
13603 0.020291
13608 0.020160
13610 0.021104
13611 0.021344
13616 0.021783
13617 0.021833
13619 0.022089
13620 0.023336
13626 0.023653
13627 0.024035
13628 0.024417
13629 0.024832
13630 0.025362
13631 0.025276
13641 0.024524
13642 0.025150
13646 0.025538
13647 0.025885
13663 0.025645
13664 0.025594
13665 0.023780
13668 0.021017
13669 0.022808
13677 0.021581
13678 0.020825
13680 0.020322
13683 0.020219
13692 0.019184
13694 0.018909
13695 0.018644
13696 0.018692
13703 0.018828
13707 0.016840
14445 0.016943
14630 0.016034
14745 0.016610
14860 0.017113
15039 0.017409
15306 0.019864
15307 0.020778
15376 0.020568
15391 0.020376
15440 0.020606
15592 0.021425
15593 0.021291
15595 0.023602
15597 0.023015
15598 0.021331
15599 0.025345
15601 0.026118
15602 0.027042
15607 0.027509
15608 0.027386
15609 0.027776
15610 0.028177
15611 0.028018
15612 0.027991
15613 0.028063
15625 0.028347
15626 0.030104
15634 0.028963
15635 0.030441
15636 0.030476
15638 0.031050
15650 0.031000
15652 0.030272
15653 0.031531
15654 0.032671
15655 0.034316
15656 0.035369
15657 0.033601
15658 0.039584
15659 0.039698
15660 0.037503
15661 0.039773
15662 0.040854
15663 0.044702
15664 0.053018
15686 0.052764
15687 0.052527
15723 0.052168
15745 0.051641
15753 0.054458
15754 0.053434
15756 0.053178
15966 0.057317
16078 0.054835
16302 0.060616
16587 0.058900
16674 0.063719
16881 0.064888
16882 0.068043
17001 0.067215
17129 0.065769
17335 0.066253
17365 0.066179
17471 0.060189
17500 0.061884
17504 0.059447
17509 0.056413
17535 0.054833
17536 0.051419
17537 0.044280
17538 0.045655
17539 0.047275
17542 0.047150
17543 0.049997
17566 0.048133
17576 0.050228
17577 0.050042
17578 0.049609
17579 0.052923
17600 0.047318
17601 0.046144
17602 0.040872
17603 0.040752
17604 0.035937
17611 0.036223
17612 0.035196
17614 0.035567
17615 0.036218
17617 0.036440
17618 0.034820
17619 0.036191
17620 0.039091
17621 0.038877
17622 0.037256
17626 0.036445
17628 0.034697
17629 0.033422
17630 0.034074
17633 0.031491
17634 0.031365
17635 0.029542
17636 0.028605
17637 0.025367
17638 0.023347
17665 0.022423
17666 0.024248
17667 0.024722
17668 0.023741
17671 0.024101
17672 0.027552
17674 0.028178
17883 0.029250
17925 0.030157
17929 0.033929
18579 0.035981
18745 0.035312
18976 0.032478
19071 0.032611
19226 0.033598
19721 0.033905
19814 0.036389
19935 0.038715
20007 0.039800
20259 0.041261
20260 0.040898
20279 0.040904
20280 0.041636
20281 0.041694
20283 0.040135
20284 0.039659
20285 0.040591
20294 0.041514
20296 0.043883
20297 0.043565
20298 0.038265
20300 0.037445
20301 0.034674
20302 0.032908
20303 0.029316
20304 0.027147
20305 0.027159
20306 0.027053
20307 0.026945
20308 0.027228
20381 0.026394
20382 0.024939
20383 0.023744
20384 0.022892
20385 0.022913
20390 0.022574
20391 0.026218
20392 0.026650
20393 0.027774
20394 0.031272
20395 0.031271
20411 0.028387
20412 0.028897
20413 0.026688
20414 0.028185
20415 0.028778
20416 0.030382
20425 0.030208
20426 0.031319
20427 0.030919
20428 0.030568
20429 0.032472
20430 0.035273
20468 0.036398
20469 0.036095
20470 0.037539
20471 0.036488
20472 0.036505
20484 0.035780
20496 0.035522
20497 0.037908
20498 0.034502
20513 0.033282
20514 0.032294
20515 0.028923
20568 0.029838
20570 0.030746
20571 0.029346
20572 0.030209
20573 0.030917
20589 0.030233
20590 0.030086
20593 0.031500
20594 0.032184
20597 0.033127
20673 0.034066
20711 0.032508
20712 0.029841
20713 0.028155
20720 0.027995
20727 0.028245
20809 0.028975
21093 0.027299
21111 0.028269
21116 0.027085
21143 0.025021
21166 0.025155
21172 0.025926
21173 0.025603
21178 0.026502
21179 0.026056
21180 0.025208
21181 0.027232
21182 0.026366
21183 0.025429
21208 0.026378
21209 0.026777
21210 0.027135
21211 0.026123
21215 0.025054
21235 0.025163
21236 0.024549
21237 0.028122
21240 0.030225
21241 0.034812
21246 0.034152
21247 0.034039
21254 0.034759
21255 0.034215
21257 0.035150
21268 0.034542
21269 0.033888
21306 0.034138
21307 0.034730
21308 0.034148
21311 0.033367
21312 0.032712
21315 0.029905
21317 0.032119
21318 0.031629
21319 0.032513
21320 0.033076
21321 0.032949
21322 0.044450
21323 0.045269
21324 0.046461
21477 0.054437
21478 0.054471
21834 0.065175
21840 0.064175
21915 0.069766
22091 0.070251
22267 0.075388
22309 0.080961
22410 0.081392
22880 0.081317
23184 0.082556
23303 0.085487
23311 0.086497
23435 0.085985
23700 0.088733
23761 0.089588
23918 0.092965
23919 0.091616
23920 0.091335
23921 0.094503
23922 0.093306
23923 0.093091
23924 0.087537
23925 0.091719
23927 0.092582
23938 0.084385
23939 0.081049
23940 0.069802
23941 0.066093
23942 0.060621
23943 0.061076
23944 0.055567
23945 0.051323
23946 0.050083
23947 0.051448
23948 0.050726
23949 0.046601
23951 0.044705
23952 0.045824
23954 0.044634
23955 0.048619
23956 0.048263
23957 0.056172
24014 0.062871
24018 0.063480
24074 0.064954
24075 0.063561
24076 0.058112
24077 0.053413
24078 0.051288
24079 0.056118
24135 0.055941
24156 0.054722
24157 0.054426
24239 0.055103
24416 0.053476
24419 0.054121
24466 0.051912
24478 0.051518
24532 0.054168
24575 0.053919
24631 0.054900
24632 0.055950
24649 0.055066
24650 0.053791
24651 0.049303
24672 0.046275
24715 0.038852
24716 0.031536
24722 0.026437
24723 0.025339
24725 0.027332
24726 0.025783
24732 0.027789
24733 0.028435
24734 0.024525
24735 0.025268
24742 0.025218
24743 0.025164
24744 0.025980
24745 0.027331
24746 0.026975
24761 0.027169
24762 0.027307
24763 0.023635
24770 0.023356
24771 0.023610
24772 0.023008
24779 0.023568
24780 0.024761
24781 0.025756
24789 0.027935
24790 0.028295
24835 0.029772
24840 0.029066
24847 0.027845
24865 0.025850
24866 0.025835
24867 0.025347
24876 0.023896
24877 0.022794
24880 0.022749
24885 0.022548
24887 0.024470
24888 0.021789
24924 0.021796
24925 0.021738
24941 0.022766
24942 0.024131
24943 0.024661
24948 0.024863
24949 0.023906
24985 0.023854
24986 0.023968
24987 0.022873
24988 0.022877
24989 0.021244
24991 0.019964
24992 0.021904
24993 0.024991
24998 0.025221
24999 0.025137
