469 0.104286
475 0.103858
487 0.103188
495 0.103718
499 0.101475
513 0.096840
532 0.096405
539 0.096293
552 0.094447
562 0.090307
635 0.085413
651 0.085632
686 0.086892
691 0.083945
696 0.085646
714 0.082556
722 0.082642
878 0.084960
1109 0.083760
1301 0.083747
1376 0.082777
1403 0.083484
1407 0.084029
1456 0.084477
1479 0.084431
1515 0.085167
1552 0.083283
1559 0.084785
1565 0.080245
1576 0.081606
1836 0.081946
2142 0.084260
2215 0.084529
2270 0.085963
2278 0.084985
2297 0.086834
2302 0.084380
2305 0.084113
2330 0.085979
2365 0.083953
2389 0.082581
2416 0.081985
2427 0.079788
2432 0.079910
2451 0.081863
2463 0.081405
2472 0.080272
2486 0.084002
2496 0.084399
2499 0.087947
2512 0.087567
2521 0.087654
2551 0.086308
2556 0.086717
2570 0.084326
2584 0.082635
2605 0.083304
2858 0.084053
2864 0.084381
2866 0.087444
2871 0.086753
2874 0.086785
2881 0.087162
2884 0.089686
2891 0.090608
2895 0.093306
2907 0.094700
2914 0.094390
2920 0.092703
2927 0.092249
2933 0.093026
2939 0.092081
2943 0.090440
2952 0.088598
2960 0.087157
2965 0.087405
2971 0.089518
2986 0.090259
3015 0.092083
3027 0.092142
3034 0.093150
3040 0.091055
3044 0.089220
3049 0.089908
3059 0.089615
3070 0.088491
3092 0.089140
3095 0.088948
3118 0.091963
3124 0.091637
3131 0.089792
3139 0.087897
3146 0.088922
3155 0.088372
3161 0.088341
3164 0.088698
3169 0.086684
3179 0.084402
3194 0.082526
3202 0.078491
3216 0.081357
3226 0.082938
3236 0.084546
3238 0.086847
3246 0.088738
3266 0.086532
3284 0.087084
3288 0.086213
3295 0.083639
3355 0.083447
3403 0.083819
3405 0.085427
3422 0.084200
3428 0.076979
3443 0.077616
3454 0.078289
3478 0.080001
3481 0.080248
3490 0.082488
3497 0.080734
3500 0.079252
3502 0.082208
3517 0.082184
3543 0.084899
3545 0.086683
3548 0.084628
3696 0.087241
3699 0.084135
3711 0.081048
3739 0.080165
4083 0.080499
4208 0.079060
4337 0.081579
4339 0.086182
4542 0.083942
4773 0.083674
4796 0.082506
4799 0.085100
4819 0.086479
4850 0.085145
4868 0.085948
4921 0.083024
4930 0.081007
4953 0.079793
4955 0.080260
5008 0.084831
5013 0.085049
5022 0.087993
5076 0.087971
5084 0.087600
5113 0.087146
5116 0.079769
5139 0.080946
5154 0.079380
5198 0.084184
5567 0.087167
5587 0.085802
5599 0.084299
5687 0.084616
5710 0.084146
5722 0.085907
5741 0.085304
5744 0.085321
5823 0.084962
5955 0.085355
5960 0.084366
5972 0.085420
5980 0.089989
6017 0.090488
6027 0.092127
6061 0.090142
6076 0.090982
6079 0.087880
6084 0.088774
6109 0.087842
6115 0.087781
6132 0.089713
6151 0.088848
6155 0.089092
6163 0.084024
6168 0.080068
6179 0.082838
6191 0.081381
6207 0.077860
6213 0.081130
6216 0.080207
6221 0.080212
6226 0.077446
6231 0.077226
6249 0.077716
6252 0.078535
6254 0.078160
6258 0.073543
6260 0.072351
6267 0.071448
6281 0.070851
6308 0.070684
6324 0.071623
6338 0.069143
6343 0.072058
6381 0.074119
6398 0.074979
6421 0.076652
6430 0.080845
6538 0.080345
6638 0.082234
6688 0.080608
7004 0.082812
7020 0.086067
7207 0.084904
7352 0.083712
7397 0.083205
7636 0.085329
7694 0.085899
7705 0.088391
7769 0.088623
7847 0.090337
8402 0.092526
8435 0.097595
8588 0.098892
8591 0.098211
8597 0.097327
8899 0.098492
9010 0.100651
9157 0.101288
9159 0.099188
9168 0.097443
9182 0.099131
9200 0.094971
9215 0.095246
9218 0.094280
9220 0.098299
9233 0.097975
9235 0.095634
9242 0.095436
9246 0.097189
9249 0.097608
9252 0.095284
9256 0.095489
9260 0.092553
9269 0.091602
9286 0.091741
9291 0.091352
9301 0.086741
9309 0.085598
9312 0.088586
9314 0.090147
9321 0.090971
9329 0.088513
9338 0.086368
9344 0.090949
9387 0.091858
9390 0.088968
9396 0.089299
9439 0.088559
9443 0.089328
9445 0.086219
9451 0.087689
9468 0.084965
9472 0.084839
9477 0.083090
9481 0.083220
9525 0.083318
9527 0.085209
9535 0.084511
9542 0.083582
9546 0.081251
9552 0.080009
9583 0.081970
9586 0.080249
9589 0.078650
9593 0.077080
9613 0.078600
9619 0.079617
9621 0.078843
9631 0.074041
9651 0.073485
9657 0.071536
9688 0.072789
9700 0.073676
9710 0.075282
9730 0.076438
9745 0.075059
9760 0.074835
9776 0.075032
9783 0.076828
9798 0.076626
9803 0.077365
9812 0.076623
9814 0.076499
9817 0.074887
9833 0.081319
9839 0.080522
9849 0.082536
9852 0.085725
9855 0.084107
9874 0.082185
9925 0.077870
9945 0.080962
9948 0.080624
9955 0.085599
9999 0.089912
10040 0.091654
10183 0.091978
10563 0.092464
10573 0.090555
10583 0.090439
11069 0.089330
11211 0.089592
11234 0.090823
11241 0.090876
11243 0.092294
11247 0.092086
11264 0.089718
11272 0.092715
11276 0.093772
11302 0.088607
11304 0.088861
11306 0.085147
11311 0.082159
11321 0.081584
11324 0.084864
11343 0.086774
11348 0.086645
11350 0.087695
11364 0.083143
11377 0.082988
11379 0.085150
11406 0.085815
11954 0.085795
12137 0.087481
12333 0.086188
12463 0.086073
12803 0.085866
12939 0.083893
13158 0.083900
13306 0.082499
13310 0.082439
13339 0.082418
13389 0.081041
13394 0.081868
13469 0.081623
13482 0.083558
13496 0.083774
13509 0.085218
13528 0.085847
13531 0.084728
13550 0.084654
13557 0.082183
13565 0.083507
13574 0.082517
13576 0.078113
13589 0.075032
13622 0.074573
13690 0.075462
13702 0.076517
13716 0.075179
13745 0.078175
13753 0.079706
13766 0.079004
13773 0.078338
13785 0.076780
13796 0.079360
13807 0.080345
13810 0.079739
13818 0.080508
13823 0.079158
13828 0.078259
13835 0.078786
13838 0.078933
13841 0.079339
13846 0.079688
13852 0.077589
13857 0.078733
13869 0.078741
13881 0.078373
13896 0.079266
13899 0.079677
13905 0.078725
13907 0.078455
13922 0.074812
13930 0.077995
13932 0.077586
14012 0.076591
14379 0.080698
14515 0.081134
14583 0.085824
14754 0.083861
14961 0.082984
15179 0.082874
15198 0.083188
15314 0.084370
15337 0.087950
15341 0.090385
15363 0.091871
16261 0.089847
16267 0.089403
16276 0.089720
16279 0.091234
16281 0.090673
16289 0.090866
16298 0.089696
16313 0.090045
16321 0.093843
16328 0.091588
16332 0.094207
16334 0.091434
16345 0.088317
16361 0.090189
16380 0.087569
16382 0.088636
16385 0.087776
16388 0.086953
16391 0.086648
16403 0.095071
16405 0.092906
16447 0.094111
16518 0.093826
16560 0.089805
16604 0.087008
16663 0.086711
17026 0.092016
17029 0.094484
17094 0.095852
17193 0.097549
17397 0.098529
17594 0.098446
17606 0.099248
17610 0.096801
17632 0.097718
17647 0.096312
17656 0.095890
17716 0.097288
17723 0.096179
17731 0.097462
17734 0.096329
17736 0.095354
17755 0.099389
17760 0.102760
17766 0.095617
17775 0.097686
17785 0.097746
17793 0.093863
17807 0.096888
17818 0.098386
17829 0.100127
17837 0.095452
17842 0.094291
17852 0.090378
17863 0.088457
17876 0.089749
17889 0.090644
17895 0.089173
17904 0.088706
17919 0.089328
17921 0.091030
17941 0.090710
17956 0.092544
17962 0.092236
17971 0.089793
17988 0.090112
17993 0.089384
17995 0.086308
18014 0.083147
18021 0.083644
18028 0.082369
18056 0.081582
18058 0.084285
18063 0.082512
18068 0.079884
18073 0.078596
18079 0.078295
18086 0.079081
18093 0.078238
18102 0.078188
18111 0.076715
18155 0.077033
18169 0.076819
18196 0.074131
18201 0.071726
18204 0.071015
18209 0.071439
18236 0.072347
18238 0.070814
18243 0.076974
18245 0.076683
18248 0.074961
18252 0.076233
18260 0.078566
18338 0.076243
18561 0.075410
19023 0.073990
19037 0.075489
19048 0.078197
19060 0.080635
19168 0.083378
19301 0.082738
19360 0.080864
19365 0.080572
19368 0.078740
19375 0.078677
19393 0.080024
19396 0.080721
19417 0.081778
19424 0.082537
19443 0.080652
19528 0.080352
19550 0.077098
19588 0.078556
19595 0.074391
19598 0.073189
19606 0.075138
19608 0.074989
19619 0.072381
19633 0.073204
19638 0.073652
19645 0.074843
19650 0.070453
19661 0.067443
19673 0.067746
19675 0.066043
19677 0.066873
19682 0.066267
19688 0.066921
19693 0.067372
19695 0.066391
19729 0.066366
19747 0.068392
19753 0.068458
19757 0.069714
19772 0.070636
19779 0.075580
19785 0.075753
19788 0.077553
19817 0.076099
19843 0.076549
20322 0.074005
20335 0.075069
20342 0.075410
20355 0.078007
20367 0.078376
20432 0.079090
20452 0.079083
20460 0.078861
20462 0.076380
20486 0.075133
20501 0.071999
20519 0.073168
20526 0.073633
20529 0.074959
20549 0.073926
20556 0.069999
20567 0.070421
20575 0.070525
20584 0.068716
20588 0.070119
20602 0.065482
20608 0.066836
20624 0.066806
20633 0.066479
20635 0.067466
20638 0.069145
20644 0.066633
20646 0.065820
20651 0.066764
20656 0.067649
20743 0.068052
20808 0.070682
20873 0.079522
20945 0.080715
20973 0.081835
21018 0.083679
21253 0.085564
22045 0.087006
22359 0.086872
22408 0.090255
22535 0.091433
22864 0.091777
22872 0.090461
22876 0.090904
22883 0.092011
22891 0.092460
22897 0.091986
22908 0.093243
22919 0.093747
22933 0.092716
22939 0.093289
22955 0.094240
22970 0.097042
22988 0.093986
23006 0.092469
23011 0.091247
23038 0.089964
23044 0.084049
23112 0.083574
23196 0.083143
23257 0.083351
23261 0.081085
23266 0.082347
23268 0.082506
23273 0.082257
23278 0.082482
23280 0.080773
23283 0.086319
23285 0.088756
23292 0.086474
23301 0.086878
23314 0.086076
23324 0.082237
23331 0.083932
23369 0.082957
23382 0.082417
23387 0.083150
23394 0.082367
23397 0.082453
23401 0.081715
23410 0.080175
23412 0.079999
23422 0.078843
23454 0.082227
23462 0.087873
23464 0.087469
23469 0.087535
23475 0.085740
23477 0.084443
23490 0.083502
23493 0.085047
23504 0.083417
23507 0.079964
23509 0.079690
23518 0.079936
23525 0.079116
23539 0.080123
23553 0.080408
23567 0.081391
23569 0.081660
23605 0.081962
23608 0.080224
23614 0.080252
23622 0.082042
23631 0.083280
23645 0.085551
23654 0.085579
23657 0.084282
23664 0.083877
23667 0.078280
23672 0.077423
23676 0.077367
23683 0.076593
23692 0.077140
23698 0.077133
23708 0.075671
23711 0.075541
23715 0.076303
23741 0.077609
23751 0.076475
23759 0.077675
23768 0.076440
23800 0.077420
23806 0.074875
23813 0.076125
23818 0.077209
23850 0.076881
23869 0.074906
23888 0.072828
23913 0.071646
23930 0.070082
23932 0.087603
23937 0.088297
24912 0.088821
