469 0.162066
475 0.163938
487 0.162467
495 0.162723
499 0.159043
513 0.167676
532 0.165250
539 0.165175
552 0.169489
562 0.169726
635 0.153448
651 0.162198
686 0.161648
691 0.165028
696 0.163925
714 0.172221
722 0.166878
878 0.174158
1109 0.164930
1301 0.161788
1376 0.157320
1403 0.157568
1407 0.148210
1456 0.144728
1479 0.142461
1515 0.140327
1552 0.136442
1559 0.135388
1565 0.142127
1576 0.145958
1836 0.142413
2142 0.138673
2215 0.139726
2270 0.131260
2278 0.135205
2297 0.132599
2302 0.129250
2305 0.130738
2330 0.129439
2365 0.127713
2389 0.119197
2416 0.116967
2427 0.111154
2432 0.108207
2451 0.107805
2463 0.111640
2472 0.107107
2486 0.108612
2496 0.110339
2499 0.101081
2512 0.101239
2521 0.094226
2551 0.093879
2556 0.085540
2570 0.077879
2584 0.071094
2605 0.071031
2858 0.066142
2864 0.065820
2866 0.061398
2871 0.059771
2874 0.055253
2881 0.053691
2884 0.051245
2891 0.053223
2895 0.053181
2907 0.055714
2914 0.054355
2920 0.055065
2927 0.057719
2933 0.055604
2939 0.054629
2943 0.054654
2952 0.053561
2960 0.050801
2965 0.051250
2971 0.053930
2986 0.051695
3015 0.050135
3027 0.050504
3034 0.052582
3040 0.052027
3044 0.052599
3049 0.051215
3059 0.051212
3070 0.051204
3092 0.050233
3095 0.050730
3118 0.048220
3124 0.051805
3131 0.052201
3139 0.048988
3146 0.057589
3155 0.056876
3161 0.061359
3164 0.060813
3169 0.061387
3179 0.060679
3194 0.060509
3202 0.063802
3216 0.063155
3226 0.061102
3236 0.068806
3238 0.067223
3246 0.079175
3266 0.076403
3284 0.083463
3288 0.082889
3295 0.081925
3355 0.083448
3403 0.082435
3405 0.086959
3422 0.085724
3428 0.084839
3443 0.078543
3454 0.079208
3478 0.077112
3481 0.069252
3490 0.074258
3497 0.071149
3500 0.070291
3502 0.075155
3517 0.073858
3543 0.073455
3545 0.069832
3548 0.070861
3696 0.070100
3699 0.063217
3711 0.062795
3739 0.051517
4083 0.049565
4208 0.045268
4337 0.046155
4339 0.047580
4542 0.047306
4773 0.049963
4796 0.045245
4799 0.049734
4819 0.050129
4850 0.054097
4868 0.054951
4921 0.055966
4930 0.056053
4953 0.056611
4955 0.054340
5008 0.055231
5013 0.051100
5022 0.051660
5076 0.053385
5084 0.054809
5113 0.053106
5116 0.054434
5139 0.054142
5154 0.059558
5198 0.060139
5567 0.059419
5587 0.061050
5599 0.060768
5687 0.073732
5710 0.076953
5722 0.081090
5741 0.082385
5744 0.088698
5823 0.092841
5955 0.089677
5960 0.086044
5972 0.087397
5980 0.086673
6017 0.084456
6027 0.084789
6061 0.084461
6076 0.085290
6079 0.084555
6084 0.085652
6109 0.088541
6115 0.088376
6132 0.087459
6151 0.087898
6155 0.083877
6163 0.082939
6168 0.084098
6179 0.078592
6191 0.080604
6207 0.066371
6213 0.062516
6216 0.055833
6221 0.054459
6226 0.047229
6231 0.044010
6249 0.047244
6252 0.051979
6254 0.050849
6258 0.051774
6260 0.048751
6267 0.055478
6281 0.055325
6308 0.054062
6324 0.057200
6338 0.056687
6343 0.053643
6381 0.055947
6398 0.056399
6421 0.055937
6430 0.057723
6538 0.057968
6638 0.057732
6688 0.058436
7004 0.057364
7020 0.062474
7207 0.069014
7352 0.068704
7397 0.070222
7636 0.066915
7694 0.068415
7705 0.066775
7769 0.063487
7847 0.064308
8402 0.064153
8435 0.067776
8588 0.061748
8591 0.061693
8597 0.061833
8899 0.062224
9010 0.062492
9157 0.061595
9159 0.062044
9168 0.064706
9182 0.070118
9200 0.071090
9215 0.077619
9218 0.078328
9220 0.077893
9233 0.082197
9235 0.081058
9242 0.073691
9246 0.074600
9249 0.074457
9252 0.073858
9256 0.073208
9260 0.073342
9269 0.078792
9286 0.077347
9291 0.080510
9301 0.078651
9309 0.084836
9312 0.085128
9314 0.085457
9321 0.085960
9329 0.094200
9338 0.098597
9344 0.099583
9387 0.101834
9390 0.098446
9396 0.095165
9439 0.088361
9443 0.089580
9445 0.092186
9451 0.094817
9468 0.090248
9472 0.091906
9477 0.091901
9481 0.092811
9525 0.096401
9527 0.095600
9535 0.107585
9542 0.105318
9546 0.104720
9552 0.101322
9583 0.104721
9586 0.096254
9589 0.095556
9593 0.097292
9613 0.095670
9619 0.084879
9621 0.082586
9631 0.080644
9651 0.077408
9657 0.077842
9688 0.080347
9700 0.081801
9710 0.078781
9730 0.079002
9745 0.078495
9760 0.080195
9776 0.082911
9783 0.084167
9798 0.085748
9803 0.089307
9812 0.088088
9814 0.075040
9817 0.071143
9833 0.072707
9839 0.072128
9849 0.066990
9852 0.066197
9855 0.068770
9874 0.065954
9925 0.063983
9945 0.064055
9948 0.062116
9955 0.061272
9999 0.073207
10040 0.073836
10183 0.070454
10563 0.075406
10573 0.085514
10583 0.082310
11069 0.076689
11211 0.078239
11234 0.086013
11241 0.091181
11243 0.088280
11247 0.081828
11264 0.083475
11272 0.082240
11276 0.089137
11302 0.088353
11304 0.090808
11306 0.100484
11311 0.106360
11321 0.104200
11324 0.105275
11343 0.108561
11348 0.109353
11350 0.114126
11364 0.116134
11377 0.102821
11379 0.100190
11406 0.105674
11954 0.109182
12137 0.100407
12333 0.105526
12463 0.103434
12803 0.099993
12939 0.088016
13158 0.082903
13306 0.087832
13310 0.088211
13339 0.089058
13389 0.105457
13394 0.101008
13469 0.100715
13482 0.098067
13496 0.088946
13509 0.082623
13528 0.083885
13531 0.082568
13550 0.079578
13557 0.080458
13565 0.075926
13574 0.081551
13576 0.096825
13589 0.096969
13622 0.093240
13690 0.090060
13702 0.091234
13716 0.086664
13745 0.094807
13753 0.104077
13766 0.102958
13773 0.102549
13785 0.099390
13796 0.101938
13807 0.101858
13810 0.090163
13818 0.089179
13823 0.090938
13828 0.094404
13835 0.092960
13838 0.094020
13841 0.099271
13846 0.101449
13852 0.101952
13857 0.103082
13869 0.109510
13881 0.106777
13896 0.092131
13899 0.091205
13905 0.092292
13907 0.086503
13922 0.087568
13930 0.092595
13932 0.086012
14012 0.077537
14379 0.079340
14515 0.080435
14583 0.078567
14754 0.080123
14961 0.082895
15179 0.081059
15198 0.081084
15314 0.078918
15337 0.079771
15341 0.081877
15363 0.084629
16261 0.078800
16267 0.077989
16276 0.078228
16279 0.075700
16281 0.084192
16289 0.080107
16298 0.081790
16313 0.081616
16321 0.080127
16328 0.080278
16332 0.083183
16334 0.080978
16345 0.078991
16361 0.079899
16380 0.081371
16382 0.081459
16385 0.081917
16388 0.078591
16391 0.076360
16403 0.073093
16405 0.070909
16447 0.071721
16518 0.070006
16560 0.070493
16604 0.066911
16663 0.067606
17026 0.066504
17029 0.065038
17094 0.065534
17193 0.052703
17397 0.059949
17594 0.059916
17606 0.059273
17610 0.061479
17632 0.059970
17647 0.056357
17656 0.054884
17716 0.055509
17723 0.057620
17731 0.056888
17734 0.056463
17736 0.055773
17755 0.055997
17760 0.059056
17766 0.060070
17775 0.063241
17785 0.062276
17793 0.060346
17807 0.058594
17818 0.058138
17829 0.056206
17837 0.058467
17842 0.060363
17852 0.063742
17863 0.061394
17876 0.052843
17889 0.048941
17895 0.048619
17904 0.046115
17919 0.049264
17921 0.047996
17941 0.045984
17956 0.049131
17962 0.046209
17971 0.045008
17988 0.048757
17993 0.049855
17995 0.049520
18014 0.044756
18021 0.043904
18028 0.045306
18056 0.048689
18058 0.051071
18063 0.051372
18068 0.053289
18073 0.052389
18079 0.049896
18086 0.047327
18093 0.044821
18102 0.046221
18111 0.047632
18155 0.047866
18169 0.048799
18196 0.049554
18201 0.046107
18204 0.045505
18209 0.048644
18236 0.047641
18238 0.047460
18243 0.047945
18245 0.041626
18248 0.040259
18252 0.040279
18260 0.040553
18338 0.043781
18561 0.043795
19023 0.048138
19037 0.053794
19048 0.053261
19060 0.058067
19168 0.065503
19301 0.066049
19360 0.065968
19365 0.064981
19368 0.065007
19375 0.064534
19393 0.070285
19396 0.070913
19417 0.069911
19424 0.075226
19443 0.077161
19528 0.077212
19550 0.084115
19588 0.084027
19595 0.088425
19598 0.091751
19606 0.095097
19608 0.099620
19619 0.100266
19633 0.098260
19638 0.098457
19645 0.091837
19650 0.088784
19661 0.095637
19673 0.092956
19675 0.089770
19677 0.090102
19682 0.093167
19688 0.093530
19693 0.095918
19695 0.098905
19729 0.093944
19747 0.092664
19753 0.099857
19757 0.095700
19772 0.097011
19779 0.094679
19785 0.087295
19788 0.087555
19817 0.081363
19843 0.083867
20322 0.083090
20335 0.077966
20342 0.076252
20355 0.077579
20367 0.074443
20432 0.074236
20452 0.069686
20460 0.062742
20462 0.059874
20486 0.060968
20501 0.061676
20519 0.061953
20526 0.065187
20529 0.064362
20549 0.062395
20556 0.061512
20567 0.062651
20575 0.055908
20584 0.057341
20588 0.054166
20602 0.056017
20608 0.055465
20624 0.056681
20633 0.058286
20635 0.052658
20638 0.049291
20644 0.049587
20646 0.049070
20651 0.047938
20656 0.046420
20743 0.046082
20808 0.045269
20873 0.046093
20945 0.047770
20973 0.042630
21018 0.047703
21253 0.045652
22045 0.046477
22359 0.045006
22408 0.045663
22535 0.046147
22864 0.050814
22872 0.051248
22876 0.060153
22883 0.069497
22891 0.069427
22897 0.074007
22908 0.075596
22919 0.075510
22933 0.076229
22939 0.079888
22955 0.081986
22970 0.083476
22988 0.087552
23006 0.091389
23011 0.093830
23038 0.095303
23044 0.098072
23112 0.096823
23196 0.100939
23257 0.094800
23261 0.093494
23266 0.088991
23268 0.088610
23273 0.087291
23278 0.096959
23280 0.091724
23283 0.094066
23285 0.083765
23292 0.073326
23301 0.075210
23314 0.074652
23324 0.072366
23331 0.070819
23369 0.077843
23382 0.077999
23387 0.077844
23394 0.080608
23397 0.076418
23401 0.072863
23410 0.070674
23412 0.072858
23422 0.070214
23454 0.069815
23462 0.065705
23464 0.067692
23469 0.075703
23475 0.074996
23477 0.073258
23490 0.073413
23493 0.071225
23504 0.070409
23507 0.066985
23509 0.066399
23518 0.072429
23525 0.084485
23539 0.083377
23553 0.082514
23567 0.082936
23569 0.074950
23605 0.072662
23608 0.075619
23614 0.071310
23622 0.070577
23631 0.075802
23645 0.079297
23654 0.076156
23657 0.077216
23664 0.076320
23667 0.080275
23672 0.085812
23676 0.082704
23683 0.091414
23692 0.091228
23698 0.090016
23708 0.082922
23711 0.084528
23715 0.090650
23741 0.090319
23751 0.088638
23759 0.074587
23768 0.071499
23800 0.070846
23806 0.075194
23813 0.075469
23818 0.080340
23850 0.078405
23869 0.081495
23888 0.084691
23913 0.081179
23930 0.077182
23932 0.077427
23937 0.076506
24912 0.078583
