618 0.108018
619 0.097839
620 0.090922
621 0.085282
623 0.082934
636 0.077183
637 0.072924
638 0.070933
639 0.069764
640 0.068120
641 0.065290
675 0.062025
676 0.061768
677 0.060915
679 0.060823
680 0.060708
681 0.059775
682 0.057699
697 0.053584
698 0.050602
699 0.048380
700 0.047590
701 0.046982
702 0.046470
707 0.047743
709 0.048688
710 0.049950
711 0.051140
724 0.049162
850 0.047753
851 0.048447
869 0.054368
898 0.054378
934 0.058880
995 0.060483
1433 0.063070
1434 0.062844
1435 0.062518
1436 0.061330
1437 0.060397
1517 0.059845
1518 0.059080
1520 0.059412
1521 0.059083
1522 0.058585
1523 0.057821
1524 0.056243
1525 0.054969
1526 0.053971
1527 0.051281
1528 0.049281
1529 0.046884
1530 0.042712
1531 0.042096
1532 0.040015
1533 0.038183
1534 0.031067
1535 0.030241
1536 0.025523
1537 0.024557
1538 0.022783
1539 0.022027
1540 0.021875
1541 0.020843
1542 0.020242
1543 0.018252
1544 0.017173
1577 0.016316
1676 0.015899
1677 0.015365
1678 0.015293
1682 0.016863
1683 0.018551
1684 0.019864
1685 0.021144
1686 0.022875
1687 0.024164
1688 0.024997
1689 0.026720
1690 0.028046
1691 0.029557
1704 0.031821
1705 0.031707
1706 0.031399
1722 0.030310
1723 0.029296
1732 0.028289
1733 0.027284
1734 0.029501
1735 0.031664
1736 0.033167
1775 0.036203
1776 0.037531
1777 0.038382
1778 0.039630
1779 0.040984
1780 0.040380
1781 0.039410
1782 0.039327
1783 0.038803
1849 0.038559
1850 0.038262
1851 0.037499
1852 0.035746
1853 0.034613
1866 0.034343
1867 0.032878
1868 0.033183
1869 0.033171
1871 0.033636
1872 0.033600
1873 0.033620
1877 0.034164
1878 0.032620
1880 0.032061
1883 0.031369
1888 0.034578
1889 0.036865
1890 0.038898
1895 0.041430
2835 0.045223
3009 0.047890
3358 0.048578
3393 0.048251
3585 0.051226
3657 0.050706
3668 0.052032
3746 0.055167
4191 0.057368
4384 0.058805
4424 0.065953
4522 0.066939
4585 0.070627
4623 0.075660
4652 0.077640
4654 0.079310
4660 0.081167
4671 0.083119
4672 0.084259
4673 0.083947
4674 0.084021
4675 0.078614
4676 0.074781
4677 0.071821
4696 0.073557
4697 0.072211
4699 0.072300
4700 0.074319
4701 0.075643
4702 0.073355
4704 0.074386
4705 0.073520
4706 0.071235
4721 0.072051
4722 0.071379
4723 0.063651
4724 0.062385
4725 0.060909
4726 0.058016
4727 0.058066
4759 0.061481
4761 0.063993
4762 0.065161
4764 0.066347
4765 0.067562
4775 0.072717
4843 0.076227
4892 0.077346
4936 0.077444
4939 0.072698
4986 0.074285
4993 0.075597
5014 0.075945
5088 0.074963
5117 0.074845
5166 0.073995
5169 0.073656
5170 0.072999
5171 0.070573
5172 0.070181
5173 0.076236
5175 0.080625
5176 0.081314
5180 0.083679
5181 0.082306
5182 0.077844
5183 0.076274
5184 0.074178
5185 0.072782
5186 0.071218
5187 0.065934
5188 0.063237
5189 0.063403
5191 0.064426
5192 0.065094
5193 0.061023
5194 0.057671
5195 0.055587
5196 0.056006
5205 0.055356
5206 0.054674
5226 0.054932
5227 0.055332
5229 0.055677
5230 0.055379
5231 0.048918
5232 0.044423
5234 0.042305
5235 0.038445
5252 0.039054
5253 0.039604
5254 0.037571
5295 0.038800
5305 0.040206
5306 0.039717
5307 0.039025
5308 0.037658
5309 0.036473
5310 0.035779
5311 0.035038
5313 0.034190
5314 0.032899
5316 0.037883
5318 0.037766
5319 0.037531
5320 0.037751
5322 0.036848
5323 0.036865
5324 0.036776
5325 0.037601
5326 0.038094
5327 0.038059
5328 0.038103
5329 0.037656
5330 0.036093
5337 0.035768
5338 0.035105
5339 0.032455
5340 0.029583
5341 0.029228
5342 0.030384
5355 0.031489
5356 0.031314
5357 0.030839
5358 0.030499
5359 0.030122
5362 0.033237
5363 0.029599
5364 0.030431
5368 0.031528
5370 0.031993
5372 0.033732
5373 0.033646
5374 0.033168
5398 0.033316
5400 0.033524
5401 0.033671
5402 0.032771
5404 0.032173
5405 0.031791
5406 0.030734
5435 0.034018
5436 0.036817
5437 0.037894
5438 0.037789
5439 0.036490
5445 0.036988
5446 0.037768
5447 0.038482
5448 0.038760
5449 0.039245
5456 0.040903
5457 0.042528
5458 0.044199
5460 0.046589
5462 0.047810
5470 0.047848
5472 0.049326
5473 0.049725
5474 0.049324
5482 0.051150
5831 0.052981
5849 0.054322
5851 0.055984
5852 0.057150
5853 0.058064
5854 0.055307
5855 0.052762
5857 0.052733
5858 0.053516
5859 0.054059
5873 0.053126
5874 0.052253
5876 0.051507
5877 0.053369
5878 0.054885
5879 0.051388
5922 0.047314
5923 0.043936
5924 0.040508
5925 0.038879
5926 0.037216
5928 0.037616
5935 0.037014
5936 0.036370
5947 0.035382
5948 0.033706
5949 0.032349
5950 0.031356
5951 0.030648
6007 0.031036
6008 0.030804
6009 0.030539
6011 0.030103
6012 0.029831
6014 0.029571
6015 0.028848
6021 0.031663
6022 0.032870
6024 0.030859
6025 0.029299
6036 0.030991
6037 0.032336
6100 0.036121
6106 0.041564
6140 0.046175
6306 0.049319
6351 0.049455
6542 0.051174
6777 0.053790
7105 0.052909
7484 0.054262
7529 0.054238
7680 0.054821
7761 0.057513
8791 0.061131
9109 0.064359
9382 0.067709
9383 0.070143
9421 0.073432
9447 0.079049
9483 0.081533
9495 0.082304
9497 0.083441
9498 0.085071
9499 0.086215
9500 0.084950
9501 0.085455
9502 0.083502
9506 0.079481
9507 0.075610
9508 0.073940
9512 0.073457
9513 0.074461
9514 0.073754
9567 0.073609
9568 0.072412
9571 0.074603
9572 0.075285
9573 0.072984
9574 0.068859
9575 0.065709
9576 0.062466
9594 0.060272
9595 0.056856
9596 0.051576
9597 0.049067
9598 0.045347
9599 0.043920
9600 0.042648
9601 0.041575
9602 0.039977
9604 0.038558
9605 0.036274
9608 0.034880
9609 0.033864
9611 0.032200
9622 0.034151
9623 0.032527
9624 0.031097
9625 0.030850
9626 0.030541
9627 0.028850
9628 0.028156
9707 0.028803
9708 0.028926
9722 0.028644
9723 0.028653
9726 0.027759
9727 0.027433
9728 0.026854
9761 0.029081
9763 0.030246
9765 0.030323
9766 0.029904
9769 0.030032
9770 0.030234
9771 0.029310
9772 0.029382
9773 0.029353
9774 0.029143
9825 0.030623
9826 0.027804
9827 0.027425
9828 0.027504
9830 0.028176
9831 0.027769
9840 0.029216
9841 0.028661
9842 0.027119
9844 0.026920
9845 0.027166
9847 0.027329
9853 0.030304
9876 0.034026
9877 0.034887
9878 0.032356
9903 0.033346
9909 0.036072
9926 0.036221
9928 0.035783
9929 0.035010
9930 0.035153
9931 0.037302
9932 0.038336
9933 0.039382
9934 0.038565
9935 0.039306
9936 0.040757
9939 0.041196
9940 0.040885
9949 0.042846
9950 0.041081
9951 0.041021
9952 0.041721
9953 0.042052
9956 0.042215
9957 0.043227
9958 0.042998
9959 0.040885
9960 0.040835
9961 0.041631
9962 0.039950
9963 0.036154
10228 0.040676
10251 0.047047
10753 0.048936
10772 0.050215
10820 0.049779
10821 0.049568
10822 0.049347
10823 0.049008
11107 0.050022
11131 0.055146
11212 0.055458
11213 0.055625
11249 0.054663
11318 0.055305
11332 0.057749
11437 0.060023
11452 0.060944
11496 0.061370
11508 0.060109
11520 0.058251
11521 0.057312
11522 0.056957
11523 0.057147
11525 0.057127
11526 0.057909
11531 0.053673
11532 0.048147
11533 0.048091
11537 0.047775
11538 0.046877
11539 0.046348
11541 0.046019
11542 0.045366
11543 0.042418
11544 0.034859
11545 0.033318
11547 0.034116
11548 0.032887
11549 0.031815
11550 0.029601
11551 0.027603
11555 0.028030
11556 0.027473
11557 0.027317
11558 0.026624
11559 0.026867
11560 0.027953
11561 0.028160
11716 0.028171
11719 0.028187
11720 0.028172
11742 0.030594
11885 0.033428
11962 0.036660
11972 0.040478
12138 0.043133
12232 0.044799
12319 0.048164
12559 0.051706
12790 0.055739
12954 0.057635
13020 0.056607
13272 0.059670
13440 0.061397
13470 0.066083
13529 0.069839
13609 0.068492
13777 0.070905
13854 0.073944
13914 0.074370
13939 0.074954
13947 0.075658
13948 0.075574
13950 0.075825
13952 0.075440
13953 0.075426
13954 0.072631
13971 0.070766
13972 0.067995
13973 0.064107
13974 0.061492
13975 0.059879
13976 0.057624
13978 0.055451
13979 0.052529
13980 0.051350
13981 0.051809
13982 0.049837
14057 0.050032
14059 0.045716
14060 0.041659
14062 0.040624
14138 0.038749
14139 0.036343
14140 0.036430
14141 0.035950
14142 0.034643
14143 0.034420
14145 0.033717
14146 0.033642
14147 0.033394
14152 0.037105
14153 0.037862
14154 0.036880
14156 0.036461
14157 0.036211
14158 0.035810
14159 0.034980
14173 0.035713
14174 0.036284
14175 0.036882
14176 0.036539
14177 0.036084
14178 0.034236
14179 0.033231
14198 0.034344
14199 0.034514
14200 0.033199
14201 0.032330
14228 0.031827
14229 0.030890
14230 0.029931
14255 0.030018
14256 0.030063
14257 0.029811
14258 0.029661
14259 0.025652
14260 0.022687
14261 0.022611
14311 0.022828
14312 0.022540
14313 0.022356
14324 0.023172
14325 0.021723
14326 0.020726
14327 0.019779
14387 0.018700
14388 0.017797
14389 0.017308
14390 0.016909
14391 0.015762
14399 0.017365
14401 0.019165
14402 0.020559
14404 0.021791
14405 0.022368
14406 0.026219
14407 0.028092
14571 0.029567
14611 0.030034
14656 0.032046
14669 0.035011
14712 0.037671
15839 0.038210
15845 0.041555
15963 0.051920
16005 0.055186
16048 0.065321
16069 0.067312
16093 0.070326
16781 0.070264
16952 0.074455
17116 0.075850
17154 0.077053
17155 0.078992
17277 0.078543
17360 0.077351
17475 0.079097
17476 0.079977
17477 0.078701
17478 0.078262
17479 0.074821
17480 0.072254
17482 0.072019
17483 0.072642
17484 0.072272
17485 0.069985
17491 0.067508
17493 0.067011
17494 0.063441
17495 0.053217
17499 0.049959
17501 0.038951
17502 0.036274
17503 0.033183
17505 0.033300
17510 0.029712
17511 0.028400
17513 0.027215
17514 0.025241
17515 0.025017
17516 0.024272
17517 0.021216
17518 0.019304
17520 0.019334
17532 0.019415
17533 0.019214
17534 0.019167
17548 0.019419
17549 0.018527
17551 0.016678
17582 0.019072
17659 0.019115
17661 0.018494
17662 0.018061
17664 0.018159
17676 0.019746
17680 0.020769
17683 0.022317
17684 0.023412
17686 0.024149
17688 0.023932
17689 0.024362
17690 0.024960
17691 0.025458
18022 0.027270
18023 0.028264
18024 0.028364
18025 0.028410
18026 0.028532
18029 0.030580
18030 0.031593
18031 0.031979
18032 0.030378
18033 0.030045
18034 0.029853
18035 0.026054
18036 0.025042
18038 0.025325
18039 0.025506
18040 0.025269
18041 0.023818
18050 0.023144
18052 0.021839
18053 0.020436
18054 0.019580
18098 0.021138
18100 0.022363
18142 0.022285
18214 0.022643
18215 0.021068
18216 0.020381
18220 0.020929
18225 0.021870
18230 0.023554
18266 0.022088
18354 0.021032
18361 0.020928
18414 0.021312
18415 0.021885
18416 0.022781
18419 0.022977
18420 0.023366
18421 0.023332
18423 0.023376
18425 0.023900
18426 0.024111
18468 0.023888
18469 0.023968
18472 0.023991
18473 0.023640
18474 0.021660
18475 0.020059
18480 0.020702
18481 0.020332
18482 0.020138
18483 0.019965
18484 0.019063
18485 0.018065
18486 0.016439
18487 0.015830
18489 0.015781
18490 0.015339
18546 0.014919
18547 0.014019
18548 0.013155
18549 0.013156
18550 0.012837
18551 0.012408
18552 0.012066
18555 0.012173
18556 0.012187
18559 0.012368
18584 0.012482
18585 0.012151
18586 0.012078
18587 0.011991
18588 0.011782
18590 0.011142
18591 0.011371
18592 0.012453
18642 0.015245
18647 0.016166
18648 0.016454
18652 0.016357
18653 0.016106
18689 0.019050
18775 0.020903
18918 0.022118
19118 0.025103
19180 0.026005
19181 0.026435
19182 0.026790
19184 0.027351
19235 0.028311
19418 0.028093
19420 0.028459
19421 0.028359
19422 0.028275
19432 0.030117
19433 0.031172
19434 0.031840
19435 0.032500
19436 0.032442
19437 0.031893
19438 0.030747
19439 0.028198
19440 0.027383
19441 0.027556
19583 0.028951
19602 0.030094
19603 0.027698
19604 0.026615
19610 0.027568
19620 0.029983
19629 0.032421
20014 0.036598
20022 0.038455
20111 0.040166
20184 0.042722
20209 0.044017
20222 0.045967
20233 0.049758
20324 0.050526
20410 0.051090
20440 0.051955
20449 0.052369
20689 0.053804
20706 0.055054
20880 0.056964
20915 0.059109
20919 0.060431
20920 0.061464
20921 0.062174
20924 0.062661
20925 0.063765
20929 0.065365
20930 0.065027
20932 0.062871
20933 0.057904
20934 0.055582
20935 0.053290
20940 0.054919
20941 0.054626
20942 0.053015
20943 0.053198
20946 0.052052
20949 0.051076
20950 0.053236
20953 0.051275
20954 0.049848
20955 0.049558
20956 0.048311
20969 0.049350
20970 0.048271
20971 0.046893
20975 0.045498
20976 0.044632
20978 0.043052
20980 0.040648
20981 0.038914
20983 0.036524
20984 0.036126
20987 0.035756
20988 0.035487
20989 0.034438
21015 0.033202
21016 0.029918
21034 0.028845
21035 0.027224
21042 0.028960
21043 0.028534
21044 0.025496
21045 0.022135
21046 0.021884
21047 0.021875
21048 0.022289
21083 0.023646
21084 0.022024
21085 0.022062
21089 0.025084
21090 0.029258
21777 0.028864
21973 0.034176
21984 0.041237
22004 0.041703
22101 0.044367
22122 0.045152
22144 0.047852
22216 0.049834
22296 0.050220
22412 0.049498
22446 0.050118
22459 0.050343
22628 0.050978
22647 0.050569
22659 0.050655
22692 0.052256
22693 0.053666
22694 0.054440
22704 0.055997
22705 0.055161
22706 0.053232
22707 0.052212
22711 0.051685
22712 0.048338
22738 0.044514
22739 0.044476
22740 0.039251
22741 0.032480
22742 0.031518
22757 0.030285
22758 0.029981
22759 0.027526
22760 0.025367
22761 0.024893
22762 0.024664
22764 0.024796
22765 0.024569
22768 0.024305
22770 0.021146
22772 0.021461
22774 0.022754
22783 0.021754
22784 0.021070
22787 0.019688
22820 0.019518
22893 0.019323
22910 0.021680
22956 0.022026
22973 0.022792
22974 0.023810
23068 0.025232
23081 0.025250
23341 0.031666
23344 0.037734
23351 0.040855
23355 0.044071
23389 0.044899
23402 0.045128
