618 0.062923
619 0.062613
620 0.057189
621 0.056736
623 0.053809
636 0.051090
637 0.049884
638 0.049622
639 0.048140
640 0.048434
641 0.051430
675 0.051058
676 0.049442
677 0.049922
679 0.047773
680 0.045545
681 0.048470
682 0.042681
697 0.043878
698 0.048428
699 0.049963
700 0.048861
701 0.051000
702 0.046855
707 0.047360
709 0.045633
710 0.045150
711 0.049676
724 0.051983
850 0.050882
851 0.049908
869 0.049866
898 0.049517
934 0.049589
995 0.049041
1433 0.049724
1434 0.051584
1435 0.055201
1436 0.055802
1437 0.056153
1517 0.059735
1518 0.057897
1520 0.057184
1521 0.054147
1522 0.052417
1523 0.053263
1524 0.053349
1525 0.051523
1526 0.051945
1527 0.052204
1528 0.054750
1529 0.056356
1530 0.053983
1531 0.052137
1532 0.053495
1533 0.054952
1534 0.055554
1535 0.056040
1536 0.055548
1537 0.058596
1538 0.054988
1539 0.052422
1540 0.048821
1541 0.047555
1542 0.045804
1543 0.043663
1544 0.042457
1577 0.042803
1676 0.043403
1677 0.040785
1678 0.038037
1682 0.040062
1683 0.039292
1684 0.037295
1685 0.035781
1686 0.033396
1687 0.031924
1688 0.029905
1689 0.029826
1690 0.028313
1691 0.027679
1704 0.027122
1705 0.027604
1706 0.026240
1722 0.023903
1723 0.023617
1732 0.024036
1733 0.023484
1734 0.022634
1735 0.021984
1736 0.020676
1775 0.021978
1776 0.022293
1777 0.022914
1778 0.025083
1779 0.028654
1780 0.027969
1781 0.031194
1782 0.033215
1783 0.033271
1849 0.034329
1850 0.034093
1851 0.033799
1852 0.035561
1853 0.038243
1866 0.038649
1867 0.038866
1868 0.041036
1869 0.042622
1871 0.043351
1872 0.044347
1873 0.047922
1877 0.047964
1878 0.051332
1880 0.051478
1883 0.052138
1888 0.054053
1889 0.053697
1890 0.052612
1895 0.050808
2835 0.051981
3009 0.049983
3358 0.046679
3393 0.045268
3585 0.045871
3657 0.045213
3668 0.046053
3746 0.046654
4191 0.047418
4384 0.044043
4424 0.043081
4522 0.043774
4585 0.041777
4623 0.041811
4652 0.040842
4654 0.040549
4660 0.040005
4671 0.040239
4672 0.037013
4673 0.036146
4674 0.036301
4675 0.035788
4676 0.041098
4677 0.041159
4696 0.040939
4697 0.036192
4699 0.036099
4700 0.042450
4701 0.041595
4702 0.039884
4704 0.039012
4705 0.038943
4706 0.038349
4721 0.037401
4722 0.038605
4723 0.041166
4724 0.046758
4725 0.045671
4726 0.043900
4727 0.042819
4759 0.043319
4761 0.040032
4762 0.040354
4764 0.040875
4765 0.040831
4775 0.040684
4843 0.038664
4892 0.032465
4936 0.033092
4939 0.037487
4986 0.037649
4993 0.039435
5014 0.033315
5088 0.032454
5117 0.032046
5166 0.032486
5169 0.032365
5170 0.033521
5171 0.031968
5172 0.031618
5173 0.028714
5175 0.021459
5176 0.024124
5180 0.028119
5181 0.029193
5182 0.033080
5183 0.033700
5184 0.033040
5185 0.035428
5186 0.036480
5187 0.035774
5188 0.036121
5189 0.036944
5191 0.042352
5192 0.041145
5193 0.042547
5194 0.047303
5195 0.047852
5196 0.052943
5205 0.054821
5206 0.057069
5226 0.055833
5227 0.055529
5229 0.057490
5230 0.059014
5231 0.060256
5232 0.061662
5234 0.062664
5235 0.060097
5252 0.059239
5253 0.054150
5254 0.053847
5295 0.054712
5305 0.052600
5306 0.052174
5307 0.053315
5308 0.056707
5309 0.057269
5310 0.055833
5311 0.052163
5313 0.052284
5314 0.047652
5316 0.048982
5318 0.044414
5319 0.044510
5320 0.043070
5322 0.042828
5323 0.041361
5324 0.041508
5325 0.039294
5326 0.038433
5327 0.037611
5328 0.033819
5329 0.032502
5330 0.032442
5337 0.033474
5338 0.033935
5339 0.032706
5340 0.033027
5341 0.033765
5342 0.033333
5355 0.028947
5356 0.027074
5357 0.024180
5358 0.025567
5359 0.024105
5362 0.023039
5363 0.021201
5364 0.020856
5368 0.018990
5370 0.017828
5372 0.017865
5373 0.018400
5374 0.017471
5398 0.017373
5400 0.018520
5401 0.018048
5402 0.020749
5404 0.020612
5405 0.020656
5406 0.019751
5435 0.020130
5436 0.021176
5437 0.021205
5438 0.021101
5439 0.021004
5445 0.021399
5446 0.022511
5447 0.020696
5448 0.019456
5449 0.020501
5456 0.019734
5457 0.020861
5458 0.021038
5460 0.021860
5462 0.021664
5470 0.022361
5472 0.023344
5473 0.023478
5474 0.024410
5482 0.023057
5831 0.026116
5849 0.026095
5851 0.031845
5852 0.034360
5853 0.034766
5854 0.034542
5855 0.035916
5857 0.034996
5858 0.035460
5859 0.036866
5873 0.036953
5874 0.036072
5876 0.036829
5877 0.036700
5878 0.036084
5879 0.038972
5922 0.038100
5923 0.041829
5924 0.046028
5925 0.046570
5926 0.046787
5928 0.047721
5935 0.047232
5936 0.047032
5947 0.047116
5948 0.046889
5949 0.044628
5950 0.038977
5951 0.036820
6007 0.037821
6008 0.037185
6009 0.037855
6011 0.039149
6012 0.037582
6014 0.036794
6015 0.038209
6021 0.039264
6022 0.038809
6024 0.039131
6025 0.043594
6036 0.042390
6037 0.043800
6100 0.046371
6106 0.041583
6140 0.041332
6306 0.041554
6351 0.039644
6542 0.038412
6777 0.040308
7105 0.041414
7484 0.039498
7529 0.039144
7680 0.041757
7761 0.041761
8791 0.048841
9109 0.056297
9382 0.063142
9383 0.061844
9421 0.066498
9447 0.076776
9483 0.077667
9495 0.078738
9497 0.078283
9498 0.080244
9499 0.080204
9500 0.078544
9501 0.076223
9502 0.070429
9506 0.072213
9507 0.072648
9508 0.072370
9512 0.073044
9513 0.073903
9514 0.071646
9567 0.071499
9568 0.074518
9571 0.075171
9572 0.073156
9573 0.072924
9574 0.065435
9575 0.059497
9576 0.050816
9594 0.050746
9595 0.047578
9596 0.037307
9597 0.037716
9598 0.038831
9599 0.039827
9600 0.038167
9601 0.033659
9602 0.033601
9604 0.033555
9605 0.034930
9608 0.034643
9609 0.034096
9611 0.034470
9622 0.035426
9623 0.034511
9624 0.034419
9625 0.033758
9626 0.035720
9627 0.036406
9628 0.038240
9707 0.038181
9708 0.038156
9722 0.037886
9723 0.038238
9726 0.038332
9727 0.036961
9728 0.039768
9761 0.037642
9763 0.035074
9765 0.038542
9766 0.039497
9769 0.039829
9770 0.040644
9771 0.042426
9772 0.040373
9773 0.039681
9774 0.041997
9825 0.041064
9826 0.039281
9827 0.039380
9828 0.041285
9830 0.041055
9831 0.035784
9840 0.034774
9841 0.032109
9842 0.032261
9844 0.032031
9845 0.030344
9847 0.030275
9853 0.030543
9876 0.030857
9877 0.027038
9878 0.025886
9903 0.025473
9909 0.021662
9926 0.019873
9928 0.019518
9929 0.018855
9930 0.018151
9931 0.020375
9932 0.019531
9933 0.017616
9934 0.017629
9935 0.017413
9936 0.018877
9939 0.016615
9940 0.016458
9949 0.017624
9950 0.018321
9951 0.019315
9952 0.019216
9953 0.018875
9956 0.021213
9957 0.023010
9958 0.029233
9959 0.037252
9960 0.044054
9961 0.046048
9962 0.048594
9963 0.065004
10228 0.065555
10251 0.065796
10753 0.066307
10772 0.066143
10820 0.065088
10821 0.065770
10822 0.066211
10823 0.066889
11107 0.067569
11131 0.066221
11212 0.067229
11213 0.067235
11249 0.068502
11318 0.069250
11332 0.069296
11437 0.069542
11452 0.069144
11496 0.067354
11508 0.067838
11520 0.063158
11521 0.056177
11522 0.050970
11523 0.051178
11525 0.051352
11526 0.034361
11531 0.038435
11532 0.038689
11533 0.041836
11537 0.044823
11538 0.043741
11539 0.043452
11541 0.043116
11542 0.044424
11543 0.043861
11544 0.044578
11545 0.044423
11547 0.045580
11548 0.042428
11549 0.042021
11550 0.043446
11551 0.044320
11555 0.046304
11556 0.045839
11557 0.042711
11558 0.040530
11559 0.039416
11560 0.037551
11561 0.036284
11716 0.035432
11719 0.035924
11720 0.031510
11742 0.031981
11885 0.028270
11962 0.024335
11972 0.024265
12138 0.023959
12232 0.023615
12319 0.022770
12559 0.023225
12790 0.022636
12954 0.022987
13020 0.022421
13272 0.027051
13440 0.027910
13470 0.027120
13529 0.026227
13609 0.025520
13777 0.025709
13854 0.025530
13914 0.026306
13939 0.028029
13947 0.028130
13948 0.028143
13950 0.027378
13952 0.026811
13953 0.027377
13954 0.026502
13971 0.027069
13972 0.028442
13973 0.029804
13974 0.030116
13975 0.031800
13976 0.034082
13978 0.037553
13979 0.041533
13980 0.043580
13981 0.046806
13982 0.044026
14057 0.041781
14059 0.041062
14060 0.040609
14062 0.039680
14138 0.039450
14139 0.039014
14140 0.038665
14141 0.037116
14142 0.037539
14143 0.038539
14145 0.040084
14146 0.041308
14147 0.041169
14152 0.041304
14153 0.040683
14154 0.039366
14156 0.037915
14157 0.038647
14158 0.037727
14159 0.036813
14173 0.034522
14174 0.031477
14175 0.032213
14176 0.030232
14177 0.028497
14178 0.032634
14179 0.033263
14198 0.034401
14199 0.036780
14200 0.038870
14201 0.039280
14228 0.039095
14229 0.039319
14230 0.039969
14255 0.038552
14256 0.036844
14257 0.036284
14258 0.035743
14259 0.034997
14260 0.036097
14261 0.036938
14311 0.037510
14312 0.037515
14313 0.038302
14324 0.035732
14325 0.033939
14326 0.032755
14327 0.032570
14387 0.032718
14388 0.034417
14389 0.030993
14390 0.030571
14391 0.030089
14399 0.027286
14401 0.025410
14402 0.026343
14404 0.028754
14405 0.030191
14406 0.029356
14407 0.029822
14571 0.028522
14611 0.027940
14656 0.028919
14669 0.028542
14712 0.028168
15839 0.027183
15845 0.026784
15963 0.025764
16005 0.024179
16048 0.025270
16069 0.025606
16093 0.025901
16781 0.022923
16952 0.021948
17116 0.020791
17154 0.021382
17155 0.025745
17277 0.025308
17360 0.025727
17475 0.025911
17476 0.027124
17477 0.025144
17478 0.026038
17479 0.025938
17480 0.025557
17482 0.026671
17483 0.027046
17484 0.025885
17485 0.026286
17491 0.027155
17493 0.028160
17494 0.027898
17495 0.030391
17499 0.030820
17501 0.030952
17502 0.031943
17503 0.031539
17505 0.032949
17510 0.031517
17511 0.030923
17513 0.031715
17514 0.026648
17515 0.026971
17516 0.027240
17517 0.026984
17518 0.024758
17520 0.025382
17532 0.022166
17533 0.023313
17534 0.023781
17548 0.022561
17549 0.022302
17551 0.023215
17582 0.023517
17659 0.022163
17661 0.021710
17662 0.022349
17664 0.022283
17676 0.021704
17680 0.022647
17683 0.021676
17684 0.023644
17686 0.025026
17688 0.028435
17689 0.030719
17690 0.030195
17691 0.030095
18022 0.029467
18023 0.030583
18024 0.030369
18025 0.035453
18026 0.040012
18029 0.040116
18030 0.038732
18031 0.038714
18032 0.040250
18033 0.041212
18034 0.040371
18035 0.039711
18036 0.039984
18038 0.045709
18039 0.045750
18040 0.043721
18041 0.050739
18050 0.049291
18052 0.049254
18053 0.047499
18054 0.045304
18098 0.043524
18100 0.044695
18142 0.045864
18214 0.048224
18215 0.049566
18216 0.048943
18220 0.049709
18225 0.044820
18230 0.039716
18266 0.039964
18354 0.041473
18361 0.042723
18414 0.041464
18415 0.040854
18416 0.041421
18419 0.042280
18420 0.042272
18421 0.038191
18423 0.039054
18425 0.038718
18426 0.035339
18468 0.035838
18469 0.035535
18472 0.036572
18473 0.036838
18474 0.037428
18475 0.035424
18480 0.032355
18481 0.030368
18482 0.031219
18483 0.031082
18484 0.031734
18485 0.031389
18486 0.030848
18487 0.031652
18489 0.032295
18490 0.030194
18546 0.029909
18547 0.030895
18548 0.031384
18549 0.032450
18550 0.033351
18551 0.031342
18552 0.031494
18555 0.031585
18556 0.030175
18559 0.031722
18584 0.033765
18585 0.032617
18586 0.031349
18587 0.030757
18588 0.029616
18590 0.030372
18591 0.033566
18592 0.032585
18642 0.032190
18647 0.031109
18648 0.031549
18652 0.034061
18653 0.033143
18689 0.033542
18775 0.033663
18918 0.034644
19118 0.033242
19180 0.033644
19181 0.035166
19182 0.034346
19184 0.034166
19235 0.032668
19418 0.032479
19420 0.032110
19421 0.029767
19422 0.029270
19432 0.032564
19433 0.034528
19434 0.034516
19435 0.036550
19436 0.036014
19437 0.035979
19438 0.038442
19439 0.038694
19440 0.041496
19441 0.042084
19583 0.043380
19602 0.043147
19603 0.040687
19604 0.042310
19610 0.043853
19620 0.047191
19629 0.048777
20014 0.047333
20022 0.048201
20111 0.050241
20184 0.050374
20209 0.053544
20222 0.053571
20233 0.054415
20324 0.053180
20410 0.050264
20440 0.049402
20449 0.047997
20689 0.046005
20706 0.045887
20880 0.043508
20915 0.039913
20919 0.039747
20920 0.039373
20921 0.039392
20924 0.035393
20925 0.038317
20929 0.038209
20930 0.036685
20932 0.034430
20933 0.031454
20934 0.029272
20935 0.028381
20940 0.027405
20941 0.026677
20942 0.027793
20943 0.026108
20946 0.025094
20949 0.025740
20950 0.027674
20953 0.027939
20954 0.027632
20955 0.030121
20956 0.031178
20969 0.031114
20970 0.030041
20971 0.030661
20975 0.029892
20976 0.030600
20978 0.029714
20980 0.031046
20981 0.030701
20983 0.034183
20984 0.034933
20987 0.035350
20988 0.038130
20989 0.037485
21015 0.037545
21016 0.037903
21034 0.036543
21035 0.035337
21042 0.033535
21043 0.032539
21044 0.031148
21045 0.029735
21046 0.031722
21047 0.031810
21048 0.030703
21083 0.029714
21084 0.030894
21085 0.030966
21089 0.031495
21090 0.031632
21777 0.029116
21973 0.029914
21984 0.029703
22004 0.028895
22101 0.029113
22122 0.028270
22144 0.029342
22216 0.026092
22296 0.025946
22412 0.025357
22446 0.025007
22459 0.026575
22628 0.027311
22647 0.030863
22659 0.035913
22692 0.036324
22693 0.039083
22694 0.037993
22704 0.038472
22705 0.042379
22706 0.043090
22707 0.042403
22711 0.041970
22712 0.040939
22738 0.040952
22739 0.040310
22740 0.040672
22741 0.039681
22742 0.038544
22757 0.034948
22758 0.035026
22759 0.035638
22760 0.035897
22761 0.037639
22762 0.039480
22764 0.040036
22765 0.038825
22768 0.038224
22770 0.035669
22772 0.030673
22774 0.029503
22783 0.026841
22784 0.026713
22787 0.027039
22820 0.027783
22893 0.031102
22910 0.030691
22956 0.032232
22973 0.037802
22974 0.040403
23068 0.041171
23081 0.040968
23341 0.041501
23344 0.042929
23351 0.044007
23355 0.044005
23389 0.046679
23402 0.047125
