1151 0.104822
1156 0.103393
1162 0.100083
1171 0.096628
1183 0.094515
1201 0.090887
1204 0.088565
1207 0.083959
1210 0.085062
1223 0.084184
1250 0.080364
1257 0.081707
1264 0.081603
1274 0.081686
1283 0.082890
1295 0.084574
1306 0.085876
1321 0.087008
1352 0.087848
1371 0.087850
1392 0.089969
1432 0.089008
2127 0.089317
2147 0.089102
2157 0.089753
2235 0.089126
2616 0.088011
3088 0.088673
3197 0.089176
3291 0.087684
3351 0.086483
3362 0.095113
3440 0.095629
3726 0.094900
3882 0.093737
3898 0.096098
3909 0.095864
3929 0.097808
3945 0.095473
3949 0.093449
3954 0.093512
3966 0.092384
3975 0.092236
3985 0.089552
3996 0.088501
4002 0.088402
4016 0.088354
4019 0.088480
4023 0.084959
4030 0.079231
4055 0.079636
4064 0.077816
4070 0.077564
4074 0.078906
4077 0.080071
4089 0.081989
4093 0.076913
4095 0.077039
4097 0.076135
4101 0.075526
4109 0.073538
4117 0.073021
4120 0.072332
4128 0.072526
4133 0.073630
4146 0.071074
4149 0.070887
4154 0.069347
4162 0.069606
4170 0.070964
4172 0.070699
4179 0.068500
4186 0.069536
4190 0.068218
4194 0.069668
4199 0.070193
4228 0.073973
4232 0.075004
4254 0.073723
4259 0.073830
4269 0.073157
4275 0.069875
4324 0.071276
4350 0.070451
4526 0.072944
4694 0.074446
4876 0.073939
4899 0.072016
4906 0.074081
4912 0.074267
4917 0.077323
4925 0.078361
5067 0.078141
5219 0.078098
5225 0.075258
5273 0.073252
5288 0.075030
5299 0.076942
5303 0.077270
5336 0.075905
5366 0.074318
5377 0.075219
5383 0.076955
5441 0.077687
5526 0.077796
5693 0.080009
5872 0.080105
5888 0.079602
5930 0.082467
5932 0.081298
6201 0.081987
6346 0.082083
6465 0.084464
6472 0.082209
6478 0.084803
6484 0.082469
6504 0.081602
6929 0.085443
7047 0.087073
7077 0.089605
7091 0.089005
7101 0.089495
7121 0.087255
7125 0.088302
7142 0.088686
7146 0.089722
7152 0.085684
7158 0.082560
7181 0.080820
7186 0.079230
7191 0.078044
7196 0.079198
7212 0.077696
7220 0.075504
7222 0.074814
7227 0.073171
7233 0.078184
7241 0.076686
7249 0.078029
7270 0.075643
7290 0.075554
7338 0.076091
7344 0.073360
7357 0.073148
7394 0.073036
7543 0.075156
7622 0.072155
7700 0.074630
7767 0.075812
7823 0.078585
7855 0.079126
8242 0.080843
8261 0.080061
8838 0.083445
9227 0.082547
9364 0.083432
9379 0.082592
9400 0.086534
9407 0.087481
9409 0.086895
9418 0.088989
9424 0.087442
9437 0.087836
9529 0.090220
9647 0.091467
9768 0.092926
9938 0.091754
9965 0.095966
9980 0.096725
10021 0.097023
10045 0.096619
10059 0.098853
10070 0.096698
10094 0.098017
10099 0.097173
10104 0.096272
10116 0.095920
10154 0.099161
10411 0.097256
10425 0.098395
10434 0.100147
10441 0.099400
10447 0.098426
10465 0.096858
10468 0.097309
10475 0.097007
10487 0.093215
10498 0.093799
10501 0.094230
10525 0.094017
10527 0.092909
10535 0.093714
10550 0.091872
10558 0.090214
10608 0.088760
10613 0.088804
10618 0.087021
10631 0.085373
10637 0.082520
10647 0.082779
10654 0.084481
10659 0.084008
10666 0.081698
10684 0.081310
10698 0.080764
10707 0.077248
10731 0.082396
10744 0.081573
10746 0.082297
10764 0.081740
10808 0.082749
10819 0.082939
10827 0.084199
10843 0.086744
11166 0.084032
11259 0.085110
11529 0.083940
12178 0.080409
12195 0.081592
12214 0.080255
12624 0.080703
12725 0.082008
12778 0.083887
12783 0.084219
12797 0.084193
12814 0.081462
12831 0.080043
12842 0.082165
12850 0.082701
12858 0.083018
12866 0.084042
12876 0.080393
12894 0.080088
12900 0.081456
12905 0.081016
12916 0.077814
12946 0.079180
12952 0.078473
12978 0.072706
12987 0.073657
12996 0.072322
13010 0.072657
13034 0.073846
13055 0.072264
13067 0.073761
13072 0.075733
13081 0.075472
13087 0.074548
13113 0.076637
13132 0.078439
13144 0.082453
13146 0.083043
13161 0.082348
13178 0.081997
13188 0.082683
13194 0.081410
13201 0.081452
13208 0.081080
13235 0.080198
13245 0.084436
13814 0.084776
13946 0.084121
13956 0.083601
13960 0.082706
13962 0.082113
13967 0.081988
13969 0.082944
13993 0.083890
14006 0.084845
14016 0.087296
14018 0.085372
14021 0.089296
14027 0.089531
14045 0.087162
14070 0.083367
14076 0.080187
14095 0.079141
14102 0.077267
14113 0.078454
14118 0.078382
14131 0.078518
14134 0.077121
14137 0.076918
14166 0.077561
14188 0.073747
14222 0.072758
14236 0.072155
14254 0.072858
14263 0.074583
14265 0.075010
14270 0.074799
14304 0.075204
14309 0.074635
14323 0.075046
14361 0.072848
14364 0.074145
14369 0.071547
14384 0.071408
14386 0.071154
14395 0.071730
14398 0.072255
14414 0.072523
14420 0.073187
14424 0.071681
14427 0.071045
14433 0.072294
14437 0.074348
14444 0.074266
14450 0.074619
14454 0.075793
14467 0.076976
14482 0.078408
14484 0.079193
14496 0.078995
14520 0.081847
14635 0.083879
14650 0.086301
14654 0.085741
14775 0.085229
15153 0.084858
15220 0.083072
15237 0.083331
15375 0.082306
15394 0.082676
15402 0.084336
15420 0.084355
15494 0.085148
15533 0.084852
15542 0.087156
15590 0.088909
15618 0.089058
15621 0.088872
15624 0.092563
15633 0.092022
15645 0.091313
15649 0.093000
15670 0.092966
15678 0.091205
15685 0.091442
15695 0.087785
15702 0.087653
15704 0.085115
15710 0.086806
15714 0.087494
15721 0.085743
15729 0.084722
15734 0.084058
15752 0.085072
15763 0.087249
15765 0.085307
15774 0.083973
15782 0.085373
15785 0.089520
15794 0.090767
15796 0.091227
15806 0.089987
15823 0.089011
15834 0.084810
15838 0.082321
15850 0.084556
15857 0.083072
15870 0.083225
15881 0.082187
15886 0.079902
15897 0.080619
15902 0.079831
15909 0.083468
15912 0.084451
15925 0.083929
15927 0.086247
15938 0.089379
15947 0.088472
15951 0.086921
15970 0.088779
15993 0.088188
15997 0.088840
16001 0.088423
16012 0.084926
16019 0.083247
16031 0.080986
16038 0.080609
16051 0.081710
16054 0.080724
16062 0.083472
16068 0.082592
16076 0.082982
16104 0.084008
16119 0.086155
16173 0.088661
16181 0.089070
16210 0.088734
16213 0.087335
16215 0.085965
16217 0.085183
16222 0.088948
16237 0.088159
16485 0.087622
16832 0.088924
16976 0.088006
17059 0.088194
17124 0.087592
17134 0.084936
17139 0.085816
17141 0.086114
17151 0.087856
17164 0.089183
17167 0.090346
17172 0.092076
17185 0.089937
17189 0.091311
17222 0.091189
17236 0.089083
17273 0.087984
17276 0.085828
17300 0.086120
17323 0.085202
17358 0.081538
17364 0.080371
17368 0.081062
17378 0.078357
17403 0.078628
17427 0.080245
17440 0.080262
17442 0.078533
17454 0.079129
17460 0.081843
17541 0.086226
17545 0.085477
17547 0.083829
17564 0.083375
17568 0.084215
17581 0.082521
17599 0.083185
17642 0.082584
17700 0.082533
17748 0.083622
17915 0.083357
18104 0.082621
18121 0.084024
18429 0.085236
18640 0.085328
18655 0.087620
18662 0.086674
18666 0.085726
18678 0.086306
18683 0.086372
18687 0.087061
18713 0.089834
18757 0.087529
18785 0.088511
18812 0.085868
18815 0.085362
18831 0.084725
18857 0.084485
18871 0.085193
18877 0.088433
18884 0.087199
18895 0.086404
18903 0.089463
18958 0.088374
19006 0.085969
19054 0.088824
19090 0.090909
19128 0.091368
19143 0.092125
19154 0.092075
19161 0.090599
19173 0.091228
19179 0.095349
19186 0.093979
19189 0.092243
19192 0.090466
19198 0.087079
19204 0.088211
19208 0.088046
19212 0.088410
19216 0.085897
19222 0.086465
19225 0.085292
19229 0.084053
19232 0.079316
19242 0.078063
19248 0.077947
19251 0.077092
19256 0.076505
19259 0.077283
19266 0.075526
19276 0.074935
19278 0.074476
19281 0.074422
19289 0.073736
19296 0.072622
19327 0.073939
19332 0.076190
19350 0.074900
19777 0.074277
19869 0.074006
20045 0.075251
20173 0.077196
20226 0.077409
20418 0.076740
20475 0.078187
20671 0.077963
20754 0.079317
20856 0.079469
20894 0.081100
20898 0.082485
20901 0.082308
20923 0.082359
20927 0.081471
20938 0.085257
20948 0.085504
20952 0.083628
20959 0.082556
20986 0.080322
20991 0.081123
20995 0.084432
21002 0.083012
21014 0.077469
21028 0.078280
21032 0.077991
21037 0.078054
21050 0.076415
21055 0.073613
21067 0.074079
21071 0.075887
21138 0.074578
21148 0.074680
21185 0.075821
21196 0.075468
21214 0.073118
21217 0.072893
21243 0.074596
21245 0.074575
21249 0.076251
21259 0.073628
21272 0.075403
21406 0.075911
21516 0.078404
21855 0.078161
22117 0.077639
22129 0.074392
22140 0.076658
22158 0.079680
22163 0.080308
22171 0.081341
22179 0.082602
22187 0.082370
22191 0.083871
22199 0.081479
22207 0.081234
22210 0.079729
22218 0.078744
22224 0.076864
22242 0.081238
22247 0.084042
22249 0.083645
22252 0.081532
22262 0.084499
22264 0.084948
22277 0.083896
22280 0.082199
22284 0.082820
22289 0.080837
22294 0.080644
22300 0.082426
22306 0.082961
22312 0.081921
22322 0.079594
22327 0.078236
22330 0.079219
22337 0.078566
22347 0.080130
22350 0.079379
22382 0.081058
22385 0.081238
22387 0.083282
22393 0.087049
22402 0.087162
22405 0.084261
22417 0.082620
22445 0.083944
22454 0.083791
22462 0.080577
22470 0.080201
22476 0.079313
22482 0.081007
22484 0.080954
22488 0.082012
22496 0.082145
22503 0.084825
22531 0.085383
22577 0.088207
22657 0.089416
22684 0.090153
22688 0.090717
22749 0.091269
22861 0.094113
23536 0.095270
23576 0.094372
23599 0.093280
23648 0.093432
23866 0.092244
23901 0.093466
23960 0.094117
23978 0.093294
23986 0.092511
23994 0.092847
24002 0.091832
24005 0.088934
24013 0.090774
24021 0.091916
24030 0.093607
24045 0.093692
24066 0.094948
24081 0.089970
24085 0.090059
24100 0.088270
24107 0.086828
24116 0.088271
24123 0.087519
24134 0.087783
24144 0.085532
24152 0.084605
24161 0.086150
24190 0.085635
24210 0.084783
24215 0.084576
24219 0.084381
24223 0.082069
24226 0.081349
24231 0.081930
24246 0.083878
24260 0.084596
24274 0.085832
24292 0.084769
24299 0.086790
24303 0.086964
24328 0.084679
24340 0.084206
24347 0.084802
24368 0.085767
24373 0.084248
24380 0.084017
24394 0.081137
24465 0.082055
24490 0.081032
24513 0.080242
24530 0.084068
24557 0.084519
24568 0.086381
24574 0.085694
24584 0.085529
24598 0.085758
24607 0.086404
24614 0.087144
24628 0.086897
24637 0.084928
24647 0.084197
24682 0.085220
24731 0.086466
24769 0.080017
24776 0.077288
24803 0.078224
24823 0.080660
24833 0.082917
24864 0.081103
24875 0.080833
24909 0.082889
24916 0.083207
24921 0.079976
24927 0.081793
24936 0.081609
24940 0.076593
24947 0.075263
24961 0.075434
24972 0.076397
24995 0.075825
24997 0.075102
