1151 0.111755
1156 0.122969
1162 0.132291
1171 0.132323
1183 0.126787
1201 0.124504
1204 0.119423
1207 0.122827
1210 0.132746
1223 0.131590
1250 0.133099
1257 0.133355
1264 0.133289
1274 0.125343
1283 0.127595
1295 0.123244
1306 0.122904
1321 0.122993
1352 0.127067
1371 0.133719
1392 0.127675
1432 0.126046
2127 0.124678
2147 0.122016
2157 0.128408
2235 0.128451
2616 0.113942
3088 0.104958
3197 0.101979
3291 0.101509
3351 0.098658
3362 0.100049
3440 0.098397
3726 0.087840
3882 0.087131
3898 0.096634
3909 0.103735
3929 0.102590
3945 0.100930
3949 0.094896
3954 0.095035
3966 0.098398
3975 0.095908
3985 0.097084
3996 0.092997
4002 0.100371
4016 0.104246
4019 0.104664
4023 0.105267
4030 0.095208
4055 0.090170
4064 0.088868
4070 0.086311
4074 0.085390
4077 0.090740
4089 0.087603
4093 0.091434
4095 0.087712
4097 0.091062
4101 0.096019
4109 0.084759
4117 0.077980
4120 0.076016
4128 0.080892
4133 0.082641
4146 0.082865
4149 0.080557
4154 0.078943
4162 0.073332
4170 0.072548
4172 0.069519
4179 0.070844
4186 0.069387
4190 0.069990
4194 0.071281
4199 0.073037
4228 0.073766
4232 0.074367
4254 0.077226
4259 0.071938
4269 0.071109
4275 0.066730
4324 0.062728
4350 0.057879
4526 0.053947
4694 0.053893
4876 0.055928
4899 0.060762
4906 0.053802
4912 0.051615
4917 0.054357
4925 0.055080
5067 0.058473
5219 0.061055
5225 0.062601
5273 0.057499
5288 0.063079
5299 0.062216
5303 0.062085
5336 0.060156
5366 0.066738
5377 0.076654
5383 0.074446
5441 0.082229
5526 0.083254
5693 0.084934
5872 0.084466
5888 0.086066
5930 0.086823
5932 0.087588
6201 0.087072
6346 0.087494
6465 0.084143
6472 0.090656
6478 0.091581
6484 0.089160
6504 0.088199
6929 0.086782
7047 0.085884
7077 0.084078
7091 0.088236
7101 0.081774
7121 0.084672
7125 0.085779
7142 0.090094
7146 0.080854
7152 0.069419
7158 0.070238
7181 0.059824
7186 0.057952
7191 0.058261
7196 0.057936
7212 0.059533
7220 0.058345
7222 0.061005
7227 0.062011
7233 0.058607
7241 0.057666
7249 0.056233
7270 0.055768
7290 0.056735
7338 0.059598
7344 0.059338
7357 0.061843
7394 0.062866
7543 0.059264
7622 0.060559
7700 0.061333
7767 0.059280
7823 0.068174
7855 0.072213
8242 0.077163
8261 0.081952
8838 0.081604
9227 0.081173
9364 0.082560
9379 0.082160
9400 0.081665
9407 0.086021
9409 0.083654
9418 0.084129
9424 0.085469
9437 0.086109
9529 0.087439
9647 0.088760
9768 0.090391
9938 0.089722
9965 0.091232
9980 0.089835
10021 0.088545
10045 0.088157
10059 0.084966
10070 0.087189
10094 0.089569
10099 0.077494
10104 0.075648
10116 0.070943
10154 0.066352
10411 0.069135
10425 0.071428
10434 0.068306
10441 0.075678
10447 0.076037
10465 0.072322
10468 0.072057
10475 0.072485
10487 0.075096
10498 0.076591
10501 0.074362
10525 0.073546
10527 0.072527
10535 0.072781
10550 0.071845
10558 0.074281
10608 0.075137
10613 0.076360
10618 0.075412
10631 0.075203
10637 0.074477
10647 0.085716
10654 0.094453
10659 0.102053
10666 0.101721
10684 0.098733
10698 0.098767
10707 0.102803
10731 0.105196
10744 0.108789
10746 0.111819
10764 0.111754
10808 0.110722
10819 0.113752
10827 0.110124
10843 0.112783
11166 0.116536
11259 0.115562
11529 0.112590
12178 0.111075
12195 0.107245
12214 0.106840
12624 0.107397
12725 0.107418
12778 0.103850
12783 0.104952
12797 0.092763
12814 0.081651
12831 0.078195
12842 0.080316
12850 0.085897
12858 0.088660
12866 0.085714
12876 0.080856
12894 0.076688
12900 0.072992
12905 0.075476
12916 0.077201
12946 0.071002
12952 0.070875
12978 0.067265
12987 0.062824
12996 0.062966
13010 0.063251
13034 0.062352
13055 0.064581
13067 0.062224
13072 0.061692
13081 0.060266
13087 0.058499
13113 0.056980
13132 0.060212
13144 0.066584
13146 0.064736
13161 0.062479
13178 0.058027
13188 0.052993
13194 0.052375
13201 0.047321
13208 0.046835
13235 0.046272
13245 0.041918
13814 0.039289
13946 0.046639
13956 0.053404
13960 0.057172
13962 0.059645
13967 0.064371
13969 0.066000
13993 0.075225
14006 0.075963
14016 0.080003
14018 0.080095
14021 0.082356
14027 0.084567
14045 0.095867
14070 0.092316
14076 0.085744
14095 0.086713
14102 0.091340
14113 0.090173
14118 0.092040
14131 0.106341
14134 0.107498
14137 0.106650
14166 0.110068
14188 0.110502
14222 0.114568
14236 0.109115
14254 0.109234
14263 0.107534
14265 0.107983
14270 0.103297
14304 0.106401
14309 0.101708
14323 0.101916
14361 0.100372
14364 0.100415
14369 0.100037
14384 0.111455
14386 0.104846
14395 0.105305
14398 0.109059
14414 0.109850
14420 0.107264
14424 0.107978
14427 0.112583
14433 0.099704
14437 0.098409
14444 0.097947
14450 0.095240
14454 0.095419
14467 0.093776
14482 0.100218
14484 0.096017
14496 0.096239
14520 0.096147
14635 0.098704
14650 0.093676
14654 0.091391
14775 0.094400
15153 0.100113
15220 0.102565
15237 0.105922
15375 0.093583
15394 0.092106
15402 0.094415
15420 0.094077
15494 0.090193
15533 0.088295
15542 0.089344
15590 0.085680
15618 0.086926
15621 0.087416
15624 0.089193
15633 0.092162
15645 0.095310
15649 0.093076
15670 0.084662
15678 0.084627
15685 0.084823
15695 0.082757
15702 0.079637
15704 0.082663
15710 0.080279
15714 0.074265
15721 0.068078
15729 0.065414
15734 0.064908
15752 0.063271
15763 0.059047
15765 0.060043
15774 0.056217
15782 0.056731
15785 0.056130
15794 0.056823
15796 0.053959
15806 0.051128
15823 0.054294
15834 0.054401
15838 0.051326
15850 0.047905
15857 0.047781
15870 0.048463
15881 0.046154
15886 0.043361
15897 0.042665
15902 0.043473
15909 0.040493
15912 0.040939
15925 0.048176
15927 0.047364
15938 0.047421
15947 0.045129
15951 0.048415
15970 0.048429
15993 0.047011
15997 0.046678
16001 0.046357
16012 0.052586
16019 0.055522
16031 0.056009
16038 0.058738
16051 0.056569
16054 0.055918
16062 0.056704
16068 0.062705
16076 0.063594
16104 0.061235
16119 0.066616
16173 0.063663
16181 0.066274
16210 0.067766
16213 0.068324
16215 0.068474
16217 0.060033
16222 0.059297
16237 0.061518
16485 0.059066
16832 0.055588
16976 0.057202
17059 0.058336
17124 0.063820
17134 0.067717
17139 0.062984
17141 0.061000
17151 0.060853
17164 0.057955
17167 0.067330
17172 0.067888
17185 0.070998
17189 0.070309
17222 0.078759
17236 0.082594
17273 0.078670
17276 0.078737
17300 0.078035
17323 0.075465
17358 0.076099
17364 0.077285
17368 0.077881
17378 0.080299
17403 0.082309
17427 0.081982
17440 0.087647
17442 0.088106
17454 0.086759
17460 0.087194
17541 0.087707
17545 0.091226
17547 0.090660
17564 0.093463
17568 0.098392
17581 0.089498
17599 0.088271
17642 0.086036
17700 0.081221
17748 0.076672
17915 0.082765
18104 0.080495
18121 0.093678
18429 0.094155
18640 0.099055
18655 0.099800
18662 0.101763
18666 0.105084
18678 0.108076
18683 0.110082
18687 0.114749
18713 0.113836
18757 0.117512
18785 0.123222
18812 0.118301
18815 0.127690
18831 0.124543
18857 0.123779
18871 0.122336
18877 0.118633
18884 0.117978
18895 0.118824
18903 0.118860
18958 0.119007
19006 0.114093
19054 0.105628
19090 0.106523
19128 0.095557
19143 0.098576
19154 0.095382
19161 0.097028
19173 0.093591
19179 0.092889
19186 0.094838
19189 0.095425
19192 0.094059
19198 0.090730
19204 0.089275
19208 0.082608
19212 0.082465
19216 0.072890
19222 0.071725
19225 0.069093
19229 0.074178
19232 0.077098
19242 0.078034
19248 0.077108
19251 0.076463
19256 0.079190
19259 0.079638
19266 0.078369
19276 0.084128
19278 0.085307
19281 0.079968
19289 0.077600
19296 0.074386
19327 0.078211
19332 0.074652
19350 0.066814
19777 0.062472
19869 0.060463
20045 0.065323
20173 0.065501
20226 0.074226
20418 0.074561
20475 0.074658
20671 0.075210
20754 0.082835
20856 0.079039
20894 0.077672
20898 0.085869
20901 0.095691
20923 0.095727
20927 0.094231
20938 0.095588
20948 0.100703
20952 0.098203
20959 0.098918
20986 0.102934
20991 0.103548
20995 0.107014
21002 0.103153
21014 0.106810
21028 0.109838
21032 0.114555
21037 0.114832
21050 0.111012
21055 0.110637
21067 0.100953
21071 0.110019
21138 0.105056
21148 0.107247
21185 0.105504
21196 0.102801
21214 0.104253
21217 0.102389
21243 0.093071
21245 0.092587
21249 0.093321
21259 0.093691
21272 0.089436
21406 0.087463
21516 0.090097
21855 0.091157
22117 0.099799
22129 0.098722
22140 0.102281
22158 0.098735
22163 0.099414
22171 0.094198
22179 0.093610
22187 0.095164
22191 0.091507
22199 0.092992
22207 0.083821
22210 0.090243
22218 0.086839
22224 0.082232
22242 0.083858
22247 0.094529
22249 0.086665
22252 0.090673
22262 0.098390
22264 0.100391
22277 0.103226
22280 0.103024
22284 0.102419
22289 0.099214
22294 0.098109
22300 0.095990
22306 0.094268
22312 0.093635
22322 0.095988
22327 0.095531
22330 0.092542
22337 0.091669
22347 0.091150
22350 0.095942
22382 0.098988
22385 0.099279
22387 0.093920
22393 0.096084
22402 0.095126
22405 0.093533
22417 0.078408
22445 0.077798
22454 0.076692
22462 0.068690
22470 0.064520
22476 0.063588
22482 0.066918
22484 0.076557
22488 0.074900
22496 0.076289
22503 0.072736
22531 0.072346
22577 0.069083
22657 0.066421
22684 0.064064
22688 0.071686
22749 0.072109
22861 0.069812
23536 0.064844
23576 0.062096
23599 0.068003
23648 0.072611
23866 0.070052
23901 0.072401
23960 0.074073
23978 0.075424
23986 0.077999
23994 0.074954
24002 0.076107
24005 0.076172
24013 0.074147
24021 0.071059
24030 0.060396
24045 0.058778
24066 0.053237
24081 0.051260
24085 0.054737
24100 0.057154
24107 0.061500
24116 0.061268
24123 0.055132
24134 0.057198
24144 0.056824
24152 0.055753
24161 0.055919
24190 0.050316
24210 0.045004
24215 0.045728
24219 0.043139
24223 0.041724
24226 0.040416
24231 0.037655
24246 0.036519
24260 0.035790
24274 0.034460
24292 0.032575
24299 0.034849
24303 0.034262
24328 0.035307
24340 0.035926
24347 0.034226
24368 0.031476
24373 0.029422
24380 0.025572
24394 0.024936
24465 0.022974
24490 0.023560
24513 0.023735
24530 0.024300
24557 0.024747
24568 0.024606
24574 0.024945
24584 0.027682
24598 0.027352
24607 0.029191
24614 0.031166
24628 0.032232
24637 0.031460
24647 0.030550
24682 0.030655
24731 0.031208
24769 0.028141
24776 0.030739
24803 0.029981
24823 0.031272
24833 0.032949
24864 0.032940
24875 0.038207
24909 0.039998
24916 0.040444
24921 0.042201
24927 0.040236
24936 0.039664
24940 0.039391
24947 0.037297
24961 0.038955
24972 0.038366
24995 0.036622
24997 0.038286
