522 0.092916
523 0.087349
524 0.085372
725 0.084585
827 0.084686
1012 0.083626
1017 0.086852
1061 0.089991
1262 0.095294
1284 0.096251
1329 0.098299
1399 0.100305
1400 0.098746
1438 0.096228
1439 0.093212
1440 0.091635
1442 0.091531
1449 0.096232
1452 0.096533
1453 0.096662
1454 0.090810
1457 0.089954
1459 0.090413
1460 0.087681
1461 0.090029
1462 0.094347
1463 0.096426
1488 0.094393
1489 0.091326
1490 0.088544
1513 0.087267
1594 0.082184
1595 0.076988
1616 0.072283
1629 0.070026
1630 0.067638
1631 0.065142
1648 0.070489
1649 0.072366
1650 0.074503
1651 0.075245
1652 0.073767
1653 0.069423
1657 0.071387
1658 0.072526
1666 0.073857
1667 0.072360
1668 0.068915
1671 0.065974
1672 0.061483
1673 0.058169
1679 0.058975
1699 0.062996
1713 0.065770
1798 0.070222
1799 0.071606
1807 0.073679
1808 0.074180
1813 0.076106
1823 0.075749
1824 0.076673
1826 0.079856
1827 0.074199
1830 0.076832
1914 0.078251
1984 0.078606
2029 0.083173
2051 0.083388
2072 0.081573
2094 0.085194
2109 0.083807
2110 0.083607
2117 0.086760
2119 0.087722
2120 0.089406
2121 0.091367
2122 0.091319
2123 0.091505
2150 0.091362
2169 0.088287
2177 0.086677
2178 0.083687
2179 0.084197
2182 0.082478
2184 0.083026
2185 0.082171
2188 0.082410
2189 0.084186
2191 0.079226
2192 0.078943
2193 0.081544
2238 0.076133
2239 0.075611
2240 0.075352
2243 0.071176
2244 0.071039
2298 0.074443
2299 0.073023
2300 0.072501
2315 0.069574
2316 0.066029
2317 0.063418
2318 0.061291
2319 0.061496
2320 0.062007
2339 0.062514
2340 0.062707
2345 0.061057
2347 0.060121
2349 0.059479
2350 0.060329
2353 0.057362
2354 0.053863
2423 0.052051
2424 0.048722
2506 0.045913
2508 0.047834
2509 0.047640
2510 0.047233
2674 0.051909
2675 0.055844
2676 0.056120
2677 0.056732
2678 0.055944
2728 0.057373
2737 0.059077
2786 0.059455
2787 0.057952
2789 0.057270
2911 0.057005
2991 0.057126
2992 0.057385
2993 0.058003
2995 0.057424
2996 0.057163
2997 0.057076
2998 0.056890
3020 0.060429
3023 0.060010
3024 0.059370
3025 0.058083
3031 0.059048
3032 0.059207
3041 0.062590
3050 0.060808
3052 0.057856
3053 0.054098
3054 0.050637
3055 0.048727
3056 0.047365
3057 0.046186
3075 0.046671
3076 0.046832
3078 0.046385
3100 0.044365
3101 0.043456
3102 0.043965
3103 0.044909
3104 0.045549
3105 0.045187
3127 0.047609
3128 0.048947
3147 0.047509
3149 0.049500
3152 0.054447
3171 0.056213
3172 0.053324
3174 0.052737
3175 0.049832
3177 0.047203
3180 0.046734
3253 0.050367
3444 0.054026
3445 0.055500
3447 0.057243
3448 0.058880
3449 0.059469
3450 0.061372
3452 0.064174
3533 0.069458
3728 0.069925
3729 0.069111
3730 0.068779
3731 0.068371
3732 0.068341
3832 0.069947
3833 0.071682
3834 0.071856
3839 0.070723
3841 0.068445
3843 0.068801
3870 0.070503
3927 0.074470
3947 0.074901
4035 0.076884
4062 0.078024
4123 0.077240
4125 0.076495
4126 0.075775
4129 0.075407
4131 0.073481
4155 0.073077
4156 0.070315
4157 0.065763
4160 0.062477
4163 0.065061
4164 0.065312
4166 0.064659
4167 0.063762
4168 0.063196
4180 0.059124
4181 0.055744
4182 0.053086
4183 0.052742
4184 0.052299
4205 0.054292
4213 0.056127
4214 0.054197
4217 0.055821
4218 0.054563
4221 0.054680
4222 0.053797
4236 0.053134
4237 0.052652
4242 0.052814
4245 0.054238
4246 0.053357
4429 0.053854
4592 0.058816
4607 0.061976
5024 0.061318
5104 0.063444
5502 0.067601
6142 0.069275
6144 0.070384
6145 0.069780
6146 0.069599
6147 0.069470
6148 0.068671
6159 0.066539
6161 0.062313
6170 0.059188
6171 0.056865
6172 0.053537
6173 0.051771
6174 0.049852
6175 0.047763
6182 0.048637
6185 0.050805
6186 0.050332
6187 0.049038
6188 0.048408
6189 0.048123
6196 0.045871
6197 0.042257
6205 0.044557
6271 0.043312
6273 0.040761
6274 0.040444
6287 0.042871
6558 0.045180
6933 0.048072
7626 0.048798
8694 0.056248
8698 0.056845
8931 0.057725
9615 0.066276
10032 0.073512
10321 0.079905
11294 0.081625
11914 0.087817
11918 0.095160
12229 0.098329
13141 0.100777
13284 0.102276
13593 0.105742
13599 0.107646
13606 0.113191
14227 0.111917
14584 0.114985
14610 0.111774
14762 0.111935
15552 0.110333
15553 0.109120
15554 0.105414
15555 0.102718
15556 0.099356
15557 0.098181
15559 0.090381
15560 0.089652
15568 0.090322
15569 0.082455
15570 0.075736
15571 0.070207
15572 0.068941
15573 0.062854
15574 0.055730
15575 0.050921
15576 0.047824
15577 0.046147
15578 0.042679
15580 0.039757
15581 0.033752
15582 0.033524
15583 0.029778
15584 0.030988
15588 0.029361
16090 0.032771
16099 0.036017
16378 0.037361
16412 0.039324
16596 0.042152
16642 0.044510
16985 0.045922
17627 0.048022
18516 0.048989
18517 0.049474
18534 0.052001
18569 0.054562
18631 0.056107
18849 0.056078
19119 0.059344
19120 0.060635
19121 0.060291
19136 0.060380
19137 0.060545
19138 0.061382
19140 0.061535
19141 0.061088
19146 0.062299
19147 0.061350
19148 0.062599
19149 0.059757
19150 0.057926
19151 0.058074
19152 0.057959
19159 0.058522
19187 0.059297
19193 0.059874
19194 0.058803
19195 0.056844
19196 0.055762
19209 0.055367
19210 0.054172
19217 0.051757
19218 0.050834
19219 0.047075
19220 0.044509
19230 0.045254
19234 0.044669
19236 0.043654
19237 0.042676
19238 0.041952
19240 0.041477
19252 0.040912
19253 0.041320
19254 0.042068
19260 0.041575
19261 0.040013
19262 0.038300
19263 0.036374
19267 0.035072
19268 0.032425
19269 0.030421
19270 0.029028
19271 0.028112
19272 0.027685
19273 0.025284
19279 0.025743
19290 0.026429
19291 0.026950
19292 0.027190
19293 0.027118
19294 0.024764
19297 0.023706
19298 0.023255
19299 0.023024
19319 0.023881
19320 0.024053
19321 0.022206
19322 0.019906
19324 0.017914
19325 0.017629
19328 0.018666
19329 0.019524
19330 0.020180
19334 0.019481
19335 0.019611
19336 0.019730
19338 0.020026
19341 0.020446
19343 0.020800
19344 0.020720
19345 0.018329
19346 0.017865
19347 0.017540
19348 0.017411
19384 0.020830
19385 0.023060
19403 0.028290
19429 0.031626
20250 0.033379
20422 0.035465
20591 0.037238
20596 0.041985
20621 0.044610
20628 0.046492
20629 0.046948
20679 0.048009
20810 0.048143
20977 0.051024
20979 0.052679
21256 0.055111
21711 0.057188
21735 0.057561
21741 0.061020
22313 0.061245
22315 0.061065
22334 0.066374
22335 0.069790
22338 0.070392
22339 0.070561
22340 0.066963
22341 0.064607
22342 0.059359
22343 0.056141
22344 0.054663
22345 0.052048
22360 0.050423
22362 0.046091
22363 0.043693
22364 0.041585
22365 0.040697
22366 0.038543
22369 0.039608
22396 0.037523
22397 0.035382
22398 0.033157
22399 0.031416
22400 0.031256
22406 0.031969
22425 0.032400
22427 0.033231
22428 0.028152
22429 0.024799
22510 0.023941
22889 0.025436
22964 0.026338
22965 0.026729
22966 0.027251
22967 0.028307
22968 0.028863
22976 0.029019
22977 0.028594
22978 0.028077
22979 0.027679
22980 0.027606
22981 0.027462
22982 0.027275
22983 0.025113
22985 0.023661
22986 0.023114
23002 0.026223
23003 0.028278
23004 0.030212
23008 0.026774
23009 0.026422
23065 0.026139
23066 0.026588
23067 0.026814
23110 0.027684
23228 0.026928
23240 0.027485
23316 0.028425
23594 0.028591
23595 0.028274
23597 0.029551
23601 0.028916
23602 0.029169
23603 0.029557
23623 0.035325
23624 0.039845
23625 0.043377
23626 0.046038
23627 0.048472
24063 0.049856
24064 0.051333
24117 0.048715
24118 0.046884
24286 0.045901
