522 0.051900
523 0.049682
524 0.052420
725 0.052132
827 0.053311
1012 0.051660
1017 0.055117
1061 0.052215
1262 0.052300
1284 0.048949
1329 0.049117
1399 0.047663
1400 0.048760
1438 0.043580
1439 0.044931
1440 0.046948
1442 0.045096
1449 0.044486
1452 0.043400
1453 0.046816
1454 0.047102
1457 0.045315
1459 0.044459
1460 0.045481
1461 0.046398
1462 0.043114
1463 0.045774
1488 0.043018
1489 0.044146
1490 0.046667
1513 0.048328
1594 0.046192
1595 0.045678
1616 0.046092
1629 0.045669
1630 0.045737
1631 0.045689
1648 0.045688
1649 0.046899
1650 0.046075
1651 0.045498
1652 0.045840
1653 0.043015
1657 0.041392
1658 0.037081
1666 0.035911
1667 0.037423
1668 0.037761
1671 0.037397
1672 0.034466
1673 0.035278
1679 0.031536
1699 0.031950
1713 0.032023
1798 0.028246
1799 0.027015
1807 0.026404
1808 0.026136
1813 0.025346
1823 0.024611
1824 0.024384
1826 0.026315
1827 0.025526
1830 0.025476
1914 0.024770
1984 0.023358
2029 0.022794
2051 0.023934
2072 0.022311
2094 0.022470
2109 0.023147
2110 0.021821
2117 0.021608
2119 0.020603
2120 0.021332
2121 0.021452
2122 0.021661
2123 0.024254
2150 0.023228
2169 0.023247
2177 0.022932
2178 0.022753
2179 0.021743
2182 0.020239
2184 0.020111
2185 0.022011
2188 0.019647
2189 0.018120
2191 0.016624
2192 0.018624
2193 0.020746
2238 0.022188
2239 0.025054
2240 0.028271
2243 0.033013
2244 0.032518
2298 0.035793
2299 0.036791
2300 0.041524
2315 0.043714
2316 0.044765
2317 0.049675
2318 0.051875
2319 0.055077
2320 0.062628
2339 0.062937
2340 0.065197
2345 0.067429
2347 0.068123
2349 0.072417
2350 0.071625
2353 0.071132
2354 0.071066
2423 0.072306
2424 0.072656
2506 0.072184
2508 0.071438
2509 0.069380
2510 0.067595
2674 0.062969
2675 0.062741
2676 0.061449
2677 0.071506
2678 0.084198
2728 0.081862
2737 0.082778
2786 0.079136
2787 0.080425
2789 0.079074
2911 0.071710
2991 0.074123
2992 0.072786
2993 0.073536
2995 0.074687
2996 0.073190
2997 0.077730
2998 0.079902
3020 0.080308
3023 0.080182
3024 0.079818
3025 0.079316
3031 0.079998
3032 0.080249
3041 0.079322
3050 0.079921
3052 0.080196
3053 0.078240
3054 0.068131
3055 0.051252
3056 0.052207
3057 0.050442
3075 0.050724
3076 0.044586
3078 0.045198
3100 0.045186
3101 0.043951
3102 0.042646
3103 0.042981
3104 0.041646
3105 0.039207
3127 0.035332
3128 0.032829
3147 0.033809
3149 0.032853
3152 0.031402
3171 0.033497
3172 0.032470
3174 0.032588
3175 0.033774
3177 0.033084
3180 0.032930
3253 0.032785
3444 0.032482
3445 0.033002
3447 0.033077
3448 0.032930
3449 0.033820
3450 0.035047
3452 0.033459
3533 0.033342
3728 0.031951
3729 0.031773
3730 0.029000
3731 0.029689
3732 0.030129
3832 0.030930
3833 0.031378
3834 0.034703
3839 0.035798
3841 0.036245
3843 0.033581
3870 0.034365
3927 0.034835
3947 0.033670
4035 0.034803
4062 0.036889
4123 0.038402
4125 0.037984
4126 0.036826
4129 0.036040
4131 0.035449
4155 0.034500
4156 0.033014
4157 0.032279
4160 0.032079
4163 0.032855
4164 0.033678
4166 0.033253
4167 0.032320
4168 0.032356
4180 0.030079
4181 0.030498
4182 0.026074
4183 0.026007
4184 0.025936
4205 0.026031
4213 0.026221
4214 0.023350
4217 0.023553
4218 0.022978
4221 0.022770
4222 0.022069
4236 0.022290
4237 0.022075
4242 0.023996
4245 0.025184
4246 0.024531
4429 0.024454
4592 0.024258
4607 0.033588
5024 0.033885
5104 0.032890
5502 0.033478
6142 0.039488
6144 0.043096
6145 0.050095
6146 0.051425
6147 0.059352
6148 0.060842
6159 0.065306
6161 0.065907
6170 0.067603
6171 0.068608
6172 0.069884
6173 0.071418
6174 0.072521
6175 0.075330
6182 0.075731
6185 0.078115
6186 0.076421
6187 0.076291
6188 0.081942
6189 0.086499
6196 0.086638
6197 0.078602
6205 0.077134
6271 0.078245
6273 0.081100
6274 0.076956
6287 0.074425
6558 0.068896
6933 0.067882
7626 0.062344
8694 0.062598
8698 0.059237
8931 0.058845
9615 0.058242
10032 0.057066
10321 0.055333
11294 0.053357
11914 0.052482
11918 0.050573
12229 0.049941
13141 0.048019
13284 0.047127
13593 0.045856
13599 0.041332
13606 0.037074
14227 0.037125
14584 0.035708
14610 0.035318
14762 0.034199
15552 0.030692
15553 0.029989
15554 0.028119
15555 0.026612
15556 0.026221
15557 0.024699
15559 0.022411
15560 0.020574
15568 0.019927
15569 0.017347
15570 0.019606
15571 0.021315
15572 0.021270
15573 0.019326
15574 0.020212
15575 0.022229
15576 0.022292
15577 0.022736
15578 0.026467
15580 0.027375
15581 0.027479
15582 0.027628
15583 0.032775
15584 0.034030
15588 0.037364
16090 0.038785
16099 0.038713
16378 0.045195
16412 0.052120
16596 0.051343
16642 0.051312
16985 0.050891
17627 0.050203
18516 0.050204
18517 0.050214
18534 0.048354
18569 0.046895
18631 0.050620
18849 0.053436
19119 0.051147
19120 0.049371
19121 0.050761
19136 0.051029
19137 0.047945
19138 0.044988
19140 0.045465
19141 0.045629
19146 0.041005
19147 0.042684
19148 0.039409
19149 0.039223
19150 0.037871
19151 0.031396
19152 0.025754
19159 0.028222
19187 0.028247
19193 0.028756
19194 0.029219
19195 0.031114
19196 0.032290
19209 0.032744
19210 0.033596
19217 0.029689
19218 0.027730
19219 0.027425
19220 0.028482
19230 0.027316
19234 0.026939
19236 0.026779
19237 0.027224
19238 0.028445
19240 0.029813
19252 0.029245
19253 0.027716
19254 0.028366
19260 0.027045
19261 0.027200
19262 0.028931
19263 0.027948
19267 0.025116
19268 0.024559
19269 0.025344
19270 0.025735
19271 0.023773
19272 0.023354
19273 0.023522
19279 0.022534
19290 0.023169
19291 0.022542
19292 0.022934
19293 0.021054
19294 0.020956
19297 0.020949
19298 0.020904
19299 0.021016
19319 0.018965
19320 0.017478
19321 0.017436
19322 0.017158
19324 0.016811
19325 0.016461
19328 0.016230
19329 0.014715
19330 0.014451
19334 0.014768
19335 0.017665
19336 0.018627
19338 0.018316
19341 0.019596
19343 0.019532
19344 0.022165
19345 0.026284
19346 0.026047
19347 0.025980
19348 0.028722
19384 0.030489
19385 0.030359
19403 0.031450
19429 0.032095
20250 0.034888
20422 0.036572
20591 0.036892
20596 0.038084
20621 0.040563
20628 0.050016
20629 0.053542
20679 0.053895
20810 0.059504
20977 0.059524
20979 0.060044
21256 0.059286
21711 0.058061
21735 0.057850
21741 0.058088
22313 0.061241
22315 0.062641
22334 0.058210
22335 0.057922
22338 0.059994
22339 0.058690
22340 0.057992
22341 0.057817
22342 0.057503
22343 0.056374
22344 0.054224
22345 0.054145
22360 0.053944
22362 0.053210
22363 0.050503
22364 0.041707
22365 0.038553
22366 0.039703
22369 0.033866
22396 0.034033
22397 0.034852
22398 0.032538
22399 0.033950
22400 0.036495
22406 0.035323
22425 0.032630
22427 0.029061
22428 0.032478
22429 0.033389
22510 0.032008
22889 0.031389
22964 0.030888
22965 0.033377
22966 0.034437
22967 0.036065
22968 0.034916
22976 0.034015
22977 0.034488
22978 0.036061
22979 0.035552
22980 0.035638
22981 0.035574
22982 0.034257
22983 0.035452
22985 0.037628
22986 0.038788
23002 0.040719
23003 0.038732
23004 0.037350
23008 0.039557
23009 0.038682
23065 0.038352
23066 0.037250
23067 0.036160
23110 0.035736
23228 0.034298
23240 0.036827
23316 0.036899
23594 0.037608
23595 0.039811
23597 0.040320
23601 0.041064
23602 0.041012
23603 0.041365
23623 0.040927
23624 0.040692
23625 0.041591
23626 0.043903
23627 0.044488
24063 0.041928
24064 0.043951
24117 0.041657
24118 0.041169
24286 0.039738
