447 0.083744
449 0.082445
450 0.079532
451 0.070806
454 0.069603
455 0.069253
456 0.063342
457 0.061932
460 0.060651
461 0.059545
465 0.060364
466 0.061592
467 0.061950
554 0.067327
678 0.071836
852 0.074981
888 0.072167
935 0.071010
992 0.072780
1008 0.075128
1041 0.078577
1050 0.081213
1495 0.086644
1727 0.092944
1870 0.094256
1876 0.090263
1925 0.087783
1928 0.086834
1935 0.090775
1936 0.091784
1937 0.093011
1938 0.094161
1939 0.095349
1941 0.097250
1953 0.099252
1954 0.094615
1955 0.090329
1956 0.083764
1957 0.077812
1960 0.074484
1961 0.071335
1963 0.071438
1964 0.070605
1970 0.069600
1989 0.069560
1990 0.068230
2021 0.067399
2032 0.063618
2033 0.059347
2034 0.060679
2037 0.060649
2038 0.061061
2041 0.060527
2043 0.054390
2098 0.052851
2099 0.050583
2100 0.049090
2101 0.049010
2102 0.050271
2129 0.053392
2138 0.054382
2139 0.054299
2140 0.054498
2143 0.055337
2144 0.053448
2145 0.053798
2154 0.053808
2155 0.053736
2172 0.053401
2173 0.050202
2174 0.048267
2201 0.050228
2203 0.049031
2204 0.047318
2205 0.046466
2206 0.049439
2209 0.050838
2210 0.052169
2211 0.054299
2212 0.054864
2213 0.058314
2585 0.066938
2673 0.066168
2723 0.063262
2782 0.058499
2784 0.058419
2788 0.060306
2790 0.063352
2796 0.066882
2797 0.069811
2912 0.068868
2994 0.068524
3074 0.066851
3077 0.066563
3153 0.072758
3254 0.073018
3256 0.069447
3257 0.069428
3258 0.068951
3259 0.067382
3260 0.063321
3261 0.061209
3262 0.059754
3263 0.058299
3264 0.056475
3292 0.054405
3293 0.046411
3441 0.047114
3468 0.047387
3469 0.046631
3470 0.044754
3471 0.042680
3472 0.039347
3473 0.034102
3474 0.029541
3475 0.028592
3476 0.028603
3485 0.030212
3486 0.029788
3487 0.024641
3488 0.025105
3523 0.031005
3531 0.036129
3532 0.039474
3536 0.040274
3537 0.040626
3538 0.041063
3539 0.041782
3727 0.042841
3776 0.044776
3858 0.046960
3967 0.048016
3968 0.048254
4025 0.049415
4046 0.051562
4065 0.053146
4067 0.054629
4068 0.056555
4071 0.058717
4072 0.060314
4075 0.063038
4102 0.063489
4103 0.062099
4104 0.061292
4105 0.059976
4106 0.058795
4107 0.052819
4110 0.047681
4111 0.044524
4112 0.043886
4115 0.044064
4134 0.046028
4135 0.046932
4138 0.046190
4139 0.044083
4140 0.041281
4141 0.041168
4151 0.041581
4173 0.040619
4174 0.038340
4175 0.037035
4187 0.037557
4195 0.036034
4196 0.034240
4200 0.034508
4201 0.031765
4202 0.030565
4203 0.031475
4233 0.036499
4235 0.040429
4255 0.043175
4256 0.045783
4257 0.048966
4276 0.050848
4277 0.051844
4321 0.055249
4322 0.054978
4367 0.054509
4475 0.056072
4576 0.057025
4577 0.056226
4578 0.054959
4579 0.055514
4586 0.060753
4588 0.063694
4589 0.065907
4590 0.067258
4602 0.067893
4603 0.068305
4604 0.067300
4605 0.068880
4606 0.073158
4608 0.077401
4609 0.078129
4610 0.079481
5503 0.079058
5504 0.077441
5505 0.074575
5506 0.073732
5737 0.076598
5738 0.072929
5739 0.070391
5745 0.069841
5746 0.068287
5747 0.067534
5748 0.067858
5764 0.069489
5765 0.066946
5766 0.060769
5767 0.057958
5773 0.059066
5774 0.057850
5778 0.059962
5779 0.060811
5781 0.061439
5782 0.059770
5783 0.055493
5794 0.052992
5796 0.049835
5798 0.045031
5799 0.042640
5800 0.041349
5803 0.041597
5804 0.040846
5805 0.037646
5806 0.037797
5808 0.038195
5809 0.037282
5818 0.037389
5819 0.038102
5820 0.039300
5860 0.039457
5861 0.040329
5862 0.040708
5864 0.041527
5865 0.038704
5866 0.036666
5867 0.033620
5868 0.031965
5869 0.030136
5870 0.029602
5889 0.031717
5890 0.029928
5892 0.029274
5894 0.031120
5895 0.031724
5896 0.032375
5897 0.031411
5898 0.030564
5899 0.029312
5900 0.028644
5901 0.029090
5902 0.029917
5903 0.029703
5904 0.028856
5905 0.027187
5906 0.025155
5908 0.024863
5909 0.025182
5917 0.025515
5918 0.024415
5919 0.024044
5920 0.024298
5921 0.024494
5962 0.026152
5963 0.026796
5964 0.025268
5966 0.024642
5967 0.023384
5997 0.021831
5998 0.021221
5999 0.021398
6000 0.021768
6001 0.022770
6002 0.022938
6004 0.022830
6005 0.021921
6006 0.020757
6028 0.021395
6029 0.020971
6030 0.021293
6031 0.020937
6034 0.019963
6045 0.020953
6046 0.020881
6052 0.021697
6053 0.022853
6054 0.023184
6096 0.026028
6097 0.025779
6098 0.025304
6099 0.024496
6101 0.024265
6102 0.023806
6104 0.023460
6105 0.024287
6125 0.027941
6127 0.032358
6143 0.037176
6236 0.038325
6283 0.041243
6284 0.042880
6289 0.049567
6326 0.048277
6395 0.054041
6793 0.056141
6945 0.060408
7230 0.061688
7235 0.062735
7268 0.062875
7300 0.064595
7363 0.068791
7371 0.072192
7399 0.069716
7599 0.073705
7711 0.075435
7713 0.076831
7714 0.078453
7715 0.081477
7716 0.083773
7770 0.084726
7771 0.081944
7772 0.079836
7773 0.076720
7774 0.078858
7775 0.080232
7780 0.080758
7781 0.075083
7785 0.075990
7788 0.071684
7789 0.070160
7790 0.067020
7791 0.068518
7793 0.068500
7795 0.069328
7796 0.069203
7797 0.065829
7803 0.063482
7804 0.064065
7805 0.060735
7806 0.060639
7807 0.060527
7808 0.059631
7809 0.057145
7810 0.056106
7843 0.055317
7844 0.054052
7845 0.051654
7856 0.051695
7857 0.049166
7858 0.045182
7859 0.043159
7863 0.047277
7865 0.049409
7866 0.050376
7867 0.050972
7868 0.050880
7874 0.049385
7881 0.048475
7882 0.048166
7897 0.046783
7898 0.045712
7901 0.046321
7902 0.047007
7903 0.046176
7909 0.045081
7910 0.044094
7911 0.043937
7912 0.043382
7913 0.041908
7914 0.041284
7915 0.041095
7918 0.041253
7920 0.038791
7923 0.038868
7924 0.039036
7925 0.039895
7926 0.036868
7927 0.034850
7928 0.034064
7929 0.033744
7930 0.033360
7931 0.032621
7934 0.031678
7935 0.030537
7936 0.029991
7945 0.030395
7946 0.028911
7947 0.027647
7948 0.026358
7949 0.025475
7950 0.024918
7957 0.026423
7959 0.027350
7961 0.027456
7962 0.027412
7965 0.027473
7971 0.028537
7973 0.029809
7974 0.031632
7975 0.033520
7980 0.033185
7981 0.030991
7982 0.029920
7983 0.029316
7984 0.028975
7985 0.028865
7986 0.028468
7987 0.027427
7988 0.026549
8026 0.030112
8042 0.034352
8043 0.038505
8044 0.041694
8045 0.044623
8380 0.045506
8438 0.046772
8461 0.045892
8526 0.049749
8674 0.050592
8715 0.051290
8845 0.051314
8846 0.049789
8872 0.049738
8873 0.047849
8875 0.048786
8883 0.050416
8884 0.052467
8887 0.053165
8888 0.052551
8889 0.052214
8891 0.051948
8892 0.051895
8893 0.051947
8894 0.052096
8895 0.048088
8896 0.042736
8908 0.038994
8909 0.035942
8910 0.033650
8911 0.033077
8912 0.032463
8913 0.031377
8914 0.026778
8915 0.026061
8917 0.025391
8918 0.025238
8919 0.025810
8920 0.025193
8924 0.025959
8925 0.023383
8926 0.021450
8927 0.019582
8935 0.021043
8936 0.021953
8938 0.023102
9020 0.023850
9022 0.024763
9023 0.025515
9025 0.026727
9038 0.029200
9194 0.031746
9195 0.033125
9197 0.034907
9198 0.036689
9560 0.038005
9694 0.039979
9696 0.042085
9946 0.044584
10108 0.046566
10252 0.047001
10437 0.054939
10530 0.060083
10961 0.060186
11439 0.059397
11498 0.059934
11759 0.060891
11859 0.062966
11894 0.062001
11895 0.061091
12106 0.060102
12107 0.059665
12108 0.059197
12109 0.059109
12110 0.058562
12111 0.056732
12112 0.054883
12123 0.054098
12125 0.054306
12126 0.052834
12127 0.051396
12128 0.049609
12129 0.047718
12130 0.045884
12131 0.045026
12135 0.045546
12161 0.038005
12162 0.032409
12168 0.031959
12174 0.031776
12176 0.031320
12203 0.029820
12209 0.028132
12210 0.026903
12211 0.026932
12212 0.027410
12258 0.027973
12259 0.027751
12260 0.027223
12263 0.027329
12264 0.027428
12265 0.027176
12284 0.026208
12312 0.024334
12316 0.023859
12320 0.025431
12321 0.025130
12322 0.024555
12323 0.023208
12324 0.021643
12325 0.020240
12326 0.020038
12328 0.019851
12329 0.019545
12330 0.019149
12331 0.018476
12375 0.019240
12377 0.019083
12378 0.018964
12379 0.018307
12380 0.017077
12391 0.017305
12392 0.017465
12393 0.017484
12394 0.016714
12395 0.016152
12432 0.015981
12433 0.015390
12436 0.016040
12437 0.016353
12438 0.015350
12442 0.016559
12443 0.017628
12444 0.018782
12445 0.019684
12446 0.020170
12447 0.020103
12449 0.020970
12469 0.030230
12504 0.030585
12761 0.033704
13210 0.035036
13270 0.036460
13275 0.038303
13297 0.040604
13313 0.042381
13406 0.041478
13739 0.043165
14007 0.043200
14036 0.043764
14037 0.044105
14038 0.044088
14046 0.044668
14047 0.043548
14048 0.043115
14049 0.042593
14050 0.041045
14053 0.041894
14054 0.043425
14055 0.045055
14077 0.047561
14079 0.048576
14080 0.048741
14081 0.039825
14090 0.040165
14119 0.038093
14120 0.037398
14121 0.036319
14122 0.035005
14151 0.035263
14167 0.034081
14168 0.034544
14169 0.033190
14170 0.033632
14180 0.033228
14181 0.033037
14182 0.032947
14203 0.035046
14204 0.034934
14205 0.034410
14207 0.034962
14208 0.034937
14209 0.033029
14210 0.030790
14223 0.028960
14224 0.026598
14225 0.025607
14226 0.024882
14237 0.025838
14238 0.025936
14239 0.025289
14240 0.024771
14241 0.025163
14242 0.025518
14243 0.023879
14244 0.023884
14245 0.023170
14246 0.022646
14247 0.022155
14248 0.022219
14249 0.022190
14250 0.022210
14251 0.019855
14305 0.021462
14306 0.023499
14307 0.024189
14315 0.025945
14316 0.027667
14317 0.028823
14318 0.029523
14319 0.030423
14320 0.031550
14321 0.032720
14328 0.032674
14329 0.032127
14330 0.032255
14343 0.035229
14344 0.036733
14347 0.037968
14348 0.039816
14373 0.041674
14374 0.041906
14375 0.041920
14439 0.041903
14440 0.042257
14446 0.043652
14448 0.044346
14455 0.044934
14456 0.043267
14457 0.041654
14458 0.040823
14461 0.039839
14462 0.039228
14463 0.038646
14485 0.041897
14486 0.043589
14502 0.045603
14511 0.048568
14518 0.049702
14521 0.051202
14522 0.051531
14523 0.048735
14526 0.047214
14537 0.046031
14550 0.043813
14553 0.042899
14572 0.048068
14670 0.049235
14671 0.050538
14694 0.050280
14695 0.048676
14703 0.050410
14706 0.049575
14707 0.049792
14710 0.052136
14714 0.053536
14715 0.054397
14718 0.056365
14719 0.057489
14720 0.054935
14721 0.053662
14735 0.051837
14739 0.049761
14740 0.050013
14747 0.048498
14751 0.047673
14752 0.046741
14756 0.050208
14759 0.053490
14761 0.054210
14765 0.053889
14766 0.049890
14777 0.050131
14779 0.051049
14780 0.050704
14781 0.050705
14782 0.048734
14786 0.049999
14787 0.050260
14788 0.048471
14808 0.048532
14809 0.047428
14816 0.044172
14819 0.042585
14820 0.040898
14824 0.043272
14825 0.044705
14830 0.043597
14831 0.042229
14832 0.044288
14835 0.048818
14836 0.049836
14837 0.046183
14840 0.043132
14852 0.044675
15042 0.045428
15046 0.047283
15047 0.047278
15127 0.045393
15563 0.046816
15596 0.050773
15711 0.052571
15757 0.053675
15786 0.054570
15807 0.055829
15808 0.055193
15809 0.056396
15810 0.058806
15811 0.061213
15818 0.062850
15819 0.061068
15820 0.060539
15825 0.060805
15826 0.059597
15827 0.056955
15828 0.052341
15829 0.052292
15830 0.053285
15832 0.053591
15835 0.053566
15836 0.053357
15840 0.052465
15841 0.050697
15842 0.050238
15844 0.048666
15846 0.044604
15847 0.042052
15848 0.039447
15853 0.040952
15854 0.041500
15855 0.042564
15856 0.043365
15858 0.042071
15859 0.039711
15860 0.038016
15863 0.036200
15864 0.033942
15865 0.032941
15866 0.033526
15867 0.035191
15868 0.037883
15874 0.040294
15875 0.038932
15876 0.037480
15878 0.034628
15879 0.033191
15894 0.031751
15895 0.032615
15898 0.035239
15899 0.037105
15903 0.039439
15904 0.040547
15906 0.041064
15907 0.038936
15913 0.039363
15914 0.039069
15916 0.037790
15917 0.037701
15919 0.038066
15920 0.039856
15921 0.041377
15923 0.043500
15954 0.043218
15956 0.043171
15957 0.042813
15958 0.040571
15959 0.037216
15960 0.036502
15961 0.037137
15962 0.038434
15964 0.038613
15965 0.037835
15967 0.037912
15968 0.036000
16015 0.034378
16016 0.032318
16017 0.031655
16045 0.032127
16046 0.032000
16047 0.029325
16049 0.028071
16073 0.027436
16074 0.027230
16092 0.026745
16094 0.025021
16095 0.022847
16096 0.020429
16097 0.020247
16098 0.019413
16154 0.019036
16156 0.019536
16157 0.020418
16235 0.024140
16303 0.025452
16305 0.026305
16306 0.027545
16307 0.027923
16386 0.029073
16488 0.029188
16672 0.030354
16673 0.030847
16969 0.031505
17010 0.033457
17011 0.033813
17286 0.034116
17291 0.038432
17295 0.042857
17297 0.046490
18180 0.047436
19010 0.050826
19041 0.052911
19369 0.055342
19415 0.057889
19445 0.058643
19489 0.060764
19503 0.061762
19627 0.064078
19630 0.061341
19639 0.059748
19640 0.058233
19641 0.057222
19656 0.056265
19658 0.054105
19659 0.053494
19669 0.053083
19670 0.052542
19671 0.052066
19690 0.049183
19691 0.048124
19702 0.049207
19703 0.045018
19704 0.041085
19705 0.037972
19706 0.037940
19707 0.036107
19708 0.035730
19726 0.034744
19727 0.033056
19744 0.032616
19745 0.029725
19748 0.028438
19749 0.025895
19750 0.026078
19760 0.026646
19761 0.026861
19763 0.027426
19764 0.028252
19765 0.029154
19767 0.029228
19768 0.028838
19769 0.029000
19770 0.028562
19818 0.028952
19819 0.029170
19820 0.027659
19821 0.026649
19822 0.025641
19824 0.025037
19825 0.024076
19826 0.022869
19837 0.022353
19838 0.021314
19839 0.020754
19840 0.020642
19841 0.020743
19857 0.028010
19860 0.028528
19960 0.030821
20047 0.030477
20249 0.031630
20372 0.031681
20663 0.031705
21221 0.032301
21346 0.034007
21404 0.035066
21436 0.036499
21489 0.039210
21492 0.040914
21599 0.041555
21685 0.042679
21690 0.045404
21773 0.045633
21774 0.045649
21775 0.046080
21778 0.046902
21779 0.048944
21782 0.049090
21783 0.049612
21785 0.050130
21787 0.050332
21789 0.043186
21790 0.042899
21829 0.039743
21831 0.039582
21832 0.039154
21833 0.038626
21835 0.037687
21836 0.037291
21837 0.036275
21838 0.035545
21839 0.034055
21841 0.032787
21842 0.031853
21988 0.034440
22023 0.034349
22024 0.033212
22151 0.035468
22304 0.037499
22419 0.037736
22420 0.036925
22421 0.034933
22423 0.035646
22673 0.037400
24060 0.040922
24850 0.046534
24879 0.049957
