447 0.054238
449 0.052542
450 0.046677
451 0.041356
454 0.039391
455 0.035385
456 0.038809
457 0.037793
460 0.037868
461 0.038288
465 0.039095
466 0.040029
467 0.040848
554 0.039887
678 0.039683
852 0.040631
888 0.038008
935 0.038961
992 0.037102
1008 0.036332
1041 0.034809
1050 0.034281
1495 0.034154
1727 0.035514
1870 0.035443
1876 0.034984
1925 0.036420
1928 0.038584
1935 0.036350
1936 0.037486
1937 0.039806
1938 0.037561
1939 0.039069
1941 0.038999
1953 0.038448
1954 0.037905
1955 0.034995
1956 0.034934
1957 0.034656
1960 0.035620
1961 0.034415
1963 0.035722
1964 0.034822
1970 0.035482
1989 0.035370
1990 0.034899
2021 0.034425
2032 0.034703
2033 0.032693
2034 0.032865
2037 0.032300
2038 0.030655
2041 0.028354
2043 0.028071
2098 0.025048
2099 0.024078
2100 0.024832
2101 0.023339
2102 0.022905
2129 0.022664
2138 0.021013
2139 0.020722
2140 0.020240
2143 0.019779
2144 0.018530
2145 0.018769
2154 0.017412
2155 0.017565
2172 0.016110
2173 0.016600
2174 0.016176
2201 0.017731
2203 0.017263
2204 0.017924
2205 0.018254
2206 0.019276
2209 0.019283
2210 0.020080
2211 0.022505
2212 0.024397
2213 0.025499
2585 0.023625
2673 0.024401
2723 0.028070
2782 0.027150
2784 0.026666
2788 0.030950
2790 0.029980
2796 0.033170
2797 0.034492
2912 0.035189
2994 0.037564
3074 0.039310
3077 0.043532
3153 0.046306
3254 0.047814
3256 0.051023
3257 0.054135
3258 0.053886
3259 0.054622
3260 0.058245
3261 0.062987
3262 0.065504
3263 0.068004
3264 0.065794
3292 0.063291
3293 0.065058
3441 0.064244
3468 0.060335
3469 0.060761
3470 0.063010
3471 0.061008
3472 0.062654
3473 0.064819
3474 0.066233
3475 0.068817
3476 0.066970
3485 0.065971
3486 0.061330
3487 0.060357
3488 0.058775
3523 0.056881
3531 0.053755
3532 0.054590
3536 0.053078
3537 0.048393
3538 0.042766
3539 0.039985
3727 0.035315
3776 0.035500
3858 0.042552
3967 0.041913
3968 0.042008
4025 0.041722
4046 0.044955
4065 0.043069
4067 0.041231
4068 0.040685
4071 0.036859
4072 0.034145
4075 0.034266
4102 0.036968
4103 0.035802
4104 0.037338
4105 0.035559
4106 0.035571
4107 0.037325
4110 0.036813
4111 0.036228
4112 0.037018
4115 0.040671
4134 0.043698
4135 0.043151
4138 0.043526
4139 0.046035
4140 0.039608
4141 0.039467
4151 0.039938
4173 0.041528
4174 0.042618
4175 0.042391
4187 0.041990
4195 0.043529
4196 0.041714
4200 0.043255
4201 0.039838
4202 0.036815
4203 0.036769
4233 0.036895
4235 0.037096
4255 0.037514
4256 0.033483
4257 0.034307
4276 0.033874
4277 0.034885
4321 0.031051
4322 0.029026
4367 0.029178
4475 0.028560
4576 0.026237
4577 0.025832
4578 0.025220
4579 0.025133
4586 0.023812
4588 0.019171
4589 0.019144
4590 0.019785
4602 0.016625
4603 0.017302
4604 0.015865
4605 0.016132
4606 0.015962
4608 0.016288
4609 0.015626
4610 0.024943
5503 0.027937
5504 0.028294
5505 0.027857
5506 0.029417
5737 0.030187
5738 0.030196
5739 0.029380
5745 0.034585
5746 0.038585
5747 0.041211
5748 0.041077
5764 0.044580
5765 0.046616
5766 0.048126
5767 0.050988
5773 0.054220
5774 0.056160
5778 0.057444
5779 0.057912
5781 0.058998
5782 0.058608
5783 0.060456
5794 0.062514
5796 0.063133
5798 0.053580
5799 0.049829
5800 0.050779
5803 0.051911
5804 0.050653
5805 0.050478
5806 0.054858
5808 0.059939
5809 0.055784
5818 0.055346
5819 0.055977
5820 0.058265
5860 0.054316
5861 0.052969
5862 0.052688
5864 0.050466
5865 0.047559
5866 0.046111
5867 0.045242
5868 0.043892
5869 0.046270
5870 0.047123
5889 0.045070
5890 0.043088
5892 0.043396
5894 0.046551
5895 0.048677
5896 0.048783
5897 0.047542
5898 0.051328
5899 0.049277
5900 0.047024
5901 0.043537
5902 0.044063
5903 0.042522
5904 0.042293
5905 0.041196
5906 0.041504
5908 0.040101
5909 0.039974
5917 0.039201
5918 0.038972
5919 0.037583
5920 0.038289
5921 0.039207
5962 0.036566
5963 0.036763
5964 0.037630
5966 0.037615
5967 0.037586
5997 0.034770
5998 0.033636
5999 0.032146
6000 0.031911
6001 0.027478
6002 0.027655
6004 0.025765
6005 0.024609
6006 0.023207
6028 0.021199
6029 0.019543
6030 0.018780
6031 0.018708
6034 0.019674
6045 0.019325
6046 0.020678
6052 0.020515
6053 0.020843
6054 0.020211
6096 0.019450
6097 0.019954
6098 0.020579
6099 0.020695
6101 0.021944
6102 0.020336
6104 0.020420
6105 0.019814
6125 0.020213
6127 0.021167
6143 0.022305
6236 0.023001
6283 0.025742
6284 0.025520
6289 0.026241
6326 0.026352
6395 0.025517
6793 0.026231
6945 0.026232
7230 0.025695
7235 0.025814
7268 0.028435
7300 0.029235
7363 0.029388
7371 0.029573
7399 0.033307
7599 0.032154
7711 0.032827
7713 0.032121
7714 0.034769
7715 0.039024
7716 0.047568
7770 0.048457
7771 0.058870
7772 0.058766
7773 0.057679
7774 0.059941
7775 0.058632
7780 0.062484
7781 0.061954
7785 0.062055
7788 0.064331
7789 0.063948
7790 0.064462
7791 0.068514
7793 0.070638
7795 0.069623
7796 0.073364
7797 0.075406
7803 0.078011
7804 0.075941
7805 0.076649
7806 0.076391
7807 0.080501
7808 0.082904
7809 0.083547
7810 0.074451
7843 0.074071
7844 0.063254
7845 0.062842
7856 0.064213
7857 0.062105
7858 0.061668
7859 0.059057
7863 0.061136
7865 0.061377
7866 0.062015
7867 0.061052
7868 0.063704
7874 0.060292
7881 0.059049
7882 0.056777
7897 0.051838
7898 0.049668
7901 0.046463
7902 0.045967
7903 0.047573
7909 0.048629
7910 0.045954
7911 0.039232
7912 0.037065
7913 0.037373
7914 0.036621
7915 0.036175
7918 0.036462
7920 0.035837
7923 0.034878
7924 0.034849
7925 0.033932
7926 0.031657
7927 0.032296
7928 0.028530
7929 0.029119
7930 0.028517
7931 0.030106
7934 0.028808
7935 0.029301
7936 0.030074
7945 0.031561
7946 0.034911
7947 0.033748
7948 0.031964
7949 0.029036
7950 0.027583
7957 0.030839
7959 0.028981
7961 0.030021
7962 0.031328
7965 0.031518
7971 0.030848
7973 0.031335
7974 0.032150
7975 0.031021
7980 0.030395
7981 0.030557
7982 0.029639
7983 0.032026
7984 0.032403
7985 0.030815
7986 0.029066
7987 0.031386
7988 0.031618
8026 0.031314
8042 0.030802
8043 0.028103
8044 0.027810
8045 0.027431
8380 0.028061
8438 0.027615
8461 0.025654
8526 0.024811
8674 0.023315
8715 0.021987
8845 0.022843
8846 0.023571
8872 0.022585
8873 0.021604
8875 0.021784
8883 0.022405
8884 0.023924
8887 0.025693
8888 0.025439
8889 0.025042
8891 0.026215
8892 0.025978
8893 0.024187
8894 0.023192
8895 0.023322
8896 0.023508
8908 0.023158
8909 0.023934
8910 0.024509
8911 0.027041
8912 0.029108
8913 0.029501
8914 0.034193
8915 0.034836
8917 0.036167
8918 0.036423
8919 0.036773
8920 0.036859
8924 0.038135
8925 0.041561
8926 0.044969
8927 0.042805
8935 0.041349
8936 0.040451
8938 0.042348
9020 0.041010
9022 0.041331
9023 0.040179
9025 0.041257
9038 0.040500
9194 0.040323
9195 0.041463
9197 0.043103
9198 0.050291
9560 0.061804
9694 0.061493
9696 0.060349
9946 0.058473
10108 0.057629
10252 0.056348
10437 0.055695
10530 0.055034
10961 0.056255
11439 0.055864
11498 0.052376
11759 0.048284
11859 0.050782
11894 0.052738
11895 0.054914
12106 0.052855
12107 0.053453
12108 0.054261
12109 0.054860
12110 0.053859
12111 0.053929
12112 0.053943
12123 0.052287
12125 0.049926
12126 0.041948
12127 0.029067
12128 0.030096
12129 0.030932
12130 0.027660
12131 0.028842
12135 0.032074
12161 0.031933
12162 0.033595
12168 0.032146
12174 0.031693
12176 0.033846
12203 0.033859
12209 0.032954
12210 0.031841
12211 0.028506
12212 0.028278
12258 0.028742
12259 0.027428
12260 0.028188
12263 0.029093
12264 0.030984
12265 0.031118
12284 0.031734
12312 0.031847
12316 0.032056
12320 0.031437
12321 0.031500
12322 0.031108
12323 0.032421
12324 0.035782
12325 0.036213
12326 0.035435
12328 0.033834
12329 0.033697
12330 0.035538
12331 0.034314
12375 0.034792
12377 0.033263
12378 0.032026
12379 0.031893
12380 0.032629
12391 0.030682
12392 0.030551
12393 0.029460
12394 0.028738
12395 0.026794
12432 0.025419
12433 0.025519
12436 0.025962
12437 0.026875
12438 0.027650
12442 0.027924
12443 0.027784
12444 0.028405
12445 0.025155
12446 0.023572
12447 0.028803
12449 0.029436
12469 0.030661
12504 0.029444
12761 0.029528
13210 0.032803
13270 0.032958
13275 0.034030
13297 0.034180
13313 0.034075
13406 0.033988
13739 0.033995
14007 0.034138
14036 0.034876
14037 0.037377
14038 0.040834
14046 0.040350
14047 0.040913
14048 0.042483
14049 0.041699
14050 0.041769
14053 0.041793
14054 0.040471
14055 0.040164
14077 0.037878
14079 0.034446
14080 0.036121
14081 0.037808
14090 0.036474
14119 0.036399
14120 0.035529
14121 0.036235
14122 0.035740
14151 0.036628
14167 0.037218
14168 0.038004
14169 0.039281
14170 0.042355
14180 0.042097
14181 0.039665
14182 0.036289
14203 0.037181
14204 0.035978
14205 0.034322
14207 0.034015
14208 0.031401
14209 0.031085
14210 0.032096
14223 0.031081
14224 0.032921
14225 0.032937
14226 0.030877
14237 0.028910
14238 0.031730
14239 0.036535
14240 0.034473
14241 0.036355
14242 0.042029
14243 0.043351
14244 0.042568
14245 0.043631
14246 0.049175
14247 0.047240
14248 0.048725
14249 0.050565
14250 0.050750
14251 0.051559
14305 0.053661
14306 0.052795
14307 0.053092
14315 0.054221
14316 0.055714
14317 0.054790
14318 0.055690
14319 0.053887
14320 0.052466
14321 0.052015
14328 0.051016
14329 0.052389
14330 0.049356
14343 0.053980
14344 0.052733
14347 0.047879
14348 0.045908
14373 0.046562
14374 0.046190
14375 0.042134
14439 0.045780
14440 0.045087
14446 0.043432
14448 0.044540
14455 0.043850
14456 0.041681
14457 0.041555
14458 0.040244
14461 0.040389
14462 0.040534
14463 0.040590
14485 0.039953
14486 0.041545
14502 0.043060
14511 0.043853
14518 0.045567
14521 0.042411
14522 0.040272
14523 0.035353
14526 0.034967
14537 0.033511
14550 0.034186
14553 0.032872
14572 0.031850
14670 0.030257
14671 0.027386
14694 0.026687
14695 0.026971
14703 0.026635
14706 0.026121
14707 0.027260
14710 0.027076
14714 0.027739
14715 0.026345
14718 0.025336
14719 0.025482
14720 0.025780
14721 0.028493
14735 0.027536
14739 0.027072
14740 0.025688
14747 0.024972
14751 0.025133
14752 0.025555
14756 0.024726
14759 0.025250
14761 0.024670
14765 0.025461
14766 0.025145
14777 0.023562
14779 0.021298
14780 0.020046
14781 0.020079
14782 0.018940
14786 0.019325
14787 0.018705
14788 0.019457
14808 0.018633
14809 0.018435
14816 0.017587
14819 0.017157
14820 0.017123
14824 0.013255
14825 0.012806
14830 0.012254
14831 0.012243
14832 0.013427
14835 0.012971
14836 0.012184
14837 0.012091
14840 0.011718
14852 0.013111
15042 0.012397
15046 0.012543
15047 0.013175
15127 0.013204
15563 0.014862
15596 0.014657
15711 0.015015
15757 0.016526
15786 0.017525
15807 0.016983
15808 0.017362
15809 0.017613
15810 0.017704
15811 0.017187
15818 0.017118
15819 0.017280
15820 0.017053
15825 0.017445
15826 0.017285
15827 0.017922
15828 0.018283
15829 0.018953
15830 0.019651
15832 0.020160
15835 0.019653
15836 0.019984
15840 0.020132
15841 0.021407
15842 0.021448
15844 0.021720
15846 0.021955
15847 0.025595
15848 0.024212
15853 0.023481
15854 0.023936
15855 0.024619
15856 0.024249
15858 0.025210
15859 0.027034
15860 0.030030
15863 0.031843
15864 0.032134
15865 0.032354
15866 0.033335
15867 0.031674
15868 0.031900
15874 0.032561
15875 0.031691
15876 0.033375
15878 0.032540
15879 0.033851
15894 0.033389
15895 0.031991
15898 0.032432
15899 0.030642
15903 0.031603
15904 0.027707
15906 0.027850
15907 0.028417
15913 0.030500
15914 0.032744
15916 0.032636
15917 0.032273
15919 0.033472
15920 0.030244
15921 0.030301
15923 0.030675
15954 0.030135
15956 0.029943
15957 0.029489
15958 0.029306
15959 0.028078
15960 0.030373
15961 0.030772
15962 0.034633
15964 0.036249
15965 0.042876
15967 0.042533
15968 0.043574
16015 0.043825
16016 0.044170
16017 0.044185
16045 0.043998
16046 0.044001
16047 0.043259
16049 0.047527
16073 0.048200
16074 0.047700
16092 0.045633
16094 0.045688
16095 0.046594
16096 0.049934
16097 0.051204
16098 0.052767
16154 0.052760
16156 0.053881
16157 0.057835
16235 0.056235
16303 0.053433
16305 0.052992
16306 0.052258
16307 0.047604
16386 0.047602
16488 0.046440
16672 0.046600
16673 0.045404
16969 0.045762
17010 0.044601
17011 0.044034
17286 0.043065
17291 0.044124
17295 0.043713
17297 0.043901
18180 0.047746
19010 0.048301
19041 0.047603
19369 0.044943
19415 0.048003
19445 0.046657
19489 0.047628
19503 0.047984
19627 0.044310
19630 0.044700
19639 0.044629
19640 0.041401
19641 0.038847
19656 0.037770
19658 0.037627
19659 0.038993
19669 0.038384
19670 0.038979
19671 0.040916
19690 0.042836
19691 0.042361
19702 0.041206
19703 0.032856
19704 0.032787
19705 0.032468
19706 0.029421
19707 0.029868
19708 0.027591
19726 0.026065
19727 0.023070
19744 0.023843
19745 0.028465
19748 0.027357
19749 0.028202
19750 0.028058
19760 0.028171
19761 0.028678
19763 0.033065
19764 0.033865
19765 0.035194
19767 0.036134
19768 0.042073
19769 0.042751
19770 0.042137
19818 0.040344
19819 0.043013
19820 0.047291
19821 0.047239
19822 0.051629
19824 0.054431
19825 0.052805
19826 0.054317
19837 0.054518
19838 0.056357
19839 0.055258
19840 0.054746
19841 0.051433
19857 0.051363
19860 0.050618
19960 0.049650
20047 0.049653
20249 0.049748
20372 0.047375
20663 0.047725
21221 0.046365
21346 0.044933
21404 0.039673
21436 0.037746
21489 0.037846
21492 0.039926
21599 0.037095
21685 0.034373
21690 0.035157
21773 0.031889
21774 0.034148
21775 0.034412
21778 0.035030
21779 0.036696
21782 0.036476
21783 0.036010
21785 0.034943
21787 0.034370
21789 0.034201
21790 0.035251
21829 0.035617
21831 0.037747
21832 0.037241
21833 0.035596
21835 0.034086
21836 0.035270
21837 0.035904
21838 0.036718
21839 0.039446
21841 0.037719
21842 0.036064
21988 0.037956
22023 0.038681
22024 0.038878
22151 0.038462
22304 0.033260
22419 0.032795
22420 0.029510
22421 0.028677
22423 0.027353
22673 0.031755
24060 0.041110
24850 0.043927
24879 0.047504
