866 0.072634
867 0.068158
868 0.060938
870 0.054580
871 0.049838
932 0.044563
933 0.041809
938 0.039898
939 0.037618
940 0.035858
941 0.034216
942 0.033514
943 0.033291
944 0.032550
945 0.031455
947 0.029029
948 0.027366
949 0.026162
950 0.025257
951 0.025170
952 0.025643
953 0.026493
954 0.027675
955 0.028643
956 0.029230
957 0.029076
958 0.028581
959 0.027654
960 0.026220
962 0.025103
1097 0.024540
1215 0.029707
1217 0.034833
1367 0.037200
1421 0.038662
1422 0.040200
1600 0.045891
1641 0.048413
1915 0.052286
1998 0.053237
2466 0.055337
2492 0.056528
2546 0.059039
2582 0.062572
2645 0.064505
2892 0.070678
2948 0.069935
3148 0.074891
3252 0.078017
3267 0.079433
3268 0.081087
3269 0.083822
3270 0.087312
3309 0.088480
3310 0.089009
3311 0.088807
3312 0.084320
3313 0.082088
3314 0.083478
3315 0.084638
3316 0.084899
3317 0.080253
3323 0.078948
3324 0.077151
3325 0.077790
3326 0.076501
3327 0.075568
3328 0.073163
3329 0.069580
3331 0.066821
3332 0.059619
3333 0.059429
3334 0.053256
3335 0.049593
3338 0.047799
3340 0.045971
3341 0.042993
3342 0.039004
3344 0.037194
3345 0.036644
3346 0.036958
3347 0.037060
3348 0.036034
3349 0.033902
3416 0.032546
3417 0.031475
3418 0.030847
3419 0.030391
3420 0.029622
3430 0.030513
3432 0.031689
3433 0.032553
3435 0.033510
3436 0.034847
3437 0.037076
3462 0.041168
3464 0.043537
3465 0.044140
3466 0.043952
3467 0.044495
3482 0.044342
3484 0.044227
3524 0.048776
3525 0.051891
3526 0.054359
3528 0.057829
3529 0.060307
3530 0.063647
3535 0.064058
3590 0.064229
3716 0.067975
3784 0.069551
3955 0.070783
3958 0.071467
3959 0.071395
4409 0.073523
4410 0.076213
4412 0.077478
4413 0.078434
4415 0.077675
4416 0.074605
4417 0.072932
4420 0.075298
4421 0.075557
4422 0.074561
4423 0.074505
4426 0.075495
4427 0.072338
4428 0.071301
4430 0.069919
4431 0.067730
4432 0.066047
4434 0.061768
4435 0.060548
4436 0.059279
4437 0.054957
4438 0.053314
4439 0.051726
4440 0.050387
4442 0.048735
4443 0.045142
4444 0.042030
4445 0.040716
4446 0.038826
4447 0.037688
4448 0.037027
4450 0.036473
4451 0.033288
4452 0.032869
4453 0.032577
4454 0.032388
4456 0.031667
4457 0.030909
4458 0.029692
4459 0.029934
4460 0.031246
4461 0.034171
4463 0.038184
4465 0.041272
4466 0.043718
5035 0.049785
5085 0.052643
5260 0.054734
7757 0.055100
8855 0.060097
8939 0.059819
9172 0.063144
9206 0.068935
9224 0.081808
9253 0.083297
9266 0.089442
9403 0.090964
9430 0.093438
9549 0.099137
9685 0.105608
9912 0.107054
10374 0.110293
10376 0.111499
10377 0.112508
10384 0.113355
10385 0.111660
10386 0.107225
10387 0.103536
10388 0.100801
10389 0.098929
10390 0.094349
10391 0.093013
10392 0.092051
10394 0.096067
10395 0.095348
10413 0.096318
10415 0.093623
10416 0.087559
10418 0.075154
10419 0.074714
10420 0.069693
10421 0.070062
10423 0.068410
10455 0.063059
10456 0.056667
10458 0.055568
10460 0.054046
10476 0.052536
10477 0.051048
10478 0.048938
10479 0.048554
10480 0.049014
10481 0.048788
10482 0.048401
10503 0.049095
10505 0.048817
10507 0.047835
10508 0.047395
10509 0.043429
10544 0.040324
10547 0.041775
10691 0.044487
10693 0.047218
10748 0.046913
10749 0.045793
10750 0.045111
10751 0.043124
10752 0.043195
10754 0.043260
10755 0.043752
10765 0.044812
10766 0.044003
10767 0.044668
10768 0.045151
10769 0.045607
10771 0.044933
10793 0.044670
10794 0.044201
10795 0.048489
10796 0.051450
10797 0.053970
10798 0.056145
10799 0.057446
11167 0.056720
11200 0.055036
11202 0.052309
11228 0.050169
11353 0.050152
11436 0.050150
11438 0.050077
11593 0.050688
11594 0.050501
11595 0.049489
11596 0.053462
11597 0.057415
11609 0.055872
11610 0.057522
11612 0.058363
11614 0.058393
11615 0.057357
11616 0.056476
11624 0.055768
11625 0.055520
11626 0.051312
11627 0.047008
11628 0.045370
11629 0.044184
11658 0.042877
11659 0.043451
11661 0.044003
11662 0.044392
11668 0.043460
11669 0.040174
11670 0.039652
11673 0.041034
11674 0.041253
11675 0.042147
11699 0.042808
11700 0.038449
11706 0.034577
11707 0.034136
11708 0.030860
11709 0.030464
11710 0.031378
11711 0.032790
11712 0.034555
11713 0.034145
11714 0.033673
11715 0.035776
11718 0.038846
11737 0.038431
11821 0.039379
11923 0.040664
12390 0.041421
13041 0.044888
14863 0.047573
14882 0.049138
14980 0.050826
15396 0.051385
15520 0.050510
16323 0.051069
16356 0.050991
16496 0.051744
16497 0.052231
16498 0.052136
16499 0.052868
16500 0.053716
16501 0.052384
16502 0.050493
16503 0.049171
16506 0.048742
16507 0.050221
16508 0.051060
16509 0.049491
16512 0.050548
16513 0.051206
16514 0.049856
16516 0.050320
16520 0.049606
16521 0.046221
16522 0.043997
16529 0.044282
16530 0.043805
16595 0.047407
16601 0.049737
16644 0.050646
16645 0.050889
16646 0.049987
16647 0.049284
16648 0.049302
16649 0.050531
16682 0.051800
16683 0.052976
16684 0.053911
16687 0.054312
16688 0.053343
16689 0.051598
16691 0.050732
16692 0.049393
16695 0.046680
16708 0.045948
16709 0.045766
16710 0.044097
16711 0.044015
16712 0.043597
16717 0.046706
16718 0.046722
16719 0.047770
16720 0.045299
16721 0.044840
16722 0.043530
16723 0.043622
16724 0.044603
16726 0.046125
16769 0.047863
16794 0.048609
16835 0.048039
16836 0.047910
16837 0.048595
16863 0.051169
16925 0.054225
17015 0.056743
17018 0.060255
17019 0.062050
17037 0.061258
17038 0.060088
17039 0.059028
17040 0.058205
17041 0.057982
17043 0.058673
17044 0.055683
17046 0.054178
17047 0.053147
17049 0.053318
17050 0.052360
17051 0.051295
17052 0.050202
17053 0.048696
17054 0.046984
17055 0.044369
17056 0.041714
17057 0.040274
17060 0.041048
17061 0.040427
17062 0.037734
17063 0.034239
17064 0.031261
17065 0.027191
17066 0.024849
17067 0.023361
17068 0.022348
17069 0.021846
17073 0.023947
17074 0.025765
17075 0.026655
17076 0.027004
17077 0.026483
17078 0.025766
17079 0.024393
17089 0.023196
17090 0.022559
17091 0.022287
17092 0.022254
17095 0.024890
17097 0.027087
17098 0.028340
17099 0.029369
17100 0.027745
17101 0.026867
17102 0.026829
17103 0.027540
17104 0.028722
17194 0.029577
17195 0.029959
17196 0.030457
17197 0.031417
17199 0.033259
17201 0.030921
17202 0.029568
17203 0.028340
17205 0.027339
17206 0.026974
17207 0.026956
17208 0.026825
17243 0.026434
17244 0.026228
17246 0.026845
17247 0.027056
17250 0.024636
17252 0.022671
17253 0.021611
17264 0.021053
17265 0.020829
17266 0.020851
17267 0.020698
17268 0.019950
17341 0.019998
17342 0.020137
17412 0.020441
17418 0.024252
17419 0.026767
17455 0.027930
17461 0.029992
17725 0.034130
18276 0.040314
18823 0.042477
19758 0.045542
20492 0.045658
21223 0.045918
21860 0.045726
21882 0.046955
22219 0.046641
22225 0.046905
22255 0.047601
22557 0.047708
22605 0.047569
22606 0.047184
22607 0.046899
22608 0.046765
22609 0.046443
22610 0.046285
22611 0.045083
22627 0.045460
22629 0.046091
22630 0.042541
22631 0.039493
22632 0.036498
22633 0.034527
22634 0.029643
22635 0.023048
22636 0.020669
22637 0.017354
22658 0.019088
22660 0.019932
22662 0.022031
22788 0.022498
22892 0.024709
23258 0.026044
23505 0.027387
23991 0.028257
24640 0.029131
24693 0.029248
24700 0.029817
