866 0.055715
867 0.058578
868 0.057643
870 0.056477
871 0.054996
932 0.048958
933 0.049587
938 0.048070
939 0.047465
940 0.046682
941 0.048679
942 0.051371
943 0.051299
944 0.052843
945 0.050672
947 0.050731
948 0.051487
949 0.051553
950 0.055753
951 0.055810
952 0.053489
953 0.049093
954 0.052869
955 0.050592
956 0.052085
957 0.053972
958 0.051513
959 0.051018
960 0.052731
962 0.054236
1097 0.055927
1215 0.055377
1217 0.055473
1367 0.058737
1421 0.057257
1422 0.059396
1600 0.056431
1641 0.055060
1915 0.054885
1998 0.061451
2466 0.062771
2492 0.064488
2546 0.066698
2582 0.064386
2645 0.061893
2892 0.059985
2948 0.060539
3148 0.056799
3252 0.059034
3267 0.056398
3268 0.053081
3269 0.051990
3270 0.052431
3309 0.052226
3310 0.049539
3311 0.049005
3312 0.050267
3313 0.049975
3314 0.047192
3315 0.047696
3316 0.042185
3317 0.044092
3323 0.045367
3324 0.045979
3325 0.040832
3326 0.044955
3327 0.045182
3328 0.043397
3329 0.042636
3331 0.043370
3332 0.043343
3333 0.042416
3334 0.044736
3335 0.044030
3338 0.043506
3340 0.043069
3341 0.043473
3342 0.043859
3344 0.042676
3345 0.042813
3346 0.044055
3347 0.043827
3348 0.044445
3349 0.044408
3416 0.041439
3417 0.041065
3418 0.038594
3419 0.037686
3420 0.037077
3430 0.037400
3432 0.032504
3433 0.031091
3435 0.031204
3436 0.030042
3437 0.030344
3462 0.030608
3464 0.031685
3465 0.029460
3466 0.028967
3467 0.029036
3482 0.029431
3484 0.028393
3524 0.029378
3525 0.028697
3526 0.027935
3528 0.028642
3529 0.030887
3530 0.030916
3535 0.033823
3590 0.034740
3716 0.035000
3784 0.035496
3955 0.034283
3958 0.032320
3959 0.031612
4409 0.031413
4410 0.031258
4412 0.030428
4413 0.031790
4415 0.035384
4416 0.036301
4417 0.035512
4420 0.036658
4421 0.036749
4422 0.037237
4423 0.036774
4426 0.037223
4427 0.035727
4428 0.040334
4430 0.041903
4431 0.039349
4432 0.046580
4434 0.049757
4435 0.052381
4436 0.052415
4437 0.052331
4438 0.057442
4439 0.058277
4440 0.057912
4442 0.058019
4443 0.058148
4444 0.057575
4445 0.059609
4446 0.058047
4447 0.053022
4448 0.051470
4450 0.052991
4451 0.051674
4452 0.056007
4453 0.056572
4454 0.060345
4456 0.065954
4457 0.066023
4458 0.064056
4459 0.066546
4460 0.073406
4461 0.065512
4463 0.062434
4465 0.058634
4466 0.066579
5035 0.068011
5085 0.061693
5260 0.064221
7757 0.065070
8855 0.065624
8939 0.065198
9172 0.067277
9206 0.071683
9224 0.075552
9253 0.077897
9266 0.079540
9403 0.081327
9430 0.081362
9549 0.077732
9685 0.078585
9912 0.077875
10374 0.072703
10376 0.072258
10377 0.073904
10384 0.070270
10385 0.063891
10386 0.061549
10387 0.061062
10388 0.061044
10389 0.053177
10390 0.052164
10391 0.052780
10392 0.051637
10394 0.051227
10395 0.051632
10413 0.051491
10415 0.049213
10416 0.042338
10418 0.040196
10419 0.041350
10420 0.039919
10421 0.039092
10423 0.042329
10455 0.040822
10456 0.039435
10458 0.036891
10460 0.036054
10476 0.036311
10477 0.032379
10478 0.034126
10479 0.036231
10480 0.036137
10481 0.035494
10482 0.035039
10503 0.033743
10505 0.033076
10507 0.034499
10508 0.033640
10509 0.033451
10544 0.031553
10547 0.032273
10691 0.031816
10693 0.033269
10748 0.033810
10749 0.032769
10750 0.035438
10751 0.036344
10752 0.033212
10754 0.034442
10755 0.034975
10765 0.035163
10766 0.038414
10767 0.039066
10768 0.038805
10769 0.037674
10771 0.035358
10793 0.035963
10794 0.038633
10795 0.037980
10796 0.038143
10797 0.038027
10798 0.040777
10799 0.044060
11167 0.043318
11200 0.044428
11202 0.044167
11228 0.044601
11353 0.045880
11436 0.044528
11438 0.043914
11593 0.041820
11594 0.038661
11595 0.041087
11596 0.039876
11597 0.040699
11609 0.039894
11610 0.038315
11612 0.038846
11614 0.039173
11615 0.038363
11616 0.037736
11624 0.036981
11625 0.034891
11626 0.034287
11627 0.034843
11628 0.034996
11629 0.031098
11658 0.026895
11659 0.027576
11661 0.026977
11662 0.028231
11668 0.027577
11669 0.025364
11670 0.024328
11673 0.024005
11674 0.022320
11675 0.022298
11699 0.019764
11700 0.019970
11706 0.018687
11707 0.018872
11708 0.017205
11709 0.016290
11710 0.016014
11711 0.017037
11712 0.018125
11713 0.019391
11714 0.019667
11715 0.019296
11718 0.019188
11737 0.019373
11821 0.018846
11923 0.019177
12390 0.018763
13041 0.017931
14863 0.017311
14882 0.024724
14980 0.024517
15396 0.029618
15520 0.028744
16323 0.033978
16356 0.035486
16496 0.039575
16497 0.047346
16498 0.047047
16499 0.047852
16500 0.051016
16501 0.057862
16502 0.059965
16503 0.065979
16506 0.068403
16507 0.070995
16508 0.071419
16509 0.082292
16512 0.085389
16513 0.087375
16514 0.089041
16516 0.089424
16520 0.091190
16521 0.092737
16522 0.093343
16529 0.088730
16530 0.090831
16595 0.085685
16601 0.085552
16644 0.081345
16645 0.080275
16646 0.078176
16647 0.076503
16648 0.084922
16649 0.084055
16682 0.081351
16683 0.076121
16684 0.074104
16687 0.068095
16688 0.064351
16689 0.060541
16691 0.063255
16692 0.053049
16695 0.050108
16708 0.048387
16709 0.048721
16710 0.048817
16711 0.049995
16712 0.048302
16717 0.047545
16718 0.046620
16719 0.046435
16720 0.050854
16721 0.051131
16722 0.052776
16723 0.055589
16724 0.054612
16726 0.054567
16769 0.047125
16794 0.047911
16835 0.050619
16836 0.050464
16837 0.055375
16863 0.056357
16925 0.060932
17015 0.062920
17018 0.060216
17019 0.059621
17037 0.061240
17038 0.063582
17039 0.062458
17040 0.061215
17041 0.057831
17043 0.059206
17044 0.061755
17046 0.061364
17047 0.062259
17049 0.059436
17050 0.059220
17051 0.057114
17052 0.053181
17053 0.052673
17054 0.047487
17055 0.045785
17056 0.046087
17057 0.047506
17060 0.046086
17061 0.041169
17062 0.038931
17063 0.035041
17064 0.033135
17065 0.032759
17066 0.032708
17067 0.031367
17068 0.028546
17069 0.027440
17073 0.027532
17074 0.028030
17075 0.027875
17076 0.030071
17077 0.028534
17078 0.029118
17079 0.027657
17089 0.027372
17090 0.029168
17091 0.030558
17092 0.031879
17095 0.030588
17097 0.030640
17098 0.030064
17099 0.027383
17100 0.028181
17101 0.031735
17102 0.033499
17103 0.037715
17104 0.047123
17194 0.047017
17195 0.046919
17196 0.047995
17197 0.049654
17199 0.049653
17201 0.052198
17202 0.052882
17203 0.054774
17205 0.056199
17206 0.062039
17207 0.058773
17208 0.066896
17243 0.068084
17244 0.065811
17246 0.064387
17247 0.063919
17250 0.063698
17252 0.068576
17253 0.067950
17264 0.066592
17265 0.066000
17266 0.062839
17267 0.064111
17268 0.060308
17341 0.051035
17342 0.052148
17412 0.053904
17418 0.053051
17419 0.054155
17455 0.054363
17461 0.052610
17725 0.052262
18276 0.051191
18823 0.044767
19758 0.039007
20492 0.039381
21223 0.031525
21860 0.032028
21882 0.032644
22219 0.033409
22225 0.032879
22255 0.033141
22557 0.030644
22605 0.032402
22606 0.033791
22607 0.033087
22608 0.034914
22609 0.034290
22610 0.035166
22611 0.035598
22627 0.033749
22629 0.032295
22630 0.031509
22631 0.030160
22632 0.029991
22633 0.029427
22634 0.028690
22635 0.028420
22636 0.027797
22637 0.028353
22658 0.027807
22660 0.028849
22662 0.026827
22788 0.026022
22892 0.026026
23258 0.025158
23505 0.025833
23991 0.023614
24640 0.024705
24693 0.023568
24700 0.027087
