784 0.085037
785 0.080095
786 0.075580
787 0.064714
801 0.061525
802 0.056738
803 0.056296
804 0.056078
805 0.050485
817 0.049092
818 0.049621
819 0.050507
820 0.051856
1085 0.051957
1307 0.049799
1308 0.046402
1309 0.043708
1310 0.042383
1315 0.043414
1316 0.046312
1328 0.051017
1359 0.054524
1360 0.056949
1377 0.057325
1411 0.061487
1423 0.066857
1519 0.067034
1623 0.067985
1665 0.069161
1846 0.067196
1847 0.065558
1848 0.063775
1856 0.062622
1857 0.060988
1858 0.060488
1859 0.061650
1860 0.061230
1861 0.060333
1862 0.058112
1865 0.064909
1874 0.066829
1875 0.066770
1879 0.067050
1882 0.070286
1884 0.071450
1885 0.070782
1886 0.070305
1887 0.070465
1893 0.072985
1933 0.067124
1934 0.063176
1952 0.063988
2055 0.065487
2128 0.065917
2183 0.070551
2229 0.075461
2334 0.077012
2357 0.077486
2381 0.080732
2382 0.083835
2383 0.083621
2384 0.083476
2385 0.083401
2386 0.084724
2387 0.081071
2391 0.081388
2392 0.085415
2393 0.087880
2394 0.085293
2395 0.082236
2396 0.078970
2397 0.078632
2398 0.079320
2399 0.078925
2400 0.081573
2401 0.082523
2402 0.083044
2403 0.082291
2404 0.082096
2405 0.078329
2407 0.075128
2408 0.074865
2409 0.074380
2410 0.071322
2411 0.070907
2413 0.070753
2414 0.070304
2433 0.069258
2434 0.067601
2435 0.064884
2437 0.063553
2438 0.059369
2440 0.056576
2441 0.054347
2452 0.053177
2453 0.052164
2473 0.052585
2474 0.050209
2475 0.048032
2477 0.045157
2478 0.043062
2479 0.041469
2480 0.039683
2481 0.038086
2514 0.038529
2515 0.037551
2516 0.036514
2517 0.036405
2519 0.036142
2522 0.035310
2523 0.034208
2524 0.033637
2526 0.033036
2527 0.032308
2530 0.038114
2531 0.042464
2608 0.046954
2877 0.052362
3296 0.053161
3811 0.053701
3950 0.058770
4264 0.061744
4302 0.063178
4313 0.063888
4373 0.062486
4398 0.062366
4884 0.062832
4887 0.062965
4900 0.066914
5045 0.067651
5046 0.069052
5047 0.070375
5048 0.071102
5049 0.071814
5050 0.070531
5051 0.070241
5052 0.069450
5053 0.069656
5054 0.069853
5057 0.066074
5058 0.062569
5059 0.059549
5060 0.055393
5061 0.055611
5062 0.055790
5063 0.051781
5064 0.046642
5143 0.052815
5149 0.058428
5151 0.062140
5240 0.065745
5241 0.067733
5243 0.069918
5245 0.067396
5247 0.065294
5268 0.066624
5454 0.067501
5675 0.067834
5850 0.069103
5875 0.069930
6010 0.069576
6149 0.070138
6315 0.070114
6316 0.070079
6317 0.068394
6318 0.067904
6320 0.069262
6321 0.070138
6322 0.071169
6347 0.070052
6349 0.068955
6350 0.067933
6352 0.059308
6353 0.052858
6354 0.049588
6355 0.046840
6356 0.045165
6357 0.043179
6358 0.042321
6359 0.041498
6360 0.037375
6361 0.034350
6362 0.032225
6363 0.029697
6364 0.027571
6366 0.027616
6367 0.027486
6368 0.028219
6369 0.029023
6370 0.029116
6371 0.028609
6372 0.026727
6373 0.025684
6374 0.024750
6375 0.025937
6377 0.027340
6378 0.028207
6480 0.028864
6481 0.029440
6573 0.032594
6578 0.031941
6586 0.032494
6587 0.033193
6588 0.033544
6591 0.034160
6592 0.033946
6593 0.033812
6594 0.034033
6595 0.034134
6598 0.038390
6599 0.040059
6600 0.040559
6601 0.040367
6602 0.039949
6609 0.042477
6610 0.043979
6644 0.047022
6645 0.048742
6647 0.051529
6698 0.055507
6702 0.058722
6704 0.058871
6705 0.058534
6716 0.058867
6809 0.057161
6826 0.063368
6916 0.065245
6973 0.064757
7025 0.064195
7062 0.065063
7128 0.065916
7134 0.067099
7135 0.068076
7136 0.069088
7139 0.066116
7140 0.064825
7153 0.064075
7154 0.063903
7155 0.064884
7166 0.062537
7167 0.061245
7168 0.060173
7169 0.059315
7170 0.057083
7172 0.055268
7173 0.051781
7174 0.050965
7175 0.050093
7176 0.048523
7177 0.046350
7178 0.039650
7179 0.036543
7272 0.038169
7273 0.039074
7274 0.038357
7275 0.038382
7279 0.040039
7280 0.041069
7282 0.040835
7283 0.040152
7284 0.039242
7285 0.038726
7286 0.038172
7287 0.036854
7288 0.036303
7291 0.035762
7293 0.032997
7294 0.031178
7295 0.029804
7329 0.027030
7330 0.026086
7331 0.025685
7332 0.025632
7333 0.025645
7334 0.025778
7336 0.026214
7380 0.027755
7381 0.026342
7382 0.025276
7383 0.024482
7384 0.024006
7385 0.021575
7386 0.019834
7404 0.019976
7405 0.019776
7406 0.019536
7407 0.019352
7408 0.019427
7411 0.019092
7426 0.020104
7427 0.020609
7428 0.020882
7429 0.020718
7430 0.020443
7441 0.021042
7442 0.021496
7443 0.021946
7444 0.022552
7445 0.023269
7468 0.022917
7469 0.022310
7472 0.021947
7474 0.021324
7475 0.021121
7476 0.021222
7479 0.021700
7480 0.021738
7481 0.021582
7485 0.022160
7486 0.023089
7487 0.023927
7488 0.024367
7498 0.024398
7499 0.023680
7500 0.021390
7501 0.020164
7502 0.020614
7505 0.022851
7509 0.024364
7510 0.023790
7512 0.023527
7523 0.024743
7524 0.024362
7528 0.023911
7531 0.024691
7532 0.024713
7533 0.022970
7534 0.022365
7563 0.024496
7566 0.025036
7567 0.025295
7570 0.026375
7573 0.028331
7575 0.027359
7576 0.026675
7579 0.029644
7581 0.029658
7609 0.029674
7637 0.032285
7638 0.035378
7639 0.040973
7921 0.043650
7922 0.041561
7963 0.041445
7964 0.041857
7966 0.042036
7992 0.043039
8033 0.051262
8034 0.055121
8095 0.056779
8123 0.059582
8126 0.061596
8128 0.063002
8129 0.061422
8134 0.061496
8171 0.063233
8225 0.065102
8226 0.065735
8227 0.067927
8230 0.070445
8233 0.068941
8234 0.070389
8236 0.075409
8243 0.078202
8255 0.082969
8263 0.080533
8264 0.077915
8266 0.078369
8267 0.079134
8268 0.081352
8271 0.084180
8273 0.084258
8275 0.077740
8276 0.073944
8277 0.071409
8278 0.068672
8279 0.067368
8280 0.067684
8283 0.070684
8284 0.073221
8287 0.073302
8290 0.072759
8291 0.073129
8292 0.074805
8294 0.077410
8295 0.080293
8296 0.083175
8509 0.082346
8558 0.081624
8718 0.076746
8722 0.077019
8780 0.077957
9064 0.080314
9170 0.080405
9183 0.080448
9377 0.079608
9563 0.078359
9821 0.078431
10049 0.079492
10050 0.080438
10051 0.081910
10052 0.084170
10053 0.085620
10054 0.083773
10056 0.084211
10065 0.086699
10067 0.089813
10068 0.092393
10109 0.089200
10110 0.084294
10111 0.080084
10113 0.075736
10114 0.072155
10139 0.069221
10140 0.067390
10208 0.067186
10209 0.068330
10335 0.068417
10336 0.069271
10343 0.066710
10345 0.064842
10347 0.064302
10380 0.065010
10451 0.064994
10454 0.065675
10463 0.066582
10471 0.064828
10472 0.062180
10473 0.060715
10490 0.058709
10491 0.053685
10492 0.048324
10494 0.043701
10522 0.044664
10585 0.044569
10586 0.043650
10587 0.043299
10589 0.042703
10590 0.042312
10591 0.042789
10592 0.040198
10670 0.037733
10671 0.034997
10672 0.032229
10673 0.032288
10674 0.032903
10678 0.033014
10679 0.031364
10680 0.031268
10681 0.031131
10682 0.030762
10713 0.033605
10714 0.036062
10715 0.037528
11023 0.036267
11690 0.044591
12709 0.051489
12711 0.054236
12878 0.054015
12960 0.056136
13951 0.061179
13977 0.066405
14058 0.067348
14071 0.066893
14215 0.068763
14217 0.072940
14295 0.074093
14557 0.074776
14701 0.075621
14738 0.077101
15238 0.076362
15242 0.077662
15243 0.078430
15343 0.079818
15344 0.079775
15345 0.078234
15346 0.074755
15347 0.072292
15348 0.070665
15349 0.070203
15350 0.061897
15351 0.054664
15352 0.051032
15353 0.049737
15354 0.048241
15355 0.045481
15356 0.041399
15357 0.041288
15358 0.041571
15382 0.039853
15383 0.036414
15384 0.035992
15387 0.035412
15388 0.035260
15423 0.034562
15433 0.035058
15500 0.033859
15501 0.033522
15502 0.033000
15537 0.033658
16006 0.033239
16107 0.034970
16108 0.036105
16110 0.036629
16111 0.037591
16112 0.038463
16113 0.039750
16115 0.040337
16116 0.041121
16163 0.040974
16164 0.039381
16165 0.038498
16174 0.039021
16175 0.039395
16176 0.039050
16182 0.038894
16183 0.038140
16185 0.038159
16186 0.037433
16187 0.036226
16188 0.035366
16189 0.034133
16190 0.032641
16191 0.030317
16192 0.028174
16193 0.027873
16195 0.025626
16196 0.024017
16197 0.023070
16198 0.021810
16199 0.020571
16200 0.019188
16201 0.018396
16202 0.016756
16203 0.015638
16204 0.014892
16205 0.014626
16206 0.013196
16207 0.012474
16208 0.012108
16229 0.012667
16230 0.012334
16231 0.011909
16232 0.012062
16233 0.013265
16234 0.016553
16238 0.018061
16343 0.019042
16389 0.020220
16633 0.023640
16902 0.024928
17008 0.025672
17045 0.026305
17624 0.026461
17786 0.028199
17788 0.028816
17789 0.029184
17790 0.029584
17791 0.030069
17809 0.031285
17865 0.032177
17866 0.032205
17867 0.032024
17868 0.031545
17927 0.031934
17928 0.031246
17930 0.031791
17931 0.032277
17932 0.032680
17934 0.033958
17935 0.032806
17948 0.034142
17949 0.035021
17950 0.036579
18372 0.035136
18459 0.035797
18526 0.036176
18527 0.036392
18617 0.038341
19085 0.038136
19101 0.039615
19102 0.040887
19103 0.041902
19357 0.043664
19409 0.043875
19410 0.044072
19412 0.044239
19413 0.044222
19414 0.044451
19444 0.045177
19447 0.047276
19448 0.048539
19449 0.049599
19450 0.049751
19451 0.047463
19452 0.045706
19454 0.043150
19455 0.041655
19456 0.039713
19457 0.038743
19458 0.037799
19459 0.037639
19460 0.037557
19461 0.035824
19462 0.034589
19463 0.033406
19464 0.032373
19465 0.032070
19466 0.030811
19467 0.030043
19468 0.028982
19469 0.028487
19470 0.030021
19471 0.031126
19473 0.030646
19474 0.028383
19480 0.027745
19481 0.027400
19482 0.027216
19483 0.027459
19484 0.027433
19486 0.028183
19487 0.028260
19488 0.027800
19490 0.027422
19491 0.026699
19492 0.025811
19493 0.024983
19494 0.024443
19496 0.024137
19498 0.023461
19499 0.022771
19500 0.021630
19501 0.020695
19502 0.019921
19504 0.019354
19505 0.018919
19506 0.016697
19507 0.014975
19508 0.013235
19509 0.012279
19510 0.010772
19511 0.009233
19512 0.008197
19513 0.007371
19514 0.006696
19515 0.005479
19516 0.004903
19517 0.004702
19518 0.004344
19519 0.004139
19520 0.004072
19522 0.004041
19524 0.004152
19525 0.004092
19526 0.003935
19537 0.004162
19538 0.004363
19539 0.004473
19540 0.004910
19591 0.007026
19592 0.008415
19593 0.009424
19812 0.009884
19813 0.010055
19830 0.011659
19832 0.013253
19833 0.013953
19880 0.015168
19882 0.016363
20255 0.017832
20317 0.018654
20362 0.023982
21876 0.028263
21974 0.028997
22370 0.029660
22467 0.030616
22533 0.031740
22708 0.032829
22771 0.033691
22971 0.036464
23596 0.037995
23677 0.038641
23678 0.039212
23719 0.042432
23731 0.043722
23732 0.045022
23762 0.045499
23794 0.047096
23845 0.048680
23847 0.048365
23848 0.047717
23856 0.049885
23857 0.050202
23858 0.050480
23859 0.050905
23862 0.050700
23863 0.046469
23870 0.043381
23871 0.044021
23877 0.044705
23879 0.044768
23880 0.044595
23882 0.044368
23883 0.045715
23884 0.045653
23885 0.047601
23886 0.050027
23914 0.050168
23915 0.047758
23916 0.046630
23933 0.046438
23934 0.046263
23935 0.046150
23962 0.051322
23967 0.050322
23998 0.050284
24051 0.049320
24053 0.049374
24054 0.048706
24055 0.047298
24057 0.047158
24058 0.046468
24059 0.045561
24061 0.044253
24062 0.043201
24068 0.042794
24070 0.043376
24071 0.043682
24082 0.041738
24083 0.039553
24089 0.037133
24090 0.034301
24092 0.033687
24094 0.032380
24095 0.031365
24097 0.030183
24098 0.031930
24120 0.031329
24121 0.026184
24147 0.026515
24148 0.025797
24149 0.024552
24211 0.024003
24212 0.023897
24213 0.025157
24287 0.026973
24374 0.028379
24375 0.028092
24376 0.027885
24377 0.027939
24485 0.029066
24486 0.028924
24487 0.029733
24488 0.031978
24496 0.034059
24497 0.033321
24498 0.033485
24499 0.034535
24506 0.036354
24507 0.035571
24508 0.034798
24509 0.032842
24510 0.032762
24515 0.034865
24516 0.034992
24517 0.035138
24518 0.035391
24519 0.035433
24520 0.036507
24521 0.036171
24522 0.036701
24571 0.036769
24572 0.038206
24585 0.042170
24586 0.042109
24587 0.040313
24588 0.039360
24589 0.038417
24590 0.037264
24591 0.037111
24592 0.040332
24594 0.041269
24595 0.041599
24596 0.040378
