784 0.061885
785 0.050785
786 0.045370
787 0.046577
801 0.045738
802 0.044827
803 0.046607
804 0.047527
805 0.049453
817 0.047869
818 0.052752
819 0.052460
820 0.052641
1085 0.048813
1307 0.048990
1308 0.050284
1309 0.052609
1310 0.056999
1315 0.058798
1316 0.058222
1328 0.055811
1359 0.057066
1360 0.059827
1377 0.057983
1411 0.057370
1423 0.057887
1519 0.056965
1623 0.055396
1665 0.050392
1846 0.048961
1847 0.048374
1848 0.047488
1856 0.048891
1857 0.046775
1858 0.044832
1859 0.041176
1860 0.041331
1861 0.038103
1862 0.040440
1865 0.038647
1874 0.037155
1875 0.036378
1879 0.033603
1882 0.030583
1884 0.029333
1885 0.029153
1886 0.028976
1887 0.026614
1893 0.028340
1933 0.025086
1934 0.027244
1952 0.026322
2055 0.027313
2128 0.027213
2183 0.026520
2229 0.027510
2334 0.027414
2357 0.025152
2381 0.025652
2382 0.026671
2383 0.025509
2384 0.025970
2385 0.025984
2386 0.023824
2387 0.023572
2391 0.022784
2392 0.021350
2393 0.020396
2394 0.019997
2395 0.020667
2396 0.020742
2397 0.020181
2398 0.019193
2399 0.017666
2400 0.018405
2401 0.015464
2402 0.015761
2403 0.015219
2404 0.015402
2405 0.015578
2407 0.014609
2408 0.015516
2409 0.015586
2410 0.016298
2411 0.015031
2413 0.015860
2414 0.017078
2433 0.017876
2434 0.019592
2435 0.020945
2437 0.020933
2438 0.021594
2440 0.022869
2441 0.024814
2452 0.025781
2453 0.028117
2473 0.028694
2474 0.028944
2475 0.031988
2477 0.032306
2478 0.033073
2479 0.033536
2480 0.034558
2481 0.036640
2514 0.036609
2515 0.036991
2516 0.037850
2517 0.038424
2519 0.038252
2522 0.039143
2523 0.039431
2524 0.040578
2526 0.041616
2527 0.040846
2530 0.040446
2531 0.040940
2608 0.040978
2877 0.039975
3296 0.041861
3811 0.046707
3950 0.050951
4264 0.054383
4302 0.057945
4313 0.054681
4373 0.057463
4398 0.058586
4884 0.062640
4887 0.061269
4900 0.061830
5045 0.063011
5046 0.063161
5047 0.061616
5048 0.062047
5049 0.062256
5050 0.063104
5051 0.063718
5052 0.062552
5053 0.062445
5054 0.061697
5057 0.060552
5058 0.059874
5059 0.062756
5060 0.062309
5061 0.058520
5062 0.053598
5063 0.049322
5064 0.049773
5143 0.046194
5149 0.050705
5151 0.051408
5240 0.050402
5241 0.048203
5243 0.049075
5245 0.046871
5247 0.045475
5268 0.044915
5454 0.050124
5675 0.052674
5850 0.055529
5875 0.053818
6010 0.053934
6149 0.052032
6315 0.051606
6316 0.052245
6317 0.052586
6318 0.053163
6320 0.049952
6321 0.050979
6322 0.050768
6347 0.050552
6349 0.048724
6350 0.045295
6352 0.044662
6353 0.040730
6354 0.036275
6355 0.036334
6356 0.035766
6357 0.036701
6358 0.041039
6359 0.043848
6360 0.043835
6361 0.039150
6362 0.039230
6363 0.036112
6364 0.040533
6366 0.038873
6367 0.039904
6368 0.038741
6369 0.039334
6370 0.039462
6371 0.041314
6372 0.040505
6373 0.039402
6374 0.039420
6375 0.040176
6377 0.038854
6378 0.041231
6480 0.041877
6481 0.044504
6573 0.046371
6578 0.046893
6586 0.046614
6587 0.045557
6588 0.045342
6591 0.044588
6592 0.045448
6593 0.045588
6594 0.042988
6595 0.043338
6598 0.039613
6599 0.039320
6600 0.038258
6601 0.039371
6602 0.038279
6609 0.039860
6610 0.037164
6644 0.037783
6645 0.038266
6647 0.039515
6698 0.037233
6702 0.037132
6704 0.034190
6705 0.034761
6716 0.034072
6809 0.032251
6826 0.030710
6916 0.029673
6973 0.030756
7025 0.026440
7062 0.026395
7128 0.026492
7134 0.027014
7135 0.027267
7136 0.026582
7139 0.028198
7140 0.028511
7153 0.028395
7154 0.027823
7155 0.027584
7166 0.027698
7167 0.029606
7168 0.029031
7169 0.028975
7170 0.027750
7172 0.028936
7173 0.030164
7174 0.030020
7175 0.030232
7176 0.031844
7177 0.035425
7178 0.035973
7179 0.036724
7272 0.034755
7273 0.035603
7274 0.035286
7275 0.035514
7279 0.033427
7280 0.032204
7282 0.032815
7283 0.030434
7284 0.030333
7285 0.030558
7286 0.029688
7287 0.030989
7288 0.029527
7291 0.027462
7293 0.028299
7294 0.028041
7295 0.028372
7329 0.028392
7330 0.028456
7331 0.027645
7332 0.026699
7333 0.023015
7334 0.019315
7336 0.020031
7380 0.018462
7381 0.018641
7382 0.017647
7383 0.016140
7384 0.015104
7385 0.015423
7386 0.015448
7404 0.016119
7405 0.016093
7406 0.017957
7407 0.018644
7408 0.018918
7411 0.019027
7426 0.018962
7427 0.018966
7428 0.018626
7429 0.018422
7430 0.018041
7441 0.017280
7442 0.016304
7443 0.016504
7444 0.015988
7445 0.015543
7468 0.015657
7469 0.014633
7472 0.015263
7474 0.015248
7475 0.015989
7476 0.015804
7479 0.015966
7480 0.017429
7481 0.018250
7485 0.017109
7486 0.017141
7487 0.015938
7488 0.017352
7498 0.017400
7499 0.016965
7500 0.018194
7501 0.022612
7502 0.024025
7505 0.023717
7509 0.024149
7510 0.024116
7512 0.025487
7523 0.025371
7524 0.027000
7528 0.026873
7531 0.026850
7532 0.027701
7533 0.028482
7534 0.029849
7563 0.032014
7566 0.035233
7567 0.035803
7570 0.034587
7573 0.033982
7575 0.033142
7576 0.032972
7579 0.032826
7581 0.031587
7609 0.031145
7637 0.030994
7638 0.032475
7639 0.028610
7921 0.028879
7922 0.030285
7963 0.030445
7964 0.031971
7966 0.031353
7992 0.031463
8033 0.030153
8034 0.031089
8095 0.034442
8123 0.034149
8126 0.034249
8128 0.034388
8129 0.033013
8134 0.030109
8171 0.029616
8225 0.029109
8226 0.029274
8227 0.029693
8230 0.030339
8233 0.029410
8234 0.030110
8236 0.032292
8243 0.032684
8255 0.029576
8263 0.029585
8264 0.027370
8266 0.026275
8267 0.025649
8268 0.023523
8271 0.023569
8273 0.023633
8275 0.025010
8276 0.026774
8277 0.023645
8278 0.024095
8279 0.023309
8280 0.021835
8283 0.021381
8284 0.021685
8287 0.023344
8290 0.023951
8291 0.024176
8292 0.025559
8294 0.024929
8295 0.025609
8296 0.024811
8509 0.022964
8558 0.022729
8718 0.023872
8722 0.025382
8780 0.026058
9064 0.028378
9170 0.029938
9183 0.030158
9377 0.030688
9563 0.031508
9821 0.030422
10049 0.028749
10050 0.029062
10051 0.028078
10052 0.028505
10053 0.028302
10054 0.028052
10056 0.027451
10065 0.026203
10067 0.025325
10068 0.025475
10109 0.024164
10110 0.024798
10111 0.024509
10113 0.024008
10114 0.027301
10139 0.026383
10140 0.025231
10208 0.024017
10209 0.024660
10335 0.022341
10336 0.020658
10343 0.020514
10345 0.022792
10347 0.021756
10380 0.021735
10451 0.021015
10454 0.020483
10463 0.021830
10471 0.020687
10472 0.021549
10473 0.022786
10490 0.022929
10491 0.022846
10492 0.023067
10494 0.022486
10522 0.022434
10585 0.022644
10586 0.022378
10587 0.021967
10589 0.019130
10590 0.023427
10591 0.029703
10592 0.029272
10670 0.029985
10671 0.029689
10672 0.031377
10673 0.035191
10674 0.037938
10678 0.043823
10679 0.050522
10680 0.057593
10681 0.068254
10682 0.070236
10713 0.072376
10714 0.072704
10715 0.071033
11023 0.071754
11690 0.070971
12709 0.070743
12711 0.074310
12878 0.075156
12960 0.075560
13951 0.075811
13977 0.077591
14058 0.078600
14071 0.076328
14215 0.070102
14217 0.070100
14295 0.070662
14557 0.079781
14701 0.080476
14738 0.085639
15238 0.082473
15242 0.084944
15243 0.094075
15343 0.087200
15344 0.078712
15345 0.075262
15346 0.076403
15347 0.079090
15348 0.084797
15349 0.084675
15350 0.085722
15351 0.086863
15352 0.088814
15353 0.090060
15354 0.095368
15355 0.096997
15356 0.103215
15357 0.102351
15358 0.105377
15382 0.105578
15383 0.105866
15384 0.106307
15387 0.099493
15388 0.098127
15423 0.092668
15433 0.094791
15500 0.088348
15501 0.075033
15502 0.076935
15537 0.077180
16006 0.081951
16107 0.079363
16108 0.076360
16110 0.070233
16111 0.070284
16112 0.072725
16113 0.074653
16115 0.071689
16116 0.070102
16163 0.065090
16164 0.065741
16165 0.058674
16174 0.058468
16175 0.053237
16176 0.055867
16182 0.055974
16183 0.053011
16185 0.052360
16186 0.053501
16187 0.051516
16188 0.046601
16189 0.047063
16190 0.044227
16191 0.043706
16192 0.042532
16193 0.037784
16195 0.038661
16196 0.038376
16197 0.039800
16198 0.040219
16199 0.039576
16200 0.038168
16201 0.035468
16202 0.037808
16203 0.037809
16204 0.036615
16205 0.036265
16206 0.035767
16207 0.037260
16208 0.036490
16229 0.040310
16230 0.042070
16231 0.042779
16232 0.045807
16233 0.047529
16234 0.050808
16238 0.049886
16343 0.058477
16389 0.059866
16633 0.060434
16902 0.063198
17008 0.062782
17045 0.062261
17624 0.066985
17786 0.066810
17788 0.065941
17789 0.064675
17790 0.065004
17791 0.062760
17809 0.062480
17865 0.063225
17866 0.062916
17867 0.064631
17868 0.063973
17927 0.061729
17928 0.059441
17930 0.058705
17931 0.058314
17932 0.059624
17934 0.058514
17935 0.055006
17948 0.053799
17949 0.046596
17950 0.045934
18372 0.044548
18459 0.043427
18526 0.042643
18527 0.044978
18617 0.038858
19085 0.038281
19101 0.037489
19102 0.037592
19103 0.039711
19357 0.039092
19409 0.037991
19410 0.037755
19412 0.038953
19413 0.037719
19414 0.037075
19444 0.037201
19447 0.035072
19448 0.034524
19449 0.033331
19450 0.027013
19451 0.024689
19452 0.026208
19454 0.028027
19455 0.027657
19456 0.025888
19457 0.025259
19458 0.023775
19459 0.026577
19460 0.025562
19461 0.027198
19462 0.029536
19463 0.028938
19464 0.032545
19465 0.032640
19466 0.034909
19467 0.037127
19468 0.036663
19469 0.041540
19470 0.040963
19471 0.041515
19473 0.042254
19474 0.044145
19480 0.043696
19481 0.045326
19482 0.046090
19483 0.047053
19484 0.046245
19486 0.044181
19487 0.043242
19488 0.042572
19490 0.043226
19491 0.042802
19492 0.039520
19493 0.039408
19494 0.037968
19496 0.035795
19498 0.035450
19499 0.032156
19500 0.029783
19501 0.027312
19502 0.025776
19504 0.024378
19505 0.019559
19506 0.019874
19507 0.019091
19508 0.018775
19509 0.016935
19510 0.017274
19511 0.014909
19512 0.014397
19513 0.014551
19514 0.014083
19515 0.014374
19516 0.014818
19517 0.015561
19518 0.016041
19519 0.016742
19520 0.019393
19522 0.018646
19524 0.018557
19525 0.018737
19526 0.022195
19537 0.021500
19538 0.021970
19539 0.023054
19540 0.022330
19591 0.022937
19592 0.021372
19593 0.020974
19812 0.029188
19813 0.033752
19830 0.034142
19832 0.035422
19833 0.039916
19880 0.040396
19882 0.044050
20255 0.044838
20317 0.045445
20362 0.045230
21876 0.046527
21974 0.049073
22370 0.049672
22467 0.047851
22533 0.053871
22708 0.054158
22771 0.055673
22971 0.052455
23596 0.055557
23677 0.054889
23678 0.055773
23719 0.056081
23731 0.056860
23732 0.058774
23762 0.058791
23794 0.050683
23845 0.049156
23847 0.049690
23848 0.050244
23856 0.047074
23857 0.050639
23858 0.046639
23859 0.045972
23862 0.046772
23863 0.048872
23870 0.047235
23871 0.044327
23877 0.043109
23879 0.042252
23880 0.038784
23882 0.040730
23883 0.038154
23884 0.039858
23885 0.036608
23886 0.038734
23914 0.037411
23915 0.038708
23916 0.039552
23933 0.037856
23934 0.039833
23935 0.041565
23962 0.038371
23967 0.037804
23998 0.038052
24051 0.037355
24053 0.036493
24054 0.036372
24055 0.035821
24057 0.034041
24058 0.034004
24059 0.036300
24061 0.038705
24062 0.040343
24068 0.042366
24070 0.043562
24071 0.042967
24082 0.043673
24083 0.043765
24089 0.043783
24090 0.041755
24092 0.041570
24094 0.041378
24095 0.039891
24097 0.040370
24098 0.039109
24120 0.041397
24121 0.044459
24147 0.045342
24148 0.042844
24149 0.044342
24211 0.045923
24212 0.045932
24213 0.047135
24287 0.052431
24374 0.052209
24375 0.049260
24376 0.046702
24377 0.046182
24485 0.044683
24486 0.042132
24487 0.041297
24488 0.042039
24496 0.041815
24497 0.043155
24498 0.044256
24499 0.044686
24506 0.043518
24507 0.043703
24508 0.046326
24509 0.045614
24510 0.041547
24515 0.038879
24516 0.037816
24517 0.040161
24518 0.038390
24519 0.033461
24520 0.033558
24521 0.033369
24522 0.028171
24571 0.025793
24572 0.026896
24585 0.027224
24586 0.026280
24587 0.025893
24588 0.026899
24589 0.025967
24590 0.027534
24591 0.026918
24592 0.034847
24594 0.037464
24595 0.044429
24596 0.047758
