735 0.071452
750 0.063206
751 0.057355
752 0.051002
755 0.046755
756 0.045122
757 0.044787
765 0.043002
768 0.039906
769 0.039685
770 0.039472
771 0.040721
773 0.040053
774 0.041004
1065 0.047348
1135 0.048489
1136 0.046826
1220 0.048309
1441 0.047480
1593 0.049002
2412 0.061024
2436 0.062686
2476 0.064016
2513 0.064662
2518 0.067955
2533 0.069594
2588 0.075148
2593 0.076608
2659 0.076872
2664 0.076309
2668 0.075829
2669 0.074737
2670 0.074694
2671 0.074653
2672 0.076699
2700 0.077331
2701 0.075851
2702 0.073375
2703 0.071818
2704 0.067104
2705 0.067376
2721 0.066875
2722 0.063230
2724 0.064011
2725 0.063627
2726 0.052278
2727 0.049993
2729 0.050164
2730 0.050617
2733 0.049600
2734 0.047849
2735 0.041447
2736 0.039827
2741 0.039638
2743 0.040046
2744 0.040097
2745 0.040096
2746 0.039786
2747 0.038386
2748 0.036055
2757 0.038247
2763 0.042000
2764 0.047816
2779 0.051426
2781 0.052492
2785 0.056875
3051 0.055815
3203 0.057424
3250 0.072831
3434 0.073249
3451 0.087322
3700 0.089300
4124 0.092883
4142 0.092493
4165 0.095303
4241 0.103187
4352 0.106256
4411 0.110158
4433 0.113984
4449 0.116759
4783 0.118621
4932 0.120533
4933 0.122734
4935 0.124903
4937 0.129766
4938 0.129822
4941 0.127763
4942 0.123540
4943 0.121097
4944 0.120832
4945 0.116754
4946 0.118678
4947 0.118345
4948 0.104351
4949 0.106389
4950 0.094512
4951 0.096050
4956 0.090872
4957 0.090059
4958 0.085504
4959 0.077415
4960 0.075545
4961 0.072500
4962 0.070019
4963 0.068017
4964 0.066865
4965 0.065660
4966 0.063813
4980 0.062599
4981 0.057211
4982 0.053276
4983 0.051969
4984 0.050196
4985 0.048344
5038 0.048825
5140 0.047306
5141 0.046169
5142 0.046390
5144 0.044596
5145 0.042029
5146 0.040159
5147 0.036955
5148 0.036464
5150 0.035999
5160 0.041390
5162 0.045431
5164 0.049008
5165 0.051847
5178 0.053669
5239 0.053794
5315 0.055962
5349 0.056753
5378 0.059286
5399 0.060334
5403 0.061904
5466 0.066292
5476 0.067178
5483 0.069387
5484 0.070668
5485 0.068672
5486 0.070912
5487 0.073058
5489 0.072966
5490 0.072645
5499 0.071373
5500 0.070360
5501 0.069268
5509 0.074532
5510 0.078191
5511 0.075237
5512 0.072914
5514 0.069737
5515 0.066961
5516 0.064748
5517 0.063859
5519 0.063875
5520 0.064515
5521 0.062840
5523 0.061761
5524 0.061181
5527 0.063338
5533 0.064437
5535 0.063796
5536 0.062632
5537 0.061842
5538 0.058857
5539 0.061598
5541 0.065031
5542 0.066387
5543 0.068315
5544 0.072316
5547 0.075418
5548 0.073682
5549 0.072708
5550 0.072917
5572 0.071742
5573 0.070785
5582 0.074787
5583 0.075469
5584 0.075970
5585 0.073657
5588 0.076171
5589 0.077750
5590 0.079133
5591 0.079946
5592 0.074768
5593 0.073211
5594 0.075386
5595 0.077283
5596 0.078311
5597 0.079284
5600 0.075830
5603 0.072220
5605 0.071176
5606 0.071877
5607 0.068927
5608 0.067128
5611 0.064618
5612 0.065883
5613 0.064346
5614 0.064469
5615 0.064410
5616 0.059666
5617 0.061081
5618 0.062369
5619 0.062950
5620 0.059010
5621 0.056390
5622 0.053789
5623 0.051436
5625 0.052437
5626 0.052941
5627 0.049722
5628 0.049019
5629 0.048556
5630 0.048430
5631 0.048550
5632 0.049594
5633 0.049863
5634 0.048265
5635 0.046744
5636 0.045346
5637 0.043967
5638 0.039951
5640 0.038224
5650 0.039204
5651 0.039697
5652 0.039632
5653 0.036551
5655 0.036291
5656 0.036407
5657 0.036705
5658 0.040642
5663 0.044253
5664 0.046300
5665 0.047304
5667 0.047025
5669 0.048103
5673 0.048211
5674 0.048853
5676 0.049009
5907 0.048066
6240 0.051697
6490 0.058107
6701 0.060033
6739 0.064653
6844 0.065459
6919 0.066484
7096 0.067887
7131 0.071428
7292 0.072812
7799 0.073273
7802 0.074543
7836 0.081997
7838 0.085929
7839 0.086575
7840 0.087488
7841 0.084497
7842 0.081675
7869 0.080345
7870 0.077544
7871 0.076914
7875 0.077271
7877 0.077204
7878 0.078085
7879 0.079348
7888 0.080241
7889 0.075675
7890 0.068863
7891 0.066773
7892 0.063154
7894 0.063365
7895 0.063182
7904 0.064322
7905 0.061673
7906 0.058729
7916 0.057355
7917 0.056080
7932 0.048490
7938 0.043211
7939 0.041167
7940 0.044041
7942 0.046460
7951 0.046620
7952 0.046540
7953 0.048096
7954 0.049028
7969 0.046852
7970 0.045642
7976 0.046561
7977 0.047701
7979 0.047810
7997 0.047288
7998 0.047778
7999 0.047902
8001 0.047414
8002 0.047453
8003 0.047334
8004 0.045241
8005 0.044695
8006 0.044254
8007 0.045694
8008 0.046403
8009 0.047100
8010 0.048338
8011 0.048507
8012 0.043531
8014 0.040709
8015 0.040427
8016 0.042560
8018 0.041762
8019 0.042670
8020 0.043257
8022 0.042904
8023 0.039919
8024 0.036024
8025 0.033688
8063 0.034159
8064 0.033495
8065 0.033274
8071 0.034451
8072 0.034982
8073 0.037136
8113 0.037529
8114 0.039166
8116 0.040320
8117 0.039336
8180 0.042496
8181 0.044812
8183 0.043594
8184 0.043833
8185 0.044246
8188 0.044336
8189 0.044104
8194 0.044478
8195 0.045182
8196 0.043115
8197 0.042527
8198 0.042297
8200 0.041984
8201 0.042299
8202 0.044475
8203 0.044774
8204 0.044997
8205 0.044990
8206 0.043834
8208 0.042560
8209 0.039954
8211 0.039249
8237 0.038562
8238 0.038261
8252 0.043143
8253 0.044426
8254 0.046112
8439 0.047788
8478 0.049574
8508 0.058275
8869 0.057992
8877 0.059034
8923 0.060144
8960 0.060748
9028 0.063479
9105 0.066238
9141 0.066955
9614 0.067690
9640 0.074257
9666 0.077098
9668 0.079058
9671 0.083802
9806 0.088662
9981 0.089724
10006 0.092464
10076 0.093587
10159 0.097794
10207 0.102342
10268 0.102572
10270 0.098199
10271 0.094758
10273 0.091673
10282 0.092255
10283 0.092926
10284 0.086424
10286 0.087932
10311 0.087092
10312 0.083517
10313 0.081354
10316 0.078004
10317 0.074947
10319 0.074106
10322 0.073333
10324 0.066853
10325 0.061878
10326 0.058465
10327 0.052638
10350 0.047242
10351 0.046346
10352 0.043819
10354 0.042816
10365 0.039628
10366 0.034615
10367 0.034235
10368 0.033512
10427 0.032761
10428 0.031403
10429 0.028557
10430 0.025984
10431 0.023642
10432 0.021733
10536 0.023342
10537 0.023059
10538 0.022110
10539 0.021770
10540 0.021585
10541 0.021470
10542 0.021128
10543 0.020790
10564 0.021694
10566 0.021364
10567 0.021104
10568 0.020605
10574 0.021152
10575 0.021205
10576 0.021250
10577 0.020733
10578 0.020394
10579 0.021129
10580 0.021698
10581 0.021392
10625 0.021952
10626 0.022059
10627 0.022023
10628 0.022265
10638 0.022830
10639 0.020889
10640 0.020875
10642 0.022695
10643 0.023851
10644 0.024520
10645 0.024961
10648 0.026934
10649 0.027449
10650 0.026539
10651 0.026709
10652 0.027125
10655 0.028701
10656 0.028322
10657 0.028714
10661 0.030446
10662 0.032467
10663 0.035041
10664 0.036649
10699 0.036345
10700 0.036221
10702 0.035583
10703 0.036612
10704 0.038363
10705 0.040685
10801 0.041327
10802 0.042254
10803 0.042771
10804 0.041381
10805 0.040701
11004 0.043338
11096 0.043199
11097 0.041478
11168 0.042325
11169 0.043154
11180 0.043828
11181 0.044238
11185 0.044005
11186 0.043600
11187 0.042700
11188 0.040733
11189 0.038405
11190 0.035649
11191 0.032747
11194 0.032283
11195 0.031710
11196 0.031562
11197 0.030128
11201 0.029023
11203 0.026960
11204 0.025676
11205 0.024444
11206 0.023519
11207 0.023082
11208 0.022844
11229 0.021060
11230 0.021650
11231 0.021931
11232 0.020927
11260 0.021928
11261 0.022311
11391 0.021964
11392 0.021354
11393 0.021483
11394 0.021954
11395 0.022434
11396 0.022935
11397 0.023579
11398 0.024623
11399 0.025940
11400 0.027766
11401 0.029416
11402 0.030469
11403 0.029680
11404 0.029126
11415 0.030072
11416 0.030456
11417 0.030806
11418 0.031069
11419 0.031412
11420 0.030160
11421 0.029105
11422 0.028802
11423 0.028676
11424 0.027215
11566 0.027529
11567 0.030345
11568 0.033157
11571 0.034212
11572 0.035107
11573 0.035889
11574 0.036300
11580 0.035589
11581 0.035056
11582 0.035075
11584 0.033749
11592 0.033634
11689 0.037621
11695 0.041855
11866 0.044153
12468 0.049495
12678 0.049594
12703 0.051672
12705 0.053561
12736 0.054224
13059 0.054674
13116 0.055372
13348 0.056039
13374 0.057428
13375 0.057748
13376 0.056709
13377 0.053643
13379 0.050407
13380 0.048965
13381 0.047581
13397 0.046675
13398 0.046022
13399 0.046374
13403 0.045631
13404 0.043825
13405 0.042795
13407 0.040990
13409 0.036906
13411 0.033678
13412 0.031546
13413 0.025130
13414 0.024544
13419 0.022264
13420 0.020294
13422 0.019245
13423 0.018532
13431 0.019733
13432 0.020367
13435 0.018942
13436 0.018185
13449 0.018353
13450 0.018640
13451 0.018761
13540 0.018659
13544 0.019046
13545 0.018742
13546 0.018430
13547 0.018108
13548 0.018206
13554 0.018807
13581 0.021035
13583 0.022538
13584 0.021851
13585 0.020567
13586 0.020136
13587 0.024847
13591 0.029833
13645 0.031671
13697 0.034164
13717 0.036817
14150 0.037349
14353 0.036312
14556 0.043152
14580 0.045123
14644 0.048846
14647 0.050171
14676 0.051503
14772 0.053110
15254 0.058388
15564 0.061078
16581 0.062916
16842 0.065045
17023 0.065913
17463 0.069636
17464 0.070616
17465 0.069376
17466 0.068443
17467 0.068451
17468 0.069068
17469 0.069452
17470 0.064754
17486 0.060465
17487 0.059864
17488 0.058182
17489 0.056050
17490 0.055986
17496 0.056341
17497 0.048779
17498 0.047203
17506 0.043634
17507 0.042271
17508 0.040748
17523 0.039180
17524 0.034161
17525 0.031242
17526 0.029414
17527 0.028700
17528 0.028575
17529 0.024968
17530 0.023663
17531 0.022928
17639 0.029933
17670 0.031696
17673 0.033659
17682 0.036790
17979 0.040371
18015 0.042057
18191 0.041614
18358 0.044047
18530 0.044019
18589 0.047015
18598 0.048329
18612 0.048819
18718 0.049786
18807 0.051192
18934 0.053439
19139 0.054268
19239 0.055132
19323 0.056039
19352 0.057789
19353 0.059332
19354 0.058947
19355 0.058731
19405 0.059508
19406 0.060955
19407 0.062800
19476 0.055619
19477 0.053804
19478 0.051750
19529 0.049553
19531 0.045552
19533 0.043195
19534 0.042133
19543 0.040071
19544 0.040530
19551 0.040473
19552 0.038652
19553 0.037177
19554 0.035878
19555 0.034150
19556 0.031381
19557 0.030461
19571 0.029651
19572 0.028945
19573 0.027209
19599 0.027711
19600 0.026750
19601 0.026398
19613 0.031767
19651 0.031922
19652 0.030576
19653 0.030989
19655 0.031581
19663 0.031390
19664 0.030501
19666 0.030922
19667 0.031003
19668 0.031131
19678 0.029783
19679 0.029088
19680 0.025961
19696 0.027675
19697 0.028360
19699 0.029284
19700 0.031102
19701 0.031775
19709 0.033767
19710 0.034421
19711 0.034290
19712 0.034384
19713 0.032801
19714 0.033084
19715 0.033125
19730 0.028952
19731 0.027607
19732 0.027489
19789 0.029566
19790 0.030811
19791 0.032174
19793 0.033102
19800 0.034694
19801 0.035141
19802 0.035826
19803 0.036201
19804 0.036453
19805 0.036407
19810 0.036042
19811 0.036861
19844 0.038049
19849 0.037564
19850 0.037789
19852 0.036334
19853 0.035924
19854 0.035942
19855 0.036185
19856 0.036900
19861 0.038395
19862 0.039379
19863 0.038050
19864 0.038054
19865 0.038025
19866 0.037910
19867 0.037460
19871 0.035936
19872 0.034716
19873 0.034434
19874 0.034467
19877 0.034007
19878 0.033752
19879 0.033217
19894 0.033380
19895 0.032484
19897 0.031558
19900 0.030301
19901 0.029860
19902 0.029797
19905 0.030411
19906 0.030621
19910 0.032254
19911 0.032569
19912 0.031630
19913 0.029996
19914 0.028874
19916 0.028675
19919 0.029075
19920 0.028697
19921 0.026183
19936 0.027235
19937 0.029034
19938 0.030325
19939 0.029833
19969 0.031004
19970 0.031445
19971 0.031924
19972 0.032283
19978 0.035122
19979 0.035065
19980 0.035516
19984 0.035251
19985 0.034835
19986 0.034286
19987 0.034068
19988 0.033358
19989 0.031040
19990 0.030401
20002 0.031759
20003 0.033394
20006 0.033598
20011 0.033511
20012 0.033043
20013 0.033696
20015 0.033977
20016 0.031547
20017 0.029633
20018 0.028259
20027 0.029837
20028 0.029927
20068 0.031190
20069 0.032537
20074 0.033809
20075 0.033675
20106 0.033744
20149 0.033596
20248 0.035180
20370 0.036705
20512 0.038022
20704 0.038138
20721 0.039439
20722 0.040607
20723 0.041192
20724 0.040214
20726 0.038824
20735 0.040728
20736 0.041984
20747 0.042021
20748 0.041741
20749 0.042559
20750 0.043238
20751 0.044353
20752 0.044675
20756 0.042907
20757 0.041151
20758 0.039388
20761 0.037486
20762 0.035925
20765 0.034382
20773 0.033958
20774 0.033642
20788 0.033845
20789 0.033660
20790 0.032041
20791 0.030710
20792 0.029151
20793 0.028061
20795 0.027656
20796 0.026967
20822 0.027330
20823 0.025439
20824 0.023876
20834 0.024399
20835 0.024812
20836 0.025211
20837 0.025134
20838 0.024215
20839 0.024127
20840 0.023589
20841 0.025005
20842 0.026025
20843 0.026777
20877 0.028321
20878 0.027682
20879 0.027401
20881 0.028614
20882 0.026103
20883 0.024243
20884 0.024176
20885 0.024122
20902 0.025378
20904 0.025843
20905 0.025811
20906 0.025526
20907 0.024500
20908 0.023915
20913 0.024218
20914 0.023593
20916 0.023004
20917 0.021441
20918 0.020582
20960 0.020195
20961 0.019861
20962 0.019402
20963 0.017609
20964 0.016108
20965 0.015410
20966 0.013979
20996 0.014594
20997 0.014384
20998 0.012799
20999 0.012899
21003 0.013961
21004 0.013907
21005 0.014013
21006 0.012799
21007 0.012295
21038 0.011962
21039 0.012011
21040 0.011874
21076 0.012756
21077 0.012328
21078 0.012125
21079 0.011809
21092 0.012179
21094 0.012629
21095 0.012741
21097 0.012637
21098 0.012876
21099 0.013102
21100 0.013242
21101 0.013072
21102 0.012975
21103 0.011296
21104 0.010854
21105 0.010619
21112 0.011095
21113 0.010173
21114 0.010267
21115 0.010313
21117 0.012679
21118 0.012880
21119 0.012717
21120 0.012937
21121 0.013009
21123 0.012168
21134 0.012833
21135 0.013148
21149 0.013563
21150 0.013355
21151 0.013108
21152 0.012980
21153 0.013203
21154 0.013307
21155 0.014320
21156 0.014897
21157 0.015152
21167 0.015976
21169 0.016863
21170 0.017636
21171 0.018067
21238 0.018664
21239 0.019138
21260 0.019521
21261 0.019706
21262 0.017464
21263 0.018260
21328 0.018846
21329 0.018936
21335 0.019426
21337 0.019557
21338 0.018675
21339 0.019395
21340 0.020109
21341 0.020492
21342 0.020603
21420 0.021682
21421 0.022425
21422 0.022806
21423 0.022153
21424 0.021984
21507 0.023493
21536 0.023355
21537 0.022907
21538 0.022876
21547 0.024857
21548 0.023867
21549 0.023255
21550 0.022889
21551 0.022762
21552 0.022763
21553 0.022077
21554 0.021794
21559 0.022171
21560 0.022172
21561 0.022342
21563 0.022572
21564 0.021429
21566 0.020786
21567 0.020609
21571 0.020337
21572 0.019242
21574 0.021730
21575 0.022087
21576 0.021964
21577 0.022017
21596 0.020704
21677 0.020346
21710 0.023102
21722 0.024289
21793 0.022313
21797 0.022452
21868 0.023107
21890 0.023294
21927 0.025253
21928 0.026314
21941 0.026353
21944 0.028440
21948 0.029381
21949 0.030357
21950 0.031329
21951 0.032157
21952 0.032956
21953 0.033728
21954 0.035075
21960 0.037250
21961 0.038804
21965 0.035863
21966 0.035855
21967 0.037496
21985 0.037953
22007 0.039579
22009 0.039489
22010 0.036795
22013 0.035741
22014 0.035746
22030 0.036826
22031 0.036699
22032 0.037029
22033 0.035631
22034 0.035424
22035 0.036319
22038 0.035735
22039 0.034266
22040 0.032620
22041 0.031453
22042 0.030996
22053 0.031783
22055 0.031203
22056 0.029569
22058 0.028869
22063 0.027194
22064 0.026656
22065 0.026192
22071 0.026473
22072 0.025823
22073 0.023609
22074 0.023333
22075 0.023061
22076 0.023113
22079 0.023214
22082 0.021994
22083 0.021711
22084 0.021659
22087 0.021794
22088 0.021534
22089 0.021518
22090 0.021581
22092 0.023524
22094 0.026006
22149 0.026558
22152 0.026384
22301 0.027800
22418 0.027591
22422 0.029069
22670 0.029382
22755 0.029828
22756 0.030883
22935 0.031465
23012 0.031086
23013 0.031849
23651 0.033165
23765 0.034644
23917 0.037615
23928 0.040176
23963 0.043245
23964 0.044558
23965 0.045208
23966 0.045155
23968 0.045226
23969 0.045354
23970 0.045079
23971 0.044127
23973 0.042909
23975 0.041858
23976 0.042699
23980 0.045433
23981 0.043534
23982 0.043642
23983 0.042534
23984 0.041231
23987 0.042345
23988 0.042104
23989 0.041078
23990 0.039195
23992 0.038254
23995 0.038087
23996 0.037110
23997 0.034246
23999 0.031811
24000 0.029351
24003 0.028254
24006 0.028111
24007 0.027861
24008 0.027229
24009 0.026617
24010 0.026158
24011 0.025634
24039 0.027015
24040 0.027487
24041 0.027595
24042 0.025833
24043 0.025933
24289 0.026254
24570 0.026945
24639 0.027259
24641 0.026608
24642 0.026210
24643 0.026279
24644 0.026227
24645 0.026046
24648 0.025851
24676 0.026913
24677 0.027706
24678 0.027659
24679 0.027410
24680 0.027274
24689 0.026814
24690 0.026596
24691 0.026309
24692 0.026008
24694 0.025848
24695 0.025605
24698 0.023584
24699 0.021956
24701 0.020499
24702 0.019075
24703 0.017575
24704 0.016457
24705 0.015007
24706 0.013810
24707 0.012763
24708 0.012212
24709 0.011828
24710 0.011689
24711 0.011591
24717 0.011619
24718 0.010543
24719 0.009895
24720 0.009287
24721 0.008851
24777 0.008708
24782 0.009187
24784 0.009714
24785 0.010191
24788 0.010729
24834 0.011764
24836 0.012460
24837 0.012925
24838 0.013281
