735 0.050830
750 0.046917
751 0.043476
752 0.039048
755 0.039694
756 0.037815
757 0.034410
765 0.032583
768 0.028994
769 0.029338
770 0.029836
771 0.026551
773 0.026583
774 0.026984
1065 0.025334
1135 0.028707
1136 0.031305
1220 0.030799
1441 0.031273
1593 0.033267
2412 0.033572
2436 0.035129
2476 0.034035
2513 0.035696
2518 0.037066
2533 0.037297
2588 0.038498
2593 0.035650
2659 0.037035
2664 0.037255
2668 0.037603
2669 0.038341
2670 0.039819
2671 0.042533
2672 0.041623
2700 0.039430
2701 0.041060
2702 0.041790
2703 0.041498
2704 0.042260
2705 0.038119
2721 0.036766
2722 0.037709
2724 0.035734
2725 0.035699
2726 0.037961
2727 0.037003
2729 0.048196
2730 0.046618
2733 0.045951
2734 0.046967
2735 0.046353
2736 0.048354
2741 0.050309
2743 0.049537
2744 0.048599
2745 0.048154
2746 0.046998
2747 0.045145
2748 0.049130
2757 0.051715
2763 0.052442
2764 0.052736
2779 0.053040
2781 0.052013
2785 0.056786
3051 0.056472
3203 0.057384
3250 0.057021
3434 0.054479
3451 0.055987
3700 0.058029
4124 0.048617
4142 0.050442
4165 0.053216
4241 0.051261
4352 0.050706
4411 0.050244
4433 0.048083
4449 0.048626
4783 0.050457
4932 0.050485
4933 0.051658
4935 0.052207
4937 0.048015
4938 0.046868
4941 0.047669
4942 0.047666
4943 0.049718
4944 0.050434
4945 0.045843
4946 0.043997
4947 0.042284
4948 0.041986
4949 0.040667
4950 0.037782
4951 0.035605
4956 0.035051
4957 0.033373
4958 0.029836
4959 0.034512
4960 0.034457
4961 0.032987
4962 0.032493
4963 0.033277
4964 0.032845
4965 0.033357
4966 0.031815
4980 0.032646
4981 0.032560
4982 0.031279
4983 0.028184
4984 0.026663
4985 0.026191
5038 0.026064
5140 0.026187
5141 0.027446
5142 0.028928
5144 0.029618
5145 0.032183
5146 0.032506
5147 0.032132
5148 0.030833
5150 0.032299
5160 0.033357
5162 0.029178
5164 0.030418
5165 0.030587
5178 0.030034
5239 0.027992
5315 0.027009
5349 0.028909
5378 0.031462
5399 0.030028
5403 0.030442
5466 0.030774
5476 0.034104
5483 0.036483
5484 0.036047
5485 0.035801
5486 0.039484
5487 0.041742
5489 0.040106
5490 0.040320
5499 0.037281
5500 0.040524
5501 0.043005
5509 0.046812
5510 0.046060
5511 0.045018
5512 0.044676
5514 0.045094
5515 0.048543
5516 0.048751
5517 0.051016
5519 0.051257
5520 0.048570
5521 0.046261
5523 0.048787
5524 0.050595
5527 0.051857
5533 0.048539
5535 0.046490
5536 0.046783
5537 0.047262
5538 0.045096
5539 0.043177
5541 0.043329
5542 0.043166
5543 0.043379
5544 0.038977
5547 0.037238
5548 0.033793
5549 0.033991
5550 0.034486
5572 0.035348
5573 0.034134
5582 0.031274
5583 0.031171
5584 0.030713
5585 0.030989
5588 0.031054
5589 0.030741
5590 0.028690
5591 0.028346
5592 0.027559
5593 0.029114
5594 0.029562
5595 0.027573
5596 0.026307
5597 0.024751
5600 0.023934
5603 0.023657
5605 0.023977
5606 0.026410
5607 0.027100
5608 0.030717
5611 0.030573
5612 0.030035
5613 0.030231
5614 0.030891
5615 0.030505
5616 0.031572
5617 0.032277
5618 0.031378
5619 0.030106
5620 0.031186
5621 0.032872
5622 0.032280
5623 0.031947
5625 0.031271
5626 0.030088
5627 0.029392
5628 0.028816
5629 0.029074
5630 0.029938
5631 0.029494
5632 0.029635
5633 0.029474
5634 0.027108
5635 0.026258
5636 0.022933
5637 0.022643
5638 0.023082
5640 0.024404
5650 0.022702
5651 0.022556
5652 0.021537
5653 0.022191
5655 0.020952
5656 0.021195
5657 0.020585
5658 0.019486
5663 0.019437
5664 0.017968
5665 0.018169
5667 0.017875
5669 0.018072
5673 0.017622
5674 0.017336
5676 0.016094
5907 0.016175
6240 0.016119
6490 0.015707
6701 0.016153
6739 0.015927
6844 0.016639
6919 0.017251
7096 0.017787
7131 0.015874
7292 0.016997
7799 0.018044
7802 0.027083
7836 0.026863
7838 0.027113
7839 0.028688
7840 0.030425
7841 0.030426
7842 0.036470
7869 0.036563
7870 0.036334
7871 0.039796
7875 0.041167
7877 0.042051
7878 0.046701
7879 0.047373
7888 0.047664
7889 0.050649
7890 0.054240
7891 0.053512
7892 0.054655
7894 0.056040
7895 0.055768
7904 0.054836
7905 0.054993
7906 0.054593
7916 0.053623
7917 0.044598
7932 0.045626
7938 0.048907
7939 0.048922
7940 0.047368
7942 0.048046
7951 0.041830
7952 0.042414
7953 0.042188
7954 0.040998
7969 0.042139
7970 0.042364
7976 0.037666
7977 0.037451
7979 0.037466
7997 0.035507
7998 0.035295
7999 0.037498
8001 0.037123
8002 0.035469
8003 0.036061
8004 0.039654
8005 0.046462
8006 0.047015
8007 0.049617
8008 0.050403
8009 0.048428
8010 0.046112
8011 0.045720
8012 0.045511
8014 0.045109
8015 0.045841
8016 0.046350
8018 0.046568
8019 0.045040
8020 0.042424
8022 0.043241
8023 0.047459
8024 0.047718
8025 0.050417
8063 0.049445
8064 0.045566
8065 0.044399
8071 0.044494
8072 0.044647
8073 0.043785
8113 0.040381
8114 0.034392
8116 0.039253
8117 0.040100
8180 0.038487
8181 0.039065
8183 0.038716
8184 0.038408
8185 0.040387
8188 0.039361
8189 0.038455
8194 0.038034
8195 0.037656
8196 0.037545
8197 0.039463
8198 0.038221
8200 0.037032
8201 0.042325
8202 0.039975
8203 0.042713
8204 0.043400
8205 0.043571
8206 0.042353
8208 0.041518
8209 0.042927
8211 0.043246
8237 0.043334
8238 0.037341
8252 0.034694
8253 0.035044
8254 0.035523
8439 0.035112
8478 0.034319
8508 0.032914
8869 0.035696
8877 0.037551
8923 0.036716
8960 0.036732
9028 0.036163
9105 0.034098
9141 0.035807
9614 0.035270
9640 0.029211
9666 0.028437
9668 0.026037
9671 0.030214
9806 0.029469
9981 0.030088
10006 0.028940
10076 0.027586
10159 0.027201
10207 0.026159
10268 0.026057
10270 0.026768
10271 0.028288
10273 0.029421
10282 0.029260
10283 0.032226
10284 0.033610
10286 0.032717
10311 0.035061
10312 0.035200
10313 0.037155
10316 0.038447
10317 0.039838
10319 0.039230
10322 0.038377
10324 0.040608
10325 0.040445
10326 0.042799
10327 0.040075
10350 0.039626
10351 0.041584
10352 0.044845
10354 0.046695
10365 0.047100
10366 0.047207
10367 0.047447
10368 0.049076
10427 0.047269
10428 0.044725
10429 0.046232
10430 0.046502
10431 0.043902
10432 0.048041
10536 0.046335
10537 0.046270
10538 0.045037
10539 0.043817
10540 0.043780
10541 0.042920
10542 0.041535
10543 0.040407
10564 0.042053
10566 0.040997
10567 0.041654
10568 0.041776
10574 0.040335
10575 0.037635
10576 0.035587
10577 0.036918
10578 0.039340
10579 0.039142
10580 0.037027
10581 0.038146
10625 0.040647
10626 0.039372
10627 0.039894
10628 0.040078
10638 0.035214
10639 0.033339
10640 0.033672
10642 0.033372
10643 0.032949
10644 0.031982
10645 0.030965
10648 0.031343
10649 0.032644
10650 0.031557
10651 0.030731
10652 0.028733
10655 0.030485
10656 0.031292
10657 0.032700
10661 0.032782
10662 0.034504
10663 0.032187
10664 0.032141
10699 0.031043
10700 0.033425
10702 0.032066
10703 0.036507
10704 0.032526
10705 0.033334
10801 0.034968
10802 0.035079
10803 0.039967
10804 0.042496
10805 0.042088
11004 0.041877
11096 0.051962
11097 0.052474
11168 0.050100
11169 0.050763
11180 0.049953
11181 0.052025
11185 0.050292
11186 0.048286
11187 0.047135
11188 0.048340
11189 0.044462
11190 0.044500
11191 0.046634
11194 0.046904
11195 0.043508
11196 0.045436
11197 0.042278
11201 0.043214
11203 0.043404
11204 0.042111
11205 0.042121
11206 0.037085
11207 0.036138
11208 0.036966
11229 0.039422
11230 0.029218
11231 0.030835
11232 0.034361
11260 0.034544
11261 0.035930
11391 0.035256
11392 0.036046
11393 0.036854
11394 0.037870
11395 0.037796
11396 0.037264
11397 0.037765
11398 0.037534
11399 0.039370
11400 0.041429
11401 0.039340
11402 0.040792
11403 0.042480
11404 0.044989
11415 0.046055
11416 0.046043
11417 0.047910
11418 0.047353
11419 0.047822
11420 0.049268
11421 0.051588
11422 0.049304
11423 0.046153
11424 0.048664
11566 0.055695
11567 0.054216
11568 0.053250
11571 0.055115
11572 0.054917
11573 0.054268
11574 0.055272
11580 0.054885
11581 0.059323
11582 0.060916
11584 0.060162
11592 0.059304
11689 0.058583
11695 0.056834
11866 0.053084
12468 0.051505
12678 0.051858
12703 0.049849
12705 0.054078
12736 0.054332
13059 0.051298
13116 0.051525
13348 0.058071
13374 0.060073
13375 0.056805
13376 0.051054
13377 0.051600
13379 0.055437
13380 0.054783
13381 0.055815
13397 0.057227
13398 0.056938
13399 0.056663
13403 0.050836
13404 0.048270
13405 0.046913
13407 0.048130
13409 0.046065
13411 0.045542
13412 0.046184
13413 0.046128
13414 0.044996
13419 0.045352
13420 0.040008
13422 0.038832
13423 0.039810
13431 0.037870
13432 0.031709
13435 0.030463
13436 0.031783
13449 0.029568
13450 0.029818
13451 0.026192
13540 0.027980
13544 0.026413
13545 0.030192
13546 0.030863
13547 0.030746
13548 0.035453
13554 0.035838
13581 0.037143
13583 0.037696
13584 0.038703
13585 0.039163
13586 0.040253
13587 0.041612
13591 0.043684
13645 0.043882
13697 0.044702
13717 0.044988
14150 0.043363
14353 0.043088
14556 0.044339
14580 0.046115
14644 0.044589
14647 0.044723
14676 0.044156
14772 0.046283
15254 0.043635
15564 0.045099
16581 0.041294
16842 0.046416
17023 0.047963
17463 0.044442
17464 0.044602
17465 0.045863
17466 0.044430
17467 0.043081
17468 0.045457
17469 0.044678
17470 0.044904
17486 0.044384
17487 0.043733
17488 0.042345
17489 0.042247
17490 0.044304
17496 0.045037
17497 0.043550
17498 0.041347
17506 0.042140
17507 0.043082
17508 0.042951
17523 0.040948
17524 0.040510
17525 0.038497
17526 0.040526
17527 0.034735
17528 0.033656
17529 0.033614
17530 0.032361
17531 0.031393
17639 0.031515
17670 0.032853
17673 0.037106
17682 0.037063
17979 0.035653
18015 0.034243
18191 0.034699
18358 0.035372
18530 0.034965
18589 0.032884
18598 0.031845
18612 0.032218
18718 0.032211
18807 0.032773
18934 0.031819
19139 0.033086
19239 0.033521
19323 0.034417
19352 0.034237
19353 0.031968
19354 0.033366
19355 0.033200
19405 0.034818
19406 0.034284
19407 0.034383
19476 0.034212
19477 0.032672
19478 0.031524
19529 0.031058
19531 0.030542
19533 0.034414
19534 0.034823
19543 0.036438
19544 0.037147
19551 0.036798
19552 0.036615
19553 0.037532
19554 0.039283
19555 0.039427
19556 0.039479
19557 0.043039
19571 0.044968
19572 0.049211
19573 0.049596
19599 0.049111
19600 0.049600
19601 0.050754
19613 0.048919
19651 0.051842
19652 0.050811
19653 0.051286
19655 0.052552
19663 0.047040
19664 0.047734
19666 0.047918
19667 0.044238
19668 0.043941
19678 0.042136
19679 0.042580
19680 0.044295
19696 0.045552
19697 0.044718
19699 0.044171
19700 0.042457
19701 0.044437
19709 0.038802
19710 0.038320
19711 0.033962
19712 0.033435
19713 0.034115
19714 0.032714
19715 0.031787
19730 0.031326
19731 0.028367
19732 0.029118
19789 0.030122
19790 0.030110
19791 0.029101
19793 0.029179
19800 0.030482
19801 0.030284
19802 0.031104
19803 0.031343
19804 0.030296
19805 0.029148
19810 0.028415
19811 0.028142
19844 0.026762
19849 0.026401
19850 0.023968
19852 0.026268
19853 0.024017
19854 0.023212
19855 0.023814
19856 0.021926
19861 0.022153
19862 0.021892
19863 0.021508
19864 0.022422
19865 0.021542
19866 0.020008
19867 0.019306
19871 0.019471
19872 0.018582
19873 0.016546
19874 0.018123
19877 0.017083
19878 0.017010
19879 0.017206
19894 0.017245
19895 0.017517
19897 0.017401
19900 0.017260
19901 0.021213
19902 0.027104
19905 0.025452
19906 0.029367
19910 0.030042
19911 0.029334
19912 0.030057
19913 0.029158
19914 0.029703
19916 0.029650
19919 0.029372
19920 0.030065
19921 0.032103
19936 0.032184
19937 0.032181
19938 0.033075
19939 0.033706
19969 0.033345
19970 0.033419
19971 0.034256
19972 0.034869
19978 0.034939
19979 0.034582
19980 0.034628
19984 0.034726
19985 0.030772
19986 0.024696
19987 0.023950
19988 0.020547
19989 0.019820
19990 0.019694
20002 0.020030
20003 0.020112
20006 0.019803
20011 0.020833
20012 0.020526
20013 0.019576
20015 0.018438
20016 0.018278
20017 0.018725
20018 0.017457
20027 0.016923
20028 0.016216
20068 0.017189
20069 0.015765
20074 0.015779
20075 0.015898
20106 0.015847
20149 0.015694
20248 0.015697
20370 0.016501
20512 0.017464
20704 0.018396
20721 0.019892
20722 0.022583
20723 0.024768
20724 0.026472
20726 0.029023
20735 0.029922
20736 0.030517
20747 0.031926
20748 0.032635
20749 0.031605
20750 0.035558
20751 0.038512
20752 0.045539
20756 0.045920
20757 0.047182
20758 0.046205
20761 0.047899
20762 0.049045
20765 0.048903
20773 0.048730
20774 0.048930
20788 0.048335
20789 0.048606
20790 0.048851
20791 0.048672
20792 0.046997
20793 0.044367
20795 0.042269
20796 0.039698
20822 0.038694
20823 0.037131
20824 0.036941
20834 0.035420
20835 0.035225
20836 0.035894
20837 0.031504
20838 0.029105
20839 0.023322
20840 0.022975
20841 0.021803
20842 0.022565
20843 0.022121
20877 0.020976
20878 0.020638
20879 0.021004
20881 0.020286
20882 0.021730
20883 0.022467
20884 0.022421
20885 0.022664
20902 0.022484
20904 0.023073
20905 0.023205
20906 0.023587
20907 0.023329
20908 0.025446
20913 0.023813
20914 0.024944
20916 0.025977
20917 0.027269
20918 0.027751
20960 0.026758
20961 0.026810
20962 0.026710
20963 0.028722
20964 0.028222
20965 0.028472
20966 0.028209
20996 0.028267
20997 0.027905
20998 0.030000
20999 0.028680
21003 0.028214
21004 0.027078
21005 0.027067
21006 0.029142
21007 0.027973
21038 0.028054
21039 0.027908
21040 0.029009
21076 0.027217
21077 0.027038
21078 0.026936
21079 0.025169
21092 0.023183
21094 0.022665
21095 0.022850
21097 0.022525
21098 0.023635
21099 0.022116
21100 0.021681
21101 0.021028
21102 0.022335
21103 0.022195
21104 0.023428
21105 0.022249
21112 0.023421
21113 0.024765
21114 0.026225
21115 0.026789
21117 0.024811
21118 0.025171
21119 0.026028
21120 0.025582
21121 0.023642
21123 0.023908
21134 0.024726
21135 0.023602
21149 0.024303
21150 0.026025
21151 0.029105
21152 0.030011
21153 0.029682
21154 0.028580
21155 0.027793
21156 0.030441
21157 0.030246
21167 0.028798
21169 0.029306
21170 0.030208
21171 0.029320
21238 0.028356
21239 0.027114
21260 0.029325
21261 0.030512
21262 0.030446
21263 0.030311
21328 0.029437
21329 0.029903
21335 0.029425
21337 0.028891
21338 0.028533
21339 0.029855
21340 0.031281
21341 0.029847
21342 0.027060
21420 0.027365
21421 0.033024
21422 0.040983
21423 0.041554
21424 0.041186
21507 0.041154
21536 0.040896
21537 0.040409
21538 0.038972
21547 0.040368
21548 0.040514
21549 0.039850
21550 0.036560
21551 0.034403
21552 0.036734
21553 0.036608
21554 0.040481
21559 0.040796
21560 0.041118
21561 0.041865
21563 0.041434
21564 0.040134
21566 0.038913
21567 0.038658
21571 0.038661
21572 0.037245
21574 0.032532
21575 0.024680
21576 0.026172
21577 0.023681
21596 0.024316
21677 0.026537
21710 0.026125
21722 0.026183
21793 0.024744
21797 0.024324
21868 0.027067
21890 0.027593
21927 0.029151
21928 0.035329
21941 0.036919
21944 0.034083
21948 0.034751
21949 0.036886
21950 0.040454
21951 0.041356
21952 0.042278
21953 0.043899
21954 0.044233
21960 0.044806
21961 0.049017
21965 0.048272
21966 0.049996
21967 0.051379
21985 0.051945
22007 0.051926
22009 0.049982
22010 0.050220
22013 0.049349
22014 0.050041
22030 0.050922
22031 0.048971
22032 0.050285
22033 0.048520
22034 0.039854
22035 0.038336
22038 0.038494
22039 0.037775
22040 0.035084
22041 0.032048
22042 0.032199
22053 0.031224
22055 0.028452
22056 0.030340
22058 0.030394
22063 0.027747
22064 0.026977
22065 0.026149
22071 0.022205
22072 0.022280
22073 0.022247
22074 0.023291
22075 0.023869
22076 0.024423
22079 0.024204
22082 0.024743
22083 0.024023
22084 0.023533
22087 0.023941
22088 0.025622
22089 0.026971
22090 0.027271
22092 0.028504
22094 0.031338
22149 0.031014
22152 0.030559
22301 0.031845
22418 0.031853
22422 0.030057
22670 0.031344
22755 0.029772
22756 0.029807
22935 0.030539
23012 0.031758
23013 0.031355
23651 0.030747
23765 0.030393
23917 0.030587
23928 0.030756
23963 0.030763
23964 0.030473
23965 0.030818
23966 0.029854
23968 0.030785
23969 0.030488
23970 0.031510
23971 0.032328
23973 0.031688
23975 0.031774
23976 0.034408
23980 0.033605
23981 0.032732
23982 0.034467
23983 0.035632
23984 0.035292
23987 0.038196
23988 0.038404
23989 0.040665
23990 0.039466
23992 0.039724
23995 0.044729
23996 0.044858
23997 0.043976
23999 0.043700
24000 0.043099
24003 0.043059
24006 0.043176
24007 0.042288
24008 0.040554
24009 0.039398
24010 0.037752
24011 0.035739
24039 0.035631
24040 0.033038
24041 0.030889
24042 0.034123
24043 0.038818
24289 0.038993
24570 0.038027
24639 0.038420
24641 0.037123
24642 0.038314
24643 0.035850
24644 0.039970
24645 0.040872
24648 0.038443
24676 0.038771
24677 0.040587
24678 0.043678
24679 0.046914
24680 0.046584
24689 0.045515
24690 0.046164
24691 0.046822
24692 0.048565
24694 0.047806
24695 0.047525
24698 0.046727
24699 0.046813
24701 0.047291
24702 0.044867
24703 0.040485
24704 0.039769
24705 0.039429
24706 0.037809
24707 0.037742
24708 0.037221
24709 0.035981
24710 0.031718
24711 0.030465
24717 0.027386
24718 0.025970
24719 0.024242
24720 0.021078
24721 0.018984
24777 0.018214
24782 0.018348
24784 0.018075
24785 0.020695
24788 0.019457
24834 0.019522
24836 0.020884
24837 0.022488
24838 0.023164
