1966 0.106160
1969 0.099959
1982 0.095209
1992 0.095768
2004 0.091549
2010 0.090129
2024 0.090395
2031 0.087993
2036 0.086339
2040 0.081527
2046 0.081967
2054 0.079202
2063 0.077233
2069 0.077180
2076 0.079221
2091 0.081617
2104 0.083359
2114 0.087716
2125 0.083588
2149 0.084302
2153 0.080029
2171 0.078929
2176 0.077339
2181 0.075202
2187 0.075746
2208 0.076418
2219 0.075747
2237 0.078058
2242 0.076308
2246 0.077374
2283 0.077756
2626 0.078130
2630 0.078220
2640 0.081861
2648 0.082996
2651 0.082669
2656 0.082558
2663 0.083151
2686 0.082929
2698 0.080826
2707 0.078183
2710 0.080146
2716 0.079606
2720 0.076587
2732 0.076820
2750 0.081050
2756 0.081748
2762 0.084419
2770 0.085842
2792 0.086025
2801 0.085236
2828 0.085665
2834 0.086976
2845 0.088234
3211 0.088856
3337 0.087728
3380 0.086330
3508 0.084776
3570 0.079735
3750 0.081196
3758 0.082422
3768 0.082498
3772 0.083683
3781 0.084596
3791 0.087094
3799 0.087646
3802 0.086262
3810 0.085221
3816 0.086877
3845 0.088376
3848 0.084473
3854 0.085256
3862 0.088051
3872 0.088386
3941 0.086241
3991 0.084778
4011 0.086314
4051 0.084419
4114 0.082820
4159 0.081207
4357 0.080508
4366 0.079266
4371 0.081338
4381 0.083141
4390 0.081498
4408 0.082052
4414 0.083881
4419 0.081310
4495 0.081242
4506 0.078345
4511 0.078251
4521 0.079526
4538 0.076666
4546 0.075315
4549 0.074589
4581 0.075836
4594 0.074159
4612 0.067875
4629 0.065981
4639 0.065940
4645 0.065672
4651 0.067777
4658 0.067829
4670 0.069519
4684 0.069702
4711 0.068999
4735 0.069288
4739 0.072957
4747 0.073676
4752 0.073800
5056 0.075384
5750 0.072514
5769 0.073627
5777 0.074326
5786 0.074634
5811 0.078057
6123 0.078623
6310 0.081662
6432 0.084057
6437 0.084629
6442 0.082354
6447 0.084402
6460 0.088985
6495 0.090205
6513 0.092022
6518 0.093491
6529 0.091189
6535 0.089461
6541 0.088826
6546 0.089931
6550 0.091179
6565 0.093344
6570 0.089212
6585 0.088210
6590 0.089228
6597 0.086153
6604 0.088686
6613 0.088977
6620 0.088551
6624 0.092184
6632 0.087674
6641 0.084926
6652 0.082792
6657 0.083731
6663 0.084008
6668 0.086506
6676 0.084749
6680 0.080539
6694 0.080515
6700 0.081028
6714 0.080383
6720 0.078636
6729 0.079014
6746 0.078555
6774 0.076327
6791 0.077564
6796 0.074858
6811 0.076040
6819 0.075606
6824 0.076186
6854 0.086880
6858 0.084786
6872 0.085027
6887 0.082187
6894 0.079764
6907 0.078512
6935 0.079360
6962 0.079353
6977 0.079685
6996 0.079531
7007 0.076526
7052 0.078241
7057 0.080249
7082 0.081456
7086 0.081434
7164 0.080353
7265 0.081960
7297 0.082889
7306 0.081706
7313 0.083302
7319 0.083337
7328 0.085551
7359 0.085096
7368 0.091129
7375 0.089145
7379 0.078546
7388 0.077816
7403 0.078720
7410 0.081356
7413 0.082657
7425 0.084258
7432 0.084835
7440 0.084711
7447 0.082868
7455 0.081274
7461 0.087009
7467 0.085293
7471 0.084243
7478 0.082371
7483 0.081028
7490 0.084539
7495 0.083980
7497 0.082480
7504 0.083363
7508 0.081542
7514 0.080661
7521 0.078883
7527 0.076754
7536 0.073902
7547 0.076998
7554 0.080311
7562 0.083238
7565 0.080914
7572 0.080152
7578 0.081302
7589 0.079617
7594 0.080630
7608 0.081174
7611 0.082072
7618 0.082893
7659 0.078973
7665 0.080977
7724 0.079808
7763 0.081658
7861 0.081801
7873 0.081658
7887 0.081603
7908 0.083515
7944 0.085059
7968 0.088172
8104 0.088894
8112 0.091318
8147 0.094104
8153 0.091263
8170 0.092304
8179 0.092214
8224 0.089469
8229 0.092216
8232 0.091306
8257 0.089959
8270 0.093164
8282 0.091075
8286 0.092047
8289 0.092025
8298 0.091561
8324 0.089728
8330 0.088661
8381 0.090983
8390 0.090438
8405 0.088959
8417 0.086232
8485 0.085464
8492 0.084294
8503 0.082862
8511 0.082305
8518 0.081426
8524 0.081217
8546 0.083253
8561 0.083623
8569 0.080565
8578 0.079518
8582 0.080958
8605 0.078510
8612 0.079092
8620 0.077594
8628 0.077105
8642 0.076845
8646 0.078826
8668 0.076953
8672 0.075698
8685 0.077004
8701 0.076152
8717 0.076355
8724 0.074874
8738 0.077102
8744 0.078242
8749 0.080013
8755 0.079638
8761 0.079207
8766 0.078167
8771 0.079275
8775 0.079252
8813 0.076292
8822 0.075499
8842 0.074585
8859 0.072296
8881 0.072634
8922 0.073735
8980 0.074611
8991 0.075892
9001 0.074969
9006 0.074734
9017 0.072385
9027 0.074700
9035 0.076863
9041 0.077416
9049 0.077913
9055 0.076853
9060 0.077436
9081 0.073977
9090 0.072625
9093 0.072530
9107 0.074352
9113 0.077289
9120 0.075096
9128 0.077762
9137 0.077001
9145 0.077113
9151 0.079225
9987 0.081355
10001 0.082092
10013 0.083505
10018 0.086163
10025 0.085996
10031 0.085321
10035 0.084224
10043 0.087426
10074 0.086176
10080 0.083100
10083 0.084900
10086 0.084586
10121 0.084475
10123 0.083546
10126 0.083853
10130 0.085800
10135 0.087978
10146 0.087611
10150 0.087157
10162 0.084455
10167 0.085885
10175 0.080784
10179 0.079293
10185 0.080766
10189 0.080053
10198 0.078622
10200 0.078596
10211 0.077951
10214 0.075355
10219 0.075371
10222 0.073895
10227 0.075744
10236 0.071937
10244 0.073370
10247 0.074175
10250 0.070666
10256 0.070215
10275 0.070773
10304 0.072273
10307 0.072419
10310 0.074214
10332 0.072796
10349 0.071519
10360 0.070902
10402 0.072291
10407 0.072427
10831 0.075981
10853 0.076988
10868 0.074809
10897 0.076594
10945 0.077134
10957 0.077199
10975 0.076475
10979 0.076081
10986 0.077626
11001 0.080923
11013 0.080564
11016 0.081754
11030 0.081921
11042 0.081940
11048 0.082892
11056 0.082337
11062 0.081008
11065 0.078817
11072 0.079077
11079 0.077894
11083 0.078465
11089 0.079113
11094 0.083779
11100 0.083120
11118 0.083673
11122 0.083357
11127 0.083200
11134 0.083860
11141 0.081360
11143 0.080447
11147 0.078835
11154 0.078869
11160 0.081501
11163 0.078709
11175 0.075702
11179 0.077415
11184 0.078121
11193 0.078737
11199 0.078833
11220 0.084113
11227 0.086876
11370 0.087332
11427 0.088314
11429 0.087101
11460 0.086341
11471 0.088302
11536 0.087390
11553 0.085378
11570 0.083223
11576 0.086184
11579 0.083314
11591 0.082594
11741 0.083140
11746 0.082858
11750 0.085573
11772 0.088897
11786 0.088043
11793 0.086171
11801 0.087009
11814 0.089289
11817 0.087745
11820 0.086207
11833 0.084355
11838 0.085434
11848 0.079429
11941 0.078696
11958 0.078197
11961 0.079978
11968 0.081881
11978 0.083158
11984 0.080803
11989 0.080991
11996 0.080613
12010 0.081888
12025 0.077426
12038 0.078821
12041 0.080243
12044 0.082192
12046 0.084560
12075 0.082722
12114 0.080333
12134 0.081810
12164 0.082255
12166 0.082721
12170 0.081063
12189 0.080202
12206 0.081477
12208 0.081702
12262 0.079769
12267 0.080541
12269 0.080167
12283 0.079659
12289 0.079894
12299 0.079287
12304 0.078372
12307 0.077587
12311 0.078336
12315 0.074808
12318 0.073775
12358 0.077974
12360 0.077084
12382 0.075860
12397 0.074096
12435 0.073817
12440 0.074841
12451 0.076044
12475 0.073570
12493 0.073745
12503 0.073848
12508 0.074894
12511 0.074673
12513 0.072821
12519 0.072198
12534 0.072458
12554 0.071313
12576 0.071114
12589 0.070382
12598 0.070835
12615 0.072845
12627 0.070765
12634 0.072861
12647 0.071726
12657 0.072591
12666 0.074878
12672 0.072563
12681 0.072876
12717 0.078293
12734 0.078645
12740 0.077913
12747 0.075079
13182 0.073727
13217 0.076654
13303 0.075940
13893 0.076909
14035 0.076292
14352 0.077163
14475 0.076127
14488 0.076273
14501 0.078757
14505 0.078921
14517 0.079291
14525 0.080943
14532 0.077968
14541 0.075983
14546 0.078863
14560 0.077980
14570 0.079657
14578 0.083392
14588 0.083199
14594 0.081692
14600 0.082002
14618 0.077106
14621 0.076968
14625 0.077743
14663 0.079699
14667 0.081658
14673 0.079142
14681 0.080790
14689 0.080669
14693 0.080724
14705 0.080204
14709 0.081627
14717 0.084088
14724 0.083061
14734 0.083857
14742 0.082472
14749 0.081326
14758 0.083204
14769 0.085265
14785 0.083824
14791 0.084484
14802 0.083622
14807 0.079794
14811 0.081001
14815 0.081404
14818 0.080238
14823 0.082857
14827 0.081917
14829 0.080153
14834 0.078969
14839 0.077657
14850 0.078520
14858 0.076020
14873 0.075970
14881 0.079875
14887 0.079514
14892 0.079693
14896 0.077581
14902 0.075737
14907 0.076644
14917 0.078607
14929 0.080237
14946 0.079098
14967 0.077035
14976 0.078497
14989 0.077442
14993 0.076959
15000 0.077326
15004 0.074472
15012 0.078006
15016 0.078526
15021 0.075033
15026 0.075745
15035 0.076794
15052 0.077607
15056 0.077317
15066 0.075884
15082 0.080279
15087 0.078206
15095 0.073815
15098 0.073828
15105 0.075297
15112 0.079427
15124 0.080439
15140 0.078707
15148 0.078592
15155 0.080156
15159 0.081704
15162 0.081251
15172 0.078255
15187 0.080633
15200 0.082464
15207 0.081364
15215 0.082589
15232 0.080929
15250 0.081577
15256 0.084159
15262 0.088878
15267 0.087988
15274 0.091270
15305 0.093409
15933 0.093962
16243 0.092435
16251 0.093317
16294 0.095197
16463 0.094565
16469 0.091991
16476 0.087622
16483 0.089261
16505 0.092176
16511 0.093722
16524 0.092165
16532 0.092156
16542 0.092130
16549 0.096461
16564 0.093886
16578 0.094120
16590 0.097894
16611 0.098337
16616 0.096477
16624 0.097028
16641 0.096929
16657 0.091060
16665 0.091117
16681 0.086606
16686 0.084479
16694 0.086261
16707 0.083241
16749 0.083372
16759 0.081700
16763 0.082372
16780 0.083645
16787 0.084390
16805 0.082453
16854 0.080151
16874 0.076367
16895 0.077961
16916 0.075943
16923 0.078141
16939 0.075572
16942 0.075266
16948 0.077433
16960 0.075624
16994 0.075023
17072 0.076572
17081 0.078594
17340 0.076897
17572 0.080503
17771 0.082288
17781 0.081482
17813 0.082038
17910 0.079298
17947 0.080560
18046 0.080949
18212 0.080786
18254 0.081818
18264 0.081068
18271 0.083872
18287 0.083330
18294 0.082178
18296 0.083378
18303 0.085947
18311 0.088169
18321 0.086382
18329 0.085851
18345 0.086217
18366 0.083012
18370 0.083183
18376 0.082146
18382 0.080133
18391 0.077110
18413 0.077628
18418 0.073575
18448 0.074573
18467 0.076018
18471 0.074109
18477 0.077108
18492 0.079324
18496 0.079102
18525 0.079917
18554 0.081491
18594 0.081364
18606 0.079022
18625 0.082435
18629 0.084500
18637 0.084246
18916 0.081585
18942 0.082393
19145 0.083632
19542 0.083603
19625 0.083001
19828 0.084376
19848 0.082050
19859 0.081896
19876 0.081864
19899 0.083077
19904 0.082523
19908 0.083251
19945 0.082338
20001 0.083331
20005 0.084413
20020 0.082329
20026 0.080801
20067 0.081151
20073 0.081884
20098 0.079387
20179 0.080739
20197 0.081202
20224 0.078722
20231 0.077424
20262 0.081178
20264 0.081311
20270 0.078044
20293 0.075770
20310 0.078632
20378 0.079670
20387 0.078170
20397 0.079678
20660 0.080599
20683 0.080183
20729 0.078858
20760 0.080693
20764 0.081236
20781 0.079825
20787 0.080176
20813 0.081512
21285 0.082657
21300 0.081879
21314 0.085797
21326 0.085361
21334 0.084463
21365 0.084846
21402 0.083049
21414 0.083216
21438 0.083331
21444 0.082649
21469 0.083381
21488 0.083633
21491 0.089868
21530 0.086227
21569 0.086266
21579 0.086534
21587 0.086855
21595 0.086133
21625 0.086902
21635 0.085357
21642 0.086094
21646 0.086166
21654 0.085717
21668 0.084364
21672 0.082000
21684 0.084457
21694 0.085512
21740 0.082699
21772 0.081556
21781 0.081650
21792 0.080694
21828 0.080774
21878 0.079712
21887 0.079895
21903 0.076576
21919 0.074813
21938 0.074282
21963 0.069164
21969 0.072427
21971 0.075273
21982 0.074509
21990 0.074499
21994 0.074477
21999 0.074557
22017 0.076841
22028 0.076428
22037 0.076280
22060 0.077689
22067 0.078234
22078 0.078918
22081 0.078137
22086 0.076882
22096 0.074606
22104 0.076573
22626 0.078883
22697 0.077965
22703 0.079118
22714 0.080379
22719 0.080212
22725 0.080351
22729 0.080919
22734 0.082844
22737 0.081661
22744 0.081193
22767 0.077243
22776 0.077462
22782 0.078095
22786 0.078281
22812 0.077836
22825 0.078690
22830 0.078942
22834 0.079598
22840 0.078564
22845 0.080465
22850 0.082423
22856 0.079567
22868 0.094087
23142 0.094656
23169 0.094871
23728 0.094728
23774 0.094472
23792 0.094673
24073 0.093679
24501 0.093115
24827 0.092315
