1966 0.090409
1969 0.085468
1982 0.082920
1992 0.075165
2004 0.074654
2010 0.075585
2024 0.084476
2031 0.087358
2036 0.084755
2040 0.086262
2046 0.086919
2054 0.087308
2063 0.086412
2069 0.077717
2076 0.079303
2091 0.078235
2104 0.077381
2114 0.076679
2125 0.072903
2149 0.071382
2153 0.071622
2171 0.074415
2176 0.067053
2181 0.066497
2187 0.061328
2208 0.061529
2219 0.061735
2237 0.059524
2242 0.063507
2246 0.069348
2283 0.063579
2626 0.054995
2630 0.054493
2640 0.052472
2648 0.048744
2651 0.045817
2656 0.052282
2663 0.052770
2686 0.058400
2698 0.056991
2707 0.061282
2710 0.061414
2716 0.063914
2720 0.064085
2732 0.066615
2750 0.067339
2756 0.065678
2762 0.064834
2770 0.066208
2792 0.063820
2801 0.067772
2828 0.070425
2834 0.071166
2845 0.066908
3211 0.067420
3337 0.076813
3380 0.082278
3508 0.091032
3570 0.099074
3750 0.098257
3758 0.098060
3768 0.091902
3772 0.091301
3781 0.088774
3791 0.088934
3799 0.094467
3802 0.095881
3810 0.102125
3816 0.100636
3845 0.099032
3848 0.104016
3854 0.105285
3862 0.106932
3872 0.107518
3941 0.108630
3991 0.107167
4011 0.104352
4051 0.105225
4114 0.108376
4159 0.102143
4357 0.097786
4366 0.094189
4371 0.083479
4381 0.076560
4390 0.076064
4408 0.078515
4414 0.082890
4419 0.088939
4495 0.088123
4506 0.087356
4511 0.078185
4521 0.076626
4538 0.074574
4546 0.080817
4549 0.085845
4581 0.079719
4594 0.080502
4612 0.083596
4629 0.085821
4639 0.083400
4645 0.084782
4651 0.085376
4658 0.084568
4670 0.082347
4684 0.083222
4711 0.078053
4735 0.081636
4739 0.083637
4747 0.083836
4752 0.090423
5056 0.087360
5750 0.081964
5769 0.079610
5777 0.077931
5786 0.086084
5811 0.086560
6123 0.085869
6310 0.082414
6432 0.076219
6437 0.070674
6442 0.071448
6447 0.072366
6460 0.069954
6495 0.064643
6513 0.065183
6518 0.063014
6529 0.070230
6535 0.074148
6541 0.074897
6546 0.075254
6550 0.077519
6565 0.073467
6570 0.078400
6585 0.076923
6590 0.079606
6597 0.079350
6604 0.080423
6613 0.077544
6620 0.078306
6624 0.071283
6632 0.077532
6641 0.084907
6652 0.086179
6657 0.086330
6663 0.098978
6668 0.098344
6676 0.095054
6680 0.094001
6694 0.101577
6700 0.103778
6714 0.108432
6720 0.101019
6729 0.097817
6746 0.098020
6774 0.098152
6791 0.097722
6796 0.096781
6811 0.089517
6819 0.087379
6824 0.078460
6854 0.081806
6858 0.082701
6872 0.082931
6887 0.085074
6894 0.086361
6907 0.079221
6935 0.070624
6962 0.068006
6977 0.068362
6996 0.056472
7007 0.056734
7052 0.056516
7057 0.055423
7082 0.049603
7086 0.048055
7164 0.048712
7265 0.052307
7297 0.049047
7306 0.047999
7313 0.045745
7319 0.046343
7328 0.046790
7359 0.049727
7368 0.050223
7375 0.050540
7379 0.050831
7388 0.051525
7403 0.053017
7410 0.050897
7413 0.048714
7425 0.049010
7432 0.048818
7440 0.054664
7447 0.055319
7455 0.055158
7461 0.054410
7467 0.054497
7471 0.055074
7478 0.055612
7483 0.055527
7490 0.048600
7495 0.045313
7497 0.045593
7504 0.046163
7508 0.048360
7514 0.046420
7521 0.046367
7527 0.043867
7536 0.044086
7547 0.045711
7554 0.043749
7562 0.041165
7565 0.039548
7572 0.038741
7578 0.041330
7589 0.042513
7594 0.043604
7608 0.036454
7611 0.037084
7618 0.036048
7659 0.036831
7665 0.038331
7724 0.037307
7763 0.040096
7861 0.039127
7873 0.045395
7887 0.048222
7908 0.050179
7944 0.048642
7968 0.045668
8104 0.045098
8112 0.043025
8147 0.043281
8153 0.045173
8170 0.043238
8179 0.042874
8224 0.045624
8229 0.048955
8232 0.049113
8257 0.048195
8270 0.046024
8282 0.044831
8286 0.044919
8289 0.043984
8298 0.045302
8324 0.044707
8330 0.043619
8381 0.043879
8390 0.042156
8405 0.046395
8417 0.039805
8485 0.036591
8492 0.038155
8503 0.039630
8511 0.041351
8518 0.043655
8524 0.045903
8546 0.047162
8561 0.047076
8569 0.047202
8578 0.046196
8582 0.044972
8605 0.041201
8612 0.043450
8620 0.041545
8628 0.044967
8642 0.048938
8646 0.051125
8668 0.052127
8672 0.053317
8685 0.054921
8701 0.054707
8717 0.054764
8724 0.057433
8738 0.053061
8744 0.055221
8749 0.062617
8755 0.059087
8761 0.058439
8766 0.056672
8771 0.056057
8775 0.054195
8813 0.055238
8822 0.054751
8842 0.054836
8859 0.055891
8881 0.056521
8922 0.056178
8980 0.055037
8991 0.058095
9001 0.056251
9006 0.055358
9017 0.054580
9027 0.053107
9035 0.052222
9041 0.051541
9049 0.050764
9055 0.050443
9060 0.046110
9081 0.046627
9090 0.045536
9093 0.039948
9107 0.042674
9113 0.042528
9120 0.043415
9128 0.045582
9137 0.045332
9145 0.042137
9151 0.041715
9987 0.040982
10001 0.040728
10013 0.039537
10018 0.050364
10025 0.050331
10031 0.047384
10035 0.048112
10043 0.064503
10074 0.068066
10080 0.072278
10083 0.074353
10086 0.074153
10121 0.074505
10123 0.076611
10126 0.078982
10130 0.084941
10135 0.086191
10146 0.087776
10150 0.088283
10162 0.090971
10167 0.096717
10175 0.093707
10179 0.098756
10185 0.101072
10189 0.099347
10198 0.102185
10200 0.102037
10211 0.103996
10214 0.097320
10219 0.099808
10222 0.103801
10227 0.103955
10236 0.085644
10244 0.080633
10247 0.076594
10250 0.072936
10256 0.074176
10275 0.077818
10304 0.077627
10307 0.073448
10310 0.072010
10332 0.071909
10349 0.074238
10360 0.073070
10402 0.069845
10407 0.064931
10831 0.065253
10853 0.064248
10868 0.063964
10897 0.065857
10945 0.065729
10957 0.066334
10975 0.066378
10979 0.062861
10986 0.061946
11001 0.058198
11013 0.055953
11016 0.055085
11030 0.055744
11042 0.056494
11048 0.058651
11056 0.056187
11062 0.058850
11065 0.057994
11072 0.060769
11079 0.056717
11083 0.056702
11089 0.053426
11094 0.051517
11100 0.053831
11118 0.052725
11122 0.052990
11127 0.049020
11134 0.047980
11141 0.047739
11143 0.047012
11147 0.047267
11154 0.045704
11160 0.046218
11163 0.047799
11175 0.049704
11179 0.049219
11184 0.051266
11193 0.049995
11199 0.051749
11220 0.051239
11227 0.055494
11370 0.055367
11427 0.061012
11429 0.062751
11460 0.072340
11471 0.073516
11536 0.073229
11553 0.074790
11570 0.073709
11576 0.080218
11579 0.084523
11591 0.088833
11741 0.092575
11746 0.096795
11750 0.108397
11772 0.111850
11786 0.111677
11793 0.116726
11801 0.115916
11814 0.115625
11817 0.115954
11820 0.115556
11833 0.116627
11838 0.114187
11848 0.117226
11941 0.115955
11958 0.113479
11961 0.107775
11968 0.104900
11978 0.101828
11984 0.104164
11989 0.105137
11996 0.103355
12010 0.104460
12025 0.098963
12038 0.094574
12041 0.091984
12044 0.087899
12046 0.082531
12075 0.071634
12114 0.066635
12134 0.065950
12164 0.060288
12166 0.059757
12170 0.058764
12189 0.068098
12206 0.066628
12208 0.065731
12262 0.073359
12267 0.070990
12269 0.067993
12283 0.064677
12289 0.065896
12299 0.068466
12304 0.061524
12307 0.055619
12311 0.052183
12315 0.061809
12318 0.059609
12358 0.058419
12360 0.057670
12382 0.056292
12397 0.057891
12435 0.059614
12440 0.060594
12451 0.060677
12475 0.062470
12493 0.065586
12503 0.067056
12508 0.066957
12511 0.060286
12513 0.061327
12519 0.065439
12534 0.057640
12554 0.056635
12576 0.057116
12589 0.058032
12598 0.055978
12615 0.052999
12627 0.053052
12634 0.059914
12647 0.060283
12657 0.050944
12666 0.054189
12672 0.055732
12681 0.055194
12717 0.055264
12734 0.054140
12740 0.051647
12747 0.050110
13182 0.050390
13217 0.050115
13303 0.048168
13893 0.045836
14035 0.048888
14352 0.048415
14475 0.049380
14488 0.045745
14501 0.052154
14505 0.054119
14517 0.054026
14525 0.055209
14532 0.054966
14541 0.054728
14546 0.059661
14560 0.054142
14570 0.070813
14578 0.070857
14588 0.073904
14594 0.073933
14600 0.075430
14618 0.077145
14621 0.076546
14625 0.076800
14663 0.075129
14667 0.079865
14673 0.079958
14681 0.079102
14689 0.077083
14693 0.075551
14705 0.075749
14709 0.077342
14717 0.078073
14724 0.076133
14734 0.072610
14742 0.072106
14749 0.069024
14758 0.072625
14769 0.073556
14785 0.067823
14791 0.070400
14802 0.053755
14807 0.053390
14811 0.048304
14815 0.051016
14818 0.049587
14823 0.049639
14827 0.049267
14829 0.049951
14834 0.049575
14839 0.046924
14850 0.045562
14858 0.045476
14873 0.046828
14881 0.045200
14887 0.043509
14892 0.041015
14896 0.039626
14902 0.036215
14907 0.037022
14917 0.040983
14929 0.041869
14946 0.040004
14967 0.038223
14976 0.039666
14989 0.035512
14993 0.035932
15000 0.036948
15004 0.036743
15012 0.032676
15016 0.037246
15021 0.037592
15026 0.037518
15035 0.037455
15052 0.037353
15056 0.035032
15066 0.035247
15082 0.035172
15087 0.034625
15095 0.035125
15098 0.034390
15105 0.034731
15112 0.035162
15124 0.035865
15140 0.035006
15148 0.031474
15155 0.030526
15159 0.028691
15162 0.030674
15172 0.033106
15187 0.039869
15200 0.039735
15207 0.039518
15215 0.038736
15232 0.041680
15250 0.041219
15256 0.038454
15262 0.040275
15267 0.047568
15274 0.048242
15305 0.048185
15933 0.056836
16243 0.056974
16251 0.067508
16294 0.067024
16463 0.067370
16469 0.070417
16476 0.070940
16483 0.069189
16505 0.071550
16511 0.076727
16524 0.080633
16532 0.081576
16542 0.082369
16549 0.087617
16564 0.090362
16578 0.091477
16590 0.090490
16611 0.096915
16616 0.095254
16624 0.092634
16641 0.096905
16657 0.099237
16665 0.101314
16681 0.100758
16686 0.103481
16694 0.095245
16707 0.095744
16749 0.085224
16759 0.090710
16763 0.090995
16780 0.086682
16787 0.087522
16805 0.087900
16854 0.087717
16874 0.090383
16895 0.091929
16916 0.092686
16923 0.091747
16939 0.083800
16942 0.078516
16948 0.078038
16960 0.079227
16994 0.072811
17072 0.075740
17081 0.073798
17340 0.073366
17572 0.075411
17771 0.073769
17781 0.075124
17813 0.075543
17910 0.077366
17947 0.078475
18046 0.077874
18212 0.073208
18254 0.074242
18264 0.075246
18271 0.077651
18287 0.081679
18294 0.081205
18296 0.077859
18303 0.076486
18311 0.075147
18321 0.074672
18329 0.077105
18345 0.078053
18366 0.082355
18370 0.081154
18376 0.085686
18382 0.086421
18391 0.089154
18413 0.089804
18418 0.085626
18448 0.078907
18467 0.077956
18471 0.074224
18477 0.070568
18492 0.071018
18496 0.070593
18525 0.071367
18554 0.072240
18594 0.072151
18606 0.067754
18625 0.064161
18629 0.063151
18637 0.061397
18916 0.059296
18942 0.060244
19145 0.059382
19542 0.057745
19625 0.055489
19828 0.051227
19848 0.055854
19859 0.050998
19876 0.047827
19899 0.048665
19904 0.049556
19908 0.049660
19945 0.048698
20001 0.049518
20005 0.053803
20020 0.056409
20026 0.055115
20067 0.055187
20073 0.055840
20098 0.054905
20179 0.053319
20197 0.054806
20224 0.055410
20231 0.057911
20262 0.059355
20264 0.058955
20270 0.062830
20293 0.065703
20310 0.065321
20378 0.063979
20387 0.062761
20397 0.059196
20660 0.062222
20683 0.062027
20729 0.059572
20760 0.054829
20764 0.057472
20781 0.057471
20787 0.056153
20813 0.053006
21285 0.054157
21300 0.052539
21314 0.052939
21326 0.050706
21334 0.050440
21365 0.051850
21402 0.055315
21414 0.054550
21438 0.052767
21444 0.050208
21469 0.051393
21488 0.049276
21491 0.048383
21530 0.050586
21569 0.052921
21579 0.052726
21587 0.053142
21595 0.051961
21625 0.052672
21635 0.056467
21642 0.057133
21646 0.053650
21654 0.053717
21668 0.060098
21672 0.059080
21684 0.055330
21694 0.056268
21740 0.060643
21772 0.059997
21781 0.058973
21792 0.057531
21828 0.055809
21878 0.056217
21887 0.056330
21903 0.056313
21919 0.054220
21938 0.052025
21963 0.050922
21969 0.047798
21971 0.044803
21982 0.046578
21990 0.044961
21994 0.043954
21999 0.042546
22017 0.037880
22028 0.039601
22037 0.040150
22060 0.042430
22067 0.038510
22078 0.039731
22081 0.040593
22086 0.040193
22096 0.034651
22104 0.036063
22626 0.048379
22697 0.050500
22703 0.055445
22714 0.054283
22719 0.058957
22725 0.059075
22729 0.058849
22734 0.064663
22737 0.063995
22744 0.066515
22767 0.066694
22776 0.067238
22782 0.067395
22786 0.068074
22812 0.069925
22825 0.070844
22830 0.070301
22834 0.069471
22840 0.069390
22845 0.067660
22850 0.068032
22856 0.068598
22868 0.068654
23142 0.071136
23169 0.075097
23728 0.062771
23774 0.063288
23792 0.056689
24073 0.058901
24501 0.066930
24827 0.077320
