4733 0.103872
4736 0.097774
4737 0.092281
4740 0.091968
4741 0.088681
4742 0.085590
4743 0.083563
4744 0.083160
4748 0.083356
4749 0.081148
4753 0.078684
4757 0.080403
4767 0.083078
4768 0.078473
4769 0.077890
4774 0.075134
4791 0.073997
4794 0.074078
4840 0.074735
4859 0.076964
4860 0.076721
4861 0.072023
4862 0.069956
4863 0.070291
4864 0.072470
4865 0.075159
4866 0.078960
4869 0.078380
4870 0.074275
4871 0.074447
4872 0.076494
4873 0.079974
4874 0.082228
4901 0.076975
4902 0.073650
4903 0.070613
4904 0.068639
5009 0.066395
5010 0.065577
5011 0.064823
5068 0.064608
5069 0.064133
5071 0.063297
5072 0.062626
5077 0.063501
5078 0.064296
5079 0.065156
5080 0.066358
5081 0.066183
5082 0.064262
5100 0.061962
5102 0.056724
5103 0.055828
5105 0.055670
5106 0.054662
5107 0.052223
5108 0.047667
5109 0.042558
5110 0.043228
5111 0.044037
5220 0.044145
5221 0.043558
5222 0.042699
5223 0.042032
5274 0.042601
5275 0.040438
5276 0.038962
5277 0.037427
5279 0.036442
5280 0.032190
5281 0.029768
5282 0.027990
5283 0.025802
5284 0.024640
5285 0.023949
5286 0.022491
5293 0.025520
5294 0.027142
5296 0.026780
5300 0.029489
5301 0.030803
5317 0.032956
5375 0.036528
5463 0.035658
5471 0.037029
5534 0.039294
5545 0.042466
5694 0.043911
5793 0.045559
5797 0.043891
5801 0.045261
5891 0.046043
5893 0.047944
5939 0.052759
5965 0.054333
5990 0.058075
5992 0.060025
6064 0.061303
6065 0.063267
6080 0.066783
6085 0.068691
6086 0.066686
6087 0.067157
6088 0.068268
6089 0.066746
6090 0.068309
6092 0.068752
6093 0.068377
6107 0.069217
6110 0.068921
6111 0.067142
6112 0.064423
6113 0.063914
6116 0.065964
6117 0.069508
6118 0.071416
6119 0.075653
6121 0.078486
6124 0.076768
6126 0.076980
6128 0.074487
6129 0.073672
6133 0.075316
6134 0.075475
6135 0.074347
6136 0.074693
6138 0.075915
6139 0.076276
6152 0.079008
6157 0.080659
6158 0.077712
6164 0.078489
6169 0.074341
6176 0.079041
6177 0.080538
6180 0.082213
6181 0.082887
6192 0.083686
6193 0.080684
6194 0.078167
6195 0.077035
6198 0.075055
6199 0.072639
6202 0.073291
6204 0.073167
6208 0.073730
6209 0.073402
6210 0.071378
6211 0.070290
6217 0.068034
6218 0.066787
6219 0.064947
6222 0.063003
6223 0.057635
6227 0.054036
6228 0.053689
6229 0.051133
6255 0.052794
6256 0.047468
6261 0.044329
6264 0.043695
6265 0.042729
6268 0.042096
6269 0.042344
6270 0.042712
6272 0.042960
6275 0.042467
6276 0.042674
6278 0.041849
6301 0.042765
6614 0.043482
6707 0.045200
6708 0.044509
6710 0.043766
6711 0.044339
6756 0.045633
6757 0.045132
6758 0.044887
6759 0.045937
6760 0.046532
6762 0.046855
6763 0.045750
6764 0.043910
6766 0.044280
6768 0.044992
6769 0.043361
6771 0.043856
6778 0.046827
6812 0.047742
6813 0.046595
6814 0.044174
6815 0.042041
6816 0.042497
6817 0.042689
6899 0.042893
6900 0.040821
6930 0.044689
6931 0.048075
7278 0.051513
7308 0.056178
7473 0.058575
7569 0.059760
7582 0.059924
7661 0.060910
7864 0.063927
7880 0.065925
7919 0.068930
7958 0.068838
8085 0.070358
8087 0.071482
8108 0.073689
8109 0.074463
8110 0.072567
8138 0.071578
8139 0.071303
8141 0.070661
8142 0.070873
8143 0.069864
8144 0.069746
8148 0.071795
8149 0.072943
8150 0.067451
8151 0.065051
8154 0.063071
8155 0.058638
8156 0.055335
8157 0.056390
8158 0.058429
8159 0.059786
8161 0.057326
8162 0.056833
8163 0.055995
8164 0.058137
8165 0.057680
8166 0.058543
8167 0.057895
8168 0.058205
8543 0.057733
8625 0.057752
8665 0.058658
8781 0.062740
8782 0.065114
8783 0.065613
8784 0.064461
8785 0.061420
8786 0.061512
8787 0.062416
8789 0.062879
8790 0.063620
8795 0.063069
8796 0.061769
8797 0.059514
8798 0.057754
8799 0.055726
8800 0.055819
8801 0.055761
8802 0.057063
8803 0.059153
8804 0.062470
8806 0.065338
8815 0.064322
8902 0.063420
8903 0.062426
8904 0.062548
8905 0.063178
8906 0.060848
8907 0.058941
8948 0.058551
8949 0.059083
8950 0.059421
8951 0.057974
8952 0.056798
8953 0.055744
8954 0.053558
8955 0.053136
8956 0.052875
8957 0.052265
8958 0.051549
8959 0.050639
8961 0.048310
8962 0.045289
8963 0.040913
8964 0.036568
8965 0.031515
8966 0.025979
8967 0.025241
8969 0.024694
8971 0.026328
8973 0.025687
8974 0.024611
8975 0.023746
8976 0.023292
8977 0.021677
8978 0.019720
8995 0.019661
8996 0.021805
8998 0.023549
9322 0.025956
9352 0.026766
9353 0.027277
9354 0.027705
9355 0.027856
9356 0.027512
9496 0.030367
9503 0.030765
9504 0.030836
9505 0.030787
9635 0.031213
9636 0.031514
9637 0.031507
9638 0.031888
9639 0.031454
9641 0.028876
9642 0.028226
9643 0.027441
9644 0.026407
9645 0.025780
9652 0.025723
9653 0.025397
9654 0.024171
9658 0.022808
9659 0.021045
9660 0.018595
9661 0.017761
9662 0.017222
9663 0.016808
9674 0.019804
9680 0.020859
9681 0.018747
9682 0.019454
9683 0.020099
9684 0.020724
9786 0.022272
9787 0.023519
9807 0.026143
10066 0.030732
10112 0.038591
10344 0.044944
10346 0.049899
10515 0.052731
10521 0.059287
10597 0.065118
10676 0.070168
10677 0.073241
10779 0.075042
10914 0.075982
11331 0.079633
11360 0.080650
11617 0.085901
11657 0.092146
11879 0.096820
12275 0.099553
12401 0.104191
13147 0.106109
13148 0.108501
13149 0.110372
13163 0.112142
13164 0.112322
13166 0.112223
13167 0.111399
13168 0.107834
13169 0.101585
13170 0.096908
13171 0.093217
13220 0.090861
13221 0.084582
13222 0.078627
13224 0.073340
13225 0.069938
13226 0.067261
13227 0.065494
13228 0.061247
13229 0.060072
13258 0.055366
13259 0.049176
13260 0.044532
13261 0.038651
13262 0.032979
13263 0.030041
13293 0.026742
13294 0.024877
13295 0.023005
13296 0.021140
13312 0.020689
13314 0.019615
13319 0.021968
13326 0.022671
13330 0.023549
13357 0.023216
13366 0.023204
13395 0.024903
13488 0.027525
13489 0.029701
13607 0.034370
13720 0.037153
13736 0.038436
14123 0.040023
14206 0.042324
14490 0.042154
14605 0.043348
15088 0.044157
15091 0.044807
15174 0.045622
15289 0.048511
15297 0.051157
15298 0.052689
15299 0.053879
15300 0.054549
15301 0.054484
15302 0.054317
15303 0.051413
15311 0.050172
15312 0.048480
15325 0.047697
15326 0.047207
15327 0.045131
15328 0.042354
15329 0.039849
15330 0.035045
15331 0.032322
15332 0.031051
15333 0.029563
15338 0.031490
15339 0.033962
15395 0.033800
15397 0.033352
15398 0.033319
15399 0.034234
15400 0.033055
15410 0.032485
15411 0.031207
15412 0.029909
15506 0.030750
15547 0.031151
15614 0.030967
15639 0.032155
15689 0.033170
15843 0.035105
16070 0.036014
16125 0.038824
16167 0.040011
16168 0.040765
16169 0.041349
16171 0.042181
16177 0.042826
16178 0.043535
16179 0.045230
16218 0.041352
16219 0.038845
16220 0.038329
16225 0.038437
16226 0.038824
16227 0.038045
16244 0.036868
16245 0.034859
16246 0.034602
16247 0.035816
16248 0.036860
16249 0.039210
16268 0.040363
16269 0.039020
16271 0.037045
16272 0.034354
16273 0.033338
16274 0.031092
16346 0.031725
16347 0.031830
16348 0.032100
16349 0.032455
16354 0.034265
16355 0.035362
16357 0.035086
16358 0.036216
16359 0.037234
16374 0.037581
16376 0.038467
16377 0.038786
16392 0.039420
16393 0.039057
16394 0.038671
16396 0.037793
16397 0.036507
16406 0.035234
16407 0.032588
16408 0.032160
16409 0.032974
16410 0.033844
16411 0.034838
16415 0.035472
16416 0.035551
16417 0.034256
16420 0.033499
16421 0.032795
16422 0.031922
16424 0.030440
16425 0.030114
16426 0.030645
16427 0.029975
16429 0.030964
16430 0.030603
16431 0.029524
16432 0.028372
16433 0.026898
16435 0.029423
16436 0.031035
16437 0.032157
16438 0.032599
16439 0.031384
16443 0.030752
16444 0.030355
16445 0.031107
16448 0.032871
16449 0.034997
16451 0.035700
16452 0.037276
16453 0.038679
16454 0.040006
16729 0.043420
16730 0.046396
16817 0.046749
16880 0.045885
16885 0.044449
16996 0.047117
16997 0.047479
17009 0.049880
17032 0.050902
17105 0.051891
17223 0.052595
17224 0.050591
17225 0.050405
17226 0.050515
17227 0.050935
17228 0.051680
17229 0.052325
17230 0.052496
17231 0.050966
17248 0.051524
17249 0.050808
17309 0.052359
17310 0.050274
17312 0.048457
17313 0.047039
17369 0.046171
17370 0.044927
17373 0.046809
17417 0.047740
17421 0.048444
17422 0.045502
17424 0.044384
17425 0.042476
17428 0.043158
17429 0.043861
17433 0.043912
17434 0.044441
17436 0.044081
17437 0.044165
17438 0.044108
17457 0.044892
17458 0.045175
17473 0.048037
17474 0.049780
17648 0.049148
17649 0.047944
17650 0.045801
17651 0.045997
17652 0.046326
17653 0.047449
17654 0.045720
17695 0.044349
17696 0.041633
17697 0.040518
17698 0.039768
17721 0.040071
17763 0.038690
17764 0.037990
17849 0.037134
17850 0.036472
17853 0.037585
17854 0.037398
17855 0.037186
17856 0.036482
17858 0.035524
17859 0.033602
17860 0.032898
17861 0.030080
17884 0.029693
17885 0.028580
17887 0.029673
17923 0.029437
17926 0.030472
17951 0.032644
17952 0.033170
17972 0.032699
17977 0.032777
17989 0.032578
17991 0.032535
18016 0.033094
18018 0.033967
18109 0.036130
18122 0.035745
18178 0.035255
18179 0.035675
18181 0.036015
18182 0.037148
18183 0.040227
18186 0.043881
18460 0.044766
18461 0.045012
18462 0.044616
18463 0.044096
18464 0.042327
18465 0.042101
18599 0.041522
18600 0.041051
18601 0.040118
18602 0.037971
18603 0.036605
18604 0.036222
18607 0.036347
18608 0.036294
18609 0.035984
18610 0.038610
18656 0.039476
18657 0.037381
18658 0.037673
18663 0.037481
18664 0.036081
18673 0.037192
18681 0.039116
18684 0.037516
18688 0.038391
18829 0.040477
18900 0.043917
19381 0.044165
19665 0.046827
19896 0.050040
19909 0.050383
19918 0.049934
20112 0.051718
20287 0.052613
20338 0.054030
20348 0.054666
20364 0.059696
20423 0.059828
20592 0.062220
20598 0.067801
20599 0.068663
20600 0.068793
20614 0.071283
20616 0.071918
20617 0.072072
20618 0.072769
20619 0.071015
20620 0.068481
20622 0.067432
20625 0.062406
20626 0.059973
20627 0.057118
20630 0.056681
20631 0.054244
20658 0.051879
20667 0.050166
20668 0.048943
20669 0.047369
20674 0.047026
20675 0.045542
20676 0.044971
20677 0.040794
20678 0.040436
20680 0.038310
20681 0.033870
20714 0.031160
20715 0.028629
20716 0.025948
20717 0.025588
20718 0.025234
20719 0.024913
20741 0.025539
20778 0.027230
20779 0.029285
20899 0.031110
21009 0.031755
21010 0.031520
21011 0.032060
21019 0.031439
21020 0.030284
21021 0.030142
21022 0.030052
21023 0.029528
21024 0.028530
21025 0.028206
21026 0.027932
21029 0.027251
21030 0.026852
21051 0.028514
21052 0.027751
21053 0.026329
21061 0.029102
21062 0.029809
21063 0.029293
21064 0.029289
21065 0.029472
21068 0.030372
21069 0.027719
21087 0.028204
21088 0.028849
21212 0.029830
21309 0.030568
21316 0.031114
21454 0.031996
21502 0.032138
21573 0.034600
21794 0.035796
21824 0.035983
21826 0.036777
21865 0.041598
22155 0.044053
22164 0.045225
22272 0.045358
22273 0.043180
22274 0.043535
22278 0.048422
22281 0.045838
22282 0.045854
22286 0.047825
22287 0.049417
22292 0.049058
22297 0.047137
22298 0.047414
22307 0.044104
22308 0.042468
22310 0.040696
22314 0.040547
22316 0.039621
22318 0.040415
22319 0.041358
22320 0.040908
22323 0.041774
22324 0.043492
22325 0.044612
22348 0.041372
22383 0.041774
22388 0.042445
22389 0.043338
22390 0.044176
22391 0.044648
22403 0.042631
22409 0.042327
22414 0.041605
22415 0.039583
22438 0.040170
22439 0.040421
22440 0.039505
22441 0.038725
22443 0.039171
22451 0.038522
22452 0.038148
22473 0.037410
22474 0.037612
22477 0.037864
22478 0.037126
22479 0.035510
22480 0.034071
22485 0.034492
22491 0.036378
22492 0.037007
22493 0.036023
22494 0.035814
22597 0.036910
22644 0.038011
22668 0.039364
22754 0.038358
22835 0.040794
23086 0.041795
23159 0.042106
23220 0.042018
23310 0.043183
23486 0.046301
23554 0.046783
23660 0.046888
23763 0.048048
23764 0.048994
23766 0.049746
23770 0.051130
23771 0.050578
23776 0.052043
23777 0.053011
23778 0.053627
23779 0.052819
23780 0.051820
23781 0.052866
23782 0.052697
23802 0.051694
23803 0.049994
23804 0.049037
23814 0.046592
23815 0.044624
23816 0.042421
23867 0.043085
23889 0.043572
23890 0.041609
23891 0.040011
23892 0.036832
23893 0.038160
23894 0.040235
23895 0.044160
23896 0.048081
23897 0.050821
23898 0.051295
24796 0.053068
24798 0.052605
24801 0.052483
