4733 0.051188
4736 0.045628
4737 0.043307
4740 0.033135
4741 0.030139
4742 0.029658
4743 0.029589
4744 0.029434
4748 0.028607
4749 0.029119
4753 0.027805
4757 0.026053
4767 0.022133
4768 0.023447
4769 0.023188
4774 0.024922
4791 0.024737
4794 0.023526
4840 0.023926
4859 0.026375
4860 0.026019
4861 0.028601
4862 0.029238
4863 0.029572
4864 0.029200
4865 0.029030
4866 0.030190
4869 0.030297
4870 0.029176
4871 0.028923
4872 0.029248
4873 0.029371
4874 0.028654
4901 0.028271
4902 0.029722
4903 0.029730
4904 0.030574
5009 0.031595
5010 0.029062
5011 0.032373
5068 0.033184
5069 0.035772
5071 0.036319
5072 0.037828
5077 0.035446
5078 0.035500
5079 0.036654
5080 0.036421
5081 0.035364
5082 0.037150
5100 0.035451
5102 0.034348
5103 0.034581
5105 0.033920
5106 0.033917
5107 0.034324
5108 0.034297
5109 0.035230
5110 0.038931
5111 0.037819
5220 0.038331
5221 0.037915
5222 0.036639
5223 0.037099
5274 0.034271
5275 0.031948
5276 0.030717
5277 0.030512
5279 0.029494
5280 0.031027
5281 0.032209
5282 0.028731
5283 0.028641
5284 0.031874
5285 0.032475
5286 0.033893
5293 0.034972
5294 0.036205
5296 0.037436
5300 0.038441
5301 0.043160
5317 0.045592
5375 0.043388
5463 0.042409
5471 0.044090
5534 0.043290
5545 0.043074
5694 0.047550
5793 0.049395
5797 0.051886
5801 0.052214
5891 0.050989
5893 0.050315
5939 0.049886
5965 0.048853
5990 0.046892
5992 0.046586
6064 0.047759
6065 0.045006
6080 0.042718
6085 0.042922
6086 0.044124
6087 0.043021
6088 0.041808
6089 0.042627
6090 0.038294
6092 0.037684
6093 0.038150
6107 0.035731
6110 0.033138
6111 0.034792
6112 0.035686
6113 0.031196
6116 0.030521
6117 0.027552
6118 0.027016
6119 0.028539
6121 0.029355
6124 0.030164
6126 0.030730
6128 0.030848
6129 0.031315
6133 0.029707
6134 0.029665
6135 0.030543
6136 0.029957
6138 0.028591
6139 0.028663
6152 0.028760
6157 0.027458
6158 0.026151
6164 0.024385
6169 0.023619
6176 0.023444
6177 0.024225
6180 0.022708
6181 0.022572
6192 0.022891
6193 0.020985
6194 0.020485
6195 0.021283
6198 0.019201
6199 0.018683
6202 0.017530
6204 0.017045
6208 0.017306
6209 0.016562
6210 0.019605
6211 0.022339
6217 0.021859
6218 0.024971
6219 0.024800
6222 0.024531
6223 0.026822
6227 0.026779
6228 0.026400
6229 0.027561
6255 0.027243
6256 0.027534
6261 0.027679
6264 0.027314
6265 0.027086
6268 0.028232
6269 0.029061
6270 0.029157
6272 0.030538
6275 0.031697
6276 0.033855
6278 0.034938
6301 0.035074
6614 0.035166
6707 0.035645
6708 0.034334
6710 0.035707
6711 0.035171
6756 0.031472
6757 0.030457
6758 0.031314
6759 0.029167
6760 0.030612
6762 0.030798
6763 0.030603
6764 0.031551
6766 0.031866
6768 0.033468
6769 0.034779
6771 0.034937
6778 0.034559
6812 0.034145
6813 0.034107
6814 0.036451
6815 0.036270
6816 0.034409
6817 0.036378
6899 0.035900
6900 0.036370
6930 0.037087
6931 0.036240
7278 0.032813
7308 0.033039
7473 0.034378
7569 0.035375
7582 0.034298
7661 0.035129
7864 0.035752
7880 0.035967
7919 0.039146
7958 0.039834
8085 0.043510
8087 0.042137
8108 0.041305
8109 0.041399
8110 0.040234
8138 0.044783
8139 0.047210
8141 0.048506
8142 0.049583
8143 0.051517
8144 0.049324
8148 0.050653
8149 0.051370
8150 0.050275
8151 0.050209
8154 0.049309
8155 0.049364
8156 0.048546
8157 0.050127
8158 0.050399
8159 0.049779
8161 0.047371
8162 0.049910
8163 0.054542
8164 0.057053
8165 0.054388
8166 0.059562
8167 0.064430
8168 0.066141
8543 0.070097
8625 0.067601
8665 0.071352
8781 0.066298
8782 0.069122
8783 0.071052
8784 0.075405
8785 0.078657
8786 0.079063
8787 0.085228
8789 0.087314
8790 0.088767
8795 0.088627
8796 0.096340
8797 0.095404
8798 0.095077
8799 0.095817
8800 0.097226
8801 0.094753
8802 0.085736
8803 0.082263
8804 0.082041
8806 0.078582
8815 0.073234
8902 0.070587
8903 0.068474
8904 0.066342
8905 0.059776
8906 0.060331
8907 0.055410
8948 0.050788
8949 0.046020
8950 0.043249
8951 0.041327
8952 0.035972
8953 0.037931
8954 0.036847
8955 0.039276
8956 0.034776
8957 0.037728
8958 0.038172
8959 0.038059
8961 0.037088
8962 0.040615
8963 0.042646
8964 0.043112
8965 0.043406
8966 0.043301
8967 0.049121
8969 0.049272
8971 0.047427
8973 0.047032
8974 0.047095
8975 0.047113
8976 0.048620
8977 0.049288
8978 0.051445
8995 0.049670
8996 0.050635
8998 0.052598
9322 0.048608
9352 0.048585
9353 0.046288
9354 0.042534
9355 0.037719
9356 0.037991
9496 0.037322
9503 0.036476
9504 0.033080
9505 0.033882
9635 0.032634
9636 0.031866
9637 0.030743
9638 0.027029
9639 0.028603
9641 0.031179
9642 0.033637
9643 0.033569
9644 0.034777
9645 0.033781
9652 0.034484
9653 0.033417
9654 0.038336
9658 0.038460
9659 0.036184
9660 0.038826
9661 0.040343
9662 0.040291
9663 0.041508
9674 0.043350
9680 0.043745
9681 0.043366
9682 0.044382
9683 0.044627
9684 0.043572
9786 0.043950
9787 0.045591
9807 0.045064
10066 0.043219
10112 0.045817
10344 0.052684
10346 0.055725
10515 0.055808
10521 0.055357
10597 0.057709
10676 0.060248
10677 0.058537
10779 0.053593
10914 0.054456
11331 0.055426
11360 0.055400
11617 0.053387
11657 0.053270
11879 0.051614
12275 0.050156
12401 0.051483
13147 0.052732
13148 0.052229
13149 0.052892
13163 0.051195
13164 0.051738
13166 0.049314
13167 0.051126
13168 0.056860
13169 0.055421
13170 0.047340
13171 0.043904
13220 0.046427
13221 0.045376
13222 0.045655
13224 0.045301
13225 0.045280
13226 0.044835
13227 0.044427
13228 0.050171
13229 0.047834
13258 0.048147
13259 0.048485
13260 0.048461
13261 0.048446
13262 0.046776
13263 0.045497
13293 0.046105
13294 0.049082
13295 0.055735
13296 0.056677
13312 0.058058
13314 0.055625
13319 0.050716
13326 0.049663
13330 0.049671
13357 0.048887
13366 0.047548
13395 0.047275
13488 0.044861
13489 0.040995
13607 0.041487
13720 0.041970
13736 0.040236
14123 0.033510
14206 0.036029
14490 0.040462
14605 0.043582
15088 0.045165
15091 0.045397
15174 0.046957
15289 0.049187
15297 0.048848
15298 0.050314
15299 0.043476
15300 0.044380
15301 0.048073
15302 0.048188
15303 0.048210
15311 0.047455
15312 0.046840
15325 0.046125
15326 0.045018
15327 0.045022
15328 0.044928
15329 0.046761
15330 0.047117
15331 0.049477
15332 0.049794
15333 0.050804
15338 0.047568
15339 0.042845
15395 0.039551
15397 0.038558
15398 0.039161
15399 0.036293
15400 0.035657
15410 0.034923
15411 0.029985
15412 0.030042
15506 0.027460
15547 0.025188
15614 0.024635
15639 0.025597
15689 0.024754
15843 0.024810
16070 0.024369
16125 0.024436
16167 0.023828
16168 0.024318
16169 0.022963
16171 0.022568
16177 0.021401
16178 0.021361
16179 0.022679
16218 0.022413
16219 0.025131
16220 0.025004
16225 0.028131
16226 0.030494
16227 0.031595
16244 0.030191
16245 0.032387
16246 0.032986
16247 0.039584
16248 0.039639
16249 0.041635
16268 0.042454
16269 0.040925
16271 0.041504
16272 0.042282
16273 0.044876
16274 0.045299
16346 0.045498
16347 0.045210
16348 0.046117
16349 0.046590
16354 0.044977
16355 0.044927
16357 0.042132
16358 0.042416
16359 0.043066
16374 0.043235
16376 0.042899
16377 0.042332
16392 0.041813
16393 0.041738
16394 0.041603
16396 0.041828
16397 0.036971
16406 0.037330
16407 0.033138
16408 0.032400
16409 0.033040
16410 0.033806
16411 0.033878
16415 0.031736
16416 0.032848
16417 0.033724
16420 0.032727
16421 0.031646
16422 0.031673
16424 0.032474
16425 0.032617
16426 0.034634
16427 0.034664
16429 0.032677
16430 0.033153
16431 0.029708
16432 0.027066
16433 0.029691
16435 0.030490
16436 0.028435
16437 0.027820
16438 0.027546
16439 0.027015
16443 0.026807
16444 0.027218
16445 0.025794
16448 0.024327
16449 0.023068
16451 0.024152
16452 0.024835
16453 0.029639
16454 0.029610
16729 0.029174
16730 0.029364
16817 0.029987
16880 0.029981
16885 0.027564
16996 0.028053
16997 0.026483
17009 0.026237
17032 0.027189
17105 0.027097
17223 0.025170
17224 0.024784
17225 0.025626
17226 0.031705
17227 0.035982
17228 0.036978
17229 0.038730
17230 0.039725
17231 0.050652
17248 0.051988
17249 0.052961
17309 0.051859
17310 0.051418
17312 0.049326
17313 0.050804
17369 0.053526
17370 0.055139
17373 0.055822
17417 0.056251
17421 0.056772
17422 0.057676
17424 0.059404
17425 0.058842
17428 0.060013
17429 0.060160
17433 0.063268
17434 0.064089
17436 0.064216
17437 0.058767
17438 0.053740
17457 0.054126
17458 0.052137
17473 0.050830
17474 0.040561
17648 0.039452
17649 0.038777
17650 0.040718
17651 0.038653
17652 0.038077
17653 0.038350
17654 0.041317
17695 0.038688
17696 0.036902
17697 0.036717
17698 0.036241
17721 0.035257
17763 0.037557
17764 0.038146
17849 0.036218
17850 0.036751
17853 0.033774
17854 0.034527
17855 0.035521
17856 0.033862
17858 0.035867
17859 0.037884
17860 0.038810
17861 0.039360
17884 0.038795
17885 0.039898
17887 0.039359
17923 0.039766
17926 0.040975
17951 0.038561
17952 0.041044
17972 0.036798
17977 0.040660
17989 0.040874
17991 0.041895
18016 0.045290
18018 0.046823
18109 0.043897
18122 0.044722
18178 0.046347
18179 0.046724
18181 0.046321
18182 0.045231
18183 0.045156
18186 0.044834
18460 0.042091
18461 0.039808
18462 0.038823
18463 0.040462
18464 0.041196
18465 0.042351
18599 0.042584
18600 0.039995
18601 0.042909
18602 0.045369
18603 0.043330
18604 0.044695
18607 0.042610
18608 0.043127
18609 0.042632
18610 0.041077
18656 0.039487
18657 0.040958
18658 0.040581
18663 0.042658
18664 0.042767
18673 0.043284
18681 0.044289
18684 0.044292
18688 0.046034
18829 0.046458
18900 0.046094
19381 0.045968
19665 0.044992
19896 0.045715
19909 0.043324
19918 0.043084
20112 0.043631
20287 0.042134
20338 0.040472
20348 0.038987
20364 0.036847
20423 0.037511
20592 0.037071
20598 0.038262
20599 0.036808
20600 0.038176
20614 0.036350
20616 0.036440
20617 0.032629
20618 0.031477
20619 0.032567
20620 0.032507
20622 0.033666
20625 0.033686
20626 0.033579
20627 0.033027
20630 0.034163
20631 0.035184
20658 0.035104
20667 0.035088
20668 0.035819
20669 0.035750
20674 0.034351
20675 0.032603
20676 0.033123
20677 0.034913
20678 0.032963
20680 0.033739
20681 0.034965
20714 0.036231
20715 0.034096
20716 0.034275
20717 0.036728
20718 0.040319
20719 0.043395
20741 0.041085
20778 0.041148
20779 0.039761
20899 0.038183
21009 0.038047
21010 0.039794
21011 0.040433
21019 0.045958
21020 0.054002
21021 0.062806
21022 0.063522
21023 0.065856
21024 0.066097
21025 0.066361
21026 0.067022
21029 0.066627
21030 0.070324
21051 0.069089
21052 0.067083
21053 0.068430
21061 0.069180
21062 0.070275
21063 0.067732
21064 0.066307
21065 0.065170
21068 0.065005
21069 0.065602
21087 0.067671
21088 0.069316
21212 0.069623
21309 0.068545
21316 0.067867
21454 0.062127
21502 0.053742
21573 0.045116
21794 0.044628
21824 0.042338
21826 0.043700
21865 0.044111
22155 0.042222
22164 0.040266
22272 0.036547
22273 0.037277
22274 0.037436
22278 0.034696
22281 0.034369
22282 0.033374
22286 0.034172
22287 0.033018
22292 0.030687
22297 0.030756
22298 0.028506
22307 0.024720
22308 0.022926
22310 0.022649
22314 0.022759
22316 0.021798
22318 0.020606
22319 0.020252
22320 0.020339
22323 0.019915
22324 0.019335
22325 0.017380
22348 0.017334
22383 0.017421
22388 0.017684
22389 0.019298
22390 0.019024
22391 0.020858
22403 0.020642
22409 0.020695
22414 0.019683
22415 0.018014
22438 0.017122
22439 0.017868
22440 0.019817
22441 0.021320
22443 0.022603
22451 0.024604
22452 0.025050
22473 0.024549
22474 0.026482
22477 0.026042
22478 0.025253
22479 0.025218
22480 0.026614
22485 0.027861
22491 0.028152
22492 0.027987
22493 0.028762
22494 0.029889
22597 0.028477
22644 0.028085
22668 0.026411
22754 0.026302
22835 0.025966
23086 0.026786
23159 0.027562
23220 0.027670
23310 0.027534
23486 0.027837
23554 0.026052
23660 0.025126
23763 0.025725
23764 0.027525
23766 0.027375
23770 0.025763
23771 0.030966
23776 0.030927
23777 0.031187
23778 0.029480
23779 0.029579
23780 0.028675
23781 0.029501
23782 0.031945
23802 0.031262
23803 0.030721
23804 0.030754
23814 0.029026
23815 0.029081
23816 0.029089
23867 0.029397
23889 0.029034
23890 0.029154
23891 0.029506
23892 0.029256
23893 0.029545
23894 0.029645
23895 0.031449
23896 0.036021
23897 0.038542
23898 0.043221
24796 0.042465
24798 0.050590
24801 0.052197
