603 0.086185
605 0.073607
606 0.072975
607 0.071966
624 0.069659
625 0.067670
626 0.064248
788 0.059999
793 0.058717
823 0.058830
830 0.061708
831 0.060099
832 0.061099
833 0.065088
914 0.069749
916 0.072470
963 0.075919
972 0.073902
994 0.074495
1165 0.076246
1196 0.079501
1212 0.084451
1226 0.084990
1240 0.083244
1356 0.083470
1357 0.083156
1358 0.082075
1396 0.081680
1510 0.081199
1596 0.087164
1790 0.089176
1899 0.095239
1900 0.099979
1901 0.100887
1902 0.100945
1903 0.097835
1904 0.096461
1906 0.094599
1907 0.091266
1908 0.087168
1912 0.084677
1913 0.078505
1919 0.080778
1920 0.080042
1922 0.082462
1923 0.081530
1924 0.077645
1926 0.075618
1927 0.074232
1929 0.073225
1930 0.071314
1944 0.072756
1946 0.072911
1947 0.072238
1948 0.067873
1949 0.067481
1950 0.062075
2006 0.058787
2007 0.058840
2016 0.061249
2095 0.062092
2096 0.062375
2097 0.064868
2105 0.065070
2106 0.065160
2107 0.065083
2115 0.068088
2130 0.067540
2131 0.064491
2132 0.059000
2134 0.055524
2135 0.052980
2136 0.051862
2137 0.050917
2158 0.055539
2159 0.057506
2161 0.058083
2162 0.056033
2163 0.054679
2164 0.052861
2165 0.051869
2166 0.051397
2167 0.050053
2194 0.048958
2195 0.045777
2196 0.044237
2198 0.043317
2306 0.041638
2307 0.041739
2367 0.042534
2370 0.042647
2371 0.039702
2372 0.036929
2373 0.036979
2374 0.042171
2377 0.051442
2418 0.053467
2419 0.055799
2420 0.057238
2456 0.056709
2457 0.058026
2693 0.059681
2699 0.061319
2742 0.067938
2847 0.069238
2850 0.069302
3199 0.075156
3735 0.080973
3751 0.082220
3936 0.084210
3956 0.093005
4040 0.097339
4058 0.100361
4136 0.103040
4137 0.103840
4249 0.105933
4278 0.109150
4279 0.114304
4280 0.118169
4281 0.116238
4282 0.107339
4283 0.105809
4284 0.104597
4285 0.104298
4286 0.102638
4287 0.101488
4288 0.098171
4289 0.096593
4290 0.091485
4291 0.092144
4292 0.093830
4293 0.089007
4294 0.085710
4295 0.086595
4296 0.088812
4297 0.084392
4298 0.083659
4299 0.081734
4300 0.079721
4301 0.079255
4303 0.078393
4304 0.075973
4305 0.072514
4306 0.069166
4307 0.066607
4308 0.067038
4309 0.067048
4310 0.067415
4311 0.067244
4312 0.065231
4314 0.063524
4315 0.061858
4316 0.061176
4317 0.059919
4318 0.057450
4319 0.054605
4320 0.052475
4325 0.050202
4326 0.047831
4327 0.043309
4328 0.038561
4329 0.034378
4340 0.032988
4341 0.033260
4342 0.032985
4344 0.031972
4358 0.031918
4359 0.030132
4360 0.029594
4361 0.029531
4362 0.029739
4374 0.030713
4375 0.030004
4376 0.029500
4396 0.028938
4397 0.028290
4399 0.027387
4400 0.025939
4401 0.027573
4402 0.029898
4403 0.031828
4467 0.035094
4468 0.036734
4469 0.038321
4471 0.039599
4472 0.040661
4473 0.043154
4474 0.042941
4477 0.042026
4478 0.041024
4479 0.040430
4481 0.039110
4482 0.038524
4483 0.038611
4484 0.038499
4485 0.041439
4486 0.042935
4487 0.044816
4488 0.046282
4490 0.048966
4491 0.051258
4492 0.053369
4493 0.054934
4502 0.057131
4503 0.060994
4530 0.062043
4561 0.063602
4575 0.062811
4583 0.062681
4591 0.073450
4599 0.079025
4728 0.078159
4781 0.084413
4797 0.087028
5179 0.090102
5312 0.092947
5321 0.096397
5354 0.097374
5518 0.097987
5681 0.098452
5682 0.095539
5683 0.093442
5695 0.092763
5696 0.092275
5697 0.090048
5698 0.088340
5705 0.088503
5706 0.088518
5707 0.084867
5708 0.079598
5714 0.079890
5715 0.077041
5716 0.076443
5717 0.075397
5718 0.063638
5719 0.057323
5720 0.056391
5723 0.048964
5724 0.045280
5725 0.045084
5726 0.045468
5728 0.045980
5730 0.049228
5732 0.051614
5742 0.053794
5751 0.055626
5752 0.056515
5753 0.055939
5754 0.055536
5755 0.055341
5756 0.055269
5787 0.052881
5788 0.051333
5789 0.050124
5791 0.048899
5792 0.045474
5824 0.047401
5825 0.047544
5826 0.047370
5827 0.046680
5828 0.046592
5829 0.046146
5830 0.046153
5835 0.051731
5836 0.052405
5837 0.053005
5840 0.053030
5841 0.052547
5856 0.048899
5881 0.047633
5961 0.049570
5975 0.059261
6023 0.058987
6069 0.067457
6120 0.074874
6137 0.080257
6183 0.082782
6184 0.084162
6262 0.084117
6295 0.085366
6709 0.086363
6904 0.084216
7048 0.086167
7171 0.087886
7301 0.092074
7302 0.095978
7303 0.100071
7304 0.103863
7307 0.101547
7309 0.098400
7310 0.095300
7314 0.094379
7315 0.092890
7316 0.094599
7317 0.093694
7320 0.090040
7321 0.079129
7322 0.078146
7323 0.068762
7324 0.060738
7325 0.055079
7326 0.052996
7347 0.052527
7348 0.053173
7349 0.052584
7350 0.051841
7360 0.051666
7361 0.049548
7362 0.047943
7364 0.045646
7365 0.043700
7366 0.041231
7370 0.038937
7372 0.036268
7373 0.035985
7422 0.035567
7448 0.033992
7449 0.032369
7450 0.030835
7451 0.029629
7452 0.028781
7453 0.028640
7457 0.028661
7458 0.029092
7459 0.029508
7491 0.030143
7492 0.031131
7493 0.031580
7515 0.033047
7516 0.033303
7518 0.034910
7612 0.035035
7613 0.034721
7614 0.035278
7619 0.034772
7620 0.033571
7623 0.031723
7624 0.030357
7652 0.030067
7653 0.029407
7654 0.028698
7656 0.027646
7657 0.027278
7660 0.030638
7662 0.035842
7663 0.040569
7701 0.041701
7702 0.043064
7703 0.044071
7706 0.046099
7707 0.046629
7708 0.046361
7710 0.046790
7828 0.046871
7834 0.048248
7837 0.054902
7993 0.054277
8036 0.056062
8055 0.055977
8426 0.057083
9741 0.061277
9747 0.066823
10143 0.069346
10372 0.070986
10417 0.071557
10727 0.076666
10756 0.077804
10757 0.080381
10776 0.078079
10786 0.075581
10787 0.072247
10788 0.072274
10789 0.072685
10790 0.073767
10791 0.073109
10792 0.072995
10832 0.074425
10844 0.078131
10845 0.078785
10846 0.079682
10847 0.073608
10848 0.074279
10855 0.072409
10856 0.072390
10870 0.072373
10871 0.068746
10872 0.064783
10873 0.062922
10874 0.061697
10875 0.061636
10876 0.057017
10877 0.057718
10878 0.056866
10880 0.057501
10881 0.056203
10882 0.055605
10883 0.054750
10884 0.055639
10885 0.055202
10898 0.055622
10899 0.054996
10900 0.053294
10901 0.048175
10902 0.045735
10903 0.044579
10904 0.043444
10906 0.042976
10907 0.042858
10909 0.043416
10910 0.041680
10911 0.040442
10917 0.039904
10918 0.039809
10919 0.040060
10920 0.040180
10921 0.040045
10922 0.038557
10923 0.036978
10924 0.035531
10925 0.034405
10926 0.033697
10929 0.033304
10930 0.030680
10931 0.030081
10932 0.028084
10933 0.027601
10934 0.026852
10935 0.026371
10936 0.025973
10937 0.025404
10939 0.024835
10940 0.025270
10941 0.025594
10942 0.024757
10959 0.024275
10963 0.024249
10964 0.023214
10967 0.022528
10968 0.021248
10987 0.021233
10988 0.021334
10989 0.020782
10990 0.020458
10991 0.020659
10992 0.020907
10993 0.020968
11002 0.022683
11003 0.024313
11005 0.025161
11006 0.026535
11007 0.027650
11095 0.031732
11604 0.033093
11605 0.033983
11606 0.033306
11608 0.033329
11650 0.032272
11693 0.033600
11697 0.034195
11698 0.035285
11729 0.037505
11730 0.039443
11731 0.040543
11822 0.041647
11823 0.041515
11824 0.041453
11868 0.044733
11869 0.047754
11870 0.050103
11874 0.049586
11875 0.049346
11876 0.047350
11882 0.046332
11883 0.043934
11884 0.042006
11899 0.042532
11901 0.039734
11902 0.039468
11903 0.039379
11904 0.041883
11905 0.045795
11906 0.047741
11908 0.047190
11909 0.047930
11910 0.048253
11915 0.046617
11916 0.045330
11917 0.044491
11924 0.043718
11925 0.043543
11926 0.043160
11932 0.039671
11933 0.036459
11936 0.034860
11937 0.035721
11938 0.036135
11939 0.036563
11943 0.037335
11944 0.038261
11945 0.038941
11946 0.037852
11947 0.036815
11948 0.036060
11965 0.036889
12026 0.033949
12028 0.030761
12029 0.029010
12071 0.027880
12072 0.026181
12078 0.026213
12079 0.025707
12080 0.025241
12081 0.024785
12089 0.024896
12090 0.024717
12092 0.025710
12093 0.026473
12099 0.027096
12100 0.026059
12101 0.025456
12102 0.025070
12103 0.025477
12104 0.024418
12116 0.025200
12117 0.025067
12118 0.024485
12119 0.024448
12120 0.024317
12121 0.022907
12122 0.022852
12145 0.023378
12146 0.023763
12151 0.022965
12152 0.022268
12153 0.021189
12155 0.020744
12156 0.020557
12157 0.020486
12158 0.019838
12179 0.019886
12180 0.018834
12181 0.018013
12182 0.017331
12185 0.017995
12186 0.018200
12187 0.018846
12215 0.018330
12216 0.017753
12217 0.015851
12218 0.015234
12240 0.016517
12241 0.017292
12245 0.018254
12246 0.018836
12248 0.019459
12253 0.019222
12254 0.018345
12255 0.019266
12256 0.019810
12270 0.019467
12271 0.019446
12272 0.019337
12273 0.019791
12277 0.020119
12290 0.022109
12291 0.023038
12292 0.023820
12293 0.024544
12294 0.024010
12334 0.025657
12335 0.025037
12336 0.024988
12337 0.025264
12361 0.025348
12362 0.025464
12363 0.023755
12383 0.024490
12385 0.023690
12399 0.023183
12400 0.022938
12402 0.021454
12416 0.025552
12418 0.027780
12464 0.030285
12465 0.031625
12466 0.033434
12467 0.036037
12470 0.040752
12476 0.041257
12550 0.040032
12586 0.042244
12611 0.043598
12637 0.043472
12748 0.043426
12751 0.042366
12758 0.052157
13097 0.063556
13276 0.065562
13346 0.066716
13378 0.067041
13486 0.068698
13748 0.067364
13885 0.074274
14040 0.077255
14105 0.079186
14109 0.085618
14332 0.082812
14334 0.083427
14345 0.082971
14346 0.083474
14372 0.084136
14460 0.083407
14464 0.079477
14465 0.079582
14468 0.079206
14469 0.076263
14470 0.074203
14471 0.074041
14472 0.074460
14473 0.074626
14476 0.066425
14477 0.056193
14478 0.054666
14479 0.054049
14480 0.054535
14489 0.054021
14491 0.053822
14492 0.046612
14493 0.043361
14494 0.040975
14497 0.035270
14498 0.034580
14499 0.031990
14507 0.031289
14508 0.030242
14509 0.028489
14510 0.027452
14512 0.026742
14513 0.026642
14565 0.026042
14566 0.025726
14567 0.025497
14568 0.025277
14589 0.025510
14590 0.025249
14591 0.024345
14595 0.024898
14596 0.025074
14626 0.028341
14655 0.028891
14657 0.029343
14658 0.029198
14659 0.029108
14660 0.029098
14661 0.029157
14731 0.028781
14732 0.028285
14755 0.029166
14770 0.028127
14771 0.028499
14773 0.029366
14792 0.030322
14793 0.030357
14794 0.029556
14795 0.029351
14797 0.029383
14798 0.029451
14799 0.029464
14800 0.029113
14803 0.029257
14804 0.028777
14805 0.026989
14812 0.026814
14813 0.023928
14874 0.023268
14875 0.021966
14876 0.021814
14877 0.021981
14878 0.022358
14879 0.022860
14884 0.022146
14885 0.021727
14888 0.021083
14889 0.021176
14890 0.020301
14893 0.020005
14894 0.018970
14897 0.018864
14899 0.019284
14900 0.019618
14903 0.020049
14904 0.020310
14905 0.020438
14908 0.021046
14909 0.021026
14910 0.021433
14911 0.022815
14912 0.023870
14913 0.023757
14914 0.023516
14915 0.023589
15061 0.023722
15062 0.023578
15063 0.023169
15064 0.022686
15149 0.023397
15150 0.023422
15151 0.022535
15173 0.022279
15175 0.021981
15176 0.021063
15177 0.021211
15208 0.021247
15209 0.021482
15210 0.021931
15211 0.023027
15213 0.026102
15233 0.027158
15234 0.026116
15235 0.025336
15251 0.026668
15252 0.026740
15253 0.027557
15359 0.027498
15361 0.029036
15851 0.032530
15905 0.032980
16304 0.038086
16584 0.038943
16605 0.039012
16861 0.039677
17344 0.041635
17350 0.043702
17400 0.044472
17492 0.045736
17512 0.045305
17521 0.045830
17550 0.045333
17552 0.044788
17553 0.043951
17554 0.042446
17555 0.039078
17556 0.037696
17557 0.037488
17558 0.037307
17559 0.035271
17560 0.033679
17561 0.031240
17570 0.032765
17573 0.032643
17574 0.029997
17575 0.029858
17643 0.027538
17644 0.028830
17645 0.030382
17657 0.029912
17658 0.028218
17660 0.025578
17675 0.025778
17677 0.025675
17681 0.026824
17687 0.027274
17711 0.028520
17712 0.029538
17713 0.030571
17714 0.031259
17794 0.032658
17832 0.034467
17835 0.035547
17870 0.035477
17871 0.035413
17872 0.035351
17873 0.035304
17874 0.033138
17890 0.032140
17891 0.031737
17892 0.032055
17896 0.030689
17897 0.029197
17898 0.027624
17899 0.027116
17900 0.027030
17901 0.027742
17902 0.026714
17906 0.029059
17911 0.029400
17943 0.027787
17944 0.026566
17996 0.026253
17998 0.025329
18001 0.025572
18002 0.024392
18003 0.022721
18004 0.021733
18005 0.021940
18007 0.022536
18009 0.022886
18010 0.023497
18011 0.024861
18012 0.025628
18184 0.033421
18185 0.037892
18240 0.038568
18920 0.039923
19851 0.045341
19917 0.049275
19940 0.052021
20109 0.052378
20146 0.054163
20424 0.051187
20903 0.050427
20928 0.051975
20931 0.052468
20967 0.053879
21122 0.054893
21168 0.055215
21344 0.055384
21345 0.055712
21347 0.055809
21348 0.055869
21349 0.055770
21350 0.055659
21354 0.055450
21355 0.054333
21356 0.052811
21357 0.044597
21358 0.040922
21359 0.039747
21360 0.038905
21361 0.034059
21362 0.030659
21363 0.028144
21380 0.028098
21381 0.026982
21383 0.027087
21384 0.026507
21385 0.024935
21386 0.024540
21387 0.022316
21388 0.021912
21389 0.021316
21390 0.021330
21391 0.021142
21403 0.020904
21418 0.022668
21419 0.024379
21425 0.027481
21439 0.027346
21440 0.027089
21441 0.026964
21442 0.026704
21455 0.025881
21456 0.025057
21457 0.023886
21458 0.023096
21480 0.023337
21481 0.023169
21482 0.022639
21503 0.025097
21504 0.026176
21505 0.026689
21506 0.027383
21508 0.029113
21509 0.031288
21510 0.032075
21521 0.032454
21522 0.032939
21523 0.033459
21524 0.033825
21531 0.032975
21532 0.031918
21533 0.029732
21534 0.030012
21557 0.030695
21558 0.031087
21570 0.031776
21597 0.031666
21598 0.031822
21600 0.031915
21601 0.032065
21602 0.031146
21627 0.031279
21628 0.031316
21629 0.028019
21630 0.026315
21636 0.025744
21637 0.024718
21639 0.022891
21640 0.021034
21647 0.020457
21648 0.019865
21655 0.019880
21656 0.019618
21657 0.019443
21659 0.018749
21660 0.017494
21661 0.016239
21662 0.015615
21663 0.014948
21673 0.014786
21674 0.014138
21675 0.014572
21676 0.015004
21678 0.015380
21679 0.015659
21681 0.017387
21682 0.019038
21712 0.019953
21713 0.020215
21714 0.020328
21715 0.020394
21716 0.020625
21717 0.020619
21718 0.021354
21719 0.020911
21720 0.020705
21721 0.020384
21723 0.020344
21724 0.020896
21725 0.020863
21726 0.021632
21727 0.022455
21728 0.022913
21729 0.023194
21730 0.023489
21731 0.023750
21763 0.022730
21765 0.022286
21766 0.021665
21767 0.021120
21768 0.019108
21769 0.016902
21770 0.015530
21866 0.017106
21867 0.017510
21869 0.017640
21870 0.017595
21871 0.018284
21872 0.017568
21873 0.017316
21884 0.018215
21885 0.018625
21889 0.018896
21921 0.020095
21923 0.020934
21924 0.021283
21925 0.021269
21939 0.021073
21964 0.021459
22011 0.023927
22029 0.024298
22109 0.024242
22317 0.028449
22328 0.029027
22426 0.030203
22541 0.031355
22604 0.032496
22621 0.033219
22642 0.033911
22645 0.034349
22646 0.034569
22652 0.039643
22669 0.045295
22900 0.046728
23050 0.048397
23430 0.047129
23600 0.048413
24285 0.049656
24351 0.049485
24399 0.048422
24414 0.048430
24543 0.049617
24544 0.050743
24545 0.051149
24546 0.049156
24547 0.049472
24548 0.050355
24549 0.046480
24550 0.046486
24551 0.045830
24552 0.045098
24554 0.044130
24555 0.043651
24558 0.041932
24559 0.041717
24560 0.042197
24561 0.038317
24563 0.032602
24564 0.031401
24565 0.029994
24566 0.030409
24576 0.029823
24577 0.028929
24578 0.028433
24579 0.029118
24580 0.028999
24581 0.028171
24582 0.027539
24599 0.028280
24603 0.027422
24604 0.026475
24605 0.025646
24608 0.025563
24609 0.025325
24610 0.025119
24611 0.025166
24612 0.025398
24617 0.026598
24618 0.025967
24619 0.025210
24620 0.024199
24621 0.022994
24622 0.022312
24623 0.022492
24624 0.022499
24625 0.022809
24626 0.021703
24657 0.022464
24658 0.021808
24659 0.021280
24660 0.020618
24671 0.019814
24673 0.019293
24674 0.017614
24675 0.017592
24685 0.019757
24686 0.021246
24687 0.022613
24688 0.023841
24815 0.025924
24839 0.026207
24843 0.027015
24844 0.026230
24845 0.026010
24846 0.026089
24852 0.026493
24853 0.026542
24856 0.026657
24857 0.025792
24858 0.025253
24859 0.024614
24860 0.024006
24861 0.022234
24862 0.021788
24869 0.021950
24870 0.021945
24871 0.021756
24872 0.021551
24873 0.021301
24890 0.022275
24891 0.020840
24893 0.019921
24894 0.018406
24895 0.017103
24896 0.014901
24897 0.014288
24899 0.013158
24900 0.012565
24902 0.012227
24903 0.011885
24904 0.011470
24905 0.011271
24906 0.011083
24907 0.011196
24938 0.012617
24944 0.012551
24945 0.012677
24963 0.013477
24964 0.013833
24965 0.013755
24966 0.013758
24967 0.013765
24968 0.013726
24969 0.014220
24970 0.013540
24976 0.012859
24977 0.012192
24978 0.011703
24979 0.012074
24980 0.012439
24981 0.012673
