603 0.046326
605 0.038848
606 0.037150
607 0.036452
624 0.036860
625 0.036020
626 0.040147
788 0.037664
793 0.038337
823 0.041336
830 0.043450
831 0.044376
832 0.040801
833 0.042192
914 0.042885
916 0.040479
963 0.041284
972 0.043653
994 0.038056
1165 0.037793
1196 0.038938
1212 0.040979
1226 0.040899
1240 0.041076
1356 0.042668
1357 0.040694
1358 0.040323
1396 0.039957
1510 0.042312
1596 0.042759
1790 0.045057
1899 0.041127
1900 0.042026
1901 0.040572
1902 0.038639
1903 0.038111
1904 0.037032
1906 0.039933
1907 0.036307
1908 0.038093
1912 0.037406
1913 0.037590
1919 0.035631
1920 0.035296
1922 0.034943
1923 0.033291
1924 0.030660
1926 0.030423
1927 0.029281
1929 0.028868
1930 0.031013
1944 0.030830
1946 0.029955
1947 0.027550
1948 0.026957
1949 0.024725
1950 0.024881
2006 0.024721
2007 0.024822
2016 0.023806
2095 0.022005
2096 0.023630
2097 0.021201
2105 0.020707
2106 0.018185
2107 0.018758
2115 0.017996
2130 0.017241
2131 0.017877
2132 0.021185
2134 0.024678
2135 0.027158
2136 0.029644
2137 0.029814
2158 0.030644
2159 0.030121
2161 0.033005
2162 0.035132
2163 0.035201
2164 0.037076
2165 0.037173
2166 0.038581
2167 0.045997
2194 0.045742
2195 0.045823
2196 0.052613
2198 0.050626
2306 0.051169
2307 0.052127
2367 0.052979
2370 0.053101
2371 0.053028
2372 0.054651
2373 0.055189
2374 0.051785
2377 0.049097
2418 0.046748
2419 0.045453
2420 0.046169
2456 0.044012
2457 0.044350
2693 0.041742
2699 0.039094
2742 0.039332
2847 0.036762
2850 0.039929
3199 0.038115
3735 0.034004
3751 0.033747
3936 0.034848
3956 0.028788
4040 0.028811
4058 0.028862
4136 0.027914
4137 0.027768
4249 0.026866
4278 0.027377
4279 0.026543
4280 0.026886
4281 0.027151
4282 0.026980
4283 0.027345
4284 0.026308
4285 0.027102
4286 0.027111
4287 0.026090
4288 0.029951
4289 0.030594
4290 0.032356
4291 0.032572
4292 0.032561
4293 0.032924
4294 0.029006
4295 0.029031
4296 0.026939
4297 0.025973
4298 0.029455
4299 0.029024
4300 0.030487
4301 0.031973
4303 0.031534
4304 0.030851
4305 0.030521
4306 0.031653
4307 0.033720
4308 0.034471
4309 0.033867
4310 0.034229
4311 0.034595
4312 0.037008
4314 0.036486
4315 0.032859
4316 0.033054
4317 0.032755
4318 0.033684
4319 0.030785
4320 0.032047
4325 0.032518
4326 0.034452
4327 0.035169
4328 0.039075
4329 0.035958
4340 0.037364
4341 0.035976
4342 0.034888
4344 0.036367
4358 0.036551
4359 0.036168
4360 0.036832
4361 0.034169
4362 0.035226
4374 0.036086
4375 0.035605
4376 0.034672
4396 0.032392
4397 0.032194
4399 0.034473
4400 0.034947
4401 0.033208
4402 0.032970
4403 0.033804
4467 0.035672
4468 0.035242
4469 0.033936
4471 0.033400
4472 0.030203
4473 0.030874
4474 0.028794
4477 0.030227
4478 0.030497
4479 0.030393
4481 0.031660
4482 0.033196
4483 0.030760
4484 0.033079
4485 0.031461
4486 0.030712
4487 0.031262
4488 0.033179
4490 0.033597
4491 0.034507
4492 0.031700
4493 0.032058
4502 0.033877
4503 0.033348
4530 0.032515
4561 0.031573
4575 0.032311
4583 0.031721
4591 0.032226
4599 0.032729
4728 0.034558
4781 0.034486
4797 0.035937
5179 0.038594
5312 0.044292
5321 0.049306
5354 0.048840
5518 0.048724
5681 0.046181
5682 0.045323
5683 0.045697
5695 0.046360
5696 0.045075
5697 0.045859
5698 0.045618
5705 0.046049
5706 0.045426
5707 0.044548
5708 0.045198
5714 0.045381
5715 0.042749
5716 0.042993
5717 0.042826
5718 0.042555
5719 0.043625
5720 0.041919
5723 0.045048
5724 0.043435
5725 0.039558
5726 0.032886
5728 0.027013
5730 0.027112
5732 0.026564
5742 0.026771
5751 0.027314
5752 0.026799
5753 0.026482
5754 0.025805
5755 0.026607
5756 0.029180
5787 0.030041
5788 0.029595
5789 0.030322
5791 0.029309
5792 0.031847
5824 0.032183
5825 0.032148
5826 0.034445
5827 0.036587
5828 0.034608
5829 0.035275
5830 0.032590
5835 0.032995
5836 0.033012
5837 0.033753
5840 0.036003
5841 0.037818
5856 0.038064
5881 0.038794
5961 0.038654
5975 0.038648
6023 0.039713
6069 0.040929
6120 0.039168
6137 0.037256
6183 0.037420
6184 0.045383
6262 0.045701
6295 0.047125
6709 0.048359
6904 0.050195
7048 0.049969
7171 0.050127
7301 0.048847
7302 0.048442
7303 0.047761
7304 0.048815
7307 0.048551
7309 0.048748
7310 0.049019
7314 0.046993
7315 0.044746
7316 0.045968
7317 0.046453
7320 0.046582
7321 0.047688
7322 0.046282
7323 0.045336
7324 0.046152
7325 0.045242
7326 0.043874
7347 0.036266
7348 0.034395
7349 0.033038
7350 0.029050
7360 0.026884
7361 0.028294
7362 0.026089
7364 0.026457
7365 0.030122
7366 0.034975
7370 0.033717
7372 0.035006
7373 0.036454
7422 0.036512
7448 0.035942
7449 0.037028
7450 0.036430
7451 0.036702
7452 0.036839
7453 0.037629
7457 0.037502
7458 0.036966
7459 0.036630
7491 0.037121
7492 0.037713
7493 0.036728
7515 0.037007
7516 0.037862
7518 0.037604
7612 0.037557
7613 0.037537
7614 0.039846
7619 0.038557
7620 0.035651
7623 0.030203
7624 0.031209
7652 0.031772
7653 0.032059
7654 0.032150
7656 0.032244
7657 0.033583
7660 0.033098
7662 0.031467
7663 0.031330
7701 0.029652
7702 0.029715
7703 0.029005
7706 0.028010
7707 0.026816
7708 0.025973
7710 0.028672
7828 0.029123
7834 0.031688
7837 0.032075
7993 0.035440
8036 0.033641
8055 0.031832
8426 0.032696
9741 0.040383
9747 0.048869
10143 0.056831
10372 0.056335
10417 0.059104
10727 0.058429
10756 0.064711
10757 0.063526
10776 0.064045
10786 0.063817
10787 0.065354
10788 0.066117
10789 0.069550
10790 0.071117
10791 0.072335
10792 0.077985
10832 0.079399
10844 0.081572
10845 0.083326
10846 0.080386
10847 0.082293
10848 0.084275
10855 0.087778
10856 0.088618
10870 0.088083
10871 0.081876
10872 0.072941
10873 0.063482
10874 0.061469
10875 0.059591
10876 0.058787
10877 0.052664
10878 0.050971
10880 0.049918
10881 0.050690
10882 0.050417
10883 0.052352
10884 0.048850
10885 0.047657
10898 0.047800
10899 0.042491
10900 0.041418
10901 0.037069
10902 0.037001
10903 0.036516
10904 0.034222
10906 0.029547
10907 0.029186
10909 0.028243
10910 0.028582
10911 0.027598
10917 0.027600
10918 0.027662
10919 0.030013
10920 0.029435
10921 0.031833
10922 0.031442
10923 0.031988
10924 0.034214
10925 0.036225
10926 0.036498
10929 0.033610
10930 0.034084
10931 0.034229
10932 0.032759
10933 0.032478
10934 0.035306
10935 0.036309
10936 0.035054
10937 0.035380
10939 0.035404
10940 0.034799
10941 0.032538
10942 0.036001
10959 0.035232
10963 0.035126
10964 0.037054
10967 0.037998
10968 0.037631
10987 0.036148
10988 0.034570
10989 0.034875
10990 0.036889
10991 0.034306
10992 0.031305
10993 0.031062
11002 0.031180
11003 0.031088
11005 0.030794
11006 0.031603
11007 0.031671
11095 0.028738
11604 0.038220
11605 0.037773
11606 0.045744
11608 0.045878
11650 0.045732
11693 0.044752
11697 0.041791
11698 0.043229
11729 0.043477
11730 0.045109
11731 0.047632
11822 0.047960
11823 0.049165
11824 0.048459
11868 0.049163
11869 0.046101
11870 0.046629
11874 0.050942
11875 0.053776
11876 0.054219
11882 0.055609
11883 0.055502
11884 0.056602
11899 0.056393
11901 0.058856
11902 0.048406
11903 0.047631
11904 0.039628
11905 0.039247
11906 0.039281
11908 0.039509
11909 0.038724
11910 0.036905
11915 0.035791
11916 0.033927
11917 0.031009
11924 0.030724
11925 0.029598
11926 0.030565
11932 0.030397
11933 0.030739
11936 0.032158
11937 0.028410
11938 0.024067
11939 0.026947
11943 0.025637
11944 0.028815
11945 0.027570
11946 0.028032
11947 0.025578
11948 0.026329
11965 0.027860
12026 0.027959
12028 0.028929
12029 0.029800
12071 0.029493
12072 0.030140
12078 0.031357
12079 0.032653
12080 0.031648
12081 0.034745
12089 0.032058
12090 0.031628
12092 0.030591
12093 0.030742
12099 0.030524
12100 0.030070
12101 0.030425
12102 0.032640
12103 0.029510
12104 0.029247
12116 0.025887
12117 0.025323
12118 0.026323
12119 0.027090
12120 0.026349
12121 0.026300
12122 0.026451
12145 0.027308
12146 0.028508
12151 0.029500
12152 0.029946
12153 0.029328
12155 0.028185
12156 0.028553
12157 0.024776
12158 0.025638
12179 0.027131
12180 0.027756
12181 0.026920
12182 0.027726
12185 0.027622
12186 0.028305
12187 0.026261
12215 0.026819
12216 0.026783
12217 0.027777
12218 0.028180
12240 0.027327
12241 0.026275
12245 0.025713
12246 0.025427
12248 0.027204
12253 0.025290
12254 0.025282
12255 0.025906
12256 0.025175
12270 0.025645
12271 0.025456
12272 0.024865
12273 0.025686
12277 0.025253
12290 0.023096
12291 0.023025
12292 0.023371
12293 0.022974
12294 0.021713
12334 0.021186
12335 0.021314
12336 0.021313
12337 0.020947
12361 0.020208
12362 0.020914
12363 0.021518
12383 0.022128
12385 0.022503
12399 0.021298
12400 0.018536
12402 0.018628
12416 0.018839
12418 0.017591
12464 0.017572
12465 0.017101
12466 0.017065
12467 0.017719
12470 0.017559
12476 0.016966
12550 0.017346
12586 0.017016
12611 0.018742
12637 0.018285
12748 0.019126
12751 0.018629
12758 0.020861
13097 0.022327
13276 0.029850
13346 0.030307
13378 0.032129
13486 0.031083
13748 0.030700
13885 0.030503
14040 0.031648
14105 0.032149
14109 0.032075
14332 0.033316
14334 0.036737
14345 0.036339
14346 0.035927
14372 0.035938
14460 0.035224
14464 0.034791
14465 0.034928
14468 0.035124
14469 0.036924
14470 0.035775
14471 0.035739
14472 0.035674
14473 0.036070
14476 0.033283
14477 0.031911
14478 0.025018
14479 0.024897
14480 0.022494
14489 0.022707
14491 0.023031
14492 0.024332
14493 0.024437
14494 0.024466
14497 0.024569
14498 0.021224
14499 0.017557
14507 0.017312
14508 0.018755
14509 0.018791
14510 0.019059
14512 0.024552
14513 0.024497
14565 0.023586
14566 0.021857
14567 0.020900
14568 0.023082
14589 0.022546
14590 0.021593
14591 0.023638
14595 0.023123
14596 0.023060
14626 0.022530
14655 0.022335
14657 0.024501
14658 0.024873
14659 0.024533
14660 0.024832
14661 0.024558
14731 0.027393
14732 0.028904
14755 0.028827
14770 0.028890
14771 0.027394
14773 0.027747
14792 0.027588
14793 0.022068
14794 0.023392
14795 0.025378
14797 0.026245
14798 0.026775
14799 0.025362
14800 0.026370
14803 0.027011
14804 0.025321
14805 0.025134
14812 0.024636
14813 0.025186
14874 0.024926
14875 0.022341
14876 0.021670
14877 0.020694
14878 0.019529
14879 0.019561
14884 0.017072
14885 0.015502
14888 0.015590
14889 0.015574
14890 0.016349
14893 0.016123
14894 0.015693
14897 0.016070
14899 0.015404
14900 0.015103
14903 0.014398
14904 0.014409
14905 0.013968
14908 0.013604
14909 0.014149
14910 0.016939
14911 0.018291
14912 0.023465
14913 0.031306
14914 0.038588
14915 0.038841
15061 0.038905
15062 0.039842
15063 0.042059
15064 0.045659
15149 0.045622
15150 0.050720
15151 0.052404
15173 0.052543
15175 0.052110
15176 0.052510
15177 0.052368
15208 0.052788
15209 0.052073
15210 0.051238
15211 0.052059
15213 0.052459
15233 0.052089
15234 0.051295
15235 0.051873
15251 0.049450
15252 0.049304
15253 0.045551
15359 0.038447
15361 0.033114
15851 0.034859
15905 0.034957
16304 0.034462
16584 0.037633
16605 0.036524
16861 0.037655
17344 0.034062
17350 0.033876
17400 0.034334
17492 0.034159
17512 0.034438
17521 0.037802
17550 0.039868
17552 0.041588
17553 0.042298
17554 0.044506
17555 0.043483
17556 0.044461
17557 0.044561
17558 0.043926
17559 0.044245
17560 0.046439
17561 0.046214
17570 0.045354
17573 0.044949
17574 0.043150
17575 0.043237
17643 0.042982
17644 0.037255
17645 0.036214
17657 0.034642
17658 0.034274
17660 0.034833
17675 0.036364
17677 0.037305
17681 0.037903
17687 0.038229
17711 0.035360
17712 0.033722
17713 0.032430
17714 0.030415
17794 0.030418
17832 0.030508
17835 0.030649
17870 0.029788
17871 0.029332
17872 0.026468
17873 0.025805
17874 0.026843
17890 0.025419
17891 0.025481
17892 0.026966
17896 0.026625
17897 0.028865
17898 0.028237
17899 0.028423
17900 0.028087
17901 0.025871
17902 0.024299
17906 0.024298
17911 0.023870
17943 0.019927
17944 0.020484
17996 0.021329
17998 0.021860
18001 0.021468
18002 0.021665
18003 0.020655
18004 0.022356
18005 0.022184
18007 0.024728
18009 0.025049
18010 0.024565
18011 0.029061
18012 0.031938
18184 0.035000
18185 0.034290
18240 0.036012
18920 0.034631
19851 0.036636
19917 0.040223
19940 0.040799
20109 0.040920
20146 0.041706
20424 0.041994
20903 0.040741
20928 0.041221
20931 0.041316
20967 0.042680
21122 0.046886
21168 0.045751
21344 0.047332
21345 0.047729
21347 0.046261
21348 0.046148
21349 0.046463
21350 0.045580
21354 0.046736
21355 0.042348
21356 0.042659
21357 0.039482
21358 0.039110
21359 0.038736
21360 0.039976
21361 0.037295
21362 0.033847
21363 0.032840
21380 0.034196
21381 0.032849
21383 0.032264
21384 0.034939
21385 0.037984
21386 0.037764
21387 0.036894
21388 0.034058
21389 0.035009
21390 0.034938
21391 0.036977
21403 0.036870
21418 0.037003
21419 0.035151
21425 0.035104
21439 0.033804
21440 0.033620
21441 0.032334
21442 0.034012
21455 0.034505
21456 0.037270
21457 0.037976
21458 0.040863
21480 0.040672
21481 0.041791
21482 0.043039
21503 0.043887
21504 0.044257
21505 0.043318
21506 0.039994
21508 0.042378
21509 0.041866
21510 0.040928
21521 0.040825
21522 0.039665
21523 0.037132
21524 0.037178
21531 0.036980
21532 0.035930
21533 0.036288
21534 0.036828
21557 0.037000
21558 0.034902
21570 0.035124
21597 0.035900
21598 0.033412
21600 0.033853
21601 0.031506
21602 0.033058
21627 0.033577
21628 0.031123
21629 0.031267
21630 0.032290
21636 0.031139
21637 0.031059
21639 0.028928
21640 0.028809
21647 0.030352
21648 0.029583
21655 0.030927
21656 0.034022
21657 0.034189
21659 0.035094
21660 0.034542
21661 0.035295
21662 0.035509
21663 0.034846
21673 0.036743
21674 0.035157
21675 0.033514
21676 0.032224
21678 0.029643
21679 0.028856
21681 0.028050
21682 0.025947
21712 0.026132
21713 0.025032
21714 0.024159
21715 0.023830
21716 0.025336
21717 0.025323
21718 0.026674
21719 0.024737
21720 0.025152
21721 0.024496
21723 0.023511
21724 0.023453
21725 0.023869
21726 0.025463
21727 0.029715
21728 0.030397
21729 0.033073
21730 0.035236
21731 0.035761
21763 0.038625
21765 0.039165
21766 0.039222
21767 0.041807
21768 0.042040
21769 0.043246
21770 0.044148
21866 0.044426
21867 0.046150
21869 0.046746
21870 0.049225
21871 0.048865
21872 0.047335
21873 0.046552
21884 0.049680
21885 0.051447
21889 0.049577
21921 0.048910
21923 0.050193
21924 0.048887
21925 0.045588
21939 0.045012
21964 0.041726
22011 0.037577
22029 0.036875
22109 0.034492
22317 0.034949
22328 0.036397
22426 0.033934
22541 0.035032
22604 0.034613
22621 0.034977
22642 0.034792
22645 0.032108
22646 0.031574
22652 0.027602
22669 0.027682
22900 0.027129
23050 0.027663
23430 0.025117
23600 0.023366
24285 0.024692
24351 0.025144
24399 0.024361
24414 0.031047
24543 0.028963
24544 0.029993
24545 0.029886
24546 0.030875
24547 0.030952
24548 0.029938
24549 0.028928
24550 0.027045
24551 0.029552
24552 0.028191
24554 0.028054
24555 0.028293
24558 0.030296
24559 0.033215
24560 0.035794
24561 0.036595
24563 0.037592
24564 0.039699
24565 0.041144
24566 0.041614
24576 0.041999
24577 0.042256
24578 0.041922
24579 0.041523
24580 0.035151
24581 0.036004
24582 0.034012
24599 0.034713
24603 0.033704
24604 0.033434
24605 0.033526
24608 0.033808
24609 0.034666
24610 0.033278
24611 0.034855
24612 0.034584
24617 0.032531
24618 0.030791
24619 0.028856
24620 0.027282
24621 0.029427
24622 0.031089
24623 0.029465
24624 0.027843
24625 0.027903
24626 0.027842
24657 0.026572
24658 0.026942
24659 0.027650
24660 0.027144
24671 0.026461
24673 0.027747
24674 0.027829
24675 0.030561
24685 0.030699
24686 0.032977
24687 0.032733
24688 0.033600
24815 0.033680
24839 0.031529
24843 0.031818
24844 0.033372
24845 0.034025
24846 0.035989
24852 0.034952
24853 0.035406
24856 0.036078
24857 0.036924
24858 0.039584
24859 0.038828
24860 0.038209
24861 0.040916
24862 0.040454
24869 0.040129
24870 0.041044
24871 0.042700
24872 0.043471
24873 0.045060
24890 0.042926
24891 0.046253
24893 0.044852
24894 0.045484
24895 0.043654
24896 0.044178
24897 0.046776
24899 0.047134
24900 0.049364
24902 0.049024
24903 0.045533
24904 0.046952
24905 0.046199
24906 0.043571
24907 0.044557
24938 0.042029
24944 0.041817
24945 0.041297
24963 0.038592
24964 0.038823
24965 0.037317
24966 0.037144
24967 0.039079
24968 0.042886
24969 0.042815
24970 0.043280
24976 0.043228
24977 0.043653
24978 0.046179
24979 0.051234
24980 0.052361
24981 0.051724
