359 0.063650
360 0.059063
362 0.051901
363 0.048406
364 0.046762
365 0.046980
368 0.050211
369 0.053522
370 0.056856
371 0.055536
372 0.056230
577 0.055496
664 0.057408
1218 0.060563
1259 0.060909
1289 0.060868
1474 0.064526
1566 0.064510
1708 0.064541
1831 0.068330
2019 0.066757
2020 0.065926
2251 0.068607
2267 0.071781
2657 0.072580
2807 0.073652
2808 0.074806
2809 0.075502
2810 0.076111
2811 0.076963
2812 0.078425
2813 0.076549
2814 0.074446
2815 0.071865
2816 0.068725
2818 0.066145
2819 0.066848
2820 0.066468
2821 0.064502
2830 0.062969
2831 0.064039
2875 0.060204
2896 0.058377
2898 0.057710
2899 0.052400
2901 0.051702
2902 0.051466
2903 0.048279
2904 0.043716
2905 0.043433
2934 0.043109
2935 0.042914
2936 0.042844
2937 0.042305
2944 0.047133
2972 0.045047
2973 0.042899
2974 0.040760
2975 0.039216
2976 0.038056
2977 0.036762
2978 0.035582
2979 0.033212
2980 0.032094
2981 0.030745
2982 0.028661
2983 0.027391
3001 0.030958
3003 0.036104
3004 0.040340
3005 0.043918
3006 0.046244
3007 0.048057
3275 0.050678
3304 0.050876
3319 0.055685
3330 0.056631
3339 0.058183
3387 0.059462
3394 0.054178
3456 0.054733
3704 0.058546
3782 0.062055
3900 0.064419
4470 0.066430
4489 0.069283
4497 0.073899
4498 0.077875
4499 0.080408
4500 0.083104
4501 0.086009
4504 0.095766
4507 0.092105
4508 0.087540
4509 0.084263
4523 0.082758
4524 0.081666
4531 0.084189
4532 0.084117
4533 0.084771
4534 0.081070
4535 0.081733
4539 0.082229
4540 0.083176
4543 0.083871
4544 0.085213
4547 0.081906
4550 0.080891
4551 0.080383
4552 0.081261
4553 0.082499
4555 0.083156
4556 0.084087
4558 0.093087
4560 0.103265
5091 0.103966
5123 0.096017
5242 0.097965
5331 0.098060
5381 0.102190
5428 0.103218
5649 0.104370
5758 0.102336
5927 0.102019
5946 0.100764
6038 0.102008
6039 0.100664
6040 0.098837
6041 0.097562
6043 0.099895
6044 0.101736
6055 0.104189
6056 0.102469
6057 0.100739
6058 0.098769
6059 0.097435
6067 0.096957
6068 0.096331
6070 0.088331
6071 0.080201
6072 0.082068
6074 0.085172
6095 0.086449
6286 0.088378
6690 0.085016
6877 0.086665
6892 0.089536
6908 0.093603
7098 0.099897
7423 0.100941
8119 0.102104
8190 0.108079
8364 0.108813
8424 0.108712
8488 0.106851
8520 0.105816
8527 0.110367
8562 0.110396
8566 0.113908
8567 0.117128
8570 0.117386
8571 0.115488
8572 0.114993
8573 0.115259
8574 0.116584
8575 0.115216
8576 0.112531
8579 0.109635
8580 0.108382
8583 0.109050
8584 0.105166
8585 0.100166
8586 0.094118
8589 0.090484
8592 0.089345
8593 0.085219
8594 0.079069
8595 0.079863
8603 0.079338
8606 0.079492
8607 0.076304
8609 0.069042
8610 0.069265
8614 0.069158
8615 0.066036
8616 0.062801
8617 0.059192
8618 0.056214
8621 0.053303
8622 0.047727
8623 0.044491
8624 0.043167
8626 0.043997
8639 0.044821
8640 0.042518
8643 0.041779
8644 0.041977
8660 0.042310
8661 0.037353
8662 0.037718
8663 0.039304
8664 0.041155
8666 0.040495
8669 0.040549
8670 0.038649
8673 0.043220
8675 0.046281
8676 0.046099
8677 0.042625
8695 0.041776
8706 0.050506
8916 0.053589
8968 0.057990
8970 0.058229
9024 0.058926
9075 0.060420
9139 0.060399
9345 0.059541
9346 0.057818
9347 0.059093
9366 0.064530
9370 0.064777
9371 0.066194
9372 0.069898
9376 0.074824
9380 0.076324
9381 0.075554
9384 0.077752
9385 0.078695
9391 0.079075
9392 0.075601
9397 0.072166
9410 0.072919
9411 0.073406
9412 0.073985
9413 0.065948
9414 0.063506
9415 0.060016
9416 0.061353
9419 0.066031
9420 0.065299
9422 0.065430
9434 0.068024
9435 0.070767
9440 0.069684
9441 0.064457
9446 0.064891
9448 0.063867
9449 0.061442
9455 0.060505
9456 0.062319
9473 0.061742
9474 0.058529
9475 0.058239
9478 0.057788
9479 0.057092
9482 0.057852
9484 0.056387
9485 0.056032
9486 0.056861
9488 0.058330
9490 0.059391
9491 0.058745
9492 0.056693
9493 0.051730
9554 0.050088
9557 0.050461
9558 0.048435
9559 0.045761
9633 0.045716
9664 0.047026
9665 0.046637
9667 0.046943
9669 0.046829
9670 0.042413
9672 0.037629
9673 0.036803
9675 0.036782
9676 0.035606
9677 0.035662
9678 0.035675
9679 0.034970
9717 0.041570
9719 0.046611
9720 0.049756
9721 0.051733
9995 0.053223
10195 0.061592
10196 0.067849
10337 0.067899
10493 0.069544
10588 0.069490
11038 0.068814
11839 0.073680
12020 0.077856
12167 0.077640
13633 0.081585
13917 0.085139
14422 0.088338
16085 0.096285
16086 0.101358
16519 0.106815
17106 0.111493
17314 0.118030
17315 0.121485
17316 0.120619
17318 0.120863
17319 0.114486
17320 0.109390
17379 0.107888
17380 0.105527
17382 0.102562
17383 0.093037
17384 0.085633
17385 0.084488
17386 0.082652
17387 0.080748
17389 0.080207
17390 0.075180
17391 0.070976
17392 0.069384
17393 0.064249
17394 0.059022
17404 0.055512
17405 0.047961
17406 0.043359
17407 0.038345
17408 0.034550
17409 0.029887
17410 0.028936
17416 0.030902
17432 0.030861
17435 0.031293
17456 0.032289
17703 0.036186
17787 0.035773
17984 0.043093
18170 0.046136
18432 0.046553
18433 0.046967
18435 0.048743
19318 0.052915
19386 0.056029
19427 0.059737
19698 0.064039
19823 0.069369
20569 0.071592
20639 0.074623
20652 0.076558
20705 0.078540
20794 0.079371
20857 0.080389
21072 0.079375
21073 0.078417
21074 0.075724
21075 0.074275
21080 0.075277
21081 0.076562
21082 0.076630
21106 0.070165
21107 0.069181
21108 0.062059
21109 0.059170
21110 0.058921
21125 0.060577
21126 0.060088
21127 0.056074
21128 0.052527
21130 0.048445
21131 0.045146
21132 0.040796
21133 0.039419
21136 0.039745
21139 0.041253
21142 0.040038
21144 0.039588
21145 0.039720
21146 0.041236
21556 0.040674
21614 0.041926
21891 0.042044
21956 0.045549
22012 0.044729
22061 0.046513
22106 0.047151
22154 0.050663
22290 0.051713
22361 0.052939
22367 0.053466
22368 0.052156
22411 0.054727
22424 0.055713
22430 0.056856
22431 0.057304
22432 0.056668
22433 0.057099
22434 0.056877
22435 0.054087
22436 0.050164
22437 0.049015
22449 0.050603
22450 0.050336
22455 0.053717
22456 0.054969
22457 0.053515
22458 0.053372
22460 0.049207
22463 0.049650
22464 0.048464
22465 0.049212
22471 0.047759
22472 0.047962
22489 0.048261
22490 0.048366
22509 0.048751
22511 0.045466
22512 0.044855
22513 0.044137
22514 0.044094
22515 0.046806
22516 0.048977
22517 0.052115
22518 0.053485
22519 0.054576
22520 0.055791
22536 0.055258
22537 0.053855
22538 0.048549
22539 0.046524
22540 0.049201
22542 0.051050
22543 0.050199
22544 0.048395
22545 0.046497
22546 0.044323
22547 0.041835
22548 0.040029
22562 0.040355
22563 0.040503
22564 0.040093
22565 0.040035
22566 0.040056
22580 0.041407
22581 0.041631
22582 0.038833
22583 0.037348
22584 0.034319
22585 0.032862
22586 0.031438
22588 0.031296
22589 0.030651
22590 0.031093
22598 0.031244
22599 0.030809
22600 0.027249
22601 0.024478
22602 0.024104
22603 0.026167
22612 0.026697
22613 0.026896
22614 0.026924
22615 0.027622
22616 0.025868
22617 0.024524
22618 0.023424
22619 0.022496
22620 0.023174
22622 0.022448
22624 0.021885
22638 0.023225
22639 0.022829
22640 0.024916
22641 0.027426
22643 0.029040
22653 0.031108
22699 0.030355
22836 0.029250
22901 0.031416
23080 0.034114
23519 0.036148
23706 0.038295
23736 0.038911
23783 0.037569
24016 0.038058
24128 0.043172
24221 0.043461
24243 0.043870
24249 0.044476
24458 0.045706
24459 0.046788
24460 0.048308
24461 0.048211
24462 0.047625
24463 0.050703
24468 0.050083
24469 0.049452
24470 0.047549
24471 0.044875
24472 0.043599
24473 0.040573
24474 0.040180
24475 0.040664
24476 0.038250
24480 0.035834
24482 0.035838
24483 0.033894
24484 0.033612
24491 0.033228
24492 0.032389
24493 0.027780
24494 0.027801
24495 0.026871
24503 0.026346
24504 0.025604
24505 0.024890
24523 0.026476
24524 0.026226
24525 0.026038
24527 0.023455
24528 0.022662
24534 0.022090
24536 0.021696
24538 0.021540
24540 0.021490
24593 0.034119
24633 0.034026
24889 0.033956
24901 0.034513
24928 0.036813
24931 0.036401
24933 0.037848
