359 0.082146
360 0.074507
362 0.068032
363 0.066215
364 0.067935
365 0.066836
368 0.060357
369 0.058927
370 0.055895
371 0.054885
372 0.052014
577 0.048541
664 0.045628
1218 0.042412
1259 0.040556
1289 0.040532
1474 0.041335
1566 0.042060
1708 0.046664
1831 0.045813
2019 0.049378
2020 0.049013
2251 0.050477
2267 0.051244
2657 0.048199
2807 0.046905
2808 0.045858
2809 0.047009
2810 0.048351
2811 0.049632
2812 0.047981
2813 0.048107
2814 0.049851
2815 0.051624
2816 0.050979
2818 0.053117
2819 0.054810
2820 0.055868
2821 0.059062
2830 0.058112
2831 0.058959
2875 0.056938
2896 0.055387
2898 0.051370
2899 0.053608
2901 0.048975
2902 0.048642
2903 0.045897
2904 0.046587
2905 0.051652
2934 0.049437
2935 0.049631
2936 0.050312
2937 0.048034
2944 0.049224
2972 0.047774
2973 0.048184
2974 0.047200
2975 0.046981
2976 0.049026
2977 0.047782
2978 0.051575
2979 0.051334
2980 0.046861
2981 0.045763
2982 0.047198
2983 0.044997
3001 0.046017
3003 0.046822
3004 0.045232
3005 0.046064
3006 0.048502
3007 0.050164
3275 0.048260
3304 0.044618
3319 0.044047
3330 0.044445
3339 0.044768
3387 0.044903
3394 0.040568
3456 0.041717
3704 0.041590
3782 0.041660
3900 0.047320
4470 0.045614
4489 0.045376
4497 0.041202
4498 0.043862
4499 0.044686
4500 0.044379
4501 0.041338
4504 0.047092
4507 0.047042
4508 0.045384
4509 0.047183
4523 0.045274
4524 0.041131
4531 0.040885
4532 0.041060
4533 0.042280
4534 0.041564
4535 0.046633
4539 0.046253
4540 0.048752
4543 0.050374
4544 0.049886
4547 0.049673
4550 0.049271
4551 0.043355
4552 0.048293
4553 0.048623
4555 0.049771
4556 0.046662
4558 0.046953
4560 0.049459
5091 0.051141
5123 0.046236
5242 0.046114
5331 0.045981
5381 0.043535
5428 0.044225
5649 0.044395
5758 0.044984
5927 0.046587
5946 0.048031
6038 0.049357
6039 0.051569
6040 0.050715
6041 0.048939
6043 0.048039
6044 0.048324
6055 0.047914
6056 0.047946
6057 0.047463
6058 0.042743
6059 0.041001
6067 0.038684
6068 0.038145
6070 0.037843
6071 0.036588
6072 0.041861
6074 0.042132
6095 0.043290
6286 0.042985
6690 0.050949
6877 0.052081
6892 0.053072
6908 0.053428
7098 0.057772
7423 0.054718
8119 0.054608
8190 0.047310
8364 0.047263
8424 0.047825
8488 0.050852
8520 0.049960
8527 0.050268
8562 0.050879
8566 0.050844
8567 0.053083
8570 0.053194
8571 0.055972
8572 0.055807
8573 0.056668
8574 0.057372
8575 0.051481
8576 0.052340
8579 0.051289
8580 0.050974
8583 0.044327
8584 0.043054
8585 0.044914
8586 0.043860
8589 0.038459
8592 0.037305
8593 0.036440
8594 0.037692
8595 0.037602
8603 0.036220
8606 0.032678
8607 0.033552
8609 0.034958
8610 0.034876
8614 0.034714
8615 0.032176
8616 0.031484
8617 0.029148
8618 0.028905
8621 0.028505
8622 0.026811
8623 0.027421
8624 0.026137
8626 0.026507
8639 0.026805
8640 0.025572
8643 0.025919
8644 0.023013
8660 0.020891
8661 0.020469
8662 0.021831
8663 0.022606
8664 0.022791
8666 0.023382
8669 0.023287
8670 0.023411
8673 0.022911
8675 0.021541
8676 0.020793
8677 0.021247
8695 0.021149
8706 0.021606
8916 0.021384
8968 0.021661
8970 0.024531
9024 0.024667
9075 0.024619
9139 0.028951
9345 0.031882
9346 0.032001
9347 0.031644
9366 0.031283
9370 0.030933
9371 0.032505
9372 0.032867
9376 0.031558
9380 0.031835
9381 0.029906
9384 0.029592
9385 0.032480
9391 0.033444
9392 0.035363
9397 0.036359
9410 0.036427
9411 0.036792
9412 0.040014
9413 0.039859
9414 0.039491
9415 0.039565
9416 0.036332
9419 0.037705
9420 0.036994
9422 0.032844
9434 0.030570
9435 0.031268
9440 0.032335
9441 0.033477
9446 0.035073
9448 0.034345
9449 0.035020
9455 0.036281
9456 0.035710
9473 0.036332
9474 0.036491
9475 0.034795
9478 0.033534
9479 0.031394
9482 0.031112
9484 0.031575
9485 0.031236
9486 0.027921
9488 0.029140
9490 0.029736
9491 0.030731
9492 0.031827
9493 0.034539
9554 0.034776
9557 0.036630
9558 0.037995
9559 0.039343
9633 0.040078
9664 0.040352
9665 0.040091
9667 0.040307
9669 0.039006
9670 0.037867
9672 0.037953
9673 0.037594
9675 0.037363
9676 0.037878
9677 0.040717
9678 0.041315
9679 0.041596
9717 0.041172
9719 0.043554
9720 0.043713
9721 0.043273
9995 0.044980
10195 0.044065
10196 0.044478
10337 0.039424
10493 0.041843
10588 0.040976
11038 0.038601
11839 0.037775
12020 0.042554
12167 0.046414
13633 0.048864
13917 0.050353
14422 0.055428
16085 0.056233
16086 0.057937
16519 0.059966
17106 0.064691
17314 0.070181
17315 0.071411
17316 0.072174
17318 0.070960
17319 0.071943
17320 0.068527
17379 0.068246
17380 0.067793
17382 0.066560
17383 0.066555
17384 0.065126
17385 0.065168
17386 0.064793
17387 0.065435
17389 0.065351
17390 0.065691
17391 0.061915
17392 0.057253
17393 0.053042
17394 0.054610
17404 0.054749
17405 0.055327
17406 0.055293
17407 0.054626
17408 0.049718
17409 0.047283
17410 0.043745
17416 0.044173
17432 0.047223
17435 0.049275
17456 0.050146
17703 0.050502
17787 0.050159
17984 0.050026
18170 0.049903
18432 0.049368
18433 0.053332
18435 0.052839
19318 0.051172
19386 0.050911
19427 0.049383
19698 0.049424
19823 0.048491
20569 0.050042
20639 0.046747
20652 0.041459
20705 0.039836
20794 0.038034
20857 0.036677
21072 0.039640
21073 0.034815
21074 0.034735
21075 0.033876
21080 0.035506
21081 0.034646
21082 0.033825
21106 0.034838
21107 0.034547
21108 0.034865
21109 0.036859
21110 0.037480
21125 0.033948
21126 0.031675
21127 0.032921
21128 0.032450
21130 0.032761
21131 0.030238
21132 0.030359
21133 0.030031
21136 0.029571
21139 0.029964
21142 0.030058
21144 0.029847
21145 0.030202
21146 0.029091
21556 0.029635
21614 0.030328
21891 0.029343
21956 0.024947
22012 0.025529
22061 0.025422
22106 0.025084
22154 0.025560
22290 0.028170
22361 0.026031
22367 0.026105
22368 0.028884
22411 0.028713
22424 0.027911
22430 0.028388
22431 0.028675
22432 0.028728
22433 0.031983
22434 0.030789
22435 0.031486
22436 0.036544
22437 0.043798
22449 0.044690
22450 0.044056
22455 0.043214
22456 0.044700
22457 0.044162
22458 0.044664
22460 0.045723
22463 0.045066
22464 0.045995
22465 0.045410
22471 0.046351
22472 0.043532
22489 0.044246
22490 0.044456
22509 0.041735
22511 0.044571
22512 0.043903
22513 0.046732
22514 0.046643
22515 0.046316
22516 0.043043
22517 0.043460
22518 0.043903
22519 0.042939
22520 0.042616
22536 0.041644
22537 0.041703
22538 0.040971
22539 0.041113
22540 0.040497
22542 0.039999
22543 0.040518
22544 0.039083
22545 0.040188
22546 0.040238
22547 0.041477
22548 0.041249
22562 0.040669
22563 0.040361
22564 0.042346
22565 0.040454
22566 0.042494
22580 0.042353
22581 0.042414
22582 0.044652
22583 0.046133
22584 0.046819
22585 0.046425
22586 0.042086
22588 0.035469
22589 0.035368
22590 0.035524
22598 0.035745
22599 0.037045
22600 0.038634
22601 0.039137
22602 0.037822
22603 0.037123
22612 0.038131
22613 0.039306
22614 0.037812
22615 0.037841
22616 0.039348
22617 0.039445
22618 0.037371
22619 0.037185
22620 0.036839
22622 0.034320
22624 0.034159
22638 0.033390
22639 0.032471
22640 0.032250
22641 0.034037
22643 0.034090
22653 0.035228
22699 0.036353
22836 0.037147
22901 0.036099
23080 0.033382
23519 0.033095
23706 0.032658
23736 0.032248
23783 0.032502
24016 0.030312
24128 0.028965
24221 0.028447
24243 0.030111
24249 0.027990
24458 0.027330
24459 0.027225
24460 0.028095
24461 0.026800
24462 0.026020
24463 0.024995
24468 0.023682
24469 0.022804
24470 0.022405
24471 0.019235
24472 0.018915
24473 0.017440
24474 0.016953
24475 0.016803
24476 0.017452
24480 0.018241
24482 0.017932
24483 0.018023
24484 0.018772
24491 0.018568
24492 0.018492
24493 0.019499
24494 0.019838
24495 0.017696
24503 0.018240
24504 0.019060
24505 0.018774
24523 0.016868
24524 0.015817
24525 0.018982
24527 0.021209
24528 0.023948
24534 0.025242
24536 0.024704
24538 0.025232
24540 0.025068
24593 0.026503
24633 0.026355
24889 0.027119
24901 0.026015
24928 0.025260
24931 0.026173
24933 0.027660
