669 0.054571
670 0.054011
672 0.051908
673 0.051321
674 0.050656
1013 0.050857
1014 0.051281
1015 0.051566
1016 0.054351
1066 0.057232
1069 0.059546
1335 0.061343
1353 0.062969
1354 0.063600
1355 0.059461
1393 0.060400
1473 0.063081
1863 0.063393
1985 0.063862
1986 0.062382
1987 0.060689
1988 0.060646
2005 0.063328
2011 0.068059
2012 0.072304
2013 0.076660
2014 0.079917
2015 0.083768
2197 0.087541
2454 0.085345
2543 0.087347
2632 0.086456
2915 0.089848
2916 0.091011
2917 0.088892
2921 0.086465
2999 0.085973
3000 0.085969
3002 0.090102
3010 0.091296
3028 0.089582
3029 0.087659
3063 0.091340
3064 0.091926
3065 0.092150
3066 0.092381
3067 0.092205
3068 0.089980
3079 0.089025
3080 0.085364
3081 0.079332
3082 0.072630
3084 0.068033
3107 0.063805
3108 0.064666
3109 0.061991
3110 0.062452
3111 0.058167
3112 0.053599
3113 0.050262
3114 0.048705
3120 0.048544
3121 0.049148
3132 0.045226
3133 0.044933
3134 0.045021
3183 0.046983
3185 0.043034
3186 0.041353
3187 0.041243
3188 0.042192
3189 0.043806
3190 0.045030
3191 0.042170
3192 0.041695
3217 0.042740
3218 0.042806
3219 0.042498
3220 0.040544
3221 0.044176
3222 0.044895
3223 0.044572
3224 0.044388
3228 0.046896
3229 0.047506
3230 0.048136
3239 0.047617
3240 0.047126
3241 0.047860
3242 0.048431
3271 0.051604
3272 0.051596
3273 0.053667
3276 0.055563
3277 0.056734
3278 0.056945
3279 0.055871
3297 0.054910
3298 0.054011
3300 0.058516
3301 0.060113
3302 0.062219
3303 0.064670
3305 0.067873
3306 0.065526
3307 0.066559
3308 0.067969
3318 0.073159
3320 0.073340
3321 0.072227
3322 0.071231
3352 0.076891
3353 0.077505
3356 0.077126
3357 0.076622
3359 0.072865
3360 0.073421
3363 0.070969
3364 0.070343
3365 0.070260
3366 0.070341
3367 0.070548
3369 0.074521
3370 0.077815
3371 0.075491
3372 0.074752
3373 0.072549
3375 0.070238
3376 0.067433
3377 0.065475
3378 0.069060
3381 0.070501
3382 0.066539
3383 0.064718
3385 0.067361
3386 0.068745
3388 0.062895
3389 0.061470
3390 0.060489
3391 0.059374
3392 0.058539
3395 0.056258
3396 0.056008
3397 0.054765
3398 0.053780
3399 0.052647
3400 0.051732
3401 0.050430
3406 0.050795
3407 0.049384
3408 0.048147
3409 0.048636
3410 0.048611
3411 0.048292
3413 0.050263
3414 0.045393
3415 0.042708
3423 0.045704
3424 0.046406
3425 0.044905
3426 0.045881
3429 0.048255
3431 0.049470
3455 0.052533
3457 0.055914
3458 0.058583
3459 0.058696
3460 0.059583
3463 0.063084
3491 0.063257
3493 0.063199
3494 0.063387
3495 0.060077
3498 0.058445
3503 0.058164
3504 0.057808
3505 0.058054
3506 0.059432
3510 0.062667
3511 0.061998
3512 0.061875
3514 0.061712
3515 0.057283
3518 0.056372
3540 0.058961
3549 0.058539
3551 0.055827
3552 0.053803
3553 0.051447
3554 0.048963
3555 0.051640
3556 0.053587
3558 0.052994
3559 0.050195
3560 0.050246
3571 0.050397
3573 0.049907
3574 0.049623
3575 0.048094
3576 0.048577
3586 0.050239
3587 0.050844
3588 0.050225
3626 0.050860
3628 0.051858
3629 0.050729
3630 0.050086
3631 0.049677
3633 0.049758
3634 0.046042
3635 0.044106
3636 0.043104
3638 0.042395
3639 0.041032
3644 0.043695
3645 0.040825
3646 0.038344
3647 0.038241
3648 0.037685
3649 0.038907
3650 0.039616
3651 0.041982
3652 0.043111
3653 0.043340
3654 0.041952
3655 0.040750
3656 0.039887
3659 0.041174
3660 0.038826
3661 0.037385
3662 0.038197
3670 0.038761
3671 0.039347
3672 0.040466
3673 0.040615
3675 0.040561
3676 0.040576
3677 0.040600
3678 0.041950
3680 0.038989
3681 0.036911
3682 0.037705
3683 0.037933
3685 0.037983
3686 0.036584
3701 0.037518
3702 0.037531
3703 0.037966
3773 0.037087
3774 0.036709
3792 0.035649
3814 0.035363
3818 0.036724
3821 0.038121
3894 0.040041
3910 0.044151
3912 0.047270
4372 0.047324
4528 0.048856
4529 0.049871
4582 0.051938
4703 0.053519
4803 0.055014
4978 0.054681
4992 0.062413
5027 0.075716
5367 0.074486
5601 0.078656
5624 0.081136
5848 0.082744
5883 0.084029
6035 0.083829
6715 0.083167
6717 0.084177
7021 0.086193
7058 0.088758
7059 0.090568
7060 0.088599
7061 0.086836
7063 0.084676
7064 0.080690
7065 0.077620
7067 0.077595
7068 0.074303
7069 0.074136
7070 0.073146
7071 0.072455
7072 0.072258
7102 0.072015
7103 0.064023
7104 0.050596
7107 0.050007
7108 0.045076
7109 0.042240
7110 0.040710
7111 0.037126
7112 0.034727
7113 0.033747
7114 0.032523
7115 0.030397
7126 0.029798
7127 0.027666
7129 0.025892
7130 0.024577
7132 0.026009
7133 0.026561
7138 0.028759
7165 0.028224
7198 0.029131
7200 0.028982
7250 0.031377
7253 0.032993
7258 0.033520
7276 0.033725
7517 0.036647
7530 0.037002
7655 0.041490
7740 0.044634
7827 0.048264
7832 0.050885
8160 0.062083
8235 0.067312
8514 0.069122
8679 0.070053
8719 0.072906
8844 0.071018
8947 0.074145
9270 0.077048
9569 0.081468
9570 0.083211
9606 0.083595
9725 0.081416
9846 0.081820
9856 0.083408
9857 0.084005
9858 0.081891
9859 0.080560
9860 0.080155
9862 0.079683
9863 0.076848
9864 0.076589
9866 0.072717
9867 0.071029
9868 0.068350
9879 0.065235
9880 0.054562
9881 0.049711
9882 0.048580
9885 0.049102
9886 0.047686
9887 0.048582
9888 0.046052
9889 0.043519
9890 0.039858
9891 0.035510
9893 0.033660
9894 0.032985
9895 0.034657
9896 0.034043
9904 0.035524
9905 0.036472
9906 0.037574
9907 0.037685
9916 0.038697
9917 0.039153
9918 0.039347
9919 0.038247
9920 0.036533
9921 0.035364
9922 0.035366
9923 0.035590
10229 0.037289
10230 0.037015
10231 0.036312
10232 0.035831
10233 0.035566
10237 0.035838
10238 0.035499
10239 0.034454
10240 0.034783
10241 0.035241
10242 0.035807
10245 0.035441
10257 0.034915
10258 0.032301
10259 0.030420
10260 0.028611
10261 0.027457
10262 0.027280
10263 0.026873
10264 0.026660
10265 0.026717
10276 0.029249
10277 0.029734
10278 0.030161
10279 0.029757
10280 0.028171
10281 0.027501
10287 0.026968
10288 0.026213
10289 0.025171
10290 0.023916
10296 0.024052
10297 0.024147
10298 0.023896
10299 0.023233
10314 0.022764
10315 0.021066
10361 0.020426
10362 0.020664
10363 0.020637
10364 0.021352
10381 0.023272
10546 0.022454
10548 0.022196
10552 0.023056
10553 0.023025
10554 0.020470
10555 0.020164
10556 0.023122
10569 0.027787
10783 0.033993
10966 0.035108
11044 0.040542
11518 0.046064
11524 0.047885
11530 0.049882
11598 0.051587
11630 0.052979
11641 0.054441
11704 0.056255
11727 0.057506
11900 0.059272
12247 0.060965
12338 0.063434
12339 0.065224
12346 0.065105
12347 0.063681
12348 0.063980
12349 0.064188
12350 0.063477
12351 0.063866
12352 0.064003
12354 0.063628
12355 0.060038
12356 0.055037
12364 0.050254
12365 0.050143
12366 0.044614
12367 0.038725
12368 0.037069
12369 0.035235
12370 0.032972
12371 0.031743
12372 0.030287
12373 0.028532
12386 0.030242
12387 0.030558
12388 0.029155
12389 0.026778
12398 0.024896
12404 0.025690
12405 0.026117
12406 0.026396
12408 0.026653
12409 0.026950
12410 0.027071
12411 0.027258
12412 0.027901
12413 0.028391
12414 0.028733
12415 0.027253
12419 0.027508
12420 0.027984
12421 0.028496
12422 0.028712
12423 0.028820
12424 0.029110
12425 0.029302
12426 0.030007
12428 0.030393
12429 0.027594
12430 0.025790
12431 0.024507
12486 0.024817
12487 0.025199
12488 0.024021
12490 0.023350
12491 0.022606
12514 0.023220
12515 0.023735
12516 0.024774
12517 0.025983
12524 0.027455
12625 0.030849
12708 0.031872
12843 0.034226
12844 0.034746
12846 0.035237
12953 0.035588
13455 0.035853
13718 0.036115
13719 0.036802
13767 0.037827
13775 0.040173
13816 0.041761
13847 0.042403
13848 0.042602
13849 0.042716
13850 0.041949
13877 0.042036
13878 0.041638
13879 0.041397
13887 0.042182
13888 0.041097
13889 0.039769
13890 0.038631
13891 0.037536
13900 0.035693
13901 0.031883
13902 0.030466
13903 0.027774
13911 0.027927
13912 0.027890
13913 0.028031
13915 0.028363
13916 0.028680
13918 0.027867
13919 0.026589
13920 0.023839
13934 0.023647
13941 0.023284
14023 0.026198
14051 0.027798
14052 0.028664
14056 0.029709
14271 0.030381
14274 0.031020
14421 0.033220
14612 0.036639
14776 0.037365
14941 0.039273
15203 0.040984
15281 0.041938
15558 0.042506
16102 0.047077
17334 0.052610
17444 0.055826
17445 0.057655
17481 0.057281
17679 0.058976
17821 0.061111
19382 0.062535
19654 0.065580
20242 0.071899
20247 0.074091
20361 0.078067
21336 0.075425
21512 0.076746
21581 0.077899
21617 0.077275
21896 0.078089
22043 0.080505
22107 0.079125
22108 0.075943
22110 0.075697
22111 0.073159
22112 0.070823
22113 0.069936
22141 0.070672
22146 0.067248
22147 0.063359
22148 0.060415
22153 0.058696
22156 0.059356
22159 0.059812
22165 0.057123
22166 0.056391
22167 0.054351
22168 0.048788
22169 0.045777
22197 0.042157
22205 0.041615
22208 0.039032
22243 0.040481
22244 0.040011
22245 0.038416
22265 0.040041
22268 0.042484
22354 0.043018
22357 0.043231
22700 0.043430
22701 0.043727
22716 0.045584
22717 0.045067
22720 0.044696
22721 0.043405
22722 0.041805
22723 0.042966
22726 0.041431
22727 0.038558
22730 0.043700
22731 0.044677
22732 0.044550
22746 0.043948
22747 0.043425
22750 0.043755
22777 0.043823
22779 0.043415
22780 0.039782
22826 0.039656
22827 0.039709
22828 0.035402
22831 0.032612
22832 0.032639
22837 0.034101
22838 0.034236
22848 0.035573
22851 0.035107
22852 0.034690
22853 0.034480
22854 0.035117
22857 0.034918
22858 0.032367
22859 0.033035
22866 0.034694
22869 0.030450
22870 0.030754
22873 0.030749
22874 0.031766
22877 0.033431
22878 0.034023
22879 0.034592
22881 0.035276
22899 0.035024
22902 0.034197
22903 0.034227
22904 0.035419
22905 0.036853
22906 0.038079
22936 0.036474
22937 0.036677
22940 0.035934
22941 0.034573
22942 0.034708
22943 0.035096
23161 0.034502
23162 0.034540
23163 0.035080
23164 0.035412
23165 0.034323
23166 0.033940
23203 0.032639
23204 0.032093
23205 0.031105
23276 0.030999
23289 0.031195
23290 0.031082
23307 0.030433
23308 0.030305
23309 0.030945
23312 0.038414
23388 0.039675
23390 0.038600
23391 0.038127
23420 0.039163
23670 0.039866
23873 0.039661
23953 0.040953
24188 0.045681
24407 0.053888
24553 0.056537
24748 0.060853
24854 0.062695
24892 0.063637
