669 0.043171
670 0.041128
672 0.041733
673 0.044199
674 0.043660
1013 0.044149
1014 0.046530
1015 0.046672
1016 0.047337
1066 0.048042
1069 0.049382
1335 0.043774
1353 0.042909
1354 0.042509
1355 0.041358
1393 0.037931
1473 0.035967
1863 0.036772
1985 0.033834
1986 0.031514
1987 0.032259
1988 0.034775
2005 0.032070
2011 0.031444
2012 0.030364
2013 0.028534
2014 0.029783
2015 0.032067
2197 0.030368
2454 0.030931
2543 0.028460
2632 0.027043
2915 0.028328
2916 0.028117
2917 0.032312
2921 0.031585
2999 0.035382
3000 0.036055
3002 0.036071
3010 0.036634
3028 0.035892
3029 0.036179
3063 0.035654
3064 0.035680
3065 0.035480
3066 0.036459
3067 0.033696
3068 0.034908
3079 0.036119
3080 0.036443
3081 0.036159
3082 0.033835
3084 0.029677
3107 0.029067
3108 0.029887
3109 0.030063
3110 0.028463
3111 0.026631
3112 0.027796
3113 0.022935
3114 0.022226
3120 0.018425
3121 0.019621
3132 0.020056
3133 0.019244
3134 0.020961
3183 0.020796
3185 0.021184
3186 0.021802
3187 0.023013
3188 0.020805
3189 0.021722
3190 0.021607
3191 0.020840
3192 0.022288
3217 0.023208
3218 0.023505
3219 0.024620
3220 0.025398
3221 0.026303
3222 0.025634
3223 0.025787
3224 0.026349
3228 0.024612
3229 0.024777
3230 0.026040
3239 0.026091
3240 0.026164
3241 0.027124
3242 0.029639
3271 0.027819
3272 0.027094
3273 0.026909
3276 0.027196
3277 0.028424
3278 0.031443
3279 0.032017
3297 0.032717
3298 0.035166
3300 0.036553
3301 0.035734
3302 0.035656
3303 0.036026
3305 0.037251
3306 0.036662
3307 0.038137
3308 0.038484
3318 0.038998
3320 0.038828
3321 0.038945
3322 0.038348
3352 0.039430
3353 0.037113
3356 0.035454
3357 0.033082
3359 0.033946
3360 0.033991
3363 0.034272
3364 0.034199
3365 0.031960
3366 0.029365
3367 0.029785
3369 0.027836
3370 0.024819
3371 0.021803
3372 0.022690
3373 0.023397
3375 0.022700
3376 0.022227
3377 0.021861
3378 0.020622
3381 0.019781
3382 0.018443
3383 0.017890
3385 0.017130
3386 0.017029
3388 0.016953
3389 0.017342
3390 0.018276
3391 0.020213
3392 0.019403
3395 0.018889
3396 0.019389
3397 0.019594
3398 0.019638
3399 0.019310
3400 0.017377
3401 0.017675
3406 0.017863
3407 0.018160
3408 0.018008
3409 0.017829
3410 0.019015
3411 0.017599
3413 0.016910
3414 0.017018
3415 0.016726
3423 0.017742
3424 0.017831
3425 0.018424
3426 0.018207
3429 0.017725
3431 0.018734
3455 0.017609
3457 0.015559
3458 0.016311
3459 0.016371
3460 0.017228
3463 0.016242
3491 0.016180
3493 0.016075
3494 0.017037
3495 0.017205
3498 0.017213
3503 0.017077
3504 0.016542
3505 0.015798
3506 0.015010
3510 0.015284
3511 0.014704
3512 0.015128
3514 0.016272
3515 0.017609
3518 0.018347
3540 0.018281
3549 0.018250
3551 0.018107
3552 0.016742
3553 0.016544
3554 0.017298
3555 0.016874
3556 0.017042
3558 0.015007
3559 0.015038
3560 0.014544
3571 0.014439
3573 0.014663
3574 0.014284
3575 0.014371
3576 0.018667
3586 0.018365
3587 0.019367
3588 0.018330
3626 0.018785
3628 0.019137
3629 0.018370
3630 0.017608
3631 0.015683
3633 0.015424
3634 0.015446
3635 0.015421
3636 0.017927
3638 0.018388
3639 0.020267
3644 0.020494
3645 0.020351
3646 0.020606
3647 0.021632
3648 0.021732
3649 0.021709
3650 0.022448
3651 0.021518
3652 0.021197
3653 0.021214
3654 0.017096
3655 0.017300
3656 0.017141
3659 0.017158
3660 0.016748
3661 0.019409
3662 0.019545
3670 0.019674
3671 0.020350
3672 0.019862
3673 0.021609
3675 0.021612
3676 0.019538
3677 0.019335
3678 0.017600
3680 0.017105
3681 0.018422
3682 0.017844
3683 0.020011
3685 0.020069
3686 0.021959
3701 0.021720
3702 0.025169
3703 0.025771
3773 0.025832
3774 0.025990
3792 0.027942
3814 0.028444
3818 0.030229
3821 0.029651
3894 0.028870
3910 0.029654
3912 0.029297
4372 0.028714
4528 0.032446
4529 0.033589
4582 0.033668
4703 0.035351
4803 0.037524
4978 0.038342
4992 0.038394
5027 0.037990
5367 0.038178
5601 0.036662
5624 0.038569
5848 0.037659
5883 0.037881
6035 0.036548
6715 0.039021
6717 0.039519
7021 0.040840
7058 0.042291
7059 0.042297
7060 0.043896
7061 0.045270
7063 0.045601
7064 0.049195
7065 0.049664
7067 0.049374
7068 0.046165
7069 0.042703
7070 0.042315
7071 0.041442
7072 0.039209
7102 0.038196
7103 0.038362
7104 0.038641
7107 0.039055
7108 0.037388
7109 0.035922
7110 0.035158
7111 0.035783
7112 0.036037
7113 0.035187
7114 0.035388
7115 0.033934
7126 0.031131
7127 0.030338
7129 0.027192
7130 0.026944
7132 0.024420
7133 0.019774
7138 0.020171
7165 0.020748
7198 0.020429
7200 0.021166
7250 0.021244
7253 0.019858
7258 0.019823
7276 0.020402
7517 0.020821
7530 0.020990
7655 0.020400
7740 0.021668
7827 0.022195
7832 0.026806
8160 0.025897
8235 0.023934
8514 0.023496
8679 0.023554
8719 0.023324
8844 0.022825
8947 0.022284
9270 0.023912
9569 0.023663
9570 0.027287
9606 0.030600
9725 0.033223
9846 0.040018
9856 0.040274
9857 0.039735
9858 0.040613
9859 0.044224
9860 0.044083
9862 0.044012
9863 0.043475
9864 0.042756
9866 0.043081
9867 0.042486
9868 0.041000
9879 0.036873
9880 0.036630
9881 0.036273
9882 0.035116
9885 0.034730
9886 0.036377
9887 0.036562
9888 0.038645
9889 0.042376
9890 0.041759
9891 0.038417
9893 0.036376
9894 0.034695
9895 0.027136
9896 0.027329
9904 0.028690
9905 0.027870
9906 0.024761
9907 0.027026
9916 0.026791
9917 0.026378
9918 0.029568
9919 0.029673
9920 0.032013
9921 0.038151
9922 0.038911
9923 0.040564
10229 0.041740
10230 0.041675
10231 0.042820
10232 0.041156
10233 0.043276
10237 0.041566
10238 0.036033
10239 0.037290
10240 0.037288
10241 0.037512
10242 0.038097
10245 0.038161
10257 0.039290
10258 0.040518
10259 0.042018
10260 0.042477
10261 0.041301
10262 0.041598
10263 0.042227
10264 0.039182
10265 0.038824
10276 0.036601
10277 0.032114
10278 0.031685
10279 0.031590
10280 0.032373
10281 0.033237
10287 0.031509
10288 0.031740
10289 0.029829
10290 0.031647
10296 0.031588
10297 0.030051
10298 0.030921
10299 0.030633
10314 0.028667
10315 0.028832
10361 0.028322
10362 0.027848
10363 0.026781
10364 0.026983
10381 0.027568
10546 0.028813
10548 0.029767
10552 0.029223
10553 0.030839
10554 0.031571
10555 0.030020
10556 0.031191
10569 0.030771
10783 0.030386
10966 0.029072
11044 0.031100
11518 0.030764
11524 0.035419
11530 0.033821
11598 0.038081
11630 0.038190
11641 0.036960
11704 0.036592
11727 0.036139
11900 0.037211
12247 0.037635
12338 0.038051
12339 0.040471
12346 0.039884
12347 0.038497
12348 0.040331
12349 0.039671
12350 0.040771
12351 0.042322
12352 0.043254
12354 0.045713
12355 0.043827
12356 0.043122
12364 0.042539
12365 0.042726
12366 0.040812
12367 0.041841
12368 0.038103
12369 0.041882
12370 0.038200
12371 0.041427
12372 0.041589
12373 0.040863
12386 0.040754
12387 0.040878
12388 0.039630
12389 0.039212
12398 0.038301
12404 0.037637
12405 0.038083
12406 0.035671
12408 0.036940
12409 0.037107
12410 0.034968
12411 0.033666
12412 0.033081
12413 0.033162
12414 0.033421
12415 0.036220
12419 0.036726
12420 0.040217
12421 0.039716
12422 0.041194
12423 0.037916
12424 0.038850
12425 0.040518
12426 0.040773
12428 0.041808
12429 0.042691
12430 0.041539
12431 0.041011
12486 0.038894
12487 0.038829
12488 0.039370
12490 0.038672
12491 0.038182
12514 0.036069
12515 0.035201
12516 0.036179
12517 0.035025
12524 0.033210
12625 0.032883
12708 0.032306
12843 0.029433
12844 0.029435
12846 0.026146
12953 0.028693
13455 0.027381
13718 0.028484
13719 0.032588
13767 0.028929
13775 0.035073
13816 0.036040
13847 0.036913
13848 0.038563
13849 0.038717
13850 0.039582
13877 0.038307
13878 0.039047
13879 0.040299
13887 0.040445
13888 0.041427
13889 0.042234
13890 0.042895
13891 0.044439
13900 0.045380
13901 0.045364
13902 0.047123
13903 0.047506
13911 0.053126
13912 0.055266
13913 0.051994
13915 0.050782
13916 0.049072
13918 0.045435
13919 0.044652
13920 0.039919
13934 0.039006
13941 0.040175
14023 0.038670
14051 0.039373
14052 0.042119
14056 0.042273
14271 0.042817
14274 0.041396
14421 0.042759
14612 0.043686
14776 0.045836
14941 0.043104
15203 0.046300
15281 0.045285
15558 0.046589
16102 0.048780
17334 0.050778
17444 0.044804
17445 0.048997
17481 0.052018
17679 0.054736
17821 0.056114
19382 0.054319
19654 0.053753
20242 0.052285
20247 0.054222
20361 0.052379
21336 0.053143
21512 0.054965
21581 0.052184
21617 0.052414
21896 0.050314
22043 0.051840
22107 0.050388
22108 0.051581
22110 0.048857
22111 0.049169
22112 0.044684
22113 0.045786
22141 0.044356
22146 0.040575
22147 0.041731
22148 0.042739
22153 0.036248
22156 0.034787
22159 0.032668
22165 0.032633
22166 0.033011
22167 0.033930
22168 0.035006
22169 0.033366
22197 0.033609
22205 0.033541
22208 0.031026
22243 0.032163
22244 0.032477
22245 0.032588
22265 0.033511
22268 0.033769
22354 0.031072
22357 0.030487
22700 0.030726
22701 0.030711
22716 0.029480
22717 0.029685
22720 0.029624
22721 0.025310
22722 0.026062
22723 0.027680
22726 0.026190
22727 0.025878
22730 0.024622
22731 0.025556
22732 0.026785
22746 0.026113
22747 0.025173
22750 0.024018
22777 0.024736
22779 0.028188
22780 0.026243
22826 0.026958
22827 0.031132
22828 0.030297
22831 0.030652
22832 0.030226
22837 0.030888
22838 0.031410
22848 0.031223
22851 0.034966
22852 0.038132
22853 0.040239
22854 0.040057
22857 0.039075
22858 0.037485
22859 0.038965
22866 0.038250
22869 0.037791
22870 0.036320
22873 0.035195
22874 0.035689
22877 0.035895
22878 0.037259
22879 0.036144
22881 0.033040
22899 0.033260
22902 0.031580
22903 0.027542
22904 0.025868
22905 0.025873
22906 0.026267
22936 0.025094
22937 0.025870
22940 0.026131
22941 0.023812
22942 0.021377
22943 0.019584
23161 0.020309
23162 0.022377
23163 0.022704
23164 0.022852
23165 0.023695
23166 0.025300
23203 0.025295
23204 0.025363
23205 0.024647
23276 0.024541
23289 0.023302
23290 0.022716
23307 0.022537
23308 0.023500
23309 0.024121
23312 0.024618
23388 0.025318
23390 0.024636
23391 0.024560
23420 0.025062
23670 0.023964
23873 0.023917
23953 0.023585
24188 0.024823
24407 0.025771
24553 0.030467
24748 0.031238
24854 0.031901
24892 0.032827
