258 0.129180
260 0.120161
261 0.111251
262 0.106102
263 0.101491
265 0.096999
266 0.094540
269 0.088996
270 0.085591
271 0.081297
272 0.078883
273 0.081685
274 0.080227
275 0.080057
276 0.079958
277 0.078496
279 0.077003
280 0.075081
281 0.073454
282 0.072780
294 0.069321
296 0.066573
299 0.064201
300 0.061885
312 0.066899
328 0.072509
899 0.076098
946 0.078299
961 0.083896
965 0.083968
1000 0.086374
1096 0.086073
1554 0.084856
1638 0.086558
1647 0.087115
1662 0.087408
1753 0.085239
1754 0.083167
1755 0.081211
1756 0.079649
1757 0.078040
1759 0.077278
1760 0.076457
1761 0.076197
1764 0.076524
1766 0.074270
1768 0.074616
1769 0.075887
1770 0.079302
1771 0.075483
1772 0.071151
1793 0.070892
1794 0.072092
1795 0.068985
1842 0.071395
1945 0.070333
2116 0.071484
2772 0.073972
2775 0.074552
3036 0.074075
3207 0.078991
3557 0.078938
3562 0.079843
4347 0.081941
4516 0.096165
4554 0.104733
5209 0.105461
5210 0.105795
6214 0.110997
6642 0.114110
6721 0.116571
6730 0.115994
6731 0.114303
6747 0.111043
6748 0.108624
6749 0.107457
6750 0.104948
6751 0.101967
6775 0.100456
6776 0.097975
6780 0.098389
6781 0.098541
6782 0.096784
6783 0.092704
6784 0.091601
6785 0.086493
6797 0.086013
6798 0.085117
6799 0.083199
6800 0.069392
6802 0.061820
6803 0.062853
6804 0.064415
6805 0.060284
6806 0.058123
6807 0.056627
6808 0.055945
6825 0.054344
6827 0.053792
6828 0.052591
6829 0.051077
6831 0.049899
6832 0.048820
6833 0.047074
6834 0.045672
6859 0.043904
6861 0.041703
6862 0.040889
6863 0.040567
6864 0.039862
6865 0.040347
6866 0.039814
6873 0.044046
6874 0.047434
6875 0.049603
6876 0.048011
6889 0.045613
6890 0.043083
6891 0.041086
6895 0.040632
6896 0.040516
6897 0.040073
6898 0.040483
6956 0.044659
6957 0.047953
6965 0.049339
7015 0.052017
7038 0.053966
7092 0.056176
7522 0.057589
7537 0.061187
7538 0.064302
7605 0.066101
7666 0.068034
7746 0.071165
7800 0.070189
7801 0.069523
7883 0.065118
7900 0.061877
7990 0.063291
7994 0.067443
7995 0.072469
7996 0.076440
8028 0.082739
8029 0.085452
8030 0.087545
8031 0.089814
8032 0.092474
8035 0.089134
8037 0.086332
8038 0.085909
8039 0.083019
8040 0.081514
8041 0.079742
8066 0.079771
8067 0.075616
8068 0.072650
8069 0.071101
8074 0.069193
8075 0.065830
8076 0.064575
8077 0.063483
8078 0.061688
8079 0.061321
8080 0.056458
8081 0.052453
8082 0.047574
8092 0.044658
8094 0.039310
8097 0.035129
8098 0.031570
8099 0.028213
8106 0.025423
8118 0.025389
8120 0.026112
8121 0.026136
8122 0.026851
8124 0.026547
8125 0.026104
8127 0.024688
8130 0.024081
8131 0.023516
8132 0.023450
8133 0.023485
8135 0.023591
8136 0.024199
8137 0.024437
8172 0.030246
8173 0.031754
8174 0.032951
8175 0.033085
8176 0.033011
8177 0.032308
8186 0.033646
8187 0.035273
8258 0.037428
8265 0.038028
8307 0.038221
8308 0.037799
8309 0.036920
8310 0.036152
8311 0.035780
8312 0.036273
8313 0.036700
8314 0.036579
8315 0.036120
8317 0.035991
8318 0.035459
8321 0.037337
8339 0.042250
8347 0.047147
8349 0.050740
8366 0.046203
8367 0.044448
8370 0.044054
8372 0.044055
8373 0.044273
8375 0.044519
8377 0.042766
8382 0.041923
8383 0.039829
8384 0.039084
8385 0.038066
8386 0.036905
8387 0.036087
8388 0.035645
8393 0.039164
8395 0.041048
8396 0.042418
8397 0.043462
8398 0.044357
8399 0.045281
8400 0.046877
8414 0.047882
8415 0.045949
8436 0.041683
8437 0.038563
8444 0.037539
8496 0.036628
8497 0.035363
8498 0.034720
8499 0.034327
8500 0.035544
8504 0.037540
8505 0.038979
8506 0.043243
8512 0.044861
8513 0.047216
8515 0.049093
8516 0.052105
8519 0.052178
8521 0.048435
8522 0.046739
8536 0.046934
8537 0.046006
8538 0.044960
8539 0.044566
8540 0.044462
8541 0.044456
8542 0.044886
8544 0.048215
8608 0.047595
8678 0.047740
8680 0.047758
8681 0.047922
8682 0.048338
8683 0.049542
8696 0.048021
8697 0.045691
8699 0.043453
8843 0.040371
8847 0.043675
8848 0.042022
8849 0.039945
8850 0.036833
8852 0.036353
8853 0.036121
8854 0.036154
8856 0.036496
8857 0.041012
8874 0.044056
8876 0.045634
8878 0.046644
8879 0.044220
8928 0.041911
8929 0.037901
8930 0.038811
9039 0.039534
9184 0.041415
9185 0.044941
9186 0.048041
9187 0.052172
9189 0.054146
9190 0.057218
9191 0.059317
9192 0.059415
9201 0.054694
9202 0.054327
9203 0.054829
9204 0.055389
9205 0.056307
9207 0.056396
9208 0.055419
9209 0.053594
9210 0.050907
9225 0.053351
9244 0.052723
9250 0.051897
9254 0.053484
9261 0.057377
9262 0.059857
9263 0.060706
9264 0.060848
9265 0.059702
9267 0.058029
9278 0.057465
9279 0.053535
9281 0.052882
9283 0.052196
9288 0.053087
9289 0.053374
9292 0.055718
9294 0.057111
9295 0.058821
9310 0.059748
9331 0.061629
9333 0.061289
9334 0.061982
9335 0.063103
9336 0.063028
9348 0.059255
9349 0.058146
9350 0.056502
9351 0.054449
9357 0.052648
9358 0.051569
9359 0.050801
9360 0.050922
9361 0.051637
9362 0.051799
9373 0.050153
9374 0.050836
9375 0.050406
9393 0.050013
9394 0.048505
9398 0.048905
9401 0.047880
9402 0.047339
9404 0.046339
9405 0.046107
9425 0.051993
9426 0.054218
9427 0.053467
9429 0.051721
9432 0.050697
9433 0.051321
9452 0.053504
9453 0.054058
9454 0.053535
9457 0.051585
9458 0.052095
9459 0.052859
9470 0.052879
9561 0.052078
9565 0.050956
9566 0.051020
9577 0.054555
9578 0.054423
9579 0.052670
9580 0.051119
9581 0.049246
9584 0.051799
9590 0.051484
9591 0.051023
9616 0.056317
9617 0.050383
9648 0.048299
9649 0.049003
9686 0.054024
9695 0.056499
9711 0.055174
9739 0.055456
9762 0.058049
9764 0.060291
9778 0.061654
9779 0.061082
9780 0.061081
9792 0.061521
9794 0.061501
9795 0.061269
9796 0.061232
9799 0.055374
9800 0.054429
9801 0.055185
9804 0.057811
9805 0.060612
9808 0.059151
9809 0.061589
9810 0.064953
9815 0.060103
9818 0.058656
9819 0.058331
9823 0.060021
9824 0.056707
9829 0.058253
9837 0.060523
9869 0.060970
9870 0.058693
9871 0.057404
9898 0.057347
9927 0.058162
9968 0.059483
10046 0.060722
10047 0.060858
10055 0.062142
10102 0.062824
10138 0.064711
10142 0.065031
10144 0.064951
10147 0.062898
10148 0.061456
10151 0.059140
10152 0.056337
10155 0.054231
10156 0.053197
10157 0.052869
10158 0.053516
10160 0.051602
10163 0.051606
10164 0.046864
10165 0.043639
10168 0.042968
10169 0.043076
10171 0.043356
10173 0.041662
10176 0.039602
10177 0.036413
10180 0.033642
10181 0.033261
10201 0.033886
10202 0.032593
10203 0.030964
10205 0.031856
10206 0.035064
10212 0.037515
10215 0.037209
10217 0.038054
10253 0.041062
10291 0.041768
10448 0.041334
10449 0.040908
10450 0.040879
10452 0.040526
10453 0.039654
10466 0.039878
10470 0.040216
10483 0.038609
10484 0.037988
10485 0.038318
10488 0.038236
10489 0.037861
10511 0.038948
10512 0.039043
10513 0.038542
10514 0.036263
10516 0.035571
10517 0.036066
10518 0.035135
10519 0.033028
10520 0.033454
10523 0.037486
10559 0.040524
10560 0.037643
10561 0.035675
10584 0.036621
10965 0.041848
11410 0.047160
11618 0.047768
11688 0.047980
11797 0.051252
11844 0.051147
12202 0.050309
12376 0.049787
12427 0.054123
12441 0.056011
12521 0.056942
12570 0.056969
12612 0.060557
12613 0.063931
12616 0.066092
12617 0.067590
12618 0.067782
12619 0.068102
12620 0.066401
12621 0.063397
12622 0.058859
12628 0.056410
12629 0.057076
12630 0.058355
12631 0.058948
12632 0.057278
12648 0.053449
12650 0.054342
12667 0.053873
12668 0.052043
12669 0.053892
12670 0.055870
12710 0.056648
12722 0.054116
12723 0.052363
12731 0.051312
12732 0.050989
12741 0.050563
12766 0.050181
12769 0.049330
12770 0.049016
12771 0.049460
12772 0.050063
12773 0.051104
12774 0.051455
12775 0.052924
12779 0.054114
12780 0.054207
12791 0.055221
12792 0.054174
12793 0.050579
12794 0.048132
12795 0.047934
12798 0.047574
12799 0.046311
12800 0.044720
12801 0.044157
12804 0.043821
12805 0.041013
12806 0.040736
12807 0.041976
12809 0.041204
12811 0.038494
12812 0.036583
12877 0.036425
12879 0.035991
12880 0.035440
12881 0.036465
12882 0.035908
12892 0.035822
13031 0.035277
13032 0.033667
13065 0.034727
13068 0.031778
13070 0.031002
13074 0.035267
13083 0.038835
13111 0.038765
13119 0.040192
13137 0.042595
13151 0.042236
13172 0.043635
13174 0.045904
13410 0.048036
13518 0.049284
13582 0.051435
13655 0.052906
13698 0.053250
13699 0.053445
13700 0.054562
13705 0.059040
13721 0.060359
13722 0.059874
13723 0.060669
13724 0.062244
13726 0.065852
13727 0.070163
13758 0.070668
13759 0.071282
13760 0.071564
13768 0.068790
13769 0.065877
13799 0.066272
13800 0.066115
13802 0.064583
13803 0.066310
13804 0.065073
13811 0.063712
13812 0.063051
13819 0.062385
13824 0.060519
13825 0.060511
13826 0.060945
13829 0.061597
13830 0.059970
13831 0.055795
13832 0.054523
13836 0.053296
13839 0.055112
13842 0.053093
13843 0.048196
13853 0.044484
13855 0.042587
13859 0.045917
13861 0.048426
13862 0.047743
13863 0.047659
13864 0.046508
13865 0.045938
13866 0.046640
13867 0.047325
13870 0.047438
13872 0.048018
13874 0.047402
13875 0.049172
13876 0.049772
13882 0.049054
13883 0.047641
13884 0.045837
13886 0.045379
13894 0.048078
13908 0.047479
13923 0.048693
13924 0.047146
13925 0.049786
13926 0.053367
13927 0.054921
13944 0.057655
13957 0.056004
13958 0.053639
13963 0.053788
13964 0.053404
13965 0.052967
13983 0.057509
14008 0.059472
14009 0.059442
14013 0.059730
14014 0.060180
14019 0.061077
14025 0.059858
14028 0.058720
14029 0.058425
14030 0.060069
14031 0.061705
14032 0.063236
14039 0.061169
14041 0.061295
14042 0.059821
14061 0.060339
14063 0.058672
14064 0.054431
14066 0.051164
14067 0.047205
14068 0.045972
14072 0.046513
14073 0.045918
14074 0.046195
14082 0.047878
14083 0.042832
14084 0.038799
14085 0.037011
14086 0.035185
14087 0.034477
14114 0.032809
14115 0.031061
14116 0.030688
14132 0.031531
14135 0.032682
14144 0.032158
14148 0.032058
14155 0.031436
14160 0.032394
14161 0.032803
14163 0.030938
14164 0.030578
14171 0.037041
14211 0.037215
14212 0.038893
14213 0.039685
14218 0.044223
14219 0.044660
14231 0.046118
14234 0.044780
14290 0.045770
14291 0.046710
14292 0.046714
14293 0.046731
14294 0.046059
14296 0.045967
14297 0.046454
14298 0.046825
14299 0.047125
14300 0.046624
14301 0.047108
14302 0.046279
14349 0.047417
14350 0.049059
14362 0.049507
14365 0.050556
14366 0.050923
14367 0.046528
14376 0.049271
14377 0.050362
14412 0.050885
14429 0.046577
14434 0.046383
14452 0.045988
14527 0.046565
14528 0.045430
14529 0.044555
14530 0.044251
14533 0.044803
14534 0.043917
14536 0.043646
14538 0.043141
14539 0.042402
14542 0.041624
14543 0.039712
14544 0.038465
14551 0.038034
14552 0.036266
14554 0.034257
14555 0.033976
14558 0.033217
14641 0.032065
14642 0.030094
14643 0.026862
14646 0.024394
14648 0.023114
14664 0.022772
14665 0.022570
14696 0.022508
14697 0.022039
14698 0.021950
14702 0.023683
14744 0.023731
14746 0.023218
14760 0.023931
14841 0.024672
14842 0.025199
14843 0.025360
14844 0.024872
14845 0.024575
14846 0.024384
14847 0.024349
14851 0.025708
14853 0.025411
14854 0.025110
14855 0.024761
14856 0.025680
14859 0.026647
14918 0.027678
14919 0.027997
14920 0.027166
14921 0.026460
14922 0.025874
14923 0.024640
14924 0.023906
14926 0.024103
14927 0.022562
14936 0.023125
14962 0.023131
14963 0.022521
14964 0.021739
14965 0.021543
14968 0.021723
14969 0.021729
14971 0.021515
14972 0.021209
14973 0.020738
14974 0.019188
14990 0.019781
14991 0.020013
14994 0.021553
14995 0.021232
14996 0.021071
14997 0.020518
14998 0.020425
15036 0.021582
15040 0.022120
15257 0.022276
15258 0.021990
15259 0.022071
15260 0.021518
15263 0.022247
15264 0.021763
15265 0.021801
15308 0.022565
15309 0.023676
15334 0.023804
15342 0.025368
15364 0.025396
15365 0.025611
15366 0.025692
15367 0.025728
15368 0.025477
15369 0.024268
15370 0.023587
15371 0.021488
15372 0.020541
15373 0.020309
15389 0.020532
15390 0.020651
15392 0.019649
15417 0.022110
15434 0.022465
15435 0.023079
15436 0.023131
15437 0.023160
15438 0.021975
15441 0.021431
15442 0.020720
15443 0.019809
15444 0.019260
15445 0.019210
15446 0.017537
15447 0.017848
15449 0.017437
15450 0.017367
15451 0.017289
15452 0.017555
15453 0.018003
15455 0.017977
15456 0.018066
15457 0.018946
15458 0.018930
15459 0.018993
15460 0.019474
15461 0.019557
15462 0.016752
15463 0.016364
15464 0.015929
15465 0.015878
15466 0.016125
15467 0.016440
15468 0.016773
15469 0.017691
15470 0.018129
15471 0.017535
15472 0.016912
15473 0.016474
15474 0.016500
15475 0.016934
15481 0.018213
15482 0.019178
15483 0.019887
15484 0.020423
15485 0.021128
15486 0.022151
15487 0.021995
15488 0.021500
15489 0.020879
15491 0.020052
15510 0.019958
15511 0.019702
15512 0.019560
15514 0.019427
15551 0.022898
15562 0.023762
15565 0.024653
15566 0.025153
15567 0.024886
15579 0.026091
15585 0.029838
15586 0.031090
15587 0.032819
15739 0.033250
15787 0.033289
15788 0.032242
15789 0.032029
15790 0.031583
15797 0.030520
15798 0.030091
15799 0.028941
15872 0.028233
15873 0.028052
15971 0.028721
15972 0.028988
15973 0.028588
15974 0.028492
15976 0.030081
15977 0.031371
15978 0.028838
15979 0.027514
15981 0.026131
15982 0.025258
15983 0.024789
15984 0.022961
16020 0.019893
16021 0.018454
16022 0.016545
16023 0.015334
16039 0.014990
16040 0.015080
16041 0.014437
16042 0.014386
16081 0.016808
16082 0.017270
16084 0.017824
16087 0.017888
16088 0.017939
16089 0.017217
16162 0.017103
16223 0.020179
16224 0.022186
16253 0.020942
16254 0.019669
16255 0.018380
16350 0.018384
16351 0.018509
16352 0.018519
16353 0.018540
16362 0.020241
16363 0.020267
16364 0.021574
16365 0.022454
16366 0.022403
16367 0.022369
16368 0.022753
16369 0.023286
16370 0.023547
16371 0.022080
16372 0.022233
16375 0.024500
16413 0.024896
16414 0.025201
16418 0.025903
16419 0.026151
16440 0.024139
16441 0.022954
16442 0.023148
16492 0.025036
16493 0.025085
16494 0.024985
16495 0.024816
16525 0.025286
16526 0.025640
16527 0.024233
16528 0.023582
16533 0.023339
16550 0.023474
16551 0.023623
16552 0.023625
16553 0.023138
16554 0.022437
16555 0.021753
16566 0.020874
16567 0.019796
16568 0.016781
16569 0.017991
16570 0.018940
16571 0.019097
16572 0.019343
16579 0.020363
16580 0.021441
16582 0.021259
16583 0.019610
16591 0.022345
16593 0.024858
16597 0.027266
16598 0.028299
16599 0.029010
16625 0.029225
16626 0.029375
16627 0.028684
16716 0.027758
16725 0.028883
16727 0.030098
16728 0.030729
16732 0.031834
16733 0.032640
16734 0.033362
16735 0.034237
16736 0.034459
16738 0.033106
16739 0.031704
16740 0.030809
16741 0.029838
16742 0.027596
16743 0.026186
16744 0.026741
16746 0.027119
16750 0.025437
16751 0.023814
16752 0.022403
16753 0.021136
16754 0.020271
16755 0.019945
16757 0.022504
16765 0.022142
16766 0.021976
16767 0.020678
16768 0.019305
16773 0.019180
16806 0.018940
16807 0.018848
16808 0.018265
16809 0.017454
16810 0.017459
16811 0.017157
16812 0.017249
16834 0.017684
16839 0.019093
16840 0.019940
16841 0.019730
16843 0.019134
16844 0.019871
16845 0.019640
16846 0.019904
16855 0.020344
16856 0.020480
16857 0.020598
16858 0.020651
16859 0.017797
16860 0.018018
16903 0.018745
16906 0.019231
16907 0.019956
16908 0.019407
16928 0.020130
16929 0.020388
16931 0.021013
16932 0.021735
16933 0.022218
16962 0.022457
16984 0.025398
16986 0.026663
17020 0.026535
17021 0.026461
17022 0.026604
17024 0.027192
17027 0.027190
17030 0.028229
17031 0.028500
17127 0.027614
17128 0.027479
17130 0.027166
17131 0.027365
17132 0.028014
17135 0.028056
17136 0.027480
17137 0.027489
17148 0.029075
17149 0.030314
17152 0.031480
17153 0.031922
17156 0.033595
17157 0.033881
17158 0.033669
17159 0.033667
17160 0.030996
17161 0.029550
17162 0.029188
17168 0.030730
17169 0.031732
17170 0.031961
17173 0.031729
17174 0.030545
17175 0.029446
17176 0.029135
17178 0.029475
17179 0.029397
17180 0.029157
17181 0.028812
17182 0.029851
17183 0.031249
17186 0.031758
17187 0.030043
17190 0.029068
17191 0.026702
17211 0.027384
17212 0.026329
17213 0.026314
17215 0.026586
17237 0.028169
17238 0.028758
17239 0.029011
17240 0.028619
17241 0.026742
17242 0.025511
17343 0.024712
17345 0.023364
17346 0.022552
17347 0.022828
17348 0.022990
17349 0.023057
17351 0.023086
17352 0.023167
17361 0.024023
17362 0.024398
17371 0.024177
17372 0.025382
17374 0.026523
17398 0.026314
17399 0.026009
17414 0.026585
17420 0.027101
17430 0.028487
17472 0.028248
17519 0.027647
17704 0.029853
17706 0.031489
17707 0.032519
17709 0.032466
17833 0.033892
18048 0.033702
18049 0.034144
18265 0.034456
18273 0.036686
18274 0.037738
18275 0.038355
18277 0.039281
18278 0.040042
18279 0.039486
18280 0.038620
18281 0.037783
18304 0.036062
18305 0.034592
18306 0.034780
18307 0.034799
18313 0.032866
18314 0.031311
18316 0.030110
18317 0.030753
18318 0.029860
18392 0.028688
18393 0.027559
18395 0.026728
18396 0.026715
18397 0.025175
18398 0.025075
18400 0.024986
18401 0.024914
18402 0.022239
18434 0.023484
18438 0.024844
18440 0.026162
18441 0.026343
18443 0.026663
18444 0.027158
18445 0.029144
18449 0.029282
18450 0.029984
18452 0.029929
18453 0.030213
18455 0.029852
18456 0.030280
18457 0.030038
18458 0.030025
18509 0.032405
18692 0.032731
18693 0.033375
18694 0.034512
18695 0.035786
18731 0.037128
18732 0.037998
18733 0.038653
18734 0.038911
18735 0.039206
18736 0.036827
18740 0.035735
18749 0.033613
18750 0.032436
18751 0.031325
18752 0.030147
18758 0.028037
18759 0.027703
18760 0.026934
18761 0.026461
18762 0.026225
18763 0.025914
18764 0.025115
18766 0.024257
18768 0.024857
18769 0.022160
18771 0.019913
18772 0.018184
18773 0.016357
18774 0.014728
18776 0.013491
18777 0.012573
18778 0.012521
18779 0.012855
18794 0.013204
18795 0.013450
18796 0.013523
18798 0.014485
18824 0.016272
18828 0.017238
18872 0.020111
18885 0.022152
19100 0.023308
19117 0.024553
19411 0.025987
19582 0.026803
19829 0.028020
19952 0.029380
20079 0.029682
20379 0.030000
20380 0.031310
20389 0.032386
20400 0.033746
20401 0.034731
20402 0.035342
20403 0.035451
20404 0.035683
20405 0.034936
20406 0.035238
20407 0.035152
20408 0.035001
20409 0.033462
20419 0.032271
20420 0.030351
20421 0.029364
20439 0.027045
20441 0.025238
20442 0.024173
20443 0.022906
20476 0.023334
20477 0.022929
20479 0.022625
20481 0.021710
20483 0.021911
20491 0.020034
20493 0.018531
20494 0.017427
20495 0.016024
20508 0.016336
20538 0.018461
20563 0.018705
20609 0.018192
20610 0.018099
20611 0.017087
20612 0.016567
20613 0.016242
20661 0.016461
20662 0.016767
20664 0.016964
20665 0.017119
20688 0.017595
20690 0.017644
20707 0.017915
20708 0.018423
20709 0.017029
20710 0.016784
20731 0.017577
20732 0.017947
20733 0.017778
20734 0.017930
20744 0.019050
20745 0.020300
20868 0.026196
20869 0.029053
20982 0.028909
21086 0.032149
21426 0.033571
21461 0.033436
21580 0.034227
21796 0.035985
21972 0.037804
22054 0.039756
22069 0.040146
22285 0.040776
22413 0.041138
22447 0.040334
22448 0.040136
22466 0.040258
22468 0.039840
22497 0.040780
22498 0.041223
22499 0.040163
22500 0.040274
22501 0.041038
22505 0.041008
22506 0.040139
22507 0.039658
22508 0.034048
22521 0.030794
22522 0.028498
22523 0.024686
22524 0.023461
22525 0.023778
22526 0.023025
22527 0.021255
22528 0.019470
22529 0.017419
22532 0.016840
22549 0.016277
22550 0.015936
22551 0.015762
22552 0.015363
22553 0.015430
22554 0.015776
22555 0.014734
22556 0.014093
22558 0.013472
22559 0.012626
22560 0.011434
22561 0.011249
22567 0.010924
22568 0.010157
22569 0.009960
22570 0.009114
22571 0.008787
22573 0.009256
22574 0.009844
22575 0.009941
22591 0.010376
22592 0.010933
22594 0.012035
22595 0.012667
22596 0.013168
22661 0.013746
22909 0.014453
22911 0.014486
22912 0.014579
22913 0.014082
22914 0.014023
22915 0.013815
22916 0.014144
22989 0.016174
22990 0.017112
22991 0.017882
22992 0.018414
22993 0.019110
22994 0.019511
22995 0.019792
22996 0.019946
22998 0.020058
22999 0.019528
23000 0.018868
23001 0.021461
23035 0.022115
23054 0.022008
23055 0.021262
23058 0.020376
23059 0.019797
23060 0.019029
23061 0.018241
23062 0.018318
23063 0.018374
23064 0.018072
23069 0.019241
23070 0.020186
23071 0.020495
23074 0.018978
23075 0.018256
23370 0.018321
23371 0.017723
23372 0.017052
23373 0.016668
23374 0.016271
23403 0.016727
23404 0.017309
23444 0.018464
23445 0.018817
23446 0.016125
23447 0.015065
23482 0.016037
23483 0.016143
23484 0.016248
23485 0.016583
23494 0.018863
23495 0.019321
23496 0.019461
23500 0.020088
23555 0.020487
23556 0.018950
23557 0.018580
23558 0.017864
23559 0.018291
23560 0.018980
23570 0.018185
23571 0.018676
23572 0.018896
23573 0.019788
23574 0.020639
23587 0.020594
23588 0.020236
23589 0.019739
23590 0.019917
23591 0.020125
23592 0.020882
23593 0.019938
23615 0.020970
23616 0.021305
23617 0.021359
23618 0.019374
23632 0.019871
23633 0.019679
23634 0.018979
23635 0.018694
23636 0.018921
23637 0.018658
23638 0.019021
23639 0.019077
23640 0.018794
23769 0.019876
23836 0.022118
23841 0.024169
23843 0.024779
23854 0.025396
24046 0.026266
24048 0.027227
24049 0.027464
24050 0.027665
24086 0.027890
24087 0.027561
24088 0.027395
24137 0.025805
24139 0.025714
24140 0.025613
24141 0.025637
24142 0.025005
24145 0.025362
24146 0.025433
24153 0.025699
24154 0.025883
24155 0.025633
24158 0.027975
24159 0.029053
24162 0.029485
24165 0.028728
24166 0.027173
24168 0.025805
24169 0.024760
24170 0.023794
24174 0.023094
24198 0.022830
24232 0.023252
24233 0.023425
24234 0.023460
24235 0.023373
24241 0.024363
24275 0.025569
24276 0.025894
24278 0.026049
24279 0.025850
24281 0.026587
24282 0.026319
24283 0.026324
24284 0.026005
24293 0.025731
24304 0.026309
24305 0.023846
24306 0.022396
24307 0.021567
24308 0.021689
24310 0.021015
24311 0.020457
24312 0.020280
24313 0.020684
24314 0.020868
24315 0.020909
24316 0.020212
24317 0.020261
24318 0.019925
24319 0.019660
24329 0.018688
24331 0.017773
24341 0.017310
24342 0.017463
24343 0.017717
24348 0.017149
24349 0.017316
24350 0.017508
24352 0.017510
24353 0.017354
24381 0.017429
24382 0.017550
24383 0.016994
24395 0.016757
24396 0.017148
24397 0.017636
24398 0.018194
24400 0.018386
24401 0.017615
24402 0.016856
24404 0.015943
24405 0.015326
24406 0.014410
24413 0.014850
24415 0.015075
24417 0.014852
24418 0.015461
24420 0.015665
24421 0.015855
24422 0.015777
24424 0.015593
24425 0.015257
24426 0.014852
24427 0.014770
24428 0.014667
24439 0.014487
24440 0.015071
24441 0.015178
24442 0.015803
24453 0.015791
24454 0.015318
24455 0.014881
24456 0.014526
24457 0.014540
24539 0.015868
24542 0.015876
24562 0.016446
24600 0.017938
24601 0.018645
24602 0.018970
24615 0.018982
24616 0.018389
24629 0.018815
24630 0.018307
24634 0.018393
24635 0.018365
24638 0.018497
24652 0.018455
24653 0.018383
24654 0.018863
24655 0.018332
24656 0.017378
24663 0.017998
24664 0.017713
24665 0.017396
24666 0.017062
24667 0.017284
24669 0.017696
24670 0.017906
24683 0.016700
24684 0.016670
24712 0.016703
24713 0.015449
24714 0.014161
24736 0.013704
24737 0.013685
24739 0.013422
24741 0.012418
24747 0.012992
24749 0.013453
24750 0.013706
24791 0.014058
24792 0.014616
24793 0.014894
24804 0.014678
24805 0.014645
24807 0.014882
24808 0.014101
24809 0.013700
24810 0.013450
24811 0.013649
24812 0.013099
24813 0.012588
24814 0.012294
24841 0.013774
24842 0.015029
24848 0.015917
24851 0.016733
24881 0.016818
24882 0.016788
24883 0.016709
24973 0.016895
24974 0.016994
24975 0.016132
24982 0.015758
24983 0.015589
24984 0.015279
