258 0.055464
260 0.043315
261 0.046059
262 0.043137
263 0.044400
265 0.042468
266 0.041662
269 0.038403
270 0.037935
271 0.036987
272 0.036200
273 0.032924
274 0.033318
275 0.033246
276 0.034737
277 0.034142
279 0.034300
280 0.034347
281 0.035963
282 0.036334
294 0.036471
296 0.035612
299 0.034790
300 0.032003
312 0.031081
328 0.031471
899 0.031124
946 0.027978
961 0.027323
965 0.026520
1000 0.027538
1096 0.025611
1554 0.025939
1638 0.027491
1647 0.026833
1662 0.027444
1753 0.028194
1754 0.028119
1755 0.028323
1756 0.028731
1757 0.028392
1759 0.030600
1760 0.029979
1761 0.028706
1764 0.028602
1766 0.029465
1768 0.031566
1769 0.031716
1770 0.036605
1771 0.039342
1772 0.037776
1793 0.036210
1794 0.037255
1795 0.037632
1842 0.039358
1945 0.040585
2116 0.042470
2772 0.041606
2775 0.040032
3036 0.040382
3207 0.040771
3557 0.042218
3562 0.042952
4347 0.042462
4516 0.043323
4554 0.044540
5209 0.042490
5210 0.042146
6214 0.042963
6642 0.042107
6721 0.040997
6730 0.039190
6731 0.038201
6747 0.033401
6748 0.031437
6749 0.035622
6750 0.036348
6751 0.035882
6775 0.035387
6776 0.034021
6780 0.031781
6781 0.030332
6782 0.030912
6783 0.032054
6784 0.032666
6785 0.034431
6797 0.032477
6798 0.031568
6799 0.031308
6800 0.029897
6802 0.030466
6803 0.031350
6804 0.035001
6805 0.038404
6806 0.044230
6807 0.044216
6808 0.046964
6825 0.048708
6827 0.050883
6828 0.050182
6829 0.050663
6831 0.050113
6832 0.050805
6833 0.050733
6834 0.051758
6859 0.053185
6861 0.052749
6862 0.053260
6863 0.055013
6864 0.053653
6865 0.051127
6866 0.053012
6873 0.053943
6874 0.053952
6875 0.053263
6876 0.054079
6889 0.053864
6890 0.050026
6891 0.044929
6895 0.038819
6896 0.041478
6897 0.039257
6898 0.037653
6956 0.035589
6957 0.037838
6965 0.033293
7015 0.034124
7038 0.032437
7092 0.032854
7522 0.032040
7537 0.031077
7538 0.031534
7605 0.030703
7666 0.031181
7746 0.031504
7800 0.033528
7801 0.031429
7883 0.030923
7900 0.031433
7990 0.031217
7994 0.029609
7995 0.028566
7996 0.028934
8028 0.029624
8029 0.029399
8030 0.029957
8031 0.034694
8032 0.035250
8035 0.040391
8037 0.038264
8038 0.041675
8039 0.047980
8040 0.048689
8041 0.054108
8066 0.053865
8067 0.055814
8068 0.055074
8069 0.055875
8074 0.052628
8075 0.052132
8076 0.051478
8077 0.051325
8078 0.051195
8079 0.051633
8080 0.053803
8081 0.055118
8082 0.057032
8092 0.056369
8094 0.055961
8097 0.055156
8098 0.052978
8099 0.048245
8106 0.048239
8118 0.044189
8120 0.044081
8121 0.040239
8122 0.037243
8124 0.037276
8125 0.037779
8127 0.037360
8130 0.034963
8131 0.037631
8132 0.037772
8133 0.041968
8135 0.048090
8136 0.047303
8137 0.051100
8172 0.050869
8173 0.049818
8174 0.047998
8175 0.047030
8176 0.048741
8177 0.052304
8186 0.053410
8187 0.054255
8258 0.056748
8265 0.056606
8307 0.056299
8308 0.055222
8309 0.055249
8310 0.056638
8311 0.053984
8312 0.053631
8313 0.054664
8314 0.055213
8315 0.057082
8317 0.054332
8318 0.058063
8321 0.053891
8339 0.050582
8347 0.052175
8349 0.047794
8366 0.047748
8367 0.047965
8370 0.047683
8372 0.046315
8373 0.043317
8375 0.041101
8377 0.039648
8382 0.039616
8383 0.035850
8384 0.035621
8385 0.037023
8386 0.036962
8387 0.037991
8388 0.038591
8393 0.037690
8395 0.037093
8396 0.031250
8397 0.032917
8398 0.031106
8399 0.033000
8400 0.033835
8414 0.034792
8415 0.032664
8436 0.030275
8437 0.033673
8444 0.033286
8496 0.034465
8497 0.034394
8498 0.035266
8499 0.039205
8500 0.038281
8504 0.040978
8505 0.046687
8506 0.048036
8512 0.049139
8513 0.048785
8515 0.049361
8516 0.048449
8519 0.050015
8521 0.050331
8522 0.050085
8536 0.049284
8537 0.047569
8538 0.047719
8539 0.047726
8540 0.042653
8541 0.041556
8542 0.041547
8544 0.042161
8608 0.040674
8678 0.041741
8680 0.042880
8681 0.042632
8682 0.042048
8683 0.039971
8696 0.039997
8697 0.037074
8699 0.032516
8843 0.031356
8847 0.029687
8848 0.030344
8849 0.029508
8850 0.030628
8852 0.027103
8853 0.028352
8854 0.029368
8856 0.030661
8857 0.030221
8874 0.030476
8876 0.031600
8878 0.032007
8879 0.032805
8928 0.031094
8929 0.031595
8930 0.030713
9039 0.031705
9184 0.030016
9185 0.033956
9186 0.034456
9187 0.035902
9189 0.039922
9190 0.044588
9191 0.046676
9192 0.048542
9201 0.053309
9202 0.051204
9203 0.052627
9204 0.051688
9205 0.056487
9207 0.058132
9208 0.060402
9209 0.064126
9210 0.065432
9225 0.067816
9244 0.065615
9250 0.066021
9254 0.068550
9261 0.071352
9262 0.070996
9263 0.072033
9264 0.070326
9265 0.071265
9267 0.067885
9278 0.068714
9279 0.065734
9281 0.062123
9283 0.057479
9288 0.054411
9289 0.053533
9292 0.050289
9294 0.051791
9295 0.052395
9310 0.052100
9331 0.047361
9333 0.045479
9334 0.042278
9335 0.038008
9336 0.037382
9348 0.035384
9349 0.035861
9350 0.034819
9351 0.032414
9357 0.030333
9358 0.029424
9359 0.027997
9360 0.030116
9361 0.029098
9362 0.028814
9373 0.027752
9374 0.027713
9375 0.028919
9393 0.031275
9394 0.031374
9398 0.030337
9401 0.029930
9402 0.029502
9404 0.028419
9405 0.030903
9425 0.031811
9426 0.030006
9427 0.030798
9429 0.030834
9432 0.031946
9433 0.034326
9452 0.032977
9453 0.032819
9454 0.034692
9457 0.037562
9458 0.038150
9459 0.038711
9470 0.036398
9561 0.036004
9565 0.035536
9566 0.035144
9577 0.034989
9578 0.034729
9579 0.033305
9580 0.033663
9581 0.033905
9584 0.033717
9590 0.033131
9591 0.033032
9616 0.030609
9617 0.029859
9648 0.030615
9649 0.031202
9686 0.030102
9695 0.028614
9711 0.025436
9739 0.025456
9762 0.025527
9764 0.023224
9778 0.019706
9779 0.019515
9780 0.018222
9792 0.018948
9794 0.018291
9795 0.017895
9796 0.018346
9799 0.017368
9800 0.015702
9801 0.014737
9804 0.013804
9805 0.014050
9808 0.013498
9809 0.013438
9810 0.013078
9815 0.013017
9818 0.014041
9819 0.013843
9823 0.012448
9824 0.012830
9829 0.012289
9837 0.012309
9869 0.012583
9870 0.012329
9871 0.011942
9898 0.012808
9927 0.013035
9968 0.013498
10046 0.013162
10047 0.013673
10055 0.013662
10102 0.013195
10138 0.013806
10142 0.013976
10144 0.014983
10147 0.014512
10148 0.013950
10151 0.013530
10152 0.013137
10155 0.012883
10156 0.013035
10157 0.012349
10158 0.011553
10160 0.011755
10163 0.012472
10164 0.013945
10165 0.014245
10168 0.014385
10169 0.014281
10171 0.015307
10173 0.015197
10176 0.015973
10177 0.015604
10180 0.016249
10181 0.015850
10201 0.015949
10202 0.016005
10203 0.016258
10205 0.017704
10206 0.017689
10212 0.017761
10215 0.018993
10217 0.019123
10253 0.020030
10291 0.019931
10448 0.020727
10449 0.020821
10450 0.020793
10452 0.021617
10453 0.020295
10466 0.018987
10470 0.019245
10483 0.020468
10484 0.020543
10485 0.022737
10488 0.022526
10489 0.023258
10511 0.023443
10512 0.024021
10513 0.026750
10514 0.028854
10516 0.028809
10517 0.030407
10518 0.029521
10519 0.029037
10520 0.029772
10523 0.031629
10559 0.032000
10560 0.031158
10561 0.030908
10584 0.029974
10965 0.031121
11410 0.033149
11618 0.031744
11688 0.032185
11797 0.032318
11844 0.031846
12202 0.032312
12376 0.033735
12427 0.032417
12441 0.031818
12521 0.033386
12570 0.037800
12612 0.038519
12613 0.037870
12616 0.037101
12617 0.039929
12618 0.039694
12619 0.040318
12620 0.039907
12621 0.038817
12622 0.035931
12628 0.036406
12629 0.038279
12630 0.038322
12631 0.039056
12632 0.039037
12648 0.037128
12650 0.039273
12667 0.039054
12668 0.039394
12669 0.040055
12670 0.039432
12710 0.038506
12722 0.038734
12723 0.039241
12731 0.035932
12732 0.031090
12741 0.029599
12766 0.027811
12769 0.028352
12770 0.027476
12771 0.025947
12772 0.027505
12773 0.029407
12774 0.030349
12775 0.032219
12779 0.031905
12780 0.030845
12791 0.032133
12792 0.033455
12793 0.032114
12794 0.033445
12795 0.032259
12798 0.031793
12799 0.031221
12800 0.030540
12801 0.032189
12804 0.032479
12805 0.032220
12806 0.033273
12807 0.033498
12809 0.034618
12811 0.035371
12812 0.035055
12877 0.033899
12879 0.032283
12880 0.032748
12881 0.032966
12882 0.032335
12892 0.032530
13031 0.031061
13032 0.031933
13065 0.031177
13068 0.029758
13070 0.027679
13074 0.028364
13083 0.027437
13111 0.027020
13119 0.029702
13137 0.030308
13151 0.030729
13172 0.028027
13174 0.026989
13410 0.025967
13518 0.024976
13582 0.026347
13655 0.025374
13698 0.023761
13699 0.025222
13700 0.024818
13705 0.024747
13721 0.024005
13722 0.020962
13723 0.020706
13724 0.019642
13726 0.019740
13727 0.020429
13758 0.021142
13759 0.022623
13760 0.022550
13768 0.022166
13769 0.023836
13799 0.023887
13800 0.022376
13802 0.022003
13803 0.025795
13804 0.027324
13811 0.027646
13812 0.029091
13819 0.029361
13824 0.028594
13825 0.030008
13826 0.030816
13829 0.029376
13830 0.029439
13831 0.031104
13832 0.033251
13836 0.033296
13839 0.033394
13842 0.033611
13843 0.033551
13853 0.032336
13855 0.031949
13859 0.030616
13861 0.031399
13862 0.030989
13863 0.029052
13864 0.028933
13865 0.028000
13866 0.027858
13867 0.024245
13870 0.022825
13872 0.023168
13874 0.021582
13875 0.023715
13876 0.025275
13882 0.023794
13883 0.022829
13884 0.023549
13886 0.024300
13894 0.023848
13908 0.021448
13923 0.022858
13924 0.022698
13925 0.023026
13926 0.024260
13927 0.023344
13944 0.023256
13957 0.024702
13958 0.023824
13963 0.024705
13964 0.024757
13965 0.025249
13983 0.025500
14008 0.025626
14009 0.026641
14013 0.027822
14014 0.028745
14019 0.029043
14025 0.026209
14028 0.026277
14029 0.026789
14030 0.027381
14031 0.029251
14032 0.028326
14039 0.029465
14041 0.029857
14042 0.028759
14061 0.028747
14063 0.028253
14064 0.030039
14066 0.031121
14067 0.032016
14068 0.030758
14072 0.033972
14073 0.032873
14074 0.034221
14082 0.033424
14083 0.033698
14084 0.034034
14085 0.032305
14086 0.032631
14087 0.032794
14114 0.032220
14115 0.033265
14116 0.031661
14132 0.032175
14135 0.034372
14144 0.031743
14148 0.032511
14155 0.031222
14160 0.032613
14161 0.032005
14163 0.031694
14164 0.033438
14171 0.029802
14211 0.029124
14212 0.029852
14213 0.031590
14218 0.030394
14219 0.030194
14231 0.029899
14234 0.030396
14290 0.029559
14291 0.029047
14292 0.030453
14293 0.028688
14294 0.031114
14296 0.034355
14297 0.036069
14298 0.040527
14299 0.049922
14300 0.060535
14301 0.061284
14302 0.063223
14349 0.063528
14350 0.063346
14362 0.066418
14365 0.066164
14366 0.064327
14367 0.065579
14376 0.065444
14377 0.065518
14412 0.063852
14429 0.062088
14434 0.062301
14452 0.061072
14527 0.060756
14528 0.060575
14529 0.060172
14530 0.060008
14533 0.059609
14534 0.056071
14536 0.052458
14538 0.049505
14539 0.043880
14542 0.034482
14543 0.023354
14544 0.023992
14551 0.022104
14552 0.022916
14554 0.021555
14555 0.020327
14558 0.022022
14641 0.023535
14642 0.024237
14643 0.024941
14646 0.025344
14648 0.025739
14664 0.026972
14665 0.027169
14696 0.029451
14697 0.030188
14698 0.031745
14702 0.032883
14744 0.033114
14746 0.034783
14760 0.034259
14841 0.035411
14842 0.036366
14843 0.037828
14844 0.037180
14845 0.036895
14846 0.035920
14847 0.035928
14851 0.033718
14853 0.033261
14854 0.032327
14855 0.031714
14856 0.030944
14859 0.029899
14918 0.029474
14919 0.027255
14920 0.026872
14921 0.025721
14922 0.027025
14923 0.026751
14924 0.026754
14926 0.025552
14927 0.025248
14936 0.024302
14962 0.023011
14963 0.023886
14964 0.023314
14965 0.025337
14968 0.023780
14969 0.023537
14971 0.023176
14972 0.024184
14973 0.023070
14974 0.025517
14990 0.025936
14991 0.026024
14994 0.024554
14995 0.023837
14996 0.024167
14997 0.025074
14998 0.025304
15036 0.025566
15040 0.025764
15257 0.024596
15258 0.024695
15259 0.025733
15260 0.027509
15263 0.027589
15264 0.027494
15265 0.029045
15308 0.029519
15309 0.036268
15334 0.034043
15342 0.034746
15364 0.036118
15365 0.037979
15366 0.036951
15367 0.040854
15368 0.038723
15369 0.040056
15370 0.040291
15371 0.042698
15372 0.048982
15373 0.050183
15389 0.048513
15390 0.049556
15392 0.050248
15417 0.049988
15434 0.049618
15435 0.048362
15436 0.047985
15437 0.049324
15438 0.052038
15441 0.062726
15442 0.063233
15443 0.068782
15444 0.062764
15445 0.062130
15446 0.062892
15447 0.062124
15449 0.059666
15450 0.059380
15451 0.056235
15452 0.056368
15453 0.055163
15455 0.054228
15456 0.053432
15457 0.047543
15458 0.045445
15459 0.048989
15460 0.052870
15461 0.052752
15462 0.057736
15463 0.060238
15464 0.062385
15465 0.061176
15466 0.057804
15467 0.054879
15468 0.044449
15469 0.043702
15470 0.037557
15471 0.038798
15472 0.039295
15473 0.039773
15474 0.039242
15475 0.041399
15481 0.041438
15482 0.040767
15483 0.041434
15484 0.042232
15485 0.045665
15486 0.048772
15487 0.051098
15488 0.051393
15489 0.049466
15491 0.044292
15510 0.045796
15511 0.045582
15512 0.044600
15514 0.042952
15551 0.042751
15562 0.042771
15565 0.041959
15566 0.042771
15567 0.041269
15579 0.041971
15585 0.042645
15586 0.042492
15587 0.046515
15739 0.046757
15787 0.045023
15788 0.045931
15789 0.047429
15790 0.047118
15797 0.048898
15798 0.050017
15799 0.045380
15872 0.043279
15873 0.044269
15971 0.044655
15972 0.044460
15973 0.043228
15974 0.041402
15976 0.039887
15977 0.044412
15978 0.047021
15979 0.047997
15981 0.049175
15982 0.050221
15983 0.050843
15984 0.051157
16020 0.048909
16021 0.049336
16022 0.044084
16023 0.044296
16039 0.043609
16040 0.043765
16041 0.042471
16042 0.043346
16081 0.040865
16082 0.037262
16084 0.038863
16087 0.041338
16088 0.041848
16089 0.041065
16162 0.042866
16223 0.043007
16224 0.041783
16253 0.041644
16254 0.037653
16255 0.034721
16350 0.035083
16351 0.035231
16352 0.033642
16353 0.034291
16362 0.032618
16363 0.034067
16364 0.036238
16365 0.037903
16366 0.039487
16367 0.038914
16368 0.038948
16369 0.039692
16370 0.038894
16371 0.039196
16372 0.047719
16375 0.049470
16413 0.046927
16414 0.044742
16418 0.043607
16419 0.041827
16440 0.041141
16441 0.040085
16442 0.043249
16492 0.043047
16493 0.043169
16494 0.041767
16495 0.040443
16525 0.041628
16526 0.041544
16527 0.043077
16528 0.042576
16533 0.040638
16550 0.039084
16551 0.038229
16552 0.040432
16553 0.039356
16554 0.040033
16555 0.039033
16566 0.038816
16567 0.030076
16568 0.027825
16569 0.028573
16570 0.029765
16571 0.031536
16572 0.032202
16579 0.032735
16580 0.035073
16582 0.033628
16583 0.032125
16591 0.032046
16593 0.032023
16597 0.033922
16598 0.033593
16599 0.038189
16625 0.037933
16626 0.035882
16627 0.038620
16716 0.038346
16725 0.039682
16727 0.037728
16728 0.043569
16732 0.042953
16733 0.042851
16734 0.042882
16735 0.042663
16736 0.041693
16738 0.040366
16739 0.041144
16740 0.041975
16741 0.042920
16742 0.044667
16743 0.043355
16744 0.042162
16746 0.042858
16750 0.043382
16751 0.043529
16752 0.042183
16753 0.040646
16754 0.035682
16755 0.036056
16757 0.038463
16765 0.035168
16766 0.035184
16767 0.033795
16768 0.033761
16773 0.028123
16806 0.027256
16807 0.028619
16808 0.029058
16809 0.029542
16810 0.031960
16811 0.036405
16812 0.034768
16834 0.032698
16839 0.031498
16840 0.031577
16841 0.030588
16843 0.030727
16844 0.030404
16845 0.031467
16846 0.032880
16855 0.032737
16856 0.032604
16857 0.031756
16858 0.030774
16859 0.029660
16860 0.031007
16903 0.031358
16906 0.030724
16907 0.030653
16908 0.030484
16928 0.030724
16929 0.032212
16931 0.031310
16932 0.031933
16933 0.031895
16962 0.029367
16984 0.030646
16986 0.030607
17020 0.030535
17021 0.028545
17022 0.028111
17024 0.028688
17027 0.031184
17030 0.030503
17031 0.029586
17127 0.029986
17128 0.030623
17130 0.030858
17131 0.030410
17132 0.031401
17135 0.029953
17136 0.029845
17137 0.029425
17148 0.029215
17149 0.030078
17152 0.029819
17153 0.027083
17156 0.026810
17157 0.025066
17158 0.024625
17159 0.024173
17160 0.023784
17161 0.024048
17162 0.024580
17168 0.025253
17169 0.025510
17170 0.029311
17173 0.028787
17174 0.028537
17175 0.029181
17176 0.028731
17178 0.030415
17179 0.030168
17180 0.031151
17181 0.031202
17182 0.034620
17183 0.034351
17186 0.034351
17187 0.035860
17190 0.035169
17191 0.035002
17211 0.034986
17212 0.035424
17213 0.036372
17215 0.034820
17237 0.033253
17238 0.032215
17239 0.035471
17240 0.034520
17241 0.034321
17242 0.035436
17343 0.030394
17345 0.027850
17346 0.028184
17347 0.027695
17348 0.028338
17349 0.027733
17351 0.027949
17352 0.028871
17361 0.027342
17362 0.023922
17371 0.024560
17372 0.024209
17374 0.024231
17398 0.024582
17399 0.025331
17414 0.027114
17420 0.028506
17430 0.028240
17472 0.027600
17519 0.027739
17704 0.028145
17706 0.024865
17707 0.025262
17709 0.024813
17833 0.024377
18048 0.024563
18049 0.024550
18265 0.023573
18273 0.022892
18274 0.022982
18275 0.024228
18277 0.025815
18278 0.030848
18279 0.030844
18280 0.037437
18281 0.039520
18304 0.040253
18305 0.041613
18306 0.044047
18307 0.045886
18313 0.045431
18314 0.047584
18316 0.047045
18317 0.050694
18318 0.052287
18392 0.051951
18393 0.051707
18395 0.052859
18396 0.051862
18397 0.051231
18398 0.054076
18400 0.055960
18401 0.057767
18402 0.057512
18434 0.057721
18438 0.055196
18440 0.054180
18441 0.047174
18443 0.046726
18444 0.041716
18445 0.039475
18449 0.038785
18450 0.037798
18452 0.038900
18453 0.037135
18455 0.039603
18456 0.039935
18457 0.042052
18458 0.048057
18509 0.051792
18692 0.053004
18693 0.058967
18694 0.069662
18695 0.070572
18731 0.072909
18732 0.070034
18733 0.069045
18734 0.067547
18735 0.068591
18736 0.070614
18740 0.071004
18749 0.070859
18750 0.071073
18751 0.071645
18752 0.071741
18758 0.071507
18759 0.071455
18760 0.072524
18761 0.071700
18762 0.070804
18763 0.069084
18764 0.065298
18766 0.063336
18768 0.056406
18769 0.051021
18771 0.052887
18772 0.048149
18773 0.035930
18774 0.035780
18776 0.033081
18777 0.037838
18778 0.037738
18779 0.037235
18794 0.036709
18795 0.034260
18796 0.033943
18798 0.033195
18824 0.035788
18828 0.034948
18872 0.033514
18885 0.034785
19100 0.036312
19117 0.033479
19411 0.030391
19582 0.030996
19829 0.028696
19952 0.028209
20079 0.027769
20379 0.025331
20380 0.025183
20389 0.024126
20400 0.022536
20401 0.022731
20402 0.021646
20403 0.021351
20404 0.018205
20405 0.018654
20406 0.019134
20407 0.019069
20408 0.018739
20409 0.021872
20419 0.022404
20420 0.019181
20421 0.019607
20439 0.019835
20441 0.020278
20442 0.020544
20443 0.022062
20476 0.022023
20477 0.022875
20479 0.022868
20481 0.023077
20483 0.023793
20491 0.024391
20493 0.026542
20494 0.028405
20495 0.031286
20508 0.031991
20538 0.035919
20563 0.040214
20609 0.039834
20610 0.039394
20611 0.044868
20612 0.046472
20613 0.047651
20661 0.047387
20662 0.049784
20664 0.051861
20665 0.052968
20688 0.053579
20690 0.051422
20707 0.050016
20708 0.048731
20709 0.049122
20710 0.048482
20731 0.049006
20732 0.049118
20733 0.048480
20734 0.048129
20744 0.046189
20745 0.044403
20868 0.042296
20869 0.043346
20982 0.042595
21086 0.042454
21426 0.041832
21461 0.042847
21580 0.038738
21796 0.038970
21972 0.040314
22054 0.040334
22069 0.038096
22285 0.036070
22413 0.035238
22447 0.036072
22448 0.036877
22466 0.038402
22468 0.038043
22497 0.038001
22498 0.038507
22499 0.040886
22500 0.043126
22501 0.043135
22505 0.044359
22506 0.046660
22507 0.044510
22508 0.045127
22521 0.045990
22522 0.046152
22523 0.045037
22524 0.045777
22525 0.043937
22526 0.043230
22527 0.042537
22528 0.041666
22529 0.039763
22532 0.040460
22549 0.042540
22550 0.041827
22551 0.039615
22552 0.040753
22553 0.039584
22554 0.042066
22555 0.043126
22556 0.042240
22558 0.039989
22559 0.038283
22560 0.039013
22561 0.038198
22567 0.037332
22568 0.037721
22569 0.037104
22570 0.035558
22571 0.033688
22573 0.031612
22574 0.030559
22575 0.031151
22591 0.032152
22592 0.031604
22594 0.030547
22595 0.028845
22596 0.028508
22661 0.028441
22909 0.030973
22911 0.032512
22912 0.036541
22913 0.040825
22914 0.040784
22915 0.042240
22916 0.043637
22989 0.043187
22990 0.045635
22991 0.048152
22992 0.048278
22993 0.046749
22994 0.049764
22995 0.053905
22996 0.055857
22998 0.055904
22999 0.057882
23000 0.059075
23001 0.060978
23035 0.059272
23054 0.059410
23055 0.060490
23058 0.063961
23059 0.063165
23060 0.062421
23061 0.060032
23062 0.059030
23063 0.053577
23064 0.050252
23069 0.048135
23070 0.044997
23071 0.044680
23074 0.044627
23075 0.042204
23370 0.040482
23371 0.040562
23372 0.041880
23373 0.039437
23374 0.036510
23403 0.034013
23404 0.035249
23444 0.033181
23445 0.032485
23446 0.032169
23447 0.032776
23482 0.031745
23483 0.030607
23484 0.027946
23485 0.029006
23494 0.029294
23495 0.030348
23496 0.032393
23500 0.036444
23555 0.035332
23556 0.039416
23557 0.040986
23558 0.039525
23559 0.042360
23560 0.043084
23570 0.042235
23571 0.042336
23572 0.041855
23573 0.041471
23574 0.040967
23587 0.040216
23588 0.038509
23589 0.037982
23590 0.037137
23591 0.037691
23592 0.036798
23593 0.039148
23615 0.038923
23616 0.039029
23617 0.038900
23618 0.038333
23632 0.037440
23633 0.036653
23634 0.033726
23635 0.033229
23636 0.029026
23637 0.027635
23638 0.029707
23639 0.027948
23640 0.033646
23769 0.034054
23836 0.033282
23841 0.034343
23843 0.036156
23854 0.035754
24046 0.036111
24048 0.035720
24049 0.040466
24050 0.042021
24086 0.039947
24087 0.041144
24088 0.040904
24137 0.043152
24139 0.049375
24140 0.051141
24141 0.052102
24142 0.053101
24145 0.051331
24146 0.052397
24153 0.053126
24154 0.053577
24155 0.056377
24158 0.055345
24159 0.054949
24162 0.048049
24165 0.048182
24166 0.048228
24168 0.047097
24169 0.046197
24170 0.045066
24174 0.045629
24198 0.045341
24232 0.041122
24233 0.040150
24234 0.040382
24235 0.039020
24241 0.037523
24275 0.035359
24276 0.029444
24278 0.028010
24279 0.027891
24281 0.027195
24282 0.030260
24283 0.029493
24284 0.032021
24293 0.031477
24304 0.028636
24305 0.028094
24306 0.027698
24307 0.029141
24308 0.027943
24310 0.030460
24311 0.030324
24312 0.031585
24313 0.032363
24314 0.031741
24315 0.031455
24316 0.032223
24317 0.033292
24318 0.033907
24319 0.036019
24329 0.035395
24331 0.034934
24341 0.035391
24342 0.035002
24343 0.034147
24348 0.033866
24349 0.031058
24350 0.029366
24352 0.026455
24353 0.028311
24381 0.029660
24382 0.029662
24383 0.030262
24395 0.028805
24396 0.028639
24397 0.026331
24398 0.027490
24400 0.025046
24401 0.024175
24402 0.024892
24404 0.024901
24405 0.024864
24406 0.023521
24413 0.022884
24415 0.021548
24417 0.022190
24418 0.022709
24420 0.021062
24421 0.020004
24422 0.019560
24424 0.019808
24425 0.021591
24426 0.022472
24427 0.024364
24428 0.022293
24439 0.021260
24440 0.020750
24441 0.020650
24442 0.020736
24453 0.021295
24454 0.021039
24455 0.019241
24456 0.018803
24457 0.020431
24539 0.020172
24542 0.020125
24562 0.018697
24600 0.019167
24601 0.020340
24602 0.020969
24615 0.021893
24616 0.021115
24629 0.021626
24630 0.021658
24634 0.021069
24635 0.021266
24638 0.019250
24652 0.019751
24653 0.019941
24654 0.020329
24655 0.020302
24656 0.022470
24663 0.021540
24664 0.021398
24665 0.021417
24666 0.021367
24667 0.021383
24669 0.023566
24670 0.024300
24683 0.024377
24684 0.027377
24712 0.028562
24713 0.028038
24714 0.026886
24736 0.025837
24737 0.026513
24739 0.026605
24741 0.026689
24747 0.026941
24749 0.027043
24750 0.026973
24791 0.028654
24792 0.027247
24793 0.025635
24804 0.025630
24805 0.026088
24807 0.026165
24808 0.026212
24809 0.027171
24810 0.026737
24811 0.027397
24812 0.028164
24813 0.031180
24814 0.029875
24841 0.029165
24842 0.026573
24848 0.025686
24851 0.025698
24881 0.025987
24882 0.026217
24883 0.023997
24973 0.025738
24974 0.028117
24975 0.028853
24982 0.030506
24983 0.030651
24984 0.030365
