154 0.106435
155 0.104215
156 0.102090
159 0.098871
160 0.092127
161 0.089721
164 0.087016
166 0.085290
167 0.080946
168 0.075601
169 0.071286
170 0.071004
171 0.072814
172 0.073875
173 0.074978
174 0.077067
175 0.078725
176 0.078403
177 0.079401
242 0.079101
243 0.078281
244 0.077805
245 0.076222
246 0.076908
340 0.078583
373 0.071571
374 0.067763
772 0.065474
1110 0.072843
1286 0.071658
1287 0.070653
1288 0.069285
1290 0.068518
1291 0.067902
1292 0.068312
1293 0.069840
1302 0.076517
1303 0.080703
1304 0.084109
1311 0.082377
1312 0.080032
1313 0.079288
1314 0.077884
1325 0.076366
1493 0.074439
1494 0.074418
1496 0.073873
1497 0.073250
1498 0.071640
1499 0.070409
1500 0.070098
1501 0.069428
1502 0.068341
1503 0.060399
1504 0.061326
1505 0.061575
1560 0.061008
1561 0.060420
1562 0.059692
1563 0.058440
1567 0.056692
1568 0.049114
1569 0.042660
1570 0.037400
1571 0.035749
1572 0.034509
1573 0.032541
1574 0.031058
1592 0.031143
1613 0.031052
1615 0.029145
1656 0.028721
1692 0.028966
1707 0.028929
1731 0.029763
1819 0.029504
1832 0.035858
1844 0.037359
1911 0.037258
1931 0.037723
1983 0.037197
2017 0.037531
2547 0.044239
2900 0.047291
3166 0.049612
3274 0.055395
3483 0.056063
3572 0.056340
3632 0.056866
3813 0.056642
3911 0.060351
3913 0.063728
4678 0.063456
4679 0.060542
4756 0.067203
4760 0.072196
4766 0.072542
4790 0.075898
4800 0.076023
4801 0.073993
4802 0.073995
4804 0.067105
4805 0.065954
4806 0.066229
4807 0.066099
4808 0.066763
4809 0.066579
4810 0.059646
4811 0.056229
4812 0.053475
4813 0.046901
4814 0.045741
4815 0.045327
4816 0.044320
4817 0.044060
4821 0.042447
4822 0.040247
4823 0.041122
4824 0.042323
4825 0.036134
4826 0.031508
4827 0.030969
4828 0.026788
4829 0.026389
4830 0.026248
4831 0.025869
4832 0.025708
4833 0.024584
4834 0.022704
4835 0.021054
4836 0.019907
4837 0.019321
4838 0.019211
4839 0.019433
4841 0.019075
4842 0.018580
4844 0.019263
4845 0.020092
4846 0.021239
4847 0.023492
4848 0.023384
4854 0.023520
4855 0.023349
4856 0.023317
4857 0.022900
4858 0.022754
4877 0.023490
4879 0.023047
4880 0.022550
4881 0.021834
4882 0.021331
4883 0.021211
4885 0.021394
4886 0.021528
4888 0.022515
4889 0.023396
4890 0.024018
4967 0.026639
4968 0.028746
4969 0.030733
4970 0.032028
4971 0.032011
4972 0.031330
4973 0.029999
4974 0.027484
4976 0.025307
4977 0.023193
4979 0.022199
5030 0.021831
5031 0.021644
5032 0.021647
5033 0.021237
5034 0.021762
5044 0.025344
5161 0.028573
5163 0.031392
5167 0.031426
5168 0.031820
5177 0.033358
5199 0.033813
5200 0.033683
5201 0.033678
5202 0.031486
5203 0.029759
5204 0.028385
5257 0.032331
5369 0.033961
5408 0.037803
5461 0.041126
5464 0.043599
5465 0.044137
5467 0.045084
5468 0.045612
5469 0.045369
5475 0.046409
5477 0.047058
5478 0.046717
5479 0.046417
5480 0.043098
5481 0.040141
5491 0.039932
5492 0.043286
5493 0.045963
5495 0.046298
5496 0.046345
5497 0.046859
5498 0.047140
5528 0.051172
5529 0.051178
5530 0.051193
5531 0.046310
5532 0.043919
5568 0.041297
5569 0.038473
5570 0.036218
5571 0.035256
5609 0.035134
5610 0.035115
5641 0.034799
5642 0.033481
5643 0.032415
5644 0.031604
5645 0.032044
5646 0.032229
5648 0.033740
5659 0.033335
5660 0.031600
5661 0.033034
5662 0.034733
5666 0.035185
5668 0.036759
5671 0.039672
5672 0.037985
5780 0.039662
5847 0.039371
6625 0.040745
6696 0.043493
7511 0.048730
8017 0.049271
8316 0.052629
8371 0.053997
8376 0.053642
8410 0.054156
8529 0.056679
8556 0.057720
8629 0.058313
8631 0.058686
8632 0.058038
8633 0.059828
8634 0.059664
8635 0.060211
8636 0.059540
8637 0.054950
8638 0.051563
8647 0.050688
8648 0.048561
8649 0.045730
8650 0.043840
8651 0.042349
8652 0.043444
8653 0.042906
8654 0.040867
8655 0.035812
8658 0.035132
8659 0.031818
8686 0.030315
8687 0.029727
8688 0.028358
8689 0.030177
8690 0.032360
8691 0.033416
8692 0.034293
8693 0.035310
8702 0.033562
8703 0.032328
8704 0.030214
8705 0.029869
8709 0.036502
8721 0.038201
8726 0.038279
8728 0.037817
8729 0.037032
8730 0.036334
8733 0.036713
8734 0.035681
8735 0.034862
8736 0.035067
8750 0.036369
8751 0.037316
8753 0.037736
8762 0.039110
8763 0.040777
8764 0.043066
8767 0.039836
8768 0.041019
8769 0.041904
8807 0.042568
8816 0.041582
8817 0.040994
8818 0.040674
8819 0.040269
8861 0.043067
8871 0.041248
8897 0.041582
8972 0.042469
8992 0.044852
8994 0.047083
8997 0.050522
8999 0.051582
9002 0.051588
9004 0.051494
9007 0.051422
9008 0.048710
9011 0.048297
9012 0.048098
9013 0.047351
9014 0.046369
9015 0.044413
9018 0.045281
9019 0.042304
9029 0.041298
9030 0.040399
9031 0.040368
9032 0.040501
9033 0.040572
9043 0.044609
9044 0.041365
9045 0.036671
9046 0.034736
9047 0.033356
9051 0.031829
9052 0.030101
9053 0.026912
9056 0.025154
9058 0.025236
9061 0.027663
9062 0.028081
9063 0.028528
9074 0.028483
9076 0.028625
9077 0.028251
9078 0.027925
9079 0.028048
9082 0.026092
9083 0.024657
9084 0.022891
9085 0.021773
9086 0.021327
9087 0.021975
9088 0.022426
9091 0.019268
9098 0.022414
9110 0.023874
9122 0.023598
9228 0.024428
9229 0.024074
9230 0.023805
9236 0.023827
9237 0.023637
9238 0.023500
9239 0.021009
9240 0.019730
9257 0.019301
9258 0.018621
9271 0.019819
9272 0.020749
9273 0.021260
9274 0.021298
9297 0.023951
9298 0.024894
9299 0.025702
9302 0.028454
9303 0.030472
9304 0.031410
9315 0.031702
9316 0.031422
9317 0.029370
9318 0.030056
9323 0.031922
9324 0.031520
9325 0.031270
9326 0.031142
9327 0.031049
9339 0.032188
9340 0.032745
9341 0.033190
9342 0.033787
9367 0.036181
9368 0.037722
9369 0.037330
9460 0.036716
9461 0.036114
9462 0.036426
9463 0.034580
9464 0.034774
9466 0.034684
9509 0.032597
9510 0.031068
9511 0.029541
9691 0.029649
9692 0.029447
9693 0.028644
9702 0.031320
9703 0.032863
9704 0.034452
9705 0.035922
9706 0.038121
9731 0.041411
9777 0.043104
9834 0.045664
9843 0.048726
10172 0.052598
10747 0.052908
10770 0.052864
10773 0.053278
10916 0.053245
11051 0.055190
11113 0.056730
11299 0.058031
11317 0.057917
11351 0.060414
11384 0.061828
11385 0.062745
11386 0.063559
11387 0.063312
11388 0.063345
11389 0.064035
11390 0.060176
11407 0.061318
11408 0.062122
11409 0.063998
11411 0.063265
11412 0.061312
11430 0.060591
11431 0.058334
11432 0.055716
11433 0.051934
11440 0.050627
11441 0.049866
11442 0.049161
11443 0.049743
11444 0.048665
11445 0.047214
11446 0.045269
11449 0.045450
11450 0.043375
11451 0.046170
11453 0.048232
11454 0.049404
11455 0.050187
11456 0.050569
11462 0.052323
11463 0.053208
11464 0.049670
11465 0.046996
11467 0.043847
11469 0.043199
11472 0.047572
11473 0.049627
11563 0.052391
11735 0.052839
11872 0.054598
12027 0.053605
12091 0.054954
12143 0.055732
12147 0.056988
12184 0.059276
12196 0.060976
12200 0.062477
12201 0.062614
12219 0.063246
12220 0.059436
12221 0.057042
12222 0.055417
12223 0.054110
12225 0.053282
12226 0.051340
12227 0.050039
12228 0.050868
12230 0.051070
12231 0.051072
12233 0.050419
12234 0.047179
12235 0.046758
12236 0.046159
12237 0.047499
12238 0.047248
12239 0.047749
12242 0.046754
12243 0.049457
12244 0.050643
12276 0.049400
12384 0.048971
12448 0.049402
12483 0.048866
12509 0.049525
12549 0.052227
12661 0.053233
12676 0.053742
12693 0.055902
12699 0.058153
12700 0.057988
12701 0.057966
12702 0.056862
12704 0.056987
12706 0.056990
12712 0.061972
12713 0.061937
12714 0.060163
12715 0.060166
12718 0.059855
12726 0.058956
12727 0.058786
12728 0.058968
12729 0.055828
12730 0.053204
12735 0.051980
12737 0.050355
12738 0.048539
12742 0.049933
12743 0.049245
12744 0.046170
12745 0.045662
12749 0.045652
12750 0.043942
12752 0.043101
12753 0.043443
12754 0.043649
12755 0.044206
12757 0.044032
12759 0.048212
12762 0.044326
12763 0.042288
12784 0.042558
12785 0.040049
12786 0.038163
12787 0.037186
12788 0.036290
12815 0.035355
12816 0.034250
12817 0.033819
12818 0.034425
12819 0.034801
12820 0.035649
12821 0.034898
12822 0.034597
12948 0.035259
12949 0.034551
12958 0.035692
12979 0.037289
12980 0.037315
12988 0.037062
12989 0.037043
12990 0.036238
12991 0.036467
12992 0.032365
12993 0.031329
13019 0.034578
13024 0.035090
13025 0.036041
13027 0.036512
13028 0.036867
13029 0.037148
13030 0.036814
13037 0.037375
13038 0.037562
13039 0.036412
13043 0.038327
13044 0.039068
13045 0.038741
13046 0.038436
13047 0.038410
13052 0.040484
13058 0.039054
13060 0.037183
13061 0.035805
13062 0.035056
13104 0.036435
13105 0.037022
13106 0.037480
13114 0.037893
13115 0.037610
13117 0.033895
13133 0.034794
13134 0.036725
13135 0.038328
13136 0.039428
13138 0.042128
13139 0.043798
13140 0.044709
13209 0.046401
13211 0.047638
13264 0.045745
13265 0.044118
13266 0.043987
13267 0.043873
13268 0.043271
13269 0.040815
13277 0.041391
13278 0.041100
13279 0.040991
13280 0.041017
13281 0.039002
13316 0.038161
13317 0.036794
13318 0.035726
13321 0.036830
13322 0.037371
13334 0.036424
13335 0.034503
13336 0.032941
13347 0.031407
13349 0.029327
13350 0.028174
13355 0.028568
13356 0.027588
13358 0.027481
13363 0.027983
13364 0.027937
13365 0.027107
13372 0.028076
13373 0.028709
13396 0.029787
13418 0.029289
13434 0.030533
13452 0.033804
13453 0.036216
13454 0.037850
13456 0.039795
13457 0.041685
13458 0.043302
13459 0.043260
13460 0.043263
13590 0.043224
13594 0.042393
13596 0.042170
13597 0.042416
13598 0.041657
13600 0.041202
13601 0.039182
13602 0.037898
13604 0.036995
13605 0.037102
13612 0.036925
13613 0.036812
13632 0.035671
13634 0.035359
13635 0.034287
13636 0.033632
13637 0.032509
13638 0.029276
13639 0.027100
13640 0.025468
13670 0.023284
13671 0.021154
13672 0.019692
13673 0.018746
13674 0.018102
13675 0.015364
13792 0.017042
13935 0.017694
13936 0.018076
13938 0.018137
13940 0.018606
13942 0.018661
13943 0.018757
14022 0.021423
14024 0.022058
14172 0.022531
14272 0.024423
14273 0.025045
14275 0.025456
14276 0.025993
14277 0.026397
15106 0.026602
15170 0.027907
15229 0.028284
15310 0.030527
15413 0.032229
15414 0.033651
15415 0.034531
15416 0.038564
15421 0.038486
15422 0.038309
15428 0.036478
15429 0.035201
15430 0.034356
15431 0.034076
15476 0.034402
15478 0.034763
15479 0.035308
15480 0.032496
15495 0.031433
15496 0.031293
15503 0.029740
15504 0.028898
15505 0.029003
15507 0.028437
15508 0.028564
15509 0.028443
15515 0.028216
15516 0.028363
15518 0.026155
15519 0.024373
15521 0.023045
15522 0.021908
15523 0.018294
15524 0.018565
15525 0.018768
15543 0.023121
15544 0.025108
15545 0.026028
15546 0.026235
15548 0.025925
15549 0.026653
15550 0.027107
15591 0.029038
15600 0.028107
15637 0.029325
15640 0.030319
15641 0.031046
15642 0.030637
15643 0.031765
15671 0.033323
15672 0.033933
15673 0.033369
15674 0.032823
15675 0.033111
15676 0.033822
15688 0.036251
15690 0.037773
15692 0.039373
15693 0.040338
15696 0.041382
15697 0.037304
15698 0.035533
15699 0.034637
15700 0.034979
15705 0.035796
15706 0.035363
15707 0.034683
15708 0.032791
15715 0.034615
15717 0.034731
15718 0.034901
15719 0.035572
15722 0.035095
15724 0.034148
15725 0.031910
15726 0.030945
15727 0.030423
15730 0.033071
15731 0.034806
15736 0.037485
15737 0.037268
15738 0.037285
15740 0.036172
15741 0.035922
15746 0.036811
15758 0.037198
15766 0.038741
15767 0.039411
15775 0.041420
15776 0.041280
15777 0.041076
15778 0.041065
15779 0.041166
15780 0.039971
15783 0.038830
15791 0.039395
15792 0.039061
15800 0.041020
15801 0.042537
15803 0.044997
15804 0.046582
15824 0.050007
15882 0.047305
15883 0.045544
15884 0.043092
15887 0.041472
15888 0.040676
15889 0.041269
15890 0.043046
15891 0.044431
15893 0.047324
15935 0.048295
15936 0.048868
15948 0.050034
15949 0.050392
15952 0.050788
15953 0.051088
15985 0.053433
15987 0.053028
15994 0.053568
15995 0.052516
16013 0.051888
16014 0.049925
16043 0.049143
16044 0.047524
16052 0.047853
16055 0.046026
16056 0.047343
16058 0.049358
16059 0.051356
16060 0.055283
16065 0.060616
16066 0.061378
16071 0.059856
16072 0.057874
16077 0.055529
16080 0.055172
16091 0.055156
16100 0.053228
16101 0.052188
16194 0.054274
16239 0.054609
16240 0.052956
16241 0.054510
16257 0.053975
16258 0.053420
16259 0.054420
16262 0.054947
16263 0.053969
16264 0.053541
16265 0.052465
16277 0.052282
16282 0.055479
16283 0.055065
16285 0.054387
16286 0.051230
16287 0.046876
16290 0.045316
16291 0.044710
16292 0.043757
16296 0.044702
16299 0.044881
16310 0.044391
16311 0.042812
16314 0.043475
16315 0.040683
16316 0.039783
16317 0.039186
16318 0.039020
16319 0.040517
16322 0.042234
16324 0.042030
16325 0.041255
16326 0.041142
16329 0.040985
16330 0.040350
16335 0.039931
16337 0.035808
16338 0.034965
16339 0.034300
16340 0.035823
16341 0.036362
16342 0.037720
16383 0.041454
16398 0.042364
16399 0.039760
16400 0.037314
16401 0.037095
16434 0.037869
16489 0.040537
16490 0.043756
16556 0.046096
16557 0.046183
16561 0.046578
16592 0.049254
16594 0.049614
16643 0.049208
16737 0.051020
16756 0.053565
16905 0.055165
16927 0.056421
16930 0.055950
16935 0.056264
16936 0.056550
16940 0.056414
16943 0.055864
16958 0.056248
16961 0.055466
16963 0.052261
16964 0.051708
16965 0.052326
16966 0.053149
16967 0.054686
16968 0.056379
16972 0.058794
16973 0.060067
16983 0.062106
16990 0.063791
16991 0.062656
16992 0.058505
16995 0.059019
17118 0.062469
17177 0.062039
17204 0.063219
17411 0.062380
17569 0.063194
17640 0.065733
17685 0.067660
17710 0.069717
17726 0.070777
17727 0.071310
17728 0.070942
17729 0.071974
17732 0.072726
17737 0.073996
17738 0.075743
17739 0.076623
17767 0.076084
17769 0.073920
17772 0.067595
17776 0.064367
17777 0.061740
17778 0.061511
17779 0.062306
17783 0.065244
17795 0.062890
17797 0.058281
17799 0.057315
17800 0.055163
17801 0.054994
17810 0.055847
17814 0.053635
17815 0.051103
17816 0.048143
17819 0.047464
17820 0.045248
17822 0.043585
17823 0.041385
17824 0.040338
17825 0.039541
17826 0.038534
17827 0.038801
17907 0.037351
17908 0.037230
17912 0.040974
17936 0.041302
17937 0.039295
17938 0.037005
17939 0.035693
17942 0.033123
17953 0.035449
17957 0.037217
17958 0.038985
17963 0.039065
17964 0.038749
17965 0.036707
17966 0.037638
17973 0.039138
17974 0.039902
17975 0.039294
17976 0.040019
17978 0.041134
17980 0.041528
17981 0.040994
17983 0.040983
17985 0.041297
17986 0.041247
18059 0.041529
18064 0.042588
18065 0.039921
18066 0.039203
18069 0.041164
18070 0.041417
18071 0.041122
18074 0.040553
18075 0.037257
18076 0.035438
18077 0.033327
18081 0.034079
18083 0.035364
18084 0.036640
18087 0.035676
18088 0.034712
18089 0.035127
18090 0.035394
18091 0.036155
18095 0.038524
18165 0.041571
18167 0.042623
18377 0.045231
18387 0.044660
18512 0.046216
18557 0.046712
18635 0.047282
18680 0.047370
18725 0.051225
18765 0.050337
18767 0.051433
18787 0.054068
18832 0.054024
18838 0.054689
18873 0.056804
18874 0.058714
18878 0.059158
18879 0.058410
18880 0.056752
18881 0.056542
18882 0.057472
18887 0.057370
18888 0.057295
18893 0.056961
18896 0.055720
18897 0.053201
18899 0.052520
18901 0.050478
18904 0.050114
18907 0.048670
18908 0.051187
18909 0.051357
18911 0.052754
18912 0.049530
18913 0.050246
18914 0.050651
18919 0.049085
18921 0.049181
18922 0.049683
18923 0.048971
18924 0.047671
18925 0.046194
18926 0.047206
18927 0.047820
18928 0.047977
19125 0.047997
19126 0.046786
19169 0.047322
19170 0.047466
19171 0.047415
19202 0.048577
19305 0.050418
19306 0.049667
19307 0.050144
19308 0.049314
19309 0.048086
19311 0.047959
19363 0.047189
19366 0.047400
19383 0.047796
19387 0.046841
19389 0.046060
19390 0.045965
19394 0.046178
19398 0.045795
19399 0.045243
19400 0.043929
19401 0.042287
19404 0.041891
19425 0.041663
19426 0.039662
19428 0.040136
19430 0.039225
19431 0.038352
19545 0.037961
19546 0.036079
19547 0.034154
19548 0.033884
19584 0.033397
19585 0.032191
19586 0.030286
19611 0.028457
19612 0.026909
19614 0.025152
19615 0.023023
19616 0.023121
19617 0.023660
19621 0.022999
19622 0.022645
19623 0.022227
19634 0.022140
19635 0.022330
19636 0.022313
19642 0.024226
19643 0.025657
19647 0.027486
19648 0.027938
19684 0.027099
19685 0.026113
19686 0.024486
19751 0.027243
19762 0.028013
20088 0.028731
20121 0.028808
20290 0.030817
20291 0.032240
20323 0.032070
20325 0.031781
20326 0.031571
20327 0.031446
20328 0.030604
20329 0.029550
20330 0.029628
20331 0.028814
20332 0.028366
20333 0.028414
20340 0.030052
20343 0.031435
20344 0.029742
20345 0.028577
20347 0.027506
20349 0.026674
20350 0.027125
20351 0.027649
20352 0.027682
20353 0.025070
20356 0.025143
20357 0.025532
20358 0.026406
20359 0.025656
20360 0.026696
20363 0.028023
20695 0.029596
20696 0.030694
20697 0.031660
20698 0.032713
20699 0.033982
20700 0.034880
20701 0.035313
20702 0.035670
20703 0.035600
20768 0.034235
20769 0.032838
20770 0.031995
20771 0.031602
20772 0.031255
20814 0.032236
20815 0.032844
20816 0.033086
20818 0.032970
20819 0.032452
20820 0.031208
20821 0.029264
20826 0.027813
20829 0.027160
20830 0.024885
20831 0.023962
20832 0.023360
20833 0.022852
20846 0.023974
20848 0.024407
20849 0.024534
20874 0.024808
20875 0.024980
20876 0.024669
20909 0.024836
20910 0.024679
20911 0.024567
20912 0.024428
20992 0.024646
20993 0.024939
21056 0.023514
21057 0.022448
21058 0.021532
21059 0.020925
21060 0.020595
21124 0.021057
21158 0.021955
21159 0.022442
21161 0.021991
21162 0.022103
21163 0.021927
21164 0.021605
21165 0.021089
21176 0.020037
21177 0.019132
21197 0.018944
21198 0.018016
21199 0.017388
21200 0.017931
21201 0.017814
21202 0.017719
21204 0.017547
21205 0.017638
21206 0.017389
21207 0.017149
21218 0.019327
21219 0.019539
21220 0.019641
21225 0.019798
21226 0.020135
21227 0.019345
21228 0.018317
21230 0.017525
21231 0.017140
21232 0.017399
21233 0.017453
21234 0.017209
21273 0.017467
21352 0.017074
21353 0.017029
21366 0.017157
21367 0.017590
21368 0.017981
21371 0.017946
21379 0.017806
21428 0.018432
21430 0.018413
21431 0.018192
21433 0.017809
21434 0.017462
21447 0.016621
21448 0.017222
21449 0.018310
21450 0.019179
21451 0.019777
21452 0.020461
21453 0.021031
21517 0.022330
21518 0.023402
21929 0.022694
21930 0.022329
21931 0.021940
21932 0.021531
21933 0.021090
21934 0.020581
21935 0.019281
21936 0.018604
21975 0.019593
21976 0.018816
21977 0.018496
21978 0.017353
21979 0.017313
21980 0.017507
22046 0.018001
22047 0.018363
22049 0.017234
22050 0.016567
22052 0.015681
22068 0.015056
22070 0.014507
22097 0.014908
22098 0.014979
22099 0.014236
22102 0.013616
22118 0.014740
22119 0.014723
22120 0.014676
22121 0.014572
22123 0.015392
22124 0.015544
22125 0.015569
22126 0.015733
22127 0.014388
22130 0.014740
22131 0.015141
22132 0.015519
22134 0.015813
22135 0.015797
22136 0.015345
22137 0.015286
22138 0.015352
22172 0.017091
22173 0.017868
22174 0.017910
22175 0.017801
22176 0.016751
22177 0.016212
22182 0.018370
22183 0.019055
22184 0.018414
22185 0.018892
22188 0.018790
22189 0.018902
22192 0.019553
22193 0.020369
22194 0.020935
22195 0.021006
22200 0.021674
22201 0.021539
22202 0.021238
22211 0.021470
22212 0.021242
22213 0.020952
22214 0.020950
22215 0.020988
22220 0.021166
22221 0.019474
22226 0.018481
22227 0.017987
22229 0.018168
22230 0.018051
22231 0.017932
22232 0.015021
22233 0.014162
22234 0.013564
22235 0.013038
22236 0.013007
22237 0.013797
22238 0.012681
22239 0.012044
22240 0.011697
22250 0.012193
22253 0.012512
22254 0.012909
22256 0.013861
22258 0.013744
22259 0.013626
22270 0.015379
22271 0.016565
22331 0.017632
22332 0.017760
22376 0.018043
22377 0.018620
22378 0.019711
22379 0.019978
22380 0.020936
22394 0.021594
22763 0.022058
22789 0.021915
22790 0.021912
22791 0.021846
22792 0.021856
22793 0.021506
22794 0.021393
22795 0.021972
22796 0.022465
22797 0.022545
22798 0.022067
22799 0.023732
22800 0.024589
22801 0.025466
22802 0.026059
22803 0.025040
22804 0.023694
22805 0.022339
22806 0.021713
22807 0.021698
22808 0.021453
22809 0.021016
22810 0.021444
22813 0.021006
22814 0.020300
22815 0.019765
22816 0.019482
22817 0.019421
22818 0.019567
22819 0.019517
22821 0.019168
22822 0.018829
22823 0.018002
22841 0.017605
22842 0.016957
22846 0.016701
22847 0.014524
22886 0.013468
22887 0.012925
22888 0.012626
22894 0.012188
22921 0.012476
22922 0.012504
22923 0.012684
22924 0.012421
22925 0.012140
22926 0.011512
22927 0.010446
22928 0.009876
22929 0.009793
22930 0.010289
22931 0.010715
22944 0.012479
22945 0.012593
22946 0.012821
22947 0.012792
22948 0.013375
22949 0.013716
22950 0.013666
22951 0.013351
22952 0.012972
22953 0.013131
22957 0.012827
22958 0.012413
22959 0.012238
22960 0.012323
22961 0.012468
22962 0.012597
22963 0.012601
22975 0.013619
23023 0.013987
23024 0.014182
23025 0.014298
23206 0.015188
23207 0.015509
23208 0.015034
23210 0.014905
23211 0.012941
23212 0.012569
23213 0.012494
23214 0.012440
23215 0.011789
23216 0.011744
23217 0.011858
23218 0.012206
23219 0.012306
23221 0.012796
23222 0.012444
23223 0.012140
23224 0.011839
23226 0.011629
23293 0.013386
23315 0.014632
23319 0.015512
23336 0.017270
23342 0.021934
23348 0.027087
23356 0.031924
23441 0.035931
23827 0.036835
23831 0.037665
23835 0.038855
23837 0.040176
23972 0.040508
23974 0.040622
24185 0.042168
24344 0.045012
24878 0.046331
