154 0.058149
155 0.052302
156 0.046081
159 0.041737
160 0.038831
161 0.042884
164 0.044409
166 0.042768
167 0.044083
168 0.045271
169 0.045076
170 0.044739
171 0.045258
172 0.049362
173 0.054085
174 0.056021
175 0.059462
176 0.057327
177 0.060895
242 0.057721
243 0.058561
244 0.059339
245 0.059389
246 0.067332
340 0.064346
373 0.067937
374 0.068301
772 0.069665
1110 0.074781
1286 0.087939
1287 0.086432
1288 0.085891
1290 0.085689
1291 0.092538
1292 0.094414
1293 0.097836
1302 0.099547
1303 0.096711
1304 0.094501
1311 0.093538
1312 0.091829
1313 0.087009
1314 0.087174
1325 0.081565
1493 0.081615
1494 0.082088
1496 0.082886
1497 0.080152
1498 0.074043
1499 0.074161
1500 0.071242
1501 0.071191
1502 0.071020
1503 0.068618
1504 0.054369
1505 0.054439
1560 0.056852
1561 0.063238
1562 0.059786
1563 0.058703
1567 0.053121
1568 0.052223
1569 0.052860
1570 0.052550
1571 0.048005
1572 0.050525
1573 0.053702
1574 0.054146
1592 0.053581
1613 0.059116
1615 0.059328
1656 0.058168
1692 0.059184
1707 0.058461
1731 0.057940
1819 0.058830
1832 0.061661
1844 0.061541
1911 0.058461
1931 0.058886
1983 0.058020
2017 0.055650
2547 0.049499
2900 0.046104
3166 0.044478
3274 0.048091
3483 0.047931
3572 0.047449
3632 0.048051
3813 0.048989
3911 0.049181
3913 0.048668
4678 0.049308
4679 0.051003
4756 0.045907
4760 0.044266
4766 0.042756
4790 0.039345
4800 0.041120
4801 0.043124
4802 0.041981
4804 0.040017
4805 0.041090
4806 0.043395
4807 0.043043
4808 0.042150
4809 0.043733
4810 0.044519
4811 0.047080
4812 0.047540
4813 0.045056
4814 0.044838
4815 0.044466
4816 0.042893
4817 0.042102
4821 0.038210
4822 0.035936
4823 0.036242
4824 0.036068
4825 0.037375
4826 0.038857
4827 0.039331
4828 0.038867
4829 0.037537
4830 0.034952
4831 0.036339
4832 0.037994
4833 0.036374
4834 0.035709
4835 0.035060
4836 0.034799
4837 0.032356
4838 0.031805
4839 0.028102
4841 0.026355
4842 0.028534
4844 0.028944
4845 0.029537
4846 0.034741
4847 0.037330
4848 0.037406
4854 0.039773
4855 0.038747
4856 0.039321
4857 0.037231
4858 0.036800
4877 0.037229
4879 0.036887
4880 0.036820
4881 0.039197
4882 0.038353
4883 0.036009
4885 0.037401
4886 0.037005
4888 0.038576
4889 0.037516
4890 0.043771
4967 0.043632
4968 0.044077
4969 0.047687
4970 0.046268
4971 0.048596
4972 0.053339
4973 0.049894
4974 0.049085
4976 0.050219
4977 0.048334
4979 0.052168
5030 0.049697
5031 0.050365
5032 0.051778
5033 0.053000
5034 0.054346
5044 0.052959
5161 0.051767
5163 0.056017
5167 0.057158
5168 0.055305
5177 0.055420
5199 0.053526
5200 0.053338
5201 0.047330
5202 0.049546
5203 0.050032
5204 0.048226
5257 0.045864
5369 0.045198
5408 0.043487
5461 0.043145
5464 0.043244
5465 0.045929
5467 0.046314
5468 0.041941
5469 0.043180
5475 0.043913
5477 0.041626
5478 0.039797
5479 0.039790
5480 0.040328
5481 0.039461
5491 0.034240
5492 0.033134
5493 0.033205
5495 0.032353
5496 0.032716
5497 0.034233
5498 0.034836
5528 0.033312
5529 0.032760
5530 0.032296
5531 0.032237
5532 0.030004
5568 0.027200
5569 0.025639
5570 0.023653
5571 0.020818
5609 0.020477
5610 0.020632
5641 0.019377
5642 0.017880
5643 0.018162
5644 0.020929
5645 0.019913
5646 0.021190
5648 0.021015
5659 0.022805
5660 0.022675
5661 0.023984
5662 0.025387
5666 0.025014
5668 0.024793
5671 0.024023
5672 0.027116
5780 0.026293
5847 0.026407
6625 0.026483
6696 0.026145
7511 0.026219
8017 0.026139
8316 0.026613
8371 0.025597
8376 0.025865
8410 0.028500
8529 0.028536
8556 0.028975
8629 0.029371
8631 0.027932
8632 0.027748
8633 0.026609
8634 0.027713
8635 0.029109
8636 0.029144
8637 0.029200
8638 0.028967
8647 0.030914
8648 0.029532
8649 0.030222
8650 0.027265
8651 0.027230
8652 0.027256
8653 0.027348
8654 0.028683
8655 0.030877
8658 0.034167
8659 0.037317
8686 0.037543
8687 0.038223
8688 0.036911
8689 0.038680
8690 0.038807
8691 0.039229
8692 0.038393
8693 0.038684
8702 0.038453
8703 0.037159
8704 0.035766
8705 0.036320
8709 0.034651
8721 0.033876
8726 0.033050
8728 0.032644
8729 0.032945
8730 0.034534
8733 0.035051
8734 0.034385
8735 0.035188
8736 0.038085
8750 0.035167
8751 0.032319
8753 0.029265
8762 0.030202
8763 0.028834
8764 0.028215
8767 0.026168
8768 0.030708
8769 0.032962
8807 0.035480
8816 0.035203
8817 0.035554
8818 0.039748
8819 0.037962
8861 0.037253
8871 0.038385
8897 0.037512
8972 0.036676
8992 0.038365
8994 0.038037
8997 0.037497
8999 0.036974
9002 0.038132
9004 0.037484
9007 0.036153
9008 0.036387
9011 0.036007
9012 0.036198
9013 0.035224
9014 0.038610
9015 0.038581
9018 0.040482
9019 0.035551
9029 0.032356
9030 0.031413
9031 0.031356
9032 0.031393
9033 0.029811
9043 0.030706
9044 0.030260
9045 0.030405
9046 0.031546
9047 0.032677
9051 0.031093
9052 0.030891
9053 0.029308
9056 0.030029
9058 0.028575
9061 0.028863
9062 0.028214
9063 0.029831
9074 0.029651
9076 0.028915
9077 0.030098
9078 0.026764
9079 0.026247
9082 0.024456
9083 0.025632
9084 0.025519
9085 0.023295
9086 0.023289
9087 0.023375
9088 0.021530
9091 0.021243
9098 0.021111
9110 0.020048
9122 0.019061
9228 0.017870
9229 0.018109
9230 0.018788
9236 0.019508
9237 0.020531
9238 0.020067
9239 0.021992
9240 0.020875
9257 0.020158
9258 0.020281
9271 0.020421
9272 0.018967
9273 0.018689
9274 0.023351
9297 0.023666
9298 0.022613
9299 0.022411
9302 0.023069
9303 0.023753
9304 0.022875
9315 0.022565
9316 0.021847
9317 0.021955
9318 0.024299
9323 0.024595
9324 0.024899
9325 0.025081
9326 0.025692
9327 0.024556
9339 0.023006
9340 0.023203
9341 0.021265
9342 0.020933
9367 0.020723
9368 0.020862
9369 0.021033
9460 0.021485
9461 0.021511
9462 0.018666
9463 0.021720
9464 0.021465
9466 0.023642
9509 0.022852
9510 0.024049
9511 0.027130
9691 0.029046
9692 0.034097
9693 0.033995
9702 0.033756
9703 0.035154
9704 0.037333
9705 0.038170
9706 0.037251
9731 0.037824
9777 0.037807
9834 0.037262
9843 0.036604
10172 0.038780
10747 0.038324
10770 0.037546
10773 0.037958
10916 0.038146
11051 0.038281
11113 0.036295
11299 0.034701
11317 0.034660
11351 0.033602
11384 0.033724
11385 0.032655
11386 0.031655
11387 0.031695
11388 0.026847
11389 0.028963
11390 0.026823
11407 0.026106
11408 0.024723
11409 0.026239
11411 0.025412
11412 0.025252
11430 0.025210
11431 0.025252
11432 0.026322
11433 0.023863
11440 0.024847
11441 0.026356
11442 0.025965
11443 0.025679
11444 0.026036
11445 0.030529
11446 0.028860
11449 0.033188
11450 0.032892
11451 0.035450
11453 0.036071
11454 0.034385
11455 0.033350
11456 0.035645
11462 0.035135
11463 0.035167
11464 0.034061
11465 0.032871
11467 0.030546
11469 0.032029
11472 0.033396
11473 0.033871
11563 0.033825
11735 0.033348
11872 0.033391
12027 0.032119
12091 0.030699
12143 0.030620
12147 0.030346
12184 0.029657
12196 0.025209
12200 0.025621
12201 0.021552
12219 0.022452
12220 0.021181
12221 0.020372
12222 0.020477
12223 0.020391
12225 0.019135
12226 0.019447
12227 0.021838
12228 0.022425
12230 0.023673
12231 0.023948
12233 0.023292
12234 0.023426
12235 0.024799
12236 0.024829
12237 0.024600
12238 0.024001
12239 0.025281
12242 0.025932
12243 0.025554
12244 0.026146
12276 0.026712
12384 0.026806
12448 0.026485
12483 0.027937
12509 0.026567
12549 0.026040
12661 0.025852
12676 0.025957
12693 0.027027
12699 0.025943
12700 0.024423
12701 0.024512
12702 0.026895
12704 0.027044
12706 0.027017
12712 0.028617
12713 0.027990
12714 0.026755
12715 0.027702
12718 0.027850
12726 0.028847
12727 0.027611
12728 0.028039
12729 0.029724
12730 0.030587
12735 0.031911
12737 0.031363
12738 0.034467
12742 0.033907
12743 0.033721
12744 0.034603
12745 0.034931
12749 0.035689
12750 0.034075
12752 0.036551
12753 0.037918
12754 0.039722
12755 0.037954
12757 0.037134
12759 0.038298
12762 0.038018
12763 0.036527
12784 0.036651
12785 0.035967
12786 0.035772
12787 0.036378
12788 0.036295
12815 0.037024
12816 0.035866
12817 0.035334
12818 0.034264
12819 0.036037
12820 0.037735
12821 0.042540
12822 0.048836
12948 0.047509
12949 0.046970
12958 0.045443
12979 0.044884
12980 0.043172
12988 0.041674
12989 0.040010
12990 0.039859
12991 0.040601
12992 0.039223
12993 0.038848
13019 0.040279
13024 0.039460
13025 0.039953
13027 0.040923
13028 0.039470
13029 0.039488
13030 0.038149
13037 0.039654
13038 0.041333
13039 0.040570
13043 0.038853
13044 0.036146
13045 0.035708
13046 0.038526
13047 0.041467
13052 0.041390
13058 0.042293
13060 0.042965
13061 0.043912
13062 0.044146
13104 0.043131
13105 0.042155
13106 0.041340
13114 0.042644
13115 0.041991
13117 0.046390
13133 0.047569
13134 0.047387
13135 0.046758
13136 0.050533
13138 0.051090
13139 0.051516
13140 0.049570
13209 0.046916
13211 0.047562
13264 0.048727
13265 0.047658
13266 0.042400
13267 0.035611
13268 0.032252
13269 0.033686
13277 0.034271
13278 0.036195
13279 0.034786
13280 0.034522
13281 0.034047
13316 0.035045
13317 0.035050
13318 0.034862
13321 0.034845
13322 0.030672
13334 0.030590
13335 0.032284
13336 0.032395
13347 0.028729
13349 0.028425
13350 0.028762
13355 0.028531
13356 0.029106
13358 0.028478
13363 0.028872
13364 0.028369
13365 0.029655
13372 0.027686
13373 0.028247
13396 0.028421
13418 0.027317
13434 0.024911
13452 0.025668
13453 0.025951
13454 0.025062
13456 0.024053
13457 0.024212
13458 0.023139
13459 0.022033
13460 0.020575
13590 0.019926
13594 0.017911
13596 0.019463
13597 0.020472
13598 0.021324
13600 0.022059
13601 0.023087
13602 0.022616
13604 0.024195
13605 0.024686
13612 0.024005
13613 0.023052
13632 0.022580
13634 0.024417
13635 0.023669
13636 0.027849
13637 0.027820
13638 0.031736
13639 0.033992
13640 0.034743
13670 0.035210
13671 0.034778
13672 0.034604
13673 0.037221
13674 0.037849
13675 0.040036
13792 0.041112
13935 0.040511
13936 0.040008
13938 0.039960
13940 0.038714
13942 0.037677
13943 0.037933
14022 0.036836
14024 0.037062
14172 0.037049
14272 0.036574
14273 0.036594
14275 0.035375
14276 0.038297
14277 0.038479
15106 0.039257
15170 0.041641
15229 0.039487
15310 0.039067
15413 0.039628
15414 0.040219
15415 0.039768
15416 0.037507
15421 0.037220
15422 0.034717
15428 0.035006
15429 0.034399
15430 0.033735
15431 0.035037
15476 0.034741
15478 0.035138
15479 0.036413
15480 0.036240
15495 0.038015
15496 0.038385
15503 0.039971
15504 0.040905
15505 0.041933
15507 0.038176
15508 0.033685
15509 0.033641
15515 0.026446
15516 0.026905
15518 0.026559
15519 0.026750
15521 0.026887
15522 0.027036
15523 0.027572
15524 0.028221
15525 0.028533
15543 0.027709
15544 0.027141
15545 0.031039
15546 0.028594
15548 0.029577
15549 0.032433
15550 0.031776
15591 0.037356
15600 0.033396
15637 0.033599
15640 0.033045
15641 0.035045
15642 0.033876
15643 0.035680
15671 0.035620
15672 0.037918
15673 0.038418
15674 0.040164
15675 0.040241
15676 0.047162
15688 0.047208
15690 0.047123
15692 0.046368
15693 0.046941
15696 0.049646
15697 0.050812
15698 0.050509
15699 0.049793
15700 0.050878
15705 0.049605
15706 0.046917
15707 0.045849
15708 0.040536
15715 0.043029
15717 0.042836
15718 0.041692
15719 0.039592
15722 0.038876
15724 0.037733
15725 0.037763
15726 0.036730
15727 0.036356
15730 0.034709
15731 0.036147
15736 0.028946
15737 0.028371
15738 0.030485
15740 0.031402
15741 0.030241
15746 0.028686
15758 0.027254
15766 0.027447
15767 0.024157
15775 0.023508
15776 0.023614
15777 0.023238
15778 0.023736
15779 0.024107
15780 0.023156
15783 0.023076
15791 0.023440
15792 0.022628
15800 0.023516
15801 0.023263
15803 0.025600
15804 0.023293
15824 0.023027
15882 0.021872
15883 0.023616
15884 0.028776
15887 0.030918
15888 0.032983
15889 0.035360
15890 0.037465
15891 0.039237
15893 0.039068
15935 0.039370
15936 0.042819
15948 0.042214
15949 0.043860
15952 0.045125
15953 0.045895
15985 0.048193
15987 0.047866
15994 0.047614
15995 0.048134
16013 0.049053
16014 0.047880
16043 0.047490
16044 0.048836
16052 0.049276
16055 0.050375
16056 0.050387
16058 0.047755
16059 0.042956
16060 0.040690
16065 0.037051
16066 0.033481
16071 0.030986
16072 0.028277
16077 0.030235
16080 0.030121
16091 0.027071
16100 0.027354
16101 0.025641
16194 0.024303
16239 0.025604
16240 0.022809
16241 0.021726
16257 0.023398
16258 0.023108
16259 0.023025
16262 0.023227
16263 0.023677
16264 0.019889
16265 0.021819
16277 0.021676
16282 0.022055
16283 0.021102
16285 0.022174
16286 0.021949
16287 0.022017
16290 0.022424
16291 0.023269
16292 0.022987
16296 0.021090
16299 0.021704
16310 0.021678
16311 0.025237
16314 0.025125
16315 0.025356
16316 0.023939
16317 0.024484
16318 0.024558
16319 0.022861
16322 0.022572
16324 0.022088
16325 0.022506
16326 0.024915
16329 0.024879
16330 0.022895
16335 0.021718
16337 0.021808
16338 0.022556
16339 0.020309
16340 0.020240
16341 0.019693
16342 0.021230
16383 0.020403
16398 0.020506
16399 0.022268
16400 0.021759
16401 0.025262
16434 0.023507
16489 0.025090
16490 0.026042
16556 0.025444
16557 0.025241
16561 0.025073
16592 0.025558
16594 0.026095
16643 0.027135
16737 0.026993
16756 0.025986
16905 0.026089
16927 0.025747
16930 0.026253
16935 0.027129
16936 0.026707
16940 0.026810
16943 0.027072
16958 0.030417
16961 0.028487
16963 0.029033
16964 0.030898
16965 0.028864
16966 0.028133
16967 0.024460
16968 0.022208
16972 0.021483
16973 0.022136
16983 0.021985
16990 0.021144
16991 0.021653
16992 0.021814
16995 0.021430
17118 0.020211
17177 0.020547
17204 0.019928
17411 0.022590
17569 0.022967
17640 0.024122
17685 0.025535
17710 0.026481
17726 0.026806
17727 0.026893
17728 0.023248
17729 0.024078
17732 0.023597
17737 0.022052
17738 0.022705
17739 0.023736
17767 0.024015
17769 0.028273
17772 0.028156
17776 0.026181
17777 0.031583
17778 0.031496
17779 0.032225
17783 0.031841
17795 0.032285
17797 0.032716
17799 0.031879
17800 0.031273
17801 0.030282
17810 0.031331
17814 0.031077
17815 0.029610
17816 0.028353
17819 0.028550
17820 0.029090
17822 0.030904
17823 0.030468
17824 0.033135
17825 0.035819
17826 0.035442
17827 0.037088
17907 0.041378
17908 0.037202
17912 0.037058
17936 0.038561
17937 0.033251
17938 0.033521
17939 0.033783
17942 0.033701
17953 0.033208
17957 0.033977
17958 0.035964
17963 0.036292
17964 0.034634
17965 0.034067
17966 0.032849
17973 0.033039
17974 0.033353
17975 0.034761
17976 0.033634
17978 0.032203
17980 0.031721
17981 0.029159
17983 0.026363
17985 0.026303
17986 0.027399
18059 0.022636
18064 0.024300
18065 0.023707
18066 0.022336
18069 0.022484
18070 0.022683
18071 0.021999
18074 0.022313
18075 0.022001
18076 0.020743
18077 0.019837
18081 0.019717
18083 0.020333
18084 0.019638
18087 0.019813
18088 0.018160
18089 0.019668
18090 0.021369
18091 0.021524
18095 0.021161
18165 0.024245
18167 0.023817
18377 0.023475
18387 0.023757
18512 0.020140
18557 0.023223
18635 0.022931
18680 0.025936
18725 0.026636
18765 0.026189
18767 0.025894
18787 0.025560
18832 0.025418
18838 0.026059
18873 0.027208
18874 0.026490
18878 0.028135
18879 0.027980
18880 0.030202
18881 0.031784
18882 0.032820
18887 0.032538
18888 0.029563
18893 0.030757
18896 0.031263
18897 0.029898
18899 0.030930
18901 0.031032
18904 0.031498
18907 0.031513
18908 0.029056
18909 0.030538
18911 0.028584
18912 0.028163
18913 0.028644
18914 0.030251
18919 0.030026
18921 0.030023
18922 0.030203
18923 0.031661
18924 0.031534
18925 0.029521
18926 0.039608
18927 0.040483
18928 0.040601
19125 0.040343
19126 0.040657
19169 0.040851
19170 0.046892
19171 0.047878
19202 0.046827
19305 0.046695
19306 0.047045
19307 0.046486
19308 0.048580
19309 0.049078
19311 0.051530
19363 0.051015
19366 0.050890
19383 0.050536
19387 0.049507
19389 0.049490
19390 0.050994
19394 0.051055
19398 0.049451
19399 0.053160
19400 0.055168
19401 0.046169
19404 0.044608
19425 0.042791
19426 0.042238
19428 0.041211
19430 0.040291
19431 0.041412
19545 0.040140
19546 0.039472
19547 0.039423
19548 0.041773
19584 0.041509
19585 0.040716
19586 0.040789
19611 0.035564
19612 0.036196
19614 0.037363
19615 0.037377
19616 0.040529
19617 0.040567
19621 0.044478
19622 0.049802
19623 0.049016
19634 0.051862
19635 0.050988
19636 0.059387
19642 0.061150
19643 0.062557
19647 0.065617
19648 0.066928
19684 0.068921
19685 0.060568
19686 0.062189
19751 0.063023
19762 0.063107
20088 0.062710
20121 0.066904
20290 0.068602
20291 0.069354
20323 0.070587
20325 0.071344
20326 0.071073
20327 0.072301
20328 0.073098
20329 0.076753
20330 0.073145
20331 0.067260
20332 0.066809
20333 0.061449
20340 0.061668
20343 0.052200
20344 0.049253
20345 0.047788
20347 0.045446
20349 0.044781
20350 0.043148
20351 0.045481
20352 0.043703
20353 0.044593
20356 0.045608
20357 0.043196
20358 0.038999
20359 0.038511
20360 0.038410
20363 0.038476
20695 0.037424
20696 0.038775
20697 0.037353
20698 0.033288
20699 0.032920
20700 0.035753
20701 0.039041
20702 0.040851
20703 0.048282
20768 0.046632
20769 0.050850
20770 0.058374
20771 0.060201
20772 0.061966
20814 0.062694
20815 0.062715
20816 0.062231
20818 0.062295
20819 0.065271
20820 0.063911
20821 0.065434
20826 0.068909
20829 0.067018
20830 0.065521
20831 0.066345
20832 0.067237
20833 0.070288
20846 0.071871
20848 0.071980
20849 0.068651
20874 0.064921
20875 0.062076
20876 0.061782
20909 0.053540
20910 0.055139
20911 0.051966
20912 0.043894
20992 0.041934
20993 0.041164
21056 0.039788
21057 0.041200
21058 0.040496
21059 0.042382
21060 0.038016
21124 0.038344
21158 0.038205
21159 0.034654
21161 0.034043
21162 0.034653
21163 0.033454
21164 0.032565
21165 0.027027
21176 0.026604
21177 0.026260
21197 0.026906
21198 0.025473
21199 0.025153
21200 0.023676
21201 0.023116
21202 0.021250
21204 0.019946
21205 0.020568
21206 0.021090
21207 0.020331
21218 0.021046
21219 0.019211
21220 0.018515
21225 0.018191
21226 0.019093
21227 0.018550
21228 0.017086
21230 0.018651
21231 0.020751
21232 0.020769
21233 0.020758
21234 0.022058
21273 0.025517
21352 0.024252
21353 0.025293
21366 0.025314
21367 0.025346
21368 0.025098
21371 0.025714
21379 0.025850
21428 0.026590
21430 0.028816
21431 0.029546
21433 0.032436
21434 0.032361
21447 0.030971
21448 0.031947
21449 0.034524
21450 0.034714
21451 0.038838
21452 0.038326
21453 0.040495
21517 0.040382
21518 0.045415
21929 0.045746
21930 0.048365
21931 0.046136
21932 0.043022
21933 0.048693
21934 0.047986
21935 0.054866
21936 0.061669
21975 0.063659
21976 0.065779
21977 0.067505
21978 0.067818
21979 0.071310
21980 0.074539
22046 0.071659
22047 0.071527
22049 0.076811
22050 0.077539
22052 0.076023
22068 0.076517
22070 0.071974
22097 0.073539
22098 0.073587
22099 0.074888
22102 0.071399
22118 0.073102
22119 0.072183
22120 0.073653
22121 0.074592
22123 0.069235
22124 0.069624
22125 0.062927
22126 0.056103
22127 0.054523
22130 0.052566
22131 0.051323
22132 0.050147
22134 0.045299
22135 0.041311
22136 0.041889
22137 0.041233
22138 0.036167
22172 0.036246
22173 0.034779
22174 0.034581
22175 0.033824
22176 0.036160
22177 0.034128
22182 0.031826
22183 0.028520
22184 0.028194
22185 0.026599
22188 0.025368
22189 0.024058
22192 0.026051
22193 0.025589
22194 0.025177
22195 0.030221
22200 0.029831
22201 0.030850
22202 0.030804
22211 0.030919
22212 0.031160
22213 0.034287
22214 0.033766
22215 0.034363
22220 0.035337
22221 0.033319
22226 0.033654
22227 0.032233
22229 0.033329
22230 0.031821
22231 0.031578
22232 0.032632
22233 0.033195
22234 0.031638
22235 0.032214
22236 0.032149
22237 0.032818
22238 0.031131
22239 0.033871
22240 0.034689
22250 0.030499
22253 0.031427
22254 0.029998
22256 0.030045
22258 0.030655
22259 0.029121
22270 0.026791
22271 0.027408
22331 0.028295
22332 0.031634
22376 0.033436
22377 0.033133
22378 0.033792
22379 0.034516
22380 0.035026
22394 0.035972
22763 0.035090
22789 0.035860
22790 0.035175
22791 0.034776
22792 0.035104
22793 0.035700
22794 0.036684
22795 0.035835
22796 0.036057
22797 0.036494
22798 0.041602
22799 0.041774
22800 0.042534
22801 0.041992
22802 0.042251
22803 0.041700
22804 0.041288
22805 0.039486
22806 0.034855
22807 0.033419
22808 0.034592
22809 0.033945
22810 0.032802
22813 0.029872
22814 0.028812
22815 0.029134
22816 0.028196
22817 0.030739
22818 0.035453
22819 0.035954
22821 0.035932
22822 0.035433
22823 0.033617
22841 0.033301
22842 0.032419
22846 0.026602
22847 0.026254
22886 0.027074
22887 0.030266
22888 0.030953
22894 0.031382
22921 0.031721
22922 0.034948
22923 0.035908
22924 0.037941
22925 0.037345
22926 0.039466
22927 0.043252
22928 0.044141
22929 0.044739
22930 0.045276
22931 0.044445
22944 0.042597
22945 0.038902
22946 0.038511
22947 0.037458
22948 0.040512
22949 0.043023
22950 0.042134
22951 0.045919
22952 0.045608
22953 0.051852
22957 0.050523
22958 0.050763
22959 0.053697
22960 0.059144
22961 0.058608
22962 0.056125
22963 0.057615
22975 0.057076
23023 0.056903
23024 0.054113
23025 0.049705
23206 0.049246
23207 0.048947
23208 0.049572
23210 0.055454
23211 0.055843
23212 0.058230
23213 0.060445
23214 0.061138
23215 0.058660
23216 0.056306
23217 0.059808
23218 0.055941
23219 0.055934
23221 0.049593
23222 0.049393
23223 0.051014
23224 0.049205
23226 0.044574
23293 0.045806
23315 0.046457
23319 0.047468
23336 0.045842
23342 0.046735
23348 0.047468
23356 0.052698
23441 0.052313
23827 0.053408
23831 0.052307
23835 0.047474
23837 0.047847
23972 0.046607
23974 0.044355
24185 0.043567
24344 0.042413
24878 0.043246
