976 0.115553
984 0.105782
985 0.095153
986 0.087006
1005 0.080610
1006 0.078407
1025 0.080134
1028 0.081376
1029 0.079880
1030 0.077318
1032 0.074350
1033 0.070862
1034 0.068969
1040 0.065167
1044 0.064659
1055 0.064564
1318 0.063798
1378 0.062520
2390 0.061957
3617 0.062624
3786 0.065805
4332 0.067527
4333 0.069778
4345 0.071067
4476 0.071661
4562 0.073580
4563 0.074865
4564 0.075844
4565 0.076803
4567 0.077179
4568 0.077450
4569 0.073734
4570 0.070420
4571 0.070022
4572 0.070729
4573 0.072804
4574 0.074632
4595 0.072807
4596 0.068605
4597 0.061499
4598 0.055886
4600 0.053018
4613 0.051259
4614 0.049429
4615 0.046542
4616 0.041659
4617 0.038499
4618 0.036383
4619 0.035896
4620 0.035114
4621 0.034111
4622 0.033648
4685 0.034223
4686 0.034240
4687 0.033149
4689 0.032558
4690 0.033014
4707 0.033974
4754 0.033303
4755 0.032712
4758 0.029834
4763 0.028952
4792 0.032293
4878 0.037453
5236 0.039074
5237 0.039558
5244 0.041309
5246 0.042604
5248 0.043945
5249 0.045640
5250 0.046974
5256 0.049029
5258 0.049651
5259 0.050421
5262 0.051051
5264 0.053093
5265 0.054742
5266 0.052894
5267 0.051596
5269 0.050298
5270 0.049485
5271 0.049023
5289 0.048358
5290 0.049848
5291 0.050672
5292 0.052257
5343 0.052189
5344 0.050189
5345 0.045820
5346 0.044621
5347 0.043585
5351 0.042305
5352 0.041870
5353 0.041575
5360 0.040480
5361 0.039714
5379 0.042351
5380 0.043897
5384 0.042446
5385 0.041994
5386 0.039579
5387 0.037379
5388 0.042791
5389 0.046735
5390 0.050420
5392 0.052867
5393 0.053781
5394 0.053110
5395 0.051534
5396 0.049627
5397 0.048121
5407 0.047168
5409 0.048572
5410 0.049699
5411 0.050729
5412 0.051136
5413 0.050052
5414 0.049583
5415 0.049515
5416 0.049563
5417 0.049395
5418 0.044821
5419 0.044219
5420 0.044980
5421 0.045498
5423 0.046862
5424 0.047658
5425 0.043577
5426 0.040567
5427 0.037694
5429 0.035446
5430 0.033872
5431 0.035583
5432 0.037328
5433 0.039311
5434 0.040659
5442 0.041598
5443 0.040092
5450 0.043380
5451 0.046586
5452 0.049718
5540 0.051381
5704 0.055176
6224 0.061638
6234 0.068590
6263 0.071375
6312 0.072938
6365 0.073313
6449 0.075701
6499 0.079899
6523 0.082719
6685 0.086079
6765 0.090372
6767 0.093534
6770 0.099250
6801 0.100156
6879 0.100177
6881 0.098727
6882 0.097605
6883 0.097323
6901 0.101902
6902 0.102582
6903 0.101921
6905 0.096997
6914 0.093066
6915 0.090809
6917 0.091355
6918 0.089774
6926 0.087825
6927 0.086773
6936 0.087210
6937 0.087719
6938 0.087432
6939 0.086495
6940 0.083619
6941 0.080458
6944 0.081106
6946 0.076535
6947 0.073380
6948 0.068125
6949 0.067443
6954 0.072241
6959 0.072264
6960 0.072175
6963 0.073323
6966 0.070850
6967 0.072776
6968 0.075254
6969 0.077025
6970 0.076797
6971 0.075649
6972 0.073477
6974 0.071359
6975 0.066339
6979 0.060823
6980 0.057951
6981 0.056270
6982 0.057250
6983 0.057010
6984 0.055962
6985 0.055206
6986 0.050725
6987 0.050324
6988 0.049770
6989 0.052069
6990 0.054259
6991 0.051258
6992 0.052412
6998 0.051956
7008 0.051111
7009 0.048710
7011 0.045812
7014 0.043099
7023 0.041656
7024 0.041374
7026 0.041067
7027 0.040756
7028 0.040253
7034 0.040986
7035 0.040916
7036 0.042083
7037 0.043923
7044 0.045916
7045 0.048938
7049 0.048730
7243 0.050631
7244 0.052019
7271 0.052664
7556 0.056908
7893 0.055935
7933 0.054568
7937 0.052903
8013 0.056906
8070 0.057731
8093 0.056107
8262 0.055084
8272 0.054530
8274 0.054746
8319 0.054877
8320 0.054776
8322 0.054581
8334 0.054370
8335 0.054229
8336 0.053064
8350 0.052212
8352 0.052377
8353 0.051099
8354 0.046755
8355 0.041963
8356 0.041460
8358 0.038902
8359 0.036941
8360 0.038459
8361 0.036219
8362 0.035143
8363 0.035725
8365 0.036634
8368 0.031673
8369 0.030862
8374 0.031484
8407 0.032464
8408 0.032726
8411 0.032785
8412 0.032355
8413 0.032141
8418 0.033198
8419 0.033758
8420 0.034374
8422 0.034650
8423 0.034878
8425 0.035677
8427 0.037098
8428 0.037893
8429 0.039926
8430 0.040141
8431 0.040316
8432 0.040334
8433 0.039408
8448 0.037771
8449 0.036524
8450 0.034944
8451 0.034658
8452 0.034727
8453 0.035325
8454 0.034260
8455 0.032927
8456 0.031932
8457 0.031223
8463 0.031314
8464 0.031408
8465 0.030935
8466 0.030827
8467 0.030492
8471 0.031147
8472 0.031584
8473 0.029199
8474 0.026859
8482 0.027183
8483 0.025230
8486 0.025488
8487 0.025139
8489 0.024906
8490 0.023087
8528 0.024265
8530 0.023906
8531 0.023903
8532 0.023595
8533 0.023718
8534 0.023636
8535 0.024201
8547 0.024777
8548 0.025284
8549 0.025559
8552 0.025334
8553 0.025232
8554 0.024711
8555 0.024288
8563 0.026274
8564 0.025579
8565 0.024992
8598 0.027646
8599 0.029071
8600 0.028797
8601 0.029695
8602 0.029843
8707 0.033454
8710 0.033430
8711 0.033423
8712 0.031582
8713 0.031707
8823 0.031780
8824 0.031511
8825 0.031173
8826 0.030856
8862 0.032318
8863 0.033318
8885 0.037068
8886 0.039970
9042 0.043514
9193 0.049812
9196 0.054900
9536 0.058206
9537 0.057359
10095 0.060409
10127 0.061944
10685 0.059847
10738 0.062264
10905 0.061583
10927 0.061208
10938 0.061630
11447 0.059259
11448 0.060378
11620 0.060947
11621 0.061021
11622 0.061168
11623 0.060517
11631 0.061166
11632 0.060747
11633 0.060678
11634 0.058874
11635 0.058414
11636 0.054645
11637 0.052098
11638 0.048419
11639 0.043371
11640 0.038465
11642 0.035132
11643 0.033948
11644 0.032168
11645 0.030607
11647 0.029653
11648 0.025750
11649 0.024851
11651 0.025146
11652 0.023990
11653 0.022885
11655 0.022115
11656 0.021591
11663 0.020964
11664 0.020349
11665 0.019952
11666 0.018260
11667 0.017710
11671 0.017711
11672 0.018087
11676 0.017912
11677 0.017622
11678 0.016951
11679 0.016599
11680 0.016115
11681 0.016293
11682 0.016529
11683 0.016543
11684 0.015273
11685 0.016151
11686 0.016843
11702 0.017205
11703 0.018048
11756 0.017014
11774 0.020095
11860 0.020243
12051 0.026753
12173 0.028880
12257 0.029541
12327 0.033368
12707 0.033749
13051 0.035512
13069 0.039092
13125 0.041061
13240 0.043319
13368 0.042657
13533 0.044027
13536 0.045188
13710 0.052595
14065 0.052625
14370 0.057304
14417 0.059656
14535 0.060288
14547 0.061380
14548 0.062443
14549 0.063196
14561 0.063721
14562 0.063988
14563 0.065022
14564 0.062597
14574 0.064036
14575 0.058454
14601 0.057101
14602 0.057685
14603 0.054992
14604 0.055577
14606 0.059453
14607 0.060645
14608 0.062085
14609 0.061979
14682 0.064320
14726 0.064225
14728 0.064043
14729 0.057404
14730 0.056869
14778 0.053863
14883 0.055071
14931 0.055140
14932 0.054143
14933 0.052427
14934 0.051046
14935 0.050019
14937 0.051659
14938 0.052417
14939 0.052950
14940 0.053315
14942 0.053717
14943 0.055365
14944 0.058093
14947 0.057415
14948 0.057003
14949 0.051643
14950 0.048990
14951 0.046712
14952 0.045979
14953 0.045464
15038 0.044976
15041 0.044223
15043 0.043765
15044 0.043456
15045 0.041167
15053 0.038216
15057 0.038316
15058 0.038388
15059 0.038225
15060 0.038212
15067 0.038088
15068 0.035166
15069 0.032878
15070 0.031284
15071 0.029570
15072 0.028240
15073 0.025987
15074 0.022518
15075 0.022346
15076 0.022015
15077 0.023593
15078 0.022645
15113 0.024032
15125 0.022665
15126 0.020752
15128 0.020038
15129 0.019793
15130 0.019500
15131 0.019406
15141 0.022598
15142 0.024786
15166 0.027652
15194 0.029579
15432 0.030971
15490 0.031548
15513 0.033074
16170 0.035464
16838 0.037633
17263 0.038735
17307 0.042126
17328 0.042827
17522 0.043900
17663 0.044711
17708 0.047252
17749 0.048043
17782 0.047246
17997 0.051606
18037 0.048733
18047 0.049356
18051 0.049671
18094 0.052259
18096 0.055985
18097 0.057272
18099 0.058173
18105 0.054986
18106 0.051721
18107 0.047978
18108 0.046241
18128 0.046684
18129 0.046800
18130 0.045706
18131 0.043637
18132 0.041501
18133 0.040554
18134 0.036907
18135 0.036003
18136 0.034746
18138 0.033650
18139 0.031003
18140 0.030253
18141 0.029363
18143 0.024013
18144 0.024018
18145 0.022731
18146 0.022330
18147 0.019568
18151 0.016575
18152 0.016423
18213 0.016546
18217 0.017179
18218 0.017774
18221 0.018129
18222 0.018264
18224 0.017141
18226 0.016534
18346 0.016115
18347 0.015835
18348 0.015688
18351 0.018207
18352 0.019372
18355 0.019410
18356 0.019511
18357 0.019642
18359 0.019881
18360 0.020453
18362 0.021045
18363 0.021458
18364 0.021727
18367 0.022644
18368 0.023329
18383 0.024496
18384 0.024296
18385 0.023350
18386 0.022188
18388 0.023207
18389 0.024590
18403 0.025907
18404 0.026354
18405 0.026399
18406 0.027482
18407 0.028739
18408 0.029755
18409 0.030792
18410 0.028934
18411 0.028121
18562 0.028050
18563 0.027679
18565 0.028524
18566 0.029065
18567 0.028980
18568 0.028929
18570 0.028890
18571 0.028654
18572 0.027880
18573 0.027512
18574 0.026599
18575 0.026443
18576 0.026347
18595 0.026972
18596 0.025732
18597 0.024180
18626 0.023911
18627 0.024245
18632 0.025207
18633 0.025213
18634 0.024864
18643 0.024188
18646 0.024144
18651 0.024881
18691 0.026798
18770 0.026856
18834 0.027583
18835 0.027206
18836 0.026843
18839 0.026431
18840 0.025839
18841 0.025523
18842 0.025279
18843 0.025001
18844 0.024518
18846 0.024559
18847 0.024332
18848 0.024141
18850 0.023400
18851 0.022905
18852 0.022845
18853 0.021289
18854 0.019989
18855 0.018190
18858 0.017016
18859 0.016185
18860 0.015733
18861 0.014639
18862 0.012965
18863 0.010335
18864 0.009969
18865 0.009028
18866 0.008158
18867 0.007460
18868 0.006962
18869 0.006748
18932 0.008922
18935 0.008795
18936 0.008641
18937 0.008533
18938 0.008094
18939 0.008215
18940 0.008710
18952 0.010807
18953 0.011949
18954 0.012401
18955 0.012658
18956 0.012721
19094 0.017195
19095 0.020205
20295 0.022323
20615 0.023497
20725 0.027634
20755 0.029175
20766 0.029995
21000 0.031051
21141 0.032560
21519 0.033870
21562 0.035112
21565 0.036216
21615 0.039096
21616 0.039163
21638 0.039792
21703 0.041939
21704 0.044390
21732 0.045856
21733 0.047424
21734 0.049373
21736 0.049737
21737 0.051073
21738 0.052966
21742 0.053131
21743 0.053215
21744 0.048923
21745 0.045996
21746 0.044477
21747 0.044638
21748 0.041577
21749 0.040713
21750 0.042418
21751 0.045296
21752 0.049156
21825 0.048837
21893 0.049833
21894 0.049877
21895 0.047546
21897 0.045550
21898 0.045283
21899 0.043425
21900 0.041309
21901 0.040240
21904 0.039127
21905 0.037071
21906 0.034913
21907 0.032606
21908 0.029956
21909 0.029589
21910 0.029617
21911 0.029449
21912 0.029586
21913 0.029808
21914 0.030013
21916 0.029769
21917 0.030218
21955 0.028677
21957 0.026882
21958 0.023177
21959 0.024317
21987 0.023531
22355 0.024881
22751 0.025017
22753 0.024900
23190 0.025714
23304 0.027078
23432 0.027569
23434 0.028101
23465 0.028384
23534 0.032807
24138 0.037730
24277 0.041540
24280 0.042971
24294 0.047560
24296 0.051157
24322 0.052862
24324 0.054189
24388 0.054364
24410 0.054070
24450 0.055508
