976 0.070980
984 0.075677
985 0.079582
986 0.081645
1005 0.082477
1006 0.082486
1025 0.084283
1028 0.085464
1029 0.083303
1030 0.085964
1032 0.086334
1033 0.085468
1034 0.085216
1040 0.083795
1044 0.083454
1055 0.073545
1318 0.070787
1378 0.065674
2390 0.068651
3617 0.073871
3786 0.074019
4332 0.073320
4333 0.071256
4345 0.074228
4476 0.070813
4562 0.065509
4563 0.061405
4564 0.059516
4565 0.059780
4567 0.060997
4568 0.059577
4569 0.059134
4570 0.058662
4571 0.060341
4572 0.065108
4573 0.064337
4574 0.063863
4595 0.066078
4596 0.066718
4597 0.066694
4598 0.067929
4600 0.068720
4613 0.067993
4614 0.064201
4615 0.053708
4616 0.052521
4617 0.051781
4618 0.050653
4619 0.053020
4620 0.056624
4621 0.059362
4622 0.062247
4685 0.060417
4686 0.058712
4687 0.059545
4689 0.059452
4690 0.058839
4707 0.058110
4754 0.058842
4755 0.051741
4758 0.053556
4763 0.053770
4792 0.051871
4878 0.050326
5236 0.048352
5237 0.048014
5244 0.048600
5246 0.050474
5248 0.051988
5249 0.054864
5250 0.054913
5256 0.052082
5258 0.052113
5259 0.043935
5262 0.039735
5264 0.038215
5265 0.034661
5266 0.034566
5267 0.038404
5269 0.036403
5270 0.036529
5271 0.040803
5289 0.040714
5290 0.039663
5291 0.043823
5292 0.041746
5343 0.041895
5344 0.042765
5345 0.042587
5346 0.045529
5347 0.046667
5351 0.047496
5352 0.045155
5353 0.045845
5360 0.042969
5361 0.043227
5379 0.043051
5380 0.042171
5384 0.042159
5385 0.042354
5386 0.042112
5387 0.042035
5388 0.042437
5389 0.039242
5390 0.039389
5392 0.041266
5393 0.039298
5394 0.040610
5395 0.044433
5396 0.040434
5397 0.041244
5407 0.046776
5409 0.046833
5410 0.046962
5411 0.046437
5412 0.046546
5413 0.045172
5414 0.046066
5415 0.047802
5416 0.048559
5417 0.049192
5418 0.047640
5419 0.048142
5420 0.048407
5421 0.049470
5423 0.051030
5424 0.053448
5425 0.054955
5426 0.054476
5427 0.053175
5429 0.051805
5430 0.049532
5431 0.050062
5432 0.049166
5433 0.047811
5434 0.047531
5442 0.043278
5443 0.042495
5450 0.043790
5451 0.041509
5452 0.041319
5540 0.040735
5704 0.040271
6224 0.036897
6234 0.037564
6263 0.034936
6312 0.034658
6365 0.033519
6449 0.033891
6499 0.033808
6523 0.031945
6685 0.029350
6765 0.029312
6767 0.033345
6770 0.033647
6801 0.032653
6879 0.032794
6881 0.031085
6882 0.027848
6883 0.028355
6901 0.029277
6902 0.029148
6903 0.032615
6905 0.032166
6914 0.032148
6915 0.030009
6917 0.029501
6918 0.029006
6926 0.029240
6927 0.028405
6936 0.028239
6937 0.028705
6938 0.029023
6939 0.028722
6940 0.027859
6941 0.027597
6944 0.027695
6946 0.026878
6947 0.022634
6948 0.021914
6949 0.022110
6954 0.021787
6959 0.021717
6960 0.020884
6963 0.019983
6966 0.018740
6967 0.017708
6968 0.013942
6969 0.012839
6970 0.012514
6971 0.012800
6972 0.013591
6974 0.012949
6975 0.013005
6979 0.012483
6980 0.012262
6981 0.011868
6982 0.011891
6983 0.011469
6984 0.010643
6985 0.010337
6986 0.011399
6987 0.010710
6988 0.010327
6989 0.009840
6990 0.009901
6991 0.011166
6992 0.011090
6998 0.011063
7008 0.011578
7009 0.011015
7011 0.010828
7014 0.010995
7023 0.011674
7024 0.012543
7026 0.012230
7027 0.011692
7028 0.012268
7034 0.011781
7035 0.011855
7036 0.011985
7037 0.012772
7044 0.012710
7045 0.012180
7049 0.013325
7243 0.013607
7244 0.013312
7271 0.013027
7556 0.014227
7893 0.014619
7933 0.014434
7937 0.013305
8013 0.013442
8070 0.013380
8093 0.013901
8262 0.016922
8272 0.021124
8274 0.020989
8319 0.025506
8320 0.025091
8322 0.025646
8334 0.025232
8335 0.027603
8336 0.027053
8350 0.028177
8352 0.030916
8353 0.031746
8354 0.034875
8355 0.034905
8356 0.036569
8358 0.036116
8359 0.035909
8360 0.036548
8361 0.035352
8362 0.035349
8363 0.036080
8365 0.036552
8368 0.038420
8369 0.040417
8374 0.040605
8407 0.038458
8408 0.034793
8411 0.035158
8412 0.030235
8413 0.031513
8418 0.031831
8419 0.032707
8420 0.031050
8422 0.032477
8423 0.031995
8425 0.029183
8427 0.027821
8428 0.024424
8429 0.025135
8430 0.023809
8431 0.024957
8432 0.024676
8433 0.025462
8448 0.025497
8449 0.025763
8450 0.025073
8451 0.023969
8452 0.021866
8453 0.022884
8454 0.021819
8455 0.021331
8456 0.021613
8457 0.022599
8463 0.024241
8464 0.023997
8465 0.027722
8466 0.027457
8467 0.027790
8471 0.027626
8472 0.027831
8473 0.032452
8474 0.032659
8482 0.033408
8483 0.035906
8486 0.034611
8487 0.036065
8489 0.037095
8490 0.037681
8528 0.039133
8530 0.038653
8531 0.040307
8532 0.041144
8533 0.043865
8534 0.042148
8535 0.042406
8547 0.043734
8548 0.044467
8549 0.043138
8552 0.043009
8553 0.041670
8554 0.039234
8555 0.042109
8563 0.041728
8564 0.040500
8565 0.040945
8598 0.036388
8599 0.036930
8600 0.036948
8601 0.033872
8602 0.040694
8707 0.038152
8710 0.037327
8711 0.037461
8712 0.036989
8713 0.043280
8823 0.041560
8824 0.041974
8825 0.040990
8826 0.041229
8862 0.043268
8863 0.042875
8885 0.041165
8886 0.041748
9042 0.040327
9193 0.041042
9196 0.042093
9536 0.039087
9537 0.038536
10095 0.039487
10127 0.040502
10685 0.042296
10738 0.042827
10905 0.042198
10927 0.042618
10938 0.037979
11447 0.038554
11448 0.037967
11620 0.039067
11621 0.038961
11622 0.034975
11623 0.037256
11631 0.038060
11632 0.037938
11633 0.036858
11634 0.034310
11635 0.034124
11636 0.035110
11637 0.034210
11638 0.034825
11639 0.034195
11640 0.032336
11642 0.032744
11643 0.032177
11644 0.033257
11645 0.033353
11647 0.031554
11648 0.029987
11649 0.030699
11651 0.030909
11652 0.029227
11653 0.029692
11655 0.029832
11656 0.027664
11663 0.028673
11664 0.026288
11665 0.025132
11666 0.026054
11667 0.024445
11671 0.024023
11672 0.024879
11676 0.024435
11677 0.025548
11678 0.027060
11679 0.026946
11680 0.027301
11681 0.026034
11682 0.025932
11683 0.026884
11684 0.026395
11685 0.024634
11686 0.025859
11702 0.026112
11703 0.026744
11756 0.026646
11774 0.027104
11860 0.026609
12051 0.027738
12173 0.028175
12257 0.029479
12327 0.029896
12707 0.029172
13051 0.027167
13069 0.027259
13125 0.027888
13240 0.027179
13368 0.026624
13533 0.025037
13536 0.023663
13710 0.023624
14065 0.023106
14370 0.023200
14417 0.023407
14535 0.022861
14547 0.021188
14548 0.022391
14549 0.021544
14561 0.023502
14562 0.022028
14563 0.024133
14564 0.023467
14574 0.023221
14575 0.022103
14601 0.020481
14602 0.018524
14603 0.018863
14604 0.019875
14606 0.019517
14607 0.022668
14608 0.023269
14609 0.024772
14682 0.025125
14726 0.026099
14728 0.027273
14729 0.030548
14730 0.031583
14778 0.032745
14883 0.033906
14931 0.035389
14932 0.035675
14933 0.034371
14934 0.036327
14935 0.036507
14937 0.039198
14938 0.037050
14939 0.036931
14940 0.036722
14942 0.037105
14943 0.037159
14944 0.035764
14947 0.036331
14948 0.034935
14949 0.035468
14950 0.032726
14951 0.031701
14952 0.030191
14953 0.031659
15038 0.030698
15041 0.031903
15043 0.029552
15044 0.028960
15045 0.031585
15053 0.029901
15057 0.028121
15058 0.028615
15059 0.027981
15060 0.029090
15067 0.028983
15068 0.028758
15069 0.028385
15070 0.030770
15071 0.030841
15072 0.031328
15073 0.032105
15074 0.035033
15075 0.036449
15076 0.039090
15077 0.037955
15078 0.038183
15113 0.042400
15125 0.042280
15126 0.047507
15128 0.048466
15129 0.045839
15130 0.045523
15131 0.046675
15141 0.047290
15142 0.047308
15166 0.050181
15194 0.049472
15432 0.051700
15490 0.049824
15513 0.050277
16170 0.049203
16838 0.050679
17263 0.049399
17307 0.049991
17328 0.050981
17522 0.051556
17663 0.051560
17708 0.049359
17749 0.047533
17782 0.048350
17997 0.047687
18037 0.044657
18047 0.046139
18051 0.040212
18094 0.038665
18096 0.039881
18097 0.041537
18099 0.042334
18105 0.040088
18106 0.041410
18107 0.038660
18108 0.040691
18128 0.039438
18129 0.037676
18130 0.035498
18131 0.035779
18132 0.035973
18133 0.034515
18134 0.035538
18135 0.034148
18136 0.033023
18138 0.030016
18139 0.031141
18140 0.032544
18141 0.032726
18143 0.032815
18144 0.032158
18145 0.031818
18146 0.032082
18147 0.034565
18151 0.035257
18152 0.033528
18213 0.032578
18217 0.033998
18218 0.033505
18221 0.033602
18222 0.032431
18224 0.034474
18226 0.040966
18346 0.044156
18347 0.045032
18348 0.045465
18351 0.045439
18352 0.044090
18355 0.044325
18356 0.047288
18357 0.050373
18359 0.049701
18360 0.048282
18362 0.047560
18363 0.047981
18364 0.049070
18367 0.048916
18368 0.051342
18383 0.050098
18384 0.051571
18385 0.050956
18386 0.050096
18388 0.049120
18389 0.048775
18403 0.049537
18404 0.048762
18405 0.051226
18406 0.044826
18407 0.041933
18408 0.040033
18409 0.039279
18410 0.042024
18411 0.041858
18562 0.041282
18563 0.038202
18565 0.037953
18566 0.039231
18567 0.038580
18568 0.040397
18570 0.041744
18571 0.042485
18572 0.043472
18573 0.039930
18574 0.040995
18575 0.043503
18576 0.045562
18595 0.045884
18596 0.043130
18597 0.042274
18626 0.044860
18627 0.050552
18632 0.045268
18633 0.045491
18634 0.046459
18643 0.047048
18646 0.045563
18651 0.043312
18691 0.043072
18770 0.044146
18834 0.044255
18835 0.042428
18836 0.040379
18839 0.041161
18840 0.040133
18841 0.038337
18842 0.036936
18843 0.035267
18844 0.036284
18846 0.034385
18847 0.028607
18848 0.027171
18850 0.027794
18851 0.028771
18852 0.030393
18853 0.028898
18854 0.023093
18855 0.024969
18858 0.024704
18859 0.022892
18860 0.022684
18861 0.023116
18862 0.024085
18863 0.025048
18864 0.024580
18865 0.025757
18866 0.025824
18867 0.025474
18868 0.025792
18869 0.026287
18932 0.027058
18935 0.026429
18936 0.027431
18937 0.026517
18938 0.026713
18939 0.027441
18940 0.026514
18952 0.025051
18953 0.024663
18954 0.025295
18955 0.026260
18956 0.028090
19094 0.026283
19095 0.029933
20295 0.031933
20615 0.031363
20725 0.031764
20755 0.031831
20766 0.032287
21000 0.031805
21141 0.031051
21519 0.031902
21562 0.037681
21565 0.037373
21615 0.036723
21616 0.035990
21638 0.037108
21703 0.037460
21704 0.037914
21732 0.037617
21733 0.037011
21734 0.037083
21736 0.037247
21737 0.037333
21738 0.036610
21742 0.034266
21743 0.034234
21744 0.035542
21745 0.035613
21746 0.034532
21747 0.034072
21748 0.034508
21749 0.036928
21750 0.037754
21751 0.037894
21752 0.039099
21825 0.038481
21893 0.033343
21894 0.033840
21895 0.033314
21897 0.033736
21898 0.034427
21899 0.034402
21900 0.034186
21901 0.036366
21904 0.036155
21905 0.036192
21906 0.035991
21907 0.037288
21908 0.036876
21909 0.036631
21910 0.036095
21911 0.035165
21912 0.031947
21913 0.032396
21914 0.034433
21916 0.033594
21917 0.029874
21955 0.027717
21957 0.028879
21958 0.031183
21959 0.034621
21987 0.034158
22355 0.035308
22751 0.036890
22753 0.037439
23190 0.036327
23304 0.037514
23432 0.037398
23434 0.035804
23465 0.036058
23534 0.035457
24138 0.035782
24277 0.035465
24280 0.034626
24294 0.034913
24296 0.034869
24322 0.034778
24324 0.036517
24388 0.036962
24410 0.038506
24450 0.039994
