111 0.105289
112 0.098228
113 0.092221
114 0.087340
115 0.084452
116 0.084153
117 0.083211
118 0.082430
119 0.087369
120 0.092655
121 0.091339
122 0.089160
123 0.086378
124 0.085313
125 0.084580
126 0.080624
127 0.076810
128 0.072083
129 0.068136
131 0.063397
132 0.060316
133 0.057833
134 0.055863
135 0.054085
136 0.052696
137 0.052672
138 0.053828
139 0.055663
142 0.060838
143 0.061213
144 0.059766
145 0.058401
148 0.058598
388 0.062425
426 0.061824
435 0.063136
448 0.066000
482 0.068709
588 0.070212
808 0.071873
1035 0.071604
1243 0.071368
1774 0.073869
2199 0.074932
2798 0.081496
2799 0.088495
2836 0.090525
2837 0.091288
2838 0.091639
2839 0.093223
2840 0.090526
2842 0.088432
2859 0.087471
2860 0.081899
2861 0.079915
2862 0.078979
2867 0.078744
2868 0.077179
2869 0.068063
2872 0.062317
2885 0.062892
2886 0.060654
2887 0.058783
2888 0.057493
2922 0.055888
2923 0.054760
2924 0.053272
2925 0.050757
2940 0.048786
2941 0.042759
2961 0.038484
2962 0.037077
2963 0.036025
3008 0.035960
3046 0.034433
3047 0.033434
3062 0.033681
3162 0.037311
3243 0.040139
3244 0.042121
3280 0.044790
3281 0.045097
3282 0.045153
3289 0.045919
3299 0.053741
3479 0.054811
3509 0.054285
3513 0.054392
3589 0.057648
3641 0.058432
3658 0.061007
3679 0.062202
3812 0.062902
3906 0.067354
3914 0.069789
3915 0.068865
3916 0.070729
3951 0.071177
3952 0.072602
3992 0.074739
3993 0.075842
3994 0.075808
3997 0.072534
3998 0.071607
3999 0.072921
4000 0.074356
4003 0.077203
4004 0.076738
4005 0.075021
4006 0.067931
4007 0.067149
4009 0.075425
4017 0.076018
4026 0.071957
4027 0.071326
4028 0.071529
4031 0.071437
4032 0.070319
4033 0.067631
4034 0.067433
4037 0.068646
4041 0.065920
4042 0.064733
4043 0.063097
4044 0.061975
4045 0.061721
4047 0.061047
4048 0.060176
4049 0.058943
4143 0.058325
4144 0.054615
4152 0.051795
4188 0.053790
4197 0.054503
4204 0.055008
4206 0.053797
4209 0.047103
4210 0.045818
4212 0.044132
4224 0.044584
4225 0.042317
4229 0.046974
4247 0.049246
4248 0.048712
4250 0.046055
4251 0.043628
4252 0.045270
4260 0.045535
4261 0.045978
4262 0.047668
4263 0.048847
4265 0.052364
4267 0.053358
4270 0.054704
4271 0.052773
4272 0.053115
4273 0.053624
4512 0.052163
4513 0.051760
4514 0.051160
4515 0.053000
4517 0.053326
4518 0.054637
4557 0.063804
4559 0.073215
6019 0.076043
6077 0.076482
6081 0.075269
6160 0.075324
6203 0.079555
6615 0.081538
6673 0.081136
7156 0.084570
7960 0.090038
8140 0.090400
8810 0.091432
9607 0.096693
9724 0.099906
9892 0.101157
9966 0.102218
9969 0.102588
9970 0.102641
9971 0.103089
9972 0.104626
9973 0.107468
9974 0.108846
9975 0.109131
9976 0.109122
9977 0.101923
9978 0.092730
9982 0.089913
9983 0.083934
9984 0.082984
10011 0.087498
10014 0.088248
10016 0.088891
10019 0.093802
10022 0.093179
10023 0.088003
10026 0.091622
10027 0.088197
10028 0.078947
10029 0.074473
10033 0.071260
10036 0.069882
10037 0.068474
10038 0.066871
10041 0.067870
10060 0.071674
10061 0.070896
10062 0.068219
10063 0.067003
10064 0.066710
10075 0.065967
10077 0.063746
10078 0.064293
10081 0.065344
10087 0.067947
10088 0.062707
10089 0.056835
10090 0.053205
10092 0.048369
10096 0.046176
10117 0.045898
10118 0.039330
10119 0.040053
10128 0.041812
10132 0.041439
10133 0.041842
10186 0.042518
10187 0.043221
10190 0.044494
10191 0.042845
10192 0.038703
10193 0.038237
10194 0.041323
10266 0.045000
10267 0.044616
10272 0.047027
10333 0.046701
10334 0.046192
10355 0.045049
10356 0.041921
10357 0.042461
10370 0.043929
10371 0.043900
10373 0.042347
10375 0.041470
10378 0.042207
10379 0.044553
10383 0.046338
10442 0.045700
10443 0.045756
10444 0.045440
10445 0.045311
10459 0.045269
10461 0.043979
10462 0.043553
10496 0.042064
10504 0.046515
10528 0.042640
10529 0.038230
10531 0.037921
10532 0.035651
10533 0.037849
10660 0.037502
10701 0.042055
10716 0.043910
10717 0.044272
10718 0.044549
10719 0.046915
10720 0.050793
10721 0.053495
10800 0.060723
11170 0.065857
11300 0.064939
11825 0.068696
12115 0.068816
12374 0.072551
12581 0.072761
13421 0.074838
13653 0.076529
13740 0.077590
14314 0.080689
14354 0.075426
14355 0.075315
14356 0.074855
14357 0.074220
14358 0.073722
14359 0.072214
14380 0.073474
14381 0.071349
14382 0.073893
14392 0.073687
14393 0.073078
14396 0.070915
14408 0.070524
14409 0.069274
14410 0.061333
14411 0.055524
14415 0.058459
14416 0.055805
14418 0.057927
14428 0.056098
14431 0.056447
14451 0.056895
14503 0.056886
14576 0.057030
14579 0.062351
14713 0.062448
15335 0.064644
15934 0.066224
16117 0.071589
16535 0.074568
16565 0.075060
16612 0.074943
16613 0.073695
16614 0.070738
16629 0.070710
16631 0.070604
16634 0.070188
16635 0.066921
16636 0.065635
16637 0.064619
16639 0.062097
16650 0.059549
16651 0.058645
16652 0.057616
16653 0.057547
16654 0.058894
16655 0.059869
16659 0.059485
16660 0.057661
16661 0.049111
16667 0.048605
16668 0.045871
16669 0.044201
16670 0.038621
16671 0.035623
16696 0.036620
16697 0.036438
16698 0.035880
16699 0.036463
16700 0.038414
16702 0.040955
16703 0.044723
16704 0.047373
16705 0.050774
16774 0.051842
16775 0.052478
16776 0.050718
16778 0.050043
17016 0.051178
17017 0.051092
17048 0.048707
17096 0.045090
17126 0.046744
17232 0.048063
17233 0.048896
17234 0.048550
17269 0.050775
17270 0.050719
17271 0.050656
17274 0.049983
17281 0.052446
17282 0.053690
17283 0.054525
17284 0.053672
17285 0.051902
17287 0.051205
17288 0.050016
17290 0.052279
17292 0.056689
17293 0.063425
17296 0.069427
17864 0.069880
18430 0.072733
18906 0.075017
19201 0.073672
19287 0.073802
19310 0.077707
19446 0.075766
19992 0.081826
20100 0.088083
20299 0.090719
20533 0.091552
20687 0.094789
20888 0.095069
21091 0.100091
21186 0.096608
21187 0.095708
21188 0.095675
21189 0.095960
21190 0.096708
21191 0.096835
21192 0.096663
21193 0.093262
21194 0.086187
21278 0.078257
21279 0.071946
21280 0.070957
21281 0.067702
21282 0.063106
21283 0.062608
21289 0.065992
21290 0.064737
21291 0.065918
21292 0.060528
21293 0.054794
21294 0.052576
21295 0.050236
21296 0.048296
21303 0.049409
21304 0.045431
21305 0.045783
21445 0.046091
21446 0.046375
21470 0.048503
21471 0.049771
21472 0.049810
21705 0.050012
21706 0.050587
21707 0.051957
21708 0.053071
21754 0.053141
21776 0.053663
21784 0.053505
21786 0.053553
21843 0.054710
21844 0.051476
21845 0.048717
21846 0.046843
21847 0.045276
21848 0.044087
21849 0.043116
21850 0.042184
21851 0.040782
21852 0.039442
21853 0.038624
21856 0.037583
21857 0.035845
21858 0.034124
21859 0.030482
21861 0.027784
21862 0.025777
21863 0.024496
21864 0.023164
21874 0.022978
21875 0.023653
21879 0.024425
21880 0.024686
21881 0.025254
21883 0.025402
21942 0.024882
21943 0.024375
21945 0.024797
21946 0.025036
21947 0.025194
21983 0.026624
22006 0.032123
22048 0.033022
22100 0.033752
22105 0.034297
22133 0.034540
22142 0.034483
22143 0.035347
22180 0.037577
22181 0.040715
22333 0.040740
22371 0.041364
22372 0.042322
22373 0.042602
22374 0.043514
22375 0.043614
22572 0.043926
22675 0.046446
22676 0.046841
22691 0.050156
22885 0.050924
22920 0.051288
22997 0.052780
23007 0.052414
23082 0.052985
23083 0.052128
23096 0.046754
23097 0.046540
23098 0.046573
23107 0.046953
23108 0.046822
23109 0.046777
23118 0.046407
23119 0.045082
23120 0.043189
23123 0.043171
23124 0.042833
23125 0.043236
23126 0.044429
23131 0.042697
23132 0.041696
23133 0.041297
23134 0.038538
23143 0.037392
23144 0.033254
23145 0.031435
23146 0.030603
23147 0.028158
23148 0.027954
23149 0.027516
23150 0.027294
23170 0.027555
23171 0.026881
23172 0.026162
23173 0.025024
23174 0.024708
23175 0.024760
23176 0.025835
23177 0.026225
23225 0.030280
23227 0.030774
23229 0.030258
23230 0.028166
23231 0.026227
23234 0.024999
23586 0.025427
23881 0.028825
23979 0.028390
24067 0.029243
24069 0.029763
24091 0.030994
24096 0.035098
24136 0.035985
24194 0.037460
24252 0.041324
24403 0.044365
24477 0.046633
24479 0.048943
24541 0.051129
24668 0.054945
24806 0.057682
24849 0.058542
24898 0.058208
24990 0.057533
