111 0.056078
112 0.056676
113 0.057183
114 0.057140
115 0.055741
116 0.054537
117 0.047595
118 0.051528
119 0.051007
120 0.049193
121 0.042720
122 0.040690
123 0.042903
124 0.042220
125 0.043868
126 0.042720
127 0.041442
128 0.039208
129 0.042403
131 0.041266
132 0.039543
133 0.038717
134 0.037414
135 0.038370
136 0.038659
137 0.041782
138 0.041616
139 0.043504
142 0.043707
143 0.042417
144 0.041992
145 0.043028
148 0.038139
388 0.038813
426 0.037754
435 0.038974
448 0.038081
482 0.035929
588 0.035617
808 0.032762
1035 0.037410
1243 0.039090
1774 0.042296
2199 0.042912
2798 0.043851
2799 0.046078
2836 0.047209
2837 0.046105
2838 0.045475
2839 0.046582
2840 0.042721
2842 0.043552
2859 0.042508
2860 0.048273
2861 0.048804
2862 0.049889
2867 0.049787
2868 0.050073
2869 0.049317
2872 0.048621
2885 0.046915
2886 0.048221
2887 0.052254
2888 0.052222
2922 0.053665
2923 0.049519
2924 0.049026
2925 0.046568
2940 0.044057
2941 0.043304
2961 0.039553
2962 0.039268
2963 0.040447
3008 0.040281
3046 0.040651
3047 0.040768
3062 0.039482
3162 0.037982
3243 0.031034
3244 0.031417
3280 0.030764
3281 0.029793
3282 0.030200
3289 0.029270
3299 0.030337
3479 0.032596
3509 0.031371
3513 0.028551
3589 0.030122
3641 0.028692
3658 0.028974
3679 0.027396
3812 0.026886
3906 0.028614
3914 0.031004
3915 0.034343
3916 0.035446
3951 0.036672
3952 0.037463
3992 0.037059
3993 0.039206
3994 0.041464
3997 0.042418
3998 0.042306
3999 0.041379
4000 0.042035
4003 0.040955
4004 0.039797
4005 0.039603
4006 0.040461
4007 0.038361
4009 0.039902
4017 0.038905
4026 0.038395
4027 0.038930
4028 0.038609
4031 0.037587
4032 0.037462
4033 0.035921
4034 0.032647
4037 0.029847
4041 0.027174
4042 0.024526
4043 0.025025
4044 0.023998
4045 0.022865
4047 0.022883
4048 0.025572
4049 0.025997
4143 0.026900
4144 0.025776
4152 0.026606
4188 0.026543
4197 0.026448
4204 0.024986
4206 0.025139
4209 0.024614
4210 0.026829
4212 0.025745
4224 0.025418
4225 0.024840
4229 0.024996
4247 0.024293
4248 0.022742
4250 0.022653
4251 0.022032
4252 0.022148
4260 0.022658
4261 0.023558
4262 0.023467
4263 0.023007
4265 0.021562
4267 0.019568
4270 0.019068
4271 0.018538
4272 0.018239
4273 0.018367
4512 0.018262
4513 0.018516
4514 0.018385
4515 0.018108
4517 0.018831
4518 0.017550
4557 0.018274
4559 0.022405
6019 0.028438
6077 0.029118
6081 0.032946
6160 0.043072
6203 0.046785
6615 0.047154
6673 0.050879
7156 0.050354
7960 0.055566
8140 0.066866
8810 0.067502
9607 0.066847
9724 0.066727
9892 0.068187
9966 0.070009
9969 0.071515
9970 0.071553
9971 0.071402
9972 0.072535
9973 0.072049
9974 0.072863
9975 0.073160
9976 0.072928
9977 0.073300
9978 0.069628
9982 0.064283
9983 0.063540
9984 0.060546
10011 0.051977
10014 0.048969
10016 0.048514
10019 0.045683
10022 0.046783
10023 0.039994
10026 0.028449
10027 0.027544
10028 0.027834
10029 0.026508
10033 0.027192
10036 0.027221
10037 0.025785
10038 0.027170
10041 0.027578
10060 0.026352
10061 0.028159
10062 0.027685
10063 0.025961
10064 0.026876
10075 0.025703
10077 0.025518
10078 0.025880
10081 0.026700
10087 0.026057
10088 0.024443
10089 0.024802
10090 0.025046
10092 0.025272
10096 0.024085
10117 0.024396
10118 0.024976
10119 0.024619
10128 0.024424
10132 0.026718
10133 0.025392
10186 0.023691
10187 0.025729
10190 0.023593
10191 0.023355
10192 0.023420
10193 0.022796
10194 0.023214
10266 0.023257
10267 0.021270
10272 0.021284
10333 0.021573
10334 0.021111
10355 0.021555
10356 0.022359
10357 0.025103
10370 0.024853
10371 0.025527
10373 0.024311
10375 0.025812
10378 0.026711
10379 0.026925
10383 0.027100
10442 0.026548
10443 0.024433
10444 0.023575
10445 0.024554
10459 0.022825
10461 0.023311
10462 0.023485
10496 0.023399
10504 0.022494
10528 0.023556
10529 0.023004
10531 0.023271
10532 0.024864
10533 0.024494
10660 0.024010
10701 0.022688
10716 0.021431
10717 0.018580
10718 0.018920
10719 0.018059
10720 0.018594
10721 0.018299
10800 0.016379
11170 0.016164
11300 0.016974
11825 0.021949
12115 0.030224
12374 0.035519
12581 0.037058
13421 0.041017
13653 0.042117
13740 0.048118
14314 0.049005
14354 0.050131
14355 0.051246
14356 0.053163
14357 0.056478
14358 0.055294
14359 0.059876
14380 0.061150
14381 0.063398
14382 0.066834
14392 0.066593
14393 0.068075
14396 0.070402
14408 0.074625
14409 0.076285
14410 0.076437
14411 0.076260
14415 0.076045
14416 0.072005
14418 0.064227
14428 0.059882
14431 0.059598
14451 0.055022
14503 0.053216
14576 0.048014
14579 0.048200
14713 0.046756
15335 0.045522
15934 0.047245
16117 0.044244
16535 0.044502
16565 0.039161
16612 0.042030
16613 0.040117
16614 0.037514
16629 0.039120
16631 0.037399
16634 0.034961
16635 0.034071
16636 0.033918
16637 0.034104
16639 0.036022
16650 0.035409
16651 0.035258
16652 0.034961
16653 0.034040
16654 0.032027
16655 0.032118
16659 0.033494
16660 0.033009
16661 0.032086
16667 0.033513
16668 0.032171
16669 0.029554
16670 0.030449
16671 0.032390
16696 0.032660
16697 0.031048
16698 0.035094
16699 0.036268
16700 0.036326
16702 0.036762
16703 0.041463
16704 0.038430
16705 0.038708
16774 0.038544
16775 0.036277
16776 0.035441
16778 0.034785
17016 0.036804
17017 0.039384
17048 0.040893
17096 0.040984
17126 0.042071
17232 0.045912
17233 0.048805
17234 0.050337
17269 0.051850
17270 0.051714
17271 0.050660
17274 0.049759
17281 0.049630
17282 0.048867
17283 0.045043
17284 0.044134
17285 0.042997
17287 0.045560
17288 0.043289
17290 0.043019
17292 0.041859
17293 0.045626
17296 0.047725
17864 0.048012
18430 0.048302
18906 0.045925
19201 0.043758
19287 0.042859
19310 0.045629
19446 0.046102
19992 0.043512
20100 0.041976
20299 0.040639
20533 0.038986
20687 0.039771
20888 0.039345
21091 0.037708
21186 0.037967
21187 0.039027
21188 0.039383
21189 0.038515
21190 0.038931
21191 0.039363
21192 0.039298
21193 0.044624
21194 0.045740
21278 0.042490
21279 0.043061
21280 0.046415
21281 0.048170
21282 0.049958
21283 0.053393
21289 0.052126
21290 0.051799
21291 0.053294
21292 0.055859
21293 0.054927
21294 0.055852
21295 0.069096
21296 0.071515
21303 0.072768
21304 0.077150
21305 0.076901
21445 0.074284
21446 0.074551
21470 0.075859
21471 0.075125
21472 0.071146
21705 0.069670
21706 0.063850
21707 0.064211
21708 0.067532
21754 0.068326
21776 0.065636
21784 0.066096
21786 0.066251
21843 0.062675
21844 0.064043
21845 0.061734
21846 0.057595
21847 0.053474
21848 0.054150
21849 0.052250
21850 0.039238
21851 0.035491
21852 0.034791
21853 0.033589
21856 0.035912
21857 0.036423
21858 0.035756
21859 0.034359
21861 0.034505
21862 0.034851
21863 0.034458
21864 0.038900
21874 0.036005
21875 0.036586
21879 0.034706
21880 0.034698
21881 0.034901
21883 0.034491
21942 0.033925
21943 0.032737
21945 0.033237
21946 0.034090
21947 0.034391
21983 0.033273
22006 0.036803
22048 0.037729
22100 0.039569
22105 0.040613
22133 0.038025
22142 0.035595
22143 0.034924
22180 0.036542
22181 0.037233
22333 0.037494
22371 0.037009
22372 0.037809
22373 0.034505
22374 0.034699
22375 0.030047
22572 0.030200
22675 0.029850
22676 0.027741
22691 0.028405
22885 0.028390
22920 0.029788
22997 0.031230
23007 0.032939
23082 0.033314
23083 0.035821
23096 0.031966
23097 0.030848
23098 0.030792
23107 0.030529
23108 0.032460
23109 0.032927
23118 0.033553
23119 0.033513
23120 0.034717
23123 0.036517
23124 0.037401
23125 0.036943
23126 0.035715
23131 0.035429
23132 0.036437
23133 0.035568
23134 0.035514
23143 0.035722
23144 0.033986
23145 0.034310
23146 0.032660
23147 0.030349
23148 0.027559
23149 0.028847
23150 0.027466
23170 0.027623
23171 0.029193
23172 0.027951
23173 0.029270
23174 0.027897
23175 0.027840
23176 0.029163
23177 0.028766
23225 0.029654
23227 0.028955
23229 0.029110
23230 0.029827
23231 0.029977
23234 0.030167
23586 0.029675
23881 0.028700
23979 0.029533
24067 0.029792
24069 0.030601
24091 0.031251
24096 0.033894
24136 0.034461
24194 0.035194
24252 0.033999
24403 0.033469
24477 0.033972
24479 0.033067
24541 0.032720
24668 0.031102
24806 0.031561
24849 0.033430
24898 0.031413
24990 0.030364
